----------------------------------------------------------------------
--------------N.I.N.A. - Nighttime Imaging 'N' Astronomy--------------
--------------------------Version 3.1.2.9001--------------------------
-------------------------2025-08-14T01:39:13--------------------------
----------------------------------------------------------------------
---------------------Microsoft Windows 10.0.19045---------------------
-------------------------OS Architecture X64--------------------------
-----------------------Process Architecture X64-----------------------
------------------------------.NET 8.0.8------------------------------
----------------------------------------------------------------------
--------------------------Processor Count 4---------------------------
--------------------Total Physical Memory 7.84 GB---------------------
----------------------------------------------------------------------
DATE|LEVEL|SOURCE|MEMBER|LINE|MESSAGE
2025-08-14T01:39:12.9926|INFO|CameraChooserVM.cs|GetEquipment|69|Found 2 ASI Cameras
2025-08-14T01:39:13.2915|INFO|CameraChooserVM.cs|GetEquipment|84|Found 0 Altair Cameras
2025-08-14T01:39:13.6922|INFO|CameraChooserVM.cs|GetEquipment|96|Found 0 Atik Cameras
2025-08-14T01:39:13.6998|INFO|CameraChooserVM.cs|GetEquipment|110|Found 0 FLI Cameras
2025-08-14T01:39:14.7270|INFO|CameraChooserVM.cs|GetEquipment|130|Found 0 QHYCCD Cameras
2025-08-14T01:39:14.9139|INFO|CameraChooserVM.cs|GetEquipment|158|Found 0 ToupTek Cameras
2025-08-14T01:39:14.9256|INFO|CameraChooserVM.cs|GetEquipment|173|Found 0 Ogma Cameras
2025-08-14T01:39:14.9465|INFO|CameraChooserVM.cs|GetEquipment|188|Found 0 Omegon Cameras
2025-08-14T01:39:15.1409|INFO|CameraChooserVM.cs|GetEquipment|203|Found 0 RisingCam Cameras
2025-08-14T01:39:15.1596|INFO|CameraChooserVM.cs|GetEquipment|218|Found 0 MallinCam Cameras
2025-08-14T01:39:15.1778|INFO|CameraChooserVM.cs|GetEquipment|244|Found 0 SBIG Cameras
2025-08-14T01:39:17.5884|INFO|ApplicationVM.cs|CheckASCOMPlatformVersion|81|ASCOM Platform 6.6.2.4195 installed
2025-08-14T01:39:18.9531|INFO|ApplicationVM.cs|CheckDiskInfo|100|Available Space on Drive C:\: 120.01 GB
2025-08-14T01:39:18.9597|INFO|ApplicationVM.cs|CheckDiskInfo|102|Drive E:\ is not ready
2025-08-14T01:39:18.9625|INFO|ApplicationVM.cs|CheckDiskInfo|100|Available Space on Drive G:\: 60.9 GB
2025-08-14T01:39:18.9683|INFO|ApplicationVM.cs|CheckDiskInfo|100|Available Space on Drive Z:\: 35.93 GB
2025-08-14T01:39:20.8301|INFO|PluginLoader.cs|LoadPlugin|416|Successfully loaded plugin Autofocus Report Analysis version 2.0.0.9 by Stefan Berg @isbeorn
2025-08-14T01:39:20.9149|INFO|PluginLoader.cs|LoadPlugin|416|Successfully loaded plugin Connector version 2.0.3.0 by Stefan Berg
2025-08-14T01:39:20.9498|INFO|PluginLoader.cs|LoadPlugin|416|Successfully loaded plugin Device Actions and Commands version 2.0.0.0 by Dale Ghent
2025-08-14T01:39:20.9822|INFO|PluginLoader.cs|LoadPlugin|416|Successfully loaded plugin Discord Alert version 2.2.0.0 by Drew McDermott
2025-08-14T01:39:21.0377|INFO|PluginLoader.cs|LoadPlugin|416|Successfully loaded plugin Discord Notification version 1.0.0.1 by Daniel Ludwig
2025-08-14T01:39:21.0719|INFO|PluginLoader.cs|LoadPlugin|416|Successfully loaded plugin Filter Offset Calculator version 2.0.0.0 by S. Dimant & Stefan Berg
2025-08-14T01:39:21.0993|INFO|PluginLoader.cs|LoadPlugin|416|Successfully loaded plugin Flexure Correction version 0.8.0.0 by Francesco Meschia
2025-08-14T01:39:21.2944|INFO|PluginLoader.cs|LoadPlugin|416|Successfully loaded plugin Ground Station version 2.4.1.0 by Dale Ghent
2025-08-14T01:39:21.7277|INFO|PluginLoader.cs|LoadPlugin|416|Successfully loaded plugin Hocus Focus version 3.0.0.21 by George Hilios (jokogeo)
2025-08-14T01:39:21.7760|INFO|PluginLoader.cs|LoadPlugin|416|Successfully loaded plugin Horizon Creator version 1.1.2.0 by Christian Palm
2025-08-14T01:39:21.8113|INFO|PluginLoader.cs|LoadPlugin|416|Successfully loaded plugin Moon Angle version 2.2.0.0 by Dale Ghent
2025-08-14T01:39:21.9127|INFO|PluginLoader.cs|LoadPlugin|416|Successfully loaded plugin PixInsight Tools version 1.0.0.3 by Stefan Berg
2025-08-14T01:39:22.1138|WARNING|When.cs|GetRunningItem|143|Can't get running items: SequencerNavigation not initialized yet!
2025-08-14T01:39:22.4276|INFO|PluginLoader.cs|LoadPlugin|416|Successfully loaded plugin Sequencer Powerups version 3.28.3.4 by Marc Blank
2025-08-14T01:39:22.4675|INFO|PluginLoader.cs|LoadPlugin|416|Successfully loaded plugin Shutdown PC version 2.2.0.0 by Dale Ghent
2025-08-14T01:39:22.5143|INFO|PluginLoader.cs|LoadPlugin|416|Successfully loaded plugin Smart Filters version 1.0.0.3 by Benoit SAINTOT
2025-08-14T01:39:22.5763|INFO|PluginLoader.cs|LoadPlugin|416|Successfully loaded plugin Target Planning version 3.2.1.0 by Tom Palmer @tcpalmer
2025-08-14T01:39:22.9487|ERROR|DllLoader.cs|LoadDllFromAbsolutePath|53|DllLoader failed to load library C:\Program Files\N.I.N.A. - Nighttime Imaging 'N' Astronomy\External\x64\SQLite\SQLite.Interop.dll due to error code 126
2025-08-14T01:39:23.8440|INFO|PluginLoader.cs|LoadPlugin|416|Successfully loaded plugin Target Scheduler version 5.7.3.0 by Tom Palmer @tcpalmer
2025-08-14T01:39:23.9291|INFO|PluginLoader.cs|LoadPlugin|416|Successfully loaded plugin Three Point Polar Alignment version 2.2.4.0 by Stefan Berg @isbeorn
2025-08-14T01:39:23.9406|INFO|PluginFetcher.cs|RequestAll|43|Fetching plugin manifests from https://nighttime-imaging.eu/wp-json/nina/v1/plugins/manifests
2025-08-14T01:39:24.0292|INFO|CameraChooserVM.cs|GetEquipment|264|Found 0 SVBony Cameras
2025-08-14T01:39:24.0335|INFO|CameraChooserVM.cs|GetEquipment|264|Found 0 PlayerOne Cameras
2025-08-14T01:39:24.0479|INFO|CameraChooserVM.cs|GetEquipment|264|Found 0 ASTPAN Cameras
2025-08-14T01:39:24.0501|INFO|CameraChooserVM.cs|GetEquipment|278|Found 4 ASCOM Cameras
2025-08-14T01:39:25.4098|INFO|PluginFetcher.cs|RequestAll|57|Found 56 valid plugins at https://nighttime-imaging.eu/wp-json/nina/v1/plugins/manifests
2025-08-14T01:39:26.0212|INFO|SwitchChooserVM.cs|GetEquipment|71|Found 0 Alpaca Switch Hubs
2025-08-14T01:39:26.0212|INFO|FlatDeviceChooserVM.cs|GetEquipment|67|Found 0 Alpaca Cover Calibrators
2025-08-14T01:39:26.0300|INFO|WeatherDataChooserVM.cs|GetEquipment|69|Found 0 Alpaca Observing Conditions
2025-08-14T01:39:26.0380|INFO|FilterWheelChooserVM.cs|GetEquipment|193|Found 0 Alpaca Filter Wheels
2025-08-14T01:39:26.0487|INFO|FocuserChooserVM.cs|GetEquipment|67|Found 0 Alpaca Focusers
2025-08-14T01:39:26.0507|INFO|DomeChooserVM.cs|GetEquipment|67|Found 0 Alpaca Domes
2025-08-14T01:39:26.0576|INFO|CameraChooserVM.cs|GetEquipment|290|Found 0 Alpaca Cameras
2025-08-14T01:39:26.0602|INFO|SafetyMonitorChooserVM.cs|GetEquipment|71|Found 0 Alpaca Safety Monitors
2025-08-14T01:39:26.0666|INFO|CameraChooserVM.cs|GetEquipment|303|Found 0 Canon Cameras
2025-08-14T01:39:26.0721|INFO|TelescopeChooserVM.cs|GetEquipment|69|Found 0 Alpaca Telescopes
2025-08-14T01:39:26.0811|INFO|RotatorChooserVM.cs|GetEquipment|68|Found 0 Alpaca Rotators
2025-08-14T01:39:27.5338|INFO|CameraVM.cs|Disconnect|645|Disconnected Camera
2025-08-14T01:39:28.0641|WARNING|ASICamera.cs|SetControlValue|583|Failed to set ASI Control Value ASI_WB_B with value 50
2025-08-14T01:39:28.0644|WARNING|ASICamera.cs|SetControlValue|583|Failed to set ASI Control Value ASI_WB_R with value 50
2025-08-14T01:39:28.0644|WARNING|ASICamera.cs|SetControlValue|583|Failed to set ASI Control Value ASI_GAMMA with value 50
2025-08-14T01:39:28.0645|WARNING|ASICamera.cs|SetControlValue|583|Failed to set ASI Control Value ASI_HIGH_SPEED_MODE with value 0
2025-08-14T01:39:28.0646|WARNING|ASICamera.cs|SetControlValue|583|Failed to set ASI Control Value ASI_OVERCLOCK with value 0
2025-08-14T01:39:28.0646|WARNING|ASICamera.cs|SetControlValue|583|Failed to set ASI Control Value ASI_PATTERN_ADJUST with value 0
2025-08-14T01:39:28.0652|WARNING|ASICamera.cs|SetControlValue|583|Failed to set ASI Control Value ASI_MONO_BIN with value 0
2025-08-14T01:39:28.0663|INFO|ASICamera.cs|Initialize|677|Camera ID: ASI533MM
2025-08-14T01:39:28.0754|WARNING|ASICamera.cs|SetControlValue|583|Failed to set ASI Control Value ASI_ANTI_DEW_HEATER with value 0
2025-08-14T01:39:28.1822|INFO|CameraVM.cs|ChooseCamera|448|Successfully connected Camera. Id: ZWO ASI533MM Pro #0 Name: ZWO ASI533MM Pro DisplayName: ZWO ASI533MM Pro (ASI533MM)Driver Version: 1, 36, 0, 0
2025-08-14T01:39:28.1890|INFO|FilterWheelVM.cs|Disconnect|324|Disconnected Filter Wheel
2025-08-14T01:39:29.8518|INFO|FilterWheelVM.cs|ChooseFW|272|Successfully connected Filter Wheel. Id: ASCOM.EFW2.FilterWheel Name: ZWO FilterWheel (1) DisplayName: ZWO FilterWheel (1) Driver Version: 6.0
2025-08-14T01:39:29.8879|INFO|TelescopeVM.cs|Disconnect|763|Disconnected mount
2025-08-14T01:39:30.2384|INFO|AscomTelescope.cs|CheckMountTime|817|Mount UTC Time: 2025-08-14 06:39:31Z / System UTC Time: 2025-08-14 06:39:30Z; Difference: 0.855 seconds
2025-08-14T01:39:30.3655|INFO|AscomTelescope.cs|CheckMountTime|824|System time has been synced to the mount
2025-08-14T01:39:30.6281|INFO|TelescopeVM.cs|ChooseTelescope|518|Successfully connected mount. Id: ASCOM.iOptron2017.Telescope Name: iOptron CEM120,70,40,26, GEM, HEM, HAE, HAZ series and SkyHunter Mount DisplayName: iOptron CEM120,70,40,26, GEM, HEM, HAE, HAZ series and SkyHunter Mount Driver Version: 9.15
2025-08-14T01:39:30.6329|INFO|FocuserVM.cs|Disconnect|426|Disconnected Focuser
2025-08-14T01:39:31.7398|ERROR|AscomDevice.cs|GetProperty|398|An unexpected exception occurred during GET of Focuser.StepSize: 
ASCOM.DriverException: The method or operation is not implemented.
 ---> System.NotImplementedException: The method or operation is not implemented.
   --- End of inner exception stack trace ---
   at ASCOM.Com.DriverAccess.DynamicAccess.CheckDotNetExceptions(String memberName, Exception e)
   at ASCOM.Com.DriverAccess.DynamicAccess.TryGetMember(GetMemberBinder binder, Object& result)
   at CallSite.Target(Closure, CallSite, Object)
   at System.Dynamic.UpdateDelegates.UpdateAndExecute1[T0,TRet](CallSite site, T0 arg0)
   at ASCOM.Com.DriverAccess.Focuser.get_StepSize()
   at System.RuntimeMethodHandle.InvokeMethod(Object target, Void** arguments, Signature sig, Boolean isConstructor)
   at System.Reflection.MethodBaseInvoker.InvokeWithNoArgs(Object obj, BindingFlags invokeAttr)
2025-08-14T01:39:31.9435|INFO|AscomDevice.cs|GetProperty|356|Retrying to GET Focuser.StepSize - Attempt 2 / 3
2025-08-14T01:39:31.9453|ERROR|AscomDevice.cs|GetProperty|398|An unexpected exception occurred during GET of Focuser.StepSize: 
ASCOM.DriverException: The method or operation is not implemented.
 ---> System.NotImplementedException: The method or operation is not implemented.
   --- End of inner exception stack trace ---
   at ASCOM.Com.DriverAccess.DynamicAccess.CheckDotNetExceptions(String memberName, Exception e)
   at ASCOM.Com.DriverAccess.DynamicAccess.TryGetMember(GetMemberBinder binder, Object& result)
   at CallSite.Target(Closure, CallSite, Object)
   at ASCOM.Com.DriverAccess.Focuser.get_StepSize()
   at InvokeStub_Focuser.get_StepSize(Object, Object, IntPtr*)
   at System.Reflection.MethodBaseInvoker.InvokeWithNoArgs(Object obj, BindingFlags invokeAttr)
2025-08-14T01:39:32.1463|INFO|AscomDevice.cs|GetProperty|356|Retrying to GET Focuser.StepSize - Attempt 3 / 3
2025-08-14T01:39:32.1475|ERROR|AscomDevice.cs|GetProperty|398|An unexpected exception occurred during GET of Focuser.StepSize: 
ASCOM.DriverException: The method or operation is not implemented.
 ---> System.NotImplementedException: The method or operation is not implemented.
   --- End of inner exception stack trace ---
   at ASCOM.Com.DriverAccess.DynamicAccess.CheckDotNetExceptions(String memberName, Exception e)
   at ASCOM.Com.DriverAccess.DynamicAccess.TryGetMember(GetMemberBinder binder, Object& result)
   at CallSite.Target(Closure, CallSite, Object)
   at ASCOM.Com.DriverAccess.Focuser.get_StepSize()
   at InvokeStub_Focuser.get_StepSize(Object, Object, IntPtr*)
   at System.Reflection.MethodBaseInvoker.InvokeWithNoArgs(Object obj, BindingFlags invokeAttr)
2025-08-14T01:39:32.1479|INFO|AscomDevice.cs|GetProperty|408|GET Focuser.StepSize failed - Returning last known value 0
2025-08-14T01:39:32.3604|INFO|FocuserVM.cs|ChooseFocuser|324|Successfully connected Focuser. Id: ASCOM.EAF.Focuser Name: ZWO Focuser (1) DisplayName: ZWO Focuser (1) Driver Version: 6.0
2025-08-14T01:39:32.3675|INFO|RotatorVM.cs|Disconnect|438|Disconnected Rotator
2025-08-14T01:39:32.3788|INFO|PHD2Guider.cs|Connect|202|Connecting to PHD2 server at 127.0.0.1:4400
2025-08-14T01:39:39.0022|INFO|FlatDeviceVM.cs|Disconnect|279|Disconnected Flat Device
2025-08-14T01:39:39.0099|INFO|WeatherDataVM.cs|Disconnect|292|Disconnected Weather Device
2025-08-14T01:39:39.4312|INFO|AscomDevice.cs|GetProperty|379|Property ObservingConditions.SkyQuality GET is not implemented in this driver (SkyAlert Observing Conditions)
2025-08-14T01:39:39.4389|INFO|AscomDevice.cs|GetProperty|379|Property ObservingConditions.StarFWHM GET is not implemented in this driver (SkyAlert Observing Conditions)
2025-08-14T01:39:39.4545|INFO|WeatherDataVM.cs|ChooseWeatherData|143|Successfully connected Weather Device. Id: ASCOM.SkyAlert.ObservingConditions Name: SkyAlert Observing Conditions DisplayName: SkyAlert Observing Conditions Driver Version: 1.7
2025-08-14T01:39:39.4616|INFO|SwitchVM.cs|Disconnect|298|Disconnected Switch
2025-08-14T01:39:39.4696|INFO|DomeVM.cs|Disconnect|336|Disconnected Dome Device
2025-08-14T01:39:39.4756|INFO|SafetyMonitorVM.cs|Disconnect|208|Disconnected Safety Monitor
2025-08-14T01:39:39.6835|INFO|SafetyMonitorVM.cs|Connect|168|Successfully connected Safety Monitor. Id: ASCOM.Hub.SafetyMonitor Name: SafetyMonitor Hub DisplayName: SafetyMonitor Hub Driver Version: 6.4
2025-08-14T01:39:43.9855|INFO|FramingAssistantVM.cs|LoadImage|1072|Loading image from source FILE with field of view 15° for coordinates RA: 00:00:00; Dec: 00° 00' 00"; Epoch: J2000
2025-08-14T01:40:10.9335|INFO|ImageSolver.cs|Solve|41|Platesolving with parameters: FocalLength: 360 PixelSize: 3.76 SearchRadius: 30 BlindFailoverEnabled: False Regions: 5000 DownSampleFactor: 0 MaxObjects: 500 
2025-08-14T01:40:11.1338|INFO|BaseImageData.cs|SaveToDisk|344|Saved image to C:\Users\nicka\AppData\Local\NINA\PlateSolver\5btlmb2m.xj4.fits
2025-08-14T01:40:13.0771|INFO|ImageSolver.cs|Solve|54|Platesolve successful: Coordinates: RA: 21:21:36; Dec: 38° 28' 07"; Epoch: J2000
2025-08-14T01:41:00.1583|INFO|Sequence2VM.cs|StartSequence|485|Advanced Sequence starting
2025-08-14T01:41:00.1880|INFO|SequenceItem.cs|Run|208|Starting Category: * Instruction Set *, Container: NINA.Sequencer.Container.SequenceRootContainer, Strategy: SequentialStrategy, Items[CREATED]: 3
2025-08-14T01:41:00.1969|INFO|SequenceItem.cs|Run|208|Starting Category: * Instruction Set *, Container: NINA.Sequencer.Container.StartAreaContainer, Strategy: SequentialStrategy, Items[CREATED]: 1
2025-08-14T01:41:00.1975|INFO|SequenceItem.cs|Run|208|Starting Category: Powerups (Misc), Item: TemplateByReference, TemplateName: Startup
2025-08-14T01:41:00.1996|INFO|SequenceItem.cs|Run|208|Starting Template Container Category: Powerups (Misc), Item: TemplateByReference, TemplateName: Startup
2025-08-14T01:41:00.2009|INFO|SequenceItem.cs|Run|208|Starting Category: * Instruction Set *, Container: NINA.Sequencer.Container.SequentialContainer, Strategy: SequentialStrategy, Items[CREATED]: 2, Triggers: Category: Ground Station, Item: Failures to Telegram
2025-08-14T01:41:00.2020|INFO|SequenceItem.cs|Run|208|Starting Category: * Instruction Set *, Container: NINA.Sequencer.Container.SequentialContainer, Strategy: SequentialStrategy, Items[CREATED]: 4
2025-08-14T01:41:00.2027|INFO|SequenceItem.cs|Run|208|Starting Category: Ground Station, Item: Send to Telegram
2025-08-14T01:41:01.0355|INFO|SequenceItem.cs|Run|254|Finishing Category: Ground Station, Item: Send to Telegram
2025-08-14T01:41:01.0401|INFO|SequenceItem.cs|Run|208|Starting Category: Utility, Item: WaitForTime, Time: 20:20:7h, Offset: -60
2025-08-14T01:41:01.0444|INFO|SequenceItem.cs|Run|254|Finishing Category: Utility, Item: WaitForTime, Time: 20:20:7h, Offset: -60
2025-08-14T01:41:01.0450|INFO|SequenceItem.cs|Run|208|Starting Category: Ground Station, Item: Send to Telegram
2025-08-14T01:41:01.6938|INFO|SequenceItem.cs|Run|254|Finishing Category: Ground Station, Item: Send to Telegram
2025-08-14T01:41:01.6951|INFO|SequenceItem.cs|Run|208|Starting Category: Connector, Item: ConnectAllEquipment
2025-08-14T01:41:01.7029|INFO|ConnectAllEquipment.cs|Execute|167|Camera is already connected
2025-08-14T01:41:01.7032|INFO|ConnectAllEquipment.cs|Execute|167|Filter Wheel is already connected
2025-08-14T01:41:01.7034|INFO|ConnectAllEquipment.cs|Execute|167|Focuser is already connected
2025-08-14T01:41:01.7064|INFO|ConnectAllEquipment.cs|Execute|167|Telescope is already connected
2025-08-14T01:41:01.7066|INFO|ConnectAllEquipment.cs|Execute|167|Guider is already connected
2025-08-14T01:41:01.7073|INFO|ConnectAllEquipment.cs|Execute|167|Weather is already connected
2025-08-14T01:41:01.7077|INFO|ConnectAllEquipment.cs|Execute|167|Safety Monitor is already connected
2025-08-14T01:41:01.7079|INFO|SequenceItem.cs|Run|254|Finishing Category: Connector, Item: ConnectAllEquipment
2025-08-14T01:41:01.7167|INFO|SequenceItem.cs|Run|254|Finishing Category: * Instruction Set *, Container: NINA.Sequencer.Container.SequentialContainer, Strategy: SequentialStrategy, Items[FINISHED]: 4
2025-08-14T01:41:01.7175|INFO|SequenceItem.cs|Run|208|Starting Category: * Instruction Set *, Container: NINA.Sequencer.Container.ParallelContainer, Strategy: ParallelStrategy, Items[CREATED]: 4
2025-08-14T01:41:01.7213|INFO|SequenceItem.cs|Run|208|Starting Category: Telescope, Item: FindHome
2025-08-14T01:41:01.7368|INFO|SequenceItem.cs|Run|208|Starting Category: Camera, Item: CoolCamera, Temperature: 0, Duration: 0
2025-08-14T01:41:01.7372|INFO|PHD2Guider.cs|StopGuiding|700|Phd2 - Stop Guiding skipped, as the app is already in state Looping
2025-08-14T01:41:01.7409|INFO|TelescopeVM.cs|FindHome|281|Mount ordered to locate home position
2025-08-14T01:41:01.7414|INFO|CameraVM.cs|CoolCamera|139|Cooling Camera. Target: 0 Duration: 00:00:00
2025-08-14T01:41:01.7704|INFO|SequenceItem.cs|Run|208|Starting Category: Ground Station, Item: Send to Telegram
2025-08-14T01:41:01.7723|INFO|SequenceItem.cs|Run|208|Starting Category: Utility, Item: WaitForTime, Time: 21:20:7h, Offset: 0
2025-08-14T01:41:01.7726|INFO|SequenceItem.cs|Run|254|Finishing Category: Utility, Item: WaitForTime, Time: 21:20:7h, Offset: 0
2025-08-14T01:41:02.4215|INFO|SequenceItem.cs|Run|254|Finishing Category: Ground Station, Item: Send to Telegram
2025-08-14T01:41:32.7504|INFO|TelescopeVM.cs|FindHome|338|Mount has located its home position
2025-08-14T01:41:32.7507|INFO|SequenceItem.cs|Run|254|Finishing Category: Telescope, Item: FindHome
2025-08-14T01:41:40.9572|INFO|DockManagerVM.cs|InitializeAvalonDockLayout|356|Initializing imaging tab layout from C:\Users\nicka\AppData\Local\NINA\Profiles\0173997c-4bfa-48fd-9337-a48b6df99c38.dock.config
2025-08-14T01:44:44.4338|INFO|SequenceItem.cs|Run|254|Finishing Category: Camera, Item: CoolCamera, Temperature: 0, Duration: 0
2025-08-14T01:44:44.4346|INFO|SequenceItem.cs|Run|254|Finishing Category: * Instruction Set *, Container: NINA.Sequencer.Container.ParallelContainer, Strategy: ParallelStrategy, Items[FINISHED]: 4
2025-08-14T01:44:44.4376|INFO|SequenceItem.cs|Run|254|Finishing Category: * Instruction Set *, Container: NINA.Sequencer.Container.SequentialContainer, Strategy: SequentialStrategy, Items[FINISHED]: 2, Triggers: Category: Ground Station, Item: Failures to Telegram
2025-08-14T01:44:44.4381|INFO|SequenceItem.cs|Run|254|Finishing Template Container Category: Powerups (Misc), Item: TemplateByReference, TemplateName: Startup
2025-08-14T01:44:44.4391|INFO|SequenceItem.cs|Run|254|Finishing Category: Powerups (Misc), Item: TemplateByReference, TemplateName: Startup
2025-08-14T01:44:44.4395|INFO|SequenceItem.cs|Run|254|Finishing Category: * Instruction Set *, Container: NINA.Sequencer.Container.StartAreaContainer, Strategy: SequentialStrategy, Items[FINISHED]: 1
2025-08-14T01:44:44.4401|INFO|SequenceItem.cs|Run|208|Starting Category: * Instruction Set *, Container: NINA.Sequencer.Container.TargetAreaContainer, Strategy: SequentialStrategy, Items[CREATED]: 1
2025-08-14T01:44:44.4486|INFO|SequenceItem.cs|Run|208|Starting Category: * Instruction Set *, Container: NINA.Sequencer.Container.SequentialContainer, Strategy: SequentialStrategy, Items[CREATED]: 1, Conditions: Condition: TimeCondition, Time: 6:4:43h, 
2025-08-14T01:44:44.4712|INFO|SequenceItem.cs|Run|208|Starting Category: * Instruction Set *, Container: NINA.Sequencer.Container.DeepSkyObjectContainer, Strategy: SequentialStrategy, Items[CREATED]: 7, Triggers: Trigger: MeridianFlipTriggerTrigger: RestoreGuidingTrigger: CenterAfterDriftTrigger, DistanceArcMinutes: 1Trigger: WhenUnsafeCategory: Ground Station, Item: Failures to Telegram, Target:  RA: 21:21:36; Dec: 38° 28' 07"; Epoch: J2000 90.49811904336275
2025-08-14T01:44:44.5468|INFO|MeridianFlipTrigger.cs|ShouldTrigger|197|Meridian Flip - Telescope is at home position. Skip flip evaluation
2025-08-14T01:44:44.5493|INFO|SequenceItem.cs|Run|208|Starting Category: Ground Station, Item: Send to Telegram
2025-08-14T01:44:45.2655|INFO|SequenceItem.cs|Run|254|Finishing Category: Ground Station, Item: Send to Telegram
2025-08-14T01:44:45.2666|INFO|MeridianFlipTrigger.cs|ShouldTrigger|197|Meridian Flip - Telescope is at home position. Skip flip evaluation
2025-08-14T01:44:45.2878|INFO|SequenceItem.cs|Run|208|Starting Category: Telescope, Item: Center, Coordinates RA: 21:21:36; Dec: 38° 28' 07"; Epoch: J2000
2025-08-14T01:44:45.4852|INFO|PHD2Guider.cs|StopGuiding|700|Phd2 - Stop Guiding skipped, as the app is already in state Looping
2025-08-14T01:44:45.5200|INFO|TelescopeVM.cs|SlewToCoordinatesAsync|926|Slewing from RA: 03:39:00; Dec: 90° 00' 00"; Epoch: JNOW to RA: 21:22:39; Dec: 38° 34' 44"; Epoch: JNOW - Alt: 82° 12' 46"; Az: 335° 40' 32"
2025-08-14T01:45:16.4326|INFO|FilterWheelVM.cs|ChangeFilter|112|Moving to Filter L at Position 0
2025-08-14T01:45:16.4698|INFO|FocuserVM.cs|MoveFocuserInternal|213|Moving Focuser to position 388869
2025-08-14T01:45:24.4387|INFO|CameraVM.cs|Capture|737|Starting Exposure - Exposure Time: 4s; Filter: L; Gain: 500; Offset 40; Binning: 1x1;
2025-08-14T01:45:31.0552|INFO|ImageSolver.cs|Solve|41|Platesolving with parameters: FocalLength: 360 PixelSize: 3.76 SearchRadius: 30 BlindFailoverEnabled: True Regions: 5000 DownSampleFactor: 0 MaxObjects: 500 Reference Coordinates RA: 21:21:36 Dec: 38° 28' 07" Epoch: J2000
2025-08-14T01:45:31.2597|INFO|BaseImageData.cs|SaveToDisk|344|Saved image to C:\Users\nicka\AppData\Local\NINA\PlateSolver\o32qvan1.1de.fits
2025-08-14T01:45:32.5999|INFO|ImageSolver.cs|Solve|54|Platesolve successful: Coordinates: RA: 21:24:57; Dec: 43° 07' 56"; Epoch: J2000
2025-08-14T01:45:32.6032|INFO|CenteringSolver.cs|Center|99|Centering Solver - Scope Position: RA: 21:22:39; Dec: 38° 34' 44"; Epoch: JNOW; Offset: RA: 00:00:00; Dec: 00° 00' 00"; Distance: 00° 00' 00"; Bearing: 00° 00' 00"; Centering Coordinates: RA: 21:22:39; Dec: 38° 34' 44"; Epoch: JNOW; Solved: RA: 21:25:58; Dec: 43° 14' 37"; Epoch: JNOW; Separation RA: -00:03:19; Dec: -04° 39' 53"; Distance: 04° 42' 23"; Bearing: -07° 21' 55"; Threshold: 2
2025-08-14T01:45:33.1680|INFO|TelescopeVM.cs|Sync|800|Syncing scope from RA: 21:22:39; Dec: 38° 34' 44"; Epoch: JNOW to RA: 21:25:58; Dec: 43° 14' 37"; Epoch: JNOW
2025-08-14T01:45:38.1834|INFO|CenteringSolver.cs|Center|132|Slewing to target after sync. Current Position: RA: 21:25:58; Dec: 43° 14' 37"; Epoch: JNOW; Target coordinates: RA: 21:22:39; Dec: 38° 34' 44"; Epoch: JNOW; Offset RA: 00:00:00; Dec: 00° 00' 00"; Distance: 00° 00' 00"; Bearing: 00° 00' 00"
2025-08-14T01:45:38.1904|INFO|TelescopeVM.cs|SlewToCoordinatesAsync|926|Slewing from RA: 21:25:58; Dec: 43° 14' 37"; Epoch: JNOW to RA: 21:22:39; Dec: 38° 34' 44"; Epoch: JNOW - Alt: 82° 08' 02"; Az: 334° 33' 11"
2025-08-14T01:45:47.4708|INFO|CameraVM.cs|Capture|737|Starting Exposure - Exposure Time: 4s; Filter: L; Gain: 500; Offset 40; Binning: 1x1;
2025-08-14T01:45:53.8913|INFO|ImageSolver.cs|Solve|41|Platesolving with parameters: FocalLength: 360 PixelSize: 3.76 SearchRadius: 30 BlindFailoverEnabled: True Regions: 5000 DownSampleFactor: 0 MaxObjects: 500 Reference Coordinates RA: 21:21:36 Dec: 38° 28' 07" Epoch: J2000
2025-08-14T01:45:54.0749|INFO|BaseImageData.cs|SaveToDisk|344|Saved image to C:\Users\nicka\AppData\Local\NINA\PlateSolver\c1as2hpu.nlq.fits
2025-08-14T01:46:00.1786|ERROR|ASTAPSolver.cs|ReadResult|62|ASTAP - Plate solve failed.


2025-08-14T01:46:00.1825|INFO|ImageSolver.cs|Solve|41|Platesolving with parameters: FocalLength: 360 PixelSize: 3.76 SearchRadius: 30 BlindFailoverEnabled: True Regions: 5000 DownSampleFactor: 0 MaxObjects: 500 
2025-08-14T01:46:00.3958|INFO|BaseImageData.cs|SaveToDisk|344|Saved image to C:\Users\nicka\AppData\Local\NINA\PlateSolver\ojqohucg.pfm.fits
2025-08-14T01:46:02.7860|INFO|ImageSolver.cs|Solve|56|Platesolve failed
2025-08-14T01:46:02.7861|INFO|ImageSolver.cs|Solve|56|Platesolve failed
2025-08-14T01:46:02.7872|INFO|CenteringSolver.cs|Center|165|Restoring filter to H after centering
2025-08-14T01:46:02.7881|INFO|FilterWheelVM.cs|ChangeFilter|112|Moving to Filter H at Position 5
2025-08-14T01:46:02.9911|INFO|FocuserVM.cs|MoveFocuserInternal|213|Moving Focuser to position 388889
2025-08-14T01:46:06.4356|INFO|Sequencer.cs|Start|85|Sequence run was cancelled
2025-08-14T01:46:06.4617|INFO|Sequence2VM.cs|StartSequence|490|Advanced Sequence finished
2025-08-14T01:47:25.4856|INFO|ApplicationDeviceConnectionVM.cs|UsbDeviceWatcher_DeviceRemoved|178|USB Device disconnected DeviceId: USB\VID_03C3&PID_1F10\8&2FB6A883&0&1, PnpDeviceId: USB\VID_03C3&PID_1F10\8&2FB6A883&0&1, Description: USB Input Device, Name: USB Input Device, Manufacturer: (Standard system devices), Service: HidUsb, Status: OK
2025-08-14T01:47:25.5883|INFO|ApplicationDeviceConnectionVM.cs|UsbDeviceWatcher_DeviceInserted|173|New USB device detected DeviceId: USB\VID_03C3&PID_1F00\8&2FB6A883&0&1, PnpDeviceId: USB\VID_03C3&PID_1F00\8&2FB6A883&0&1, Description: USB Input Device, Name: USB Input Device, Manufacturer: (Standard system devices), Service: HidUsb, Status: OK
2025-08-14T01:47:26.3729|ERROR|AscomDevice.cs|GetProperty|398|An unexpected exception occurred during GET of Focuser.IsMoving: 
ASCOM.DriverAccessCOMException (0x00000000): IsMoving Failure
 ---> System.Runtime.InteropServices.COMException (0x00000000): IsMoving Failure
   at ASCOM.Com.DriverAccess.DynamicAccess.CheckDotNetExceptions(String memberName, Exception e)
   at ASCOM.Com.DriverAccess.DynamicAccess.TryGetMember(GetMemberBinder binder, Object& result)
   at CallSite.Target(Closure, CallSite, Object)
   at ASCOM.Com.DriverAccess.Focuser.get_IsMoving()
   at InvokeStub_Focuser.get_IsMoving(Object, Object, IntPtr*)
   at System.Reflection.MethodBaseInvoker.InvokeWithNoArgs(Object obj, BindingFlags invokeAttr)
2025-08-14T01:47:26.5885|INFO|AscomDevice.cs|GetProperty|356|Retrying to GET Focuser.IsMoving - Attempt 2 / 3
2025-08-14T01:47:26.5899|ERROR|AscomDevice.cs|GetProperty|398|An unexpected exception occurred during GET of Focuser.IsMoving: 
ASCOM.DriverAccessCOMException (0x00000000): IsMoving Failure
 ---> System.Runtime.InteropServices.COMException (0x00000000): IsMoving Failure
   at ASCOM.Com.DriverAccess.DynamicAccess.CheckDotNetExceptions(String memberName, Exception e)
   at ASCOM.Com.DriverAccess.DynamicAccess.TryGetMember(GetMemberBinder binder, Object& result)
   at CallSite.Target(Closure, CallSite, Object)
   at ASCOM.Com.DriverAccess.Focuser.get_IsMoving()
   at InvokeStub_Focuser.get_IsMoving(Object, Object, IntPtr*)
   at System.Reflection.MethodBaseInvoker.InvokeWithNoArgs(Object obj, BindingFlags invokeAttr)
2025-08-14T01:47:26.7914|INFO|AscomDevice.cs|GetProperty|356|Retrying to GET Focuser.IsMoving - Attempt 3 / 3
2025-08-14T01:47:26.7929|ERROR|AscomDevice.cs|GetProperty|398|An unexpected exception occurred during GET of Focuser.IsMoving: 
ASCOM.DriverAccessCOMException (0x00000000): IsMoving Failure
 ---> System.Runtime.InteropServices.COMException (0x00000000): IsMoving Failure
   at ASCOM.Com.DriverAccess.DynamicAccess.CheckDotNetExceptions(String memberName, Exception e)
   at ASCOM.Com.DriverAccess.DynamicAccess.TryGetMember(GetMemberBinder binder, Object& result)
   at CallSite.Target(Closure, CallSite, Object)
   at ASCOM.Com.DriverAccess.Focuser.get_IsMoving()
   at InvokeStub_Focuser.get_IsMoving(Object, Object, IntPtr*)
   at System.Reflection.MethodBaseInvoker.InvokeWithNoArgs(Object obj, BindingFlags invokeAttr)
2025-08-14T01:47:26.7949|INFO|AscomDevice.cs|GetProperty|408|GET Focuser.IsMoving failed - Returning last known value False
2025-08-14T01:47:28.3705|ERROR|AscomDevice.cs|GetProperty|398|An unexpected exception occurred during GET of Focuser.IsMoving: 
ASCOM.DriverAccessCOMException (0x00000000): IsMoving Failure
 ---> System.Runtime.InteropServices.COMException (0x00000000): IsMoving Failure
   at ASCOM.Com.DriverAccess.DynamicAccess.CheckDotNetExceptions(String memberName, Exception e)
   at ASCOM.Com.DriverAccess.DynamicAccess.TryGetMember(GetMemberBinder binder, Object& result)
   at CallSite.Target(Closure, CallSite, Object)
   at ASCOM.Com.DriverAccess.Focuser.get_IsMoving()
   at InvokeStub_Focuser.get_IsMoving(Object, Object, IntPtr*)
   at System.Reflection.MethodBaseInvoker.InvokeWithNoArgs(Object obj, BindingFlags invokeAttr)
2025-08-14T01:47:28.5798|INFO|AscomDevice.cs|GetProperty|356|Retrying to GET Focuser.IsMoving - Attempt 2 / 3
2025-08-14T01:47:28.5812|ERROR|AscomDevice.cs|GetProperty|398|An unexpected exception occurred during GET of Focuser.IsMoving: 
ASCOM.DriverAccessCOMException (0x00000000): IsMoving Failure
 ---> System.Runtime.InteropServices.COMException (0x00000000): IsMoving Failure
   at ASCOM.Com.DriverAccess.DynamicAccess.CheckDotNetExceptions(String memberName, Exception e)
   at ASCOM.Com.DriverAccess.DynamicAccess.TryGetMember(GetMemberBinder binder, Object& result)
   at CallSite.Target(Closure, CallSite, Object)
   at ASCOM.Com.DriverAccess.Focuser.get_IsMoving()
   at InvokeStub_Focuser.get_IsMoving(Object, Object, IntPtr*)
   at System.Reflection.MethodBaseInvoker.InvokeWithNoArgs(Object obj, BindingFlags invokeAttr)
2025-08-14T01:47:28.7913|INFO|AscomDevice.cs|GetProperty|356|Retrying to GET Focuser.IsMoving - Attempt 3 / 3
2025-08-14T01:47:28.7927|ERROR|AscomDevice.cs|GetProperty|398|An unexpected exception occurred during GET of Focuser.IsMoving: 
ASCOM.DriverAccessCOMException (0x00000000): IsMoving Failure
 ---> System.Runtime.InteropServices.COMException (0x00000000): IsMoving Failure
   at ASCOM.Com.DriverAccess.DynamicAccess.CheckDotNetExceptions(String memberName, Exception e)
   at ASCOM.Com.DriverAccess.DynamicAccess.TryGetMember(GetMemberBinder binder, Object& result)
   at CallSite.Target(Closure, CallSite, Object)
   at ASCOM.Com.DriverAccess.Focuser.get_IsMoving()
   at InvokeStub_Focuser.get_IsMoving(Object, Object, IntPtr*)
   at System.Reflection.MethodBaseInvoker.InvokeWithNoArgs(Object obj, BindingFlags invokeAttr)
2025-08-14T01:47:28.7930|INFO|AscomDevice.cs|GetProperty|408|GET Focuser.IsMoving failed - Returning last known value False
2025-08-14T01:47:30.3885|ERROR|AscomDevice.cs|GetProperty|398|An unexpected exception occurred during GET of Focuser.IsMoving: 
ASCOM.DriverAccessCOMException (0x00000000): IsMoving Failure
 ---> System.Runtime.InteropServices.COMException (0x00000000): IsMoving Failure
   at ASCOM.Com.DriverAccess.DynamicAccess.CheckDotNetExceptions(String memberName, Exception e)
   at ASCOM.Com.DriverAccess.DynamicAccess.TryGetMember(GetMemberBinder binder, Object& result)
   at CallSite.Target(Closure, CallSite, Object)
   at ASCOM.Com.DriverAccess.Focuser.get_IsMoving()
   at InvokeStub_Focuser.get_IsMoving(Object, Object, IntPtr*)
   at System.Reflection.MethodBaseInvoker.InvokeWithNoArgs(Object obj, BindingFlags invokeAttr)
2025-08-14T01:47:30.6041|INFO|AscomDevice.cs|GetProperty|356|Retrying to GET Focuser.IsMoving - Attempt 2 / 3
2025-08-14T01:47:30.6076|ERROR|AscomDevice.cs|GetProperty|398|An unexpected exception occurred during GET of Focuser.IsMoving: 
ASCOM.DriverAccessCOMException (0x00000000): IsMoving Failure
 ---> System.Runtime.InteropServices.COMException (0x00000000): IsMoving Failure
   at ASCOM.Com.DriverAccess.DynamicAccess.CheckDotNetExceptions(String memberName, Exception e)
   at ASCOM.Com.DriverAccess.DynamicAccess.TryGetMember(GetMemberBinder binder, Object& result)
   at CallSite.Target(Closure, CallSite, Object)
   at ASCOM.Com.DriverAccess.Focuser.get_IsMoving()
   at InvokeStub_Focuser.get_IsMoving(Object, Object, IntPtr*)
   at System.Reflection.MethodBaseInvoker.InvokeWithNoArgs(Object obj, BindingFlags invokeAttr)
2025-08-14T01:47:30.8225|INFO|AscomDevice.cs|GetProperty|356|Retrying to GET Focuser.IsMoving - Attempt 3 / 3
2025-08-14T01:47:30.8246|WARNING|AscomDevice.cs|GetProperty|373|GET of Focuser.IsMoving encountered 9 consecutive errors. Further logs for this property access are logged on TRACE level until the property access is successful again
2025-08-14T01:47:30.8247|ERROR|AscomDevice.cs|GetProperty|398|An unexpected exception occurred during GET of Focuser.IsMoving: 
ASCOM.DriverAccessCOMException (0x00000000): IsMoving Failure
 ---> System.Runtime.InteropServices.COMException (0x00000000): IsMoving Failure
   at ASCOM.Com.DriverAccess.DynamicAccess.CheckDotNetExceptions(String memberName, Exception e)
   at ASCOM.Com.DriverAccess.DynamicAccess.TryGetMember(GetMemberBinder binder, Object& result)
   at CallSite.Target(Closure, CallSite, Object)
   at ASCOM.Com.DriverAccess.Focuser.get_IsMoving()
   at InvokeStub_Focuser.get_IsMoving(Object, Object, IntPtr*)
   at System.Reflection.MethodBaseInvoker.InvokeWithNoArgs(Object obj, BindingFlags invokeAttr)
2025-08-14T01:47:30.8252|INFO|AscomDevice.cs|GetProperty|408|GET Focuser.IsMoving failed - Returning last known value False
2025-08-14T01:47:34.1823|ERROR|AscomDevice.cs|Connected|114|ZWO Focuser (1) should be connected but reports to be disconnected. Trying to reconnect...
2025-08-14T01:47:34.1890|ERROR|AscomDevice.cs|Connected|126|Reconnection failed. The device might be disconnected! - 
ASCOM.DriverAccessCOMException (0x00000000): No EAF Connection
 ---> System.Runtime.InteropServices.COMException (0x00000000): No EAF Connection
   at ASCOM.Com.DriverAccess.DynamicAccess.CheckDotNetExceptions(String memberName, Exception e)
   at ASCOM.Com.DriverAccess.DynamicAccess.TrySetMember(SetMemberBinder binder, Object value)
   at CallSite.Target(Closure, CallSite, Object, Boolean)
   at ASCOM.Com.DriverAccess.ASCOMDevice.set_Connected(Boolean value)
   at ASCOM.Com.DriverAccess.Focuser.set_Connected(Boolean value)
   at NINA.Equipment.Equipment.AscomDevice`1.set_Connected(Boolean value) in C:\Projects\nina\NINA.Equipment\Equipment\AscomDevice.cs:line 144
   at NINA.Equipment.Equipment.AscomDevice`1.get_Connected() in C:\Projects\nina\NINA.Equipment\Equipment\AscomDevice.cs:line 116
2025-08-14T01:47:34.1928|INFO|AscomDevice.cs|Disconnect|299|Disconnecting from ASCOM.EAF.Focuser ZWO Focuser (1)
2025-08-14T01:47:59.5332|INFO|DomeVM.cs|Disconnect|336|Disconnected Dome Device
2025-08-14T01:47:59.5360|INFO|FlatDeviceVM.cs|Disconnect|279|Disconnected Flat Device
2025-08-14T01:47:59.6466|INFO|CameraVM.cs|Disconnect|645|Disconnected Camera
2025-08-14T01:47:59.6489|INFO|AscomDevice.cs|Disconnect|299|Disconnecting from ASCOM.iOptron2017.Telescope iOptron CEM120,70,40,26, GEM, HEM, HAE, HAZ series and SkyHunter Mount
2025-08-14T01:47:59.6792|INFO|TelescopeVM.cs|Disconnect|763|Disconnected mount
2025-08-14T01:47:59.6796|INFO|AscomDevice.cs|Disconnect|299|Disconnecting from ASCOM.EFW2.FilterWheel ZWO FilterWheel (1)
2025-08-14T01:47:59.6965|INFO|FilterWheelVM.cs|Disconnect|324|Disconnected Filter Wheel
2025-08-14T01:47:59.6986|INFO|AscomDevice.cs|Disconnect|299|Disconnecting from ASCOM.EAF.Focuser ZWO Focuser (1)
2025-08-14T01:47:59.6997|INFO|FocuserVM.cs|Disconnect|426|Disconnected Focuser
2025-08-14T01:47:59.7024|INFO|RotatorVM.cs|Disconnect|438|Disconnected Rotator
2025-08-14T01:47:59.7043|INFO|SwitchVM.cs|Disconnect|298|Disconnected Switch
2025-08-14T01:47:59.7057|INFO|AscomDevice.cs|Disconnect|299|Disconnecting from ASCOM.SkyAlert.ObservingConditions SkyAlert Observing Conditions
2025-08-14T01:47:59.7170|INFO|WeatherDataVM.cs|Disconnect|292|Disconnected Weather Device
2025-08-14T01:47:59.7185|INFO|AscomDevice.cs|Disconnect|299|Disconnecting from ASCOM.Hub.SafetyMonitor SafetyMonitor Hub
2025-08-14T01:47:59.7378|INFO|SafetyMonitorVM.cs|Disconnect|208|Disconnected Safety Monitor
2025-08-14T01:48:03.3714|INFO|CameraVM.cs|Disconnect|645|Disconnected Camera
2025-08-14T01:48:04.0343|WARNING|ASICamera.cs|SetControlValue|583|Failed to set ASI Control Value ASI_WB_B with value 50
2025-08-14T01:48:04.0345|WARNING|ASICamera.cs|SetControlValue|583|Failed to set ASI Control Value ASI_WB_R with value 50
2025-08-14T01:48:04.0345|WARNING|ASICamera.cs|SetControlValue|583|Failed to set ASI Control Value ASI_GAMMA with value 50
2025-08-14T01:48:04.0346|WARNING|ASICamera.cs|SetControlValue|583|Failed to set ASI Control Value ASI_HIGH_SPEED_MODE with value 0
2025-08-14T01:48:04.0347|WARNING|ASICamera.cs|SetControlValue|583|Failed to set ASI Control Value ASI_OVERCLOCK with value 0
2025-08-14T01:48:04.0347|WARNING|ASICamera.cs|SetControlValue|583|Failed to set ASI Control Value ASI_PATTERN_ADJUST with value 0
2025-08-14T01:48:04.0348|WARNING|ASICamera.cs|SetControlValue|583|Failed to set ASI Control Value ASI_MONO_BIN with value 0
2025-08-14T01:48:04.0359|INFO|ASICamera.cs|Initialize|677|Camera ID: ASI533MM
2025-08-14T01:48:04.0413|WARNING|ASICamera.cs|SetControlValue|583|Failed to set ASI Control Value ASI_ANTI_DEW_HEATER with value 0
2025-08-14T01:48:04.1085|INFO|CameraVM.cs|ChooseCamera|448|Successfully connected Camera. Id: ZWO ASI533MM Pro #0 Name: ZWO ASI533MM Pro DisplayName: ZWO ASI533MM Pro (ASI533MM)Driver Version: 1, 36, 0, 0
2025-08-14T01:48:04.1102|INFO|FilterWheelVM.cs|Disconnect|324|Disconnected Filter Wheel
2025-08-14T01:48:05.1936|INFO|FilterWheelVM.cs|ChooseFW|272|Successfully connected Filter Wheel. Id: ASCOM.EFW2.FilterWheel Name: ZWO FilterWheel (1) DisplayName: ZWO FilterWheel (1) Driver Version: 6.0
2025-08-14T01:48:05.1943|INFO|TelescopeVM.cs|Disconnect|763|Disconnected mount
2025-08-14T01:48:05.2211|INFO|AscomTelescope.cs|CheckMountTime|817|Mount UTC Time: 2025-08-14 06:48:04Z / System UTC Time: 2025-08-14 06:48:05Z; Difference: 0.318 seconds
2025-08-14T01:48:05.2520|INFO|AscomTelescope.cs|CheckMountTime|824|System time has been synced to the mount
2025-08-14T01:48:05.3381|INFO|TelescopeVM.cs|ChooseTelescope|518|Successfully connected mount. Id: ASCOM.iOptron2017.Telescope Name: iOptron CEM120,70,40,26, GEM, HEM, HAE, HAZ series and SkyHunter Mount DisplayName: iOptron CEM120,70,40,26, GEM, HEM, HAE, HAZ series and SkyHunter Mount Driver Version: 9.15
2025-08-14T01:48:05.3385|INFO|FocuserVM.cs|Disconnect|426|Disconnected Focuser
2025-08-14T01:48:05.4104|ERROR|AscomDevice.cs|Connect|246
ASCOM.DriverAccessCOMException (0x00000000): No EAF Connection
 ---> System.Runtime.InteropServices.COMException (0x00000000): No EAF Connection
   at ASCOM.Com.DriverAccess.DynamicAccess.CheckDotNetExceptions(String memberName, Exception e)
   at ASCOM.Com.DriverAccess.DynamicAccess.TrySetMember(SetMemberBinder binder, Object value)
   at CallSite.Target(Closure, CallSite, Object, Boolean)
   at ASCOM.Com.DriverAccess.ASCOMDevice.set_Connected(Boolean value)
   at ASCOM.Com.DriverAccess.Focuser.set_Connected(Boolean value)
   at NINA.Equipment.Equipment.AscomDevice`1.set_Connected(Boolean value) in C:\Projects\nina\NINA.Equipment\Equipment\AscomDevice.cs:line 144
   at NINA.Equipment.Equipment.AscomDevice`1.<Connect>b__43_0() in C:\Projects\nina\NINA.Equipment\Equipment\AscomDevice.cs:line 239
2025-08-14T01:48:05.4199|INFO|RotatorVM.cs|Disconnect|438|Disconnected Rotator
2025-08-14T01:48:05.5986|INFO|PHD2Guider.cs|Connect|202|Connecting to PHD2 server at 127.0.0.1:4400
2025-08-14T01:48:05.6357|ERROR|PHD2Guider.cs|ProfileSelectionChanged|255|No profile selected
2025-08-14T01:48:05.6722|INFO|FlatDeviceVM.cs|Disconnect|279|Disconnected Flat Device
2025-08-14T01:48:05.6775|INFO|WeatherDataVM.cs|Disconnect|292|Disconnected Weather Device
2025-08-14T01:48:05.8453|INFO|AscomDevice.cs|GetProperty|379|Property ObservingConditions.SkyQuality GET is not implemented in this driver (SkyAlert Observing Conditions)
2025-08-14T01:48:05.8474|INFO|AscomDevice.cs|GetProperty|379|Property ObservingConditions.StarFWHM GET is not implemented in this driver (SkyAlert Observing Conditions)
2025-08-14T01:48:05.8644|INFO|WeatherDataVM.cs|ChooseWeatherData|143|Successfully connected Weather Device. Id: ASCOM.SkyAlert.ObservingConditions Name: SkyAlert Observing Conditions DisplayName: SkyAlert Observing Conditions Driver Version: 1.7
2025-08-14T01:48:05.8662|INFO|SwitchVM.cs|Disconnect|298|Disconnected Switch
2025-08-14T01:48:05.8898|INFO|DomeVM.cs|Disconnect|336|Disconnected Dome Device
2025-08-14T01:48:05.8918|INFO|SafetyMonitorVM.cs|Disconnect|208|Disconnected Safety Monitor
2025-08-14T01:48:06.0334|INFO|SafetyMonitorVM.cs|Connect|168|Successfully connected Safety Monitor. Id: ASCOM.Hub.SafetyMonitor Name: SafetyMonitor Hub DisplayName: SafetyMonitor Hub Driver Version: 6.4
2025-08-14T01:48:37.5242|INFO|FocuserChooserVM.cs|GetEquipment|67|Found 0 Alpaca Focusers
2025-08-14T01:48:41.1304|INFO|FocuserVM.cs|Disconnect|426|Disconnected Focuser
2025-08-14T01:48:41.2003|ERROR|AscomDevice.cs|Connect|246
ASCOM.DriverAccessCOMException (0x00000000): No EAF Connection
 ---> System.Runtime.InteropServices.COMException (0x00000000): No EAF Connection
   at ASCOM.Com.DriverAccess.DynamicAccess.CheckDotNetExceptions(String memberName, Exception e)
   at ASCOM.Com.DriverAccess.DynamicAccess.TrySetMember(SetMemberBinder binder, Object value)
   at CallSite.Target(Closure, CallSite, Object, Boolean)
   at ASCOM.Com.DriverAccess.ASCOMDevice.set_Connected(Boolean value)
   at ASCOM.Com.DriverAccess.Focuser.set_Connected(Boolean value)
   at NINA.Equipment.Equipment.AscomDevice`1.set_Connected(Boolean value) in C:\Projects\nina\NINA.Equipment\Equipment\AscomDevice.cs:line 144
   at NINA.Equipment.Equipment.AscomDevice`1.<Connect>b__43_0() in C:\Projects\nina\NINA.Equipment\Equipment\AscomDevice.cs:line 239
2025-08-14T01:48:47.7963|INFO|ApplicationVM.cs|Closing|288|Application shutting down
2025-08-14T01:48:47.8199|INFO|DomeVM.cs|Disconnect|336|Disconnected Dome Device
2025-08-14T01:48:47.8203|INFO|FlatDeviceVM.cs|Disconnect|279|Disconnected Flat Device
2025-08-14T01:48:47.8691|INFO|CameraVM.cs|Disconnect|645|Disconnected Camera
2025-08-14T01:48:47.8705|INFO|AscomDevice.cs|Disconnect|299|Disconnecting from ASCOM.iOptron2017.Telescope iOptron CEM120,70,40,26, GEM, HEM, HAE, HAZ series and SkyHunter Mount
2025-08-14T01:48:47.8888|INFO|TelescopeVM.cs|Disconnect|763|Disconnected mount
2025-08-14T01:48:47.8890|INFO|AscomDevice.cs|Disconnect|299|Disconnecting from ASCOM.EFW2.FilterWheel ZWO FilterWheel (1)
2025-08-14T01:48:47.8951|INFO|FilterWheelVM.cs|Disconnect|324|Disconnected Filter Wheel
2025-08-14T01:48:47.8957|INFO|FocuserVM.cs|Disconnect|426|Disconnected Focuser
2025-08-14T01:48:47.8959|INFO|RotatorVM.cs|Disconnect|438|Disconnected Rotator
2025-08-14T01:48:47.8959|INFO|SwitchVM.cs|Disconnect|298|Disconnected Switch
2025-08-14T01:48:47.8972|INFO|AscomDevice.cs|Disconnect|299|Disconnecting from ASCOM.SkyAlert.ObservingConditions SkyAlert Observing Conditions
2025-08-14T01:48:47.9014|INFO|WeatherDataVM.cs|Disconnect|292|Disconnected Weather Device
2025-08-14T01:48:47.9028|INFO|AscomDevice.cs|Disconnect|299|Disconnecting from ASCOM.Hub.SafetyMonitor SafetyMonitor Hub
2025-08-14T01:48:47.9101|INFO|SafetyMonitorVM.cs|Disconnect|208|Disconnected Safety Monitor
