----------------------------------------------------------------------
--------------N.I.N.A. - Nighttime Imaging 'N' Astronomy--------------
--------------------------Version 3.1.2.9001--------------------------
-------------------------2025-08-14T01:54:40--------------------------
----------------------------------------------------------------------
---------------------Microsoft Windows 10.0.19045---------------------
-------------------------OS Architecture X64--------------------------
-----------------------Process Architecture X64-----------------------
------------------------------.NET 8.0.8------------------------------
----------------------------------------------------------------------
--------------------------Processor Count 4---------------------------
--------------------Total Physical Memory 7.84 GB---------------------
----------------------------------------------------------------------
DATE|LEVEL|SOURCE|MEMBER|LINE|MESSAGE
2025-08-14T01:54:40.6708|INFO|CameraChooserVM.cs|GetEquipment|69|Found 2 ASI Cameras
2025-08-14T01:54:41.3924|INFO|CameraChooserVM.cs|GetEquipment|84|Found 0 Altair Cameras
2025-08-14T01:54:42.2120|INFO|CameraChooserVM.cs|GetEquipment|96|Found 0 Atik Cameras
2025-08-14T01:54:42.3134|INFO|CameraChooserVM.cs|GetEquipment|110|Found 0 FLI Cameras
2025-08-14T01:54:43.6501|INFO|CameraChooserVM.cs|GetEquipment|130|Found 0 QHYCCD Cameras
2025-08-14T01:54:44.1409|INFO|CameraChooserVM.cs|GetEquipment|158|Found 0 ToupTek Cameras
2025-08-14T01:54:44.2773|INFO|CameraChooserVM.cs|GetEquipment|173|Found 0 Ogma Cameras
2025-08-14T01:54:44.5952|INFO|CameraChooserVM.cs|GetEquipment|188|Found 0 Omegon Cameras
2025-08-14T01:54:45.1129|INFO|CameraChooserVM.cs|GetEquipment|203|Found 0 RisingCam Cameras
2025-08-14T01:54:45.2642|INFO|CameraChooserVM.cs|GetEquipment|218|Found 0 MallinCam Cameras
2025-08-14T01:54:45.2672|INFO|CameraChooserVM.cs|GetEquipment|244|Found 0 SBIG Cameras
2025-08-14T01:54:46.3278|INFO|PluginLoader.cs|LoadPlugin|416|Successfully loaded plugin Autofocus Report Analysis version 2.0.0.9 by Stefan Berg @isbeorn
2025-08-14T01:54:46.7194|INFO|PluginLoader.cs|LoadPlugin|416|Successfully loaded plugin Connector version 2.0.3.0 by Stefan Berg
2025-08-14T01:54:46.9242|INFO|PluginLoader.cs|LoadPlugin|416|Successfully loaded plugin Device Actions and Commands version 2.0.0.0 by Dale Ghent
2025-08-14T01:54:47.8683|INFO|PluginLoader.cs|LoadPlugin|416|Successfully loaded plugin Discord Alert version 2.2.0.0 by Drew McDermott
2025-08-14T01:54:48.6446|INFO|PluginLoader.cs|LoadPlugin|416|Successfully loaded plugin Discord Notification version 1.0.0.1 by Daniel Ludwig
2025-08-14T01:54:48.8603|INFO|PluginLoader.cs|LoadPlugin|416|Successfully loaded plugin Filter Offset Calculator version 2.0.0.0 by S. Dimant & Stefan Berg
2025-08-14T01:54:49.1226|INFO|PluginLoader.cs|LoadPlugin|416|Successfully loaded plugin Flexure Correction version 0.8.0.0 by Francesco Meschia
2025-08-14T01:54:51.2618|INFO|ApplicationVM.cs|CheckASCOMPlatformVersion|81|ASCOM Platform 6.6.2.4195 installed
2025-08-14T01:54:51.2641|INFO|ApplicationVM.cs|CheckDiskInfo|100|Available Space on Drive C:\: 120.35 GB
2025-08-14T01:54:51.2706|INFO|ApplicationVM.cs|CheckDiskInfo|102|Drive E:\ is not ready
2025-08-14T01:54:51.2722|INFO|ApplicationVM.cs|CheckDiskInfo|100|Available Space on Drive G:\: 60.9 GB
2025-08-14T01:54:51.2811|INFO|ApplicationVM.cs|CheckDiskInfo|100|Available Space on Drive Z:\: 35.93 GB
2025-08-14T01:54:51.7610|INFO|PluginLoader.cs|LoadPlugin|416|Successfully loaded plugin Ground Station version 2.4.1.0 by Dale Ghent
2025-08-14T01:55:02.2205|INFO|PluginLoader.cs|LoadPlugin|416|Successfully loaded plugin Hocus Focus version 3.0.0.21 by George Hilios (jokogeo)
2025-08-14T01:55:03.0822|INFO|PluginLoader.cs|LoadPlugin|416|Successfully loaded plugin Horizon Creator version 1.1.2.0 by Christian Palm
2025-08-14T01:55:03.2697|INFO|PluginLoader.cs|LoadPlugin|416|Successfully loaded plugin Moon Angle version 2.2.0.0 by Dale Ghent
2025-08-14T01:55:03.5931|INFO|PluginLoader.cs|LoadPlugin|416|Successfully loaded plugin PixInsight Tools version 1.0.0.3 by Stefan Berg
2025-08-14T01:55:05.3429|WARNING|When.cs|GetRunningItem|143|Can't get running items: SequencerNavigation not initialized yet!
2025-08-14T01:55:05.5954|INFO|PluginLoader.cs|LoadPlugin|416|Successfully loaded plugin Sequencer Powerups version 3.28.3.4 by Marc Blank
2025-08-14T01:55:05.7191|INFO|PluginLoader.cs|LoadPlugin|416|Successfully loaded plugin Shutdown PC version 2.2.0.0 by Dale Ghent
2025-08-14T01:55:06.1308|INFO|PluginLoader.cs|LoadPlugin|416|Successfully loaded plugin Smart Filters version 1.0.0.3 by Benoit SAINTOT
2025-08-14T01:55:06.5991|INFO|PluginLoader.cs|LoadPlugin|416|Successfully loaded plugin Target Planning version 3.2.1.0 by Tom Palmer @tcpalmer
2025-08-14T01:55:08.2608|ERROR|DllLoader.cs|LoadDllFromAbsolutePath|53|DllLoader failed to load library C:\Program Files\N.I.N.A. - Nighttime Imaging 'N' Astronomy\External\x64\SQLite\SQLite.Interop.dll due to error code 126
2025-08-14T01:55:09.0763|INFO|PluginLoader.cs|LoadPlugin|416|Successfully loaded plugin Target Scheduler version 5.7.3.0 by Tom Palmer @tcpalmer
2025-08-14T01:55:09.4736|INFO|PluginLoader.cs|LoadPlugin|416|Successfully loaded plugin Three Point Polar Alignment version 2.2.4.0 by Stefan Berg @isbeorn
2025-08-14T01:55:09.4930|INFO|PluginFetcher.cs|RequestAll|43|Fetching plugin manifests from https://nighttime-imaging.eu/wp-json/nina/v1/plugins/manifests
2025-08-14T01:55:09.6859|INFO|CameraChooserVM.cs|GetEquipment|264|Found 0 SVBony Cameras
2025-08-14T01:55:09.8205|INFO|CameraChooserVM.cs|GetEquipment|264|Found 0 PlayerOne Cameras
2025-08-14T01:55:09.9142|INFO|CameraChooserVM.cs|GetEquipment|264|Found 0 ASTPAN Cameras
2025-08-14T01:55:09.9168|INFO|CameraChooserVM.cs|GetEquipment|278|Found 4 ASCOM Cameras
2025-08-14T01:55:10.3782|WARNING|When.cs|GetRunningItem|143|Can't get running items: SequencerNavigation not initialized yet!
2025-08-14T01:55:10.8517|INFO|PluginFetcher.cs|RequestAll|57|Found 56 valid plugins at https://nighttime-imaging.eu/wp-json/nina/v1/plugins/manifests
2025-08-14T01:55:11.5423|INFO|RotatorChooserVM.cs|GetEquipment|68|Found 0 Alpaca Rotators
2025-08-14T01:55:11.5423|INFO|DomeChooserVM.cs|GetEquipment|67|Found 0 Alpaca Domes
2025-08-14T01:55:11.5423|INFO|TelescopeChooserVM.cs|GetEquipment|69|Found 0 Alpaca Telescopes
2025-08-14T01:55:11.5458|INFO|SafetyMonitorChooserVM.cs|GetEquipment|71|Found 0 Alpaca Safety Monitors
2025-08-14T01:55:11.5899|INFO|FlatDeviceChooserVM.cs|GetEquipment|67|Found 0 Alpaca Cover Calibrators
2025-08-14T01:55:11.9309|INFO|CameraChooserVM.cs|GetEquipment|290|Found 0 Alpaca Cameras
2025-08-14T01:55:11.9374|INFO|CameraChooserVM.cs|GetEquipment|303|Found 0 Canon Cameras
2025-08-14T01:55:12.2972|INFO|FilterWheelChooserVM.cs|GetEquipment|193|Found 0 Alpaca Filter Wheels
2025-08-14T01:55:12.2972|INFO|SwitchChooserVM.cs|GetEquipment|71|Found 0 Alpaca Switch Hubs
2025-08-14T01:55:12.3434|INFO|FocuserChooserVM.cs|GetEquipment|67|Found 0 Alpaca Focusers
2025-08-14T01:55:12.3893|INFO|WeatherDataChooserVM.cs|GetEquipment|69|Found 0 Alpaca Observing Conditions
2025-08-14T01:55:15.0170|INFO|CameraVM.cs|Disconnect|645|Disconnected Camera
2025-08-14T01:55:15.5671|WARNING|ASICamera.cs|SetControlValue|583|Failed to set ASI Control Value ASI_WB_B with value 50
2025-08-14T01:55:15.5674|WARNING|ASICamera.cs|SetControlValue|583|Failed to set ASI Control Value ASI_WB_R with value 50
2025-08-14T01:55:15.5676|WARNING|ASICamera.cs|SetControlValue|583|Failed to set ASI Control Value ASI_GAMMA with value 50
2025-08-14T01:55:15.5677|WARNING|ASICamera.cs|SetControlValue|583|Failed to set ASI Control Value ASI_HIGH_SPEED_MODE with value 0
2025-08-14T01:55:15.5678|WARNING|ASICamera.cs|SetControlValue|583|Failed to set ASI Control Value ASI_OVERCLOCK with value 0
2025-08-14T01:55:15.5679|WARNING|ASICamera.cs|SetControlValue|583|Failed to set ASI Control Value ASI_PATTERN_ADJUST with value 0
2025-08-14T01:55:15.5688|WARNING|ASICamera.cs|SetControlValue|583|Failed to set ASI Control Value ASI_MONO_BIN with value 0
2025-08-14T01:55:15.5700|INFO|ASICamera.cs|Initialize|677|Camera ID: ASI533MM
2025-08-14T01:55:15.5824|WARNING|ASICamera.cs|SetControlValue|583|Failed to set ASI Control Value ASI_ANTI_DEW_HEATER with value 0
2025-08-14T01:55:15.6678|INFO|CameraVM.cs|ChooseCamera|448|Successfully connected Camera. Id: ZWO ASI533MM Pro #0 Name: ZWO ASI533MM Pro DisplayName: ZWO ASI533MM Pro (ASI533MM)Driver Version: 1, 36, 0, 0
2025-08-14T01:55:15.6739|INFO|FilterWheelVM.cs|Disconnect|324|Disconnected Filter Wheel
2025-08-14T01:55:19.4481|INFO|FilterWheelVM.cs|ChooseFW|272|Successfully connected Filter Wheel. Id: ASCOM.EFW2.FilterWheel Name: ZWO FilterWheel (1) DisplayName: ZWO FilterWheel (1) Driver Version: 6.0
2025-08-14T01:55:19.4727|INFO|TelescopeVM.cs|Disconnect|763|Disconnected mount
2025-08-14T01:55:21.1137|INFO|AscomTelescope.cs|CheckMountTime|817|Mount UTC Time: 2025-08-14 06:55:20Z / System UTC Time: 2025-08-14 06:55:21Z; Difference: 0.323 seconds
2025-08-14T01:55:22.9853|ERROR|AscomTelescope.cs|CheckMountTime|841|Unexpected exception when trying to set UTCDate:
ASCOM.InvalidOperationException: UTCDate failed.
   at ASCOM.Com.DriverAccess.DynamicAccess.CheckDotNetExceptions(String memberName, Exception e)
   at ASCOM.Com.DriverAccess.DynamicAccess.TrySetMember(SetMemberBinder binder, Object value)
   at CallSite.Target(Closure, CallSite, Object, DateTime)
   at System.Dynamic.UpdateDelegates.UpdateAndExecute2[T0,T1,TRet](CallSite site, T0 arg0, T1 arg1)
   at ASCOM.Com.DriverAccess.Telescope.set_UTCDate(DateTime value)
   at NINA.Equipment.Equipment.MyTelescope.AscomTelescope.CheckMountTime() in C:\Projects\nina\NINA.Equipment\Equipment\MyTelescope\AscomTelescope.cs:line 823
2025-08-14T01:55:23.2514|INFO|TelescopeVM.cs|ChooseTelescope|518|Successfully connected mount. Id: ASCOM.iOptron2017.Telescope Name: iOptron CEM120,70,40,26, GEM, HEM, HAE, HAZ series and SkyHunter Mount DisplayName: iOptron CEM120,70,40,26, GEM, HEM, HAE, HAZ series and SkyHunter Mount Driver Version: 9.15
2025-08-14T01:55:23.2560|INFO|FocuserVM.cs|Disconnect|426|Disconnected Focuser
2025-08-14T01:55:25.1206|ERROR|AscomDevice.cs|GetProperty|398|An unexpected exception occurred during GET of Focuser.StepSize: 
ASCOM.DriverException: The method or operation is not implemented.
 ---> System.NotImplementedException: The method or operation is not implemented.
   --- End of inner exception stack trace ---
   at ASCOM.Com.DriverAccess.DynamicAccess.CheckDotNetExceptions(String memberName, Exception e)
   at ASCOM.Com.DriverAccess.DynamicAccess.TryGetMember(GetMemberBinder binder, Object& result)
   at CallSite.Target(Closure, CallSite, Object)
   at System.Dynamic.UpdateDelegates.UpdateAndExecute1[T0,TRet](CallSite site, T0 arg0)
   at ASCOM.Com.DriverAccess.Focuser.get_StepSize()
   at System.RuntimeMethodHandle.InvokeMethod(Object target, Void** arguments, Signature sig, Boolean isConstructor)
   at System.Reflection.MethodBaseInvoker.InvokeWithNoArgs(Object obj, BindingFlags invokeAttr)
2025-08-14T01:55:25.3218|INFO|AscomDevice.cs|GetProperty|356|Retrying to GET Focuser.StepSize - Attempt 2 / 3
2025-08-14T01:55:25.3232|ERROR|AscomDevice.cs|GetProperty|398|An unexpected exception occurred during GET of Focuser.StepSize: 
ASCOM.DriverException: The method or operation is not implemented.
 ---> System.NotImplementedException: The method or operation is not implemented.
   --- End of inner exception stack trace ---
   at ASCOM.Com.DriverAccess.DynamicAccess.CheckDotNetExceptions(String memberName, Exception e)
   at ASCOM.Com.DriverAccess.DynamicAccess.TryGetMember(GetMemberBinder binder, Object& result)
   at CallSite.Target(Closure, CallSite, Object)
   at ASCOM.Com.DriverAccess.Focuser.get_StepSize()
   at InvokeStub_Focuser.get_StepSize(Object, Object, IntPtr*)
   at System.Reflection.MethodBaseInvoker.InvokeWithNoArgs(Object obj, BindingFlags invokeAttr)
2025-08-14T01:55:25.5241|INFO|AscomDevice.cs|GetProperty|356|Retrying to GET Focuser.StepSize - Attempt 3 / 3
2025-08-14T01:55:25.5258|ERROR|AscomDevice.cs|GetProperty|398|An unexpected exception occurred during GET of Focuser.StepSize: 
ASCOM.DriverException: The method or operation is not implemented.
 ---> System.NotImplementedException: The method or operation is not implemented.
   --- End of inner exception stack trace ---
   at ASCOM.Com.DriverAccess.DynamicAccess.CheckDotNetExceptions(String memberName, Exception e)
   at ASCOM.Com.DriverAccess.DynamicAccess.TryGetMember(GetMemberBinder binder, Object& result)
   at CallSite.Target(Closure, CallSite, Object)
   at ASCOM.Com.DriverAccess.Focuser.get_StepSize()
   at InvokeStub_Focuser.get_StepSize(Object, Object, IntPtr*)
   at System.Reflection.MethodBaseInvoker.InvokeWithNoArgs(Object obj, BindingFlags invokeAttr)
2025-08-14T01:55:25.5263|INFO|AscomDevice.cs|GetProperty|408|GET Focuser.StepSize failed - Returning last known value 0
2025-08-14T01:55:25.7441|INFO|FocuserVM.cs|ChooseFocuser|324|Successfully connected Focuser. Id: ASCOM.EAF.Focuser Name: ZWO Focuser (1) DisplayName: ZWO Focuser (1) Driver Version: 6.0
2025-08-14T01:55:25.7560|INFO|RotatorVM.cs|Disconnect|438|Disconnected Rotator
2025-08-14T01:55:25.7667|INFO|PHD2Guider.cs|Connect|202|Connecting to PHD2 server at 127.0.0.1:4400
2025-08-14T01:55:33.2333|INFO|FlatDeviceVM.cs|Disconnect|279|Disconnected Flat Device
2025-08-14T01:55:33.2571|INFO|WeatherDataVM.cs|Disconnect|292|Disconnected Weather Device
2025-08-14T01:55:34.8724|INFO|AscomDevice.cs|GetProperty|379|Property ObservingConditions.SkyQuality GET is not implemented in this driver (SkyAlert Observing Conditions)
2025-08-14T01:55:34.8790|INFO|AscomDevice.cs|GetProperty|379|Property ObservingConditions.StarFWHM GET is not implemented in this driver (SkyAlert Observing Conditions)
2025-08-14T01:55:34.8918|INFO|WeatherDataVM.cs|ChooseWeatherData|143|Successfully connected Weather Device. Id: ASCOM.SkyAlert.ObservingConditions Name: SkyAlert Observing Conditions DisplayName: SkyAlert Observing Conditions Driver Version: 1.7
2025-08-14T01:55:34.8995|INFO|SwitchVM.cs|Disconnect|298|Disconnected Switch
2025-08-14T01:55:34.9077|INFO|DomeVM.cs|Disconnect|336|Disconnected Dome Device
2025-08-14T01:55:34.9179|INFO|SafetyMonitorVM.cs|Disconnect|208|Disconnected Safety Monitor
2025-08-14T01:55:36.3008|INFO|SafetyMonitorVM.cs|Connect|168|Successfully connected Safety Monitor. Id: ASCOM.Hub.SafetyMonitor Name: SafetyMonitor Hub DisplayName: SafetyMonitor Hub Driver Version: 6.4
2025-08-14T01:55:51.1749|INFO|FramingAssistantVM.cs|LoadImage|1072|Loading image from source FILE with field of view 15° for coordinates RA: 00:00:00; Dec: 00° 00' 00"; Epoch: J2000
2025-08-14T01:56:10.0751|INFO|ImageSolver.cs|Solve|41|Platesolving with parameters: FocalLength: 360 PixelSize: 3.76 SearchRadius: 30 BlindFailoverEnabled: False Regions: 5000 DownSampleFactor: 0 MaxObjects: 500 
2025-08-14T01:56:10.4479|INFO|BaseImageData.cs|SaveToDisk|344|Saved image to C:\Users\nicka\AppData\Local\NINA\PlateSolver\o5g0ik1v.hph.fits
2025-08-14T01:56:13.6309|INFO|ImageSolver.cs|Solve|54|Platesolve successful: Coordinates: RA: 21:21:36; Dec: 38° 28' 44"; Epoch: J2000
2025-08-14T01:57:00.8774|INFO|Sequence2VM.cs|StartSequence|485|Advanced Sequence starting
2025-08-14T01:57:00.9085|INFO|SequenceItem.cs|Run|208|Starting Category: * Instruction Set *, Container: NINA.Sequencer.Container.SequenceRootContainer, Strategy: SequentialStrategy, Items[CREATED]: 3
2025-08-14T01:57:00.9182|INFO|SequenceItem.cs|Run|208|Starting Category: * Instruction Set *, Container: NINA.Sequencer.Container.StartAreaContainer, Strategy: SequentialStrategy, Items[CREATED]: 1
2025-08-14T01:57:00.9188|INFO|SequenceItem.cs|Run|208|Starting Category: Powerups (Misc), Item: TemplateByReference, TemplateName: Startup
2025-08-14T01:57:00.9200|INFO|SequenceItem.cs|Run|208|Starting Template Container Category: Powerups (Misc), Item: TemplateByReference, TemplateName: Startup
2025-08-14T01:57:00.9209|INFO|SequenceItem.cs|Run|208|Starting Category: * Instruction Set *, Container: NINA.Sequencer.Container.SequentialContainer, Strategy: SequentialStrategy, Items[CREATED]: 2, Triggers: Category: Ground Station, Item: Failures to Telegram
2025-08-14T01:57:00.9220|INFO|SequenceItem.cs|Run|208|Starting Category: * Instruction Set *, Container: NINA.Sequencer.Container.SequentialContainer, Strategy: SequentialStrategy, Items[CREATED]: 4
2025-08-14T01:57:00.9225|INFO|SequenceItem.cs|Run|208|Starting Category: Ground Station, Item: Send to Telegram
2025-08-14T01:57:01.7677|INFO|SequenceItem.cs|Run|254|Finishing Category: Ground Station, Item: Send to Telegram
2025-08-14T01:57:01.7740|INFO|SequenceItem.cs|Run|208|Starting Category: Utility, Item: WaitForTime, Time: 20:20:7h, Offset: -60
2025-08-14T01:57:01.7780|INFO|SequenceItem.cs|Run|254|Finishing Category: Utility, Item: WaitForTime, Time: 20:20:7h, Offset: -60
2025-08-14T01:57:01.7785|INFO|SequenceItem.cs|Run|208|Starting Category: Ground Station, Item: Send to Telegram
2025-08-14T01:57:02.4186|INFO|SequenceItem.cs|Run|254|Finishing Category: Ground Station, Item: Send to Telegram
2025-08-14T01:57:02.4192|INFO|SequenceItem.cs|Run|208|Starting Category: Connector, Item: ConnectAllEquipment
2025-08-14T01:57:02.4216|INFO|ConnectAllEquipment.cs|Execute|167|Camera is already connected
2025-08-14T01:57:02.4218|INFO|ConnectAllEquipment.cs|Execute|167|Filter Wheel is already connected
2025-08-14T01:57:02.4218|INFO|ConnectAllEquipment.cs|Execute|167|Focuser is already connected
2025-08-14T01:57:02.4229|INFO|ConnectAllEquipment.cs|Execute|167|Telescope is already connected
2025-08-14T01:57:02.4230|INFO|ConnectAllEquipment.cs|Execute|167|Guider is already connected
2025-08-14T01:57:02.4232|INFO|ConnectAllEquipment.cs|Execute|167|Weather is already connected
2025-08-14T01:57:02.4233|INFO|ConnectAllEquipment.cs|Execute|167|Safety Monitor is already connected
2025-08-14T01:57:02.4234|INFO|SequenceItem.cs|Run|254|Finishing Category: Connector, Item: ConnectAllEquipment
2025-08-14T01:57:02.4273|INFO|SequenceItem.cs|Run|254|Finishing Category: * Instruction Set *, Container: NINA.Sequencer.Container.SequentialContainer, Strategy: SequentialStrategy, Items[FINISHED]: 4
2025-08-14T01:57:02.4279|INFO|SequenceItem.cs|Run|208|Starting Category: * Instruction Set *, Container: NINA.Sequencer.Container.ParallelContainer, Strategy: ParallelStrategy, Items[CREATED]: 4
2025-08-14T01:57:02.4299|INFO|SequenceItem.cs|Run|208|Starting Category: Telescope, Item: FindHome
2025-08-14T01:57:02.4380|INFO|SequenceItem.cs|Run|208|Starting Category: Camera, Item: CoolCamera, Temperature: 0, Duration: 0
2025-08-14T01:57:02.4532|INFO|PHD2Guider.cs|StopGuiding|700|Phd2 - Stop Guiding skipped, as the app is already in state Looping
2025-08-14T01:57:02.4541|INFO|CameraVM.cs|CoolCamera|139|Cooling Camera. Target: 0 Duration: 00:00:00
2025-08-14T01:57:02.4556|INFO|TelescopeVM.cs|FindHome|281|Mount ordered to locate home position
2025-08-14T01:57:02.7380|INFO|SequenceItem.cs|Run|208|Starting Category: Ground Station, Item: Send to Telegram
2025-08-14T01:57:02.7478|INFO|SequenceItem.cs|Run|208|Starting Category: Utility, Item: WaitForTime, Time: 21:20:7h, Offset: 0
2025-08-14T01:57:02.7482|INFO|SequenceItem.cs|Run|254|Finishing Category: Utility, Item: WaitForTime, Time: 21:20:7h, Offset: 0
2025-08-14T01:57:03.4003|INFO|SequenceItem.cs|Run|254|Finishing Category: Ground Station, Item: Send to Telegram
2025-08-14T01:57:33.3586|INFO|TelescopeVM.cs|FindHome|338|Mount has located its home position
2025-08-14T01:57:33.3588|INFO|SequenceItem.cs|Run|254|Finishing Category: Telescope, Item: FindHome
2025-08-14T01:59:06.7037|INFO|AscomDevice.cs|Disconnect|299|Disconnecting from ASCOM.EAF.Focuser ZWO Focuser (1)
2025-08-14T01:59:07.1545|INFO|FocuserVM.cs|Disconnect|426|Disconnected Focuser
2025-08-14T01:59:08.4215|INFO|FocuserVM.cs|Disconnect|426|Disconnected Focuser
2025-08-14T01:59:09.4215|ERROR|AscomDevice.cs|GetProperty|398|An unexpected exception occurred during GET of Focuser.StepSize: 
ASCOM.DriverException: The method or operation is not implemented.
 ---> System.NotImplementedException: The method or operation is not implemented.
   --- End of inner exception stack trace ---
   at ASCOM.Com.DriverAccess.DynamicAccess.CheckDotNetExceptions(String memberName, Exception e)
   at ASCOM.Com.DriverAccess.DynamicAccess.TryGetMember(GetMemberBinder binder, Object& result)
   at CallSite.Target(Closure, CallSite, Object)
   at ASCOM.Com.DriverAccess.Focuser.get_StepSize()
   at InvokeStub_Focuser.get_StepSize(Object, Object, IntPtr*)
   at System.Reflection.MethodBaseInvoker.InvokeWithNoArgs(Object obj, BindingFlags invokeAttr)
2025-08-14T01:59:09.6225|INFO|AscomDevice.cs|GetProperty|356|Retrying to GET Focuser.StepSize - Attempt 2 / 3
2025-08-14T01:59:09.6236|ERROR|AscomDevice.cs|GetProperty|398|An unexpected exception occurred during GET of Focuser.StepSize: 
ASCOM.DriverException: The method or operation is not implemented.
 ---> System.NotImplementedException: The method or operation is not implemented.
   --- End of inner exception stack trace ---
   at ASCOM.Com.DriverAccess.DynamicAccess.CheckDotNetExceptions(String memberName, Exception e)
   at ASCOM.Com.DriverAccess.DynamicAccess.TryGetMember(GetMemberBinder binder, Object& result)
   at CallSite.Target(Closure, CallSite, Object)
   at ASCOM.Com.DriverAccess.Focuser.get_StepSize()
   at InvokeStub_Focuser.get_StepSize(Object, Object, IntPtr*)
   at System.Reflection.MethodBaseInvoker.InvokeWithNoArgs(Object obj, BindingFlags invokeAttr)
2025-08-14T01:59:09.8244|INFO|AscomDevice.cs|GetProperty|356|Retrying to GET Focuser.StepSize - Attempt 3 / 3
2025-08-14T01:59:09.8266|ERROR|AscomDevice.cs|GetProperty|398|An unexpected exception occurred during GET of Focuser.StepSize: 
ASCOM.DriverException: The method or operation is not implemented.
 ---> System.NotImplementedException: The method or operation is not implemented.
   --- End of inner exception stack trace ---
   at ASCOM.Com.DriverAccess.DynamicAccess.CheckDotNetExceptions(String memberName, Exception e)
   at ASCOM.Com.DriverAccess.DynamicAccess.TryGetMember(GetMemberBinder binder, Object& result)
   at CallSite.Target(Closure, CallSite, Object)
   at ASCOM.Com.DriverAccess.Focuser.get_StepSize()
   at InvokeStub_Focuser.get_StepSize(Object, Object, IntPtr*)
   at System.Reflection.MethodBaseInvoker.InvokeWithNoArgs(Object obj, BindingFlags invokeAttr)
2025-08-14T01:59:09.8273|INFO|AscomDevice.cs|GetProperty|408|GET Focuser.StepSize failed - Returning last known value 0
2025-08-14T01:59:10.0322|INFO|FocuserVM.cs|ChooseFocuser|324|Successfully connected Focuser. Id: ASCOM.EAF.Focuser Name: ZWO Focuser (1) DisplayName: ZWO Focuser (1) Driver Version: 6.0
2025-08-14T02:00:34.5058|INFO|SequenceItem.cs|Run|254|Finishing Category: Camera, Item: CoolCamera, Temperature: 0, Duration: 0
2025-08-14T02:00:34.5062|INFO|SequenceItem.cs|Run|254|Finishing Category: * Instruction Set *, Container: NINA.Sequencer.Container.ParallelContainer, Strategy: ParallelStrategy, Items[FINISHED]: 4
2025-08-14T02:00:34.5068|INFO|SequenceItem.cs|Run|254|Finishing Category: * Instruction Set *, Container: NINA.Sequencer.Container.SequentialContainer, Strategy: SequentialStrategy, Items[FINISHED]: 2, Triggers: Category: Ground Station, Item: Failures to Telegram
2025-08-14T02:00:34.5069|INFO|SequenceItem.cs|Run|254|Finishing Template Container Category: Powerups (Misc), Item: TemplateByReference, TemplateName: Startup
2025-08-14T02:00:34.5074|INFO|SequenceItem.cs|Run|254|Finishing Category: Powerups (Misc), Item: TemplateByReference, TemplateName: Startup
2025-08-14T02:00:34.5076|INFO|SequenceItem.cs|Run|254|Finishing Category: * Instruction Set *, Container: NINA.Sequencer.Container.StartAreaContainer, Strategy: SequentialStrategy, Items[FINISHED]: 1
2025-08-14T02:00:34.5079|INFO|SequenceItem.cs|Run|208|Starting Category: * Instruction Set *, Container: NINA.Sequencer.Container.TargetAreaContainer, Strategy: SequentialStrategy, Items[CREATED]: 1
2025-08-14T02:00:34.5082|INFO|SequenceItem.cs|Run|208|Starting Category: * Instruction Set *, Container: NINA.Sequencer.Container.SequentialContainer, Strategy: SequentialStrategy, Items[CREATED]: 1, Conditions: Condition: TimeCondition, Time: 6:4:43h, 
2025-08-14T02:00:34.5125|INFO|SequenceItem.cs|Run|208|Starting Category: * Instruction Set *, Container: NINA.Sequencer.Container.DeepSkyObjectContainer, Strategy: SequentialStrategy, Items[CREATED]: 7, Triggers: Trigger: MeridianFlipTriggerTrigger: RestoreGuidingTrigger: CenterAfterDriftTrigger, DistanceArcMinutes: 1Trigger: WhenUnsafeCategory: Ground Station, Item: Failures to Telegram, Target:  RA: 21:21:36; Dec: 38° 28' 44"; Epoch: J2000 90.4995469950104
2025-08-14T02:00:34.5416|INFO|MeridianFlipTrigger.cs|ShouldTrigger|197|Meridian Flip - Telescope is at home position. Skip flip evaluation
2025-08-14T02:00:34.5427|INFO|SequenceItem.cs|Run|208|Starting Category: Ground Station, Item: Send to Telegram
2025-08-14T02:00:35.2383|INFO|SequenceItem.cs|Run|254|Finishing Category: Ground Station, Item: Send to Telegram
2025-08-14T02:00:35.2599|INFO|MeridianFlipTrigger.cs|ShouldTrigger|197|Meridian Flip - Telescope is at home position. Skip flip evaluation
2025-08-14T02:00:35.2609|INFO|SequenceItem.cs|Run|208|Starting Category: Telescope, Item: Center, Coordinates RA: 21:21:36; Dec: 38° 28' 44"; Epoch: J2000
2025-08-14T02:00:35.4208|INFO|PHD2Guider.cs|StopGuiding|700|Phd2 - Stop Guiding skipped, as the app is already in state Looping
2025-08-14T02:00:35.4371|INFO|TelescopeVM.cs|SlewToCoordinatesAsync|926|Slewing from RA: 03:54:54; Dec: 90° 00' 00"; Epoch: JNOW to RA: 21:22:39; Dec: 38° 35' 21"; Epoch: JNOW - Alt: 80° 21' 27"; Az: 319° 07' 08"
2025-08-14T02:01:05.3764|INFO|CameraVM.cs|Capture|737|Starting Exposure - Exposure Time: 4s; Filter: L; Gain: 500; Offset 40; Binning: 1x1;
2025-08-14T02:01:11.7736|INFO|ImageSolver.cs|Solve|41|Platesolving with parameters: FocalLength: 360 PixelSize: 3.76 SearchRadius: 30 BlindFailoverEnabled: True Regions: 5000 DownSampleFactor: 0 MaxObjects: 500 Reference Coordinates RA: 21:21:36 Dec: 38° 28' 44" Epoch: J2000
2025-08-14T02:01:11.9718|INFO|BaseImageData.cs|SaveToDisk|344|Saved image to C:\Users\nicka\AppData\Local\NINA\PlateSolver\ykiuyrwb.aay.fits
2025-08-14T02:01:17.4886|ERROR|ASTAPSolver.cs|ReadResult|62|ASTAP - Plate solve failed.


2025-08-14T02:01:17.4938|INFO|ImageSolver.cs|Solve|41|Platesolving with parameters: FocalLength: 360 PixelSize: 3.76 SearchRadius: 30 BlindFailoverEnabled: True Regions: 5000 DownSampleFactor: 0 MaxObjects: 500 
2025-08-14T02:01:17.6731|INFO|BaseImageData.cs|SaveToDisk|344|Saved image to C:\Users\nicka\AppData\Local\NINA\PlateSolver\jojzxq1b.v2v.fits
2025-08-14T02:01:28.9305|INFO|DockManagerVM.cs|InitializeAvalonDockLayout|356|Initializing imaging tab layout from C:\Users\nicka\AppData\Local\NINA\Profiles\0173997c-4bfa-48fd-9337-a48b6df99c38.dock.config
2025-08-14T02:01:35.6985|WARNING|FocuserVM.cs|MoveFocuserInternal|196|Requested to move to position 115, which higher than max position. Moving to 0 instead.
2025-08-14T02:01:35.7035|INFO|FocuserVM.cs|MoveFocuserInternal|213|Moving Focuser to position 0
2025-08-14T02:01:52.9767|ERROR|ASTAPSolver.cs|ReadResult|62|ASTAP - Plate solve failed.


2025-08-14T02:01:52.9797|INFO|ImageSolver.cs|Solve|56|Platesolve failed
2025-08-14T02:01:52.9798|INFO|ImageSolver.cs|Solve|56|Platesolve failed
2025-08-14T02:02:06.4403|INFO|CenteringSolver.cs|Center|165|Restoring filter to L after centering
2025-08-14T02:02:06.4467|INFO|Sequencer.cs|Start|85|Sequence run was cancelled
2025-08-14T02:02:06.4514|INFO|Sequence2VM.cs|StartSequence|490|Advanced Sequence finished
2025-08-14T02:02:12.0536|WARNING|FocuserVM.cs|MoveFocuserInternal|196|Requested to move to position 115, which higher than max position. Moving to 0 instead.
2025-08-14T02:02:12.0538|INFO|FocuserVM.cs|MoveFocuserInternal|213|Moving Focuser to position 0
2025-08-14T02:02:13.4921|INFO|CameraVM.cs|Capture|737|Starting Exposure - Exposure Time: 2s; Filter: L; Gain: 100; Offset 40; Binning: 1x1;
2025-08-14T02:02:18.6108|INFO|HocusFocusStarDetection.cs|Detect|410|Average HFR: 3.3715222452588827, HFR MAD: 0.10303978893813648, Detected Stars 2, Region: 0
2025-08-14T02:02:22.0391|WARNING|FocuserVM.cs|MoveFocuserInternal|196|Requested to move to position 115, which higher than max position. Moving to 0 instead.
2025-08-14T02:02:22.0395|INFO|FocuserVM.cs|MoveFocuserInternal|213|Moving Focuser to position 0
2025-08-14T02:02:23.1928|INFO|CameraVM.cs|Capture|737|Starting Exposure - Exposure Time: 2s; Filter: L; Gain: 100; Offset 40; Binning: 1x1;
2025-08-14T02:02:27.8540|INFO|HocusFocusStarDetection.cs|Detect|410|Average HFR: 2.8929541571621717, HFR MAD: 0.8183947538775405, Detected Stars 2, Region: 0
2025-08-14T02:02:33.1947|WARNING|FocuserVM.cs|MoveFocuserInternal|196|Requested to move to position 115, which higher than max position. Moving to 0 instead.
2025-08-14T02:02:33.1953|INFO|FocuserVM.cs|MoveFocuserInternal|213|Moving Focuser to position 0
2025-08-14T02:02:34.3336|INFO|CameraVM.cs|Capture|737|Starting Exposure - Exposure Time: 2s; Filter: L; Gain: 100; Offset 40; Binning: 1x1;
2025-08-14T02:02:38.8695|INFO|HocusFocusStarDetection.cs|Detect|410|Average HFR: 3.1977378933470675, HFR MAD: 1.1805494720322356, Detected Stars 2, Region: 0
2025-08-14T02:02:44.9801|WARNING|FocuserVM.cs|MoveFocuserInternal|196|Requested to move to position 115, which higher than max position. Moving to 0 instead.
2025-08-14T02:02:44.9806|INFO|FocuserVM.cs|MoveFocuserInternal|213|Moving Focuser to position 0
2025-08-14T02:02:46.3153|INFO|CameraVM.cs|Capture|737|Starting Exposure - Exposure Time: 2s; Filter: L; Gain: 100; Offset 40; Binning: 1x1;
2025-08-14T02:03:19.1948|WARNING|FocuserVM.cs|MoveFocuserInternal|196|Requested to move to position 115, which higher than max position. Moving to 0 instead.
2025-08-14T02:03:19.1955|INFO|FocuserVM.cs|MoveFocuserInternal|213|Moving Focuser to position 0
2025-08-14T02:03:20.6916|INFO|CameraVM.cs|Capture|737|Starting Exposure - Exposure Time: 2s; Filter: L; Gain: 100; Offset 40; Binning: 1x1;
2025-08-14T02:03:25.2344|INFO|HocusFocusStarDetection.cs|Detect|410|Average HFR: 3.500695650033854, HFR MAD: 1.46805786615734, Detected Stars 2, Region: 0
2025-08-14T02:03:36.7665|INFO|AscomDevice.cs|Disconnect|299|Disconnecting from ASCOM.EAF.Focuser ZWO Focuser (1)
2025-08-14T02:03:37.1953|INFO|FocuserVM.cs|Disconnect|426|Disconnected Focuser
2025-08-14T02:03:39.0209|INFO|FocuserVM.cs|Disconnect|426|Disconnected Focuser
2025-08-14T02:03:40.0152|ERROR|AscomDevice.cs|GetProperty|398|An unexpected exception occurred during GET of Focuser.StepSize: 
ASCOM.DriverException: The method or operation is not implemented.
 ---> System.NotImplementedException: The method or operation is not implemented.
   --- End of inner exception stack trace ---
   at ASCOM.Com.DriverAccess.DynamicAccess.CheckDotNetExceptions(String memberName, Exception e)
   at ASCOM.Com.DriverAccess.DynamicAccess.TryGetMember(GetMemberBinder binder, Object& result)
   at CallSite.Target(Closure, CallSite, Object)
   at ASCOM.Com.DriverAccess.Focuser.get_StepSize()
   at InvokeStub_Focuser.get_StepSize(Object, Object, IntPtr*)
   at System.Reflection.MethodBaseInvoker.InvokeWithNoArgs(Object obj, BindingFlags invokeAttr)
2025-08-14T02:03:40.2159|INFO|AscomDevice.cs|GetProperty|356|Retrying to GET Focuser.StepSize - Attempt 2 / 3
2025-08-14T02:03:40.2169|ERROR|AscomDevice.cs|GetProperty|398|An unexpected exception occurred during GET of Focuser.StepSize: 
ASCOM.DriverException: The method or operation is not implemented.
 ---> System.NotImplementedException: The method or operation is not implemented.
   --- End of inner exception stack trace ---
   at ASCOM.Com.DriverAccess.DynamicAccess.CheckDotNetExceptions(String memberName, Exception e)
   at ASCOM.Com.DriverAccess.DynamicAccess.TryGetMember(GetMemberBinder binder, Object& result)
   at CallSite.Target(Closure, CallSite, Object)
   at ASCOM.Com.DriverAccess.Focuser.get_StepSize()
   at InvokeStub_Focuser.get_StepSize(Object, Object, IntPtr*)
   at System.Reflection.MethodBaseInvoker.InvokeWithNoArgs(Object obj, BindingFlags invokeAttr)
2025-08-14T02:03:40.4179|INFO|AscomDevice.cs|GetProperty|356|Retrying to GET Focuser.StepSize - Attempt 3 / 3
2025-08-14T02:03:40.4190|ERROR|AscomDevice.cs|GetProperty|398|An unexpected exception occurred during GET of Focuser.StepSize: 
ASCOM.DriverException: The method or operation is not implemented.
 ---> System.NotImplementedException: The method or operation is not implemented.
   --- End of inner exception stack trace ---
   at ASCOM.Com.DriverAccess.DynamicAccess.CheckDotNetExceptions(String memberName, Exception e)
   at ASCOM.Com.DriverAccess.DynamicAccess.TryGetMember(GetMemberBinder binder, Object& result)
   at CallSite.Target(Closure, CallSite, Object)
   at ASCOM.Com.DriverAccess.Focuser.get_StepSize()
   at InvokeStub_Focuser.get_StepSize(Object, Object, IntPtr*)
   at System.Reflection.MethodBaseInvoker.InvokeWithNoArgs(Object obj, BindingFlags invokeAttr)
2025-08-14T02:03:40.4195|INFO|AscomDevice.cs|GetProperty|408|GET Focuser.StepSize failed - Returning last known value 0
2025-08-14T02:03:40.6229|INFO|FocuserVM.cs|ChooseFocuser|324|Successfully connected Focuser. Id: ASCOM.EAF.Focuser Name: ZWO Focuser (1) DisplayName: ZWO Focuser (1) Driver Version: 6.0
2025-08-14T02:03:57.4532|WARNING|FocuserVM.cs|MoveFocuserInternal|196|Requested to move to position 385000, which higher than max position. Moving to 0 instead.
2025-08-14T02:03:57.4535|INFO|FocuserVM.cs|MoveFocuserInternal|213|Moving Focuser to position 0
2025-08-14T02:03:57.4554|INFO|FocuserMediator.cs|BroadcastUserFocused|57|User Focused notification received - Temperature 30.219999313354492
2025-08-14T02:05:00.3653|WARNING|FocuserVM.cs|MoveFocuserInternal|196|Requested to move to position 12, which higher than max position. Moving to 0 instead.
2025-08-14T02:05:00.3658|INFO|FocuserVM.cs|MoveFocuserInternal|213|Moving Focuser to position 0
2025-08-14T02:05:37.3408|INFO|ApplicationDeviceConnectionVM.cs|UsbDeviceWatcher_DeviceRemoved|178|USB Device disconnected DeviceId: USB\VID_03C3&PID_1F10\8&2FB6A883&0&1, PnpDeviceId: USB\VID_03C3&PID_1F10\8&2FB6A883&0&1, Description: USB Input Device, Name: USB Input Device, Manufacturer: (Standard system devices), Service: HidUsb, Status: OK
2025-08-14T02:05:37.4747|INFO|ApplicationDeviceConnectionVM.cs|UsbDeviceWatcher_DeviceInserted|173|New USB device detected DeviceId: USB\VID_03C3&PID_1F00\8&2FB6A883&0&1, PnpDeviceId: USB\VID_03C3&PID_1F00\8&2FB6A883&0&1, Description: USB Input Device, Name: USB Input Device, Manufacturer: (Standard system devices), Service: HidUsb, Status: OK
2025-08-14T02:05:38.6316|ERROR|AscomDevice.cs|GetProperty|398|An unexpected exception occurred during GET of Focuser.IsMoving: 
ASCOM.DriverAccessCOMException (0x00000000): IsMoving Failure
 ---> System.Runtime.InteropServices.COMException (0x00000000): IsMoving Failure
   at ASCOM.Com.DriverAccess.DynamicAccess.CheckDotNetExceptions(String memberName, Exception e)
   at ASCOM.Com.DriverAccess.DynamicAccess.TryGetMember(GetMemberBinder binder, Object& result)
   at CallSite.Target(Closure, CallSite, Object)
   at ASCOM.Com.DriverAccess.Focuser.get_IsMoving()
   at InvokeStub_Focuser.get_IsMoving(Object, Object, IntPtr*)
   at System.Reflection.MethodBaseInvoker.InvokeWithNoArgs(Object obj, BindingFlags invokeAttr)
2025-08-14T02:05:38.8611|INFO|AscomDevice.cs|GetProperty|356|Retrying to GET Focuser.IsMoving - Attempt 2 / 3
2025-08-14T02:05:38.8634|ERROR|AscomDevice.cs|GetProperty|398|An unexpected exception occurred during GET of Focuser.IsMoving: 
ASCOM.DriverAccessCOMException (0x00000000): IsMoving Failure
 ---> System.Runtime.InteropServices.COMException (0x00000000): IsMoving Failure
   at ASCOM.Com.DriverAccess.DynamicAccess.CheckDotNetExceptions(String memberName, Exception e)
   at ASCOM.Com.DriverAccess.DynamicAccess.TryGetMember(GetMemberBinder binder, Object& result)
   at CallSite.Target(Closure, CallSite, Object)
   at ASCOM.Com.DriverAccess.Focuser.get_IsMoving()
   at InvokeStub_Focuser.get_IsMoving(Object, Object, IntPtr*)
   at System.Reflection.MethodBaseInvoker.InvokeWithNoArgs(Object obj, BindingFlags invokeAttr)
2025-08-14T02:05:39.0669|INFO|AscomDevice.cs|GetProperty|356|Retrying to GET Focuser.IsMoving - Attempt 3 / 3
2025-08-14T02:05:39.0694|ERROR|AscomDevice.cs|GetProperty|398|An unexpected exception occurred during GET of Focuser.IsMoving: 
ASCOM.DriverAccessCOMException (0x00000000): IsMoving Failure
 ---> System.Runtime.InteropServices.COMException (0x00000000): IsMoving Failure
   at ASCOM.Com.DriverAccess.DynamicAccess.CheckDotNetExceptions(String memberName, Exception e)
   at ASCOM.Com.DriverAccess.DynamicAccess.TryGetMember(GetMemberBinder binder, Object& result)
   at CallSite.Target(Closure, CallSite, Object)
   at ASCOM.Com.DriverAccess.Focuser.get_IsMoving()
   at InvokeStub_Focuser.get_IsMoving(Object, Object, IntPtr*)
   at System.Reflection.MethodBaseInvoker.InvokeWithNoArgs(Object obj, BindingFlags invokeAttr)
2025-08-14T02:05:39.0699|INFO|AscomDevice.cs|GetProperty|408|GET Focuser.IsMoving failed - Returning last known value False
2025-08-14T02:05:40.6364|ERROR|AscomDevice.cs|GetProperty|398|An unexpected exception occurred during GET of Focuser.IsMoving: 
ASCOM.DriverAccessCOMException (0x00000000): IsMoving Failure
 ---> System.Runtime.InteropServices.COMException (0x00000000): IsMoving Failure
   at ASCOM.Com.DriverAccess.DynamicAccess.CheckDotNetExceptions(String memberName, Exception e)
   at ASCOM.Com.DriverAccess.DynamicAccess.TryGetMember(GetMemberBinder binder, Object& result)
   at CallSite.Target(Closure, CallSite, Object)
   at ASCOM.Com.DriverAccess.Focuser.get_IsMoving()
   at InvokeStub_Focuser.get_IsMoving(Object, Object, IntPtr*)
   at System.Reflection.MethodBaseInvoker.InvokeWithNoArgs(Object obj, BindingFlags invokeAttr)
2025-08-14T02:05:40.8398|INFO|AscomDevice.cs|GetProperty|356|Retrying to GET Focuser.IsMoving - Attempt 2 / 3
2025-08-14T02:05:40.8430|ERROR|AscomDevice.cs|GetProperty|398|An unexpected exception occurred during GET of Focuser.IsMoving: 
ASCOM.DriverAccessCOMException (0x00000000): IsMoving Failure
 ---> System.Runtime.InteropServices.COMException (0x00000000): IsMoving Failure
   at ASCOM.Com.DriverAccess.DynamicAccess.CheckDotNetExceptions(String memberName, Exception e)
   at ASCOM.Com.DriverAccess.DynamicAccess.TryGetMember(GetMemberBinder binder, Object& result)
   at CallSite.Target(Closure, CallSite, Object)
   at ASCOM.Com.DriverAccess.Focuser.get_IsMoving()
   at InvokeStub_Focuser.get_IsMoving(Object, Object, IntPtr*)
   at System.Reflection.MethodBaseInvoker.InvokeWithNoArgs(Object obj, BindingFlags invokeAttr)
2025-08-14T02:05:41.0564|INFO|AscomDevice.cs|GetProperty|356|Retrying to GET Focuser.IsMoving - Attempt 3 / 3
2025-08-14T02:05:41.0588|ERROR|AscomDevice.cs|GetProperty|398|An unexpected exception occurred during GET of Focuser.IsMoving: 
ASCOM.DriverAccessCOMException (0x00000000): IsMoving Failure
 ---> System.Runtime.InteropServices.COMException (0x00000000): IsMoving Failure
   at ASCOM.Com.DriverAccess.DynamicAccess.CheckDotNetExceptions(String memberName, Exception e)
   at ASCOM.Com.DriverAccess.DynamicAccess.TryGetMember(GetMemberBinder binder, Object& result)
   at CallSite.Target(Closure, CallSite, Object)
   at ASCOM.Com.DriverAccess.Focuser.get_IsMoving()
   at InvokeStub_Focuser.get_IsMoving(Object, Object, IntPtr*)
   at System.Reflection.MethodBaseInvoker.InvokeWithNoArgs(Object obj, BindingFlags invokeAttr)
2025-08-14T02:05:41.0594|INFO|AscomDevice.cs|GetProperty|408|GET Focuser.IsMoving failed - Returning last known value False
2025-08-14T02:05:42.6457|ERROR|AscomDevice.cs|GetProperty|398|An unexpected exception occurred during GET of Focuser.IsMoving: 
ASCOM.DriverAccessCOMException (0x00000000): IsMoving Failure
 ---> System.Runtime.InteropServices.COMException (0x00000000): IsMoving Failure
   at ASCOM.Com.DriverAccess.DynamicAccess.CheckDotNetExceptions(String memberName, Exception e)
   at ASCOM.Com.DriverAccess.DynamicAccess.TryGetMember(GetMemberBinder binder, Object& result)
   at CallSite.Target(Closure, CallSite, Object)
   at ASCOM.Com.DriverAccess.Focuser.get_IsMoving()
   at InvokeStub_Focuser.get_IsMoving(Object, Object, IntPtr*)
   at System.Reflection.MethodBaseInvoker.InvokeWithNoArgs(Object obj, BindingFlags invokeAttr)
2025-08-14T02:05:42.8481|INFO|AscomDevice.cs|GetProperty|356|Retrying to GET Focuser.IsMoving - Attempt 2 / 3
2025-08-14T02:05:42.8505|ERROR|AscomDevice.cs|GetProperty|398|An unexpected exception occurred during GET of Focuser.IsMoving: 
ASCOM.DriverAccessCOMException (0x00000000): IsMoving Failure
 ---> System.Runtime.InteropServices.COMException (0x00000000): IsMoving Failure
   at ASCOM.Com.DriverAccess.DynamicAccess.CheckDotNetExceptions(String memberName, Exception e)
   at ASCOM.Com.DriverAccess.DynamicAccess.TryGetMember(GetMemberBinder binder, Object& result)
   at CallSite.Target(Closure, CallSite, Object)
   at ASCOM.Com.DriverAccess.Focuser.get_IsMoving()
   at InvokeStub_Focuser.get_IsMoving(Object, Object, IntPtr*)
   at System.Reflection.MethodBaseInvoker.InvokeWithNoArgs(Object obj, BindingFlags invokeAttr)
2025-08-14T02:05:43.0515|INFO|AscomDevice.cs|GetProperty|356|Retrying to GET Focuser.IsMoving - Attempt 3 / 3
2025-08-14T02:05:43.0540|WARNING|AscomDevice.cs|GetProperty|373|GET of Focuser.IsMoving encountered 9 consecutive errors. Further logs for this property access are logged on TRACE level until the property access is successful again
2025-08-14T02:05:43.0542|ERROR|AscomDevice.cs|GetProperty|398|An unexpected exception occurred during GET of Focuser.IsMoving: 
ASCOM.DriverAccessCOMException (0x00000000): IsMoving Failure
 ---> System.Runtime.InteropServices.COMException (0x00000000): IsMoving Failure
   at ASCOM.Com.DriverAccess.DynamicAccess.CheckDotNetExceptions(String memberName, Exception e)
   at ASCOM.Com.DriverAccess.DynamicAccess.TryGetMember(GetMemberBinder binder, Object& result)
   at CallSite.Target(Closure, CallSite, Object)
   at ASCOM.Com.DriverAccess.Focuser.get_IsMoving()
   at InvokeStub_Focuser.get_IsMoving(Object, Object, IntPtr*)
   at System.Reflection.MethodBaseInvoker.InvokeWithNoArgs(Object obj, BindingFlags invokeAttr)
2025-08-14T02:05:43.0547|INFO|AscomDevice.cs|GetProperty|408|GET Focuser.IsMoving failed - Returning last known value False
2025-08-14T02:05:46.4266|ERROR|AscomDevice.cs|Connected|114|ZWO Focuser (1) should be connected but reports to be disconnected. Trying to reconnect...
2025-08-14T02:05:46.4393|ERROR|AscomDevice.cs|Connected|126|Reconnection failed. The device might be disconnected! - 
ASCOM.DriverAccessCOMException (0x00000000): No EAF Connection
 ---> System.Runtime.InteropServices.COMException (0x00000000): No EAF Connection
   at ASCOM.Com.DriverAccess.DynamicAccess.CheckDotNetExceptions(String memberName, Exception e)
   at ASCOM.Com.DriverAccess.DynamicAccess.TrySetMember(SetMemberBinder binder, Object value)
   at CallSite.Target(Closure, CallSite, Object, Boolean)
   at ASCOM.Com.DriverAccess.ASCOMDevice.set_Connected(Boolean value)
   at ASCOM.Com.DriverAccess.Focuser.set_Connected(Boolean value)
   at NINA.Equipment.Equipment.AscomDevice`1.set_Connected(Boolean value) in C:\Projects\nina\NINA.Equipment\Equipment\AscomDevice.cs:line 144
   at NINA.Equipment.Equipment.AscomDevice`1.get_Connected() in C:\Projects\nina\NINA.Equipment\Equipment\AscomDevice.cs:line 116
2025-08-14T02:05:46.4435|INFO|AscomDevice.cs|Disconnect|299|Disconnecting from ASCOM.EAF.Focuser ZWO Focuser (1)
2025-08-14T02:06:00.0941|INFO|ApplicationVM.cs|Closing|288|Application shutting down
2025-08-14T02:06:00.1256|INFO|DomeVM.cs|Disconnect|336|Disconnected Dome Device
2025-08-14T02:06:00.1288|INFO|FlatDeviceVM.cs|Disconnect|279|Disconnected Flat Device
2025-08-14T02:06:00.2288|INFO|CameraVM.cs|Disconnect|645|Disconnected Camera
2025-08-14T02:06:00.2311|INFO|AscomDevice.cs|Disconnect|299|Disconnecting from ASCOM.iOptron2017.Telescope iOptron CEM120,70,40,26, GEM, HEM, HAE, HAZ series and SkyHunter Mount
2025-08-14T02:06:00.2534|INFO|TelescopeVM.cs|Disconnect|763|Disconnected mount
2025-08-14T02:06:00.2538|INFO|AscomDevice.cs|Disconnect|299|Disconnecting from ASCOM.EFW2.FilterWheel ZWO FilterWheel (1)
2025-08-14T02:06:00.6204|INFO|FilterWheelVM.cs|Disconnect|324|Disconnected Filter Wheel
2025-08-14T02:06:00.6221|INFO|AscomDevice.cs|Disconnect|299|Disconnecting from ASCOM.EAF.Focuser ZWO Focuser (1)
2025-08-14T02:06:00.6520|INFO|FocuserVM.cs|Disconnect|426|Disconnected Focuser
2025-08-14T02:06:00.6549|INFO|RotatorVM.cs|Disconnect|438|Disconnected Rotator
2025-08-14T02:06:00.6569|INFO|SwitchVM.cs|Disconnect|298|Disconnected Switch
2025-08-14T02:06:00.6587|INFO|AscomDevice.cs|Disconnect|299|Disconnecting from ASCOM.SkyAlert.ObservingConditions SkyAlert Observing Conditions
2025-08-14T02:06:00.6706|INFO|WeatherDataVM.cs|Disconnect|292|Disconnected Weather Device
2025-08-14T02:06:00.6722|INFO|AscomDevice.cs|Disconnect|299|Disconnecting from ASCOM.Hub.SafetyMonitor SafetyMonitor Hub
2025-08-14T02:06:00.9384|INFO|SafetyMonitorVM.cs|Disconnect|208|Disconnected Safety Monitor
