----------------------------------------------------------------------
--------------N.I.N.A. - Nighttime Imaging 'N' Astronomy--------------
--------------------------Version 3.1.2.9001--------------------------
-------------------------2025-09-18T09:47:35--------------------------
----------------------------------------------------------------------
---------------------Microsoft Windows 10.0.19045---------------------
-------------------------OS Architecture X64--------------------------
-----------------------Process Architecture X64-----------------------
------------------------------.NET 8.0.8------------------------------
----------------------------------------------------------------------
--------------------------Processor Count 4---------------------------
--------------------Total Physical Memory 7.84 GB---------------------
----------------------------------------------------------------------
DATE|LEVEL|SOURCE|MEMBER|LINE|MESSAGE
2025-09-18T09:47:35.2995|INFO|CameraChooserVM.cs|GetEquipment|69|Found 2 ASI Cameras
2025-09-18T09:47:36.1068|INFO|CameraChooserVM.cs|GetEquipment|84|Found 0 Altair Cameras
2025-09-18T09:47:37.1215|INFO|CameraChooserVM.cs|GetEquipment|96|Found 0 Atik Cameras
2025-09-18T09:47:37.1231|INFO|CameraChooserVM.cs|GetEquipment|110|Found 0 FLI Cameras
2025-09-18T09:47:38.4647|INFO|CameraChooserVM.cs|GetEquipment|130|Found 0 QHYCCD Cameras
2025-09-18T09:47:39.0319|INFO|CameraChooserVM.cs|GetEquipment|158|Found 0 ToupTek Cameras
2025-09-18T09:47:39.1847|INFO|CameraChooserVM.cs|GetEquipment|173|Found 0 Ogma Cameras
2025-09-18T09:47:39.3454|INFO|CameraChooserVM.cs|GetEquipment|188|Found 0 Omegon Cameras
2025-09-18T09:47:39.9899|INFO|CameraChooserVM.cs|GetEquipment|203|Found 0 RisingCam Cameras
2025-09-18T09:47:40.1516|INFO|CameraChooserVM.cs|GetEquipment|218|Found 0 MallinCam Cameras
2025-09-18T09:47:40.1551|INFO|CameraChooserVM.cs|GetEquipment|244|Found 0 SBIG Cameras
2025-09-18T09:47:41.4185|INFO|PluginLoader.cs|LoadPlugin|416|Successfully loaded plugin Autofocus Report Analysis version 2.0.0.9 by Stefan Berg @isbeorn
2025-09-18T09:47:41.8401|INFO|PluginLoader.cs|LoadPlugin|416|Successfully loaded plugin Connector version 2.0.3.0 by Stefan Berg
2025-09-18T09:47:42.0609|INFO|PluginLoader.cs|LoadPlugin|416|Successfully loaded plugin Device Actions and Commands version 2.2.0.0 by Dale Ghent
2025-09-18T09:47:43.1391|INFO|PluginLoader.cs|LoadPlugin|416|Successfully loaded plugin Discord Alert version 2.2.0.0 by Drew McDermott
2025-09-18T09:47:43.9898|INFO|PluginLoader.cs|LoadPlugin|416|Successfully loaded plugin Discord Notification version 1.0.0.1 by Daniel Ludwig
2025-09-18T09:47:44.1976|INFO|PluginLoader.cs|LoadPlugin|416|Successfully loaded plugin Filter Offset Calculator version 2.0.0.0 by S. Dimant & Stefan Berg
2025-09-18T09:47:44.4217|INFO|PluginLoader.cs|LoadPlugin|416|Successfully loaded plugin Flexure Correction version 0.8.0.0 by Francesco Meschia
2025-09-18T09:47:45.2215|INFO|ApplicationVM.cs|CheckDiskInfo|100|Available Space on Drive C:\: 157.59 GB
2025-09-18T09:47:45.2281|INFO|ApplicationVM.cs|CheckDiskInfo|102|Drive E:\ is not ready
2025-09-18T09:47:45.2298|INFO|ApplicationVM.cs|CheckDiskInfo|100|Available Space on Drive G:\: 60.45 GB
2025-09-18T09:47:45.2386|INFO|ApplicationVM.cs|CheckDiskInfo|100|Available Space on Drive Z:\: 32.05 GB
2025-09-18T09:47:45.9970|INFO|ApplicationVM.cs|CheckASCOMPlatformVersion|81|ASCOM Platform 6.6.2.4195 installed
2025-09-18T09:47:47.0721|INFO|PluginLoader.cs|LoadPlugin|416|Successfully loaded plugin Ground Station version 2.4.1.0 by Dale Ghent
2025-09-18T09:47:59.4009|INFO|PluginLoader.cs|LoadPlugin|416|Successfully loaded plugin Hocus Focus version 3.0.0.21 by George Hilios (jokogeo)
2025-09-18T09:48:00.3694|INFO|PluginLoader.cs|LoadPlugin|416|Successfully loaded plugin Horizon Creator version 1.1.2.0 by Christian Palm
2025-09-18T09:48:00.5693|INFO|PluginLoader.cs|LoadPlugin|416|Successfully loaded plugin Moon Angle version 2.2.0.0 by Dale Ghent
2025-09-18T09:48:00.9104|INFO|PluginLoader.cs|LoadPlugin|416|Successfully loaded plugin PixInsight Tools version 1.0.0.3 by Stefan Berg
2025-09-18T09:48:03.7798|WARNING|When.cs|GetRunningItem|143|Can't get running items: SequencerNavigation not initialized yet!
2025-09-18T09:48:04.0701|INFO|PluginLoader.cs|LoadPlugin|416|Successfully loaded plugin Sequencer Powerups version 3.28.4.4 by Marc Blank
2025-09-18T09:48:04.2152|INFO|PluginLoader.cs|LoadPlugin|416|Successfully loaded plugin Shutdown PC version 2.2.0.0 by Dale Ghent
2025-09-18T09:48:04.6780|INFO|PluginLoader.cs|LoadPlugin|416|Successfully loaded plugin Smart Filters version 1.0.0.3 by Benoit SAINTOT
2025-09-18T09:48:05.3468|INFO|PluginLoader.cs|LoadPlugin|416|Successfully loaded plugin Target Planning version 3.2.1.0 by Tom Palmer @tcpalmer
2025-09-18T09:48:07.1639|ERROR|DllLoader.cs|LoadDllFromAbsolutePath|53|DllLoader failed to load library C:\Program Files\N.I.N.A. - Nighttime Imaging 'N' Astronomy\External\x64\SQLite\SQLite.Interop.dll due to error code 126
2025-09-18T09:48:08.2749|INFO|PluginLoader.cs|LoadPlugin|416|Successfully loaded plugin Target Scheduler version 5.7.3.0 by Tom Palmer @tcpalmer
2025-09-18T09:48:08.7296|INFO|PluginLoader.cs|LoadPlugin|416|Successfully loaded plugin Three Point Polar Alignment version 2.2.4.1 by Stefan Berg @isbeorn
2025-09-18T09:48:08.7467|INFO|PluginFetcher.cs|RequestAll|43|Fetching plugin manifests from https://nighttime-imaging.eu/wp-json/nina/v1/plugins/manifests
2025-09-18T09:48:08.7935|WARNING|When.cs|GetRunningItem|143|Can't get running items: SequencerNavigation not initialized yet!
2025-09-18T09:48:08.9788|INFO|CameraChooserVM.cs|GetEquipment|264|Found 0 SVBony Cameras
2025-09-18T09:48:09.1987|INFO|CameraChooserVM.cs|GetEquipment|264|Found 0 PlayerOne Cameras
2025-09-18T09:48:09.3318|INFO|CameraChooserVM.cs|GetEquipment|264|Found 0 ASTPAN Cameras
2025-09-18T09:48:09.3354|INFO|CameraChooserVM.cs|GetEquipment|278|Found 4 ASCOM Cameras
2025-09-18T09:48:09.9759|INFO|Sequence2VM.cs|TryLoadSequenceFile|356|Loading sequence file: C:\Users\nicka\Astro\NINA\NINA_Sequences\CurrentSequence.json
2025-09-18T09:48:10.1849|INFO|PluginFetcher.cs|RequestAll|57|Found 58 valid plugins at https://nighttime-imaging.eu/wp-json/nina/v1/plugins/manifests
2025-09-18T09:48:10.3217|INFO|Sequence2VM.cs|TryLoadSequenceFile|362|Starting sequence from command line options
2025-09-18T09:48:10.3247|INFO|Sequence2VM.cs|StartSequence|485|Advanced Sequence starting
2025-09-18T09:48:10.3461|INFO|SequenceItem.cs|Run|208|Starting Category: * Instruction Set *, Container: NINA.Sequencer.Container.SequenceRootContainer, Strategy: SequentialStrategy, Items[CREATED]: 3
2025-09-18T09:48:10.3550|INFO|SequenceItem.cs|Run|208|Starting Category: * Instruction Set *, Container: NINA.Sequencer.Container.StartAreaContainer, Strategy: SequentialStrategy, Items[CREATED]: 1
2025-09-18T09:48:10.3557|INFO|SequenceItem.cs|Run|208|Starting Category: Powerups (Misc), Item: TemplateByReference, TemplateName: Startup
2025-09-18T09:48:10.3571|INFO|SequenceItem.cs|Run|208|Starting Template Container Category: Powerups (Misc), Item: TemplateByReference, TemplateName: Startup
2025-09-18T09:48:10.3591|INFO|SequenceItem.cs|Run|254|Finishing Template Container Category: Powerups (Misc), Item: TemplateByReference, TemplateName: Startup
2025-09-18T09:48:10.3601|INFO|SequenceItem.cs|Run|254|Finishing Category: Powerups (Misc), Item: TemplateByReference, TemplateName: Startup
2025-09-18T09:48:10.3655|INFO|SequenceItem.cs|Run|254|Finishing Category: * Instruction Set *, Container: NINA.Sequencer.Container.StartAreaContainer, Strategy: SequentialStrategy, Items[FINISHED]: 1
2025-09-18T09:48:10.3659|INFO|SequenceItem.cs|Run|208|Starting Category: * Instruction Set *, Container: NINA.Sequencer.Container.TargetAreaContainer, Strategy: SequentialStrategy, Items[CREATED]: 1
2025-09-18T09:48:10.3665|INFO|SequenceItem.cs|Run|208|Starting Category: * Instruction Set *, Container: NINA.Sequencer.Container.SequentialContainer, Strategy: SequentialStrategy, Items[CREATED]: 1, Conditions: Condition: TimeCondition, Time: 6:29:31h, 
2025-09-18T09:48:10.3685|INFO|TimeCondition.cs|Check|248|TimeCondition finished.
2025-09-18T09:48:10.3691|INFO|SequenceItem.cs|Run|254|Finishing Category: * Instruction Set *, Container: NINA.Sequencer.Container.SequentialContainer, Strategy: SequentialStrategy, Items[SKIPPED]: 1, Conditions: Condition: TimeCondition, Time: 6:29:31h, 
2025-09-18T09:48:10.3693|INFO|SequenceItem.cs|Run|254|Finishing Category: * Instruction Set *, Container: NINA.Sequencer.Container.TargetAreaContainer, Strategy: SequentialStrategy, Items[FINISHED]: 1
2025-09-18T09:48:10.3695|INFO|SequenceItem.cs|Run|208|Starting Category: * Instruction Set *, Container: NINA.Sequencer.Container.EndAreaContainer, Strategy: SequentialStrategy, Items[CREATED]: 1
2025-09-18T09:48:10.3698|INFO|SequenceItem.cs|Run|208|Starting Category: Powerups (Misc), Item: TemplateByReference, TemplateName: Sequence End
2025-09-18T09:48:10.3698|INFO|SequenceItem.cs|Run|208|Starting Template Container Category: Powerups (Misc), Item: TemplateByReference, TemplateName: Sequence End
2025-09-18T09:48:10.3699|INFO|SequenceItem.cs|Run|254|Finishing Template Container Category: Powerups (Misc), Item: TemplateByReference, TemplateName: Sequence End
2025-09-18T09:48:10.3700|INFO|SequenceItem.cs|Run|254|Finishing Category: Powerups (Misc), Item: TemplateByReference, TemplateName: Sequence End
2025-09-18T09:48:10.3702|INFO|SequenceItem.cs|Run|254|Finishing Category: * Instruction Set *, Container: NINA.Sequencer.Container.EndAreaContainer, Strategy: SequentialStrategy, Items[FINISHED]: 1
2025-09-18T09:48:10.3703|INFO|SequenceItem.cs|Run|254|Finishing Category: * Instruction Set *, Container: NINA.Sequencer.Container.SequenceRootContainer, Strategy: SequentialStrategy, Items[FINISHED]: 3
2025-09-18T09:48:10.4156|INFO|Sequence2VM.cs|StartSequence|490|Advanced Sequence finished
2025-09-18T09:48:10.8218|INFO|WeatherDataChooserVM.cs|GetEquipment|69|Found 0 Alpaca Observing Conditions
2025-09-18T09:48:10.8218|INFO|SwitchChooserVM.cs|GetEquipment|71|Found 0 Alpaca Switch Hubs
2025-09-18T09:48:10.8403|INFO|DomeChooserVM.cs|GetEquipment|67|Found 0 Alpaca Domes
2025-09-18T09:48:10.8470|INFO|RotatorChooserVM.cs|GetEquipment|68|Found 0 Alpaca Rotators
2025-09-18T09:48:10.9103|INFO|FocuserChooserVM.cs|GetEquipment|67|Found 0 Alpaca Focusers
2025-09-18T09:48:11.3417|INFO|CameraChooserVM.cs|GetEquipment|290|Found 0 Alpaca Cameras
2025-09-18T09:48:11.3471|INFO|CameraChooserVM.cs|GetEquipment|303|Found 0 Canon Cameras
2025-09-18T09:48:11.5003|INFO|DockManagerVM.cs|InitializeAvalonDockLayout|356|Initializing imaging tab layout from C:\Users\nicka\AppData\Local\NINA\Profiles\0173997c-4bfa-48fd-9337-a48b6df99c38.dock.config
2025-09-18T09:48:11.6536|INFO|FlatDeviceChooserVM.cs|GetEquipment|67|Found 0 Alpaca Cover Calibrators
2025-09-18T09:48:11.6563|INFO|SafetyMonitorChooserVM.cs|GetEquipment|71|Found 0 Alpaca Safety Monitors
2025-09-18T09:48:11.6832|INFO|TelescopeChooserVM.cs|GetEquipment|69|Found 0 Alpaca Telescopes
2025-09-18T09:48:11.7137|INFO|FilterWheelChooserVM.cs|GetEquipment|193|Found 0 Alpaca Filter Wheels
2025-09-18T09:49:01.7676|INFO|ApplicationVM.cs|Closing|288|Application shutting down
2025-09-18T09:49:01.8074|INFO|DomeVM.cs|Disconnect|336|Disconnected Dome Device
2025-09-18T09:49:01.8117|INFO|FlatDeviceVM.cs|Disconnect|279|Disconnected Flat Device
2025-09-18T09:49:01.8220|INFO|CameraVM.cs|Disconnect|645|Disconnected Camera
2025-09-18T09:49:01.8422|INFO|TelescopeVM.cs|Disconnect|763|Disconnected mount
2025-09-18T09:49:01.8445|INFO|FilterWheelVM.cs|Disconnect|324|Disconnected Filter Wheel
2025-09-18T09:49:01.8467|INFO|FocuserVM.cs|Disconnect|426|Disconnected Focuser
2025-09-18T09:49:01.8501|INFO|RotatorVM.cs|Disconnect|438|Disconnected Rotator
2025-09-18T09:49:01.8526|INFO|SwitchVM.cs|Disconnect|298|Disconnected Switch
2025-09-18T09:49:01.8558|INFO|WeatherDataVM.cs|Disconnect|292|Disconnected Weather Device
2025-09-18T09:49:01.8582|INFO|SafetyMonitorVM.cs|Disconnect|208|Disconnected Safety Monitor
