----------------------------------------------------------------------
--------------N.I.N.A. - Nighttime Imaging 'N' Astronomy--------------
--------------------------Version 3.2.0.9001--------------------------
-------------------------2025-12-12T10:36:47--------------------------
----------------------------------------------------------------------
---------------------Microsoft Windows 10.0.19045---------------------
-------------------------OS Architecture X64--------------------------
-----------------------Process Architecture X64-----------------------
-----------------------------.NET 8.0.21------------------------------
----------------------------------------------------------------------
--------------------------Processor Count 4---------------------------
--------------------Total Physical Memory 7.84 GB---------------------
----------------------------------------------------------------------
DATE|LEVEL|SOURCE|MEMBER|LINE|MESSAGE
2025-12-12T10:36:47.4110|INFO|App.xaml.cs|OnStartup|170|Launched with command line arguments: --sequencefile C:\Users\nicka\Astro\NINA\NINA_Sequences\TargetScheduler.json --runsequence
2025-12-12T10:36:50.5500|INFO|CameraChooserVM.cs|GetEquipment|69|Found 2 ASI Cameras
2025-12-12T10:36:50.7862|INFO|CameraChooserVM.cs|GetEquipment|84|Found 0 Altair Cameras
2025-12-12T10:36:51.2634|INFO|CameraChooserVM.cs|GetEquipment|96|Found 0 Atik Cameras
2025-12-12T10:36:51.3872|INFO|CameraChooserVM.cs|GetEquipment|110|Found 0 FLI Cameras
2025-12-12T10:36:52.7145|INFO|CameraChooserVM.cs|GetEquipment|130|Found 0 QHYCCD Cameras
2025-12-12T10:36:53.2449|INFO|CameraChooserVM.cs|GetEquipment|158|Found 0 ToupTek Cameras
2025-12-12T10:36:53.3847|INFO|CameraChooserVM.cs|GetEquipment|173|Found 0 Ogma Cameras
2025-12-12T10:36:53.5507|INFO|CameraChooserVM.cs|GetEquipment|188|Found 0 Omegon Cameras
2025-12-12T10:36:54.3635|INFO|CameraChooserVM.cs|GetEquipment|203|Found 0 RisingCam Cameras
2025-12-12T10:36:54.5307|INFO|CameraChooserVM.cs|GetEquipment|218|Found 0 MallinCam Cameras
2025-12-12T10:36:54.6785|INFO|CameraChooserVM.cs|GetEquipment|243|Found 0 SVBony Cameras
2025-12-12T10:36:54.6818|INFO|CameraChooserVM.cs|GetEquipment|259|Found 0 SBIG Cameras
2025-12-12T10:36:59.1133|INFO|API.cs|Start|99|Starting Webserver
2025-12-12T10:36:59.1148|INFO|API.cs|APITask|134|starting web server, listening at 172.19.6.111:1888
2025-12-12T10:36:59.3441|INFO|NINALogWatcher.cs|Start|33|watching log file: C:\Users\nicka\AppData\Local\NINA\Logs\20251212-103646-3.2.0.9001.12904-202512.log
2025-12-12T10:36:59.3850|INFO|PluginLoader.cs|LoadPlugin|402|Successfully loaded plugin Advanced API version 2.2.13.0 by Christian Palm
2025-12-12T10:36:59.5760|INFO|PluginLoader.cs|LoadPlugin|402|Successfully loaded plugin Autofocus Report Analysis version 2.0.0.9 by Stefan Berg @isbeorn
2025-12-12T10:36:59.8842|INFO|PluginLoader.cs|LoadPlugin|402|Successfully loaded plugin Connector version 2.1.0.2 by Stefan Berg @isbeorn
2025-12-12T10:37:00.1045|INFO|PluginLoader.cs|LoadPlugin|402|Successfully loaded plugin Device Actions and Commands version 2.2.0.0 by Dale Ghent
2025-12-12T10:37:00.4245|INFO|ApplicationVM.cs|CheckDiskInfo|100|Available Space on Drive C:\: 140.58 GB
2025-12-12T10:37:00.4310|INFO|ApplicationVM.cs|CheckDiskInfo|102|Drive E:\ is not ready
2025-12-12T10:37:00.4468|INFO|ApplicationVM.cs|CheckDiskInfo|100|Available Space on Drive G:\: 37.78 GB
2025-12-12T10:37:00.4569|INFO|ApplicationVM.cs|CheckDiskInfo|100|Available Space on Drive Z:\: 27.35 GB
2025-12-12T10:37:01.2372|INFO|ApplicationVM.cs|CheckASCOMPlatformVersion|81|ASCOM Platform 6.6.2.4195 installed
2025-12-12T10:37:01.5088|INFO|PluginLoader.cs|LoadPlugin|402|Successfully loaded plugin Discord Alert version 2.2.0.0 by Drew McDermott
2025-12-12T10:37:02.9929|INFO|PluginLoader.cs|LoadPlugin|402|Successfully loaded plugin Discord Notification version 2.0.0.8 by Daniel Ludwig
2025-12-12T10:37:03.9639|INFO|DitherStatisticsVM.cs|CreatePluginIcon|1365|Plugin icon geometry created successfully
2025-12-12T10:37:03.9897|INFO|DitherStatisticsVM.cs|LoadDataTemplates|1334|DitherStatistics DataTemplates loaded successfully
2025-12-12T10:37:03.9931|INFO|DitherStatisticsVM.cs|SaveQualityAssessmentSetting|383|Quality Assessment setting saved to file: True
2025-12-12T10:37:03.9933|INFO|DitherStatisticsVM.cs|LoadQualityAssessmentSetting|360|Quality Assessment setting loaded from file: True
2025-12-12T10:37:03.9939|INFO|DitherStatisticsVM.cs|SubscribeToGuiderEvents|716|Subscribed to NINA guider events
2025-12-12T10:37:03.9976|ERROR|DitherStatisticsVM.cs|GetThemeColor|1319|Failed to get theme color 'PrimaryBrush': The calling thread cannot access this object because a different thread owns it.
2025-12-12T10:37:03.9978|INFO|DitherStatisticsVM.cs|StartThemeColorMonitoring|1211|Initial PrimaryBrush color: R:255 G:255 B:255
2025-12-12T10:37:03.9979|INFO|DitherStatisticsVM.cs|.ctor|92|DitherStatisticsVM initialized successfully with ScottPlot 4.1 (Lazy Loading)!
2025-12-12T10:37:03.9983|INFO|DitherStatisticsVM.cs|StartThemeColorMonitoring|1220|Theme color monitoring timer started on UI thread
2025-12-12T10:37:03.9986|INFO|PluginLoader.cs|LoadPlugin|402|Successfully loaded plugin Dither Statistics version 1.2.0.4 by Thierry Tschanz
2025-12-12T10:37:04.1739|INFO|PluginLoader.cs|LoadPlugin|402|Successfully loaded plugin Filter Offset Calculator version 2.0.0.0 by S. Dimant & Stefan Berg
2025-12-12T10:37:04.3798|INFO|PluginLoader.cs|LoadPlugin|402|Successfully loaded plugin Flexure Correction version 0.8.0.0 by Francesco Meschia
2025-12-12T10:37:04.4998|INFO|DitherStatisticsVM.cs|OnThemeColorTimerTick|1239|Theme color CHANGED! Old: R:255 G:255 B:255 -> New: R:176 G:179 B:185
2025-12-12T10:37:04.6209|INFO|DitherStatisticsVM.cs|PixelShiftPlot|132|PixelShiftPlot created (lazy loading)
2025-12-12T10:37:04.6504|INFO|DitherStatisticsVM.cs|SettleTimePlot|173|SettleTimePlot created (lazy loading)
2025-12-12T10:37:05.9968|INFO|DitherStatisticsVM.cs|ConnectToPHD2|590|Attempting to connect to PHD2...
2025-12-12T10:37:05.9985|INFO|PHD2Client.cs|ConnectAsync|48|PHD2Client: Connecting to PHD2 at 127.0.0.1:4400...
2025-12-12T10:37:06.9109|INFO|PluginLoader.cs|LoadPlugin|402|Successfully loaded plugin Ground Station version 3.0.0.117 by Dale Ghent
2025-12-12T10:37:08.0217|ERROR|PHD2Client.cs|ConnectAsync|69|PHD2Client: Connection failed: No connection could be made because the target machine actively refused it.
2025-12-12T10:37:08.0222|INFO|DitherStatisticsVM.cs|OnPHD2ConnectionStatusChanged|619|PHD2 Connection Status: Connection failed: No connection could be made because the target machine actively refused it.
2025-12-12T10:37:17.6349|INFO|PluginLoader.cs|LoadPlugin|402|Successfully loaded plugin Hocus Focus version 3.0.0.24 by George Hilios (jokogeo)
2025-12-12T10:37:18.4768|INFO|PluginLoader.cs|LoadPlugin|402|Successfully loaded plugin Horizon Creator version 1.1.2.0 by Christian Palm
2025-12-12T10:37:18.6751|INFO|PluginLoader.cs|LoadPlugin|402|Successfully loaded plugin Lightbucket version 2.2.4.0 by Lightbucket
2025-12-12T10:37:19.4606|INFO|PluginLoader.cs|LoadPlugin|402|Successfully loaded plugin Livestack version 1.0.1.7 by Stefan Berg @isbeorn
2025-12-12T10:37:19.6646|INFO|PluginLoader.cs|LoadPlugin|402|Successfully loaded plugin Log Viewer version 1.0.0.2 by Alexander Wrede @astro_alex80
2025-12-12T10:37:19.8535|INFO|PluginLoader.cs|LoadPlugin|402|Successfully loaded plugin Moon Angle version 2.2.0.0 by Dale Ghent
2025-12-12T10:37:20.1592|INFO|PluginLoader.cs|LoadPlugin|402|Successfully loaded plugin Phd2 Tools version 1.0.6.0 by Stefan Berg @isbeorn
2025-12-12T10:37:20.4928|INFO|PluginLoader.cs|LoadPlugin|402|Successfully loaded plugin PixInsight Tools version 1.0.0.3 by Stefan Berg
2025-12-12T10:37:21.2534|INFO|PluginLoader.cs|LoadPlugin|402|Successfully loaded plugin Point3D version 0.2.3.0 by Drew McDermott
2025-12-12T10:37:21.5387|INFO|PluginLoader.cs|LoadPlugin|402|Successfully loaded plugin Scope Control version 2.0.2.1 by Stefan Berg @isbeorn
2025-12-12T10:37:23.2392|WARNING|When.cs|GetRunningItem|143|Can't get running items: SequencerNavigation not initialized yet!
2025-12-12T10:37:23.5094|INFO|PluginLoader.cs|LoadPlugin|402|Successfully loaded plugin Sequencer Powerups version 3.28.6.1 by Marc Blank
2025-12-12T10:37:24.2286|INFO|PluginLoader.cs|LoadPlugin|402|Successfully loaded plugin Session Metadata version 2.6.3.0 by Tom Palmer @tcpalmer
2025-12-12T10:37:24.3622|INFO|PluginLoader.cs|LoadPlugin|402|Successfully loaded plugin Shutdown PC version 2.2.0.0 by Dale Ghent
2025-12-12T10:37:24.6064|INFO|PluginLoader.cs|LoadPlugin|402|Successfully loaded plugin SkyFlats version 1.0.0.4 by Gerald Hitz (@photon)
2025-12-12T10:37:25.0020|INFO|PluginLoader.cs|LoadPlugin|402|Successfully loaded plugin Smart Filters version 1.0.0.3 by Benoit SAINTOT
2025-12-12T10:37:25.4682|INFO|PluginLoader.cs|LoadPlugin|402|Successfully loaded plugin Target Planning version 3.2.1.0 by Tom Palmer @tcpalmer
2025-12-12T10:37:28.2486|WARNING|When.cs|GetRunningItem|143|Can't get running items: SequencerNavigation not initialized yet!
2025-12-12T10:37:28.7432|INFO|PluginLoader.cs|LoadPlugin|402|Successfully loaded plugin Target Scheduler version 5.8.3.0 by Tom Palmer @tcpalmer
2025-12-12T10:37:29.1436|INFO|PluginLoader.cs|LoadPlugin|402|Successfully loaded plugin Three Point Polar Alignment version 2.2.4.2 by Stefan Berg @isbeorn
2025-12-12T10:37:30.6007|INFO|SessionHistoryManager.cs|PurgeHistoryOlderThan|102|purging web session history older than 10 days
2025-12-12T10:37:30.7061|INFO|PluginLoader.cs|LoadPlugin|402|Successfully loaded plugin Web Session History Viewer version 2.2.1.0 by Tom Palmer @tcpalmer
2025-12-12T10:37:31.1049|INFO|PluginFetcher.cs|RequestAll|43|Fetching plugin manifests from https://nighttime-imaging.eu/wp-json/nina/v1/plugins/manifests
2025-12-12T10:37:31.2473|INFO|FilterWheelChooserVM.cs|GetEquipment|167|Found 1 Networked Filter Wheel Filter Wheels
2025-12-12T10:37:31.4939|INFO|RotatorChooserVM.cs|GetEquipment|45|Found 1 Networked Rotator Rotators
2025-12-12T10:37:31.7370|INFO|Sequence2VM.cs|TryLoadSequenceFile|414|Loading sequence file: C:\Users\nicka\Astro\NINA\NINA_Sequences\TargetScheduler.json
2025-12-12T10:37:31.9886|INFO|CameraChooserVM.cs|GetEquipment|279|Found 0 SVBony Cameras
2025-12-12T10:37:32.1955|INFO|CameraChooserVM.cs|GetEquipment|279|Found 0 PlayerOne Cameras
2025-12-12T10:37:32.3091|INFO|CameraChooserVM.cs|GetEquipment|279|Found 0 ASTPAN Cameras
2025-12-12T10:37:32.3114|INFO|CameraChooserVM.cs|GetEquipment|293|Found 4 ASCOM Cameras
2025-12-12T10:37:32.4044|INFO|Sequence2VM.cs|TryLoadSequenceFile|420|Starting sequence from command line options
2025-12-12T10:37:32.4082|INFO|Sequence2VM.cs|StartSequence|543|Advanced Sequence starting
2025-12-12T10:37:34.2793|INFO|WeatherDataChooserVM.cs|GetEquipment|69|Found 0 Alpaca Observing Conditions
2025-12-12T10:37:34.2856|INFO|SafetyMonitorChooserVM.cs|GetEquipment|71|Found 0 Alpaca Safety Monitors
2025-12-12T10:37:34.3989|INFO|PluginFetcher.cs|RequestAll|57|Found 67 valid plugins at https://nighttime-imaging.eu/wp-json/nina/v1/plugins/manifests
2025-12-12T10:37:34.4167|INFO|CameraChooserVM.cs|GetEquipment|305|Found 0 Alpaca Cameras
2025-12-12T10:37:34.4219|INFO|DomeChooserVM.cs|GetEquipment|67|Found 0 Alpaca Domes
2025-12-12T10:37:34.4299|INFO|TelescopeChooserVM.cs|GetEquipment|69|Found 0 Alpaca Telescopes
2025-12-12T10:37:34.4318|INFO|RotatorChooserVM.cs|GetEquipment|68|Found 0 Alpaca Rotators
2025-12-12T10:37:34.4388|INFO|FlatDeviceChooserVM.cs|GetEquipment|67|Found 0 Alpaca Cover Calibrators
2025-12-12T10:37:34.4446|INFO|SwitchChooserVM.cs|GetEquipment|71|Found 0 Alpaca Switch Hubs
2025-12-12T10:37:34.4467|INFO|FilterWheelChooserVM.cs|GetEquipment|193|Found 0 Alpaca Filter Wheels
2025-12-12T10:37:34.4471|INFO|CameraChooserVM.cs|GetEquipment|318|Found 0 Canon Cameras
2025-12-12T10:37:34.5421|INFO|DockManagerVM.cs|InitializeAvalonDockLayout|366|Initializing imaging tab layout from C:\Users\nicka\AppData\Local\NINA\Profiles\0173997c-4bfa-48fd-9337-a48b6df99c38.dock.config
2025-12-12T10:37:34.6680|INFO|SequenceItem.cs|Run|208|Starting Category: * Instruction Set *, Container: NINA.Sequencer.Container.SequenceRootContainer, Strategy: SequentialStrategy, Items[CREATED]: 3, Triggers: Category: Ground Station, Item: Failures to Telegram
2025-12-12T10:37:34.6825|INFO|SequenceItem.cs|Run|208|Starting Category: * Instruction Set *, Container: NINA.Sequencer.Container.StartAreaContainer, Strategy: SequentialStrategy, Items[CREATED]: 1
2025-12-12T10:37:34.6835|INFO|SequenceItem.cs|Run|208|Starting Category: * Instruction Set *, Container: NINA.Sequencer.Container.SequentialContainer, Strategy: SequentialStrategy, Items[CREATED]: 10
2025-12-12T10:37:34.6844|INFO|SequenceItem.cs|Run|208|Starting Category: Ground Station, Item: Send to Pushover, Title: Start
2025-12-12T10:37:34.9439|INFO|SequenceItem.cs|Run|254|Finishing Category: Ground Station, Item: Send to Pushover, Title: Start
2025-12-12T10:37:34.9482|INFO|SequenceItem.cs|Run|208|Starting Category: Utility, Item: WaitForTime, Time: 18:1:51h, Offset: -30
2025-12-12T10:37:36.0864|INFO|FocuserChooserVM.cs|GetEquipment|84|Found 0 Alpaca Focusers
2025-12-12T16:32:44.3792|INFO|ApplicationDeviceConnectionVM.cs|UsbDeviceWatcher_DeviceRemoved|237|USB Device disconnected DeviceId: USB\VID_04B4&PID_6572\7&2414095C&0&2, PnpDeviceId: USB\VID_04B4&PID_6572\7&2414095C&0&2, Description: Generic USB Hub, Name: Generic USB Hub, Manufacturer: (Standard USB HUBs), Service: USBHUB3, Status: OK
2025-12-12T16:32:44.3795|INFO|ApplicationDeviceConnectionVM.cs|UsbDeviceWatcher_DeviceRemoved|237|USB Device disconnected DeviceId: USB\VID_03C3&PID_1F01\8&2CE6183B&0&3, PnpDeviceId: USB\VID_03C3&PID_1F01\8&2CE6183B&0&3, Description: USB Input Device, Name: USB Input Device, Manufacturer: (Standard system devices), Service: HidUsb, Status: OK
2025-12-12T16:32:44.3795|INFO|ApplicationDeviceConnectionVM.cs|UsbDeviceWatcher_DeviceRemoved|237|USB Device disconnected DeviceId: USB\VID_03C3&PID_533E\8&2CE6183B&0&1, PnpDeviceId: USB\VID_03C3&PID_533E\8&2CE6183B&0&1, Description: ZWO ASI533MM Pro Camera, Name: ZWO ASI533MM Pro Camera, Manufacturer: ZWO, Service: ASICAMUSB3, Status: OK
2025-12-12T16:32:44.3795|INFO|ApplicationDeviceConnectionVM.cs|UsbDeviceWatcher_DeviceRemoved|237|USB Device disconnected DeviceId: USB\VID_03C3&PID_120C\8&2CE6183B&0&2, PnpDeviceId: USB\VID_03C3&PID_120C\8&2CE6183B&0&2, Description: ZWO ASI120MM Mini Camera, Name: ZWO ASI120MM Mini Camera, Manufacturer: ZWO, Service: ASICAMUSB3, Status: OK
2025-12-12T16:33:02.5764|INFO|ApplicationDeviceConnectionVM.cs|UsbDeviceWatcher_DeviceRemoved|237|USB Device disconnected DeviceId: USB\VID_03C3&PID_1F10\7&2414095C&0&1, PnpDeviceId: USB\VID_03C3&PID_1F10\7&2414095C&0&1, Description: USB Input Device, Name: USB Input Device, Manufacturer: (Standard system devices), Service: HidUsb, Status: OK
2025-12-12T16:33:02.5766|INFO|ApplicationDeviceConnectionVM.cs|UsbDeviceWatcher_DeviceRemoved|237|USB Device disconnected DeviceId: USB\VID_2109&PID_2817\6&26B592B5&0&3, PnpDeviceId: USB\VID_2109&PID_2817\6&26B592B5&0&3, Description: Generic USB Hub, Name: Generic USB Hub, Manufacturer: (Standard USB HUBs), Service: USBHUB3, Status: OK
2025-12-12T16:33:02.5766|INFO|ApplicationDeviceConnectionVM.cs|UsbDeviceWatcher_DeviceRemoved|237|USB Device disconnected DeviceId: USB\VID_2109&PID_8817\0000000000000001, PnpDeviceId: USB\VID_2109&PID_8817\0000000000000001, Description: Billboard Device, Name: USB Billboard Device   , Manufacturer: WinUsb Device, Service: WINUSB, Status: OK
2025-12-12T16:33:02.5766|INFO|ApplicationDeviceConnectionVM.cs|UsbDeviceWatcher_DeviceRemoved|237|USB Device disconnected DeviceId: USB\VID_1A40&PID_0101\5&14013D94&0&5, PnpDeviceId: USB\VID_1A40&PID_0101\5&14013D94&0&5, Description: Generic USB Hub, Name: Generic USB Hub, Manufacturer: (Standard USB HUBs), Service: USBHUB3, Status: OK
2025-12-12T16:33:02.5766|INFO|ApplicationDeviceConnectionVM.cs|UsbDeviceWatcher_DeviceRemoved|237|USB Device disconnected DeviceId: USB\VID_1233&PID_1455&MI_00\7&2FB465CB&0&0000, PnpDeviceId: USB\VID_1233&PID_1455&MI_00\7&2FB465CB&0&0000, Description: USB Video Device, Name: iOptron iPolar, Manufacturer: Microsoft, Service: usbvideo, Status: OK
2025-12-12T16:33:02.5768|INFO|ApplicationDeviceConnectionVM.cs|UsbDeviceWatcher_DeviceRemoved|237|USB Device disconnected DeviceId: USB\VID_1233&PID_1455\6&26B592B5&0&4, PnpDeviceId: USB\VID_1233&PID_1455\6&26B592B5&0&4, Description: USB Composite Device, Name: USB Composite Device, Manufacturer: (Standard USB Host Controller), Service: usbccgp, Status: OK
2025-12-12T16:33:03.6712|INFO|ApplicationDeviceConnectionVM.cs|UsbDeviceWatcher_DeviceInserted|232|New USB device detected DeviceId: USB\VID_1233&PID_1455\6&26B592B5&0&4, PnpDeviceId: USB\VID_1233&PID_1455\6&26B592B5&0&4, Description: USB Composite Device, Name: USB Composite Device, Manufacturer: (Standard USB Host Controller), Service: usbccgp, Status: OK
2025-12-12T16:58:36.8606|INFO|ApplicationDeviceConnectionVM.cs|UsbDeviceWatcher_DeviceRemoved|237|USB Device disconnected DeviceId: USB\VID_03C3&PID_1F10\7&2414095C&0&1, PnpDeviceId: USB\VID_03C3&PID_1F10\7&2414095C&0&1, Description: USB Input Device, Name: USB Input Device, Manufacturer: (Standard system devices), Service: HidUsb, Status: OK
2025-12-12T16:58:36.8608|INFO|ApplicationDeviceConnectionVM.cs|UsbDeviceWatcher_DeviceRemoved|237|USB Device disconnected DeviceId: USB\VID_2109&PID_2817\6&26B592B5&0&3, PnpDeviceId: USB\VID_2109&PID_2817\6&26B592B5&0&3, Description: Generic USB Hub, Name: Generic USB Hub, Manufacturer: (Standard USB HUBs), Service: USBHUB3, Status: OK
2025-12-12T16:58:36.8608|INFO|ApplicationDeviceConnectionVM.cs|UsbDeviceWatcher_DeviceRemoved|237|USB Device disconnected DeviceId: USB\VID_2109&PID_8817\0000000000000001, PnpDeviceId: USB\VID_2109&PID_8817\0000000000000001, Description: Billboard Device, Name: USB Billboard Device   , Manufacturer: WinUsb Device, Service: WINUSB, Status: OK
2025-12-12T16:58:36.8608|INFO|ApplicationDeviceConnectionVM.cs|UsbDeviceWatcher_DeviceRemoved|237|USB Device disconnected DeviceId: USB\VID_1233&PID_1455&MI_00\7&2FB465CB&0&0000, PnpDeviceId: USB\VID_1233&PID_1455&MI_00\7&2FB465CB&0&0000, Description: USB Video Device, Name: iOptron iPolar, Manufacturer: Microsoft, Service: usbvideo, Status: OK
2025-12-12T16:58:36.8609|INFO|ApplicationDeviceConnectionVM.cs|UsbDeviceWatcher_DeviceRemoved|237|USB Device disconnected DeviceId: USB\VID_1233&PID_1455\6&26B592B5&0&4, PnpDeviceId: USB\VID_1233&PID_1455\6&26B592B5&0&4, Description: USB Composite Device, Name: USB Composite Device, Manufacturer: (Standard USB Host Controller), Service: usbccgp, Status: OK
2025-12-12T16:58:37.8428|INFO|ApplicationDeviceConnectionVM.cs|UsbDeviceWatcher_DeviceInserted|232|New USB device detected DeviceId: USB\VID_1233&PID_1455\6&26B592B5&0&4, PnpDeviceId: USB\VID_1233&PID_1455\6&26B592B5&0&4, Description: USB Composite Device, Name: USB Composite Device, Manufacturer: (Standard USB Host Controller), Service: usbccgp, Status: OK
2025-12-12T16:58:38.1767|INFO|ApplicationDeviceConnectionVM.cs|UsbDeviceWatcher_DeviceInserted|232|New USB device detected DeviceId: USB\VID_03C3&PID_1F10\7&2414095C&0&1, PnpDeviceId: USB\VID_03C3&PID_1F10\7&2414095C&0&1, Description: USB Input Device, Name: USB Input Device, Manufacturer: (Standard system devices), Service: HidUsb, Status: OK
2025-12-12T16:58:39.0214|INFO|ApplicationDeviceConnectionVM.cs|UsbDeviceWatcher_DeviceInserted|232|New USB device detected DeviceId: USB\VID_2109&PID_8817\0000000000000001, PnpDeviceId: USB\VID_2109&PID_8817\0000000000000001, Description: Billboard Device, Name: USB Billboard Device   , Manufacturer: WinUsb Device, Service: WINUSB, Status: OK
2025-12-12T16:59:01.4695|INFO|ApplicationDeviceConnectionVM.cs|UsbDeviceWatcher_DeviceRemoved|237|USB Device disconnected DeviceId: USB\VID_03C3&PID_1F10\7&2414095C&0&1, PnpDeviceId: USB\VID_03C3&PID_1F10\7&2414095C&0&1, Description: USB Input Device, Name: USB Input Device, Manufacturer: (Standard system devices), Service: HidUsb, Status: OK
2025-12-12T16:59:01.4696|INFO|ApplicationDeviceConnectionVM.cs|UsbDeviceWatcher_DeviceRemoved|237|USB Device disconnected DeviceId: USB\VID_2109&PID_2817\6&26B592B5&0&3, PnpDeviceId: USB\VID_2109&PID_2817\6&26B592B5&0&3, Description: Generic USB Hub, Name: Generic USB Hub, Manufacturer: (Standard USB HUBs), Service: USBHUB3, Status: OK
2025-12-12T16:59:01.4697|INFO|ApplicationDeviceConnectionVM.cs|UsbDeviceWatcher_DeviceRemoved|237|USB Device disconnected DeviceId: USB\VID_2109&PID_8817\0000000000000001, PnpDeviceId: USB\VID_2109&PID_8817\0000000000000001, Description: Billboard Device, Name: USB Billboard Device   , Manufacturer: WinUsb Device, Service: WINUSB, Status: OK
2025-12-12T16:59:01.4697|INFO|ApplicationDeviceConnectionVM.cs|UsbDeviceWatcher_DeviceRemoved|237|USB Device disconnected DeviceId: USB\VID_1A40&PID_0101\5&14013D94&0&5, PnpDeviceId: USB\VID_1A40&PID_0101\5&14013D94&0&5, Description: Generic USB Hub, Name: Generic USB Hub, Manufacturer: (Standard USB HUBs), Service: USBHUB3, Status: OK
2025-12-12T16:59:01.4697|INFO|ApplicationDeviceConnectionVM.cs|UsbDeviceWatcher_DeviceRemoved|237|USB Device disconnected DeviceId: USB\VID_1233&PID_1455&MI_00\7&2FB465CB&0&0000, PnpDeviceId: USB\VID_1233&PID_1455&MI_00\7&2FB465CB&0&0000, Description: USB Video Device, Name: iOptron iPolar, Manufacturer: Microsoft, Service: usbvideo, Status: OK
2025-12-12T16:59:01.4697|INFO|ApplicationDeviceConnectionVM.cs|UsbDeviceWatcher_DeviceRemoved|237|USB Device disconnected DeviceId: USB\VID_1233&PID_1455\6&26B592B5&0&4, PnpDeviceId: USB\VID_1233&PID_1455\6&26B592B5&0&4, Description: USB Composite Device, Name: USB Composite Device, Manufacturer: (Standard USB Host Controller), Service: usbccgp, Status: OK
2025-12-12T16:59:02.6030|INFO|ApplicationDeviceConnectionVM.cs|UsbDeviceWatcher_DeviceInserted|232|New USB device detected DeviceId: USB\VID_1233&PID_1455\6&26B592B5&0&4, PnpDeviceId: USB\VID_1233&PID_1455\6&26B592B5&0&4, Description: USB Composite Device, Name: USB Composite Device, Manufacturer: (Standard USB Host Controller), Service: usbccgp, Status: OK
2025-12-12T16:59:02.9817|INFO|ApplicationDeviceConnectionVM.cs|UsbDeviceWatcher_DeviceInserted|232|New USB device detected DeviceId: USB\VID_03C3&PID_1F10\7&2414095C&0&1, PnpDeviceId: USB\VID_03C3&PID_1F10\7&2414095C&0&1, Description: USB Input Device, Name: USB Input Device, Manufacturer: (Standard system devices), Service: HidUsb, Status: OK
2025-12-12T16:59:02.9819|INFO|ApplicationDeviceConnectionVM.cs|UsbDeviceWatcher_DeviceInserted|232|New USB device detected DeviceId: USB\VID_2109&PID_8817\0000000000000001, PnpDeviceId: USB\VID_2109&PID_8817\0000000000000001, Description: Billboard Device, Name: USB Billboard Device   , Manufacturer: WinUsb Device, Service: WINUSB, Status: OK
2025-12-12T17:36:50.0839|INFO|ApplicationDeviceConnectionVM.cs|UsbDeviceWatcher_DeviceRemoved|237|USB Device disconnected DeviceId: USB\VID_0403&PID_6015\D30AAMKK, PnpDeviceId: USB\VID_0403&PID_6015\D30AAMKK, Description: USB Serial Converter, Name: USB Serial Converter, Manufacturer: FTDI, Service: FTDIBUS, Status: OK
2025-12-12T17:36:52.4857|INFO|ApplicationDeviceConnectionVM.cs|UsbDeviceWatcher_DeviceRemoved|237|USB Device disconnected DeviceId: USB\VID_03C3&PID_1F10\7&2414095C&0&1, PnpDeviceId: USB\VID_03C3&PID_1F10\7&2414095C&0&1, Description: USB Input Device, Name: USB Input Device, Manufacturer: (Standard system devices), Service: HidUsb, Status: OK
2025-12-12T17:36:52.4858|INFO|ApplicationDeviceConnectionVM.cs|UsbDeviceWatcher_DeviceRemoved|237|USB Device disconnected DeviceId: USB\VID_2109&PID_2817\6&26B592B5&0&3, PnpDeviceId: USB\VID_2109&PID_2817\6&26B592B5&0&3, Description: Generic USB Hub, Name: Generic USB Hub, Manufacturer: (Standard USB HUBs), Service: USBHUB3, Status: OK
2025-12-12T17:36:52.4858|INFO|ApplicationDeviceConnectionVM.cs|UsbDeviceWatcher_DeviceRemoved|237|USB Device disconnected DeviceId: USB\VID_2109&PID_8817\0000000000000001, PnpDeviceId: USB\VID_2109&PID_8817\0000000000000001, Description: Billboard Device, Name: USB Billboard Device   , Manufacturer: WinUsb Device, Service: WINUSB, Status: OK
2025-12-12T17:36:52.4859|INFO|ApplicationDeviceConnectionVM.cs|UsbDeviceWatcher_DeviceRemoved|237|USB Device disconnected DeviceId: USB\VID_1A40&PID_0101\5&14013D94&0&5, PnpDeviceId: USB\VID_1A40&PID_0101\5&14013D94&0&5, Description: Generic USB Hub, Name: Generic USB Hub, Manufacturer: (Standard USB HUBs), Service: USBHUB3, Status: OK
2025-12-12T17:36:52.4859|INFO|ApplicationDeviceConnectionVM.cs|UsbDeviceWatcher_DeviceRemoved|237|USB Device disconnected DeviceId: USB\VID_1233&PID_1455&MI_00\7&2FB465CB&0&0000, PnpDeviceId: USB\VID_1233&PID_1455&MI_00\7&2FB465CB&0&0000, Description: USB Video Device, Name: iOptron iPolar, Manufacturer: Microsoft, Service: usbvideo, Status: OK
2025-12-12T17:36:52.4859|INFO|ApplicationDeviceConnectionVM.cs|UsbDeviceWatcher_DeviceRemoved|237|USB Device disconnected DeviceId: USB\VID_1233&PID_1455\6&26B592B5&0&4, PnpDeviceId: USB\VID_1233&PID_1455\6&26B592B5&0&4, Description: USB Composite Device, Name: USB Composite Device, Manufacturer: (Standard USB Host Controller), Service: usbccgp, Status: OK
2025-12-12T17:36:53.6036|INFO|ApplicationDeviceConnectionVM.cs|UsbDeviceWatcher_DeviceInserted|232|New USB device detected DeviceId: USB\VID_1233&PID_1455\6&26B592B5&0&4, PnpDeviceId: USB\VID_1233&PID_1455\6&26B592B5&0&4, Description: USB Composite Device, Name: USB Composite Device, Manufacturer: (Standard USB Host Controller), Service: usbccgp, Status: OK
2025-12-12T17:36:54.0139|INFO|ApplicationDeviceConnectionVM.cs|UsbDeviceWatcher_DeviceInserted|232|New USB device detected DeviceId: USB\VID_03C3&PID_1F10\7&2414095C&0&1, PnpDeviceId: USB\VID_03C3&PID_1F10\7&2414095C&0&1, Description: USB Input Device, Name: USB Input Device, Manufacturer: (Standard system devices), Service: HidUsb, Status: OK
2025-12-12T17:36:54.0140|INFO|ApplicationDeviceConnectionVM.cs|UsbDeviceWatcher_DeviceInserted|232|New USB device detected DeviceId: USB\VID_2109&PID_8817\0000000000000001, PnpDeviceId: USB\VID_2109&PID_8817\0000000000000001, Description: Billboard Device, Name: USB Billboard Device   , Manufacturer: WinUsb Device, Service: WINUSB, Status: OK
2025-12-12T17:37:09.8551|INFO|ApplicationDeviceConnectionVM.cs|UsbDeviceWatcher_DeviceInserted|232|New USB device detected DeviceId: USB\VID_0BDA&PID_5411\5&14013D94&0&1, PnpDeviceId: USB\VID_0BDA&PID_5411\5&14013D94&0&1, Description: Generic USB Hub, Name: Generic USB Hub, Manufacturer: (Standard USB HUBs), Service: USBHUB3, Status: OK
2025-12-12T17:37:09.8552|INFO|ApplicationDeviceConnectionVM.cs|UsbDeviceWatcher_DeviceInserted|232|New USB device detected DeviceId: USB\VID_0BDA&PID_0411\5&14013D94&0&10, PnpDeviceId: USB\VID_0BDA&PID_0411\5&14013D94&0&10, Description: Generic SuperSpeed USB Hub, Name: Generic SuperSpeed USB Hub, Manufacturer: (Standard USB HUBs), Service: USBHUB3, Status: OK
2025-12-12T17:37:10.2341|INFO|ApplicationDeviceConnectionVM.cs|UsbDeviceWatcher_DeviceInserted|232|New USB device detected DeviceId: USB\VID_0BDA&PID_0411\6&112CF3DC&0&4, PnpDeviceId: USB\VID_0BDA&PID_0411\6&112CF3DC&0&4, Description: Generic SuperSpeed USB Hub, Name: Generic SuperSpeed USB Hub, Manufacturer: (Standard USB HUBs), Service: USBHUB3, Status: OK
2025-12-12T17:37:10.5360|INFO|ApplicationDeviceConnectionVM.cs|UsbDeviceWatcher_DeviceInserted|232|New USB device detected DeviceId: USB\VID_0BDA&PID_5411\6&25A7BA06&0&4, PnpDeviceId: USB\VID_0BDA&PID_5411\6&25A7BA06&0&4, Description: Generic USB Hub, Name: Generic USB Hub, Manufacturer: (Standard USB HUBs), Service: USBHUB3, Status: OK
2025-12-12T17:37:11.4534|INFO|ApplicationDeviceConnectionVM.cs|UsbDeviceWatcher_DeviceInserted|232|New USB device detected DeviceId: USB\VID_046D&PID_C534&MI_00\8&24B5F754&0&0000, PnpDeviceId: USB\VID_046D&PID_C534&MI_00\8&24B5F754&0&0000, Description: USB Input Device, Name: USB Input Device, Manufacturer: (Standard system devices), Service: HidUsb, Status: OK
2025-12-12T17:37:11.4535|INFO|ApplicationDeviceConnectionVM.cs|UsbDeviceWatcher_DeviceInserted|232|New USB device detected DeviceId: USB\VID_046D&PID_C534&MI_01\8&24B5F754&0&0001, PnpDeviceId: USB\VID_046D&PID_C534&MI_01\8&24B5F754&0&0001, Description: USB Input Device, Name: USB Input Device, Manufacturer: (Standard system devices), Service: HidUsb, Status: OK
2025-12-12T17:37:11.4536|INFO|ApplicationDeviceConnectionVM.cs|UsbDeviceWatcher_DeviceInserted|232|New USB device detected DeviceId: USB\VID_046D&PID_C534\7&133DB258&0&1, PnpDeviceId: USB\VID_046D&PID_C534\7&133DB258&0&1, Description: USB Composite Device, Name: USB Composite Device, Manufacturer: (Standard USB Host Controller), Service: usbccgp, Status: OK
2025-12-12T17:39:18.7243|INFO|CameraVM.cs|Disconnect|650|Disconnected Camera
2025-12-12T17:39:18.7325|ERROR|ASICamera.cs|Connect|688
ZWOptical.ASISDK.ASICameraException: Error 'ASI_ERROR_CAMERA_REMOVED' from call to 
ASIOpenCamera(cameraId=0)
   at ZWOptical.ASISDK.ASICameraDll.CheckReturn(ASI_ERROR_CODE errorCode, MethodBase callingMethod, Object[] parameters) in /_/NINA.Equipment/SDK/CameraSDKs/ASISDK/ASICameraDll.cs:line 333
   at ZWOptical.ASISDK.ASICameraDll.OpenCamera(Int32 cameraId) in /_/NINA.Equipment/SDK/CameraSDKs/ASISDK/ASICameraDll.cs:line 346
   at NINA.Equipment.Equipment.MyCamera.ASICamera.<Connect>b__217_0() in /_/NINA.Equipment/Equipment/MyCamera/ASICamera.cs:line 671
2025-12-12T17:39:32.9984|INFO|FilterWheelVM.cs|Disconnect|333|Disconnected Filter Wheel
2025-12-12T17:39:34.6416|ERROR|AscomDevice.cs|Connect|308
ASCOM.DriverAccessCOMException (0x00000000): Communication Failure
 ---> System.Runtime.InteropServices.COMException (0x00000000): Communication Failure
   at ASCOM.Com.DriverAccess.DynamicAccess.CheckDotNetExceptions(String memberName, Exception e) in J:\ASCOMLibrary\ASCOM.Com\ASCOM.Com.DriverAccess\BaseClass\DynamicAccess.cs:line 271
   at ASCOM.Com.DriverAccess.DynamicAccess.TrySetMember(SetMemberBinder binder, Object value) in J:\ASCOMLibrary\ASCOM.Com\ASCOM.Com.DriverAccess\BaseClass\DynamicAccess.cs:line 105
   at CallSite.Target(Closure, CallSite, Object, Boolean)
   at System.Dynamic.UpdateDelegates.UpdateAndExecute2[T0,T1,TRet](CallSite site, T0 arg0, T1 arg1)
   at ASCOM.Com.DriverAccess.ASCOMDevice.set_Connected(Boolean value) in J:\ASCOMLibrary\ASCOM.Com\ASCOM.Com.DriverAccess\BaseClass\ASCOMDevice.cs:line 47
   at NINA.Equipment.Equipment.AscomDevice`1.set_Connected(Boolean value) in /_/NINA.Equipment/Equipment/AscomDevice.cs:line 178
   at NINA.Equipment.Equipment.AscomDevice`1.<Connect>b__58_0() in /_/NINA.Equipment/Equipment/AscomDevice.cs:line 275
2025-12-12T17:39:34.6555|INFO|AscomDevice.cs|Disconnect|378|Disconnecting from ASCOM.EFW2.FilterWheel ZWO FilterWheel (1)
