----------------------------------------------------------------------
--------------N.I.N.A. - Nighttime Imaging 'N' Astronomy--------------
--------------------------Version 3.1.2.9001--------------------------
-------------------------2025-09-18T11:18:44--------------------------
----------------------------------------------------------------------
---------------------Microsoft Windows 10.0.19045---------------------
-------------------------OS Architecture X64--------------------------
-----------------------Process Architecture X64-----------------------
------------------------------.NET 8.0.8------------------------------
----------------------------------------------------------------------
--------------------------Processor Count 4---------------------------
--------------------Total Physical Memory 7.84 GB---------------------
----------------------------------------------------------------------
DATE|LEVEL|SOURCE|MEMBER|LINE|MESSAGE
2025-09-18T11:18:43.7990|INFO|CameraChooserVM.cs|GetEquipment|69|Found 2 ASI Cameras
2025-09-18T11:18:44.6576|INFO|CameraChooserVM.cs|GetEquipment|84|Found 0 Altair Cameras
2025-09-18T11:18:45.4933|INFO|CameraChooserVM.cs|GetEquipment|96|Found 0 Atik Cameras
2025-09-18T11:18:45.4946|INFO|CameraChooserVM.cs|GetEquipment|110|Found 0 FLI Cameras
2025-09-18T11:18:46.7489|INFO|CameraChooserVM.cs|GetEquipment|130|Found 0 QHYCCD Cameras
2025-09-18T11:18:47.0845|INFO|CameraChooserVM.cs|GetEquipment|158|Found 0 ToupTek Cameras
2025-09-18T11:18:47.1970|INFO|CameraChooserVM.cs|GetEquipment|173|Found 0 Ogma Cameras
2025-09-18T11:18:47.3253|INFO|CameraChooserVM.cs|GetEquipment|188|Found 0 Omegon Cameras
2025-09-18T11:18:47.6283|INFO|CameraChooserVM.cs|GetEquipment|203|Found 0 RisingCam Cameras
2025-09-18T11:18:47.7606|INFO|CameraChooserVM.cs|GetEquipment|218|Found 0 MallinCam Cameras
2025-09-18T11:18:47.8394|INFO|CameraChooserVM.cs|GetEquipment|244|Found 0 SBIG Cameras
2025-09-18T11:18:48.9289|INFO|PluginLoader.cs|LoadPlugin|416|Successfully loaded plugin Autofocus Report Analysis version 2.0.0.9 by Stefan Berg @isbeorn
2025-09-18T11:18:49.6778|INFO|PluginLoader.cs|LoadPlugin|416|Successfully loaded plugin Connector version 2.0.3.0 by Stefan Berg
2025-09-18T11:18:49.9971|INFO|PluginLoader.cs|LoadPlugin|416|Successfully loaded plugin Device Actions and Commands version 2.2.0.0 by Dale Ghent
2025-09-18T11:18:50.5860|INFO|PluginLoader.cs|LoadPlugin|416|Successfully loaded plugin Discord Alert version 2.2.0.0 by Drew McDermott
2025-09-18T11:18:51.3528|INFO|PluginLoader.cs|LoadPlugin|416|Successfully loaded plugin Discord Notification version 1.0.0.1 by Daniel Ludwig
2025-09-18T11:18:51.5536|INFO|ApplicationVM.cs|CheckDiskInfo|100|Available Space on Drive C:\: 157.57 GB
2025-09-18T11:18:51.5584|INFO|PluginLoader.cs|LoadPlugin|416|Successfully loaded plugin Filter Offset Calculator version 2.0.0.0 by S. Dimant & Stefan Berg
2025-09-18T11:18:51.5601|INFO|ApplicationVM.cs|CheckDiskInfo|102|Drive E:\ is not ready
2025-09-18T11:18:51.5617|INFO|ApplicationVM.cs|CheckDiskInfo|100|Available Space on Drive G:\: 60.45 GB
2025-09-18T11:18:51.5691|INFO|ApplicationVM.cs|CheckDiskInfo|100|Available Space on Drive Z:\: 31.77 GB
2025-09-18T11:18:52.2631|INFO|ApplicationVM.cs|CheckASCOMPlatformVersion|81|ASCOM Platform 6.6.2.4195 installed
2025-09-18T11:18:52.2806|INFO|PluginLoader.cs|LoadPlugin|416|Successfully loaded plugin Flexure Correction version 0.8.0.0 by Francesco Meschia
2025-09-18T11:18:53.5599|INFO|PluginLoader.cs|LoadPlugin|416|Successfully loaded plugin Ground Station version 2.4.1.0 by Dale Ghent
2025-09-18T11:18:53.8839|INFO|PluginLoader.cs|LoadPlugin|416|Successfully loaded plugin Hocus Focus version 3.0.0.21 by George Hilios (jokogeo)
2025-09-18T11:18:53.9259|INFO|PluginLoader.cs|LoadPlugin|416|Successfully loaded plugin Horizon Creator version 1.1.2.0 by Christian Palm
2025-09-18T11:18:53.9449|INFO|PluginLoader.cs|LoadPlugin|416|Successfully loaded plugin Moon Angle version 2.2.0.0 by Dale Ghent
2025-09-18T11:18:54.0269|INFO|PluginLoader.cs|LoadPlugin|416|Successfully loaded plugin PixInsight Tools version 1.0.0.3 by Stefan Berg
2025-09-18T11:18:54.2012|WARNING|When.cs|GetRunningItem|143|Can't get running items: SequencerNavigation not initialized yet!
2025-09-18T11:18:54.4664|INFO|PluginLoader.cs|LoadPlugin|416|Successfully loaded plugin Sequencer Powerups version 3.28.4.4 by Marc Blank
2025-09-18T11:18:54.4989|INFO|PluginLoader.cs|LoadPlugin|416|Successfully loaded plugin Shutdown PC version 2.2.0.0 by Dale Ghent
2025-09-18T11:18:54.5389|INFO|PluginLoader.cs|LoadPlugin|416|Successfully loaded plugin Smart Filters version 1.0.0.3 by Benoit SAINTOT
2025-09-18T11:18:54.6008|INFO|PluginLoader.cs|LoadPlugin|416|Successfully loaded plugin Target Planning version 3.2.1.0 by Tom Palmer @tcpalmer
2025-09-18T11:18:54.9967|ERROR|DllLoader.cs|LoadDllFromAbsolutePath|53|DllLoader failed to load library C:\Program Files\N.I.N.A. - Nighttime Imaging 'N' Astronomy\External\x64\SQLite\SQLite.Interop.dll due to error code 126
2025-09-18T11:18:55.7632|INFO|PluginLoader.cs|LoadPlugin|416|Successfully loaded plugin Target Scheduler version 5.7.3.0 by Tom Palmer @tcpalmer
2025-09-18T11:18:55.8393|INFO|PluginLoader.cs|LoadPlugin|416|Successfully loaded plugin Three Point Polar Alignment version 2.2.4.1 by Stefan Berg @isbeorn
2025-09-18T11:18:55.8535|INFO|PluginFetcher.cs|RequestAll|43|Fetching plugin manifests from https://nighttime-imaging.eu/wp-json/nina/v1/plugins/manifests
2025-09-18T11:18:55.9336|INFO|CameraChooserVM.cs|GetEquipment|264|Found 0 SVBony Cameras
2025-09-18T11:18:55.9372|INFO|CameraChooserVM.cs|GetEquipment|264|Found 0 PlayerOne Cameras
2025-09-18T11:18:55.9490|INFO|CameraChooserVM.cs|GetEquipment|264|Found 0 ASTPAN Cameras
2025-09-18T11:18:55.9507|INFO|CameraChooserVM.cs|GetEquipment|278|Found 4 ASCOM Cameras
2025-09-18T11:18:56.5028|INFO|Sequence2VM.cs|TryLoadSequenceFile|356|Loading sequence file: C:\Users\nicka\Astro\NINA\NINA_Sequences\CurrentSequence.json
2025-09-18T11:18:56.8530|INFO|Sequence2VM.cs|TryLoadSequenceFile|362|Starting sequence from command line options
2025-09-18T11:18:56.8565|INFO|Sequence2VM.cs|StartSequence|485|Advanced Sequence starting
2025-09-18T11:18:56.8801|INFO|SequenceItem.cs|Run|208|Starting Category: * Instruction Set *, Container: NINA.Sequencer.Container.SequenceRootContainer, Strategy: SequentialStrategy, Items[CREATED]: 3
2025-09-18T11:18:56.8917|INFO|SequenceItem.cs|Run|208|Starting Category: * Instruction Set *, Container: NINA.Sequencer.Container.StartAreaContainer, Strategy: SequentialStrategy, Items[CREATED]: 1
2025-09-18T11:18:56.8933|INFO|SequenceItem.cs|Run|208|Starting Category: Powerups (Misc), Item: TemplateByReference, TemplateName: Startup
2025-09-18T11:18:56.8943|INFO|SequenceItem.cs|Run|208|Starting Template Container Category: Powerups (Misc), Item: TemplateByReference, TemplateName: Startup
2025-09-18T11:18:56.8978|INFO|SequenceItem.cs|Run|254|Finishing Template Container Category: Powerups (Misc), Item: TemplateByReference, TemplateName: Startup
2025-09-18T11:18:56.8988|INFO|SequenceItem.cs|Run|254|Finishing Category: Powerups (Misc), Item: TemplateByReference, TemplateName: Startup
2025-09-18T11:18:56.9048|INFO|SequenceItem.cs|Run|254|Finishing Category: * Instruction Set *, Container: NINA.Sequencer.Container.StartAreaContainer, Strategy: SequentialStrategy, Items[FINISHED]: 1
2025-09-18T11:18:56.9054|INFO|SequenceItem.cs|Run|208|Starting Category: * Instruction Set *, Container: NINA.Sequencer.Container.TargetAreaContainer, Strategy: SequentialStrategy, Items[CREATED]: 1
2025-09-18T11:18:56.9067|INFO|SequenceItem.cs|Run|208|Starting Category: * Instruction Set *, Container: NINA.Sequencer.Container.SequentialContainer, Strategy: SequentialStrategy, Items[CREATED]: 1, Conditions: Condition: TimeCondition, Time: 6:29:31h, 
2025-09-18T11:18:56.9089|INFO|TimeCondition.cs|Check|248|TimeCondition finished.
2025-09-18T11:18:56.9097|INFO|SequenceItem.cs|Run|254|Finishing Category: * Instruction Set *, Container: NINA.Sequencer.Container.SequentialContainer, Strategy: SequentialStrategy, Items[SKIPPED]: 1, Conditions: Condition: TimeCondition, Time: 6:29:31h, 
2025-09-18T11:18:56.9102|INFO|SequenceItem.cs|Run|254|Finishing Category: * Instruction Set *, Container: NINA.Sequencer.Container.TargetAreaContainer, Strategy: SequentialStrategy, Items[FINISHED]: 1
2025-09-18T11:18:56.9105|INFO|SequenceItem.cs|Run|208|Starting Category: * Instruction Set *, Container: NINA.Sequencer.Container.EndAreaContainer, Strategy: SequentialStrategy, Items[CREATED]: 1
2025-09-18T11:18:56.9109|INFO|SequenceItem.cs|Run|208|Starting Category: Powerups (Misc), Item: TemplateByReference, TemplateName: Sequence End
2025-09-18T11:18:56.9110|INFO|SequenceItem.cs|Run|208|Starting Template Container Category: Powerups (Misc), Item: TemplateByReference, TemplateName: Sequence End
2025-09-18T11:18:56.9111|INFO|SequenceItem.cs|Run|254|Finishing Template Container Category: Powerups (Misc), Item: TemplateByReference, TemplateName: Sequence End
2025-09-18T11:18:56.9112|INFO|SequenceItem.cs|Run|254|Finishing Category: Powerups (Misc), Item: TemplateByReference, TemplateName: Sequence End
2025-09-18T11:18:56.9114|INFO|SequenceItem.cs|Run|254|Finishing Category: * Instruction Set *, Container: NINA.Sequencer.Container.EndAreaContainer, Strategy: SequentialStrategy, Items[FINISHED]: 1
2025-09-18T11:18:56.9116|INFO|SequenceItem.cs|Run|254|Finishing Category: * Instruction Set *, Container: NINA.Sequencer.Container.SequenceRootContainer, Strategy: SequentialStrategy, Items[FINISHED]: 3
2025-09-18T11:18:56.9523|INFO|Sequence2VM.cs|StartSequence|490|Advanced Sequence finished
2025-09-18T11:18:57.0846|INFO|PluginFetcher.cs|RequestAll|57|Found 58 valid plugins at https://nighttime-imaging.eu/wp-json/nina/v1/plugins/manifests
2025-09-18T11:18:57.9778|INFO|TelescopeChooserVM.cs|GetEquipment|69|Found 0 Alpaca Telescopes
2025-09-18T11:18:57.9778|INFO|DomeChooserVM.cs|GetEquipment|67|Found 0 Alpaca Domes
2025-09-18T11:18:57.9780|INFO|FlatDeviceChooserVM.cs|GetEquipment|67|Found 0 Alpaca Cover Calibrators
2025-09-18T11:18:57.9781|INFO|FilterWheelChooserVM.cs|GetEquipment|193|Found 0 Alpaca Filter Wheels
2025-09-18T11:18:57.9778|INFO|RotatorChooserVM.cs|GetEquipment|68|Found 0 Alpaca Rotators
2025-09-18T11:18:57.9810|INFO|WeatherDataChooserVM.cs|GetEquipment|69|Found 0 Alpaca Observing Conditions
2025-09-18T11:18:57.9847|INFO|FocuserChooserVM.cs|GetEquipment|67|Found 0 Alpaca Focusers
2025-09-18T11:18:57.9847|INFO|CameraChooserVM.cs|GetEquipment|290|Found 0 Alpaca Cameras
2025-09-18T11:18:57.9847|INFO|SwitchChooserVM.cs|GetEquipment|71|Found 0 Alpaca Switch Hubs
2025-09-18T11:18:57.9884|INFO|SafetyMonitorChooserVM.cs|GetEquipment|71|Found 0 Alpaca Safety Monitors
2025-09-18T11:18:57.9900|INFO|CameraChooserVM.cs|GetEquipment|303|Found 0 Canon Cameras
2025-09-18T11:18:58.2144|INFO|DockManagerVM.cs|InitializeAvalonDockLayout|356|Initializing imaging tab layout from C:\Users\nicka\AppData\Local\NINA\Profiles\0173997c-4bfa-48fd-9337-a48b6df99c38.dock.config
2025-09-18T11:20:04.3911|INFO|ApplicationVM.cs|Closing|288|Application shutting down
2025-09-18T11:20:04.4380|INFO|DomeVM.cs|Disconnect|336|Disconnected Dome Device
2025-09-18T11:20:04.4418|INFO|FlatDeviceVM.cs|Disconnect|279|Disconnected Flat Device
2025-09-18T11:20:04.4514|INFO|CameraVM.cs|Disconnect|645|Disconnected Camera
2025-09-18T11:20:04.4612|INFO|TelescopeVM.cs|Disconnect|763|Disconnected mount
2025-09-18T11:20:04.4636|INFO|FilterWheelVM.cs|Disconnect|324|Disconnected Filter Wheel
2025-09-18T11:20:04.4659|INFO|FocuserVM.cs|Disconnect|426|Disconnected Focuser
2025-09-18T11:20:04.4694|INFO|RotatorVM.cs|Disconnect|438|Disconnected Rotator
2025-09-18T11:20:04.4721|INFO|SwitchVM.cs|Disconnect|298|Disconnected Switch
2025-09-18T11:20:04.4755|INFO|WeatherDataVM.cs|Disconnect|292|Disconnected Weather Device
2025-09-18T11:20:04.5176|INFO|SafetyMonitorVM.cs|Disconnect|208|Disconnected Safety Monitor
