----------------------------------------------------------------------
--------------N.I.N.A. - Nighttime Imaging 'N' Astronomy--------------
--------------------------Version 3.2.0.3007--------------------------
-------------------------2025-09-27T15:53:55--------------------------
----------------------------------------------------------------------
---------------------Microsoft Windows 10.0.19045---------------------
-------------------------OS Architecture X64--------------------------
-----------------------Process Architecture X64-----------------------
-----------------------------.NET 8.0.19------------------------------
----------------------------------------------------------------------
--------------------------Processor Count 4---------------------------
--------------------Total Physical Memory 7.84 GB---------------------
----------------------------------------------------------------------
DATE|LEVEL|SOURCE|MEMBER|LINE|MESSAGE
2025-09-27T15:53:55.1924|INFO|CameraChooserVM.cs|GetEquipment|69|Found 2 ASI Cameras
2025-09-27T15:53:55.9397|INFO|CameraChooserVM.cs|GetEquipment|84|Found 0 Altair Cameras
2025-09-27T15:53:56.2762|INFO|CameraChooserVM.cs|GetEquipment|96|Found 0 Atik Cameras
2025-09-27T15:53:56.2774|INFO|CameraChooserVM.cs|GetEquipment|110|Found 0 FLI Cameras
2025-09-27T15:53:57.5447|INFO|CameraChooserVM.cs|GetEquipment|130|Found 0 QHYCCD Cameras
2025-09-27T15:53:58.1061|INFO|CameraChooserVM.cs|GetEquipment|158|Found 0 ToupTek Cameras
2025-09-27T15:53:58.2818|INFO|CameraChooserVM.cs|GetEquipment|173|Found 0 Ogma Cameras
2025-09-27T15:53:58.4511|INFO|CameraChooserVM.cs|GetEquipment|188|Found 0 Omegon Cameras
2025-09-27T15:53:58.9057|INFO|CameraChooserVM.cs|GetEquipment|203|Found 0 RisingCam Cameras
2025-09-27T15:53:59.0281|INFO|CameraChooserVM.cs|GetEquipment|218|Found 0 MallinCam Cameras
2025-09-27T15:53:59.1795|INFO|CameraChooserVM.cs|GetEquipment|243|Found 0 SVBony Cameras
2025-09-27T15:53:59.1830|INFO|CameraChooserVM.cs|GetEquipment|259|Found 0 SBIG Cameras
2025-09-27T15:54:01.6051|INFO|PluginLoader.cs|LoadPlugin|402|Successfully loaded plugin Autofocus Report Analysis version 2.0.0.9 by Stefan Berg @isbeorn
2025-09-27T15:54:02.1220|INFO|PluginLoader.cs|LoadPlugin|402|Successfully loaded plugin Connector version 2.0.3.0 by Stefan Berg
2025-09-27T15:54:02.3555|INFO|PluginLoader.cs|LoadPlugin|402|Successfully loaded plugin Device Actions and Commands version 2.2.0.0 by Dale Ghent
2025-09-27T15:54:03.2314|INFO|PluginLoader.cs|LoadPlugin|402|Successfully loaded plugin Discord Alert version 2.2.0.0 by Drew McDermott
2025-09-27T15:54:04.2899|INFO|PluginLoader.cs|LoadPlugin|402|Successfully loaded plugin Discord Notification version 1.0.0.1 by Daniel Ludwig
2025-09-27T15:54:04.5600|INFO|PluginLoader.cs|LoadPlugin|402|Successfully loaded plugin Filter Offset Calculator version 2.0.0.0 by S. Dimant & Stefan Berg
2025-09-27T15:54:04.8812|INFO|PluginLoader.cs|LoadPlugin|402|Successfully loaded plugin Flexure Correction version 0.8.0.0 by Francesco Meschia
2025-09-27T15:54:05.7393|INFO|ApplicationVM.cs|CheckDiskInfo|100|Available Space on Drive C:\: 144.89 GB
2025-09-27T15:54:05.7459|INFO|ApplicationVM.cs|CheckDiskInfo|102|Drive E:\ is not ready
2025-09-27T15:54:05.7556|INFO|ApplicationVM.cs|CheckDiskInfo|100|Available Space on Drive G:\: 58.84 GB
2025-09-27T15:54:05.7632|INFO|ApplicationVM.cs|CheckDiskInfo|100|Available Space on Drive Z:\: 31.06 GB
2025-09-27T15:54:06.5502|INFO|ApplicationVM.cs|CheckASCOMPlatformVersion|81|ASCOM Platform 6.6.2.4195 installed
2025-09-27T15:54:07.3226|INFO|PluginLoader.cs|LoadPlugin|402|Successfully loaded plugin Ground Station version 2.4.1.0 by Dale Ghent
2025-09-27T15:54:18.4137|INFO|PluginLoader.cs|LoadPlugin|402|Successfully loaded plugin Hocus Focus version 3.0.0.21 by George Hilios (jokogeo)
2025-09-27T15:54:19.4108|INFO|PluginLoader.cs|LoadPlugin|402|Successfully loaded plugin Horizon Creator version 1.1.2.0 by Christian Palm
2025-09-27T15:54:19.6870|INFO|PluginLoader.cs|LoadPlugin|402|Successfully loaded plugin Lightbucket version 2.2.4.0 by Lightbucket
2025-09-27T15:54:19.9009|INFO|PluginLoader.cs|LoadPlugin|402|Successfully loaded plugin Moon Angle version 2.2.0.0 by Dale Ghent
2025-09-27T15:54:20.3398|INFO|PluginLoader.cs|LoadPlugin|402|Successfully loaded plugin PixInsight Tools version 1.0.0.3 by Stefan Berg
2025-09-27T15:54:22.4151|WARNING|When.cs|GetRunningItem|143|Can't get running items: SequencerNavigation not initialized yet!
2025-09-27T15:54:22.6907|INFO|PluginLoader.cs|LoadPlugin|402|Successfully loaded plugin Sequencer Powerups version 3.28.4.4 by Marc Blank
2025-09-27T15:54:22.8248|INFO|PluginLoader.cs|LoadPlugin|402|Successfully loaded plugin Shutdown PC version 2.2.0.0 by Dale Ghent
2025-09-27T15:54:23.3883|INFO|PluginLoader.cs|LoadPlugin|402|Successfully loaded plugin Smart Filters version 1.0.0.3 by Benoit SAINTOT
2025-09-27T15:54:24.0814|INFO|PluginLoader.cs|LoadPlugin|402|Successfully loaded plugin Target Planning version 3.2.1.0 by Tom Palmer @tcpalmer
2025-09-27T15:54:26.1011|ERROR|DllLoader.cs|LoadDllFromAbsolutePath|53|DllLoader failed to load library C:\Program Files\N.I.N.A. - Nighttime Imaging 'N' Astronomy\External\x64\SQLite\SQLite.Interop.dll due to error code 126
2025-09-27T15:54:27.1893|INFO|PluginLoader.cs|LoadPlugin|402|Successfully loaded plugin Target Scheduler version 5.7.3.0 by Tom Palmer @tcpalmer
2025-09-27T15:54:27.4281|WARNING|When.cs|GetRunningItem|143|Can't get running items: SequencerNavigation not initialized yet!
2025-09-27T15:54:27.7962|INFO|PluginLoader.cs|LoadPlugin|402|Successfully loaded plugin Three Point Polar Alignment version 2.2.4.1 by Stefan Berg @isbeorn
2025-09-27T15:54:27.8327|INFO|PluginFetcher.cs|RequestAll|43|Fetching plugin manifests from https://nighttime-imaging.eu/wp-json/nina/v1/plugins/manifests
2025-09-27T15:54:28.0724|INFO|CameraChooserVM.cs|GetEquipment|279|Found 0 SVBony Cameras
2025-09-27T15:54:28.2094|INFO|CameraChooserVM.cs|GetEquipment|279|Found 0 PlayerOne Cameras
2025-09-27T15:54:28.3156|INFO|CameraChooserVM.cs|GetEquipment|279|Found 0 ASTPAN Cameras
2025-09-27T15:54:28.3181|INFO|CameraChooserVM.cs|GetEquipment|293|Found 4 ASCOM Cameras
2025-09-27T15:54:30.3406|INFO|PluginFetcher.cs|RequestAll|57|Found 61 valid plugins at https://nighttime-imaging.eu/wp-json/nina/v1/plugins/manifests
2025-09-27T15:54:30.7790|INFO|CameraChooserVM.cs|GetEquipment|305|Found 0 Alpaca Cameras
2025-09-27T15:54:30.7899|INFO|CameraChooserVM.cs|GetEquipment|318|Found 0 Canon Cameras
2025-09-27T15:54:30.8049|INFO|FlatDeviceChooserVM.cs|GetEquipment|67|Found 0 Alpaca Cover Calibrators
2025-09-27T15:54:30.8090|INFO|SwitchChooserVM.cs|GetEquipment|71|Found 0 Alpaca Switch Hubs
2025-09-27T15:54:30.8206|INFO|DomeChooserVM.cs|GetEquipment|67|Found 0 Alpaca Domes
2025-09-27T15:54:30.8239|INFO|RotatorChooserVM.cs|GetEquipment|68|Found 0 Alpaca Rotators
2025-09-27T15:54:30.8267|INFO|FilterWheelChooserVM.cs|GetEquipment|193|Found 0 Alpaca Filter Wheels
2025-09-27T15:54:30.8364|INFO|WeatherDataChooserVM.cs|GetEquipment|69|Found 0 Alpaca Observing Conditions
2025-09-27T15:54:30.8397|INFO|TelescopeChooserVM.cs|GetEquipment|69|Found 0 Alpaca Telescopes
2025-09-27T15:54:30.8419|INFO|SafetyMonitorChooserVM.cs|GetEquipment|71|Found 0 Alpaca Safety Monitors
2025-09-27T15:54:32.5990|INFO|FocuserChooserVM.cs|GetEquipment|84|Found 0 Alpaca Focusers
2025-09-27T15:54:37.6526|INFO|CameraVM.cs|Disconnect|680|Disconnected Camera
2025-09-27T15:54:37.6611|INFO|CameraChooserVM.cs|GetEquipment|69|Found 2 ASI Cameras
2025-09-27T15:54:37.7299|INFO|CameraChooserVM.cs|GetEquipment|84|Found 0 Altair Cameras
2025-09-27T15:54:37.7300|INFO|CameraChooserVM.cs|GetEquipment|96|Found 0 Atik Cameras
2025-09-27T15:54:37.7307|INFO|CameraChooserVM.cs|GetEquipment|110|Found 0 FLI Cameras
2025-09-27T15:54:37.7311|INFO|CameraChooserVM.cs|GetEquipment|130|Found 0 QHYCCD Cameras
2025-09-27T15:54:37.9032|INFO|CameraChooserVM.cs|GetEquipment|158|Found 0 ToupTek Cameras
2025-09-27T15:54:37.9089|INFO|CameraChooserVM.cs|GetEquipment|173|Found 0 Ogma Cameras
2025-09-27T15:54:37.9243|INFO|CameraChooserVM.cs|GetEquipment|188|Found 0 Omegon Cameras
2025-09-27T15:54:38.1001|INFO|CameraChooserVM.cs|GetEquipment|203|Found 0 RisingCam Cameras
2025-09-27T15:54:38.1156|INFO|CameraChooserVM.cs|GetEquipment|218|Found 0 MallinCam Cameras
2025-09-27T15:54:38.1175|INFO|CameraChooserVM.cs|GetEquipment|243|Found 0 SVBony Cameras
2025-09-27T15:54:38.1200|INFO|CameraChooserVM.cs|GetEquipment|259|Found 0 SBIG Cameras
2025-09-27T15:54:38.1207|INFO|CameraChooserVM.cs|GetEquipment|279|Found 0 SVBony Cameras
2025-09-27T15:54:38.1210|INFO|CameraChooserVM.cs|GetEquipment|279|Found 0 PlayerOne Cameras
2025-09-27T15:54:38.1288|INFO|CameraChooserVM.cs|GetEquipment|279|Found 0 ASTPAN Cameras
2025-09-27T15:54:38.1296|INFO|CameraChooserVM.cs|GetEquipment|293|Found 4 ASCOM Cameras
2025-09-27T15:54:40.1300|INFO|CameraChooserVM.cs|GetEquipment|305|Found 0 Alpaca Cameras
2025-09-27T15:54:40.1317|INFO|CameraChooserVM.cs|GetEquipment|318|Found 0 Canon Cameras
2025-09-27T15:54:40.1380|ERROR|CameraVM.cs|ChooseCamera|499
System.Exception: Unable to connect to device '' (ID: ZWO ASI533MM Pro #0). Make sure it's plugged in, turned on, and set up correctly.
   at NINA.Equipment.Equipment.OfflineDevice.Connect(CancellationToken token) in D:\a\nina\nina\NINA.Equipment\Equipment\OfflineDevice.cs:line 50
   at NINA.Equipment.Equipment.MyCamera.PersistSettingsCameraDecorator.Connect(CancellationToken token) in D:\a\nina\nina\NINA.Equipment\Equipment\MyCamera\PersistSettingsCameraDecorator.cs:line 311
   at NINA.WPF.Base.ViewModel.Equipment.Camera.CameraVM.ChooseCamera() in D:\a\nina\nina\NINA.WPF.Base\ViewModel\Equipment\Camera\CameraVM.cs:line 355
2025-09-27T15:54:40.1854|INFO|FilterWheelVM.cs|Disconnect|332|Disconnected Filter Wheel
2025-09-27T15:54:43.4545|INFO|FilterWheelVM.cs|ChooseFW|278|Successfully connected Filter Wheel. Id: ASCOM.EFW2.FilterWheel Name: ZWO FilterWheel DisplayName: ZWO FilterWheel (ASCOM) Driver Version: 6.0
2025-09-27T15:54:43.4827|INFO|TelescopeVM.cs|Disconnect|741|Disconnected mount
2025-09-27T15:54:46.8869|INFO|AscomTelescope.cs|CheckMountTime|845|Mount UTC Time: 2025-09-27 20:54:44Z / System UTC Time: 2025-09-27 20:54:46Z; Difference: 2.0 seconds
2025-09-27T15:54:46.9407|INFO|AscomTelescope.cs|CheckMountTime|852|System time has been synced to the mount
2025-09-27T15:54:47.2490|INFO|TelescopeVM.cs|ChooseTelescope|536|Successfully connected mount. Id: ASCOM.iOptron2017.Telescope Name: iOptron CEM120,70,40,26, GEM, HEM, HAE, HAZ series and SkyHunter Mount DisplayName: iOptron CEM120,70,40,26, GEM, HEM, HAE, HAZ series and SkyHunter Mount (ASCOM) Driver Version: 9.15
2025-09-27T15:54:47.2562|INFO|FocuserVM.cs|Disconnect|441|Disconnected Focuser
2025-09-27T15:54:48.5977|ERROR|AscomDevice.cs|GetProperty|546|An unexpected exception occurred during GET of Focuser.StepSize: 
ASCOM.DriverException: The method or operation is not implemented.
 ---> System.NotImplementedException: The method or operation is not implemented.
   --- End of inner exception stack trace ---
   at ASCOM.Com.DriverAccess.DynamicAccess.CheckDotNetExceptions(String memberName, Exception e) in J:\ASCOMLibrary\ASCOM.Com\ASCOM.Com.DriverAccess\BaseClass\DynamicAccess.cs:line 278
   at ASCOM.Com.DriverAccess.DynamicAccess.TryGetMember(GetMemberBinder binder, Object& result) in J:\ASCOMLibrary\ASCOM.Com\ASCOM.Com.DriverAccess\BaseClass\DynamicAccess.cs:line 150
   at CallSite.Target(Closure, CallSite, Object)
   at System.Dynamic.UpdateDelegates.UpdateAndExecute1[T0,TRet](CallSite site, T0 arg0)
   at ASCOM.Com.DriverAccess.Focuser.get_StepSize() in J:\ASCOMLibrary\ASCOM.Com\ASCOM.Com.DriverAccess\Focuser.cs:line 159
   at System.RuntimeMethodHandle.InvokeMethod(Object target, Void** arguments, Signature sig, Boolean isConstructor)
   at System.Reflection.MethodBaseInvoker.InvokeWithNoArgs(Object obj, BindingFlags invokeAttr)
2025-09-27T15:54:48.8266|INFO|AscomDevice.cs|GetProperty|485|Retrying to GET Focuser.StepSize - Attempt 2 / 3
2025-09-27T15:54:48.8284|ERROR|AscomDevice.cs|GetProperty|546|An unexpected exception occurred during GET of Focuser.StepSize: 
ASCOM.DriverException: The method or operation is not implemented.
 ---> System.NotImplementedException: The method or operation is not implemented.
   --- End of inner exception stack trace ---
   at ASCOM.Com.DriverAccess.DynamicAccess.CheckDotNetExceptions(String memberName, Exception e) in J:\ASCOMLibrary\ASCOM.Com\ASCOM.Com.DriverAccess\BaseClass\DynamicAccess.cs:line 278
   at ASCOM.Com.DriverAccess.DynamicAccess.TryGetMember(GetMemberBinder binder, Object& result) in J:\ASCOMLibrary\ASCOM.Com\ASCOM.Com.DriverAccess\BaseClass\DynamicAccess.cs:line 150
   at CallSite.Target(Closure, CallSite, Object)
   at ASCOM.Com.DriverAccess.Focuser.get_StepSize() in J:\ASCOMLibrary\ASCOM.Com\ASCOM.Com.DriverAccess\Focuser.cs:line 159
   at InvokeStub_Focuser.get_StepSize(Object, Object, IntPtr*)
   at System.Reflection.MethodBaseInvoker.InvokeWithNoArgs(Object obj, BindingFlags invokeAttr)
2025-09-27T15:54:49.0291|INFO|AscomDevice.cs|GetProperty|485|Retrying to GET Focuser.StepSize - Attempt 3 / 3
2025-09-27T15:54:49.0302|ERROR|AscomDevice.cs|GetProperty|546|An unexpected exception occurred during GET of Focuser.StepSize: 
ASCOM.DriverException: The method or operation is not implemented.
 ---> System.NotImplementedException: The method or operation is not implemented.
   --- End of inner exception stack trace ---
   at ASCOM.Com.DriverAccess.DynamicAccess.CheckDotNetExceptions(String memberName, Exception e) in J:\ASCOMLibrary\ASCOM.Com\ASCOM.Com.DriverAccess\BaseClass\DynamicAccess.cs:line 278
   at ASCOM.Com.DriverAccess.DynamicAccess.TryGetMember(GetMemberBinder binder, Object& result) in J:\ASCOMLibrary\ASCOM.Com\ASCOM.Com.DriverAccess\BaseClass\DynamicAccess.cs:line 150
   at CallSite.Target(Closure, CallSite, Object)
   at ASCOM.Com.DriverAccess.Focuser.get_StepSize() in J:\ASCOMLibrary\ASCOM.Com\ASCOM.Com.DriverAccess\Focuser.cs:line 159
   at InvokeStub_Focuser.get_StepSize(Object, Object, IntPtr*)
   at System.Reflection.MethodBaseInvoker.InvokeWithNoArgs(Object obj, BindingFlags invokeAttr)
2025-09-27T15:54:49.0306|INFO|AscomDevice.cs|GetProperty|556|GET Focuser.StepSize failed - Returning last known value 0
2025-09-27T15:54:49.2476|INFO|FocuserVM.cs|ChooseFocuser|333|Successfully connected Focuser. Id: ASCOM.EAF.Focuser Name: ZWO Focuser DisplayName: ZWO Focuser (ASCOM) Driver Version: 6.0
2025-09-27T15:54:49.2571|INFO|RotatorVM.cs|Disconnect|447|Disconnected Rotator
2025-09-27T15:54:49.2679|INFO|PHD2Guider.cs|Connect|205|Connecting to PHD2 server at 127.0.0.1:4400
2025-09-27T15:54:52.2867|INFO|FlatDeviceVM.cs|Disconnect|289|Disconnected Flat Device
2025-09-27T15:54:52.2977|INFO|WeatherDataVM.cs|Disconnect|305|Disconnected Weather Device
2025-09-27T15:54:54.0474|INFO|AscomDevice.cs|GetProperty|527|Property ObservingConditions.SkyQuality GET is not implemented in this driver (SkyAlert Observing Conditions)
2025-09-27T15:54:54.0556|INFO|AscomDevice.cs|GetProperty|527|Property ObservingConditions.StarFWHM GET is not implemented in this driver (SkyAlert Observing Conditions)
2025-09-27T15:54:54.0697|INFO|WeatherDataVM.cs|ChooseWeatherData|150|Successfully connected Weather Device. Id: ASCOM.SkyAlert.ObservingConditions Name: SkyAlert Observing Conditions DisplayName: SkyAlert Observing Conditions (ASCOM) Driver Version: 1.7
2025-09-27T15:54:54.0781|INFO|SwitchVM.cs|Disconnect|309|Disconnected Switch
2025-09-27T15:54:54.0972|INFO|DomeVM.cs|Disconnect|355|Disconnected Dome Device
2025-09-27T15:54:54.1108|INFO|SafetyMonitorVM.cs|Disconnect|221|Disconnected Safety Monitor
2025-09-27T15:54:54.6646|INFO|SafetyMonitorVM.cs|Connect|175|Successfully connected Safety Monitor. Id: ASCOM.GenericFile.SafetyMonitor Name: Generic File driver DisplayName: Generic File driver (ASCOM) Driver Version: 6.4
2025-09-27T15:54:56.6672|INFO|SafetyMonitorVM.cs|UpdateMonitorValues|95|SafetyMonitorInfo state changed to Unsafe
2025-09-27T15:55:01.0798|INFO|CameraChooserVM.cs|GetEquipment|69|Found 2 ASI Cameras
2025-09-27T15:55:01.1484|INFO|CameraChooserVM.cs|GetEquipment|84|Found 0 Altair Cameras
2025-09-27T15:55:01.1486|INFO|CameraChooserVM.cs|GetEquipment|96|Found 0 Atik Cameras
2025-09-27T15:55:01.1494|INFO|CameraChooserVM.cs|GetEquipment|110|Found 0 FLI Cameras
2025-09-27T15:55:01.1496|INFO|CameraChooserVM.cs|GetEquipment|130|Found 0 QHYCCD Cameras
2025-09-27T15:55:01.3221|INFO|CameraChooserVM.cs|GetEquipment|158|Found 0 ToupTek Cameras
2025-09-27T15:55:01.3272|INFO|CameraChooserVM.cs|GetEquipment|173|Found 0 Ogma Cameras
2025-09-27T15:55:01.3422|INFO|CameraChooserVM.cs|GetEquipment|188|Found 0 Omegon Cameras
2025-09-27T15:55:01.5121|INFO|CameraChooserVM.cs|GetEquipment|203|Found 0 RisingCam Cameras
2025-09-27T15:55:01.5259|INFO|CameraChooserVM.cs|GetEquipment|218|Found 0 MallinCam Cameras
2025-09-27T15:55:01.5273|INFO|CameraChooserVM.cs|GetEquipment|243|Found 0 SVBony Cameras
2025-09-27T15:55:01.5297|INFO|CameraChooserVM.cs|GetEquipment|259|Found 0 SBIG Cameras
2025-09-27T15:55:01.5300|INFO|CameraChooserVM.cs|GetEquipment|279|Found 0 SVBony Cameras
2025-09-27T15:55:01.5301|INFO|CameraChooserVM.cs|GetEquipment|279|Found 0 PlayerOne Cameras
2025-09-27T15:55:01.5375|INFO|CameraChooserVM.cs|GetEquipment|279|Found 0 ASTPAN Cameras
2025-09-27T15:55:01.5383|INFO|CameraChooserVM.cs|GetEquipment|293|Found 4 ASCOM Cameras
2025-09-27T15:55:03.5452|INFO|CameraVM.cs|Disconnect|680|Disconnected Camera
2025-09-27T15:55:03.5458|INFO|CameraChooserVM.cs|GetEquipment|305|Found 0 Alpaca Cameras
2025-09-27T15:55:03.5475|INFO|CameraChooserVM.cs|GetEquipment|318|Found 0 Canon Cameras
2025-09-27T15:55:03.5563|INFO|CameraChooserVM.cs|GetEquipment|69|Found 2 ASI Cameras
2025-09-27T15:55:03.6300|INFO|CameraChooserVM.cs|GetEquipment|84|Found 0 Altair Cameras
2025-09-27T15:55:03.6302|INFO|CameraChooserVM.cs|GetEquipment|96|Found 0 Atik Cameras
2025-09-27T15:55:03.6308|INFO|CameraChooserVM.cs|GetEquipment|110|Found 0 FLI Cameras
2025-09-27T15:55:03.6309|INFO|CameraChooserVM.cs|GetEquipment|130|Found 0 QHYCCD Cameras
2025-09-27T15:55:03.7984|INFO|CameraChooserVM.cs|GetEquipment|158|Found 0 ToupTek Cameras
2025-09-27T15:55:03.8032|INFO|CameraChooserVM.cs|GetEquipment|173|Found 0 Ogma Cameras
2025-09-27T15:55:03.8185|INFO|CameraChooserVM.cs|GetEquipment|188|Found 0 Omegon Cameras
2025-09-27T15:55:03.9852|INFO|CameraChooserVM.cs|GetEquipment|203|Found 0 RisingCam Cameras
2025-09-27T15:55:03.9991|INFO|CameraChooserVM.cs|GetEquipment|218|Found 0 MallinCam Cameras
2025-09-27T15:55:04.0006|INFO|CameraChooserVM.cs|GetEquipment|243|Found 0 SVBony Cameras
2025-09-27T15:55:04.0028|INFO|CameraChooserVM.cs|GetEquipment|259|Found 0 SBIG Cameras
2025-09-27T15:55:04.0031|INFO|CameraChooserVM.cs|GetEquipment|279|Found 0 SVBony Cameras
2025-09-27T15:55:04.0032|INFO|CameraChooserVM.cs|GetEquipment|279|Found 0 PlayerOne Cameras
2025-09-27T15:55:04.0105|INFO|CameraChooserVM.cs|GetEquipment|279|Found 0 ASTPAN Cameras
2025-09-27T15:55:04.0112|INFO|CameraChooserVM.cs|GetEquipment|293|Found 4 ASCOM Cameras
2025-09-27T15:55:06.0113|INFO|CameraChooserVM.cs|GetEquipment|305|Found 0 Alpaca Cameras
2025-09-27T15:55:06.0130|INFO|CameraChooserVM.cs|GetEquipment|318|Found 0 Canon Cameras
2025-09-27T15:55:06.0139|ERROR|CameraVM.cs|ChooseCamera|499
System.Exception: Unable to connect to device '' (ID: ZWO ASI533MM Pro #0). Make sure it's plugged in, turned on, and set up correctly.
   at NINA.Equipment.Equipment.OfflineDevice.Connect(CancellationToken token) in D:\a\nina\nina\NINA.Equipment\Equipment\OfflineDevice.cs:line 50
   at NINA.Equipment.Equipment.MyCamera.PersistSettingsCameraDecorator.Connect(CancellationToken token) in D:\a\nina\nina\NINA.Equipment\Equipment\MyCamera\PersistSettingsCameraDecorator.cs:line 311
   at NINA.WPF.Base.ViewModel.Equipment.Camera.CameraVM.ChooseCamera() in D:\a\nina\nina\NINA.WPF.Base\ViewModel\Equipment\Camera\CameraVM.cs:line 355
2025-09-27T15:55:20.0237|INFO|CameraChooserVM.cs|GetEquipment|69|Found 2 ASI Cameras
2025-09-27T15:55:20.0907|INFO|CameraChooserVM.cs|GetEquipment|84|Found 0 Altair Cameras
2025-09-27T15:55:20.0909|INFO|CameraChooserVM.cs|GetEquipment|96|Found 0 Atik Cameras
2025-09-27T15:55:20.0915|INFO|CameraChooserVM.cs|GetEquipment|110|Found 0 FLI Cameras
2025-09-27T15:55:20.0916|INFO|CameraChooserVM.cs|GetEquipment|130|Found 0 QHYCCD Cameras
2025-09-27T15:55:20.2540|INFO|CameraChooserVM.cs|GetEquipment|158|Found 0 ToupTek Cameras
2025-09-27T15:55:20.2587|INFO|CameraChooserVM.cs|GetEquipment|173|Found 0 Ogma Cameras
2025-09-27T15:55:20.2731|INFO|CameraChooserVM.cs|GetEquipment|188|Found 0 Omegon Cameras
2025-09-27T15:55:20.4427|INFO|CameraChooserVM.cs|GetEquipment|203|Found 0 RisingCam Cameras
2025-09-27T15:55:20.4574|INFO|CameraChooserVM.cs|GetEquipment|218|Found 0 MallinCam Cameras
2025-09-27T15:55:20.4591|INFO|CameraChooserVM.cs|GetEquipment|243|Found 0 SVBony Cameras
2025-09-27T15:55:20.4615|INFO|CameraChooserVM.cs|GetEquipment|259|Found 0 SBIG Cameras
2025-09-27T15:55:20.4618|INFO|CameraChooserVM.cs|GetEquipment|279|Found 0 SVBony Cameras
2025-09-27T15:55:20.4620|INFO|CameraChooserVM.cs|GetEquipment|279|Found 0 PlayerOne Cameras
2025-09-27T15:55:20.4696|INFO|CameraChooserVM.cs|GetEquipment|279|Found 0 ASTPAN Cameras
2025-09-27T15:55:20.4703|INFO|CameraChooserVM.cs|GetEquipment|293|Found 4 ASCOM Cameras
2025-09-27T15:55:22.4703|INFO|CameraChooserVM.cs|GetEquipment|305|Found 0 Alpaca Cameras
2025-09-27T15:55:22.4720|INFO|CameraChooserVM.cs|GetEquipment|318|Found 0 Canon Cameras
2025-09-27T15:55:24.1181|INFO|CameraVM.cs|Disconnect|680|Disconnected Camera
2025-09-27T15:55:24.1258|INFO|CameraChooserVM.cs|GetEquipment|69|Found 2 ASI Cameras
2025-09-27T15:55:24.1929|INFO|CameraChooserVM.cs|GetEquipment|84|Found 0 Altair Cameras
2025-09-27T15:55:24.1930|INFO|CameraChooserVM.cs|GetEquipment|96|Found 0 Atik Cameras
2025-09-27T15:55:24.1936|INFO|CameraChooserVM.cs|GetEquipment|110|Found 0 FLI Cameras
2025-09-27T15:55:24.1938|INFO|CameraChooserVM.cs|GetEquipment|130|Found 0 QHYCCD Cameras
2025-09-27T15:55:24.3612|INFO|CameraChooserVM.cs|GetEquipment|158|Found 0 ToupTek Cameras
2025-09-27T15:55:24.3662|INFO|CameraChooserVM.cs|GetEquipment|173|Found 0 Ogma Cameras
2025-09-27T15:55:24.3807|INFO|CameraChooserVM.cs|GetEquipment|188|Found 0 Omegon Cameras
2025-09-27T15:55:24.5456|INFO|CameraChooserVM.cs|GetEquipment|203|Found 0 RisingCam Cameras
2025-09-27T15:55:24.5595|INFO|CameraChooserVM.cs|GetEquipment|218|Found 0 MallinCam Cameras
2025-09-27T15:55:24.5609|INFO|CameraChooserVM.cs|GetEquipment|243|Found 0 SVBony Cameras
2025-09-27T15:55:24.5630|INFO|CameraChooserVM.cs|GetEquipment|259|Found 0 SBIG Cameras
2025-09-27T15:55:24.5632|INFO|CameraChooserVM.cs|GetEquipment|279|Found 0 SVBony Cameras
2025-09-27T15:55:24.5634|INFO|CameraChooserVM.cs|GetEquipment|279|Found 0 PlayerOne Cameras
2025-09-27T15:55:24.5703|INFO|CameraChooserVM.cs|GetEquipment|279|Found 0 ASTPAN Cameras
2025-09-27T15:55:24.5710|INFO|CameraChooserVM.cs|GetEquipment|293|Found 4 ASCOM Cameras
2025-09-27T15:55:26.5714|INFO|CameraChooserVM.cs|GetEquipment|305|Found 0 Alpaca Cameras
2025-09-27T15:55:26.5732|INFO|CameraChooserVM.cs|GetEquipment|318|Found 0 Canon Cameras
2025-09-27T15:55:26.5738|ERROR|CameraVM.cs|ChooseCamera|499
System.Exception: Unable to connect to device '' (ID: ZWO ASI533MM Pro #0). Make sure it's plugged in, turned on, and set up correctly.
   at NINA.Equipment.Equipment.OfflineDevice.Connect(CancellationToken token) in D:\a\nina\nina\NINA.Equipment\Equipment\OfflineDevice.cs:line 50
   at NINA.Equipment.Equipment.MyCamera.PersistSettingsCameraDecorator.Connect(CancellationToken token) in D:\a\nina\nina\NINA.Equipment\Equipment\MyCamera\PersistSettingsCameraDecorator.cs:line 311
   at NINA.WPF.Base.ViewModel.Equipment.Camera.CameraVM.ChooseCamera() in D:\a\nina\nina\NINA.WPF.Base\ViewModel\Equipment\Camera\CameraVM.cs:line 355
2025-09-27T15:55:28.4339|INFO|ApplicationVM.cs|Exit|244|Shutting down application - requested by user
2025-09-27T15:55:28.4817|INFO|ApplicationVM.cs|Closing|289|Application shutting down
2025-09-27T15:55:28.5093|INFO|DomeVM.cs|Disconnect|355|Disconnected Dome Device
2025-09-27T15:55:28.5125|INFO|FlatDeviceVM.cs|Disconnect|289|Disconnected Flat Device
2025-09-27T15:55:28.5135|INFO|CameraVM.cs|Disconnect|680|Disconnected Camera
2025-09-27T15:55:28.5774|INFO|AscomDevice.cs|Disconnect|378|Disconnecting from ASCOM.iOptron2017.Telescope iOptron CEM120,70,40,26, GEM, HEM, HAE, HAZ series and SkyHunter Mount
2025-09-27T15:55:28.6193|INFO|TelescopeVM.cs|Disconnect|741|Disconnected mount
2025-09-27T15:55:28.6197|INFO|AscomDevice.cs|Disconnect|378|Disconnecting from ASCOM.EFW2.FilterWheel ZWO FilterWheel
2025-09-27T15:55:28.6312|INFO|FilterWheelVM.cs|Disconnect|332|Disconnected Filter Wheel
2025-09-27T15:55:28.6339|INFO|AscomDevice.cs|Disconnect|378|Disconnecting from ASCOM.EAF.Focuser ZWO Focuser
2025-09-27T15:55:28.6861|INFO|FocuserVM.cs|Disconnect|441|Disconnected Focuser
2025-09-27T15:55:28.6892|INFO|RotatorVM.cs|Disconnect|447|Disconnected Rotator
2025-09-27T15:55:28.6916|INFO|SwitchVM.cs|Disconnect|309|Disconnected Switch
2025-09-27T15:55:28.6937|INFO|AscomDevice.cs|Disconnect|378|Disconnecting from ASCOM.SkyAlert.ObservingConditions SkyAlert Observing Conditions
2025-09-27T15:55:28.7058|INFO|WeatherDataVM.cs|Disconnect|305|Disconnected Weather Device
2025-09-27T15:55:28.7078|INFO|AscomDevice.cs|Disconnect|378|Disconnecting from ASCOM.GenericFile.SafetyMonitor Generic File driver
2025-09-27T15:55:28.7160|INFO|SafetyMonitorVM.cs|Disconnect|221|Disconnected Safety Monitor
