----------------------------------------------------------------------
--------------N.I.N.A. - Nighttime Imaging 'N' Astronomy--------------
--------------------------Version 3.1.2.9001--------------------------
-------------------------2025-09-23T10:11:39--------------------------
----------------------------------------------------------------------
---------------------Microsoft Windows 10.0.19045---------------------
-------------------------OS Architecture X64--------------------------
-----------------------Process Architecture X64-----------------------
------------------------------.NET 8.0.8------------------------------
----------------------------------------------------------------------
--------------------------Processor Count 4---------------------------
--------------------Total Physical Memory 7.84 GB---------------------
----------------------------------------------------------------------
DATE|LEVEL|SOURCE|MEMBER|LINE|MESSAGE
2025-09-23T10:11:38.8056|INFO|CameraChooserVM.cs|GetEquipment|69|Found 2 ASI Cameras
2025-09-23T10:11:39.4865|INFO|CameraChooserVM.cs|GetEquipment|84|Found 0 Altair Cameras
2025-09-23T10:11:40.3647|INFO|CameraChooserVM.cs|GetEquipment|96|Found 0 Atik Cameras
2025-09-23T10:11:40.4644|INFO|CameraChooserVM.cs|GetEquipment|110|Found 0 FLI Cameras
2025-09-23T10:11:41.7824|INFO|CameraChooserVM.cs|GetEquipment|130|Found 0 QHYCCD Cameras
2025-09-23T10:11:42.3324|INFO|CameraChooserVM.cs|GetEquipment|158|Found 0 ToupTek Cameras
2025-09-23T10:11:42.5955|INFO|CameraChooserVM.cs|GetEquipment|173|Found 0 Ogma Cameras
2025-09-23T10:11:42.7830|INFO|CameraChooserVM.cs|GetEquipment|188|Found 0 Omegon Cameras
2025-09-23T10:11:43.4646|INFO|CameraChooserVM.cs|GetEquipment|203|Found 0 RisingCam Cameras
2025-09-23T10:11:43.6244|INFO|CameraChooserVM.cs|GetEquipment|218|Found 0 MallinCam Cameras
2025-09-23T10:11:43.6279|INFO|CameraChooserVM.cs|GetEquipment|244|Found 0 SBIG Cameras
2025-09-23T10:11:44.7803|INFO|PluginLoader.cs|LoadPlugin|416|Successfully loaded plugin Autofocus Report Analysis version 2.0.0.9 by Stefan Berg @isbeorn
2025-09-23T10:11:45.2421|INFO|PluginLoader.cs|LoadPlugin|416|Successfully loaded plugin Connector version 2.0.3.0 by Stefan Berg
2025-09-23T10:11:45.5043|INFO|PluginLoader.cs|LoadPlugin|416|Successfully loaded plugin Device Actions and Commands version 2.2.0.0 by Dale Ghent
2025-09-23T10:11:46.3350|INFO|PluginLoader.cs|LoadPlugin|416|Successfully loaded plugin Discord Alert version 2.2.0.0 by Drew McDermott
2025-09-23T10:11:47.2157|INFO|PluginLoader.cs|LoadPlugin|416|Successfully loaded plugin Discord Notification version 1.0.0.1 by Daniel Ludwig
2025-09-23T10:11:47.4331|INFO|PluginLoader.cs|LoadPlugin|416|Successfully loaded plugin Filter Offset Calculator version 2.0.0.0 by S. Dimant & Stefan Berg
2025-09-23T10:11:47.7090|INFO|PluginLoader.cs|LoadPlugin|416|Successfully loaded plugin Flexure Correction version 0.8.0.0 by Francesco Meschia
2025-09-23T10:11:48.3125|INFO|ApplicationVM.cs|CheckDiskInfo|100|Available Space on Drive C:\: 150.82 GB
2025-09-23T10:11:48.3190|INFO|ApplicationVM.cs|CheckDiskInfo|102|Drive E:\ is not ready
2025-09-23T10:11:48.3206|INFO|ApplicationVM.cs|CheckDiskInfo|100|Available Space on Drive G:\: 58.85 GB
2025-09-23T10:11:48.3314|INFO|ApplicationVM.cs|CheckDiskInfo|100|Available Space on Drive Z:\: 31.45 GB
2025-09-23T10:11:49.0612|INFO|ApplicationVM.cs|CheckASCOMPlatformVersion|81|ASCOM Platform 6.6.2.4195 installed
2025-09-23T10:11:49.9851|INFO|PluginLoader.cs|LoadPlugin|416|Successfully loaded plugin Ground Station version 2.4.1.0 by Dale Ghent
2025-09-23T10:12:00.1924|INFO|PluginLoader.cs|LoadPlugin|416|Successfully loaded plugin Hocus Focus version 3.0.0.21 by George Hilios (jokogeo)
2025-09-23T10:12:01.0548|INFO|PluginLoader.cs|LoadPlugin|416|Successfully loaded plugin Horizon Creator version 1.1.2.0 by Christian Palm
2025-09-23T10:12:01.2465|INFO|PluginLoader.cs|LoadPlugin|416|Successfully loaded plugin Moon Angle version 2.2.0.0 by Dale Ghent
2025-09-23T10:12:01.5813|INFO|PluginLoader.cs|LoadPlugin|416|Successfully loaded plugin PixInsight Tools version 1.0.0.3 by Stefan Berg
2025-09-23T10:12:03.2220|WARNING|When.cs|GetRunningItem|143|Can't get running items: SequencerNavigation not initialized yet!
2025-09-23T10:12:03.4848|INFO|PluginLoader.cs|LoadPlugin|416|Successfully loaded plugin Sequencer Powerups version 3.28.4.4 by Marc Blank
2025-09-23T10:12:03.6085|INFO|PluginLoader.cs|LoadPlugin|416|Successfully loaded plugin Shutdown PC version 2.2.0.0 by Dale Ghent
2025-09-23T10:12:04.0255|INFO|PluginLoader.cs|LoadPlugin|416|Successfully loaded plugin Smart Filters version 1.0.0.3 by Benoit SAINTOT
2025-09-23T10:12:04.4899|INFO|PluginLoader.cs|LoadPlugin|416|Successfully loaded plugin Target Planning version 3.2.1.0 by Tom Palmer @tcpalmer
2025-09-23T10:12:06.4786|ERROR|DllLoader.cs|LoadDllFromAbsolutePath|53|DllLoader failed to load library C:\Program Files\N.I.N.A. - Nighttime Imaging 'N' Astronomy\External\x64\SQLite\SQLite.Interop.dll due to error code 126
2025-09-23T10:12:07.4231|INFO|PluginLoader.cs|LoadPlugin|416|Successfully loaded plugin Target Scheduler version 5.7.3.0 by Tom Palmer @tcpalmer
2025-09-23T10:12:07.8341|INFO|PluginLoader.cs|LoadPlugin|416|Successfully loaded plugin Three Point Polar Alignment version 2.2.4.1 by Stefan Berg @isbeorn
2025-09-23T10:12:07.8492|INFO|PluginFetcher.cs|RequestAll|43|Fetching plugin manifests from https://nighttime-imaging.eu/wp-json/nina/v1/plugins/manifests
2025-09-23T10:12:08.0952|INFO|CameraChooserVM.cs|GetEquipment|264|Found 0 SVBony Cameras
2025-09-23T10:12:08.3008|INFO|CameraChooserVM.cs|GetEquipment|264|Found 0 PlayerOne Cameras
2025-09-23T10:12:08.4131|INFO|CameraChooserVM.cs|GetEquipment|264|Found 0 ASTPAN Cameras
2025-09-23T10:12:08.4152|INFO|CameraChooserVM.cs|GetEquipment|278|Found 4 ASCOM Cameras
2025-09-23T10:12:08.6183|WARNING|When.cs|GetRunningItem|143|Can't get running items: SequencerNavigation not initialized yet!
2025-09-23T10:12:08.7648|INFO|Sequence2VM.cs|TryLoadSequenceFile|356|Loading sequence file: C:\Users\nicka\Astro\NINA\NINA_Sequences\TargetScheduler.json
2025-09-23T10:12:09.0860|INFO|PluginFetcher.cs|RequestAll|57|Found 58 valid plugins at https://nighttime-imaging.eu/wp-json/nina/v1/plugins/manifests
2025-09-23T10:12:09.1898|INFO|Sequence2VM.cs|TryLoadSequenceFile|362|Starting sequence from command line options
2025-09-23T10:12:09.1933|INFO|Sequence2VM.cs|StartSequence|485|Advanced Sequence starting
2025-09-23T10:12:09.5915|INFO|SequenceItem.cs|Run|208|Starting Category: * Instruction Set *, Container: NINA.Sequencer.Container.SequenceRootContainer, Strategy: SequentialStrategy, Items[CREATED]: 3, Triggers: Category: Ground Station, Item: Failures to Telegram
2025-09-23T10:12:09.6961|INFO|SequenceItem.cs|Run|208|Starting Category: * Instruction Set *, Container: NINA.Sequencer.Container.StartAreaContainer, Strategy: SequentialStrategy, Items[CREATED]: 1
2025-09-23T10:12:09.6977|INFO|SequenceItem.cs|Run|208|Starting Category: * Instruction Set *, Container: NINA.Sequencer.Container.SequentialContainer, Strategy: SequentialStrategy, Items[CREATED]: 8
2025-09-23T10:12:09.6990|INFO|SequenceItem.cs|Run|208|Starting Category: Ground Station, Item: Send to Telegram
2025-09-23T10:12:09.9116|INFO|SafetyMonitorChooserVM.cs|GetEquipment|71|Found 0 Alpaca Safety Monitors
2025-09-23T10:12:09.9118|INFO|TelescopeChooserVM.cs|GetEquipment|69|Found 0 Alpaca Telescopes
2025-09-23T10:12:09.9118|INFO|RotatorChooserVM.cs|GetEquipment|68|Found 0 Alpaca Rotators
2025-09-23T10:12:09.9121|INFO|DomeChooserVM.cs|GetEquipment|67|Found 0 Alpaca Domes
2025-09-23T10:12:09.9151|INFO|WeatherDataChooserVM.cs|GetEquipment|69|Found 0 Alpaca Observing Conditions
2025-09-23T10:12:09.9189|INFO|FlatDeviceChooserVM.cs|GetEquipment|67|Found 0 Alpaca Cover Calibrators
2025-09-23T10:12:09.9384|INFO|FocuserChooserVM.cs|GetEquipment|67|Found 0 Alpaca Focusers
2025-09-23T10:12:09.9393|INFO|FilterWheelChooserVM.cs|GetEquipment|193|Found 0 Alpaca Filter Wheels
2025-09-23T10:12:09.9486|INFO|SwitchChooserVM.cs|GetEquipment|71|Found 0 Alpaca Switch Hubs
2025-09-23T10:12:10.2911|INFO|DockManagerVM.cs|InitializeAvalonDockLayout|356|Initializing imaging tab layout from C:\Users\nicka\AppData\Local\NINA\Profiles\0173997c-4bfa-48fd-9337-a48b6df99c38.dock.config
2025-09-23T10:12:10.4272|INFO|CameraChooserVM.cs|GetEquipment|290|Found 0 Alpaca Cameras
2025-09-23T10:12:10.4341|INFO|CameraChooserVM.cs|GetEquipment|303|Found 0 Canon Cameras
2025-09-23T10:12:10.6092|INFO|SequenceItem.cs|Run|254|Finishing Category: Ground Station, Item: Send to Telegram
2025-09-23T10:12:10.6128|INFO|SequenceItem.cs|Run|208|Starting Category: Utility, Item: WaitForTime, Time: 19:42:18h, Offset: -45
2025-09-23T17:58:13.4201|INFO|CameraVM.cs|Disconnect|645|Disconnected Camera
2025-09-23T17:58:14.0009|WARNING|ASICamera.cs|SetControlValue|583|Failed to set ASI Control Value ASI_WB_B with value 50
2025-09-23T17:58:14.0011|WARNING|ASICamera.cs|SetControlValue|583|Failed to set ASI Control Value ASI_WB_R with value 50
2025-09-23T17:58:14.0012|WARNING|ASICamera.cs|SetControlValue|583|Failed to set ASI Control Value ASI_GAMMA with value 50
2025-09-23T17:58:14.0013|WARNING|ASICamera.cs|SetControlValue|583|Failed to set ASI Control Value ASI_HIGH_SPEED_MODE with value 0
2025-09-23T17:58:14.0014|WARNING|ASICamera.cs|SetControlValue|583|Failed to set ASI Control Value ASI_OVERCLOCK with value 0
2025-09-23T17:58:14.0015|WARNING|ASICamera.cs|SetControlValue|583|Failed to set ASI Control Value ASI_PATTERN_ADJUST with value 0
2025-09-23T17:58:14.0025|WARNING|ASICamera.cs|SetControlValue|583|Failed to set ASI Control Value ASI_MONO_BIN with value 0
2025-09-23T17:58:14.0037|INFO|ASICamera.cs|Initialize|677|Camera ID: ASI533MM
2025-09-23T17:58:14.0209|WARNING|ASICamera.cs|SetControlValue|583|Failed to set ASI Control Value ASI_ANTI_DEW_HEATER with value 0
2025-09-23T17:58:14.0906|INFO|CameraVM.cs|ChooseCamera|448|Successfully connected Camera. Id: ZWO ASI533MM Pro #0 Name: ZWO ASI533MM Pro DisplayName: ZWO ASI533MM Pro (ASI533MM)Driver Version: 1, 36, 0, 0
2025-09-23T17:58:14.0966|INFO|FilterWheelVM.cs|Disconnect|324|Disconnected Filter Wheel
2025-09-23T17:58:17.1816|INFO|FilterWheelVM.cs|ChooseFW|272|Successfully connected Filter Wheel. Id: ASCOM.EFW2.FilterWheel Name: ZWO FilterWheel (1) DisplayName: ZWO FilterWheel (1) Driver Version: 6.0
2025-09-23T17:58:17.2109|INFO|TelescopeVM.cs|Disconnect|763|Disconnected mount
2025-09-23T17:58:20.2738|INFO|AscomTelescope.cs|CheckMountTime|817|Mount UTC Time: 2025-09-23 22:58:15Z / System UTC Time: 2025-09-23 22:58:20Z; Difference: 4.787 seconds
2025-09-23T17:58:20.3206|INFO|AscomTelescope.cs|CheckMountTime|824|System time has been synced to the mount
2025-09-23T17:58:20.5674|INFO|TelescopeVM.cs|ChooseTelescope|518|Successfully connected mount. Id: ASCOM.iOptron2017.Telescope Name: iOptron CEM120,70,40,26, GEM, HEM, HAE, HAZ series and SkyHunter Mount DisplayName: iOptron CEM120,70,40,26, GEM, HEM, HAE, HAZ series and SkyHunter Mount Driver Version: 9.15
2025-09-23T17:58:20.5725|INFO|FocuserVM.cs|Disconnect|426|Disconnected Focuser
2025-09-23T17:58:21.8315|ERROR|AscomDevice.cs|GetProperty|398|An unexpected exception occurred during GET of Focuser.StepSize: 
ASCOM.DriverException: The method or operation is not implemented.
 ---> System.NotImplementedException: The method or operation is not implemented.
   --- End of inner exception stack trace ---
   at ASCOM.Com.DriverAccess.DynamicAccess.CheckDotNetExceptions(String memberName, Exception e)
   at ASCOM.Com.DriverAccess.DynamicAccess.TryGetMember(GetMemberBinder binder, Object& result)
   at CallSite.Target(Closure, CallSite, Object)
   at System.Dynamic.UpdateDelegates.UpdateAndExecute1[T0,TRet](CallSite site, T0 arg0)
   at ASCOM.Com.DriverAccess.Focuser.get_StepSize()
   at System.RuntimeMethodHandle.InvokeMethod(Object target, Void** arguments, Signature sig, Boolean isConstructor)
   at System.Reflection.MethodBaseInvoker.InvokeWithNoArgs(Object obj, BindingFlags invokeAttr)
2025-09-23T17:58:22.0338|INFO|AscomDevice.cs|GetProperty|356|Retrying to GET Focuser.StepSize - Attempt 2 / 3
2025-09-23T17:58:22.0364|ERROR|AscomDevice.cs|GetProperty|398|An unexpected exception occurred during GET of Focuser.StepSize: 
ASCOM.DriverException: The method or operation is not implemented.
 ---> System.NotImplementedException: The method or operation is not implemented.
   --- End of inner exception stack trace ---
   at ASCOM.Com.DriverAccess.DynamicAccess.CheckDotNetExceptions(String memberName, Exception e)
   at ASCOM.Com.DriverAccess.DynamicAccess.TryGetMember(GetMemberBinder binder, Object& result)
   at CallSite.Target(Closure, CallSite, Object)
   at ASCOM.Com.DriverAccess.Focuser.get_StepSize()
   at InvokeStub_Focuser.get_StepSize(Object, Object, IntPtr*)
   at System.Reflection.MethodBaseInvoker.InvokeWithNoArgs(Object obj, BindingFlags invokeAttr)
2025-09-23T17:58:22.2376|INFO|AscomDevice.cs|GetProperty|356|Retrying to GET Focuser.StepSize - Attempt 3 / 3
2025-09-23T17:58:22.2387|ERROR|AscomDevice.cs|GetProperty|398|An unexpected exception occurred during GET of Focuser.StepSize: 
ASCOM.DriverException: The method or operation is not implemented.
 ---> System.NotImplementedException: The method or operation is not implemented.
   --- End of inner exception stack trace ---
   at ASCOM.Com.DriverAccess.DynamicAccess.CheckDotNetExceptions(String memberName, Exception e)
   at ASCOM.Com.DriverAccess.DynamicAccess.TryGetMember(GetMemberBinder binder, Object& result)
   at CallSite.Target(Closure, CallSite, Object)
   at ASCOM.Com.DriverAccess.Focuser.get_StepSize()
   at InvokeStub_Focuser.get_StepSize(Object, Object, IntPtr*)
   at System.Reflection.MethodBaseInvoker.InvokeWithNoArgs(Object obj, BindingFlags invokeAttr)
2025-09-23T17:58:22.2390|INFO|AscomDevice.cs|GetProperty|408|GET Focuser.StepSize failed - Returning last known value 0
2025-09-23T17:58:22.4568|INFO|FocuserVM.cs|ChooseFocuser|324|Successfully connected Focuser. Id: ASCOM.EAF.Focuser Name: ZWO Focuser (1) DisplayName: ZWO Focuser (1) Driver Version: 6.0
2025-09-23T17:58:22.4740|INFO|RotatorVM.cs|Disconnect|438|Disconnected Rotator
2025-09-23T17:58:22.6532|INFO|PHD2Guider.cs|Connect|202|Connecting to PHD2 server at 127.0.0.1:4400
2025-09-23T17:58:30.5809|INFO|FlatDeviceVM.cs|Disconnect|279|Disconnected Flat Device
2025-09-23T17:58:30.5899|INFO|WeatherDataVM.cs|Disconnect|292|Disconnected Weather Device
2025-09-23T17:58:31.4664|INFO|AscomDevice.cs|GetProperty|379|Property ObservingConditions.SkyQuality GET is not implemented in this driver (SkyAlert Observing Conditions)
2025-09-23T17:58:31.4734|INFO|AscomDevice.cs|GetProperty|379|Property ObservingConditions.StarFWHM GET is not implemented in this driver (SkyAlert Observing Conditions)
2025-09-23T17:58:31.4862|INFO|WeatherDataVM.cs|ChooseWeatherData|143|Successfully connected Weather Device. Id: ASCOM.SkyAlert.ObservingConditions Name: SkyAlert Observing Conditions DisplayName: SkyAlert Observing Conditions Driver Version: 1.7
2025-09-23T17:58:31.4939|INFO|SwitchVM.cs|Disconnect|298|Disconnected Switch
2025-09-23T17:58:31.5021|INFO|DomeVM.cs|Disconnect|336|Disconnected Dome Device
2025-09-23T17:58:31.5081|INFO|SafetyMonitorVM.cs|Disconnect|208|Disconnected Safety Monitor
2025-09-23T17:58:32.0194|INFO|SafetyMonitorVM.cs|Connect|168|Successfully connected Safety Monitor. Id: ASCOM.GenericFile.SafetyMonitor Name: Generic File SafetyMonitor DisplayName: Generic File SafetyMonitor Driver Version: 6.4
2025-09-23T17:58:34.0253|INFO|SafetyMonitorVM.cs|UpdateMonitorValues|94|SafetyMonitorInfo state changed to Unsafe
2025-09-23T18:03:05.4536|INFO|FramingAssistantVM.cs|LoadImage|1072|Loading image from source HIPS2FITS with field of view 15° for coordinates RA: 22:26:49; Dec: 69° 24' 42"; Epoch: J2000
2025-09-23T18:06:06.2743|INFO|FramingAssistantVM.cs|LoadImage|1072|Loading image from source HIPS2FITS with field of view 15° for coordinates RA: 22:11:28; Dec: 69° 24' 42"; Epoch: J2000
2025-09-23T18:09:37.2903|INFO|FramingAssistantVM.cs|LoadImage|1072|Loading image from source HIPS2FITS with field of view 15° for coordinates RA: 22:08:51; Dec: 74° 48' 25"; Epoch: J2000
2025-09-23T18:12:07.4888|INFO|FramingAssistantVM.cs|LoadImage|1072|Loading image from source HIPS2FITS with field of view 15° for coordinates RA: 22:27:21; Dec: 70° 45' 38"; Epoch: J2000
2025-09-23T19:42:44.6802|INFO|SequenceItem.cs|Run|254|Finishing Category: Utility, Item: WaitForTime, Time: 19:40:58h, Offset: -45
2025-09-23T19:42:44.7107|INFO|SequenceItem.cs|Run|208|Starting Category: Ground Station, Item: Send to Telegram
2025-09-23T19:42:45.4382|INFO|SequenceItem.cs|Run|254|Finishing Category: Ground Station, Item: Send to Telegram
2025-09-23T19:42:45.4395|INFO|SequenceItem.cs|Run|208|Starting Category: Connector, Item: ConnectAllEquipment
2025-09-23T19:42:45.4459|INFO|ConnectAllEquipment.cs|Execute|167|Camera is already connected
2025-09-23T19:42:45.4462|INFO|ConnectAllEquipment.cs|Execute|167|Filter Wheel is already connected
2025-09-23T19:42:45.4463|INFO|ConnectAllEquipment.cs|Execute|167|Focuser is already connected
2025-09-23T19:42:45.4490|INFO|ConnectAllEquipment.cs|Execute|167|Telescope is already connected
2025-09-23T19:42:45.4492|INFO|ConnectAllEquipment.cs|Execute|167|Guider is already connected
2025-09-23T19:42:45.4498|INFO|ConnectAllEquipment.cs|Execute|167|Weather is already connected
2025-09-23T19:42:45.4502|INFO|ConnectAllEquipment.cs|Execute|167|Safety Monitor is already connected
2025-09-23T19:42:45.4506|INFO|SequenceItem.cs|Run|254|Finishing Category: Connector, Item: ConnectAllEquipment
2025-09-23T19:42:45.4773|INFO|SequenceItem.cs|Run|208|Starting Category: Telescope, Item: FindHome
2025-09-23T19:42:45.4858|INFO|PHD2Guider.cs|StopGuiding|700|Phd2 - Stop Guiding skipped, as the app is already in state Looping
2025-09-23T19:42:45.4887|INFO|TelescopeVM.cs|FindHome|281|Mount ordered to locate home position
2025-09-23T19:42:45.5077|ERROR|TelescopeVM.cs|FindHome|341|Mount cannot locate home because it is already at the home position
2025-09-23T19:42:45.5079|INFO|SequenceItem.cs|Run|254|Finishing Category: Telescope, Item: FindHome
2025-09-23T19:42:45.5082|INFO|SequenceItem.cs|Run|208|Starting Category: Ground Station, Item: Send to Telegram
2025-09-23T19:42:46.1456|INFO|SequenceItem.cs|Run|254|Finishing Category: Ground Station, Item: Send to Telegram
2025-09-23T19:42:46.1468|INFO|SequenceItem.cs|Run|208|Starting Category: Camera, Item: CoolCamera, Temperature: 0, Duration: 0
2025-09-23T19:42:46.1524|INFO|CameraVM.cs|CoolCamera|139|Cooling Camera. Target: 0 Duration: 00:00:00
2025-09-23T19:48:06.0170|INFO|SequenceItem.cs|Run|254|Finishing Category: Camera, Item: CoolCamera, Temperature: 0, Duration: 0
2025-09-23T19:48:06.0176|INFO|SequenceItem.cs|Run|208|Starting Category: Utility, Item: WaitForTime, Time: 20:10:58h, Offset: -15
2025-09-23T20:10:59.1752|INFO|SequenceItem.cs|Run|254|Finishing Category: Utility, Item: WaitForTime, Time: 20:10:58h, Offset: -15
2025-09-23T20:10:59.1812|INFO|SequenceItem.cs|Run|254|Finishing Category: * Instruction Set *, Container: NINA.Sequencer.Container.SequentialContainer, Strategy: SequentialStrategy, Items[FINISHED]: 8
2025-09-23T20:10:59.1818|INFO|SequenceItem.cs|Run|254|Finishing Category: * Instruction Set *, Container: NINA.Sequencer.Container.StartAreaContainer, Strategy: SequentialStrategy, Items[FINISHED]: 1
2025-09-23T20:10:59.1821|INFO|SequenceItem.cs|Run|208|Starting Category: * Instruction Set *, Container: NINA.Sequencer.Container.TargetAreaContainer, Strategy: SequentialStrategy, Items[CREATED]: 1
2025-09-23T20:10:59.1840|INFO|SequenceItem.cs|Run|208|Starting Category: * Instruction Set *, Container: NINA.Sequencer.Container.SequentialContainer, Strategy: SequentialStrategy, Items[CREATED]: 8, Conditions: Condition: TimeCondition, Time: 6:33:21h, Condition: TargetSchedulerCondition mode=While Targets Remain Tonight, , Triggers: Trigger: CenterAfterDriftTrigger, DistanceArcMinutes: 1Trigger: WhenUnsafeCategory: Ground Station, Item: Failures to TelegramCategory: Connector, Item: ReconnectOnDownloadFailureTrigger: AutofocusAfterHFRIncreaseTrigger, Amount: 5Trigger: MeridianFlipTriggerTrigger: RestoreGuiding
2025-09-23T20:10:59.1930|INFO|WhenUnsafe.cs|CheckSafe|77|IsSafe is now FALSE; connected = True, IsSafe = False
2025-09-23T20:10:59.1935|INFO|WhenCommon.cs|ShouldTrigger|360|ShouldTrigger TRUE from InterruptWhen, setting TriggerRunner
2025-09-23T20:10:59.1938|INFO|WhenCommon.cs|InterruptWhen|305|Interrupting current Instruction Set
2025-09-23T20:10:59.1947|INFO|WhenCommon.cs|InterruptWhen|315|Canceling sequence...
2025-09-23T20:11:00.1981|INFO|WhenCommon.cs|InterruptWhen|319|Delay 1000
2025-09-23T20:11:00.5351|INFO|Sequencer.cs|Start|85|Sequence run was cancelled
2025-09-23T20:11:00.5505|INFO|Sequence2VM.cs|StartSequence|490|Advanced Sequence finished
2025-09-23T20:11:01.2056|INFO|WhenCommon.cs|InterruptWhen|322|Sequence longer running
2025-09-23T20:11:01.2066|WARNING|WhenCommon.cs|CheckSlewing|254|CheckSlewing, WhenUnsafe = True, Connected = True, CanSlew = True, info.Slewing = False
2025-09-23T20:11:01.2242|INFO|Sequence2VM.cs|StartSequence|485|Advanced Sequence starting
2025-09-23T20:11:01.2837|INFO|SequenceItem.cs|Run|208|Starting Category: * Instruction Set *, Container: NINA.Sequencer.Container.SequenceRootContainer, Strategy: SequentialStrategy, Items[CREATED]: 3, Triggers: Category: Ground Station, Item: Failures to Telegram
2025-09-23T20:11:01.2840|INFO|SequenceItem.cs|Run|208|Starting Category: * Instruction Set *, Container: NINA.Sequencer.Container.StartAreaContainer, Strategy: SequentialStrategy, Items[FINISHED]: 1
2025-09-23T20:11:01.2841|INFO|SequenceItem.cs|Run|254|Finishing Category: * Instruction Set *, Container: NINA.Sequencer.Container.StartAreaContainer, Strategy: SequentialStrategy, Items[FINISHED]: 1
2025-09-23T20:11:01.2842|INFO|SequenceItem.cs|Run|208|Starting Category: * Instruction Set *, Container: NINA.Sequencer.Container.TargetAreaContainer, Strategy: SequentialStrategy, Items[CREATED]: 1
2025-09-23T20:11:01.2844|INFO|SequenceItem.cs|Run|208|Starting Category: * Instruction Set *, Container: NINA.Sequencer.Container.SequentialContainer, Strategy: SequentialStrategy, Items[CREATED]: 8, Conditions: Condition: TimeCondition, Time: 6:33:21h, Condition: TargetSchedulerCondition mode=While Targets Remain Tonight, , Triggers: Trigger: CenterAfterDriftTrigger, DistanceArcMinutes: 1Trigger: WhenUnsafeCategory: Ground Station, Item: Failures to TelegramCategory: Connector, Item: ReconnectOnDownloadFailureTrigger: AutofocusAfterHFRIncreaseTrigger, Amount: 5Trigger: MeridianFlipTriggerTrigger: RestoreGuiding
2025-09-23T20:11:01.3107|INFO|WhenCommon.cs|ShouldTrigger|364|ShouldTrigger TRUE, setting TriggerRunner
2025-09-23T20:11:01.3130|INFO|SequenceTrigger.cs|Run|114|Starting Trigger: WhenUnsafe
2025-09-23T20:11:01.3178|INFO|WhenCommon.cs|Execute|377|Execute 0
2025-09-23T20:11:01.3429|INFO|WhenCommon.cs|Execute|391|When: running TriggerRunner, InFlight -> true, Triggered -> false
2025-09-23T20:11:01.3431|WARNING|WhenCommon.cs|CheckSlewing|254|CheckSlewing, WhenUnsafe = True, Connected = True, CanSlew = True, info.Slewing = False
2025-09-23T20:11:01.3433|INFO|SequenceItem.cs|Run|208|Starting Category: , Container: WhenPlugin.When.IfContainer, Strategy: SequentialStrategy, Items[CREATED]: 8
2025-09-23T20:11:01.3728|INFO|MeridianFlipTrigger.cs|ShouldTrigger|197|Meridian Flip - Telescope is at home position. Skip flip evaluation
2025-09-23T20:11:01.3732|INFO|SequenceItem.cs|Run|208|Starting Category: Ground Station, Item: Send to Telegram
2025-09-23T20:11:02.0787|INFO|SequenceItem.cs|Run|254|Finishing Category: Ground Station, Item: Send to Telegram
2025-09-23T20:11:02.1363|INFO|MeridianFlipTrigger.cs|ShouldTrigger|197|Meridian Flip - Telescope is at home position. Skip flip evaluation
2025-09-23T20:11:02.1365|INFO|SequenceItem.cs|Run|208|Starting Category: Telescope, Item: FindHome
2025-09-23T20:11:02.1402|INFO|PHD2Guider.cs|StopGuiding|700|Phd2 - Stop Guiding skipped, as the app is already in state Looping
2025-09-23T20:11:02.1405|INFO|TelescopeVM.cs|FindHome|281|Mount ordered to locate home position
2025-09-23T20:11:02.1456|ERROR|TelescopeVM.cs|FindHome|341|Mount cannot locate home because it is already at the home position
2025-09-23T20:11:02.1458|INFO|SequenceItem.cs|Run|254|Finishing Category: Telescope, Item: FindHome
2025-09-23T20:11:02.1463|INFO|MeridianFlipTrigger.cs|ShouldTrigger|197|Meridian Flip - Telescope is at home position. Skip flip evaluation
2025-09-23T20:11:02.1468|INFO|SequenceItem.cs|Run|208|Starting Category: Guider, Item: StopGuiding
2025-09-23T20:11:02.1496|INFO|PHD2Guider.cs|StopGuiding|700|Phd2 - Stop Guiding skipped, as the app is already in state Looping
2025-09-23T20:11:02.1497|INFO|SequenceItem.cs|Run|254|Finishing Category: Guider, Item: StopGuiding
2025-09-23T20:11:02.1501|INFO|MeridianFlipTrigger.cs|ShouldTrigger|197|Meridian Flip - Telescope is at home position. Skip flip evaluation
2025-09-23T20:11:02.1506|INFO|SequenceItem.cs|Run|208|Starting Category: Connector, Item: DisconnectEquipment, Selected device: Safety Monitor
2025-09-23T20:11:02.2365|INFO|AscomDevice.cs|Disconnect|299|Disconnecting from ASCOM.GenericFile.SafetyMonitor Generic File SafetyMonitor
2025-09-23T20:11:02.2879|INFO|SafetyMonitorVM.cs|Disconnect|208|Disconnected Safety Monitor
2025-09-23T20:11:02.2882|INFO|SequenceItem.cs|Run|254|Finishing Category: Connector, Item: DisconnectEquipment, Selected device: Safety Monitor
2025-09-23T20:11:02.2886|INFO|MeridianFlipTrigger.cs|ShouldTrigger|197|Meridian Flip - Telescope is at home position. Skip flip evaluation
2025-09-23T20:11:02.2891|INFO|SequenceItem.cs|Run|208|Starting Category: Utility, Item: WaitForTimeSpan, Time: 60s
2025-09-23T20:12:02.3618|INFO|SequenceItem.cs|Run|254|Finishing Category: Utility, Item: WaitForTimeSpan, Time: 60s
2025-09-23T20:12:02.3636|INFO|MeridianFlipTrigger.cs|ShouldTrigger|197|Meridian Flip - Telescope is at home position. Skip flip evaluation
2025-09-23T20:12:02.3650|INFO|SequenceItem.cs|Run|208|Starting Category: Connector, Item: ConnectEquipment, Selected device: Safety Monitor, Selected device id: ASCOM.GenericFile.SafetyMonitor
2025-09-23T20:12:04.3748|INFO|SafetyMonitorChooserVM.cs|GetEquipment|71|Found 0 Alpaca Safety Monitors
2025-09-23T20:12:04.4487|INFO|SafetyMonitorVM.cs|Disconnect|208|Disconnected Safety Monitor
2025-09-23T20:12:04.5219|INFO|SafetyMonitorVM.cs|Connect|168|Successfully connected Safety Monitor. Id: ASCOM.GenericFile.SafetyMonitor Name: Generic File SafetyMonitor DisplayName: Generic File SafetyMonitor Driver Version: 6.4
2025-09-23T20:12:04.5224|INFO|SequenceItem.cs|Run|254|Finishing Category: Connector, Item: ConnectEquipment, Selected device: Safety Monitor, Selected device id: ASCOM.GenericFile.SafetyMonitor
2025-09-23T20:12:04.5228|INFO|MeridianFlipTrigger.cs|ShouldTrigger|197|Meridian Flip - Telescope is at home position. Skip flip evaluation
2025-09-23T20:12:04.5228|INFO|SequenceItem.cs|Run|208|Starting Category: Utility, Item: WaitForTimeSpan, Time: 60s
2025-09-23T20:12:06.5312|INFO|SafetyMonitorVM.cs|UpdateMonitorValues|94|SafetyMonitorInfo state changed to Unsafe
2025-09-23T20:13:04.6137|INFO|SequenceItem.cs|Run|254|Finishing Category: Utility, Item: WaitForTimeSpan, Time: 60s
2025-09-23T20:13:04.6145|INFO|MeridianFlipTrigger.cs|ShouldTrigger|197|Meridian Flip - Telescope is at home position. Skip flip evaluation
2025-09-23T20:13:04.6151|INFO|SequenceItem.cs|Run|208|Starting Category: Powerups (Safety), Item: OnceSafe
2025-09-24T06:33:21.8137|INFO|TimeCondition.cs|Check|248|TimeCondition finished.
2025-09-24T06:33:21.8141|INFO|TimeCondition.cs|InterruptWhenTimeIsUp|62|Time limit exceeded - Interrupting current Instruction Set
2025-09-24T06:33:21.8227|INFO|WhenCommon.cs|Execute|407|When: Execute done; InFlight -> false, Triggered false
2025-09-24T06:33:21.8262|INFO|MeridianFlipTrigger.cs|ShouldTrigger|197|Meridian Flip - Telescope is at home position. Skip flip evaluation
2025-09-24T06:33:21.8279|INFO|SequenceItem.cs|Run|208|Starting Category: Utility, Item: WaitForTime, Time: 20:10:58h, Offset: -15
2025-09-24T06:33:21.8788|INFO|SequenceItem.cs|Run|254|Finishing Category: * Instruction Set *, Container: NINA.Sequencer.Container.SequentialContainer, Strategy: SequentialStrategy, Items[CREATED]: 8, Conditions: Condition: TimeCondition, Time: 6:33:21h, Condition: TargetSchedulerCondition mode=While Targets Remain Tonight, , Triggers: Trigger: CenterAfterDriftTrigger, DistanceArcMinutes: 1Trigger: WhenUnsafeCategory: Ground Station, Item: Failures to TelegramCategory: Connector, Item: ReconnectOnDownloadFailureTrigger: AutofocusAfterHFRIncreaseTrigger, Amount: 5Trigger: MeridianFlipTriggerTrigger: RestoreGuiding
2025-09-24T06:33:21.9046|INFO|SequenceItem.cs|Run|254|Finishing Category: * Instruction Set *, Container: NINA.Sequencer.Container.TargetAreaContainer, Strategy: SequentialStrategy, Items[FINISHED]: 1
2025-09-24T06:33:21.9051|INFO|SequenceItem.cs|Run|208|Starting Category: * Instruction Set *, Container: NINA.Sequencer.Container.EndAreaContainer, Strategy: SequentialStrategy, Items[CREATED]: 5
2025-09-24T06:33:21.9053|INFO|SequenceItem.cs|Run|208|Starting Category: Telescope, Item: FindHome
2025-09-24T06:33:21.9083|INFO|PHD2Guider.cs|StopGuiding|700|Phd2 - Stop Guiding skipped, as the app is already in state Looping
2025-09-24T06:33:21.9084|INFO|TelescopeVM.cs|FindHome|281|Mount ordered to locate home position
2025-09-24T06:33:21.9123|ERROR|TelescopeVM.cs|FindHome|341|Mount cannot locate home because it is already at the home position
2025-09-24T06:33:21.9124|INFO|SequenceItem.cs|Run|254|Finishing Category: Telescope, Item: FindHome
2025-09-24T06:33:21.9326|INFO|SequenceItem.cs|Run|208|Starting Category: Camera, Item: WarmCamera, Duration: 0
2025-09-24T06:33:21.9350|INFO|CameraVM.cs|WarmCamera|162|Warming Camera. Duration: 00:00:00
2025-09-24T06:37:30.7362|INFO|CameraVM.cs|WarmCamera|180|Could not reach warming temperature. Most likley due to ambient temperature being lower. Continuing...
2025-09-24T06:37:50.8377|INFO|CameraVM.cs|WarmCamera|187|Turning cooler off
2025-09-24T06:37:50.8406|INFO|SequenceItem.cs|Run|254|Finishing Category: Camera, Item: WarmCamera, Duration: 0
2025-09-24T06:37:50.8420|INFO|SequenceItem.cs|Run|208|Starting Category: Guider, Item: StopGuiding
2025-09-24T06:37:50.8500|INFO|PHD2Guider.cs|StopGuiding|700|Phd2 - Stop Guiding skipped, as the app is already in state Looping
2025-09-24T06:37:50.8502|INFO|SequenceItem.cs|Run|254|Finishing Category: Guider, Item: StopGuiding
2025-09-24T06:37:50.8514|INFO|SequenceItem.cs|Run|208|Starting Category: Connector, Item: DisconnectAllEquipment
2025-09-24T06:37:50.9197|INFO|CameraVM.cs|Disconnect|645|Disconnected Camera
2025-09-24T06:37:50.9202|INFO|AscomDevice.cs|Disconnect|299|Disconnecting from ASCOM.EFW2.FilterWheel ZWO FilterWheel (1)
2025-09-24T06:37:51.2725|INFO|FilterWheelVM.cs|Disconnect|324|Disconnected Filter Wheel
2025-09-24T06:37:51.2757|INFO|AscomDevice.cs|Disconnect|299|Disconnecting from ASCOM.EAF.Focuser ZWO Focuser (1)
2025-09-24T06:37:51.3212|INFO|FocuserVM.cs|Disconnect|426|Disconnected Focuser
2025-09-24T06:37:51.3216|INFO|DisconnectAllEquipment.cs|Execute|139|Rotator is already disconnected
2025-09-24T06:37:51.3246|INFO|AscomDevice.cs|Disconnect|299|Disconnecting from ASCOM.iOptron2017.Telescope iOptron CEM120,70,40,26, GEM, HEM, HAE, HAZ series and SkyHunter Mount
2025-09-24T06:37:51.4063|INFO|TelescopeVM.cs|Disconnect|763|Disconnected mount
2025-09-24T06:37:51.4113|INFO|DisconnectAllEquipment.cs|Execute|139|Switch is already disconnected
2025-09-24T06:37:51.4114|INFO|DisconnectAllEquipment.cs|Execute|139|Flat Panel is already disconnected
2025-09-24T06:37:51.4139|INFO|AscomDevice.cs|Disconnect|299|Disconnecting from ASCOM.SkyAlert.ObservingConditions SkyAlert Observing Conditions
2025-09-24T06:37:51.4222|INFO|WeatherDataVM.cs|Disconnect|292|Disconnected Weather Device
2025-09-24T06:37:51.4225|INFO|DisconnectAllEquipment.cs|Execute|139|Dome is already disconnected
2025-09-24T06:37:51.4245|INFO|AscomDevice.cs|Disconnect|299|Disconnecting from ASCOM.GenericFile.SafetyMonitor Generic File SafetyMonitor
2025-09-24T06:37:51.4283|INFO|SafetyMonitorVM.cs|Disconnect|208|Disconnected Safety Monitor
2025-09-24T06:37:51.4287|INFO|SequenceItem.cs|Run|254|Finishing Category: Connector, Item: DisconnectAllEquipment
2025-09-24T06:37:51.4291|INFO|SequenceItem.cs|Run|208|Starting Category: Ground Station, Item: Send to Telegram
2025-09-24T06:37:52.2071|INFO|SequenceItem.cs|Run|254|Finishing Category: Ground Station, Item: Send to Telegram
2025-09-24T06:37:52.2077|INFO|SequenceItem.cs|Run|254|Finishing Category: * Instruction Set *, Container: NINA.Sequencer.Container.EndAreaContainer, Strategy: SequentialStrategy, Items[FINISHED]: 5
2025-09-24T06:37:52.2080|INFO|SequenceItem.cs|Run|254|Finishing Category: * Instruction Set *, Container: NINA.Sequencer.Container.SequenceRootContainer, Strategy: SequentialStrategy, Items[FINISHED]: 3, Triggers: Category: Ground Station, Item: Failures to Telegram
2025-09-24T06:37:52.2345|INFO|Sequence2VM.cs|StartSequence|490|Advanced Sequence finished
2025-09-24T06:37:52.2353|INFO|WhenCommon.cs|InterruptWhen|330|Restarting sequence, Triggered -> true
2025-09-24T10:06:43.0657|INFO|ApplicationVM.cs|Closing|288|Application shutting down
2025-09-24T10:06:43.1058|INFO|DomeVM.cs|Disconnect|336|Disconnected Dome Device
2025-09-24T10:06:43.1093|INFO|FlatDeviceVM.cs|Disconnect|279|Disconnected Flat Device
2025-09-24T10:06:43.1202|INFO|CameraVM.cs|Disconnect|645|Disconnected Camera
2025-09-24T10:06:43.1208|INFO|TelescopeVM.cs|Disconnect|763|Disconnected mount
2025-09-24T10:06:43.1227|INFO|FilterWheelVM.cs|Disconnect|324|Disconnected Filter Wheel
2025-09-24T10:06:43.1236|INFO|FocuserVM.cs|Disconnect|426|Disconnected Focuser
2025-09-24T10:06:43.1269|INFO|RotatorVM.cs|Disconnect|438|Disconnected Rotator
2025-09-24T10:06:43.1300|INFO|SwitchVM.cs|Disconnect|298|Disconnected Switch
2025-09-24T10:06:43.1345|INFO|WeatherDataVM.cs|Disconnect|292|Disconnected Weather Device
2025-09-24T10:06:43.1349|INFO|SafetyMonitorVM.cs|Disconnect|208|Disconnected Safety Monitor
