----------------------------------------------------------------------
--------------N.I.N.A. - Nighttime Imaging 'N' Astronomy--------------
--------------------------Version 3.2.0.9001--------------------------
-------------------------2025-12-27T12:55:28--------------------------
----------------------------------------------------------------------
---------------------Microsoft Windows 10.0.19045---------------------
-------------------------OS Architecture X64--------------------------
-----------------------Process Architecture X64-----------------------
-----------------------------.NET 8.0.21------------------------------
----------------------------------------------------------------------
--------------------------Processor Count 4---------------------------
--------------------Total Physical Memory 7.84 GB---------------------
----------------------------------------------------------------------
DATE|LEVEL|SOURCE|MEMBER|LINE|MESSAGE
2025-12-27T12:55:28.5828|INFO|App.xaml.cs|OnStartup|170|Launched with command line arguments: --sequencefile C:\Users\nicka\Astro\NINA\NINA_Sequences\TargetScheduler.json --runsequence
2025-12-27T12:55:31.7909|INFO|CameraChooserVM.cs|GetEquipment|69|Found 2 ASI Cameras
2025-12-27T12:55:32.0873|INFO|CameraChooserVM.cs|GetEquipment|84|Found 0 Altair Cameras
2025-12-27T12:55:32.3816|INFO|CameraChooserVM.cs|GetEquipment|96|Found 0 Atik Cameras
2025-12-27T12:55:32.5010|INFO|CameraChooserVM.cs|GetEquipment|110|Found 0 FLI Cameras
2025-12-27T12:55:33.8150|INFO|CameraChooserVM.cs|GetEquipment|130|Found 0 QHYCCD Cameras
2025-12-27T12:55:34.2666|INFO|CameraChooserVM.cs|GetEquipment|158|Found 0 ToupTek Cameras
2025-12-27T12:55:34.4205|INFO|CameraChooserVM.cs|GetEquipment|173|Found 0 Ogma Cameras
2025-12-27T12:55:34.5909|INFO|CameraChooserVM.cs|GetEquipment|188|Found 0 Omegon Cameras
2025-12-27T12:55:35.1980|INFO|CameraChooserVM.cs|GetEquipment|203|Found 0 RisingCam Cameras
2025-12-27T12:55:35.3918|INFO|CameraChooserVM.cs|GetEquipment|218|Found 0 MallinCam Cameras
2025-12-27T12:55:35.5421|INFO|CameraChooserVM.cs|GetEquipment|243|Found 0 SVBony Cameras
2025-12-27T12:55:35.6505|INFO|CameraChooserVM.cs|GetEquipment|259|Found 0 SBIG Cameras
2025-12-27T12:55:40.5881|INFO|API.cs|Start|99|Starting Webserver
2025-12-27T12:55:40.5896|INFO|API.cs|APITask|134|starting web server, listening at 172.19.6.111:1888
2025-12-27T12:55:40.7687|INFO|NINALogWatcher.cs|Start|33|watching log file: C:\Users\nicka\AppData\Local\NINA\Logs\20251227-125527-3.2.0.9001.13228-202512.log
2025-12-27T12:55:40.7983|INFO|PluginLoader.cs|LoadPlugin|402|Successfully loaded plugin Advanced API version 2.2.14.0 by Christian Palm
2025-12-27T12:55:40.9995|INFO|PluginLoader.cs|LoadPlugin|402|Successfully loaded plugin Autofocus Report Analysis version 2.0.0.9 by Stefan Berg @isbeorn
2025-12-27T12:55:41.2896|INFO|PluginLoader.cs|LoadPlugin|402|Successfully loaded plugin Connector version 2.1.0.2 by Stefan Berg @isbeorn
2025-12-27T12:55:41.5737|INFO|PluginLoader.cs|LoadPlugin|402|Successfully loaded plugin Device Actions and Commands version 2.2.0.0 by Dale Ghent
2025-12-27T12:55:42.1897|INFO|ApplicationVM.cs|CheckDiskInfo|100|Available Space on Drive C:\: 123.8 GB
2025-12-27T12:55:42.1961|INFO|ApplicationVM.cs|CheckDiskInfo|102|Drive E:\ is not ready
2025-12-27T12:55:42.1977|INFO|ApplicationVM.cs|CheckDiskInfo|100|Available Space on Drive G:\: 42.03 GB
2025-12-27T12:55:42.2130|INFO|ApplicationVM.cs|CheckDiskInfo|100|Available Space on Drive Z:\: 26.77 GB
2025-12-27T12:55:42.9455|INFO|ApplicationVM.cs|CheckASCOMPlatformVersion|81|ASCOM Platform 6.6.2.4195 installed
2025-12-27T12:55:42.9763|INFO|PluginLoader.cs|LoadPlugin|402|Successfully loaded plugin Discord Alert version 2.2.0.0 by Drew McDermott
2025-12-27T12:55:44.5130|INFO|PluginLoader.cs|LoadPlugin|402|Successfully loaded plugin Discord Notification version 2.0.0.9 by Daniel Ludwig
2025-12-27T12:55:45.5052|INFO|DitherStatisticsVM.cs|CreatePluginIcon|1365|Plugin icon geometry created successfully
2025-12-27T12:55:45.5309|INFO|DitherStatisticsVM.cs|LoadDataTemplates|1334|DitherStatistics DataTemplates loaded successfully
2025-12-27T12:55:45.5347|INFO|DitherStatisticsVM.cs|SaveQualityAssessmentSetting|383|Quality Assessment setting saved to file: True
2025-12-27T12:55:45.5349|INFO|DitherStatisticsVM.cs|LoadQualityAssessmentSetting|360|Quality Assessment setting loaded from file: True
2025-12-27T12:55:45.5355|INFO|DitherStatisticsVM.cs|SubscribeToGuiderEvents|716|Subscribed to NINA guider events
2025-12-27T12:55:45.5389|ERROR|DitherStatisticsVM.cs|GetThemeColor|1319|Failed to get theme color 'PrimaryBrush': The calling thread cannot access this object because a different thread owns it.
2025-12-27T12:55:45.5392|INFO|DitherStatisticsVM.cs|StartThemeColorMonitoring|1211|Initial PrimaryBrush color: R:255 G:255 B:255
2025-12-27T12:55:45.5392|INFO|DitherStatisticsVM.cs|.ctor|92|DitherStatisticsVM initialized successfully with ScottPlot 4.1 (Lazy Loading)!
2025-12-27T12:55:45.5396|INFO|DitherStatisticsVM.cs|StartThemeColorMonitoring|1220|Theme color monitoring timer started on UI thread
2025-12-27T12:55:45.5403|INFO|PluginLoader.cs|LoadPlugin|402|Successfully loaded plugin Dither Statistics version 1.2.0.4 by Thierry Tschanz
2025-12-27T12:55:45.7118|INFO|PluginLoader.cs|LoadPlugin|402|Successfully loaded plugin Filter Offset Calculator version 2.0.0.0 by S. Dimant & Stefan Berg
2025-12-27T12:55:45.9204|INFO|PluginLoader.cs|LoadPlugin|402|Successfully loaded plugin Flexure Correction version 0.8.0.0 by Francesco Meschia
2025-12-27T12:55:46.0424|INFO|DitherStatisticsVM.cs|OnThemeColorTimerTick|1239|Theme color CHANGED! Old: R:255 G:255 B:255 -> New: R:189 G:195 B:199
2025-12-27T12:55:46.1463|INFO|DitherStatisticsVM.cs|PixelShiftPlot|132|PixelShiftPlot created (lazy loading)
2025-12-27T12:55:46.1766|INFO|DitherStatisticsVM.cs|SettleTimePlot|173|SettleTimePlot created (lazy loading)
2025-12-27T12:55:47.5373|INFO|DitherStatisticsVM.cs|ConnectToPHD2|590|Attempting to connect to PHD2...
2025-12-27T12:55:47.5389|INFO|PHD2Client.cs|ConnectAsync|48|PHD2Client: Connecting to PHD2 at 127.0.0.1:4400...
2025-12-27T12:55:48.5008|INFO|PluginLoader.cs|LoadPlugin|402|Successfully loaded plugin Ground Station version 3.0.0.117 by Dale Ghent
2025-12-27T12:55:49.5778|ERROR|PHD2Client.cs|ConnectAsync|69|PHD2Client: Connection failed: No connection could be made because the target machine actively refused it.
2025-12-27T12:55:49.5783|INFO|DitherStatisticsVM.cs|OnPHD2ConnectionStatusChanged|619|PHD2 Connection Status: Connection failed: No connection could be made because the target machine actively refused it.
2025-12-27T12:55:59.3908|INFO|PluginLoader.cs|LoadPlugin|402|Successfully loaded plugin Hocus Focus version 3.0.0.24 by George Hilios (jokogeo)
2025-12-27T12:56:00.2799|INFO|PluginLoader.cs|LoadPlugin|402|Successfully loaded plugin Horizon Creator version 1.1.2.0 by Christian Palm
2025-12-27T12:56:00.4901|INFO|PluginLoader.cs|LoadPlugin|402|Successfully loaded plugin Lightbucket version 2.2.4.0 by Lightbucket
2025-12-27T12:56:01.3085|INFO|PluginLoader.cs|LoadPlugin|402|Successfully loaded plugin Livestack version 1.0.1.7 by Stefan Berg @isbeorn
2025-12-27T12:56:01.5100|INFO|PluginLoader.cs|LoadPlugin|402|Successfully loaded plugin Log Viewer version 1.0.0.2 by Alexander Wrede @astro_alex80
2025-12-27T12:56:01.7021|INFO|PluginLoader.cs|LoadPlugin|402|Successfully loaded plugin Moon Angle version 2.2.0.0 by Dale Ghent
2025-12-27T12:56:02.0221|INFO|PluginLoader.cs|LoadPlugin|402|Successfully loaded plugin Phd2 Tools version 1.0.6.0 by Stefan Berg @isbeorn
2025-12-27T12:56:02.3716|INFO|PluginLoader.cs|LoadPlugin|402|Successfully loaded plugin PixInsight Tools version 1.0.0.3 by Stefan Berg
2025-12-27T12:56:03.1313|INFO|PluginLoader.cs|LoadPlugin|402|Successfully loaded plugin Point3D version 0.2.3.0 by Drew McDermott
2025-12-27T12:56:03.4239|INFO|PluginLoader.cs|LoadPlugin|402|Successfully loaded plugin Scope Control version 2.0.2.1 by Stefan Berg @isbeorn
2025-12-27T12:56:05.1124|WARNING|When.cs|GetRunningItem|143|Can't get running items: SequencerNavigation not initialized yet!
2025-12-27T12:56:05.3765|INFO|PluginLoader.cs|LoadPlugin|402|Successfully loaded plugin Sequencer Powerups version 3.29.0.1 by Marc Blank
2025-12-27T12:56:06.1260|INFO|PluginLoader.cs|LoadPlugin|402|Successfully loaded plugin Session Metadata version 2.6.3.0 by Tom Palmer @tcpalmer
2025-12-27T12:56:06.2518|INFO|PluginLoader.cs|LoadPlugin|402|Successfully loaded plugin Shutdown PC version 2.2.0.0 by Dale Ghent
2025-12-27T12:56:06.5011|INFO|PluginLoader.cs|LoadPlugin|402|Successfully loaded plugin SkyFlats version 1.0.0.4 by Gerald Hitz (@photon)
2025-12-27T12:56:06.8944|INFO|PluginLoader.cs|LoadPlugin|402|Successfully loaded plugin Smart Filters version 1.0.0.3 by Benoit SAINTOT
2025-12-27T12:56:07.3719|INFO|PluginLoader.cs|LoadPlugin|402|Successfully loaded plugin Target Planning version 3.2.1.0 by Tom Palmer @tcpalmer
2025-12-27T12:56:10.1214|WARNING|When.cs|GetRunningItem|143|Can't get running items: SequencerNavigation not initialized yet!
2025-12-27T12:56:10.7869|INFO|PluginLoader.cs|LoadPlugin|402|Successfully loaded plugin Target Scheduler version 5.8.3.0 by Tom Palmer @tcpalmer
2025-12-27T12:56:11.2989|INFO|PluginLoader.cs|LoadPlugin|402|Successfully loaded plugin Three Point Polar Alignment version 2.2.4.2 by Stefan Berg @isbeorn
2025-12-27T12:56:12.7271|INFO|SessionHistoryManager.cs|PurgeHistoryOlderThan|102|purging web session history older than 10 days
2025-12-27T12:56:12.8081|INFO|PluginLoader.cs|LoadPlugin|402|Successfully loaded plugin Web Session History Viewer version 2.2.1.0 by Tom Palmer @tcpalmer
2025-12-27T12:56:13.1876|INFO|PluginFetcher.cs|RequestAll|43|Fetching plugin manifests from https://nighttime-imaging.eu/wp-json/nina/v1/plugins/manifests
2025-12-27T12:56:13.6174|INFO|RotatorChooserVM.cs|GetEquipment|45|Found 1 Networked Rotator Rotators
2025-12-27T12:56:13.8405|INFO|Sequence2VM.cs|TryLoadSequenceFile|414|Loading sequence file: C:\Users\nicka\Astro\NINA\NINA_Sequences\TargetScheduler.json
2025-12-27T12:56:13.8507|INFO|FilterWheelChooserVM.cs|GetEquipment|167|Found 1 Networked Filter Wheel Filter Wheels
2025-12-27T12:56:13.8553|INFO|CameraChooserVM.cs|GetEquipment|279|Found 0 SVBony Cameras
2025-12-27T12:56:13.9837|INFO|CameraChooserVM.cs|GetEquipment|279|Found 0 PlayerOne Cameras
2025-12-27T12:56:14.0806|INFO|CameraChooserVM.cs|GetEquipment|279|Found 0 ASTPAN Cameras
2025-12-27T12:56:14.0825|INFO|CameraChooserVM.cs|GetEquipment|293|Found 4 ASCOM Cameras
2025-12-27T12:56:14.3799|INFO|Sequence2VM.cs|TryLoadSequenceFile|420|Starting sequence from command line options
2025-12-27T12:56:14.3833|INFO|Sequence2VM.cs|StartSequence|543|Advanced Sequence starting
2025-12-27T12:56:14.4455|INFO|SequenceItem.cs|Run|208|Starting Category: * Instruction Set *, Container: NINA.Sequencer.Container.SequenceRootContainer, Strategy: SequentialStrategy, Items[CREATED]: 3, Triggers: Category: Ground Station, Item: Failures to Telegram
2025-12-27T12:56:14.4549|INFO|SequenceItem.cs|Run|208|Starting Category: * Instruction Set *, Container: NINA.Sequencer.Container.StartAreaContainer, Strategy: SequentialStrategy, Items[CREATED]: 1
2025-12-27T12:56:14.4562|INFO|SequenceItem.cs|Run|208|Starting Category: * Instruction Set *, Container: NINA.Sequencer.Container.SequentialContainer, Strategy: SequentialStrategy, Items[CREATED]: 10
2025-12-27T12:56:14.4570|INFO|SequenceItem.cs|Run|208|Starting Category: Ground Station, Item: Send to Pushover, Title: Start
2025-12-27T12:56:14.4598|ERROR|SequenceItem.cs|RunErrorBehavior|195|Instruction Send to Pushover failed after 1 attempt. Error behavior is set to ContinueOnError. Continuing.
2025-12-27T12:56:14.4603|ERROR|SequenceItem.cs|Run|281|Failed validation: Category: Ground Station, Item: Send to Pushover, Title: Start - Pushover app key is missing, Pushover user key is missing
2025-12-27T12:56:14.4747|INFO|SequenceItem.cs|Run|208|Starting Category: Utility, Item: WaitForTime, Time: 18:9:12h, Offset: -30
2025-12-27T12:56:14.4870|INFO|FailuresToTelegramTrigger.cs|WorkerFn|178|Failures to Telegram: Sending Send to Pushover failed after 1 attempts!

Reasons: Pushover app key is missing, Pushover user key is missing

2025-12-27T12:56:15.2222|INFO|FlatDeviceChooserVM.cs|GetEquipment|67|Found 0 Alpaca Cover Calibrators
2025-12-27T12:56:15.3370|INFO|SwitchChooserVM.cs|GetEquipment|71|Found 0 Alpaca Switch Hubs
2025-12-27T12:56:15.4381|INFO|DomeChooserVM.cs|GetEquipment|67|Found 0 Alpaca Domes
2025-12-27T12:56:15.5048|INFO|WeatherDataChooserVM.cs|GetEquipment|69|Found 0 Alpaca Observing Conditions
2025-12-27T12:56:15.5403|INFO|PluginFetcher.cs|RequestAll|57|Found 68 valid plugins at https://nighttime-imaging.eu/wp-json/nina/v1/plugins/manifests
2025-12-27T12:56:15.6017|INFO|DockManagerVM.cs|InitializeAvalonDockLayout|366|Initializing imaging tab layout from C:\Users\nicka\AppData\Local\NINA\Profiles\c229459f-43bd-4a7b-a7b0-9c6471741c77.dock.config
2025-12-27T12:56:15.6232|INFO|RotatorChooserVM.cs|GetEquipment|68|Found 0 Alpaca Rotators
2025-12-27T12:56:15.6259|INFO|SafetyMonitorChooserVM.cs|GetEquipment|71|Found 0 Alpaca Safety Monitors
2025-12-27T12:56:15.8410|INFO|TelescopeChooserVM.cs|GetEquipment|69|Found 0 Alpaca Telescopes
2025-12-27T12:56:15.8608|INFO|FilterWheelChooserVM.cs|GetEquipment|193|Found 0 Alpaca Filter Wheels
2025-12-27T12:56:16.0860|INFO|CameraChooserVM.cs|GetEquipment|305|Found 0 Alpaca Cameras
2025-12-27T12:56:16.0923|INFO|CameraChooserVM.cs|GetEquipment|318|Found 0 Canon Cameras
2025-12-27T12:56:17.2499|INFO|FocuserChooserVM.cs|GetEquipment|84|Found 0 Alpaca Focusers
2025-12-27T17:30:16.9498|INFO|CameraChooserVM.cs|GetEquipment|69|Found 2 ASI Cameras
2025-12-27T17:30:17.0193|INFO|CameraChooserVM.cs|GetEquipment|84|Found 0 Altair Cameras
2025-12-27T17:30:17.0195|INFO|CameraChooserVM.cs|GetEquipment|96|Found 0 Atik Cameras
2025-12-27T17:30:17.0202|INFO|CameraChooserVM.cs|GetEquipment|110|Found 0 FLI Cameras
2025-12-27T17:30:17.0203|INFO|CameraChooserVM.cs|GetEquipment|130|Found 0 QHYCCD Cameras
2025-12-27T17:30:17.1804|INFO|CameraChooserVM.cs|GetEquipment|158|Found 0 ToupTek Cameras
2025-12-27T17:30:17.1855|INFO|CameraChooserVM.cs|GetEquipment|173|Found 0 Ogma Cameras
2025-12-27T17:30:17.1988|INFO|CameraChooserVM.cs|GetEquipment|188|Found 0 Omegon Cameras
2025-12-27T17:30:17.2075|INFO|NINAWeb.cs|changePluginState|260|Web plugin state change from OFF to OFF
2025-12-27T17:30:17.2076|ERROR|NINAWeb.cs|changePluginState|328|failed to switch Web Plugin state from current: OFF to new: OFF
2025-12-27T17:30:17.3589|INFO|CameraChooserVM.cs|GetEquipment|203|Found 0 RisingCam Cameras
2025-12-27T17:30:17.3731|INFO|CameraChooserVM.cs|GetEquipment|218|Found 0 MallinCam Cameras
2025-12-27T17:30:17.3746|INFO|CameraChooserVM.cs|GetEquipment|243|Found 0 SVBony Cameras
2025-12-27T17:30:17.3771|INFO|CameraChooserVM.cs|GetEquipment|259|Found 0 SBIG Cameras
2025-12-27T17:30:17.3777|INFO|CameraChooserVM.cs|GetEquipment|279|Found 0 SVBony Cameras
2025-12-27T17:30:17.3781|INFO|CameraChooserVM.cs|GetEquipment|279|Found 0 PlayerOne Cameras
2025-12-27T17:30:17.3863|INFO|CameraChooserVM.cs|GetEquipment|279|Found 0 ASTPAN Cameras
2025-12-27T17:30:17.3871|INFO|CameraChooserVM.cs|GetEquipment|293|Found 4 ASCOM Cameras
2025-12-27T17:30:17.5145|INFO|FilterWheelChooserVM.cs|GetEquipment|167|Found 1 Networked Filter Wheel Filter Wheels
2025-12-27T17:30:17.5178|INFO|RotatorChooserVM.cs|GetEquipment|45|Found 1 Networked Rotator Rotators
2025-12-27T17:30:17.6082|INFO|DitherStatisticsVM.cs|OnThemeColorTimerTick|1239|Theme color CHANGED! Old: R:189 G:195 B:199 -> New: R:176 G:179 B:185
2025-12-27T17:30:19.7014|INFO|SwitchChooserVM.cs|GetEquipment|71|Found 0 Alpaca Switch Hubs
2025-12-27T17:30:19.8791|INFO|DomeChooserVM.cs|GetEquipment|67|Found 0 Alpaca Domes
2025-12-27T17:30:19.8803|INFO|WeatherDataChooserVM.cs|GetEquipment|69|Found 0 Alpaca Observing Conditions
2025-12-27T17:30:19.8815|INFO|CameraChooserVM.cs|GetEquipment|305|Found 0 Alpaca Cameras
2025-12-27T17:30:19.8912|INFO|CameraChooserVM.cs|GetEquipment|318|Found 0 Canon Cameras
2025-12-27T17:30:19.8934|INFO|RotatorChooserVM.cs|GetEquipment|68|Found 0 Alpaca Rotators
2025-12-27T17:30:19.8945|INFO|FilterWheelChooserVM.cs|GetEquipment|193|Found 0 Alpaca Filter Wheels
2025-12-27T17:30:19.8957|INFO|FlatDeviceChooserVM.cs|GetEquipment|67|Found 0 Alpaca Cover Calibrators
2025-12-27T17:30:19.8968|INFO|TelescopeChooserVM.cs|GetEquipment|69|Found 0 Alpaca Telescopes
2025-12-27T17:30:20.0450|INFO|SafetyMonitorChooserVM.cs|GetEquipment|71|Found 0 Alpaca Safety Monitors
2025-12-27T17:30:21.7047|INFO|FocuserChooserVM.cs|GetEquipment|84|Found 0 Alpaca Focusers
2025-12-27T17:30:23.0286|INFO|DockManagerVM.cs|InitializeAvalonDockLayout|366|Initializing imaging tab layout from C:\Users\nicka\AppData\Local\NINA\Profiles\0173997c-4bfa-48fd-9337-a48b6df99c38.dock.config
2025-12-27T17:30:34.5371|INFO|CameraVM.cs|Disconnect|650|Disconnected Camera
2025-12-27T17:30:35.0816|WARNING|ASICamera.cs|SetControlValue|568|Failed to set ASI Control Value ASI_WB_B with value 50
2025-12-27T17:30:35.0817|WARNING|ASICamera.cs|SetControlValue|568|Failed to set ASI Control Value ASI_WB_R with value 50
2025-12-27T17:30:35.0818|WARNING|ASICamera.cs|SetControlValue|568|Failed to set ASI Control Value ASI_GAMMA with value 50
2025-12-27T17:30:35.0818|WARNING|ASICamera.cs|SetControlValue|568|Failed to set ASI Control Value ASI_HIGH_SPEED_MODE with value 0
2025-12-27T17:30:35.0819|WARNING|ASICamera.cs|SetControlValue|568|Failed to set ASI Control Value ASI_OVERCLOCK with value 0
2025-12-27T17:30:35.0819|WARNING|ASICamera.cs|SetControlValue|568|Failed to set ASI Control Value ASI_PATTERN_ADJUST with value 0
2025-12-27T17:30:35.0827|WARNING|ASICamera.cs|SetControlValue|568|Failed to set ASI Control Value ASI_MONO_BIN with value 0
2025-12-27T17:30:35.0837|INFO|ASICamera.cs|Initialize|664|Camera ID: ASI533MM
2025-12-27T17:30:35.0935|WARNING|ASICamera.cs|SetControlValue|568|Failed to set ASI Control Value ASI_ANTI_DEW_HEATER with value 0
2025-12-27T17:30:35.1165|INFO|CameraVM.cs|ChooseCamera|455|Successfully connected Camera. Id: ZWOptical_ZWO ASI533MM Pro_ASI533MM Name: ZWO ASI533MM Pro DisplayName: ZWO ASI533MM Pro (ASI533MM)Driver Version: 1, 39, 0, 0
2025-12-27T17:30:38.6686|INFO|CameraVM.cs|Disconnect|650|Disconnected Camera
