----------------------------------------------------------------------
--------------N.I.N.A. - Nighttime Imaging 'N' Astronomy--------------
--------------------------Version 3.1.2.9001--------------------------
-------------------------2025-09-21T10:28:52--------------------------
----------------------------------------------------------------------
---------------------Microsoft Windows 10.0.19045---------------------
-------------------------OS Architecture X64--------------------------
-----------------------Process Architecture X64-----------------------
------------------------------.NET 8.0.8------------------------------
----------------------------------------------------------------------
--------------------------Processor Count 4---------------------------
--------------------Total Physical Memory 7.84 GB---------------------
----------------------------------------------------------------------
DATE|LEVEL|SOURCE|MEMBER|LINE|MESSAGE
2025-09-21T10:28:52.0345|INFO|CameraChooserVM.cs|GetEquipment|69|Found 2 ASI Cameras
2025-09-21T10:28:52.7010|INFO|CameraChooserVM.cs|GetEquipment|84|Found 0 Altair Cameras
2025-09-21T10:28:53.5135|INFO|CameraChooserVM.cs|GetEquipment|96|Found 0 Atik Cameras
2025-09-21T10:28:53.6436|INFO|CameraChooserVM.cs|GetEquipment|110|Found 0 FLI Cameras
2025-09-21T10:28:54.9371|INFO|CameraChooserVM.cs|GetEquipment|130|Found 0 QHYCCD Cameras
2025-09-21T10:28:55.4582|INFO|CameraChooserVM.cs|GetEquipment|158|Found 0 ToupTek Cameras
2025-09-21T10:28:55.7965|INFO|CameraChooserVM.cs|GetEquipment|173|Found 0 Ogma Cameras
2025-09-21T10:28:55.9768|INFO|CameraChooserVM.cs|GetEquipment|188|Found 0 Omegon Cameras
2025-09-21T10:28:56.5779|INFO|CameraChooserVM.cs|GetEquipment|203|Found 0 RisingCam Cameras
2025-09-21T10:28:56.8347|INFO|CameraChooserVM.cs|GetEquipment|218|Found 0 MallinCam Cameras
2025-09-21T10:28:56.8382|INFO|CameraChooserVM.cs|GetEquipment|244|Found 0 SBIG Cameras
2025-09-21T10:28:59.4957|INFO|PluginLoader.cs|LoadPlugin|416|Successfully loaded plugin Autofocus Report Analysis version 2.0.0.9 by Stefan Berg @isbeorn
2025-09-21T10:28:59.9702|INFO|PluginLoader.cs|LoadPlugin|416|Successfully loaded plugin Connector version 2.0.3.0 by Stefan Berg
2025-09-21T10:29:00.2040|INFO|PluginLoader.cs|LoadPlugin|416|Successfully loaded plugin Device Actions and Commands version 2.2.0.0 by Dale Ghent
2025-09-21T10:29:00.8651|INFO|PluginLoader.cs|LoadPlugin|416|Successfully loaded plugin Discord Alert version 2.2.0.0 by Drew McDermott
2025-09-21T10:29:01.2629|INFO|ApplicationVM.cs|CheckDiskInfo|100|Available Space on Drive C:\: 157.17 GB
2025-09-21T10:29:01.2693|INFO|ApplicationVM.cs|CheckDiskInfo|102|Drive E:\ is not ready
2025-09-21T10:29:01.2712|INFO|ApplicationVM.cs|CheckDiskInfo|100|Available Space on Drive G:\: 59.39 GB
2025-09-21T10:29:01.2819|INFO|ApplicationVM.cs|CheckDiskInfo|100|Available Space on Drive Z:\: 32.01 GB
2025-09-21T10:29:02.0295|INFO|ApplicationVM.cs|CheckASCOMPlatformVersion|81|ASCOM Platform 6.6.2.4195 installed
2025-09-21T10:29:02.2773|INFO|PluginLoader.cs|LoadPlugin|416|Successfully loaded plugin Discord Notification version 1.0.0.1 by Daniel Ludwig
2025-09-21T10:29:02.4783|INFO|PluginLoader.cs|LoadPlugin|416|Successfully loaded plugin Filter Offset Calculator version 2.0.0.0 by S. Dimant & Stefan Berg
2025-09-21T10:29:02.7338|INFO|PluginLoader.cs|LoadPlugin|416|Successfully loaded plugin Flexure Correction version 0.8.0.0 by Francesco Meschia
2025-09-21T10:29:04.3363|INFO|PluginLoader.cs|LoadPlugin|416|Successfully loaded plugin Ground Station version 2.4.1.0 by Dale Ghent
2025-09-21T10:29:18.4338|INFO|PluginLoader.cs|LoadPlugin|416|Successfully loaded plugin Hocus Focus version 3.0.0.21 by George Hilios (jokogeo)
2025-09-21T10:29:19.3137|INFO|PluginLoader.cs|LoadPlugin|416|Successfully loaded plugin Horizon Creator version 1.1.2.0 by Christian Palm
2025-09-21T10:29:19.5148|INFO|PluginLoader.cs|LoadPlugin|416|Successfully loaded plugin Moon Angle version 2.2.0.0 by Dale Ghent
2025-09-21T10:29:19.8470|INFO|PluginLoader.cs|LoadPlugin|416|Successfully loaded plugin PixInsight Tools version 1.0.0.3 by Stefan Berg
2025-09-21T10:29:21.5922|WARNING|When.cs|GetRunningItem|143|Can't get running items: SequencerNavigation not initialized yet!
2025-09-21T10:29:21.8602|INFO|PluginLoader.cs|LoadPlugin|416|Successfully loaded plugin Sequencer Powerups version 3.28.4.4 by Marc Blank
2025-09-21T10:29:21.9981|INFO|PluginLoader.cs|LoadPlugin|416|Successfully loaded plugin Shutdown PC version 2.2.0.0 by Dale Ghent
2025-09-21T10:29:22.3948|INFO|PluginLoader.cs|LoadPlugin|416|Successfully loaded plugin Smart Filters version 1.0.0.3 by Benoit SAINTOT
2025-09-21T10:29:22.9172|INFO|PluginLoader.cs|LoadPlugin|416|Successfully loaded plugin Target Planning version 3.2.1.0 by Tom Palmer @tcpalmer
2025-09-21T10:29:24.9394|ERROR|DllLoader.cs|LoadDllFromAbsolutePath|53|DllLoader failed to load library C:\Program Files\N.I.N.A. - Nighttime Imaging 'N' Astronomy\External\x64\SQLite\SQLite.Interop.dll due to error code 126
2025-09-21T10:29:25.8477|INFO|PluginLoader.cs|LoadPlugin|416|Successfully loaded plugin Target Scheduler version 5.7.3.0 by Tom Palmer @tcpalmer
2025-09-21T10:29:26.2604|INFO|PluginLoader.cs|LoadPlugin|416|Successfully loaded plugin Three Point Polar Alignment version 2.2.4.1 by Stefan Berg @isbeorn
2025-09-21T10:29:26.2742|INFO|PluginFetcher.cs|RequestAll|43|Fetching plugin manifests from https://nighttime-imaging.eu/wp-json/nina/v1/plugins/manifests
2025-09-21T10:29:26.5916|INFO|CameraChooserVM.cs|GetEquipment|264|Found 0 SVBony Cameras
2025-09-21T10:29:26.7371|INFO|CameraChooserVM.cs|GetEquipment|264|Found 0 PlayerOne Cameras
2025-09-21T10:29:26.8402|INFO|CameraChooserVM.cs|GetEquipment|264|Found 0 ASTPAN Cameras
2025-09-21T10:29:26.8423|INFO|CameraChooserVM.cs|GetEquipment|278|Found 4 ASCOM Cameras
2025-09-21T10:29:26.9488|INFO|Sequence2VM.cs|TryLoadSequenceFile|356|Loading sequence file: C:\Users\nicka\Astro\NINA\NINA_Sequences\TargetScheduler.json
2025-09-21T10:29:27.3799|INFO|Sequence2VM.cs|TryLoadSequenceFile|362|Starting sequence from command line options
2025-09-21T10:29:27.3838|INFO|Sequence2VM.cs|StartSequence|485|Advanced Sequence starting
2025-09-21T10:29:27.4120|WARNING|When.cs|GetRunningItem|143|Can't get running items: SequencerNavigation not initialized yet!
2025-09-21T10:29:27.5385|INFO|SequenceItem.cs|Run|208|Starting Category: * Instruction Set *, Container: NINA.Sequencer.Container.SequenceRootContainer, Strategy: SequentialStrategy, Items[CREATED]: 3, Triggers: Category: Ground Station, Item: Failures to Telegram
2025-09-21T10:29:27.5526|INFO|SequenceItem.cs|Run|208|Starting Category: * Instruction Set *, Container: NINA.Sequencer.Container.StartAreaContainer, Strategy: SequentialStrategy, Items[CREATED]: 1
2025-09-21T10:29:27.5557|INFO|SequenceItem.cs|Run|208|Starting Category: * Instruction Set *, Container: NINA.Sequencer.Container.SequentialContainer, Strategy: SequentialStrategy, Items[CREATED]: 8
2025-09-21T10:29:27.5565|INFO|SequenceItem.cs|Run|208|Starting Category: Ground Station, Item: Send to Telegram
2025-09-21T10:29:27.8364|INFO|PluginFetcher.cs|RequestAll|57|Found 58 valid plugins at https://nighttime-imaging.eu/wp-json/nina/v1/plugins/manifests
2025-09-21T10:29:28.3302|INFO|WeatherDataChooserVM.cs|GetEquipment|69|Found 0 Alpaca Observing Conditions
2025-09-21T10:29:28.3341|INFO|SwitchChooserVM.cs|GetEquipment|71|Found 0 Alpaca Switch Hubs
2025-09-21T10:29:28.3341|INFO|RotatorChooserVM.cs|GetEquipment|68|Found 0 Alpaca Rotators
2025-09-21T10:29:28.3713|INFO|DomeChooserVM.cs|GetEquipment|67|Found 0 Alpaca Domes
2025-09-21T10:29:28.3719|INFO|FlatDeviceChooserVM.cs|GetEquipment|67|Found 0 Alpaca Cover Calibrators
2025-09-21T10:29:28.3750|INFO|FocuserChooserVM.cs|GetEquipment|67|Found 0 Alpaca Focusers
2025-09-21T10:29:28.3852|INFO|SafetyMonitorChooserVM.cs|GetEquipment|71|Found 0 Alpaca Safety Monitors
2025-09-21T10:29:28.3852|INFO|FilterWheelChooserVM.cs|GetEquipment|193|Found 0 Alpaca Filter Wheels
2025-09-21T10:29:28.3933|INFO|TelescopeChooserVM.cs|GetEquipment|69|Found 0 Alpaca Telescopes
2025-09-21T10:29:28.7500|INFO|DockManagerVM.cs|InitializeAvalonDockLayout|356|Initializing imaging tab layout from C:\Users\nicka\AppData\Local\NINA\Profiles\0173997c-4bfa-48fd-9337-a48b6df99c38.dock.config
2025-09-21T10:29:28.8035|INFO|SequenceItem.cs|Run|254|Finishing Category: Ground Station, Item: Send to Telegram
2025-09-21T10:29:28.8502|INFO|CameraChooserVM.cs|GetEquipment|290|Found 0 Alpaca Cameras
2025-09-21T10:29:28.8589|INFO|CameraChooserVM.cs|GetEquipment|303|Found 0 Canon Cameras
2025-09-21T10:29:28.9279|INFO|SequenceItem.cs|Run|208|Starting Category: Utility, Item: WaitForTime, Time: 19:44:58h, Offset: -45
2025-09-21T10:39:51.0113|INFO|SafetyMonitorVM.cs|Disconnect|208|Disconnected Safety Monitor
2025-09-21T10:39:51.0181|INFO|SafetyMonitorVM.cs|Connect|168|Successfully connected Safety Monitor. Id: 613EC0FF-87D7-4475-9352-F6F6EB1CDE75 Name: N.I.N.A. Simulator Safety Device DisplayName: N.I.N.A. Simulator Safety Device Driver Version: 
2025-09-21T10:39:56.4105|INFO|CameraVM.cs|Disconnect|645|Disconnected Camera
2025-09-21T10:39:56.9922|WARNING|ASICamera.cs|SetControlValue|583|Failed to set ASI Control Value ASI_WB_B with value 50
2025-09-21T10:39:56.9924|WARNING|ASICamera.cs|SetControlValue|583|Failed to set ASI Control Value ASI_WB_R with value 50
2025-09-21T10:39:56.9925|WARNING|ASICamera.cs|SetControlValue|583|Failed to set ASI Control Value ASI_GAMMA with value 50
2025-09-21T10:39:56.9926|WARNING|ASICamera.cs|SetControlValue|583|Failed to set ASI Control Value ASI_HIGH_SPEED_MODE with value 0
2025-09-21T10:39:56.9927|WARNING|ASICamera.cs|SetControlValue|583|Failed to set ASI Control Value ASI_OVERCLOCK with value 0
2025-09-21T10:39:56.9928|WARNING|ASICamera.cs|SetControlValue|583|Failed to set ASI Control Value ASI_PATTERN_ADJUST with value 0
2025-09-21T10:39:56.9938|WARNING|ASICamera.cs|SetControlValue|583|Failed to set ASI Control Value ASI_MONO_BIN with value 0
2025-09-21T10:39:56.9950|INFO|ASICamera.cs|Initialize|677|Camera ID: ASI533MM
2025-09-21T10:39:57.0094|WARNING|ASICamera.cs|SetControlValue|583|Failed to set ASI Control Value ASI_ANTI_DEW_HEATER with value 0
2025-09-21T10:39:57.0925|INFO|CameraVM.cs|ChooseCamera|448|Successfully connected Camera. Id: ZWO ASI533MM Pro #0 Name: ZWO ASI533MM Pro DisplayName: ZWO ASI533MM Pro (ASI533MM)Driver Version: 1, 36, 0, 0
2025-09-21T10:39:57.0989|INFO|FilterWheelVM.cs|Disconnect|324|Disconnected Filter Wheel
2025-09-21T10:40:00.2320|INFO|FilterWheelVM.cs|ChooseFW|272|Successfully connected Filter Wheel. Id: ASCOM.EFW2.FilterWheel Name: ZWO FilterWheel (1) DisplayName: ZWO FilterWheel (1) Driver Version: 6.0
2025-09-21T10:40:00.2547|INFO|TelescopeVM.cs|Disconnect|763|Disconnected mount
2025-09-21T10:40:03.1744|INFO|AscomTelescope.cs|CheckMountTime|817|Mount UTC Time: 2025-09-21 15:40:00Z / System UTC Time: 2025-09-21 15:40:03Z; Difference: 3.102 seconds
2025-09-21T10:40:03.2274|INFO|AscomTelescope.cs|CheckMountTime|824|System time has been synced to the mount
2025-09-21T10:40:03.4901|INFO|TelescopeVM.cs|ChooseTelescope|518|Successfully connected mount. Id: ASCOM.iOptron2017.Telescope Name: iOptron CEM120,70,40,26, GEM, HEM, HAE, HAZ series and SkyHunter Mount DisplayName: iOptron CEM120,70,40,26, GEM, HEM, HAE, HAZ series and SkyHunter Mount Driver Version: 9.15
2025-09-21T10:40:03.4952|INFO|FocuserVM.cs|Disconnect|426|Disconnected Focuser
2025-09-21T10:40:04.6730|ERROR|AscomDevice.cs|GetProperty|398|An unexpected exception occurred during GET of Focuser.StepSize: 
ASCOM.DriverException: The method or operation is not implemented.
 ---> System.NotImplementedException: The method or operation is not implemented.
   --- End of inner exception stack trace ---
   at ASCOM.Com.DriverAccess.DynamicAccess.CheckDotNetExceptions(String memberName, Exception e)
   at ASCOM.Com.DriverAccess.DynamicAccess.TryGetMember(GetMemberBinder binder, Object& result)
   at CallSite.Target(Closure, CallSite, Object)
   at System.Dynamic.UpdateDelegates.UpdateAndExecute1[T0,TRet](CallSite site, T0 arg0)
   at ASCOM.Com.DriverAccess.Focuser.get_StepSize()
   at System.RuntimeMethodHandle.InvokeMethod(Object target, Void** arguments, Signature sig, Boolean isConstructor)
   at System.Reflection.MethodBaseInvoker.InvokeWithNoArgs(Object obj, BindingFlags invokeAttr)
2025-09-21T10:40:04.8752|INFO|AscomDevice.cs|GetProperty|356|Retrying to GET Focuser.StepSize - Attempt 2 / 3
2025-09-21T10:40:04.8784|ERROR|AscomDevice.cs|GetProperty|398|An unexpected exception occurred during GET of Focuser.StepSize: 
ASCOM.DriverException: The method or operation is not implemented.
 ---> System.NotImplementedException: The method or operation is not implemented.
   --- End of inner exception stack trace ---
   at ASCOM.Com.DriverAccess.DynamicAccess.CheckDotNetExceptions(String memberName, Exception e)
   at ASCOM.Com.DriverAccess.DynamicAccess.TryGetMember(GetMemberBinder binder, Object& result)
   at CallSite.Target(Closure, CallSite, Object)
   at ASCOM.Com.DriverAccess.Focuser.get_StepSize()
   at InvokeStub_Focuser.get_StepSize(Object, Object, IntPtr*)
   at System.Reflection.MethodBaseInvoker.InvokeWithNoArgs(Object obj, BindingFlags invokeAttr)
2025-09-21T10:40:05.0793|INFO|AscomDevice.cs|GetProperty|356|Retrying to GET Focuser.StepSize - Attempt 3 / 3
2025-09-21T10:40:05.0805|ERROR|AscomDevice.cs|GetProperty|398|An unexpected exception occurred during GET of Focuser.StepSize: 
ASCOM.DriverException: The method or operation is not implemented.
 ---> System.NotImplementedException: The method or operation is not implemented.
   --- End of inner exception stack trace ---
   at ASCOM.Com.DriverAccess.DynamicAccess.CheckDotNetExceptions(String memberName, Exception e)
   at ASCOM.Com.DriverAccess.DynamicAccess.TryGetMember(GetMemberBinder binder, Object& result)
   at CallSite.Target(Closure, CallSite, Object)
   at ASCOM.Com.DriverAccess.Focuser.get_StepSize()
   at InvokeStub_Focuser.get_StepSize(Object, Object, IntPtr*)
   at System.Reflection.MethodBaseInvoker.InvokeWithNoArgs(Object obj, BindingFlags invokeAttr)
2025-09-21T10:40:05.0808|INFO|AscomDevice.cs|GetProperty|408|GET Focuser.StepSize failed - Returning last known value 0
2025-09-21T10:40:05.3073|INFO|FocuserVM.cs|ChooseFocuser|324|Successfully connected Focuser. Id: ASCOM.EAF.Focuser Name: ZWO Focuser (1) DisplayName: ZWO Focuser (1) Driver Version: 6.0
2025-09-21T10:40:05.3204|INFO|RotatorVM.cs|Disconnect|438|Disconnected Rotator
2025-09-21T10:40:05.4488|INFO|PHD2Guider.cs|Connect|202|Connecting to PHD2 server at 127.0.0.1:4400
2025-09-21T10:40:12.5332|INFO|FlatDeviceVM.cs|Disconnect|279|Disconnected Flat Device
2025-09-21T10:40:12.5412|INFO|WeatherDataVM.cs|Disconnect|292|Disconnected Weather Device
2025-09-21T10:40:14.1597|INFO|AscomDevice.cs|GetProperty|379|Property ObservingConditions.SkyQuality GET is not implemented in this driver (SkyAlert Observing Conditions)
2025-09-21T10:40:14.1673|INFO|AscomDevice.cs|GetProperty|379|Property ObservingConditions.StarFWHM GET is not implemented in this driver (SkyAlert Observing Conditions)
2025-09-21T10:40:14.1850|INFO|WeatherDataVM.cs|ChooseWeatherData|143|Successfully connected Weather Device. Id: ASCOM.SkyAlert.ObservingConditions Name: SkyAlert Observing Conditions DisplayName: SkyAlert Observing Conditions Driver Version: 1.7
2025-09-21T10:40:14.1923|INFO|SwitchVM.cs|Disconnect|298|Disconnected Switch
2025-09-21T10:40:14.2102|INFO|DomeVM.cs|Disconnect|336|Disconnected Dome Device
2025-09-21T10:40:14.2531|INFO|SafetyMonitorVM.cs|UpdateMonitorValues|94|SafetyMonitorInfo state changed to Unsafe
2025-09-21T10:40:14.2547|INFO|SafetyMonitorVM.cs|Disconnect|208|Disconnected Safety Monitor
2025-09-21T10:40:14.2551|INFO|SafetyMonitorVM.cs|Connect|168|Successfully connected Safety Monitor. Id: 613EC0FF-87D7-4475-9352-F6F6EB1CDE75 Name: N.I.N.A. Simulator Safety Device DisplayName: N.I.N.A. Simulator Safety Device Driver Version: 
2025-09-21T12:38:28.1134|INFO|SafetyMonitorVM.cs|Disconnect|208|Disconnected Safety Monitor
2025-09-21T12:38:33.2943|INFO|SafetyMonitorVM.cs|Disconnect|208|Disconnected Safety Monitor
2025-09-21T12:38:33.7590|INFO|SafetyMonitorVM.cs|Connect|168|Successfully connected Safety Monitor. Id: ASCOM.GenericFile.SafetyMonitor Name: Generic File SafetyMonitor DisplayName: Generic File SafetyMonitor Driver Version: 6.4
2025-09-21T12:38:35.7762|INFO|SafetyMonitorVM.cs|UpdateMonitorValues|94|SafetyMonitorInfo state changed to Unsafe
2025-09-21T14:03:47.9424|INFO|FramingAssistantVM.cs|LoadImage|1072|Loading image from source HIPS2FITS with field of view 15° for coordinates RA: 22:33:28; Dec: 38° 34' 56"; Epoch: J2000
2025-09-21T14:34:50.3371|INFO|FramingAssistantVM.cs|LoadImage|1072|Loading image from source HIPS2FITS with field of view 5° for coordinates RA: 22:36:56; Dec: 38° 32' 53"; Epoch: J2000
2025-09-21T14:37:08.3653|INFO|FramingAssistantVM.cs|LoadImage|1072|Loading image from source HIPS2FITS with field of view 5° for coordinates RA: 22:35:01; Dec: 39° 29' 31"; Epoch: J2000
2025-09-21T14:37:44.7715|INFO|FramingAssistantVM.cs|LoadImage|1072|Loading image from source NASA with field of view 5° for coordinates RA: 22:35:01; Dec: 39° 29' 31"; Epoch: J2000
2025-09-21T14:38:54.3729|INFO|FramingAssistantVM.cs|LoadImage|1072|Loading image from source SKYSERVER with field of view 5° for coordinates RA: 22:35:01; Dec: 39° 29' 31"; Epoch: J2000
2025-09-21T14:39:04.6560|INFO|FramingAssistantVM.cs|LoadImage|1072|Loading image from source ESO with field of view 5° for coordinates RA: 22:35:01; Dec: 39° 29' 31"; Epoch: J2000
2025-09-21T14:39:42.6050|ERROR|FramingAssistantVM.cs|LoadImage|1156|Failed to load image from source ESO with field of view 5° for coordinates RA: 22:35:01; Dec: 39° 29' 31"; Epoch: J2000.
NINA.WPF.Base.Exceptions.SkySurveyUnavailableException: No imaging component suitable to complete this operation was found.
   at NINA.WPF.Base.SkySurvey.MosaicSkySurvey.<>c__DisplayClass1_0.<<GetImage>b__0>d.MoveNext() in C:\Projects\nina\NINA.WPF.Base\SkySurvey\MosaicSkySurvey.cs:line 45
--- End of stack trace from previous location ---
   at NINA.WPF.Base.SkySurvey.MosaicSkySurvey.GetImage(String name, Coordinates coordinates, Double fieldOfView, Int32 width, Int32 height, CancellationToken ct, IProgress`1 progress) in C:\Projects\nina\NINA.WPF.Base\SkySurvey\MosaicSkySurvey.cs:line 30
   at NINA.ViewModel.FramingAssistant.FramingAssistantVM.LoadImage() in C:\Projects\nina\NINA\ViewModel\FramingAssistant\FramingAssistantVM.cs:line 1108
2025-09-21T14:40:05.2871|INFO|FramingAssistantVM.cs|LoadImage|1072|Loading image from source HIPS2FITS with field of view 5° for coordinates RA: 22:35:01; Dec: 39° 29' 31"; Epoch: J2000
2025-09-21T19:45:25.5143|INFO|SequenceItem.cs|Run|254|Finishing Category: Utility, Item: WaitForTime, Time: 19:43:38h, Offset: -45
2025-09-21T19:45:25.5158|INFO|SequenceItem.cs|Run|208|Starting Category: Ground Station, Item: Send to Telegram
2025-09-21T19:45:27.9774|INFO|SequenceItem.cs|Run|254|Finishing Category: Ground Station, Item: Send to Telegram
2025-09-21T19:45:27.9813|INFO|SequenceItem.cs|Run|208|Starting Category: Connector, Item: ConnectAllEquipment
2025-09-21T19:45:27.9841|INFO|ConnectAllEquipment.cs|Execute|167|Camera is already connected
2025-09-21T19:45:27.9842|INFO|ConnectAllEquipment.cs|Execute|167|Filter Wheel is already connected
2025-09-21T19:45:27.9843|INFO|ConnectAllEquipment.cs|Execute|167|Focuser is already connected
2025-09-21T19:45:27.9858|INFO|ConnectAllEquipment.cs|Execute|167|Telescope is already connected
2025-09-21T19:45:27.9860|INFO|ConnectAllEquipment.cs|Execute|167|Guider is already connected
2025-09-21T19:45:27.9864|INFO|ConnectAllEquipment.cs|Execute|167|Weather is already connected
2025-09-21T19:45:27.9865|INFO|ConnectAllEquipment.cs|Execute|167|Safety Monitor is already connected
2025-09-21T19:45:27.9866|INFO|SequenceItem.cs|Run|254|Finishing Category: Connector, Item: ConnectAllEquipment
2025-09-21T19:45:27.9957|INFO|SequenceItem.cs|Run|208|Starting Category: Telescope, Item: FindHome
2025-09-21T19:45:28.0040|INFO|PHD2Guider.cs|StopGuiding|700|Phd2 - Stop Guiding skipped, as the app is already in state Looping
2025-09-21T19:45:28.0064|INFO|TelescopeVM.cs|FindHome|281|Mount ordered to locate home position
2025-09-21T19:45:28.0142|ERROR|TelescopeVM.cs|FindHome|341|Mount cannot locate home because it is already at the home position
2025-09-21T19:45:28.0147|INFO|SequenceItem.cs|Run|254|Finishing Category: Telescope, Item: FindHome
2025-09-21T19:45:28.0149|INFO|SequenceItem.cs|Run|208|Starting Category: Ground Station, Item: Send to Telegram
2025-09-21T19:45:29.1385|INFO|SequenceItem.cs|Run|254|Finishing Category: Ground Station, Item: Send to Telegram
2025-09-21T19:45:29.1399|INFO|SequenceItem.cs|Run|208|Starting Category: Camera, Item: CoolCamera, Temperature: 0, Duration: 0
2025-09-21T19:45:29.1446|INFO|CameraVM.cs|CoolCamera|139|Cooling Camera. Target: 0 Duration: 00:00:00
2025-09-21T19:50:27.2982|INFO|SequenceItem.cs|Run|254|Finishing Category: Camera, Item: CoolCamera, Temperature: 0, Duration: 0
2025-09-21T19:50:27.2985|INFO|SequenceItem.cs|Run|208|Starting Category: Utility, Item: WaitForTime, Time: 20:13:38h, Offset: -15
2025-09-21T20:13:39.6575|INFO|SequenceItem.cs|Run|254|Finishing Category: Utility, Item: WaitForTime, Time: 20:13:38h, Offset: -15
2025-09-21T20:13:39.6636|INFO|SequenceItem.cs|Run|254|Finishing Category: * Instruction Set *, Container: NINA.Sequencer.Container.SequentialContainer, Strategy: SequentialStrategy, Items[FINISHED]: 8
2025-09-21T20:13:39.6838|INFO|SequenceItem.cs|Run|254|Finishing Category: * Instruction Set *, Container: NINA.Sequencer.Container.StartAreaContainer, Strategy: SequentialStrategy, Items[FINISHED]: 1
2025-09-21T20:13:39.6842|INFO|SequenceItem.cs|Run|208|Starting Category: * Instruction Set *, Container: NINA.Sequencer.Container.TargetAreaContainer, Strategy: SequentialStrategy, Items[CREATED]: 1
2025-09-21T20:13:39.6864|INFO|SequenceItem.cs|Run|208|Starting Category: * Instruction Set *, Container: NINA.Sequencer.Container.SequentialContainer, Strategy: SequentialStrategy, Items[CREATED]: 8, Conditions: Condition: TimeCondition, Time: 6:32:5h, Condition: TargetSchedulerCondition mode=While Targets Remain Tonight, , Triggers: Trigger: CenterAfterDriftTrigger, DistanceArcMinutes: 1Trigger: WhenUnsafeCategory: Ground Station, Item: Failures to TelegramCategory: Connector, Item: ReconnectOnDownloadFailureTrigger: AutofocusAfterHFRIncreaseTrigger, Amount: 5Trigger: MeridianFlipTriggerTrigger: RestoreGuiding
2025-09-21T20:13:39.6946|INFO|WhenUnsafe.cs|CheckSafe|77|IsSafe is now FALSE; connected = True, IsSafe = False
2025-09-21T20:13:39.6948|INFO|WhenCommon.cs|ShouldTrigger|360|ShouldTrigger TRUE from InterruptWhen, setting TriggerRunner
2025-09-21T20:13:39.6949|INFO|WhenCommon.cs|InterruptWhen|305|Interrupting current Instruction Set
2025-09-21T20:13:39.6963|INFO|WhenCommon.cs|InterruptWhen|315|Canceling sequence...
2025-09-21T20:13:40.7117|INFO|WhenCommon.cs|InterruptWhen|319|Delay 1000
2025-09-21T20:13:41.4134|INFO|Sequencer.cs|Start|85|Sequence run was cancelled
2025-09-21T20:13:41.4270|INFO|Sequence2VM.cs|StartSequence|490|Advanced Sequence finished
2025-09-21T20:13:41.7123|INFO|WhenCommon.cs|InterruptWhen|322|Sequence longer running
2025-09-21T20:13:41.7132|WARNING|WhenCommon.cs|CheckSlewing|254|CheckSlewing, WhenUnsafe = True, Connected = True, CanSlew = True, info.Slewing = False
2025-09-21T20:13:41.7299|INFO|Sequence2VM.cs|StartSequence|485|Advanced Sequence starting
2025-09-21T20:13:41.7880|INFO|SequenceItem.cs|Run|208|Starting Category: * Instruction Set *, Container: NINA.Sequencer.Container.SequenceRootContainer, Strategy: SequentialStrategy, Items[CREATED]: 3, Triggers: Category: Ground Station, Item: Failures to Telegram
2025-09-21T20:13:41.7884|INFO|SequenceItem.cs|Run|208|Starting Category: * Instruction Set *, Container: NINA.Sequencer.Container.StartAreaContainer, Strategy: SequentialStrategy, Items[FINISHED]: 1
2025-09-21T20:13:41.7885|INFO|SequenceItem.cs|Run|254|Finishing Category: * Instruction Set *, Container: NINA.Sequencer.Container.StartAreaContainer, Strategy: SequentialStrategy, Items[FINISHED]: 1
2025-09-21T20:13:41.7886|INFO|SequenceItem.cs|Run|208|Starting Category: * Instruction Set *, Container: NINA.Sequencer.Container.TargetAreaContainer, Strategy: SequentialStrategy, Items[CREATED]: 1
2025-09-21T20:13:41.7892|INFO|SequenceItem.cs|Run|208|Starting Category: * Instruction Set *, Container: NINA.Sequencer.Container.SequentialContainer, Strategy: SequentialStrategy, Items[CREATED]: 8, Conditions: Condition: TimeCondition, Time: 6:32:5h, Condition: TargetSchedulerCondition mode=While Targets Remain Tonight, , Triggers: Trigger: CenterAfterDriftTrigger, DistanceArcMinutes: 1Trigger: WhenUnsafeCategory: Ground Station, Item: Failures to TelegramCategory: Connector, Item: ReconnectOnDownloadFailureTrigger: AutofocusAfterHFRIncreaseTrigger, Amount: 5Trigger: MeridianFlipTriggerTrigger: RestoreGuiding
2025-09-21T20:13:41.7909|INFO|WhenCommon.cs|ShouldTrigger|364|ShouldTrigger TRUE, setting TriggerRunner
2025-09-21T20:13:41.7930|INFO|SequenceTrigger.cs|Run|114|Starting Trigger: WhenUnsafe
2025-09-21T20:13:41.7977|INFO|WhenCommon.cs|Execute|377|Execute 0
2025-09-21T20:13:41.7980|INFO|WhenCommon.cs|Execute|391|When: running TriggerRunner, InFlight -> true, Triggered -> false
2025-09-21T20:13:41.7980|WARNING|WhenCommon.cs|CheckSlewing|254|CheckSlewing, WhenUnsafe = True, Connected = True, CanSlew = True, info.Slewing = False
2025-09-21T20:13:41.7982|INFO|SequenceItem.cs|Run|208|Starting Category: , Container: WhenPlugin.When.IfContainer, Strategy: SequentialStrategy, Items[CREATED]: 8
2025-09-21T20:13:41.8030|INFO|MeridianFlipTrigger.cs|ShouldTrigger|197|Meridian Flip - Telescope is at home position. Skip flip evaluation
2025-09-21T20:13:41.8034|INFO|SequenceItem.cs|Run|208|Starting Category: Ground Station, Item: Send to Telegram
2025-09-21T20:13:46.6527|INFO|SequenceItem.cs|Run|254|Finishing Category: Ground Station, Item: Send to Telegram
2025-09-21T20:13:46.6757|INFO|MeridianFlipTrigger.cs|ShouldTrigger|197|Meridian Flip - Telescope is at home position. Skip flip evaluation
2025-09-21T20:13:46.6761|INFO|SequenceItem.cs|Run|208|Starting Category: Telescope, Item: FindHome
2025-09-21T20:13:46.6829|INFO|PHD2Guider.cs|StopGuiding|700|Phd2 - Stop Guiding skipped, as the app is already in state Looping
2025-09-21T20:13:46.6831|INFO|TelescopeVM.cs|FindHome|281|Mount ordered to locate home position
2025-09-21T20:13:46.6881|ERROR|TelescopeVM.cs|FindHome|341|Mount cannot locate home because it is already at the home position
2025-09-21T20:13:46.6883|INFO|SequenceItem.cs|Run|254|Finishing Category: Telescope, Item: FindHome
2025-09-21T20:13:46.6957|INFO|MeridianFlipTrigger.cs|ShouldTrigger|197|Meridian Flip - Telescope is at home position. Skip flip evaluation
2025-09-21T20:13:46.6961|INFO|SequenceItem.cs|Run|208|Starting Category: Guider, Item: StopGuiding
2025-09-21T20:13:46.6994|INFO|PHD2Guider.cs|StopGuiding|700|Phd2 - Stop Guiding skipped, as the app is already in state Looping
2025-09-21T20:13:46.6995|INFO|SequenceItem.cs|Run|254|Finishing Category: Guider, Item: StopGuiding
2025-09-21T20:13:46.7000|INFO|MeridianFlipTrigger.cs|ShouldTrigger|197|Meridian Flip - Telescope is at home position. Skip flip evaluation
2025-09-21T20:13:46.7006|INFO|SequenceItem.cs|Run|208|Starting Category: Connector, Item: DisconnectEquipment, Selected device: Safety Monitor
2025-09-21T20:13:46.7494|INFO|AscomDevice.cs|Disconnect|299|Disconnecting from ASCOM.GenericFile.SafetyMonitor Generic File SafetyMonitor
2025-09-21T20:13:46.7873|INFO|SafetyMonitorVM.cs|Disconnect|208|Disconnected Safety Monitor
2025-09-21T20:13:46.7877|INFO|SequenceItem.cs|Run|254|Finishing Category: Connector, Item: DisconnectEquipment, Selected device: Safety Monitor
2025-09-21T20:13:46.7883|INFO|MeridianFlipTrigger.cs|ShouldTrigger|197|Meridian Flip - Telescope is at home position. Skip flip evaluation
2025-09-21T20:13:46.7888|INFO|SequenceItem.cs|Run|208|Starting Category: Utility, Item: WaitForTimeSpan, Time: 60s
2025-09-21T20:14:46.9109|INFO|SequenceItem.cs|Run|254|Finishing Category: Utility, Item: WaitForTimeSpan, Time: 60s
2025-09-21T20:14:46.9125|INFO|MeridianFlipTrigger.cs|ShouldTrigger|197|Meridian Flip - Telescope is at home position. Skip flip evaluation
2025-09-21T20:14:46.9138|INFO|SequenceItem.cs|Run|208|Starting Category: Connector, Item: ConnectEquipment, Selected device: Safety Monitor, Selected device id: ASCOM.GenericFile.SafetyMonitor
2025-09-21T20:14:48.9812|INFO|SafetyMonitorChooserVM.cs|GetEquipment|71|Found 0 Alpaca Safety Monitors
2025-09-21T20:14:48.9835|INFO|SafetyMonitorVM.cs|Disconnect|208|Disconnected Safety Monitor
2025-09-21T20:14:49.0537|INFO|SafetyMonitorVM.cs|Connect|168|Successfully connected Safety Monitor. Id: ASCOM.GenericFile.SafetyMonitor Name: Generic File SafetyMonitor DisplayName: Generic File SafetyMonitor Driver Version: 6.4
2025-09-21T20:14:49.0541|INFO|SequenceItem.cs|Run|254|Finishing Category: Connector, Item: ConnectEquipment, Selected device: Safety Monitor, Selected device id: ASCOM.GenericFile.SafetyMonitor
2025-09-21T20:14:49.0546|INFO|MeridianFlipTrigger.cs|ShouldTrigger|197|Meridian Flip - Telescope is at home position. Skip flip evaluation
2025-09-21T20:14:49.0546|INFO|SequenceItem.cs|Run|208|Starting Category: Utility, Item: WaitForTimeSpan, Time: 60s
2025-09-21T20:14:51.0690|INFO|SafetyMonitorVM.cs|UpdateMonitorValues|94|SafetyMonitorInfo state changed to Unsafe
2025-09-21T20:15:49.1941|INFO|SequenceItem.cs|Run|254|Finishing Category: Utility, Item: WaitForTimeSpan, Time: 60s
2025-09-21T20:15:49.1946|INFO|MeridianFlipTrigger.cs|ShouldTrigger|197|Meridian Flip - Telescope is at home position. Skip flip evaluation
2025-09-21T20:15:49.1949|INFO|SequenceItem.cs|Run|208|Starting Category: Powerups (Safety), Item: OnceSafe
2025-09-21T22:17:29.7157|INFO|AscomDevice.cs|Disconnect|299|Disconnecting from ASCOM.GenericFile.SafetyMonitor Generic File SafetyMonitor
2025-09-21T22:17:29.7213|INFO|SafetyMonitorVM.cs|Disconnect|208|Disconnected Safety Monitor
2025-09-21T22:18:06.2756|INFO|ApplicationVM.cs|Closing|288|Application shutting down
2025-09-21T22:18:06.3057|INFO|DomeVM.cs|Disconnect|336|Disconnected Dome Device
2025-09-21T22:18:06.3087|INFO|FlatDeviceVM.cs|Disconnect|279|Disconnected Flat Device
2025-09-21T22:18:06.3764|INFO|CameraVM.cs|Disconnect|645|Disconnected Camera
2025-09-21T22:18:06.3783|INFO|AscomDevice.cs|Disconnect|299|Disconnecting from ASCOM.iOptron2017.Telescope iOptron CEM120,70,40,26, GEM, HEM, HAE, HAZ series and SkyHunter Mount
2025-09-21T22:18:06.4022|INFO|TelescopeVM.cs|Disconnect|763|Disconnected mount
2025-09-21T22:18:06.4026|INFO|AscomDevice.cs|Disconnect|299|Disconnecting from ASCOM.EFW2.FilterWheel ZWO FilterWheel (1)
2025-09-21T22:18:06.4146|INFO|FilterWheelVM.cs|Disconnect|324|Disconnected Filter Wheel
2025-09-21T22:18:06.4166|INFO|AscomDevice.cs|Disconnect|299|Disconnecting from ASCOM.EAF.Focuser ZWO Focuser (1)
2025-09-21T22:18:06.4608|INFO|FocuserVM.cs|Disconnect|426|Disconnected Focuser
2025-09-21T22:18:06.4636|INFO|RotatorVM.cs|Disconnect|438|Disconnected Rotator
2025-09-21T22:18:06.4658|INFO|SwitchVM.cs|Disconnect|298|Disconnected Switch
2025-09-21T22:18:06.4673|INFO|AscomDevice.cs|Disconnect|299|Disconnecting from ASCOM.SkyAlert.ObservingConditions SkyAlert Observing Conditions
2025-09-21T22:18:06.4764|INFO|WeatherDataVM.cs|Disconnect|292|Disconnected Weather Device
2025-09-21T22:18:06.4767|INFO|SafetyMonitorVM.cs|Disconnect|208|Disconnected Safety Monitor
