----------------------------------------------------------------------
--------------N.I.N.A. - Nighttime Imaging 'N' Astronomy--------------
--------------------------Version 3.1.2.9001--------------------------
-------------------------2025-08-28T12:42:53--------------------------
----------------------------------------------------------------------
---------------------Microsoft Windows 10.0.19045---------------------
-------------------------OS Architecture X64--------------------------
-----------------------Process Architecture X64-----------------------
------------------------------.NET 8.0.8------------------------------
----------------------------------------------------------------------
--------------------------Processor Count 4---------------------------
--------------------Total Physical Memory 7.84 GB---------------------
----------------------------------------------------------------------
DATE|LEVEL|SOURCE|MEMBER|LINE|MESSAGE
2025-08-28T12:42:53.0325|INFO|CameraChooserVM.cs|GetEquipment|69|Found 0 ASI Cameras
2025-08-28T12:42:53.8691|INFO|CameraChooserVM.cs|GetEquipment|84|Found 0 Altair Cameras
2025-08-28T12:42:54.6835|INFO|CameraChooserVM.cs|GetEquipment|96|Found 0 Atik Cameras
2025-08-28T12:42:54.6847|INFO|CameraChooserVM.cs|GetEquipment|110|Found 0 FLI Cameras
2025-08-28T12:42:55.9960|INFO|CameraChooserVM.cs|GetEquipment|130|Found 0 QHYCCD Cameras
2025-08-28T12:42:56.4871|INFO|CameraChooserVM.cs|GetEquipment|158|Found 0 ToupTek Cameras
2025-08-28T12:42:56.7277|INFO|CameraChooserVM.cs|GetEquipment|173|Found 0 Ogma Cameras
2025-08-28T12:42:56.8964|INFO|CameraChooserVM.cs|GetEquipment|188|Found 0 Omegon Cameras
2025-08-28T12:42:57.3009|INFO|CameraChooserVM.cs|GetEquipment|203|Found 0 RisingCam Cameras
2025-08-28T12:42:57.4594|INFO|CameraChooserVM.cs|GetEquipment|218|Found 0 MallinCam Cameras
2025-08-28T12:42:57.4628|INFO|CameraChooserVM.cs|GetEquipment|244|Found 0 SBIG Cameras
2025-08-28T12:42:58.4107|INFO|PluginLoader.cs|LoadPlugin|416|Successfully loaded plugin Autofocus Report Analysis version 2.0.0.9 by Stefan Berg @isbeorn
2025-08-28T12:42:58.8255|INFO|PluginLoader.cs|LoadPlugin|416|Successfully loaded plugin Connector version 2.0.3.0 by Stefan Berg
2025-08-28T12:42:59.0377|INFO|PluginLoader.cs|LoadPlugin|416|Successfully loaded plugin Device Actions and Commands version 2.0.0.0 by Dale Ghent
2025-08-28T12:43:00.0700|INFO|PluginLoader.cs|LoadPlugin|416|Successfully loaded plugin Discord Alert version 2.2.0.0 by Drew McDermott
2025-08-28T12:43:00.9169|INFO|PluginLoader.cs|LoadPlugin|416|Successfully loaded plugin Discord Notification version 1.0.0.1 by Daniel Ludwig
2025-08-28T12:43:01.1809|INFO|PluginLoader.cs|LoadPlugin|416|Successfully loaded plugin Filter Offset Calculator version 2.0.0.0 by S. Dimant & Stefan Berg
2025-08-28T12:43:01.4263|INFO|PluginLoader.cs|LoadPlugin|416|Successfully loaded plugin Flexure Correction version 0.8.0.0 by Francesco Meschia
2025-08-28T12:43:01.7528|INFO|ApplicationVM.cs|CheckDiskInfo|100|Available Space on Drive C:\: 149.44 GB
2025-08-28T12:43:01.7594|INFO|ApplicationVM.cs|CheckDiskInfo|102|Drive E:\ is not ready
2025-08-28T12:43:01.7613|INFO|ApplicationVM.cs|CheckDiskInfo|100|Available Space on Drive G:\: 60.87 GB
2025-08-28T12:43:01.7679|INFO|ApplicationVM.cs|CheckDiskInfo|100|Available Space on Drive Z:\: 34.46 GB
2025-08-28T12:43:02.6213|INFO|ApplicationVM.cs|CheckASCOMPlatformVersion|81|ASCOM Platform 6.6.2.4195 installed
2025-08-28T12:43:03.5658|INFO|PluginLoader.cs|LoadPlugin|416|Successfully loaded plugin Ground Station version 2.4.1.0 by Dale Ghent
2025-08-28T12:43:14.9644|INFO|PluginLoader.cs|LoadPlugin|416|Successfully loaded plugin Hocus Focus version 3.0.0.21 by George Hilios (jokogeo)
2025-08-28T12:43:15.8597|INFO|PluginLoader.cs|LoadPlugin|416|Successfully loaded plugin Horizon Creator version 1.1.2.0 by Christian Palm
2025-08-28T12:43:16.0672|INFO|PluginLoader.cs|LoadPlugin|416|Successfully loaded plugin Moon Angle version 2.2.0.0 by Dale Ghent
2025-08-28T12:43:16.3993|INFO|PluginLoader.cs|LoadPlugin|416|Successfully loaded plugin PixInsight Tools version 1.0.0.3 by Stefan Berg
2025-08-28T12:43:18.3546|WARNING|When.cs|GetRunningItem|143|Can't get running items: SequencerNavigation not initialized yet!
2025-08-28T12:43:18.6205|INFO|PluginLoader.cs|LoadPlugin|416|Successfully loaded plugin Sequencer Powerups version 3.28.4.0 by Marc Blank
2025-08-28T12:43:18.7575|INFO|PluginLoader.cs|LoadPlugin|416|Successfully loaded plugin Shutdown PC version 2.2.0.0 by Dale Ghent
2025-08-28T12:43:19.2200|INFO|PluginLoader.cs|LoadPlugin|416|Successfully loaded plugin Smart Filters version 1.0.0.3 by Benoit SAINTOT
2025-08-28T12:43:19.7352|INFO|PluginLoader.cs|LoadPlugin|416|Successfully loaded plugin Target Planning version 3.2.1.0 by Tom Palmer @tcpalmer
2025-08-28T12:43:21.5682|ERROR|DllLoader.cs|LoadDllFromAbsolutePath|53|DllLoader failed to load library C:\Program Files\N.I.N.A. - Nighttime Imaging 'N' Astronomy\External\x64\SQLite\SQLite.Interop.dll due to error code 126
2025-08-28T12:43:22.3955|INFO|PluginLoader.cs|LoadPlugin|416|Successfully loaded plugin Target Scheduler version 5.7.3.0 by Tom Palmer @tcpalmer
2025-08-28T12:43:22.7988|INFO|PluginLoader.cs|LoadPlugin|416|Successfully loaded plugin Three Point Polar Alignment version 2.2.4.0 by Stefan Berg @isbeorn
2025-08-28T12:43:22.8138|INFO|PluginFetcher.cs|RequestAll|43|Fetching plugin manifests from https://nighttime-imaging.eu/wp-json/nina/v1/plugins/manifests
2025-08-28T12:43:23.0234|INFO|CameraChooserVM.cs|GetEquipment|264|Found 0 SVBony Cameras
2025-08-28T12:43:23.1680|INFO|CameraChooserVM.cs|GetEquipment|264|Found 0 PlayerOne Cameras
2025-08-28T12:43:23.2615|INFO|CameraChooserVM.cs|GetEquipment|264|Found 0 ASTPAN Cameras
2025-08-28T12:43:23.2638|INFO|CameraChooserVM.cs|GetEquipment|278|Found 4 ASCOM Cameras
2025-08-28T12:43:23.4375|WARNING|When.cs|GetRunningItem|143|Can't get running items: SequencerNavigation not initialized yet!
2025-08-28T12:43:24.2425|INFO|PluginFetcher.cs|RequestAll|57|Found 56 valid plugins at https://nighttime-imaging.eu/wp-json/nina/v1/plugins/manifests
2025-08-28T12:43:24.8771|INFO|RotatorChooserVM.cs|GetEquipment|68|Found 0 Alpaca Rotators
2025-08-28T12:43:24.8771|INFO|SwitchChooserVM.cs|GetEquipment|71|Found 0 Alpaca Switch Hubs
2025-08-28T12:43:24.8771|INFO|DomeChooserVM.cs|GetEquipment|67|Found 0 Alpaca Domes
2025-08-28T12:43:24.8838|INFO|SafetyMonitorChooserVM.cs|GetEquipment|71|Found 0 Alpaca Safety Monitors
2025-08-28T12:43:24.9227|INFO|FilterWheelChooserVM.cs|GetEquipment|193|Found 0 Alpaca Filter Wheels
2025-08-28T12:43:25.2684|INFO|CameraChooserVM.cs|GetEquipment|290|Found 0 Alpaca Cameras
2025-08-28T12:43:25.2741|INFO|CameraChooserVM.cs|GetEquipment|303|Found 0 Canon Cameras
2025-08-28T12:43:25.5106|INFO|FlatDeviceChooserVM.cs|GetEquipment|67|Found 0 Alpaca Cover Calibrators
2025-08-28T12:43:25.5897|INFO|FocuserChooserVM.cs|GetEquipment|67|Found 0 Alpaca Focusers
2025-08-28T12:43:25.6216|INFO|TelescopeChooserVM.cs|GetEquipment|69|Found 0 Alpaca Telescopes
2025-08-28T12:43:25.6366|INFO|WeatherDataChooserVM.cs|GetEquipment|69|Found 0 Alpaca Observing Conditions
2025-08-28T13:13:51.4133|INFO|CameraChooserVM.cs|GetEquipment|69|Found 0 ASI Cameras
2025-08-28T13:13:51.4423|INFO|CameraChooserVM.cs|GetEquipment|84|Found 0 Altair Cameras
2025-08-28T13:13:51.4425|INFO|CameraChooserVM.cs|GetEquipment|96|Found 0 Atik Cameras
2025-08-28T13:13:51.4434|INFO|CameraChooserVM.cs|GetEquipment|110|Found 0 FLI Cameras
2025-08-28T13:13:51.4437|INFO|CameraChooserVM.cs|GetEquipment|130|Found 0 QHYCCD Cameras
2025-08-28T13:13:51.5850|INFO|CameraChooserVM.cs|GetEquipment|158|Found 0 ToupTek Cameras
2025-08-28T13:13:51.5896|INFO|CameraChooserVM.cs|GetEquipment|173|Found 0 Ogma Cameras
2025-08-28T13:13:51.5981|INFO|CameraChooserVM.cs|GetEquipment|188|Found 0 Omegon Cameras
2025-08-28T13:13:51.7266|INFO|CameraChooserVM.cs|GetEquipment|203|Found 0 RisingCam Cameras
2025-08-28T13:13:51.7375|INFO|CameraChooserVM.cs|GetEquipment|218|Found 0 MallinCam Cameras
2025-08-28T13:13:51.7397|INFO|CameraChooserVM.cs|GetEquipment|244|Found 0 SBIG Cameras
2025-08-28T13:13:51.7406|INFO|CameraChooserVM.cs|GetEquipment|264|Found 0 SVBony Cameras
2025-08-28T13:13:51.7414|INFO|CameraChooserVM.cs|GetEquipment|264|Found 0 PlayerOne Cameras
2025-08-28T13:13:51.7433|INFO|CameraChooserVM.cs|GetEquipment|264|Found 0 ASTPAN Cameras
2025-08-28T13:13:51.7441|INFO|CameraChooserVM.cs|GetEquipment|278|Found 4 ASCOM Cameras
2025-08-28T13:13:53.7456|INFO|CameraChooserVM.cs|GetEquipment|290|Found 0 Alpaca Cameras
2025-08-28T13:13:53.7516|INFO|CameraChooserVM.cs|GetEquipment|303|Found 0 Canon Cameras
2025-08-28T13:14:00.5120|INFO|FilterWheelVM.cs|Disconnect|324|Disconnected Filter Wheel
2025-08-28T13:14:01.6796|ERROR|AscomDevice.cs|Connect|246
ASCOM.DriverAccessCOMException (0x00000000): Communication Failure
 ---> System.Runtime.InteropServices.COMException (0x00000000): Communication Failure
   at ASCOM.Com.DriverAccess.DynamicAccess.CheckDotNetExceptions(String memberName, Exception e)
   at ASCOM.Com.DriverAccess.DynamicAccess.TrySetMember(SetMemberBinder binder, Object value)
   at CallSite.Target(Closure, CallSite, Object, Boolean)
   at System.Dynamic.UpdateDelegates.UpdateAndExecute2[T0,T1,TRet](CallSite site, T0 arg0, T1 arg1)
   at ASCOM.Com.DriverAccess.ASCOMDevice.set_Connected(Boolean value)
   at NINA.Equipment.Equipment.AscomDevice`1.set_Connected(Boolean value) in C:\Projects\nina\NINA.Equipment\Equipment\AscomDevice.cs:line 144
   at NINA.Equipment.Equipment.AscomDevice`1.<Connect>b__43_0() in C:\Projects\nina\NINA.Equipment\Equipment\AscomDevice.cs:line 239
2025-08-28T13:14:07.0660|INFO|FocuserVM.cs|Disconnect|426|Disconnected Focuser
2025-08-28T13:14:08.4723|ERROR|AscomDevice.cs|GetProperty|398|An unexpected exception occurred during GET of Focuser.StepSize: 
ASCOM.DriverException: The method or operation is not implemented.
 ---> System.NotImplementedException: The method or operation is not implemented.
   --- End of inner exception stack trace ---
   at ASCOM.Com.DriverAccess.DynamicAccess.CheckDotNetExceptions(String memberName, Exception e)
   at ASCOM.Com.DriverAccess.DynamicAccess.TryGetMember(GetMemberBinder binder, Object& result)
   at CallSite.Target(Closure, CallSite, Object)
   at System.Dynamic.UpdateDelegates.UpdateAndExecute1[T0,TRet](CallSite site, T0 arg0)
   at ASCOM.Com.DriverAccess.Focuser.get_StepSize()
   at System.RuntimeMethodHandle.InvokeMethod(Object target, Void** arguments, Signature sig, Boolean isConstructor)
   at System.Reflection.MethodBaseInvoker.InvokeWithNoArgs(Object obj, BindingFlags invokeAttr)
2025-08-28T13:14:08.6735|INFO|AscomDevice.cs|GetProperty|356|Retrying to GET Focuser.StepSize - Attempt 2 / 3
2025-08-28T13:14:08.6767|ERROR|AscomDevice.cs|GetProperty|398|An unexpected exception occurred during GET of Focuser.StepSize: 
ASCOM.DriverException: The method or operation is not implemented.
 ---> System.NotImplementedException: The method or operation is not implemented.
   --- End of inner exception stack trace ---
   at ASCOM.Com.DriverAccess.DynamicAccess.CheckDotNetExceptions(String memberName, Exception e)
   at ASCOM.Com.DriverAccess.DynamicAccess.TryGetMember(GetMemberBinder binder, Object& result)
   at CallSite.Target(Closure, CallSite, Object)
   at ASCOM.Com.DriverAccess.Focuser.get_StepSize()
   at InvokeStub_Focuser.get_StepSize(Object, Object, IntPtr*)
   at System.Reflection.MethodBaseInvoker.InvokeWithNoArgs(Object obj, BindingFlags invokeAttr)
2025-08-28T13:14:08.8923|INFO|AscomDevice.cs|GetProperty|356|Retrying to GET Focuser.StepSize - Attempt 3 / 3
2025-08-28T13:14:08.8934|ERROR|AscomDevice.cs|GetProperty|398|An unexpected exception occurred during GET of Focuser.StepSize: 
ASCOM.DriverException: The method or operation is not implemented.
 ---> System.NotImplementedException: The method or operation is not implemented.
   --- End of inner exception stack trace ---
   at ASCOM.Com.DriverAccess.DynamicAccess.CheckDotNetExceptions(String memberName, Exception e)
   at ASCOM.Com.DriverAccess.DynamicAccess.TryGetMember(GetMemberBinder binder, Object& result)
   at CallSite.Target(Closure, CallSite, Object)
   at ASCOM.Com.DriverAccess.Focuser.get_StepSize()
   at InvokeStub_Focuser.get_StepSize(Object, Object, IntPtr*)
   at System.Reflection.MethodBaseInvoker.InvokeWithNoArgs(Object obj, BindingFlags invokeAttr)
2025-08-28T13:14:08.8937|INFO|AscomDevice.cs|GetProperty|408|GET Focuser.StepSize failed - Returning last known value 0
2025-08-28T13:14:09.1999|INFO|FocuserVM.cs|ChooseFocuser|324|Successfully connected Focuser. Id: ASCOM.EAF.Focuser Name: ZWO Focuser (1) DisplayName: ZWO Focuser (1) Driver Version: 6.0
2025-08-28T13:14:13.9488|INFO|TelescopeVM.cs|Disconnect|763|Disconnected mount
2025-08-28T13:14:14.5475|INFO|AscomTelescope.cs|CheckMountTime|817|Mount UTC Time: 2025-08-28 18:14:14Z / System UTC Time: 2025-08-28 18:14:14Z; Difference: 0.428 seconds
2025-08-28T13:14:14.6017|INFO|AscomTelescope.cs|CheckMountTime|824|System time has been synced to the mount
2025-08-28T13:14:14.8533|INFO|TelescopeVM.cs|ChooseTelescope|518|Successfully connected mount. Id: ASCOM.iOptron2017.Telescope Name: iOptron CEM120,70,40,26, GEM, HEM, HAE, HAZ series and SkyHunter Mount DisplayName: iOptron CEM120,70,40,26, GEM, HEM, HAE, HAZ series and SkyHunter Mount Driver Version: 9.15
2025-08-28T13:14:18.0966|INFO|PHD2Guider.cs|Connect|202|Connecting to PHD2 server at 127.0.0.1:4400
2025-08-28T13:14:18.3943|WARNING|PHD2Guider.cs|CheckPhdError|386|PHDError: equipment failed to connect: camera CODE: 1
2025-08-28T13:14:34.9815|INFO|CameraChooserVM.cs|GetEquipment|69|Found 0 ASI Cameras
2025-08-28T13:14:35.0045|INFO|CameraChooserVM.cs|GetEquipment|84|Found 0 Altair Cameras
2025-08-28T13:14:35.0047|INFO|CameraChooserVM.cs|GetEquipment|96|Found 0 Atik Cameras
2025-08-28T13:14:35.0054|INFO|CameraChooserVM.cs|GetEquipment|110|Found 0 FLI Cameras
2025-08-28T13:14:35.0055|INFO|CameraChooserVM.cs|GetEquipment|130|Found 0 QHYCCD Cameras
2025-08-28T13:14:35.1437|INFO|CameraChooserVM.cs|GetEquipment|158|Found 0 ToupTek Cameras
2025-08-28T13:14:35.1481|INFO|CameraChooserVM.cs|GetEquipment|173|Found 0 Ogma Cameras
2025-08-28T13:14:35.1566|INFO|CameraChooserVM.cs|GetEquipment|188|Found 0 Omegon Cameras
2025-08-28T13:14:35.2810|INFO|CameraChooserVM.cs|GetEquipment|203|Found 0 RisingCam Cameras
2025-08-28T13:14:35.2918|INFO|CameraChooserVM.cs|GetEquipment|218|Found 0 MallinCam Cameras
2025-08-28T13:14:35.2940|INFO|CameraChooserVM.cs|GetEquipment|244|Found 0 SBIG Cameras
2025-08-28T13:14:35.2942|INFO|CameraChooserVM.cs|GetEquipment|264|Found 0 SVBony Cameras
2025-08-28T13:14:35.2943|INFO|CameraChooserVM.cs|GetEquipment|264|Found 0 PlayerOne Cameras
2025-08-28T13:14:35.2953|INFO|CameraChooserVM.cs|GetEquipment|264|Found 0 ASTPAN Cameras
2025-08-28T13:14:35.2959|INFO|CameraChooserVM.cs|GetEquipment|278|Found 4 ASCOM Cameras
2025-08-28T13:14:37.2963|INFO|CameraChooserVM.cs|GetEquipment|290|Found 0 Alpaca Cameras
2025-08-28T13:14:37.2986|INFO|CameraChooserVM.cs|GetEquipment|303|Found 0 Canon Cameras
2025-08-28T13:14:42.3273|INFO|CameraVM.cs|Disconnect|645|Disconnected Camera
2025-08-28T13:14:42.8235|ERROR|AscomDevice.cs|Connect|246
ASCOM.DriverAccessCOMException (0x00000000): Communication Failure
 ---> System.Runtime.InteropServices.COMException (0x00000000): Communication Failure
   at ASCOM.Com.DriverAccess.DynamicAccess.CheckDotNetExceptions(String memberName, Exception e)
   at ASCOM.Com.DriverAccess.DynamicAccess.TrySetMember(SetMemberBinder binder, Object value)
   at CallSite.Target(Closure, CallSite, Object, Boolean)
   at ASCOM.Com.DriverAccess.ASCOMDevice.set_Connected(Boolean value)
   at NINA.Equipment.Equipment.AscomDevice`1.set_Connected(Boolean value) in C:\Projects\nina\NINA.Equipment\Equipment\AscomDevice.cs:line 144
   at NINA.Equipment.Equipment.AscomDevice`1.<Connect>b__43_0() in C:\Projects\nina\NINA.Equipment\Equipment\AscomDevice.cs:line 239
2025-08-28T13:15:31.6124|INFO|FilterWheelVM.cs|Disconnect|324|Disconnected Filter Wheel
2025-08-28T13:15:31.6181|ERROR|AscomDevice.cs|Connect|246
ASCOM.DriverAccessCOMException (0x00000000): Communication Failure
 ---> System.Runtime.InteropServices.COMException (0x00000000): Communication Failure
   at ASCOM.Com.DriverAccess.DynamicAccess.CheckDotNetExceptions(String memberName, Exception e)
   at ASCOM.Com.DriverAccess.DynamicAccess.TrySetMember(SetMemberBinder binder, Object value)
   at CallSite.Target(Closure, CallSite, Object, Boolean)
   at ASCOM.Com.DriverAccess.ASCOMDevice.set_Connected(Boolean value)
   at NINA.Equipment.Equipment.AscomDevice`1.set_Connected(Boolean value) in C:\Projects\nina\NINA.Equipment\Equipment\AscomDevice.cs:line 144
   at NINA.Equipment.Equipment.AscomDevice`1.<Connect>b__43_0() in C:\Projects\nina\NINA.Equipment\Equipment\AscomDevice.cs:line 239
2025-08-28T13:16:26.3305|INFO|FilterWheelVM.cs|Disconnect|324|Disconnected Filter Wheel
2025-08-28T13:16:26.3363|ERROR|AscomDevice.cs|Connect|246
ASCOM.DriverAccessCOMException (0x00000000): Communication Failure
 ---> System.Runtime.InteropServices.COMException (0x00000000): Communication Failure
   at ASCOM.Com.DriverAccess.DynamicAccess.CheckDotNetExceptions(String memberName, Exception e)
   at ASCOM.Com.DriverAccess.DynamicAccess.TrySetMember(SetMemberBinder binder, Object value)
   at CallSite.Target(Closure, CallSite, Object, Boolean)
   at ASCOM.Com.DriverAccess.ASCOMDevice.set_Connected(Boolean value)
   at NINA.Equipment.Equipment.AscomDevice`1.set_Connected(Boolean value) in C:\Projects\nina\NINA.Equipment\Equipment\AscomDevice.cs:line 144
   at NINA.Equipment.Equipment.AscomDevice`1.<Connect>b__43_0() in C:\Projects\nina\NINA.Equipment\Equipment\AscomDevice.cs:line 239
2025-08-28T13:16:48.7909|INFO|CameraVM.cs|Disconnect|645|Disconnected Camera
2025-08-28T13:16:48.7951|ERROR|AscomDevice.cs|Connect|246
ASCOM.DriverAccessCOMException (0x00000000): Communication Failure
 ---> System.Runtime.InteropServices.COMException (0x00000000): Communication Failure
   at ASCOM.Com.DriverAccess.DynamicAccess.CheckDotNetExceptions(String memberName, Exception e)
   at ASCOM.Com.DriverAccess.DynamicAccess.TrySetMember(SetMemberBinder binder, Object value)
   at CallSite.Target(Closure, CallSite, Object, Boolean)
   at ASCOM.Com.DriverAccess.ASCOMDevice.set_Connected(Boolean value)
   at NINA.Equipment.Equipment.AscomDevice`1.set_Connected(Boolean value) in C:\Projects\nina\NINA.Equipment\Equipment\AscomDevice.cs:line 144
   at NINA.Equipment.Equipment.AscomDevice`1.<Connect>b__43_0() in C:\Projects\nina\NINA.Equipment\Equipment\AscomDevice.cs:line 239
2025-08-28T13:16:48.7972|INFO|FilterWheelVM.cs|Disconnect|324|Disconnected Filter Wheel
2025-08-28T13:16:48.8121|ERROR|AscomDevice.cs|Connect|246
ASCOM.DriverAccessCOMException (0x00000000): Communication Failure
 ---> System.Runtime.InteropServices.COMException (0x00000000): Communication Failure
   at ASCOM.Com.DriverAccess.DynamicAccess.CheckDotNetExceptions(String memberName, Exception e)
   at ASCOM.Com.DriverAccess.DynamicAccess.TrySetMember(SetMemberBinder binder, Object value)
   at CallSite.Target(Closure, CallSite, Object, Boolean)
   at ASCOM.Com.DriverAccess.ASCOMDevice.set_Connected(Boolean value)
   at NINA.Equipment.Equipment.AscomDevice`1.set_Connected(Boolean value) in C:\Projects\nina\NINA.Equipment\Equipment\AscomDevice.cs:line 144
   at NINA.Equipment.Equipment.AscomDevice`1.<Connect>b__43_0() in C:\Projects\nina\NINA.Equipment\Equipment\AscomDevice.cs:line 239
2025-08-28T13:16:48.8614|INFO|AscomDevice.cs|Disconnect|299|Disconnecting from ASCOM.iOptron2017.Telescope iOptron CEM120,70,40,26, GEM, HEM, HAE, HAZ series and SkyHunter Mount
2025-08-28T13:16:48.9042|INFO|TelescopeVM.cs|Disconnect|763|Disconnected mount
2025-08-28T13:16:48.9236|INFO|AscomTelescope.cs|CheckMountTime|817|Mount UTC Time: 2025-08-28 18:16:49Z / System UTC Time: 2025-08-28 18:16:48Z; Difference: 0.431 seconds
2025-08-28T13:16:48.9567|INFO|AscomTelescope.cs|CheckMountTime|824|System time has been synced to the mount
2025-08-28T13:16:49.0291|INFO|TelescopeVM.cs|ChooseTelescope|518|Successfully connected mount. Id: ASCOM.iOptron2017.Telescope Name: iOptron CEM120,70,40,26, GEM, HEM, HAE, HAZ series and SkyHunter Mount DisplayName: iOptron CEM120,70,40,26, GEM, HEM, HAE, HAZ series and SkyHunter Mount Driver Version: 9.15
2025-08-28T13:16:49.2309|INFO|AscomDevice.cs|Disconnect|299|Disconnecting from ASCOM.EAF.Focuser ZWO Focuser (1)
2025-08-28T13:16:49.2575|INFO|FocuserVM.cs|Disconnect|426|Disconnected Focuser
2025-08-28T13:16:49.4766|ERROR|AscomDevice.cs|GetProperty|398|An unexpected exception occurred during GET of Focuser.StepSize: 
ASCOM.DriverException: The method or operation is not implemented.
 ---> System.NotImplementedException: The method or operation is not implemented.
   --- End of inner exception stack trace ---
   at ASCOM.Com.DriverAccess.DynamicAccess.CheckDotNetExceptions(String memberName, Exception e)
   at ASCOM.Com.DriverAccess.DynamicAccess.TryGetMember(GetMemberBinder binder, Object& result)
   at CallSite.Target(Closure, CallSite, Object)
   at ASCOM.Com.DriverAccess.Focuser.get_StepSize()
   at InvokeStub_Focuser.get_StepSize(Object, Object, IntPtr*)
   at System.Reflection.MethodBaseInvoker.InvokeWithNoArgs(Object obj, BindingFlags invokeAttr)
2025-08-28T13:16:49.6774|INFO|AscomDevice.cs|GetProperty|356|Retrying to GET Focuser.StepSize - Attempt 2 / 3
2025-08-28T13:16:49.6786|ERROR|AscomDevice.cs|GetProperty|398|An unexpected exception occurred during GET of Focuser.StepSize: 
ASCOM.DriverException: The method or operation is not implemented.
 ---> System.NotImplementedException: The method or operation is not implemented.
   --- End of inner exception stack trace ---
   at ASCOM.Com.DriverAccess.DynamicAccess.CheckDotNetExceptions(String memberName, Exception e)
   at ASCOM.Com.DriverAccess.DynamicAccess.TryGetMember(GetMemberBinder binder, Object& result)
   at CallSite.Target(Closure, CallSite, Object)
   at ASCOM.Com.DriverAccess.Focuser.get_StepSize()
   at InvokeStub_Focuser.get_StepSize(Object, Object, IntPtr*)
   at System.Reflection.MethodBaseInvoker.InvokeWithNoArgs(Object obj, BindingFlags invokeAttr)
2025-08-28T13:16:49.8796|INFO|AscomDevice.cs|GetProperty|356|Retrying to GET Focuser.StepSize - Attempt 3 / 3
2025-08-28T13:16:49.8807|ERROR|AscomDevice.cs|GetProperty|398|An unexpected exception occurred during GET of Focuser.StepSize: 
ASCOM.DriverException: The method or operation is not implemented.
 ---> System.NotImplementedException: The method or operation is not implemented.
   --- End of inner exception stack trace ---
   at ASCOM.Com.DriverAccess.DynamicAccess.CheckDotNetExceptions(String memberName, Exception e)
   at ASCOM.Com.DriverAccess.DynamicAccess.TryGetMember(GetMemberBinder binder, Object& result)
   at CallSite.Target(Closure, CallSite, Object)
   at ASCOM.Com.DriverAccess.Focuser.get_StepSize()
   at InvokeStub_Focuser.get_StepSize(Object, Object, IntPtr*)
   at System.Reflection.MethodBaseInvoker.InvokeWithNoArgs(Object obj, BindingFlags invokeAttr)
2025-08-28T13:16:49.8811|INFO|AscomDevice.cs|GetProperty|408|GET Focuser.StepSize failed - Returning last known value 0
2025-08-28T13:16:50.0852|INFO|FocuserVM.cs|ChooseFocuser|324|Successfully connected Focuser. Id: ASCOM.EAF.Focuser Name: ZWO Focuser (1) DisplayName: ZWO Focuser (1) Driver Version: 6.0
2025-08-28T13:16:50.0939|INFO|RotatorVM.cs|Disconnect|438|Disconnected Rotator
2025-08-28T13:16:50.2054|INFO|PHD2Guider.cs|Connect|202|Connecting to PHD2 server at 127.0.0.1:4400
2025-08-28T13:16:50.2189|ERROR|PHD2Guider.cs|ProfileSelectionChanged|255|No profile selected
2025-08-28T13:16:50.2246|WARNING|PHD2Guider.cs|CheckPhdError|386|PHDError: cannot connect equipment when Connect Equipment dialog is open CODE: 1
2025-08-28T13:16:50.2432|INFO|FlatDeviceVM.cs|Disconnect|279|Disconnected Flat Device
2025-08-28T13:16:50.2508|INFO|WeatherDataVM.cs|Disconnect|292|Disconnected Weather Device
2025-08-28T13:16:51.8871|INFO|AscomDevice.cs|GetProperty|379|Property ObservingConditions.SkyQuality GET is not implemented in this driver (SkyAlert Observing Conditions)
2025-08-28T13:16:51.8947|INFO|AscomDevice.cs|GetProperty|379|Property ObservingConditions.StarFWHM GET is not implemented in this driver (SkyAlert Observing Conditions)
2025-08-28T13:16:51.9090|INFO|WeatherDataVM.cs|ChooseWeatherData|143|Successfully connected Weather Device. Id: ASCOM.SkyAlert.ObservingConditions Name: SkyAlert Observing Conditions DisplayName: SkyAlert Observing Conditions Driver Version: 1.7
2025-08-28T13:16:51.9205|INFO|SwitchVM.cs|Disconnect|298|Disconnected Switch
2025-08-28T13:16:51.9276|INFO|DomeVM.cs|Disconnect|336|Disconnected Dome Device
2025-08-28T13:16:51.9338|INFO|SafetyMonitorVM.cs|Disconnect|208|Disconnected Safety Monitor
2025-08-28T13:16:52.9371|INFO|SafetyMonitorVM.cs|Connect|168|Successfully connected Safety Monitor. Id: ASCOM.Hub.SafetyMonitor Name: SafetyMonitor Hub DisplayName: SafetyMonitor Hub Driver Version: 6.4
2025-08-28T13:16:54.9541|INFO|SafetyMonitorVM.cs|UpdateMonitorValues|94|SafetyMonitorInfo state changed to Unsafe
2025-08-28T13:16:55.7140|INFO|ApplicationVM.cs|Closing|288|Application shutting down
2025-08-28T13:16:55.7338|INFO|DomeVM.cs|Disconnect|336|Disconnected Dome Device
2025-08-28T13:16:55.7363|INFO|FlatDeviceVM.cs|Disconnect|279|Disconnected Flat Device
2025-08-28T13:16:55.7451|INFO|CameraVM.cs|Disconnect|645|Disconnected Camera
2025-08-28T13:16:55.7731|INFO|AscomDevice.cs|Disconnect|299|Disconnecting from ASCOM.iOptron2017.Telescope iOptron CEM120,70,40,26, GEM, HEM, HAE, HAZ series and SkyHunter Mount
2025-08-28T13:16:55.7902|INFO|TelescopeVM.cs|Disconnect|763|Disconnected mount
2025-08-28T13:16:55.7908|INFO|FilterWheelVM.cs|Disconnect|324|Disconnected Filter Wheel
2025-08-28T13:16:55.7925|INFO|AscomDevice.cs|Disconnect|299|Disconnecting from ASCOM.EAF.Focuser ZWO Focuser (1)
2025-08-28T13:16:55.8093|INFO|FocuserVM.cs|Disconnect|426|Disconnected Focuser
2025-08-28T13:16:55.8122|INFO|RotatorVM.cs|Disconnect|438|Disconnected Rotator
2025-08-28T13:16:55.8145|INFO|SwitchVM.cs|Disconnect|298|Disconnected Switch
2025-08-28T13:16:55.8162|INFO|AscomDevice.cs|Disconnect|299|Disconnecting from ASCOM.SkyAlert.ObservingConditions SkyAlert Observing Conditions
2025-08-28T13:16:55.8272|INFO|WeatherDataVM.cs|Disconnect|292|Disconnected Weather Device
2025-08-28T13:16:55.8288|INFO|AscomDevice.cs|Disconnect|299|Disconnecting from ASCOM.Hub.SafetyMonitor SafetyMonitor Hub
2025-08-28T13:16:55.8416|INFO|SafetyMonitorVM.cs|Disconnect|208|Disconnected Safety Monitor
