----------------------------------------------------------------------
--------------N.I.N.A. - Nighttime Imaging 'N' Astronomy--------------
--------------------------Version 3.1.2.9001--------------------------
-------------------------2025-08-10T11:43:46--------------------------
----------------------------------------------------------------------
---------------------Microsoft Windows 10.0.19045---------------------
-------------------------OS Architecture X64--------------------------
-----------------------Process Architecture X64-----------------------
------------------------------.NET 8.0.8------------------------------
----------------------------------------------------------------------
--------------------------Processor Count 4---------------------------
--------------------Total Physical Memory 7.84 GB---------------------
----------------------------------------------------------------------
DATE|LEVEL|SOURCE|MEMBER|LINE|MESSAGE
2025-08-10T11:43:45.9774|INFO|CameraChooserVM.cs|GetEquipment|69|Found 2 ASI Cameras
2025-08-10T11:43:46.2983|INFO|CameraChooserVM.cs|GetEquipment|84|Found 0 Altair Cameras
2025-08-10T11:43:46.6964|INFO|CameraChooserVM.cs|GetEquipment|96|Found 0 Atik Cameras
2025-08-10T11:43:46.7166|INFO|CameraChooserVM.cs|GetEquipment|110|Found 0 FLI Cameras
2025-08-10T11:43:47.7405|INFO|CameraChooserVM.cs|GetEquipment|130|Found 0 QHYCCD Cameras
2025-08-10T11:43:47.9104|INFO|CameraChooserVM.cs|GetEquipment|158|Found 0 ToupTek Cameras
2025-08-10T11:43:47.9200|INFO|CameraChooserVM.cs|GetEquipment|173|Found 0 Ogma Cameras
2025-08-10T11:43:47.9352|INFO|CameraChooserVM.cs|GetEquipment|188|Found 0 Omegon Cameras
2025-08-10T11:43:48.1250|INFO|CameraChooserVM.cs|GetEquipment|203|Found 0 RisingCam Cameras
2025-08-10T11:43:48.1481|INFO|CameraChooserVM.cs|GetEquipment|218|Found 0 MallinCam Cameras
2025-08-10T11:43:48.1625|INFO|CameraChooserVM.cs|GetEquipment|244|Found 0 SBIG Cameras
2025-08-10T11:43:50.7859|INFO|ApplicationVM.cs|CheckASCOMPlatformVersion|81|ASCOM Platform 6.6.2.4195 installed
2025-08-10T11:43:51.2742|INFO|ApplicationVM.cs|CheckDiskInfo|100|Available Space on Drive C:\: 154.88 GB
2025-08-10T11:43:51.2809|INFO|ApplicationVM.cs|CheckDiskInfo|102|Drive E:\ is not ready
2025-08-10T11:43:51.3412|INFO|ApplicationVM.cs|CheckDiskInfo|100|Available Space on Drive G:\: 59.56 GB
2025-08-10T11:43:51.3503|INFO|ApplicationVM.cs|CheckDiskInfo|100|Available Space on Drive Z:\: 37.46 GB
2025-08-10T11:43:51.5922|INFO|PluginLoader.cs|LoadPlugin|416|Successfully loaded plugin Autofocus Report Analysis version 2.0.0.9 by Stefan Berg @isbeorn
2025-08-10T11:43:51.6401|INFO|PluginLoader.cs|LoadPlugin|416|Successfully loaded plugin Connector version 2.0.3.0 by Stefan Berg
2025-08-10T11:43:51.6929|INFO|PluginLoader.cs|LoadPlugin|416|Successfully loaded plugin Device Actions and Commands version 2.0.0.0 by Dale Ghent
2025-08-10T11:43:51.7322|INFO|PluginLoader.cs|LoadPlugin|416|Successfully loaded plugin Discord Alert version 2.2.0.0 by Drew McDermott
2025-08-10T11:43:51.7951|INFO|PluginLoader.cs|LoadPlugin|416|Successfully loaded plugin Discord Notification version 1.0.0.1 by Daniel Ludwig
2025-08-10T11:43:51.8297|INFO|PluginLoader.cs|LoadPlugin|416|Successfully loaded plugin Filter Offset Calculator version 2.0.0.0 by S. Dimant & Stefan Berg
2025-08-10T11:43:51.8572|INFO|PluginLoader.cs|LoadPlugin|416|Successfully loaded plugin Flexure Correction version 0.8.0.0 by Francesco Meschia
2025-08-10T11:43:52.0108|INFO|PluginLoader.cs|LoadPlugin|416|Successfully loaded plugin Ground Station version 2.4.1.0 by Dale Ghent
2025-08-10T11:43:52.2791|INFO|PluginLoader.cs|LoadPlugin|416|Successfully loaded plugin Hocus Focus version 3.0.0.21 by George Hilios (jokogeo)
2025-08-10T11:43:52.3102|INFO|PluginLoader.cs|LoadPlugin|416|Successfully loaded plugin Horizon Creator version 1.1.2.0 by Christian Palm
2025-08-10T11:43:52.3336|INFO|PluginLoader.cs|LoadPlugin|416|Successfully loaded plugin Moon Angle version 2.2.0.0 by Dale Ghent
2025-08-10T11:43:52.4331|INFO|PluginLoader.cs|LoadPlugin|416|Successfully loaded plugin PixInsight Tools version 1.0.0.3 by Stefan Berg
2025-08-10T11:43:52.5443|WARNING|When.cs|GetRunningItem|143|Can't get running items: SequencerNavigation not initialized yet!
2025-08-10T11:43:52.8634|INFO|PluginLoader.cs|LoadPlugin|416|Successfully loaded plugin Sequencer Powerups version 3.28.3.4 by Marc Blank
2025-08-10T11:43:52.8876|INFO|PluginLoader.cs|LoadPlugin|416|Successfully loaded plugin Shutdown PC version 2.2.0.0 by Dale Ghent
2025-08-10T11:43:52.9398|INFO|PluginLoader.cs|LoadPlugin|416|Successfully loaded plugin Smart Filters version 1.0.0.3 by Benoit SAINTOT
2025-08-10T11:43:53.0017|INFO|PluginLoader.cs|LoadPlugin|416|Successfully loaded plugin Target Planning version 3.2.1.0 by Tom Palmer @tcpalmer
2025-08-10T11:43:53.2834|ERROR|DllLoader.cs|LoadDllFromAbsolutePath|53|DllLoader failed to load library C:\Program Files\N.I.N.A. - Nighttime Imaging 'N' Astronomy\External\x64\SQLite\SQLite.Interop.dll due to error code 126
2025-08-10T11:43:54.0904|INFO|PluginLoader.cs|LoadPlugin|416|Successfully loaded plugin Target Scheduler version 5.7.3.0 by Tom Palmer @tcpalmer
2025-08-10T11:43:54.1885|INFO|PluginLoader.cs|LoadPlugin|416|Successfully loaded plugin Three Point Polar Alignment version 2.2.4.0 by Stefan Berg @isbeorn
2025-08-10T11:43:54.2039|INFO|PluginFetcher.cs|RequestAll|43|Fetching plugin manifests from https://nighttime-imaging.eu/wp-json/nina/v1/plugins/manifests
2025-08-10T11:43:54.2414|INFO|CameraChooserVM.cs|GetEquipment|264|Found 0 SVBony Cameras
2025-08-10T11:43:54.2454|INFO|CameraChooserVM.cs|GetEquipment|264|Found 0 PlayerOne Cameras
2025-08-10T11:43:54.2571|INFO|CameraChooserVM.cs|GetEquipment|264|Found 0 ASTPAN Cameras
2025-08-10T11:43:54.2596|INFO|CameraChooserVM.cs|GetEquipment|278|Found 4 ASCOM Cameras
2025-08-10T11:43:56.2636|INFO|DomeChooserVM.cs|GetEquipment|67|Found 0 Alpaca Domes
2025-08-10T11:43:56.2636|INFO|FilterWheelChooserVM.cs|GetEquipment|193|Found 0 Alpaca Filter Wheels
2025-08-10T11:43:56.2685|INFO|FocuserChooserVM.cs|GetEquipment|67|Found 0 Alpaca Focusers
2025-08-10T11:43:56.2705|INFO|CameraChooserVM.cs|GetEquipment|290|Found 0 Alpaca Cameras
2025-08-10T11:43:56.2727|INFO|TelescopeChooserVM.cs|GetEquipment|69|Found 0 Alpaca Telescopes
2025-08-10T11:43:56.2757|INFO|CameraChooserVM.cs|GetEquipment|303|Found 0 Canon Cameras
2025-08-10T11:43:56.2768|INFO|RotatorChooserVM.cs|GetEquipment|68|Found 0 Alpaca Rotators
2025-08-10T11:43:56.2772|INFO|WeatherDataChooserVM.cs|GetEquipment|69|Found 0 Alpaca Observing Conditions
2025-08-10T11:43:56.2797|INFO|SafetyMonitorChooserVM.cs|GetEquipment|71|Found 0 Alpaca Safety Monitors
2025-08-10T11:43:56.3493|INFO|FlatDeviceChooserVM.cs|GetEquipment|67|Found 0 Alpaca Cover Calibrators
2025-08-10T11:43:56.3652|INFO|SwitchChooserVM.cs|GetEquipment|71|Found 0 Alpaca Switch Hubs
2025-08-10T11:43:56.4496|INFO|PluginFetcher.cs|RequestAll|57|Found 55 valid plugins at https://nighttime-imaging.eu/wp-json/nina/v1/plugins/manifests
2025-08-10T11:43:58.3599|INFO|CameraVM.cs|Disconnect|645|Disconnected Camera
2025-08-10T11:43:58.9066|WARNING|ASICamera.cs|SetControlValue|583|Failed to set ASI Control Value ASI_WB_B with value 50
2025-08-10T11:43:58.9070|WARNING|ASICamera.cs|SetControlValue|583|Failed to set ASI Control Value ASI_WB_R with value 50
2025-08-10T11:43:58.9072|WARNING|ASICamera.cs|SetControlValue|583|Failed to set ASI Control Value ASI_GAMMA with value 50
2025-08-10T11:43:58.9073|WARNING|ASICamera.cs|SetControlValue|583|Failed to set ASI Control Value ASI_HIGH_SPEED_MODE with value 0
2025-08-10T11:43:58.9075|WARNING|ASICamera.cs|SetControlValue|583|Failed to set ASI Control Value ASI_OVERCLOCK with value 0
2025-08-10T11:43:58.9077|WARNING|ASICamera.cs|SetControlValue|583|Failed to set ASI Control Value ASI_PATTERN_ADJUST with value 0
2025-08-10T11:43:58.9086|WARNING|ASICamera.cs|SetControlValue|583|Failed to set ASI Control Value ASI_MONO_BIN with value 0
2025-08-10T11:43:58.9100|INFO|ASICamera.cs|Initialize|677|Camera ID: ASI533MM
2025-08-10T11:43:58.9224|WARNING|ASICamera.cs|SetControlValue|583|Failed to set ASI Control Value ASI_ANTI_DEW_HEATER with value 0
2025-08-10T11:43:59.0458|INFO|CameraVM.cs|ChooseCamera|448|Successfully connected Camera. Id: ZWO ASI533MM Pro #0 Name: ZWO ASI533MM Pro DisplayName: ZWO ASI533MM Pro (ASI533MM)Driver Version: 1, 36, 0, 0
2025-08-10T11:43:59.0530|INFO|FilterWheelVM.cs|Disconnect|324|Disconnected Filter Wheel
2025-08-10T11:44:00.6348|INFO|FilterWheelVM.cs|ChooseFW|272|Successfully connected Filter Wheel. Id: ASCOM.EFW2.FilterWheel Name: ZWO FilterWheel (1) DisplayName: ZWO FilterWheel (1) Driver Version: 6.0
2025-08-10T11:44:00.6522|INFO|TelescopeVM.cs|Disconnect|763|Disconnected mount
2025-08-10T11:44:00.8777|INFO|AscomTelescope.cs|CheckMountTime|817|Mount UTC Time: 2025-08-10 16:44:00Z / System UTC Time: 2025-08-10 16:44:00Z; Difference: 0.75 seconds
2025-08-10T11:44:00.9665|INFO|AscomTelescope.cs|CheckMountTime|824|System time has been synced to the mount
2025-08-10T11:44:01.1907|INFO|TelescopeVM.cs|ChooseTelescope|518|Successfully connected mount. Id: ASCOM.iOptron2017.Telescope Name: iOptron CEM120,70,40,26, GEM, HEM, HAE, HAZ series and SkyHunter Mount DisplayName: iOptron CEM120,70,40,26, GEM, HEM, HAE, HAZ series and SkyHunter Mount Driver Version: 9.15
2025-08-10T11:44:01.1959|INFO|FocuserVM.cs|Disconnect|426|Disconnected Focuser
2025-08-10T11:44:02.2951|ERROR|AscomDevice.cs|GetProperty|398|An unexpected exception occurred during GET of Focuser.StepSize: 
ASCOM.DriverException: The method or operation is not implemented.
 ---> System.NotImplementedException: The method or operation is not implemented.
   --- End of inner exception stack trace ---
   at ASCOM.Com.DriverAccess.DynamicAccess.CheckDotNetExceptions(String memberName, Exception e)
   at ASCOM.Com.DriverAccess.DynamicAccess.TryGetMember(GetMemberBinder binder, Object& result)
   at CallSite.Target(Closure, CallSite, Object)
   at System.Dynamic.UpdateDelegates.UpdateAndExecute1[T0,TRet](CallSite site, T0 arg0)
   at ASCOM.Com.DriverAccess.Focuser.get_StepSize()
   at System.RuntimeMethodHandle.InvokeMethod(Object target, Void** arguments, Signature sig, Boolean isConstructor)
   at System.Reflection.MethodBaseInvoker.InvokeWithNoArgs(Object obj, BindingFlags invokeAttr)
2025-08-10T11:44:02.4983|INFO|AscomDevice.cs|GetProperty|356|Retrying to GET Focuser.StepSize - Attempt 2 / 3
2025-08-10T11:44:02.5003|ERROR|AscomDevice.cs|GetProperty|398|An unexpected exception occurred during GET of Focuser.StepSize: 
ASCOM.DriverException: The method or operation is not implemented.
 ---> System.NotImplementedException: The method or operation is not implemented.
   --- End of inner exception stack trace ---
   at ASCOM.Com.DriverAccess.DynamicAccess.CheckDotNetExceptions(String memberName, Exception e)
   at ASCOM.Com.DriverAccess.DynamicAccess.TryGetMember(GetMemberBinder binder, Object& result)
   at CallSite.Target(Closure, CallSite, Object)
   at ASCOM.Com.DriverAccess.Focuser.get_StepSize()
   at InvokeStub_Focuser.get_StepSize(Object, Object, IntPtr*)
   at System.Reflection.MethodBaseInvoker.InvokeWithNoArgs(Object obj, BindingFlags invokeAttr)
2025-08-10T11:44:02.7018|INFO|AscomDevice.cs|GetProperty|356|Retrying to GET Focuser.StepSize - Attempt 3 / 3
2025-08-10T11:44:02.7031|ERROR|AscomDevice.cs|GetProperty|398|An unexpected exception occurred during GET of Focuser.StepSize: 
ASCOM.DriverException: The method or operation is not implemented.
 ---> System.NotImplementedException: The method or operation is not implemented.
   --- End of inner exception stack trace ---
   at ASCOM.Com.DriverAccess.DynamicAccess.CheckDotNetExceptions(String memberName, Exception e)
   at ASCOM.Com.DriverAccess.DynamicAccess.TryGetMember(GetMemberBinder binder, Object& result)
   at CallSite.Target(Closure, CallSite, Object)
   at ASCOM.Com.DriverAccess.Focuser.get_StepSize()
   at InvokeStub_Focuser.get_StepSize(Object, Object, IntPtr*)
   at System.Reflection.MethodBaseInvoker.InvokeWithNoArgs(Object obj, BindingFlags invokeAttr)
2025-08-10T11:44:02.7035|INFO|AscomDevice.cs|GetProperty|408|GET Focuser.StepSize failed - Returning last known value 0
2025-08-10T11:44:02.9241|INFO|FocuserVM.cs|ChooseFocuser|324|Successfully connected Focuser. Id: ASCOM.EAF_2.Focuser Name: ZWO Focuser (2) DisplayName: ZWO Focuser (2) Driver Version: 6.0
2025-08-10T11:44:02.9320|INFO|RotatorVM.cs|Disconnect|438|Disconnected Rotator
2025-08-10T11:44:02.9429|INFO|PHD2Guider.cs|Connect|202|Connecting to PHD2 server at 127.0.0.1:4400
2025-08-10T11:44:03.0557|INFO|FlatDeviceVM.cs|Disconnect|279|Disconnected Flat Device
2025-08-10T11:44:03.0625|INFO|WeatherDataVM.cs|Disconnect|292|Disconnected Weather Device
2025-08-10T11:44:03.4354|INFO|AscomDevice.cs|GetProperty|379|Property ObservingConditions.SkyQuality GET is not implemented in this driver (SkyAlert Observing Conditions)
2025-08-10T11:44:03.4443|INFO|AscomDevice.cs|GetProperty|379|Property ObservingConditions.StarFWHM GET is not implemented in this driver (SkyAlert Observing Conditions)
2025-08-10T11:44:03.4890|INFO|WeatherDataVM.cs|ChooseWeatherData|143|Successfully connected Weather Device. Id: ASCOM.SkyAlert.ObservingConditions Name: SkyAlert Observing Conditions DisplayName: SkyAlert Observing Conditions Driver Version: 1.7
2025-08-10T11:44:03.5018|INFO|SwitchVM.cs|Disconnect|298|Disconnected Switch
2025-08-10T11:44:03.5094|INFO|DomeVM.cs|Disconnect|336|Disconnected Dome Device
2025-08-10T11:44:03.5151|INFO|SafetyMonitorVM.cs|Disconnect|208|Disconnected Safety Monitor
2025-08-10T11:44:03.7202|INFO|SafetyMonitorVM.cs|Connect|168|Successfully connected Safety Monitor. Id: ASCOM.Hub.SafetyMonitor Name: SafetyMonitor Hub DisplayName: SafetyMonitor Hub Driver Version: 6.4
2025-08-10T11:44:05.7275|INFO|SafetyMonitorVM.cs|UpdateMonitorValues|94|SafetyMonitorInfo state changed to Unsafe
2025-08-10T11:44:23.7939|INFO|DomeVM.cs|Disconnect|336|Disconnected Dome Device
2025-08-10T11:44:23.7980|INFO|FlatDeviceVM.cs|Disconnect|279|Disconnected Flat Device
2025-08-10T11:44:23.8792|INFO|CameraVM.cs|Disconnect|645|Disconnected Camera
2025-08-10T11:44:23.8820|INFO|AscomDevice.cs|Disconnect|299|Disconnecting from ASCOM.iOptron2017.Telescope iOptron CEM120,70,40,26, GEM, HEM, HAE, HAZ series and SkyHunter Mount
2025-08-10T11:44:23.9236|INFO|TelescopeVM.cs|Disconnect|763|Disconnected mount
2025-08-10T11:44:23.9240|INFO|AscomDevice.cs|Disconnect|299|Disconnecting from ASCOM.EFW2.FilterWheel ZWO FilterWheel (1)
2025-08-10T11:44:23.9346|INFO|FilterWheelVM.cs|Disconnect|324|Disconnected Filter Wheel
2025-08-10T11:44:23.9366|INFO|AscomDevice.cs|Disconnect|299|Disconnecting from ASCOM.EAF_2.Focuser ZWO Focuser (2)
2025-08-10T11:44:24.3545|INFO|FocuserVM.cs|Disconnect|426|Disconnected Focuser
2025-08-10T11:44:24.3569|INFO|RotatorVM.cs|Disconnect|438|Disconnected Rotator
2025-08-10T11:44:24.3589|INFO|SwitchVM.cs|Disconnect|298|Disconnected Switch
2025-08-10T11:44:24.3736|INFO|AscomDevice.cs|Disconnect|299|Disconnecting from ASCOM.SkyAlert.ObservingConditions SkyAlert Observing Conditions
2025-08-10T11:44:24.3849|INFO|WeatherDataVM.cs|Disconnect|292|Disconnected Weather Device
2025-08-10T11:44:24.3864|INFO|AscomDevice.cs|Disconnect|299|Disconnecting from ASCOM.Hub.SafetyMonitor SafetyMonitor Hub
2025-08-10T11:44:24.3986|INFO|SafetyMonitorVM.cs|Disconnect|208|Disconnected Safety Monitor
2025-08-10T11:44:26.7243|INFO|ApplicationVM.cs|Closing|288|Application shutting down
2025-08-10T11:44:26.7359|INFO|DomeVM.cs|Disconnect|336|Disconnected Dome Device
2025-08-10T11:44:26.7381|INFO|FlatDeviceVM.cs|Disconnect|279|Disconnected Flat Device
2025-08-10T11:44:26.7472|INFO|CameraVM.cs|Disconnect|645|Disconnected Camera
2025-08-10T11:44:26.7478|INFO|TelescopeVM.cs|Disconnect|763|Disconnected mount
2025-08-10T11:44:26.7489|INFO|FilterWheelVM.cs|Disconnect|324|Disconnected Filter Wheel
2025-08-10T11:44:26.7493|INFO|FocuserVM.cs|Disconnect|426|Disconnected Focuser
2025-08-10T11:44:26.7513|INFO|RotatorVM.cs|Disconnect|438|Disconnected Rotator
2025-08-10T11:44:26.7524|INFO|SwitchVM.cs|Disconnect|298|Disconnected Switch
2025-08-10T11:44:26.7556|INFO|WeatherDataVM.cs|Disconnect|292|Disconnected Weather Device
2025-08-10T11:44:26.7568|INFO|SafetyMonitorVM.cs|Disconnect|208|Disconnected Safety Monitor
