----------------------------------------------------------------------
--------------N.I.N.A. - Nighttime Imaging 'N' Astronomy--------------
--------------------------Version 3.2.0.3013--------------------------
-------------------------2025-10-24T12:27:11--------------------------
----------------------------------------------------------------------
---------------------Microsoft Windows 10.0.19045---------------------
-------------------------OS Architecture X64--------------------------
-----------------------Process Architecture X64-----------------------
-----------------------------.NET 8.0.21------------------------------
----------------------------------------------------------------------
--------------------------Processor Count 4---------------------------
--------------------Total Physical Memory 7.84 GB---------------------
----------------------------------------------------------------------
DATE|LEVEL|SOURCE|MEMBER|LINE|MESSAGE
2025-10-24T12:27:11.0933|INFO|CameraChooserVM.cs|GetEquipment|69|Found 2 ASI Cameras
2025-10-24T12:27:11.9357|INFO|CameraChooserVM.cs|GetEquipment|84|Found 0 Altair Cameras
2025-10-24T12:27:12.2919|INFO|CameraChooserVM.cs|GetEquipment|96|Found 0 Atik Cameras
2025-10-24T12:27:12.2931|INFO|CameraChooserVM.cs|GetEquipment|110|Found 0 FLI Cameras
2025-10-24T12:27:13.5697|INFO|CameraChooserVM.cs|GetEquipment|130|Found 0 QHYCCD Cameras
2025-10-24T12:27:14.1652|INFO|CameraChooserVM.cs|GetEquipment|158|Found 0 ToupTek Cameras
2025-10-24T12:27:14.3841|INFO|CameraChooserVM.cs|GetEquipment|173|Found 0 Ogma Cameras
2025-10-24T12:27:14.5601|INFO|CameraChooserVM.cs|GetEquipment|188|Found 0 Omegon Cameras
2025-10-24T12:27:15.0390|INFO|CameraChooserVM.cs|GetEquipment|203|Found 0 RisingCam Cameras
2025-10-24T12:27:15.1893|INFO|CameraChooserVM.cs|GetEquipment|218|Found 0 MallinCam Cameras
2025-10-24T12:27:15.3304|INFO|CameraChooserVM.cs|GetEquipment|243|Found 0 SVBony Cameras
2025-10-24T12:27:15.3338|INFO|CameraChooserVM.cs|GetEquipment|259|Found 0 SBIG Cameras
2025-10-24T12:27:16.6293|INFO|PluginLoader.cs|LoadPlugin|402|Successfully loaded plugin Autofocus Report Analysis version 2.0.0.9 by Stefan Berg @isbeorn
2025-10-24T12:27:16.8914|INFO|PluginLoader.cs|LoadPlugin|402|Successfully loaded plugin Connector version 2.1.0.2 by Stefan Berg @isbeorn
2025-10-24T12:27:17.0704|INFO|PluginLoader.cs|LoadPlugin|402|Successfully loaded plugin Device Actions and Commands version 2.2.0.0 by Dale Ghent
2025-10-24T12:27:17.7027|INFO|PluginLoader.cs|LoadPlugin|402|Successfully loaded plugin Discord Alert version 2.2.0.0 by Drew McDermott
2025-10-24T12:27:19.2749|INFO|PluginLoader.cs|LoadPlugin|402|Successfully loaded plugin Discord Notification version 2.0.0.8 by Daniel Ludwig
2025-10-24T12:27:19.4491|INFO|PluginLoader.cs|LoadPlugin|402|Successfully loaded plugin Filter Offset Calculator version 2.0.0.0 by S. Dimant & Stefan Berg
2025-10-24T12:27:19.7172|INFO|PluginLoader.cs|LoadPlugin|402|Successfully loaded plugin Flexure Correction version 0.8.0.0 by Francesco Meschia
2025-10-24T12:27:21.3541|INFO|PluginLoader.cs|LoadPlugin|402|Successfully loaded plugin Ground Station version 2.4.1.0 by Dale Ghent
2025-10-24T12:27:31.8720|INFO|PluginLoader.cs|LoadPlugin|402|Successfully loaded plugin Hocus Focus version 3.0.0.24 by George Hilios (jokogeo)
2025-10-24T12:27:32.7957|INFO|PluginLoader.cs|LoadPlugin|402|Successfully loaded plugin Horizon Creator version 1.1.2.0 by Christian Palm
2025-10-24T12:27:33.0850|INFO|PluginLoader.cs|LoadPlugin|402|Successfully loaded plugin Lightbucket version 2.2.4.0 by Lightbucket
2025-10-24T12:27:33.3807|INFO|PluginLoader.cs|LoadPlugin|402|Successfully loaded plugin Log Viewer version 1.0.0.2 by Alexander Wrede @astro_alex80
2025-10-24T12:27:33.5717|INFO|PluginLoader.cs|LoadPlugin|402|Successfully loaded plugin Moon Angle version 2.2.0.0 by Dale Ghent
2025-10-24T12:27:33.9588|INFO|PluginLoader.cs|LoadPlugin|402|Successfully loaded plugin Phd2 Tools version 1.0.6.0 by Stefan Berg @isbeorn
2025-10-24T12:27:34.3634|INFO|PluginLoader.cs|LoadPlugin|402|Successfully loaded plugin PixInsight Tools version 1.0.0.3 by Stefan Berg
2025-10-24T12:27:34.6511|INFO|PluginLoader.cs|LoadPlugin|402|Successfully loaded plugin Scope Control version 2.0.2.1 by Stefan Berg @isbeorn
2025-10-24T12:27:36.7938|WARNING|When.cs|GetRunningItem|143|Can't get running items: SequencerNavigation not initialized yet!
2025-10-24T12:27:37.0408|INFO|PluginLoader.cs|LoadPlugin|402|Successfully loaded plugin Sequencer Powerups version 3.28.4.4 by Marc Blank
2025-10-24T12:27:37.8782|INFO|PluginLoader.cs|LoadPlugin|402|Successfully loaded plugin Session Metadata version 2.6.3.0 by Tom Palmer @tcpalmer
2025-10-24T12:27:38.0074|INFO|PluginLoader.cs|LoadPlugin|402|Successfully loaded plugin Shutdown PC version 2.2.0.0 by Dale Ghent
2025-10-24T12:27:38.3729|INFO|PluginLoader.cs|LoadPlugin|402|Successfully loaded plugin SkyFlats version 1.0.0.3 by Gerald Hitz (@photon)
2025-10-24T12:27:38.8932|INFO|PluginLoader.cs|LoadPlugin|402|Successfully loaded plugin Smart Filters version 1.0.0.3 by Benoit SAINTOT
2025-10-24T12:27:39.4787|INFO|PluginLoader.cs|LoadPlugin|402|Successfully loaded plugin Target Planning version 3.2.1.0 by Tom Palmer @tcpalmer
2025-10-24T12:27:41.1440|ERROR|DllLoader.cs|LoadDllFromAbsolutePath|53|DllLoader failed to load library C:\Program Files\N.I.N.A. - Nighttime Imaging 'N' Astronomy\External\x64\SQLite\SQLite.Interop.dll due to error code 126
2025-10-24T12:27:41.8190|WARNING|When.cs|GetRunningItem|143|Can't get running items: SequencerNavigation not initialized yet!
2025-10-24T12:27:42.1017|INFO|PluginLoader.cs|LoadPlugin|402|Successfully loaded plugin Target Scheduler version 5.7.3.0 by Tom Palmer @tcpalmer
2025-10-24T12:27:42.5827|INFO|PluginLoader.cs|LoadPlugin|402|Successfully loaded plugin Three Point Polar Alignment version 2.2.4.2 by Stefan Berg @isbeorn
2025-10-24T12:27:42.5993|INFO|PluginFetcher.cs|RequestAll|43|Fetching plugin manifests from https://nighttime-imaging.eu/wp-json/nina/v1/plugins/manifests
2025-10-24T12:27:44.6966|INFO|CameraChooserVM.cs|GetEquipment|279|Found 0 SVBony Cameras
2025-10-24T12:27:44.8216|INFO|CameraChooserVM.cs|GetEquipment|279|Found 0 PlayerOne Cameras
2025-10-24T12:27:44.9183|INFO|CameraChooserVM.cs|GetEquipment|279|Found 0 ASTPAN Cameras
2025-10-24T12:27:44.9203|INFO|CameraChooserVM.cs|GetEquipment|293|Found 4 ASCOM Cameras
2025-10-24T12:27:45.6879|INFO|WeatherDataChooserVM.cs|GetEquipment|69|Found 0 Alpaca Observing Conditions
2025-10-24T12:27:45.6879|INFO|DomeChooserVM.cs|GetEquipment|67|Found 0 Alpaca Domes
2025-10-24T12:27:45.9121|INFO|TelescopeChooserVM.cs|GetEquipment|69|Found 0 Alpaca Telescopes
2025-10-24T12:27:46.0184|INFO|RotatorChooserVM.cs|GetEquipment|68|Found 0 Alpaca Rotators
2025-10-24T12:27:46.1933|INFO|FilterWheelChooserVM.cs|GetEquipment|193|Found 0 Alpaca Filter Wheels
2025-10-24T12:27:46.2824|INFO|PluginFetcher.cs|RequestAll|57|Found 63 valid plugins at https://nighttime-imaging.eu/wp-json/nina/v1/plugins/manifests
2025-10-24T12:27:46.3362|INFO|FlatDeviceChooserVM.cs|GetEquipment|67|Found 0 Alpaca Cover Calibrators
2025-10-24T12:27:46.3362|INFO|SwitchChooserVM.cs|GetEquipment|71|Found 0 Alpaca Switch Hubs
2025-10-24T12:27:46.5576|INFO|SafetyMonitorChooserVM.cs|GetEquipment|71|Found 0 Alpaca Safety Monitors
2025-10-24T12:27:46.7800|INFO|FocuserChooserVM.cs|GetEquipment|84|Found 0 Alpaca Focusers
2025-10-24T12:27:46.8276|WARNING|When.cs|GetRunningItem|143|Can't get running items: SequencerNavigation not initialized yet!
2025-10-24T12:27:46.9384|INFO|CameraChooserVM.cs|GetEquipment|305|Found 0 Alpaca Cameras
2025-10-24T12:27:46.9435|INFO|CameraChooserVM.cs|GetEquipment|318|Found 0 Canon Cameras
2025-10-24T12:27:48.5913|INFO|ApplicationVM.cs|CheckASCOMPlatformVersion|81|ASCOM Platform 6.6.2.4195 installed
2025-10-24T12:27:48.5959|INFO|ApplicationVM.cs|CheckDiskInfo|100|Available Space on Drive C:\: 142.04 GB
2025-10-24T12:27:48.6023|INFO|ApplicationVM.cs|CheckDiskInfo|102|Drive E:\ is not ready
2025-10-24T12:27:48.6039|INFO|ApplicationVM.cs|CheckDiskInfo|100|Available Space on Drive G:\: 55.94 GB
2025-10-24T12:27:48.6137|INFO|ApplicationVM.cs|CheckDiskInfo|100|Available Space on Drive Z:\: 29.72 GB
2025-10-24T19:42:06.3118|INFO|Sequence2VM.cs|StartSequence|543|Advanced Sequence starting
2025-10-24T19:42:08.5916|INFO|SequenceItem.cs|Run|208|Starting Category: * Instruction Set *, Container: NINA.Sequencer.Container.SequenceRootContainer, Strategy: SequentialStrategy, Items[CREATED]: 3, Triggers: Category: Ground Station, Item: Failures to Telegram
2025-10-24T19:42:08.6022|INFO|SequenceItem.cs|Run|208|Starting Category: * Instruction Set *, Container: NINA.Sequencer.Container.StartAreaContainer, Strategy: SequentialStrategy, Items[CREATED]: 1
2025-10-24T19:42:08.6030|INFO|SequenceItem.cs|Run|208|Starting Category: * Instruction Set *, Container: NINA.Sequencer.Container.SequentialContainer, Strategy: SequentialStrategy, Items[CREATED]: 8
2025-10-24T19:42:08.6037|INFO|SequenceItem.cs|Run|208|Starting Category: Ground Station, Item: Send to Telegram
2025-10-24T19:42:09.4902|INFO|SequenceItem.cs|Run|254|Finishing Category: Ground Station, Item: Send to Telegram
2025-10-24T19:42:09.4945|INFO|SequenceItem.cs|Run|208|Starting Category: Utility, Item: WaitForTime, Time: 19:3:42h, Offset: -45
2025-10-24T19:42:09.4982|INFO|SequenceItem.cs|Run|254|Finishing Category: Utility, Item: WaitForTime, Time: 19:3:42h, Offset: -45
2025-10-24T19:42:09.4987|INFO|SequenceItem.cs|Run|208|Starting Category: Ground Station, Item: Send to Telegram
2025-10-24T19:42:10.1442|INFO|SequenceItem.cs|Run|254|Finishing Category: Ground Station, Item: Send to Telegram
2025-10-24T19:42:10.1454|INFO|SequenceItem.cs|Run|208|Starting Category: Connect, Item: ConnectAllEquipment
2025-10-24T19:42:10.1726|INFO|CameraChooserVM.cs|GetEquipment|69|Found 2 ASI Cameras
2025-10-24T19:42:10.2418|INFO|CameraChooserVM.cs|GetEquipment|84|Found 0 Altair Cameras
2025-10-24T19:42:10.2420|INFO|CameraChooserVM.cs|GetEquipment|96|Found 0 Atik Cameras
2025-10-24T19:42:10.2427|INFO|CameraChooserVM.cs|GetEquipment|110|Found 0 FLI Cameras
2025-10-24T19:42:10.2430|INFO|CameraChooserVM.cs|GetEquipment|130|Found 0 QHYCCD Cameras
2025-10-24T19:42:10.3937|INFO|CameraChooserVM.cs|GetEquipment|158|Found 0 ToupTek Cameras
2025-10-24T19:42:10.3985|INFO|CameraChooserVM.cs|GetEquipment|173|Found 0 Ogma Cameras
2025-10-24T19:42:10.4116|INFO|CameraChooserVM.cs|GetEquipment|188|Found 0 Omegon Cameras
2025-10-24T19:42:10.5643|INFO|CameraChooserVM.cs|GetEquipment|203|Found 0 RisingCam Cameras
2025-10-24T19:42:10.5785|INFO|CameraChooserVM.cs|GetEquipment|218|Found 0 MallinCam Cameras
2025-10-24T19:42:10.5800|INFO|CameraChooserVM.cs|GetEquipment|243|Found 0 SVBony Cameras
2025-10-24T19:42:10.5823|INFO|CameraChooserVM.cs|GetEquipment|259|Found 0 SBIG Cameras
2025-10-24T19:42:10.5828|INFO|CameraChooserVM.cs|GetEquipment|279|Found 0 SVBony Cameras
2025-10-24T19:42:10.5832|INFO|CameraChooserVM.cs|GetEquipment|279|Found 0 PlayerOne Cameras
2025-10-24T19:42:10.5914|INFO|CameraChooserVM.cs|GetEquipment|279|Found 0 ASTPAN Cameras
2025-10-24T19:42:10.5922|INFO|CameraChooserVM.cs|GetEquipment|293|Found 4 ASCOM Cameras
2025-10-24T19:42:12.5926|INFO|CameraChooserVM.cs|GetEquipment|305|Found 0 Alpaca Cameras
2025-10-24T19:42:12.5985|INFO|CameraChooserVM.cs|GetEquipment|318|Found 0 Canon Cameras
2025-10-24T19:42:12.6843|INFO|CameraVM.cs|Disconnect|680|Disconnected Camera
2025-10-24T19:42:13.2555|WARNING|ASICamera.cs|SetControlValue|568|Failed to set ASI Control Value ASI_WB_B with value 50
2025-10-24T19:42:13.2557|WARNING|ASICamera.cs|SetControlValue|568|Failed to set ASI Control Value ASI_WB_R with value 50
2025-10-24T19:42:13.2558|WARNING|ASICamera.cs|SetControlValue|568|Failed to set ASI Control Value ASI_GAMMA with value 50
2025-10-24T19:42:13.2559|WARNING|ASICamera.cs|SetControlValue|568|Failed to set ASI Control Value ASI_HIGH_SPEED_MODE with value 0
2025-10-24T19:42:13.2560|WARNING|ASICamera.cs|SetControlValue|568|Failed to set ASI Control Value ASI_OVERCLOCK with value 0
2025-10-24T19:42:13.2561|WARNING|ASICamera.cs|SetControlValue|568|Failed to set ASI Control Value ASI_PATTERN_ADJUST with value 0
2025-10-24T19:42:13.2576|WARNING|ASICamera.cs|SetControlValue|568|Failed to set ASI Control Value ASI_MONO_BIN with value 0
2025-10-24T19:42:13.2589|INFO|ASICamera.cs|Initialize|664|Camera ID: ASI533MM
2025-10-24T19:42:13.2721|WARNING|ASICamera.cs|SetControlValue|568|Failed to set ASI Control Value ASI_ANTI_DEW_HEATER with value 0
2025-10-24T19:42:13.3347|INFO|CameraVM.cs|ChooseCamera|485|Successfully connected Camera. Id: ZWOptical_ZWO ASI533MM Pro_ASI533MM Name: ZWO ASI533MM Pro DisplayName: ZWO ASI533MM Pro (ASI533MM)Driver Version: 1, 39, 0, 0
2025-10-24T19:42:15.8865|INFO|FilterWheelChooserVM.cs|GetEquipment|193|Found 0 Alpaca Filter Wheels
2025-10-24T19:42:15.9456|INFO|FilterWheelVM.cs|Disconnect|333|Disconnected Filter Wheel
2025-10-24T19:42:19.7075|INFO|FilterWheelVM.cs|ChooseFW|279|Successfully connected Filter Wheel. Id: ASCOM.EFW2.FilterWheel Name: ZWO FilterWheel DisplayName: ZWO FilterWheel (ASCOM) Driver Version: 6.0
2025-10-24T19:42:23.5596|INFO|FocuserChooserVM.cs|GetEquipment|84|Found 0 Alpaca Focusers
2025-10-24T19:42:23.6051|INFO|FocuserVM.cs|Disconnect|441|Disconnected Focuser
2025-10-24T19:42:24.8772|ERROR|AscomDevice.cs|GetProperty|546|An unexpected exception occurred during GET of Focuser.StepSize: 
ASCOM.DriverException: The method or operation is not implemented.
 ---> System.NotImplementedException: The method or operation is not implemented.
   --- End of inner exception stack trace ---
   at ASCOM.Com.DriverAccess.DynamicAccess.CheckDotNetExceptions(String memberName, Exception e) in J:\ASCOMLibrary\ASCOM.Com\ASCOM.Com.DriverAccess\BaseClass\DynamicAccess.cs:line 278
   at ASCOM.Com.DriverAccess.DynamicAccess.TryGetMember(GetMemberBinder binder, Object& result) in J:\ASCOMLibrary\ASCOM.Com\ASCOM.Com.DriverAccess\BaseClass\DynamicAccess.cs:line 150
   at CallSite.Target(Closure, CallSite, Object)
   at System.Dynamic.UpdateDelegates.UpdateAndExecute1[T0,TRet](CallSite site, T0 arg0)
   at ASCOM.Com.DriverAccess.Focuser.get_StepSize() in J:\ASCOMLibrary\ASCOM.Com\ASCOM.Com.DriverAccess\Focuser.cs:line 159
   at System.RuntimeMethodHandle.InvokeMethod(Object target, Void** arguments, Signature sig, Boolean isConstructor)
   at System.Reflection.MethodBaseInvoker.InvokeWithNoArgs(Object obj, BindingFlags invokeAttr)
2025-10-24T19:42:25.0795|INFO|AscomDevice.cs|GetProperty|485|Retrying to GET Focuser.StepSize - Attempt 2 / 3
2025-10-24T19:42:25.0826|ERROR|AscomDevice.cs|GetProperty|546|An unexpected exception occurred during GET of Focuser.StepSize: 
ASCOM.DriverException: The method or operation is not implemented.
 ---> System.NotImplementedException: The method or operation is not implemented.
   --- End of inner exception stack trace ---
   at ASCOM.Com.DriverAccess.DynamicAccess.CheckDotNetExceptions(String memberName, Exception e) in J:\ASCOMLibrary\ASCOM.Com\ASCOM.Com.DriverAccess\BaseClass\DynamicAccess.cs:line 278
   at ASCOM.Com.DriverAccess.DynamicAccess.TryGetMember(GetMemberBinder binder, Object& result) in J:\ASCOMLibrary\ASCOM.Com\ASCOM.Com.DriverAccess\BaseClass\DynamicAccess.cs:line 150
   at CallSite.Target(Closure, CallSite, Object)
   at ASCOM.Com.DriverAccess.Focuser.get_StepSize() in J:\ASCOMLibrary\ASCOM.Com\ASCOM.Com.DriverAccess\Focuser.cs:line 159
   at InvokeStub_Focuser.get_StepSize(Object, Object, IntPtr*)
   at System.Reflection.MethodBaseInvoker.InvokeWithNoArgs(Object obj, BindingFlags invokeAttr)
2025-10-24T19:42:25.2840|INFO|AscomDevice.cs|GetProperty|485|Retrying to GET Focuser.StepSize - Attempt 3 / 3
2025-10-24T19:42:25.2857|ERROR|AscomDevice.cs|GetProperty|546|An unexpected exception occurred during GET of Focuser.StepSize: 
ASCOM.DriverException: The method or operation is not implemented.
 ---> System.NotImplementedException: The method or operation is not implemented.
   --- End of inner exception stack trace ---
   at ASCOM.Com.DriverAccess.DynamicAccess.CheckDotNetExceptions(String memberName, Exception e) in J:\ASCOMLibrary\ASCOM.Com\ASCOM.Com.DriverAccess\BaseClass\DynamicAccess.cs:line 278
   at ASCOM.Com.DriverAccess.DynamicAccess.TryGetMember(GetMemberBinder binder, Object& result) in J:\ASCOMLibrary\ASCOM.Com\ASCOM.Com.DriverAccess\BaseClass\DynamicAccess.cs:line 150
   at CallSite.Target(Closure, CallSite, Object)
   at ASCOM.Com.DriverAccess.Focuser.get_StepSize() in J:\ASCOMLibrary\ASCOM.Com\ASCOM.Com.DriverAccess\Focuser.cs:line 159
   at InvokeStub_Focuser.get_StepSize(Object, Object, IntPtr*)
   at System.Reflection.MethodBaseInvoker.InvokeWithNoArgs(Object obj, BindingFlags invokeAttr)
2025-10-24T19:42:25.2864|INFO|AscomDevice.cs|GetProperty|556|GET Focuser.StepSize failed - Returning last known value 0
2025-10-24T19:42:25.5215|INFO|FocuserVM.cs|ChooseFocuser|333|Successfully connected Focuser. Id: ASCOM.EAF.Focuser Name: ZWO Focuser DisplayName: ZWO Focuser (ASCOM) Driver Version: 6.0
2025-10-24T19:42:27.5267|INFO|TelescopeChooserVM.cs|GetEquipment|69|Found 0 Alpaca Telescopes
2025-10-24T19:42:27.5988|INFO|TelescopeVM.cs|Disconnect|741|Disconnected mount
2025-10-24T19:42:30.1929|INFO|AscomTelescope.cs|CheckMountTime|845|Mount UTC Time: 2025-10-25 00:42:27Z / System UTC Time: 2025-10-25 00:42:30Z; Difference: 2.444 seconds
2025-10-24T19:42:30.2524|INFO|AscomTelescope.cs|CheckMountTime|852|System time has been synced to the mount
2025-10-24T19:42:30.5145|INFO|TelescopeVM.cs|ChooseTelescope|536|Successfully connected mount. Id: ASCOM.iOptron2017.Telescope Name: iOptron CEM120,70,40,26, GEM, HEM, HAE, HAZ series and SkyHunter Mount DisplayName: iOptron CEM120,70,40,26, GEM, HEM, HAE, HAZ series and SkyHunter Mount (ASCOM) Driver Version: 9.15
2025-10-24T19:42:30.5272|INFO|PHD2Guider.cs|Connect|205|Connecting to PHD2 server at 127.0.0.1:4400
2025-10-24T19:42:38.9452|INFO|WeatherDataChooserVM.cs|GetEquipment|69|Found 0 Alpaca Observing Conditions
2025-10-24T19:42:38.9971|INFO|WeatherDataVM.cs|Disconnect|305|Disconnected Weather Device
2025-10-24T19:42:40.5656|INFO|AscomDevice.cs|GetProperty|527|Property ObservingConditions.SkyQuality GET is not implemented in this driver (SkyAlert Observing Conditions)
2025-10-24T19:42:40.5738|INFO|AscomDevice.cs|GetProperty|527|Property ObservingConditions.StarFWHM GET is not implemented in this driver (SkyAlert Observing Conditions)
2025-10-24T19:42:40.5899|INFO|WeatherDataVM.cs|ChooseWeatherData|150|Successfully connected Weather Device. Id: ASCOM.SkyAlert.ObservingConditions Name: SkyAlert Observing Conditions DisplayName: SkyAlert Observing Conditions (ASCOM) Driver Version: 1.7
2025-10-24T19:42:42.5918|INFO|SafetyMonitorChooserVM.cs|GetEquipment|71|Found 0 Alpaca Safety Monitors
2025-10-24T19:42:42.6007|INFO|SafetyMonitorVM.cs|Disconnect|221|Disconnected Safety Monitor
2025-10-24T19:42:43.0620|INFO|SafetyMonitorVM.cs|Connect|175|Successfully connected Safety Monitor. Id: ASCOM.GenericFile.SafetyMonitor Name: Generic File driver DisplayName: Generic File driver (ASCOM) Driver Version: 6.4
2025-10-24T19:42:43.0624|INFO|SequenceItem.cs|Run|254|Finishing Category: Connect, Item: ConnectAllEquipment
2025-10-24T19:42:43.0630|INFO|SequenceItem.cs|Run|208|Starting Category: Telescope, Item: FindHome
2025-10-24T19:42:43.0693|INFO|PHD2Guider.cs|StopGuiding|704|Phd2 - Stop Guiding skipped, as the app is already in state Stopped
2025-10-24T19:42:43.0712|INFO|TelescopeVM.cs|FindHome|292|Mount ordered to locate home position
2025-10-24T19:42:43.0750|ERROR|TelescopeVM.cs|FindHome|352|Mount cannot locate home because it is already at the home position
2025-10-24T19:42:43.0752|INFO|SequenceItem.cs|Run|254|Finishing Category: Telescope, Item: FindHome
2025-10-24T19:42:43.0753|INFO|SequenceItem.cs|Run|208|Starting Category: Ground Station, Item: Send to Telegram
2025-10-24T19:42:43.7270|INFO|SequenceItem.cs|Run|254|Finishing Category: Ground Station, Item: Send to Telegram
2025-10-24T19:42:43.7280|INFO|SequenceItem.cs|Run|208|Starting Category: Camera, Item: CoolCamera, Temperature: 0, Duration: 0
2025-10-24T19:42:43.7314|INFO|CameraVM.cs|CoolCamera|138|Cooling Camera. Target: 0 Duration: 00:00:00
2025-10-24T19:42:45.0669|INFO|SafetyMonitorVM.cs|UpdateMonitorValues|95|SafetyMonitorInfo state changed to Unsafe
2025-10-24T19:45:49.8944|INFO|SequenceItem.cs|Run|254|Finishing Category: Camera, Item: CoolCamera, Temperature: 0, Duration: 0
2025-10-24T19:45:49.8947|INFO|SequenceItem.cs|Run|208|Starting Category: Utility, Item: WaitForTime, Time: 19:33:42h, Offset: -15
2025-10-24T19:45:49.8948|INFO|SequenceItem.cs|Run|254|Finishing Category: Utility, Item: WaitForTime, Time: 19:33:42h, Offset: -15
2025-10-24T19:45:49.8995|INFO|SequenceItem.cs|Run|254|Finishing Category: * Instruction Set *, Container: NINA.Sequencer.Container.SequentialContainer, Strategy: SequentialStrategy, Items[FINISHED]: 8
2025-10-24T19:45:49.8999|INFO|SequenceItem.cs|Run|254|Finishing Category: * Instruction Set *, Container: NINA.Sequencer.Container.StartAreaContainer, Strategy: SequentialStrategy, Items[FINISHED]: 1
2025-10-24T19:45:49.9002|INFO|SequenceItem.cs|Run|208|Starting Category: * Instruction Set *, Container: NINA.Sequencer.Container.TargetAreaContainer, Strategy: SequentialStrategy, Items[CREATED]: 1
2025-10-24T19:45:49.9022|INFO|SequenceItem.cs|Run|208|Starting Category: * Instruction Set *, Container: NINA.Sequencer.Container.SequentialContainer, Strategy: SequentialStrategy, Items[CREATED]: 8, Conditions: Condition: TimeCondition, Time: 6:54:55h, Condition: TargetSchedulerCondition mode=While Targets Remain Tonight, , Triggers: Trigger: CenterAfterDriftTrigger, DistanceArcMinutes: 1Trigger: WhenUnsafeCategory: Ground Station, Item: Failures to TelegramCategory: Connect, Item: ReconnectOnDownloadFailureTrigger: AutofocusAfterHFRIncreaseTrigger, Amount: 5Trigger: MeridianFlipTriggerCategory: Powerups (Misc), Item: DIYTrigger
2025-10-24T19:45:49.9102|INFO|WhenUnsafe.cs|CheckSafe|77|IsSafe is now FALSE; connected = True, IsSafe = False
2025-10-24T19:45:49.9104|INFO|WhenCommon.cs|ShouldTrigger|360|ShouldTrigger TRUE from InterruptWhen, setting TriggerRunner
2025-10-24T19:45:49.9105|INFO|WhenCommon.cs|InterruptWhen|305|Interrupting current Instruction Set
2025-10-24T19:45:49.9113|INFO|WhenCommon.cs|InterruptWhen|315|Canceling sequence...
2025-10-24T19:45:50.9121|INFO|WhenCommon.cs|InterruptWhen|319|Delay 1000
2025-10-24T19:45:51.9116|INFO|WhenCommon.cs|InterruptWhen|319|Delay 1000
2025-10-24T19:45:52.9121|INFO|WhenCommon.cs|InterruptWhen|319|Delay 1000
2025-10-24T19:45:53.9119|INFO|WhenCommon.cs|InterruptWhen|319|Delay 1000
2025-10-24T19:45:54.9129|INFO|WhenCommon.cs|InterruptWhen|319|Delay 1000
2025-10-24T19:45:55.8305|INFO|Sequencer.cs|Start|85|Sequence run was cancelled
2025-10-24T19:45:55.8435|INFO|Sequence2VM.cs|StartSequence|548|Advanced Sequence finished
2025-10-24T19:45:55.9138|INFO|WhenCommon.cs|InterruptWhen|322|Sequence longer running
2025-10-24T19:45:55.9148|WARNING|WhenCommon.cs|CheckSlewing|254|CheckSlewing, WhenUnsafe = True, Connected = True, CanSlew = True, info.Slewing = False
2025-10-24T19:45:55.9159|INFO|Sequence2VM.cs|StartSequence|543|Advanced Sequence starting
2025-10-24T19:45:55.9645|INFO|SequenceItem.cs|Run|208|Starting Category: * Instruction Set *, Container: NINA.Sequencer.Container.SequenceRootContainer, Strategy: SequentialStrategy, Items[CREATED]: 3, Triggers: Category: Ground Station, Item: Failures to Telegram
2025-10-24T19:45:55.9648|INFO|SequenceItem.cs|Run|208|Starting Category: * Instruction Set *, Container: NINA.Sequencer.Container.StartAreaContainer, Strategy: SequentialStrategy, Items[FINISHED]: 1
2025-10-24T19:45:55.9649|INFO|SequenceItem.cs|Run|254|Finishing Category: * Instruction Set *, Container: NINA.Sequencer.Container.StartAreaContainer, Strategy: SequentialStrategy, Items[FINISHED]: 1
2025-10-24T19:45:55.9650|INFO|SequenceItem.cs|Run|208|Starting Category: * Instruction Set *, Container: NINA.Sequencer.Container.TargetAreaContainer, Strategy: SequentialStrategy, Items[CREATED]: 1
2025-10-24T19:45:55.9651|INFO|SequenceItem.cs|Run|208|Starting Category: * Instruction Set *, Container: NINA.Sequencer.Container.SequentialContainer, Strategy: SequentialStrategy, Items[CREATED]: 8, Conditions: Condition: TimeCondition, Time: 6:54:55h, Condition: TargetSchedulerCondition mode=While Targets Remain Tonight, , Triggers: Trigger: CenterAfterDriftTrigger, DistanceArcMinutes: 1Trigger: WhenUnsafeCategory: Ground Station, Item: Failures to TelegramCategory: Connect, Item: ReconnectOnDownloadFailureTrigger: AutofocusAfterHFRIncreaseTrigger, Amount: 5Trigger: MeridianFlipTriggerCategory: Powerups (Misc), Item: DIYTrigger
2025-10-24T19:45:55.9669|INFO|WhenCommon.cs|ShouldTrigger|364|ShouldTrigger TRUE, setting TriggerRunner
2025-10-24T19:45:55.9689|INFO|SequenceTrigger.cs|Run|114|Starting Trigger: WhenUnsafe
2025-10-24T19:45:55.9702|INFO|WhenCommon.cs|Execute|377|Execute 0
2025-10-24T19:45:55.9703|INFO|WhenCommon.cs|Execute|391|When: running TriggerRunner, InFlight -> true, Triggered -> false
2025-10-24T19:45:55.9704|WARNING|WhenCommon.cs|CheckSlewing|254|CheckSlewing, WhenUnsafe = True, Connected = True, CanSlew = True, info.Slewing = False
2025-10-24T19:45:55.9705|INFO|SequenceItem.cs|Run|208|Starting Category: , Container: WhenPlugin.When.IfContainer, Strategy: SequentialStrategy, Items[CREATED]: 8
2025-10-24T19:45:55.9764|INFO|MeridianFlipTrigger.cs|ShouldTrigger|197|Meridian Flip - Telescope is at home position. Skip flip evaluation
2025-10-24T19:45:55.9771|INFO|SequenceItem.cs|Run|208|Starting Category: Ground Station, Item: Send to Telegram
2025-10-24T19:45:56.6218|INFO|SequenceItem.cs|Run|254|Finishing Category: Ground Station, Item: Send to Telegram
2025-10-24T19:45:56.6410|INFO|MeridianFlipTrigger.cs|ShouldTrigger|197|Meridian Flip - Telescope is at home position. Skip flip evaluation
2025-10-24T19:45:56.6412|INFO|SequenceItem.cs|Run|208|Starting Category: Telescope, Item: FindHome
2025-10-24T19:45:56.6437|INFO|PHD2Guider.cs|StopGuiding|704|Phd2 - Stop Guiding skipped, as the app is already in state Stopped
2025-10-24T19:45:56.6438|INFO|TelescopeVM.cs|FindHome|292|Mount ordered to locate home position
2025-10-24T19:45:56.6443|ERROR|TelescopeVM.cs|FindHome|352|Mount cannot locate home because it is already at the home position
2025-10-24T19:45:56.6444|INFO|SequenceItem.cs|Run|254|Finishing Category: Telescope, Item: FindHome
2025-10-24T19:45:56.6448|INFO|MeridianFlipTrigger.cs|ShouldTrigger|197|Meridian Flip - Telescope is at home position. Skip flip evaluation
2025-10-24T19:45:56.6453|INFO|SequenceItem.cs|Run|208|Starting Category: Guider, Item: StopGuiding
2025-10-24T19:45:56.6479|INFO|PHD2Guider.cs|StopGuiding|704|Phd2 - Stop Guiding skipped, as the app is already in state Stopped
2025-10-24T19:45:56.6481|INFO|SequenceItem.cs|Run|254|Finishing Category: Guider, Item: StopGuiding
2025-10-24T19:45:56.6487|INFO|MeridianFlipTrigger.cs|ShouldTrigger|197|Meridian Flip - Telescope is at home position. Skip flip evaluation
2025-10-24T19:45:56.6495|INFO|SequenceItem.cs|Run|208|Starting Category: Connect, Item: DisconnectEquipment, Selected device: Safety Monitor
2025-10-24T19:45:56.7339|INFO|AscomDevice.cs|Disconnect|378|Disconnecting from ASCOM.GenericFile.SafetyMonitor Generic File driver
2025-10-24T19:45:56.7754|INFO|SafetyMonitorVM.cs|Disconnect|221|Disconnected Safety Monitor
2025-10-24T19:45:56.7757|INFO|SequenceItem.cs|Run|254|Finishing Category: Connect, Item: DisconnectEquipment, Selected device: Safety Monitor
2025-10-24T19:45:56.7959|INFO|MeridianFlipTrigger.cs|ShouldTrigger|197|Meridian Flip - Telescope is at home position. Skip flip evaluation
2025-10-24T19:45:56.7968|INFO|SequenceItem.cs|Run|208|Starting Category: Utility, Item: WaitForTimeSpan, Time: 60s
2025-10-24T19:46:56.8785|INFO|SequenceItem.cs|Run|254|Finishing Category: Utility, Item: WaitForTimeSpan, Time: 60s
2025-10-24T19:46:56.8793|INFO|MeridianFlipTrigger.cs|ShouldTrigger|197|Meridian Flip - Telescope is at home position. Skip flip evaluation
2025-10-24T19:46:56.8808|INFO|SequenceItem.cs|Run|208|Starting Category: Connect, Item: ConnectEquipment, Selected device: Safety Monitor, Selected device id: ASCOM.GenericFile.SafetyMonitor
2025-10-24T19:46:58.8883|INFO|SafetyMonitorChooserVM.cs|GetEquipment|71|Found 0 Alpaca Safety Monitors
2025-10-24T19:46:58.9303|INFO|SafetyMonitorVM.cs|Disconnect|221|Disconnected Safety Monitor
2025-10-24T19:46:59.0076|INFO|SafetyMonitorVM.cs|Connect|175|Successfully connected Safety Monitor. Id: ASCOM.GenericFile.SafetyMonitor Name: Generic File driver DisplayName: Generic File driver (ASCOM) Driver Version: 6.4
2025-10-24T19:46:59.0078|INFO|SequenceItem.cs|Run|254|Finishing Category: Connect, Item: ConnectEquipment, Selected device: Safety Monitor, Selected device id: ASCOM.GenericFile.SafetyMonitor
2025-10-24T19:46:59.0084|INFO|MeridianFlipTrigger.cs|ShouldTrigger|197|Meridian Flip - Telescope is at home position. Skip flip evaluation
2025-10-24T19:46:59.0085|INFO|SequenceItem.cs|Run|208|Starting Category: Utility, Item: WaitForTimeSpan, Time: 60s
2025-10-24T19:47:01.0078|INFO|SafetyMonitorVM.cs|UpdateMonitorValues|95|SafetyMonitorInfo state changed to Unsafe
2025-10-24T19:47:59.0728|INFO|SequenceItem.cs|Run|254|Finishing Category: Utility, Item: WaitForTimeSpan, Time: 60s
2025-10-24T19:47:59.0734|INFO|MeridianFlipTrigger.cs|ShouldTrigger|197|Meridian Flip - Telescope is at home position. Skip flip evaluation
2025-10-24T19:47:59.0738|INFO|SequenceItem.cs|Run|208|Starting Category: Powerups (Safety), Item: OnceSafe
2025-10-24T19:54:14.5619|INFO|DockManagerVM.cs|InitializeAvalonDockLayout|366|Initializing imaging tab layout from C:\Users\nicka\AppData\Local\NINA\Profiles\0173997c-4bfa-48fd-9337-a48b6df99c38.dock.config
2025-10-24T19:55:25.2558|INFO|ApplicationVM.cs|Exit|244|Shutting down application - requested by user
2025-10-24T19:55:25.3062|INFO|ApplicationVM.cs|Closing|289|Application shutting down
2025-10-24T19:55:25.3508|INFO|DomeVM.cs|Disconnect|355|Disconnected Dome Device
2025-10-24T19:55:25.3551|INFO|FlatDeviceVM.cs|Disconnect|289|Disconnected Flat Device
2025-10-24T19:55:25.4986|INFO|CameraVM.cs|Disconnect|680|Disconnected Camera
2025-10-24T19:55:25.5017|INFO|AscomDevice.cs|Disconnect|378|Disconnecting from ASCOM.iOptron2017.Telescope iOptron CEM120,70,40,26, GEM, HEM, HAE, HAZ series and SkyHunter Mount
2025-10-24T19:55:25.5260|INFO|TelescopeVM.cs|Disconnect|741|Disconnected mount
2025-10-24T19:55:25.5264|INFO|AscomDevice.cs|Disconnect|378|Disconnecting from ASCOM.EFW2.FilterWheel ZWO FilterWheel
2025-10-24T19:55:25.5401|INFO|FilterWheelVM.cs|Disconnect|333|Disconnected Filter Wheel
2025-10-24T19:55:25.5433|INFO|AscomDevice.cs|Disconnect|378|Disconnecting from ASCOM.EAF.Focuser ZWO Focuser
2025-10-24T19:55:25.5874|INFO|FocuserVM.cs|Disconnect|441|Disconnected Focuser
2025-10-24T19:55:25.5920|INFO|RotatorVM.cs|Disconnect|447|Disconnected Rotator
2025-10-24T19:55:25.5951|INFO|SwitchVM.cs|Disconnect|309|Disconnected Switch
2025-10-24T19:55:25.5975|INFO|AscomDevice.cs|Disconnect|378|Disconnecting from ASCOM.SkyAlert.ObservingConditions SkyAlert Observing Conditions
2025-10-24T19:55:25.6068|INFO|WeatherDataVM.cs|Disconnect|305|Disconnected Weather Device
2025-10-24T19:55:25.6084|INFO|AscomDevice.cs|Disconnect|378|Disconnecting from ASCOM.GenericFile.SafetyMonitor Generic File driver
2025-10-24T19:55:25.6130|INFO|SafetyMonitorVM.cs|Disconnect|221|Disconnected Safety Monitor
