----------------------------------------------------------------------
--------------N.I.N.A. - Nighttime Imaging 'N' Astronomy--------------
--------------------------Version 3.2.0.9001--------------------------
-------------------------2025-12-12T17:41:22--------------------------
----------------------------------------------------------------------
---------------------Microsoft Windows 10.0.19045---------------------
-------------------------OS Architecture X64--------------------------
-----------------------Process Architecture X64-----------------------
-----------------------------.NET 8.0.21------------------------------
----------------------------------------------------------------------
--------------------------Processor Count 4---------------------------
--------------------Total Physical Memory 7.84 GB---------------------
----------------------------------------------------------------------
DATE|LEVEL|SOURCE|MEMBER|LINE|MESSAGE
2025-12-12T17:41:22.2978|INFO|CameraChooserVM.cs|GetEquipment|69|Found 2 ASI Cameras
2025-12-12T17:41:24.9095|INFO|CameraChooserVM.cs|GetEquipment|84|Found 0 Altair Cameras
2025-12-12T17:41:25.3778|INFO|CameraChooserVM.cs|GetEquipment|96|Found 0 Atik Cameras
2025-12-12T17:41:25.6823|INFO|CameraChooserVM.cs|GetEquipment|110|Found 0 FLI Cameras
2025-12-12T17:41:27.0264|INFO|CameraChooserVM.cs|GetEquipment|130|Found 0 QHYCCD Cameras
2025-12-12T17:41:27.7910|INFO|CameraChooserVM.cs|GetEquipment|158|Found 0 ToupTek Cameras
2025-12-12T17:41:27.9442|INFO|CameraChooserVM.cs|GetEquipment|173|Found 0 Ogma Cameras
2025-12-12T17:41:28.1358|INFO|CameraChooserVM.cs|GetEquipment|188|Found 0 Omegon Cameras
2025-12-12T17:41:29.0862|INFO|CameraChooserVM.cs|GetEquipment|203|Found 0 RisingCam Cameras
2025-12-12T17:41:29.4077|INFO|CameraChooserVM.cs|GetEquipment|218|Found 0 MallinCam Cameras
2025-12-12T17:41:29.6215|INFO|CameraChooserVM.cs|GetEquipment|243|Found 0 SVBony Cameras
2025-12-12T17:41:29.6250|INFO|CameraChooserVM.cs|GetEquipment|259|Found 0 SBIG Cameras
2025-12-12T17:41:34.8284|INFO|API.cs|Start|99|Starting Webserver
2025-12-12T17:41:34.8581|INFO|API.cs|APITask|134|starting web server, listening at 172.19.6.111:1888
2025-12-12T17:41:35.0476|INFO|NINALogWatcher.cs|Start|33|watching log file: C:\Users\nicka\AppData\Local\NINA\Logs\20251212-174116-3.2.0.9001.11252-202512.log
2025-12-12T17:41:35.0659|INFO|PluginLoader.cs|LoadPlugin|402|Successfully loaded plugin Advanced API version 2.2.13.0 by Christian Palm
2025-12-12T17:41:35.2295|INFO|PluginLoader.cs|LoadPlugin|402|Successfully loaded plugin Autofocus Report Analysis version 2.0.0.9 by Stefan Berg @isbeorn
2025-12-12T17:41:35.4535|INFO|PluginLoader.cs|LoadPlugin|402|Successfully loaded plugin Connector version 2.1.0.2 by Stefan Berg @isbeorn
2025-12-12T17:41:35.6565|INFO|PluginLoader.cs|LoadPlugin|402|Successfully loaded plugin Device Actions and Commands version 2.2.0.0 by Dale Ghent
2025-12-12T17:41:36.4634|INFO|PluginLoader.cs|LoadPlugin|402|Successfully loaded plugin Discord Alert version 2.2.0.0 by Drew McDermott
2025-12-12T17:41:38.5239|INFO|PluginLoader.cs|LoadPlugin|402|Successfully loaded plugin Discord Notification version 2.0.0.8 by Daniel Ludwig
2025-12-12T17:41:39.8696|INFO|DitherStatisticsVM.cs|CreatePluginIcon|1365|Plugin icon geometry created successfully
2025-12-12T17:41:39.9142|INFO|DitherStatisticsVM.cs|LoadDataTemplates|1334|DitherStatistics DataTemplates loaded successfully
2025-12-12T17:41:39.9181|INFO|DitherStatisticsVM.cs|SaveQualityAssessmentSetting|383|Quality Assessment setting saved to file: True
2025-12-12T17:41:39.9183|INFO|DitherStatisticsVM.cs|LoadQualityAssessmentSetting|360|Quality Assessment setting loaded from file: True
2025-12-12T17:41:39.9190|INFO|DitherStatisticsVM.cs|SubscribeToGuiderEvents|716|Subscribed to NINA guider events
2025-12-12T17:41:39.9217|INFO|DitherStatisticsVM.cs|StartThemeColorMonitoring|1211|Initial PrimaryBrush color: R:176 G:179 B:185
2025-12-12T17:41:39.9220|INFO|DitherStatisticsVM.cs|.ctor|92|DitherStatisticsVM initialized successfully with ScottPlot 4.1 (Lazy Loading)!
2025-12-12T17:41:39.9228|INFO|PluginLoader.cs|LoadPlugin|402|Successfully loaded plugin Dither Statistics version 1.2.0.4 by Thierry Tschanz
2025-12-12T17:41:40.2260|INFO|PluginLoader.cs|LoadPlugin|402|Successfully loaded plugin Filter Offset Calculator version 2.0.0.0 by S. Dimant & Stefan Berg
2025-12-12T17:41:40.5487|INFO|PluginLoader.cs|LoadPlugin|402|Successfully loaded plugin Flexure Correction version 0.8.0.0 by Francesco Meschia
2025-12-12T17:41:41.9686|INFO|DitherStatisticsVM.cs|ConnectToPHD2|590|Attempting to connect to PHD2...
2025-12-12T17:41:41.9744|INFO|PHD2Client.cs|ConnectAsync|48|PHD2Client: Connecting to PHD2 at 127.0.0.1:4400...
2025-12-12T17:41:43.8365|INFO|PluginLoader.cs|LoadPlugin|402|Successfully loaded plugin Ground Station version 3.0.0.117 by Dale Ghent
2025-12-12T17:41:44.3887|ERROR|PHD2Client.cs|ConnectAsync|69|PHD2Client: Connection failed: No connection could be made because the target machine actively refused it.
2025-12-12T17:41:44.3893|INFO|DitherStatisticsVM.cs|OnPHD2ConnectionStatusChanged|619|PHD2 Connection Status: Connection failed: No connection could be made because the target machine actively refused it.
2025-12-12T17:41:59.3799|INFO|PluginLoader.cs|LoadPlugin|402|Successfully loaded plugin Hocus Focus version 3.0.0.24 by George Hilios (jokogeo)
2025-12-12T17:42:00.3175|INFO|PluginLoader.cs|LoadPlugin|402|Successfully loaded plugin Horizon Creator version 1.1.2.0 by Christian Palm
2025-12-12T17:42:00.5647|INFO|PluginLoader.cs|LoadPlugin|402|Successfully loaded plugin Lightbucket version 2.2.4.0 by Lightbucket
2025-12-12T17:42:01.4334|INFO|PluginLoader.cs|LoadPlugin|402|Successfully loaded plugin Livestack version 1.0.1.7 by Stefan Berg @isbeorn
2025-12-12T17:42:01.6457|INFO|PluginLoader.cs|LoadPlugin|402|Successfully loaded plugin Log Viewer version 1.0.0.2 by Alexander Wrede @astro_alex80
2025-12-12T17:42:01.8530|INFO|PluginLoader.cs|LoadPlugin|402|Successfully loaded plugin Moon Angle version 2.2.0.0 by Dale Ghent
2025-12-12T17:42:02.2222|INFO|PluginLoader.cs|LoadPlugin|402|Successfully loaded plugin Phd2 Tools version 1.0.6.0 by Stefan Berg @isbeorn
2025-12-12T17:42:02.9203|INFO|PluginLoader.cs|LoadPlugin|402|Successfully loaded plugin PixInsight Tools version 1.0.0.3 by Stefan Berg
2025-12-12T17:42:03.6828|INFO|PluginLoader.cs|LoadPlugin|402|Successfully loaded plugin Point3D version 0.2.3.0 by Drew McDermott
2025-12-12T17:42:03.9957|INFO|PluginLoader.cs|LoadPlugin|402|Successfully loaded plugin Scope Control version 2.0.2.1 by Stefan Berg @isbeorn
2025-12-12T17:42:06.4217|WARNING|When.cs|GetRunningItem|143|Can't get running items: SequencerNavigation not initialized yet!
2025-12-12T17:42:06.7306|INFO|PluginLoader.cs|LoadPlugin|402|Successfully loaded plugin Sequencer Powerups version 3.28.6.1 by Marc Blank
2025-12-12T17:42:07.6046|INFO|PluginLoader.cs|LoadPlugin|402|Successfully loaded plugin Session Metadata version 2.6.3.0 by Tom Palmer @tcpalmer
2025-12-12T17:42:07.7392|INFO|PluginLoader.cs|LoadPlugin|402|Successfully loaded plugin Shutdown PC version 2.2.0.0 by Dale Ghent
2025-12-12T17:42:08.0122|INFO|PluginLoader.cs|LoadPlugin|402|Successfully loaded plugin SkyFlats version 1.0.0.4 by Gerald Hitz (@photon)
2025-12-12T17:42:08.4794|INFO|PluginLoader.cs|LoadPlugin|402|Successfully loaded plugin Smart Filters version 1.0.0.3 by Benoit SAINTOT
2025-12-12T17:42:09.0654|INFO|PluginLoader.cs|LoadPlugin|402|Successfully loaded plugin Target Planning version 3.2.1.0 by Tom Palmer @tcpalmer
2025-12-12T17:42:11.4535|WARNING|When.cs|GetRunningItem|143|Can't get running items: SequencerNavigation not initialized yet!
2025-12-12T17:42:12.2693|INFO|PluginLoader.cs|LoadPlugin|402|Successfully loaded plugin Target Scheduler version 5.8.3.0 by Tom Palmer @tcpalmer
2025-12-12T17:42:12.9184|INFO|PluginLoader.cs|LoadPlugin|402|Successfully loaded plugin Three Point Polar Alignment version 2.2.4.2 by Stefan Berg @isbeorn
2025-12-12T17:42:14.7055|INFO|SessionHistoryManager.cs|PurgeHistoryOlderThan|102|purging web session history older than 10 days
2025-12-12T17:42:14.8192|INFO|PluginLoader.cs|LoadPlugin|402|Successfully loaded plugin Web Session History Viewer version 2.2.1.0 by Tom Palmer @tcpalmer
2025-12-12T17:42:16.1492|INFO|PluginFetcher.cs|RequestAll|43|Fetching plugin manifests from https://nighttime-imaging.eu/wp-json/nina/v1/plugins/manifests
2025-12-12T17:42:16.9820|WARNING|When.cs|GetRunningItem|143|Can't get running items: SequencerNavigation not initialized yet!
2025-12-12T17:42:17.3876|INFO|CameraChooserVM.cs|GetEquipment|279|Found 0 SVBony Cameras
2025-12-12T17:42:17.5182|INFO|CameraChooserVM.cs|GetEquipment|279|Found 0 PlayerOne Cameras
2025-12-12T17:42:17.6395|INFO|CameraChooserVM.cs|GetEquipment|279|Found 0 ASTPAN Cameras
2025-12-12T17:42:17.6418|INFO|CameraChooserVM.cs|GetEquipment|293|Found 4 ASCOM Cameras
2025-12-12T17:42:17.8925|INFO|RotatorChooserVM.cs|GetEquipment|45|Found 1 Networked Rotator Rotators
2025-12-12T17:42:18.2839|INFO|FilterWheelChooserVM.cs|GetEquipment|167|Found 1 Networked Filter Wheel Filter Wheels
2025-12-12T17:42:18.8110|INFO|SwitchChooserVM.cs|GetEquipment|71|Found 0 Alpaca Switch Hubs
2025-12-12T17:42:18.8477|INFO|DomeChooserVM.cs|GetEquipment|67|Found 0 Alpaca Domes
2025-12-12T17:42:19.0069|INFO|TelescopeChooserVM.cs|GetEquipment|69|Found 0 Alpaca Telescopes
2025-12-12T17:42:19.6774|INFO|CameraChooserVM.cs|GetEquipment|305|Found 0 Alpaca Cameras
2025-12-12T17:42:19.6909|INFO|CameraChooserVM.cs|GetEquipment|318|Found 0 Canon Cameras
2025-12-12T17:42:19.9029|INFO|FlatDeviceChooserVM.cs|GetEquipment|67|Found 0 Alpaca Cover Calibrators
2025-12-12T17:42:19.9071|INFO|RotatorChooserVM.cs|GetEquipment|68|Found 0 Alpaca Rotators
2025-12-12T17:42:20.3059|INFO|FilterWheelChooserVM.cs|GetEquipment|193|Found 0 Alpaca Filter Wheels
2025-12-12T17:42:20.3419|INFO|SafetyMonitorChooserVM.cs|GetEquipment|71|Found 0 Alpaca Safety Monitors
2025-12-12T17:42:20.5019|INFO|FocuserChooserVM.cs|GetEquipment|84|Found 0 Alpaca Focusers
2025-12-12T17:42:20.8695|INFO|WeatherDataChooserVM.cs|GetEquipment|69|Found 0 Alpaca Observing Conditions
2025-12-12T17:42:21.3414|INFO|PluginFetcher.cs|RequestAll|57|Found 67 valid plugins at https://nighttime-imaging.eu/wp-json/nina/v1/plugins/manifests
2025-12-12T17:42:21.9865|WARNING|When.cs|GetRunningItem|143|Can't get running items: SequencerNavigation not initialized yet!
2025-12-12T17:42:23.4562|INFO|ApplicationVM.cs|CheckDiskInfo|100|Available Space on Drive C:\: 140.02 GB
2025-12-12T17:42:23.4593|INFO|ApplicationVM.cs|CheckASCOMPlatformVersion|81|ASCOM Platform 6.6.2.4195 installed
2025-12-12T17:42:23.4626|INFO|ApplicationVM.cs|CheckDiskInfo|102|Drive E:\ is not ready
2025-12-12T17:42:23.5567|INFO|ApplicationVM.cs|CheckDiskInfo|100|Available Space on Drive G:\: 37.78 GB
2025-12-12T17:42:23.6032|INFO|ApplicationVM.cs|CheckDiskInfo|100|Available Space on Drive Z:\: 27.32 GB
2025-12-12T17:42:24.0704|INFO|DitherStatisticsVM.cs|StartThemeColorMonitoring|1220|Theme color monitoring timer started on UI thread
2025-12-12T17:42:56.8897|INFO|CameraVM.cs|Disconnect|650|Disconnected Camera
2025-12-12T17:42:57.4518|WARNING|ASICamera.cs|SetControlValue|568|Failed to set ASI Control Value ASI_WB_B with value 50
2025-12-12T17:42:57.4520|WARNING|ASICamera.cs|SetControlValue|568|Failed to set ASI Control Value ASI_WB_R with value 50
2025-12-12T17:42:57.4520|WARNING|ASICamera.cs|SetControlValue|568|Failed to set ASI Control Value ASI_GAMMA with value 50
2025-12-12T17:42:57.4520|WARNING|ASICamera.cs|SetControlValue|568|Failed to set ASI Control Value ASI_HIGH_SPEED_MODE with value 0
2025-12-12T17:42:57.4521|WARNING|ASICamera.cs|SetControlValue|568|Failed to set ASI Control Value ASI_OVERCLOCK with value 0
2025-12-12T17:42:57.4521|WARNING|ASICamera.cs|SetControlValue|568|Failed to set ASI Control Value ASI_PATTERN_ADJUST with value 0
2025-12-12T17:42:57.4528|WARNING|ASICamera.cs|SetControlValue|568|Failed to set ASI Control Value ASI_MONO_BIN with value 0
2025-12-12T17:42:57.4539|INFO|ASICamera.cs|Initialize|664|Camera ID: ASI533MM
2025-12-12T17:42:57.4632|WARNING|ASICamera.cs|SetControlValue|568|Failed to set ASI Control Value ASI_ANTI_DEW_HEATER with value 0
2025-12-12T17:42:57.4877|INFO|CameraVM.cs|ChooseCamera|455|Successfully connected Camera. Id: ZWOptical_ZWO ASI533MM Pro_ASI533MM Name: ZWO ASI533MM Pro DisplayName: ZWO ASI533MM Pro (ASI533MM)Driver Version: 1, 39, 0, 0
2025-12-12T17:43:04.4467|INFO|FilterWheelVM.cs|Disconnect|333|Disconnected Filter Wheel
2025-12-12T17:43:16.0058|INFO|FilterWheelVM.cs|ChooseFW|279|Successfully connected Filter Wheel. Id: ASCOM.EFW2.FilterWheel Name: ZWO FilterWheel DisplayName: ZWO FilterWheel (ASCOM) Driver Version: 6.0
2025-12-12T17:43:22.5572|INFO|FocuserVM.cs|Disconnect|441|Disconnected Focuser
2025-12-12T17:43:26.9301|ERROR|AscomDevice.cs|GetProperty|546|An unexpected exception occurred during GET of Focuser.StepSize: 
ASCOM.DriverException: The method or operation is not implemented.
 ---> System.NotImplementedException: The method or operation is not implemented.
   --- End of inner exception stack trace ---
   at ASCOM.Com.DriverAccess.DynamicAccess.CheckDotNetExceptions(String memberName, Exception e) in J:\ASCOMLibrary\ASCOM.Com\ASCOM.Com.DriverAccess\BaseClass\DynamicAccess.cs:line 278
   at ASCOM.Com.DriverAccess.DynamicAccess.TryGetMember(GetMemberBinder binder, Object& result) in J:\ASCOMLibrary\ASCOM.Com\ASCOM.Com.DriverAccess\BaseClass\DynamicAccess.cs:line 150
   at CallSite.Target(Closure, CallSite, Object)
   at System.Dynamic.UpdateDelegates.UpdateAndExecute1[T0,TRet](CallSite site, T0 arg0)
   at ASCOM.Com.DriverAccess.Focuser.get_StepSize() in J:\ASCOMLibrary\ASCOM.Com\ASCOM.Com.DriverAccess\Focuser.cs:line 159
   at System.RuntimeMethodHandle.InvokeMethod(Object target, Void** arguments, Signature sig, Boolean isConstructor)
   at System.Reflection.MethodBaseInvoker.InvokeWithNoArgs(Object obj, BindingFlags invokeAttr)
2025-12-12T17:43:27.1436|INFO|AscomDevice.cs|GetProperty|485|Retrying to GET Focuser.StepSize - Attempt 2 / 3
2025-12-12T17:43:27.1449|ERROR|AscomDevice.cs|GetProperty|546|An unexpected exception occurred during GET of Focuser.StepSize: 
ASCOM.DriverException: The method or operation is not implemented.
 ---> System.NotImplementedException: The method or operation is not implemented.
   --- End of inner exception stack trace ---
   at ASCOM.Com.DriverAccess.DynamicAccess.CheckDotNetExceptions(String memberName, Exception e) in J:\ASCOMLibrary\ASCOM.Com\ASCOM.Com.DriverAccess\BaseClass\DynamicAccess.cs:line 278
   at ASCOM.Com.DriverAccess.DynamicAccess.TryGetMember(GetMemberBinder binder, Object& result) in J:\ASCOMLibrary\ASCOM.Com\ASCOM.Com.DriverAccess\BaseClass\DynamicAccess.cs:line 150
   at CallSite.Target(Closure, CallSite, Object)
   at ASCOM.Com.DriverAccess.Focuser.get_StepSize() in J:\ASCOMLibrary\ASCOM.Com\ASCOM.Com.DriverAccess\Focuser.cs:line 159
   at InvokeStub_Focuser.get_StepSize(Object, Object, IntPtr*)
   at System.Reflection.MethodBaseInvoker.InvokeWithNoArgs(Object obj, BindingFlags invokeAttr)
2025-12-12T17:43:27.3456|INFO|AscomDevice.cs|GetProperty|485|Retrying to GET Focuser.StepSize - Attempt 3 / 3
2025-12-12T17:43:27.3466|ERROR|AscomDevice.cs|GetProperty|546|An unexpected exception occurred during GET of Focuser.StepSize: 
ASCOM.DriverException: The method or operation is not implemented.
 ---> System.NotImplementedException: The method or operation is not implemented.
   --- End of inner exception stack trace ---
   at ASCOM.Com.DriverAccess.DynamicAccess.CheckDotNetExceptions(String memberName, Exception e) in J:\ASCOMLibrary\ASCOM.Com\ASCOM.Com.DriverAccess\BaseClass\DynamicAccess.cs:line 278
   at ASCOM.Com.DriverAccess.DynamicAccess.TryGetMember(GetMemberBinder binder, Object& result) in J:\ASCOMLibrary\ASCOM.Com\ASCOM.Com.DriverAccess\BaseClass\DynamicAccess.cs:line 150
   at CallSite.Target(Closure, CallSite, Object)
   at ASCOM.Com.DriverAccess.Focuser.get_StepSize() in J:\ASCOMLibrary\ASCOM.Com\ASCOM.Com.DriverAccess\Focuser.cs:line 159
   at InvokeStub_Focuser.get_StepSize(Object, Object, IntPtr*)
   at System.Reflection.MethodBaseInvoker.InvokeWithNoArgs(Object obj, BindingFlags invokeAttr)
2025-12-12T17:43:27.3471|INFO|AscomDevice.cs|GetProperty|556|GET Focuser.StepSize failed - Returning last known value 0
2025-12-12T17:43:27.5695|INFO|FocuserVM.cs|ChooseFocuser|333|Successfully connected Focuser. Id: ASCOM.EAF.Focuser Name: ZWO Focuser DisplayName: ZWO Focuser (ASCOM) Driver Version: 6.0
2025-12-12T17:43:38.7973|INFO|TelescopeVM.cs|Disconnect|740|Disconnected mount
2025-12-12T17:43:49.6995|INFO|PHD2Guider.cs|Connect|205|Connecting to PHD2 server at 127.0.0.1:4400
2025-12-12T17:44:08.0284|INFO|PHD2Client.cs|ConnectAsync|62|PHD2Client: Connected successfully!
2025-12-12T17:44:08.0285|INFO|DitherStatisticsVM.cs|OnPHD2ConnectionStatusChanged|616|PHD2 Connection Status: Connected
2025-12-12T17:44:08.0285|INFO|DitherStatisticsVM.cs|ConnectToPHD2|595|Successfully connected to PHD2!
2025-12-12T17:44:08.0308|INFO|PHD2Client.cs|ReadEventsAsync|102|PHD2Client: Started reading events
2025-12-12T17:44:08.7669|INFO|PHD2Client.cs|HandleVersion|256|PHD2Client: Connected to PHD2 version 2.6.13.dev8 (Message Protocol v1)
2025-12-12T17:44:08.7679|INFO|PHD2Client.cs|ProcessEvent|173|PHD2: CalibrationComplete
2025-12-12T17:44:08.7686|INFO|PHD2Client.cs|HandleAppState|266|PHD2Client: PHD2 AppState: Stopped
2025-12-12T17:46:16.4375|INFO|ApplicationDeviceConnectionVM.cs|UsbDeviceWatcher_DeviceRemoved|237|USB Device disconnected DeviceId: USB\VID_046D&PID_C534&MI_00\8&24B5F754&0&0000, PnpDeviceId: USB\VID_046D&PID_C534&MI_00\8&24B5F754&0&0000, Description: USB Input Device, Name: USB Input Device, Manufacturer: (Standard system devices), Service: HidUsb, Status: OK
2025-12-12T17:46:16.4377|INFO|ApplicationDeviceConnectionVM.cs|UsbDeviceWatcher_DeviceRemoved|237|USB Device disconnected DeviceId: USB\VID_046D&PID_C534&MI_01\8&24B5F754&0&0001, PnpDeviceId: USB\VID_046D&PID_C534&MI_01\8&24B5F754&0&0001, Description: USB Input Device, Name: USB Input Device, Manufacturer: (Standard system devices), Service: HidUsb, Status: OK
2025-12-12T17:46:16.4377|INFO|ApplicationDeviceConnectionVM.cs|UsbDeviceWatcher_DeviceRemoved|237|USB Device disconnected DeviceId: USB\VID_0BDA&PID_5411\5&14013D94&0&1, PnpDeviceId: USB\VID_0BDA&PID_5411\5&14013D94&0&1, Description: Generic USB Hub, Name: Generic USB Hub, Manufacturer: (Standard USB HUBs), Service: USBHUB3, Status: OK
2025-12-12T17:46:16.4377|INFO|ApplicationDeviceConnectionVM.cs|UsbDeviceWatcher_DeviceRemoved|237|USB Device disconnected DeviceId: USB\VID_0BDA&PID_0411\5&14013D94&0&10, PnpDeviceId: USB\VID_0BDA&PID_0411\5&14013D94&0&10, Description: Generic SuperSpeed USB Hub, Name: Generic SuperSpeed USB Hub, Manufacturer: (Standard USB HUBs), Service: USBHUB3, Status: OK
2025-12-12T17:46:16.4378|INFO|ApplicationDeviceConnectionVM.cs|UsbDeviceWatcher_DeviceRemoved|237|USB Device disconnected DeviceId: USB\VID_046D&PID_C534\7&133DB258&0&1, PnpDeviceId: USB\VID_046D&PID_C534\7&133DB258&0&1, Description: USB Composite Device, Name: USB Composite Device, Manufacturer: (Standard USB Host Controller), Service: usbccgp, Status: OK
2025-12-12T17:46:16.4378|INFO|ApplicationDeviceConnectionVM.cs|UsbDeviceWatcher_DeviceRemoved|237|USB Device disconnected DeviceId: USB\VID_0BDA&PID_0411\6&112CF3DC&0&4, PnpDeviceId: USB\VID_0BDA&PID_0411\6&112CF3DC&0&4, Description: Generic SuperSpeed USB Hub, Name: Generic SuperSpeed USB Hub, Manufacturer: (Standard USB HUBs), Service: USBHUB3, Status: OK
2025-12-12T17:46:16.4378|INFO|ApplicationDeviceConnectionVM.cs|UsbDeviceWatcher_DeviceRemoved|237|USB Device disconnected DeviceId: USB\VID_0BDA&PID_5411\6&25A7BA06&0&4, PnpDeviceId: USB\VID_0BDA&PID_5411\6&25A7BA06&0&4, Description: Generic USB Hub, Name: Generic USB Hub, Manufacturer: (Standard USB HUBs), Service: USBHUB3, Status: OK
2025-12-12T17:46:21.9945|INFO|ApplicationDeviceConnectionVM.cs|UsbDeviceWatcher_DeviceInserted|232|New USB device detected DeviceId: USB\VID_0000&PID_0002\5&14013D94&0&1, PnpDeviceId: USB\VID_0000&PID_0002\5&14013D94&0&1, Description: Unknown USB Device (Device Descriptor Request Failed), Name: Unknown USB Device (Device Descriptor Request Failed), Manufacturer: (Standard USB Host Controller), Service: , Status: Error
2025-12-12T18:07:32.4692|INFO|DomeVM.cs|Disconnect|355|Disconnected Dome Device
2025-12-12T18:07:32.4749|INFO|FlatDeviceVM.cs|Disconnect|289|Disconnected Flat Device
2025-12-12T18:07:32.6581|INFO|CameraVM.cs|Disconnect|650|Disconnected Camera
2025-12-12T18:07:32.6749|INFO|TelescopeVM.cs|Disconnect|740|Disconnected mount
2025-12-12T18:07:32.6760|INFO|AscomDevice.cs|Disconnect|378|Disconnecting from ASCOM.EFW2.FilterWheel ZWO FilterWheel
2025-12-12T18:07:32.7280|INFO|FilterWheelVM.cs|Disconnect|333|Disconnected Filter Wheel
2025-12-12T18:07:32.7324|INFO|AscomDevice.cs|Disconnect|378|Disconnecting from ASCOM.EAF.Focuser ZWO Focuser
2025-12-12T18:07:32.7888|INFO|FocuserVM.cs|Disconnect|441|Disconnected Focuser
2025-12-12T18:07:32.7947|INFO|RotatorVM.cs|Disconnect|447|Disconnected Rotator
2025-12-12T18:07:32.7990|INFO|SwitchVM.cs|Disconnect|309|Disconnected Switch
2025-12-12T18:07:32.8050|INFO|WeatherDataVM.cs|Disconnect|305|Disconnected Weather Device
2025-12-12T18:07:32.8089|INFO|SafetyMonitorVM.cs|Disconnect|221|Disconnected Safety Monitor
2025-12-12T18:07:40.2544|INFO|CameraVM.cs|Disconnect|650|Disconnected Camera
2025-12-12T18:07:40.7811|WARNING|ASICamera.cs|SetControlValue|568|Failed to set ASI Control Value ASI_WB_B with value 50
2025-12-12T18:07:40.7812|WARNING|ASICamera.cs|SetControlValue|568|Failed to set ASI Control Value ASI_WB_R with value 50
2025-12-12T18:07:40.7812|WARNING|ASICamera.cs|SetControlValue|568|Failed to set ASI Control Value ASI_GAMMA with value 50
2025-12-12T18:07:40.7812|WARNING|ASICamera.cs|SetControlValue|568|Failed to set ASI Control Value ASI_HIGH_SPEED_MODE with value 0
2025-12-12T18:07:40.7813|WARNING|ASICamera.cs|SetControlValue|568|Failed to set ASI Control Value ASI_OVERCLOCK with value 0
2025-12-12T18:07:40.7813|WARNING|ASICamera.cs|SetControlValue|568|Failed to set ASI Control Value ASI_PATTERN_ADJUST with value 0
2025-12-12T18:07:40.7814|WARNING|ASICamera.cs|SetControlValue|568|Failed to set ASI Control Value ASI_MONO_BIN with value 0
2025-12-12T18:07:40.7825|INFO|ASICamera.cs|Initialize|664|Camera ID: ASI533MM
2025-12-12T18:07:40.7878|WARNING|ASICamera.cs|SetControlValue|568|Failed to set ASI Control Value ASI_ANTI_DEW_HEATER with value 0
2025-12-12T18:07:40.7895|INFO|CameraVM.cs|ChooseCamera|455|Successfully connected Camera. Id: ZWOptical_ZWO ASI533MM Pro_ASI533MM Name: ZWO ASI533MM Pro DisplayName: ZWO ASI533MM Pro (ASI533MM)Driver Version: 1, 39, 0, 0
2025-12-12T18:07:40.7925|INFO|FilterWheelVM.cs|Disconnect|333|Disconnected Filter Wheel
2025-12-12T18:07:41.8154|INFO|FilterWheelVM.cs|ChooseFW|279|Successfully connected Filter Wheel. Id: ASCOM.EFW2.FilterWheel Name: ZWO FilterWheel DisplayName: ZWO FilterWheel (ASCOM) Driver Version: 6.0
2025-12-12T18:07:49.1551|INFO|PHD2Guider.cs|Connect|205|Connecting to PHD2 server at 127.0.0.1:4400
2025-12-12T18:08:37.4755|INFO|TelescopeChooserVM.cs|GetEquipment|69|Found 0 Alpaca Telescopes
2025-12-12T18:09:13.3604|INFO|TelescopeChooserVM.cs|GetEquipment|69|Found 0 Alpaca Telescopes
2025-12-12T18:09:30.7849|INFO|DomeVM.cs|Disconnect|355|Disconnected Dome Device
2025-12-12T18:09:30.7887|INFO|FlatDeviceVM.cs|Disconnect|289|Disconnected Flat Device
2025-12-12T18:09:30.9395|INFO|CameraVM.cs|Disconnect|650|Disconnected Camera
2025-12-12T18:09:30.9488|INFO|TelescopeVM.cs|Disconnect|740|Disconnected mount
2025-12-12T18:09:30.9490|INFO|AscomDevice.cs|Disconnect|378|Disconnecting from ASCOM.EFW2.FilterWheel ZWO FilterWheel
2025-12-12T18:09:30.9613|INFO|FilterWheelVM.cs|Disconnect|333|Disconnected Filter Wheel
2025-12-12T18:09:30.9619|INFO|FocuserVM.cs|Disconnect|441|Disconnected Focuser
2025-12-12T18:09:30.9653|INFO|RotatorVM.cs|Disconnect|447|Disconnected Rotator
2025-12-12T18:09:30.9684|INFO|SwitchVM.cs|Disconnect|309|Disconnected Switch
2025-12-12T18:09:30.9732|INFO|WeatherDataVM.cs|Disconnect|305|Disconnected Weather Device
2025-12-12T18:09:30.9760|INFO|SafetyMonitorVM.cs|Disconnect|221|Disconnected Safety Monitor
2025-12-12T18:09:39.1545|WARNING|PHD2Client.cs|ReadEventsAsync|110|PHD2Client: Connection closed by server
2025-12-12T18:09:39.1546|INFO|DitherStatisticsVM.cs|OnPHD2ConnectionStatusChanged|619|PHD2 Connection Status: Connection lost
2025-12-12T18:09:39.1547|INFO|PHD2Client.cs|ReadEventsAsync|126|PHD2Client: Stopped reading events
2025-12-12T18:09:39.2271|INFO|ApplicationVM.cs|Closing|289|Application shutting down
2025-12-12T18:09:39.2930|ERROR|AscomDevice.cs|Connected|147|iOptron CEM120,70,40,26, GEM, HEM, HAE, HAZ series and SkyHunter Mount should be connected but reports to be disconnected. Trying to reconnect...
2025-12-12T18:09:39.3391|INFO|DomeVM.cs|Disconnect|355|Disconnected Dome Device
2025-12-12T18:09:39.3417|INFO|FlatDeviceVM.cs|Disconnect|289|Disconnected Flat Device
2025-12-12T18:09:39.3427|INFO|CameraVM.cs|Disconnect|650|Disconnected Camera
2025-12-12T18:09:39.3434|INFO|TelescopeVM.cs|Disconnect|740|Disconnected mount
2025-12-12T18:09:39.3439|INFO|FilterWheelVM.cs|Disconnect|333|Disconnected Filter Wheel
2025-12-12T18:09:39.3443|INFO|FocuserVM.cs|Disconnect|441|Disconnected Focuser
2025-12-12T18:09:39.3471|INFO|RotatorVM.cs|Disconnect|447|Disconnected Rotator
2025-12-12T18:09:39.3489|INFO|SwitchVM.cs|Disconnect|309|Disconnected Switch
2025-12-12T18:09:39.3531|INFO|WeatherDataVM.cs|Disconnect|305|Disconnected Weather Device
2025-12-12T18:09:39.3548|INFO|SafetyMonitorVM.cs|Disconnect|221|Disconnected Safety Monitor
2025-12-12T18:09:39.5408|ERROR|AscomDevice.cs|Connected|151|Reconnection failed. The device might be disconnected! - 
ASCOM.NotConnectedException: Device is not connected
   at NINA.Equipment.Equipment.AscomDevice`1.TryReconnect() in /_/NINA.Equipment/Equipment/AscomDevice.cs:line 130
   at NINA.Equipment.Equipment.AscomDevice`1.get_Connected() in /_/NINA.Equipment/Equipment/AscomDevice.cs:line 149
2025-12-12T18:09:39.5421|INFO|AscomDevice.cs|Disconnect|378|Disconnecting from ASCOM.iOptron2017.Telescope iOptron CEM120,70,40,26, GEM, HEM, HAE, HAZ series and SkyHunter Mount
2025-12-12T18:09:39.5538|INFO|TelescopeVM.cs|Disconnect|740|Disconnected mount
2025-12-12T18:09:39.6127|ERROR|AscomDevice.cs|Connected|147|iOptron CEM120,70,40,26, GEM, HEM, HAE, HAZ series and SkyHunter Mount should be connected but reports to be disconnected. Trying to reconnect...
2025-12-12T18:09:39.6694|ERROR|AscomDevice.cs|Connected|151|Reconnection failed. The device might be disconnected! - 
ASCOM.NotConnectedException: Device is not connected
   at NINA.Equipment.Equipment.AscomDevice`1.TryReconnect() in /_/NINA.Equipment/Equipment/AscomDevice.cs:line 130
   at NINA.Equipment.Equipment.AscomDevice`1.get_Connected() in /_/NINA.Equipment/Equipment/AscomDevice.cs:line 149
2025-12-12T18:09:39.6696|INFO|AscomDevice.cs|Disconnect|378|Disconnecting from ASCOM.iOptron2017.Telescope iOptron CEM120,70,40,26, GEM, HEM, HAE, HAZ series and SkyHunter Mount
2025-12-12T18:09:39.6799|INFO|FocuserVM.cs|Disconnect|441|Disconnected Focuser
2025-12-12T18:09:39.6874|INFO|API.cs|StopWatchers|86|Stopping all event watchers
