----------------------------------------------------------------------
--------------N.I.N.A. - Nighttime Imaging 'N' Astronomy--------------
--------------------------Version 3.1.2.9001--------------------------
-------------------------2025-08-30T13:12:26--------------------------
----------------------------------------------------------------------
---------------------Microsoft Windows 10.0.19045---------------------
-------------------------OS Architecture X64--------------------------
-----------------------Process Architecture X64-----------------------
------------------------------.NET 8.0.8------------------------------
----------------------------------------------------------------------
--------------------------Processor Count 4---------------------------
--------------------Total Physical Memory 7.84 GB---------------------
----------------------------------------------------------------------
DATE|LEVEL|SOURCE|MEMBER|LINE|MESSAGE
2025-08-30T13:12:26.2952|INFO|CameraChooserVM.cs|GetEquipment|69|Found 2 ASI Cameras
2025-08-30T13:12:27.0248|INFO|CameraChooserVM.cs|GetEquipment|84|Found 0 Altair Cameras
2025-08-30T13:12:27.9481|INFO|CameraChooserVM.cs|GetEquipment|96|Found 0 Atik Cameras
2025-08-30T13:12:27.9493|INFO|CameraChooserVM.cs|GetEquipment|110|Found 0 FLI Cameras
2025-08-30T13:12:29.5303|INFO|CameraChooserVM.cs|GetEquipment|130|Found 0 QHYCCD Cameras
2025-08-30T13:12:29.9832|INFO|CameraChooserVM.cs|GetEquipment|158|Found 0 ToupTek Cameras
2025-08-30T13:12:30.1163|INFO|CameraChooserVM.cs|GetEquipment|173|Found 0 Ogma Cameras
2025-08-30T13:12:30.2613|INFO|CameraChooserVM.cs|GetEquipment|188|Found 0 Omegon Cameras
2025-08-30T13:12:30.8499|INFO|CameraChooserVM.cs|GetEquipment|203|Found 0 RisingCam Cameras
2025-08-30T13:12:31.0177|INFO|CameraChooserVM.cs|GetEquipment|218|Found 0 MallinCam Cameras
2025-08-30T13:12:31.0214|INFO|CameraChooserVM.cs|GetEquipment|244|Found 0 SBIG Cameras
2025-08-30T13:12:32.5186|INFO|PluginLoader.cs|LoadPlugin|416|Successfully loaded plugin Autofocus Report Analysis version 2.0.0.9 by Stefan Berg @isbeorn
2025-08-30T13:12:32.8969|INFO|PluginLoader.cs|LoadPlugin|416|Successfully loaded plugin Connector version 2.0.3.0 by Stefan Berg
2025-08-30T13:12:33.0613|INFO|PluginLoader.cs|LoadPlugin|416|Successfully loaded plugin Device Actions and Commands version 2.0.0.0 by Dale Ghent
2025-08-30T13:12:34.1992|INFO|PluginLoader.cs|LoadPlugin|416|Successfully loaded plugin Discord Alert version 2.2.0.0 by Drew McDermott
2025-08-30T13:12:34.9730|INFO|PluginLoader.cs|LoadPlugin|416|Successfully loaded plugin Discord Notification version 1.0.0.1 by Daniel Ludwig
2025-08-30T13:12:35.1678|INFO|PluginLoader.cs|LoadPlugin|416|Successfully loaded plugin Filter Offset Calculator version 2.0.0.0 by S. Dimant & Stefan Berg
2025-08-30T13:12:35.3990|INFO|PluginLoader.cs|LoadPlugin|416|Successfully loaded plugin Flexure Correction version 0.8.0.0 by Francesco Meschia
2025-08-30T13:12:36.0092|INFO|ApplicationVM.cs|CheckDiskInfo|100|Available Space on Drive C:\: 166.45 GB
2025-08-30T13:12:36.0160|INFO|ApplicationVM.cs|CheckDiskInfo|102|Drive E:\ is not ready
2025-08-30T13:12:36.0177|INFO|ApplicationVM.cs|CheckDiskInfo|100|Available Space on Drive G:\: 60.86 GB
2025-08-30T13:12:36.0267|INFO|ApplicationVM.cs|CheckDiskInfo|100|Available Space on Drive Z:\: 33.84 GB
2025-08-30T13:12:36.7459|INFO|ApplicationVM.cs|CheckASCOMPlatformVersion|81|ASCOM Platform 6.6.2.4195 installed
2025-08-30T13:12:37.7036|INFO|PluginLoader.cs|LoadPlugin|416|Successfully loaded plugin Ground Station version 2.4.1.0 by Dale Ghent
2025-08-30T13:12:48.0876|INFO|PluginLoader.cs|LoadPlugin|416|Successfully loaded plugin Hocus Focus version 3.0.0.21 by George Hilios (jokogeo)
2025-08-30T13:12:48.9497|INFO|PluginLoader.cs|LoadPlugin|416|Successfully loaded plugin Horizon Creator version 1.1.2.0 by Christian Palm
2025-08-30T13:12:49.1451|INFO|PluginLoader.cs|LoadPlugin|416|Successfully loaded plugin Moon Angle version 2.2.0.0 by Dale Ghent
2025-08-30T13:12:49.4592|INFO|PluginLoader.cs|LoadPlugin|416|Successfully loaded plugin PixInsight Tools version 1.0.0.3 by Stefan Berg
2025-08-30T13:12:51.1091|WARNING|When.cs|GetRunningItem|143|Can't get running items: SequencerNavigation not initialized yet!
2025-08-30T13:12:51.3610|INFO|PluginLoader.cs|LoadPlugin|416|Successfully loaded plugin Sequencer Powerups version 3.28.4.0 by Marc Blank
2025-08-30T13:12:51.4826|INFO|PluginLoader.cs|LoadPlugin|416|Successfully loaded plugin Shutdown PC version 2.2.0.0 by Dale Ghent
2025-08-30T13:12:51.8923|INFO|PluginLoader.cs|LoadPlugin|416|Successfully loaded plugin Smart Filters version 1.0.0.3 by Benoit SAINTOT
2025-08-30T13:12:52.3619|INFO|PluginLoader.cs|LoadPlugin|416|Successfully loaded plugin Target Planning version 3.2.1.0 by Tom Palmer @tcpalmer
2025-08-30T13:12:54.0310|ERROR|DllLoader.cs|LoadDllFromAbsolutePath|53|DllLoader failed to load library C:\Program Files\N.I.N.A. - Nighttime Imaging 'N' Astronomy\External\x64\SQLite\SQLite.Interop.dll due to error code 126
2025-08-30T13:12:54.8565|INFO|PluginLoader.cs|LoadPlugin|416|Successfully loaded plugin Target Scheduler version 5.7.3.0 by Tom Palmer @tcpalmer
2025-08-30T13:12:55.2510|INFO|PluginLoader.cs|LoadPlugin|416|Successfully loaded plugin Three Point Polar Alignment version 2.2.4.0 by Stefan Berg @isbeorn
2025-08-30T13:12:55.2662|INFO|PluginFetcher.cs|RequestAll|43|Fetching plugin manifests from https://nighttime-imaging.eu/wp-json/nina/v1/plugins/manifests
2025-08-30T13:12:56.2108|WARNING|When.cs|GetRunningItem|143|Can't get running items: SequencerNavigation not initialized yet!
2025-08-30T13:12:56.3643|INFO|CameraChooserVM.cs|GetEquipment|264|Found 0 SVBony Cameras
2025-08-30T13:12:56.5220|INFO|CameraChooserVM.cs|GetEquipment|264|Found 0 PlayerOne Cameras
2025-08-30T13:12:56.6441|INFO|CameraChooserVM.cs|GetEquipment|264|Found 0 ASTPAN Cameras
2025-08-30T13:12:56.6461|INFO|CameraChooserVM.cs|GetEquipment|278|Found 4 ASCOM Cameras
2025-08-30T13:12:56.8118|INFO|PluginFetcher.cs|RequestAll|57|Found 56 valid plugins at https://nighttime-imaging.eu/wp-json/nina/v1/plugins/manifests
2025-08-30T13:12:57.3187|INFO|DomeChooserVM.cs|GetEquipment|67|Found 0 Alpaca Domes
2025-08-30T13:12:57.3187|INFO|TelescopeChooserVM.cs|GetEquipment|69|Found 0 Alpaca Telescopes
2025-08-30T13:12:57.3187|INFO|FlatDeviceChooserVM.cs|GetEquipment|67|Found 0 Alpaca Cover Calibrators
2025-08-30T13:12:57.3314|INFO|FilterWheelChooserVM.cs|GetEquipment|193|Found 0 Alpaca Filter Wheels
2025-08-30T13:12:57.3417|INFO|SafetyMonitorChooserVM.cs|GetEquipment|71|Found 0 Alpaca Safety Monitors
2025-08-30T13:12:57.3464|INFO|RotatorChooserVM.cs|GetEquipment|68|Found 0 Alpaca Rotators
2025-08-30T13:12:57.3633|INFO|FocuserChooserVM.cs|GetEquipment|67|Found 0 Alpaca Focusers
2025-08-30T13:12:57.3708|INFO|SwitchChooserVM.cs|GetEquipment|71|Found 0 Alpaca Switch Hubs
2025-08-30T13:12:58.1208|INFO|WeatherDataChooserVM.cs|GetEquipment|69|Found 0 Alpaca Observing Conditions
2025-08-30T13:12:58.6558|INFO|CameraChooserVM.cs|GetEquipment|290|Found 0 Alpaca Cameras
2025-08-30T13:12:58.6612|INFO|CameraChooserVM.cs|GetEquipment|303|Found 0 Canon Cameras
2025-08-30T13:17:26.6928|INFO|CameraVM.cs|Disconnect|645|Disconnected Camera
2025-08-30T13:17:26.7133|INFO|FilterWheelVM.cs|Disconnect|324|Disconnected Filter Wheel
2025-08-30T13:17:30.0237|INFO|FilterWheelVM.cs|ChooseFW|272|Successfully connected Filter Wheel. Id: ASCOM.EFW2.FilterWheel Name: ZWO FilterWheel (1) DisplayName: ZWO FilterWheel (1) Driver Version: 6.0
2025-08-30T13:17:30.0583|INFO|TelescopeVM.cs|Disconnect|763|Disconnected mount
2025-08-30T13:17:33.0196|INFO|AscomTelescope.cs|CheckMountTime|817|Mount UTC Time: 2025-08-30 18:17:31Z / System UTC Time: 2025-08-30 18:17:33Z; Difference: 1.841 seconds
2025-08-30T13:17:33.0759|INFO|AscomTelescope.cs|CheckMountTime|824|System time has been synced to the mount
2025-08-30T13:17:33.3894|INFO|TelescopeVM.cs|ChooseTelescope|518|Successfully connected mount. Id: ASCOM.iOptron2017.Telescope Name: iOptron CEM120,70,40,26, GEM, HEM, HAE, HAZ series and SkyHunter Mount DisplayName: iOptron CEM120,70,40,26, GEM, HEM, HAE, HAZ series and SkyHunter Mount Driver Version: 9.15
2025-08-30T13:17:33.3944|INFO|FocuserVM.cs|Disconnect|426|Disconnected Focuser
2025-08-30T13:17:34.5952|ERROR|AscomDevice.cs|GetProperty|398|An unexpected exception occurred during GET of Focuser.StepSize: 
ASCOM.DriverException: The method or operation is not implemented.
 ---> System.NotImplementedException: The method or operation is not implemented.
   --- End of inner exception stack trace ---
   at ASCOM.Com.DriverAccess.DynamicAccess.CheckDotNetExceptions(String memberName, Exception e)
   at ASCOM.Com.DriverAccess.DynamicAccess.TryGetMember(GetMemberBinder binder, Object& result)
   at CallSite.Target(Closure, CallSite, Object)
   at System.Dynamic.UpdateDelegates.UpdateAndExecute1[T0,TRet](CallSite site, T0 arg0)
   at ASCOM.Com.DriverAccess.Focuser.get_StepSize()
   at System.RuntimeMethodHandle.InvokeMethod(Object target, Void** arguments, Signature sig, Boolean isConstructor)
   at System.Reflection.MethodBaseInvoker.InvokeWithNoArgs(Object obj, BindingFlags invokeAttr)
2025-08-30T13:17:34.7974|INFO|AscomDevice.cs|GetProperty|356|Retrying to GET Focuser.StepSize - Attempt 2 / 3
2025-08-30T13:17:34.7988|ERROR|AscomDevice.cs|GetProperty|398|An unexpected exception occurred during GET of Focuser.StepSize: 
ASCOM.DriverException: The method or operation is not implemented.
 ---> System.NotImplementedException: The method or operation is not implemented.
   --- End of inner exception stack trace ---
   at ASCOM.Com.DriverAccess.DynamicAccess.CheckDotNetExceptions(String memberName, Exception e)
   at ASCOM.Com.DriverAccess.DynamicAccess.TryGetMember(GetMemberBinder binder, Object& result)
   at CallSite.Target(Closure, CallSite, Object)
   at ASCOM.Com.DriverAccess.Focuser.get_StepSize()
   at InvokeStub_Focuser.get_StepSize(Object, Object, IntPtr*)
   at System.Reflection.MethodBaseInvoker.InvokeWithNoArgs(Object obj, BindingFlags invokeAttr)
2025-08-30T13:17:34.9996|INFO|AscomDevice.cs|GetProperty|356|Retrying to GET Focuser.StepSize - Attempt 3 / 3
2025-08-30T13:17:35.0008|ERROR|AscomDevice.cs|GetProperty|398|An unexpected exception occurred during GET of Focuser.StepSize: 
ASCOM.DriverException: The method or operation is not implemented.
 ---> System.NotImplementedException: The method or operation is not implemented.
   --- End of inner exception stack trace ---
   at ASCOM.Com.DriverAccess.DynamicAccess.CheckDotNetExceptions(String memberName, Exception e)
   at ASCOM.Com.DriverAccess.DynamicAccess.TryGetMember(GetMemberBinder binder, Object& result)
   at CallSite.Target(Closure, CallSite, Object)
   at ASCOM.Com.DriverAccess.Focuser.get_StepSize()
   at InvokeStub_Focuser.get_StepSize(Object, Object, IntPtr*)
   at System.Reflection.MethodBaseInvoker.InvokeWithNoArgs(Object obj, BindingFlags invokeAttr)
2025-08-30T13:17:35.0012|INFO|AscomDevice.cs|GetProperty|408|GET Focuser.StepSize failed - Returning last known value 0
2025-08-30T13:17:35.2201|INFO|FocuserVM.cs|ChooseFocuser|324|Successfully connected Focuser. Id: ASCOM.EAF.Focuser Name: ZWO Focuser (1) DisplayName: ZWO Focuser (1) Driver Version: 6.0
2025-08-30T13:17:35.2379|INFO|RotatorVM.cs|Disconnect|438|Disconnected Rotator
2025-08-30T13:17:35.2596|INFO|PHD2Guider.cs|Connect|202|Connecting to PHD2 server at 127.0.0.1:4400
2025-08-30T13:17:42.6279|INFO|FlatDeviceVM.cs|Disconnect|279|Disconnected Flat Device
2025-08-30T13:17:42.6353|INFO|WeatherDataVM.cs|Disconnect|292|Disconnected Weather Device
2025-08-30T13:17:44.2956|INFO|AscomDevice.cs|GetProperty|379|Property ObservingConditions.SkyQuality GET is not implemented in this driver (SkyAlert Observing Conditions)
2025-08-30T13:17:44.3028|INFO|AscomDevice.cs|GetProperty|379|Property ObservingConditions.StarFWHM GET is not implemented in this driver (SkyAlert Observing Conditions)
2025-08-30T13:17:44.3173|INFO|WeatherDataVM.cs|ChooseWeatherData|143|Successfully connected Weather Device. Id: ASCOM.SkyAlert.ObservingConditions Name: SkyAlert Observing Conditions DisplayName: SkyAlert Observing Conditions Driver Version: 1.7
2025-08-30T13:17:44.3240|INFO|SwitchVM.cs|Disconnect|298|Disconnected Switch
2025-08-30T13:17:44.3713|INFO|DomeVM.cs|Disconnect|336|Disconnected Dome Device
2025-08-30T13:17:44.3765|INFO|SafetyMonitorVM.cs|Disconnect|208|Disconnected Safety Monitor
2025-08-30T13:17:44.8761|INFO|SafetyMonitorVM.cs|Connect|168|Successfully connected Safety Monitor. Id: ASCOM.GenericFile.SafetyMonitor Name: Generic File SafetyMonitor DisplayName: Generic File SafetyMonitor Driver Version: 6.4
2025-08-30T13:17:46.8827|INFO|SafetyMonitorVM.cs|UpdateMonitorValues|94|SafetyMonitorInfo state changed to Unsafe
2025-08-30T13:44:47.2277|ERROR|AscomDevice.cs|GetProperty|398|An unexpected exception occurred during GET of Focuser.IsMoving: 
ASCOM.DriverAccessCOMException (0x00000000): IsMoving Failure
 ---> System.Runtime.InteropServices.COMException (0x00000000): IsMoving Failure
   at ASCOM.Com.DriverAccess.DynamicAccess.CheckDotNetExceptions(String memberName, Exception e)
   at ASCOM.Com.DriverAccess.DynamicAccess.TryGetMember(GetMemberBinder binder, Object& result)
   at CallSite.Target(Closure, CallSite, Object)
   at ASCOM.Com.DriverAccess.Focuser.get_IsMoving()
   at InvokeStub_Focuser.get_IsMoving(Object, Object, IntPtr*)
   at System.Reflection.MethodBaseInvoker.InvokeWithNoArgs(Object obj, BindingFlags invokeAttr)
2025-08-30T13:44:47.4304|INFO|AscomDevice.cs|GetProperty|356|Retrying to GET Focuser.IsMoving - Attempt 2 / 3
2025-08-30T13:44:47.4355|ERROR|AscomDevice.cs|GetProperty|398|An unexpected exception occurred during GET of Focuser.IsMoving: 
ASCOM.DriverAccessCOMException (0x00000000): IsMoving Failure
 ---> System.Runtime.InteropServices.COMException (0x00000000): IsMoving Failure
   at ASCOM.Com.DriverAccess.DynamicAccess.CheckDotNetExceptions(String memberName, Exception e)
   at ASCOM.Com.DriverAccess.DynamicAccess.TryGetMember(GetMemberBinder binder, Object& result)
   at CallSite.Target(Closure, CallSite, Object)
   at ASCOM.Com.DriverAccess.Focuser.get_IsMoving()
   at InvokeStub_Focuser.get_IsMoving(Object, Object, IntPtr*)
   at System.Reflection.MethodBaseInvoker.InvokeWithNoArgs(Object obj, BindingFlags invokeAttr)
2025-08-30T13:44:47.6384|INFO|AscomDevice.cs|GetProperty|356|Retrying to GET Focuser.IsMoving - Attempt 3 / 3
2025-08-30T13:44:47.6396|ERROR|AscomDevice.cs|GetProperty|398|An unexpected exception occurred during GET of Focuser.IsMoving: 
ASCOM.DriverAccessCOMException (0x00000000): IsMoving Failure
 ---> System.Runtime.InteropServices.COMException (0x00000000): IsMoving Failure
   at ASCOM.Com.DriverAccess.DynamicAccess.CheckDotNetExceptions(String memberName, Exception e)
   at ASCOM.Com.DriverAccess.DynamicAccess.TryGetMember(GetMemberBinder binder, Object& result)
   at CallSite.Target(Closure, CallSite, Object)
   at ASCOM.Com.DriverAccess.Focuser.get_IsMoving()
   at InvokeStub_Focuser.get_IsMoving(Object, Object, IntPtr*)
   at System.Reflection.MethodBaseInvoker.InvokeWithNoArgs(Object obj, BindingFlags invokeAttr)
2025-08-30T13:44:47.6399|INFO|AscomDevice.cs|GetProperty|408|GET Focuser.IsMoving failed - Returning last known value False
2025-08-30T13:44:49.2299|ERROR|AscomDevice.cs|GetProperty|398|An unexpected exception occurred during GET of Focuser.IsMoving: 
ASCOM.DriverAccessCOMException (0x00000000): IsMoving Failure
 ---> System.Runtime.InteropServices.COMException (0x00000000): IsMoving Failure
   at ASCOM.Com.DriverAccess.DynamicAccess.CheckDotNetExceptions(String memberName, Exception e)
   at ASCOM.Com.DriverAccess.DynamicAccess.TryGetMember(GetMemberBinder binder, Object& result)
   at CallSite.Target(Closure, CallSite, Object)
   at ASCOM.Com.DriverAccess.Focuser.get_IsMoving()
   at InvokeStub_Focuser.get_IsMoving(Object, Object, IntPtr*)
   at System.Reflection.MethodBaseInvoker.InvokeWithNoArgs(Object obj, BindingFlags invokeAttr)
2025-08-30T13:44:49.4344|INFO|AscomDevice.cs|GetProperty|356|Retrying to GET Focuser.IsMoving - Attempt 2 / 3
2025-08-30T13:44:49.4369|ERROR|AscomDevice.cs|GetProperty|398|An unexpected exception occurred during GET of Focuser.IsMoving: 
ASCOM.DriverAccessCOMException (0x00000000): IsMoving Failure
 ---> System.Runtime.InteropServices.COMException (0x00000000): IsMoving Failure
   at ASCOM.Com.DriverAccess.DynamicAccess.CheckDotNetExceptions(String memberName, Exception e)
   at ASCOM.Com.DriverAccess.DynamicAccess.TryGetMember(GetMemberBinder binder, Object& result)
   at CallSite.Target(Closure, CallSite, Object)
   at ASCOM.Com.DriverAccess.Focuser.get_IsMoving()
   at InvokeStub_Focuser.get_IsMoving(Object, Object, IntPtr*)
   at System.Reflection.MethodBaseInvoker.InvokeWithNoArgs(Object obj, BindingFlags invokeAttr)
2025-08-30T13:44:49.6401|INFO|AscomDevice.cs|GetProperty|356|Retrying to GET Focuser.IsMoving - Attempt 3 / 3
2025-08-30T13:44:49.6426|ERROR|AscomDevice.cs|GetProperty|398|An unexpected exception occurred during GET of Focuser.IsMoving: 
ASCOM.DriverAccessCOMException (0x00000000): IsMoving Failure
 ---> System.Runtime.InteropServices.COMException (0x00000000): IsMoving Failure
   at ASCOM.Com.DriverAccess.DynamicAccess.CheckDotNetExceptions(String memberName, Exception e)
   at ASCOM.Com.DriverAccess.DynamicAccess.TryGetMember(GetMemberBinder binder, Object& result)
   at CallSite.Target(Closure, CallSite, Object)
   at ASCOM.Com.DriverAccess.Focuser.get_IsMoving()
   at InvokeStub_Focuser.get_IsMoving(Object, Object, IntPtr*)
   at System.Reflection.MethodBaseInvoker.InvokeWithNoArgs(Object obj, BindingFlags invokeAttr)
2025-08-30T13:44:49.6432|INFO|AscomDevice.cs|GetProperty|408|GET Focuser.IsMoving failed - Returning last known value False
2025-08-30T13:44:50.2637|INFO|ApplicationDeviceConnectionVM.cs|UsbDeviceWatcher_DeviceRemoved|178|USB Device disconnected DeviceId: USB\VID_03C3&PID_1F10\7&2414095C&0&1, PnpDeviceId: USB\VID_03C3&PID_1F10\7&2414095C&0&1, Description: USB Input Device, Name: USB Input Device, Manufacturer: (Standard system devices), Service: HidUsb, Status: OK
2025-08-30T13:44:50.2640|INFO|ApplicationDeviceConnectionVM.cs|UsbDeviceWatcher_DeviceRemoved|178|USB Device disconnected DeviceId: USB\VID_2109&PID_2817\6&26B592B5&0&3, PnpDeviceId: USB\VID_2109&PID_2817\6&26B592B5&0&3, Description: Generic USB Hub, Name: Generic USB Hub, Manufacturer: (Standard USB HUBs), Service: USBHUB3, Status: OK
2025-08-30T13:44:50.2640|INFO|ApplicationDeviceConnectionVM.cs|UsbDeviceWatcher_DeviceRemoved|178|USB Device disconnected DeviceId: USB\VID_04B4&PID_6572\7&2414095C&0&2, PnpDeviceId: USB\VID_04B4&PID_6572\7&2414095C&0&2, Description: Generic USB Hub, Name: Generic USB Hub, Manufacturer: (Standard USB HUBs), Service: USBHUB3, Status: OK
2025-08-30T13:44:50.2640|INFO|ApplicationDeviceConnectionVM.cs|UsbDeviceWatcher_DeviceRemoved|178|USB Device disconnected DeviceId: USB\VID_2109&PID_8817\0000000000000001, PnpDeviceId: USB\VID_2109&PID_8817\0000000000000001, Description: Billboard Device, Name: USB Billboard Device   , Manufacturer: WinUsb Device, Service: WINUSB, Status: OK
2025-08-30T13:44:50.2641|INFO|ApplicationDeviceConnectionVM.cs|UsbDeviceWatcher_DeviceRemoved|178|USB Device disconnected DeviceId: USB\VID_1233&PID_1455&MI_00\7&2FB465CB&0&0000, PnpDeviceId: USB\VID_1233&PID_1455&MI_00\7&2FB465CB&0&0000, Description: USB Video Device, Name: iOptron iPolar, Manufacturer: Microsoft, Service: usbvideo, Status: OK
2025-08-30T13:44:50.2641|INFO|ApplicationDeviceConnectionVM.cs|UsbDeviceWatcher_DeviceRemoved|178|USB Device disconnected DeviceId: USB\VID_03C3&PID_1F01\8&2CE6183B&0&3, PnpDeviceId: USB\VID_03C3&PID_1F01\8&2CE6183B&0&3, Description: USB Input Device, Name: USB Input Device, Manufacturer: (Standard system devices), Service: HidUsb, Status: OK
2025-08-30T13:44:50.2641|INFO|ApplicationDeviceConnectionVM.cs|UsbDeviceWatcher_DeviceRemoved|178|USB Device disconnected DeviceId: USB\VID_03C3&PID_533E\8&2CE6183B&0&1, PnpDeviceId: USB\VID_03C3&PID_533E\8&2CE6183B&0&1, Description: ZWO ASI533MM Pro Camera, Name: ZWO ASI533MM Pro Camera, Manufacturer: ZWO, Service: ASICAMUSB3, Status: OK
2025-08-30T13:44:50.2641|INFO|ApplicationDeviceConnectionVM.cs|UsbDeviceWatcher_DeviceRemoved|178|USB Device disconnected DeviceId: USB\VID_1233&PID_1455\6&26B592B5&0&4, PnpDeviceId: USB\VID_1233&PID_1455\6&26B592B5&0&4, Description: USB Composite Device, Name: USB Composite Device, Manufacturer: (Standard USB Host Controller), Service: usbccgp, Status: OK
2025-08-30T13:44:50.2642|INFO|ApplicationDeviceConnectionVM.cs|UsbDeviceWatcher_DeviceRemoved|178|USB Device disconnected DeviceId: USB\VID_03C3&PID_120C\8&2CE6183B&0&2, PnpDeviceId: USB\VID_03C3&PID_120C\8&2CE6183B&0&2, Description: ZWO ASI120MM Mini Camera, Name: ZWO ASI120MM Mini Camera, Manufacturer: ZWO, Service: ASICAMUSB3, Status: OK
2025-08-30T13:44:51.2126|INFO|ApplicationDeviceConnectionVM.cs|UsbDeviceWatcher_DeviceInserted|173|New USB device detected DeviceId: USB\VID_1233&PID_1455\6&26B592B5&0&4, PnpDeviceId: USB\VID_1233&PID_1455\6&26B592B5&0&4, Description: USB Composite Device, Name: USB Composite Device, Manufacturer: (Standard USB Host Controller), Service: usbccgp, Status: OK
2025-08-30T13:44:51.3196|ERROR|AscomDevice.cs|GetProperty|398|An unexpected exception occurred during GET of Focuser.IsMoving: 
ASCOM.DriverAccessCOMException (0x00000000): IsMoving Failure
 ---> System.Runtime.InteropServices.COMException (0x00000000): IsMoving Failure
   at ASCOM.Com.DriverAccess.DynamicAccess.CheckDotNetExceptions(String memberName, Exception e)
   at ASCOM.Com.DriverAccess.DynamicAccess.TryGetMember(GetMemberBinder binder, Object& result)
   at CallSite.Target(Closure, CallSite, Object)
   at ASCOM.Com.DriverAccess.Focuser.get_IsMoving()
   at InvokeStub_Focuser.get_IsMoving(Object, Object, IntPtr*)
   at System.Reflection.MethodBaseInvoker.InvokeWithNoArgs(Object obj, BindingFlags invokeAttr)
2025-08-30T13:44:51.5621|INFO|AscomDevice.cs|GetProperty|356|Retrying to GET Focuser.IsMoving - Attempt 2 / 3
2025-08-30T13:44:51.7772|INFO|ApplicationDeviceConnectionVM.cs|UsbDeviceWatcher_DeviceInserted|173|New USB device detected DeviceId: USB\VID_03C3&PID_1F10\7&2414095C&0&1, PnpDeviceId: USB\VID_03C3&PID_1F10\7&2414095C&0&1, Description: USB Input Device, Name: USB Input Device, Manufacturer: (Standard system devices), Service: HidUsb, Status: OK
2025-08-30T13:44:51.7773|INFO|ApplicationDeviceConnectionVM.cs|UsbDeviceWatcher_DeviceInserted|173|New USB device detected DeviceId: USB\VID_04B4&PID_6572\7&2414095C&0&2, PnpDeviceId: USB\VID_04B4&PID_6572\7&2414095C&0&2, Description: Generic USB Hub, Name: Generic USB Hub, Manufacturer: (Standard USB HUBs), Service: USBHUB3, Status: OK
2025-08-30T13:44:52.3286|INFO|ApplicationDeviceConnectionVM.cs|UsbDeviceWatcher_DeviceInserted|173|New USB device detected DeviceId: USB\VID_03C3&PID_1F01\8&2CE6183B&0&3, PnpDeviceId: USB\VID_03C3&PID_1F01\8&2CE6183B&0&3, Description: USB Input Device, Name: USB Input Device, Manufacturer: (Standard system devices), Service: HidUsb, Status: OK
2025-08-30T13:44:52.3287|INFO|ApplicationDeviceConnectionVM.cs|UsbDeviceWatcher_DeviceInserted|173|New USB device detected DeviceId: USB\VID_03C3&PID_533E\8&2CE6183B&0&1, PnpDeviceId: USB\VID_03C3&PID_533E\8&2CE6183B&0&1, Description: ZWO ASI533MM Pro Camera, Name: ZWO ASI533MM Pro Camera, Manufacturer: ZWO, Service: ASICAMUSB3, Status: OK
2025-08-30T13:44:52.3288|INFO|ApplicationDeviceConnectionVM.cs|UsbDeviceWatcher_DeviceInserted|173|New USB device detected DeviceId: USB\VID_03C3&PID_120C\8&2CE6183B&0&2, PnpDeviceId: USB\VID_03C3&PID_120C\8&2CE6183B&0&2, Description: ZWO ASI120MM Mini Camera, Name: ZWO ASI120MM Mini Camera, Manufacturer: ZWO, Service: ASICAMUSB3, Status: OK
2025-08-30T13:45:18.3287|INFO|DomeVM.cs|Disconnect|336|Disconnected Dome Device
2025-08-30T13:45:18.3324|INFO|FlatDeviceVM.cs|Disconnect|279|Disconnected Flat Device
2025-08-30T13:45:18.3479|INFO|CameraVM.cs|Disconnect|645|Disconnected Camera
2025-08-30T13:45:18.4375|INFO|AscomDevice.cs|Disconnect|299|Disconnecting from ASCOM.iOptron2017.Telescope iOptron CEM120,70,40,26, GEM, HEM, HAE, HAZ series and SkyHunter Mount
2025-08-30T13:45:18.4788|INFO|TelescopeVM.cs|Disconnect|763|Disconnected mount
2025-08-30T13:45:18.4791|INFO|AscomDevice.cs|Disconnect|299|Disconnecting from ASCOM.EFW2.FilterWheel ZWO FilterWheel (1)
2025-08-30T13:45:18.8276|INFO|FilterWheelVM.cs|Disconnect|324|Disconnected Filter Wheel
2025-08-30T13:45:18.8298|INFO|AscomDevice.cs|Disconnect|299|Disconnecting from ASCOM.EAF.Focuser ZWO Focuser (1)
2025-08-30T13:45:18.8728|INFO|FocuserVM.cs|Disconnect|426|Disconnected Focuser
2025-08-30T13:45:18.8754|INFO|RotatorVM.cs|Disconnect|438|Disconnected Rotator
2025-08-30T13:45:18.8776|INFO|SwitchVM.cs|Disconnect|298|Disconnected Switch
2025-08-30T13:45:18.8791|INFO|AscomDevice.cs|Disconnect|299|Disconnecting from ASCOM.SkyAlert.ObservingConditions SkyAlert Observing Conditions
2025-08-30T13:45:18.8902|INFO|WeatherDataVM.cs|Disconnect|292|Disconnected Weather Device
2025-08-30T13:45:18.8918|INFO|AscomDevice.cs|Disconnect|299|Disconnecting from ASCOM.GenericFile.SafetyMonitor Generic File SafetyMonitor
2025-08-30T13:45:18.8990|INFO|SafetyMonitorVM.cs|Disconnect|208|Disconnected Safety Monitor
2025-08-30T13:45:21.3602|INFO|CameraVM.cs|Disconnect|645|Disconnected Camera
2025-08-30T13:45:21.3991|INFO|FilterWheelVM.cs|Disconnect|324|Disconnected Filter Wheel
2025-08-30T13:45:22.4572|INFO|FilterWheelVM.cs|ChooseFW|272|Successfully connected Filter Wheel. Id: ASCOM.EFW2.FilterWheel Name: ZWO FilterWheel (1) DisplayName: ZWO FilterWheel (1) Driver Version: 6.0
2025-08-30T13:45:22.4581|INFO|TelescopeVM.cs|Disconnect|763|Disconnected mount
2025-08-30T13:45:22.4967|INFO|AscomTelescope.cs|CheckMountTime|817|Mount UTC Time: 2025-08-30 18:45:22Z / System UTC Time: 2025-08-30 18:45:22Z; Difference: 0.224 seconds
2025-08-30T13:45:22.5320|INFO|AscomTelescope.cs|CheckMountTime|824|System time has been synced to the mount
2025-08-30T13:45:22.6029|INFO|TelescopeVM.cs|ChooseTelescope|518|Successfully connected mount. Id: ASCOM.iOptron2017.Telescope Name: iOptron CEM120,70,40,26, GEM, HEM, HAE, HAZ series and SkyHunter Mount DisplayName: iOptron CEM120,70,40,26, GEM, HEM, HAE, HAZ series and SkyHunter Mount Driver Version: 9.15
2025-08-30T13:45:22.6032|INFO|FocuserVM.cs|Disconnect|426|Disconnected Focuser
2025-08-30T13:45:22.8220|ERROR|AscomDevice.cs|GetProperty|398|An unexpected exception occurred during GET of Focuser.StepSize: 
ASCOM.DriverException: The method or operation is not implemented.
 ---> System.NotImplementedException: The method or operation is not implemented.
   --- End of inner exception stack trace ---
   at ASCOM.Com.DriverAccess.DynamicAccess.CheckDotNetExceptions(String memberName, Exception e)
   at ASCOM.Com.DriverAccess.DynamicAccess.TryGetMember(GetMemberBinder binder, Object& result)
   at CallSite.Target(Closure, CallSite, Object)
   at ASCOM.Com.DriverAccess.Focuser.get_StepSize()
   at InvokeStub_Focuser.get_StepSize(Object, Object, IntPtr*)
   at System.Reflection.MethodBaseInvoker.InvokeWithNoArgs(Object obj, BindingFlags invokeAttr)
2025-08-30T13:45:23.0226|INFO|AscomDevice.cs|GetProperty|356|Retrying to GET Focuser.StepSize - Attempt 2 / 3
2025-08-30T13:45:23.0239|ERROR|AscomDevice.cs|GetProperty|398|An unexpected exception occurred during GET of Focuser.StepSize: 
ASCOM.DriverException: The method or operation is not implemented.
 ---> System.NotImplementedException: The method or operation is not implemented.
   --- End of inner exception stack trace ---
   at ASCOM.Com.DriverAccess.DynamicAccess.CheckDotNetExceptions(String memberName, Exception e)
   at ASCOM.Com.DriverAccess.DynamicAccess.TryGetMember(GetMemberBinder binder, Object& result)
   at CallSite.Target(Closure, CallSite, Object)
   at ASCOM.Com.DriverAccess.Focuser.get_StepSize()
   at InvokeStub_Focuser.get_StepSize(Object, Object, IntPtr*)
   at System.Reflection.MethodBaseInvoker.InvokeWithNoArgs(Object obj, BindingFlags invokeAttr)
2025-08-30T13:45:23.2248|INFO|AscomDevice.cs|GetProperty|356|Retrying to GET Focuser.StepSize - Attempt 3 / 3
2025-08-30T13:45:23.2270|ERROR|AscomDevice.cs|GetProperty|398|An unexpected exception occurred during GET of Focuser.StepSize: 
ASCOM.DriverException: The method or operation is not implemented.
 ---> System.NotImplementedException: The method or operation is not implemented.
   --- End of inner exception stack trace ---
   at ASCOM.Com.DriverAccess.DynamicAccess.CheckDotNetExceptions(String memberName, Exception e)
   at ASCOM.Com.DriverAccess.DynamicAccess.TryGetMember(GetMemberBinder binder, Object& result)
   at CallSite.Target(Closure, CallSite, Object)
   at ASCOM.Com.DriverAccess.Focuser.get_StepSize()
   at InvokeStub_Focuser.get_StepSize(Object, Object, IntPtr*)
   at System.Reflection.MethodBaseInvoker.InvokeWithNoArgs(Object obj, BindingFlags invokeAttr)
2025-08-30T13:45:23.2276|INFO|AscomDevice.cs|GetProperty|408|GET Focuser.StepSize failed - Returning last known value 0
2025-08-30T13:45:23.4330|INFO|FocuserVM.cs|ChooseFocuser|324|Successfully connected Focuser. Id: ASCOM.EAF.Focuser Name: ZWO Focuser (1) DisplayName: ZWO Focuser (1) Driver Version: 6.0
2025-08-30T13:45:23.4393|INFO|RotatorVM.cs|Disconnect|438|Disconnected Rotator
2025-08-30T13:45:23.4446|INFO|PHD2Guider.cs|Connect|202|Connecting to PHD2 server at 127.0.0.1:4400
2025-08-30T13:45:26.9850|INFO|FlatDeviceVM.cs|Disconnect|279|Disconnected Flat Device
2025-08-30T13:45:26.9913|INFO|WeatherDataVM.cs|Disconnect|292|Disconnected Weather Device
2025-08-30T13:45:27.4196|INFO|AscomDevice.cs|GetProperty|379|Property ObservingConditions.SkyQuality GET is not implemented in this driver (SkyAlert Observing Conditions)
2025-08-30T13:45:27.4219|INFO|AscomDevice.cs|GetProperty|379|Property ObservingConditions.StarFWHM GET is not implemented in this driver (SkyAlert Observing Conditions)
2025-08-30T13:45:27.4228|INFO|WeatherDataVM.cs|ChooseWeatherData|143|Successfully connected Weather Device. Id: ASCOM.SkyAlert.ObservingConditions Name: SkyAlert Observing Conditions DisplayName: SkyAlert Observing Conditions Driver Version: 1.7
2025-08-30T13:45:27.4245|INFO|SwitchVM.cs|Disconnect|298|Disconnected Switch
2025-08-30T13:45:27.4280|INFO|DomeVM.cs|Disconnect|336|Disconnected Dome Device
2025-08-30T13:45:27.4302|INFO|SafetyMonitorVM.cs|Disconnect|208|Disconnected Safety Monitor
2025-08-30T13:45:27.5183|INFO|SafetyMonitorVM.cs|Connect|168|Successfully connected Safety Monitor. Id: ASCOM.GenericFile.SafetyMonitor Name: Generic File SafetyMonitor DisplayName: Generic File SafetyMonitor Driver Version: 6.4
2025-08-30T13:45:29.5268|INFO|SafetyMonitorVM.cs|UpdateMonitorValues|94|SafetyMonitorInfo state changed to Unsafe
2025-08-30T13:45:35.0394|INFO|DockManagerVM.cs|InitializeAvalonDockLayout|356|Initializing imaging tab layout from C:\Users\nicka\AppData\Local\NINA\Profiles\0173997c-4bfa-48fd-9337-a48b6df99c38.dock.config
2025-08-30T13:46:10.7019|INFO|CameraVM.cs|Disconnect|645|Disconnected Camera
2025-08-30T13:46:11.2799|WARNING|ASICamera.cs|SetControlValue|583|Failed to set ASI Control Value ASI_WB_B with value 50
2025-08-30T13:46:11.2801|WARNING|ASICamera.cs|SetControlValue|583|Failed to set ASI Control Value ASI_WB_R with value 50
2025-08-30T13:46:11.2802|WARNING|ASICamera.cs|SetControlValue|583|Failed to set ASI Control Value ASI_GAMMA with value 50
2025-08-30T13:46:11.2802|WARNING|ASICamera.cs|SetControlValue|583|Failed to set ASI Control Value ASI_HIGH_SPEED_MODE with value 0
2025-08-30T13:46:11.2803|WARNING|ASICamera.cs|SetControlValue|583|Failed to set ASI Control Value ASI_OVERCLOCK with value 0
2025-08-30T13:46:11.2804|WARNING|ASICamera.cs|SetControlValue|583|Failed to set ASI Control Value ASI_PATTERN_ADJUST with value 0
2025-08-30T13:46:11.2816|WARNING|ASICamera.cs|SetControlValue|583|Failed to set ASI Control Value ASI_MONO_BIN with value 0
2025-08-30T13:46:11.2828|INFO|ASICamera.cs|Initialize|677|Camera ID: ASI533MM
2025-08-30T13:46:11.2977|WARNING|ASICamera.cs|SetControlValue|583|Failed to set ASI Control Value ASI_ANTI_DEW_HEATER with value 0
2025-08-30T13:46:11.4208|INFO|CameraVM.cs|ChooseCamera|448|Successfully connected Camera. Id: ZWO ASI533MM Pro #0 Name: ZWO ASI533MM Pro DisplayName: ZWO ASI533MM Pro (ASI533MM)Driver Version: 1, 36, 0, 0
2025-08-30T13:46:23.9574|INFO|DomeVM.cs|Disconnect|336|Disconnected Dome Device
2025-08-30T13:46:23.9580|INFO|FlatDeviceVM.cs|Disconnect|279|Disconnected Flat Device
2025-08-30T13:46:24.0260|INFO|CameraVM.cs|Disconnect|645|Disconnected Camera
2025-08-30T13:46:24.0277|INFO|AscomDevice.cs|Disconnect|299|Disconnecting from ASCOM.iOptron2017.Telescope iOptron CEM120,70,40,26, GEM, HEM, HAE, HAZ series and SkyHunter Mount
2025-08-30T13:46:24.0404|INFO|TelescopeVM.cs|Disconnect|763|Disconnected mount
2025-08-30T13:46:24.0405|INFO|AscomDevice.cs|Disconnect|299|Disconnecting from ASCOM.EFW2.FilterWheel ZWO FilterWheel (1)
2025-08-30T13:46:24.0502|INFO|FilterWheelVM.cs|Disconnect|324|Disconnected Filter Wheel
2025-08-30T13:46:24.0515|INFO|AscomDevice.cs|Disconnect|299|Disconnecting from ASCOM.EAF.Focuser ZWO Focuser (1)
2025-08-30T13:46:24.0715|INFO|FocuserVM.cs|Disconnect|426|Disconnected Focuser
2025-08-30T13:46:24.0718|INFO|RotatorVM.cs|Disconnect|438|Disconnected Rotator
2025-08-30T13:46:24.0719|INFO|SwitchVM.cs|Disconnect|298|Disconnected Switch
2025-08-30T13:46:24.0730|INFO|AscomDevice.cs|Disconnect|299|Disconnecting from ASCOM.SkyAlert.ObservingConditions SkyAlert Observing Conditions
2025-08-30T13:46:24.0776|INFO|WeatherDataVM.cs|Disconnect|292|Disconnected Weather Device
2025-08-30T13:46:24.0787|INFO|AscomDevice.cs|Disconnect|299|Disconnecting from ASCOM.GenericFile.SafetyMonitor Generic File SafetyMonitor
2025-08-30T13:46:24.0836|INFO|SafetyMonitorVM.cs|Disconnect|208|Disconnected Safety Monitor
2025-08-30T13:46:27.6267|INFO|CameraVM.cs|Disconnect|645|Disconnected Camera
2025-08-30T13:46:28.1543|WARNING|ASICamera.cs|SetControlValue|583|Failed to set ASI Control Value ASI_WB_B with value 50
2025-08-30T13:46:28.1545|WARNING|ASICamera.cs|SetControlValue|583|Failed to set ASI Control Value ASI_WB_R with value 50
2025-08-30T13:46:28.1546|WARNING|ASICamera.cs|SetControlValue|583|Failed to set ASI Control Value ASI_GAMMA with value 50
2025-08-30T13:46:28.1546|WARNING|ASICamera.cs|SetControlValue|583|Failed to set ASI Control Value ASI_HIGH_SPEED_MODE with value 0
2025-08-30T13:46:28.1547|WARNING|ASICamera.cs|SetControlValue|583|Failed to set ASI Control Value ASI_OVERCLOCK with value 0
2025-08-30T13:46:28.1548|WARNING|ASICamera.cs|SetControlValue|583|Failed to set ASI Control Value ASI_PATTERN_ADJUST with value 0
2025-08-30T13:46:28.1549|WARNING|ASICamera.cs|SetControlValue|583|Failed to set ASI Control Value ASI_MONO_BIN with value 0
2025-08-30T13:46:28.1561|INFO|ASICamera.cs|Initialize|677|Camera ID: ASI533MM
2025-08-30T13:46:28.1619|WARNING|ASICamera.cs|SetControlValue|583|Failed to set ASI Control Value ASI_ANTI_DEW_HEATER with value 0
2025-08-30T13:46:28.2776|INFO|CameraVM.cs|ChooseCamera|448|Successfully connected Camera. Id: ZWO ASI533MM Pro #0 Name: ZWO ASI533MM Pro DisplayName: ZWO ASI533MM Pro (ASI533MM)Driver Version: 1, 36, 0, 0
2025-08-30T13:46:28.2780|INFO|FilterWheelVM.cs|Disconnect|324|Disconnected Filter Wheel
2025-08-30T13:46:29.3444|INFO|FilterWheelVM.cs|ChooseFW|272|Successfully connected Filter Wheel. Id: ASCOM.EFW2.FilterWheel Name: ZWO FilterWheel (1) DisplayName: ZWO FilterWheel (1) Driver Version: 6.0
2025-08-30T13:46:29.3448|INFO|TelescopeVM.cs|Disconnect|763|Disconnected mount
2025-08-30T13:46:29.3610|INFO|AscomTelescope.cs|CheckMountTime|817|Mount UTC Time: 2025-08-30 18:46:28Z / System UTC Time: 2025-08-30 18:46:29Z; Difference: 0.782 seconds
2025-08-30T13:46:29.3996|INFO|AscomTelescope.cs|CheckMountTime|824|System time has been synced to the mount
2025-08-30T13:46:29.4849|INFO|TelescopeVM.cs|ChooseTelescope|518|Successfully connected mount. Id: ASCOM.iOptron2017.Telescope Name: iOptron CEM120,70,40,26, GEM, HEM, HAE, HAZ series and SkyHunter Mount DisplayName: iOptron CEM120,70,40,26, GEM, HEM, HAE, HAZ series and SkyHunter Mount Driver Version: 9.15
2025-08-30T13:46:29.4852|INFO|FocuserVM.cs|Disconnect|426|Disconnected Focuser
2025-08-30T13:46:29.7028|ERROR|AscomDevice.cs|GetProperty|398|An unexpected exception occurred during GET of Focuser.StepSize: 
ASCOM.DriverException: The method or operation is not implemented.
 ---> System.NotImplementedException: The method or operation is not implemented.
   --- End of inner exception stack trace ---
   at ASCOM.Com.DriverAccess.DynamicAccess.CheckDotNetExceptions(String memberName, Exception e)
   at ASCOM.Com.DriverAccess.DynamicAccess.TryGetMember(GetMemberBinder binder, Object& result)
   at CallSite.Target(Closure, CallSite, Object)
   at ASCOM.Com.DriverAccess.Focuser.get_StepSize()
   at InvokeStub_Focuser.get_StepSize(Object, Object, IntPtr*)
   at System.Reflection.MethodBaseInvoker.InvokeWithNoArgs(Object obj, BindingFlags invokeAttr)
2025-08-30T13:46:29.9036|INFO|AscomDevice.cs|GetProperty|356|Retrying to GET Focuser.StepSize - Attempt 2 / 3
2025-08-30T13:46:29.9047|ERROR|AscomDevice.cs|GetProperty|398|An unexpected exception occurred during GET of Focuser.StepSize: 
ASCOM.DriverException: The method or operation is not implemented.
 ---> System.NotImplementedException: The method or operation is not implemented.
   --- End of inner exception stack trace ---
   at ASCOM.Com.DriverAccess.DynamicAccess.CheckDotNetExceptions(String memberName, Exception e)
   at ASCOM.Com.DriverAccess.DynamicAccess.TryGetMember(GetMemberBinder binder, Object& result)
   at CallSite.Target(Closure, CallSite, Object)
   at ASCOM.Com.DriverAccess.Focuser.get_StepSize()
   at InvokeStub_Focuser.get_StepSize(Object, Object, IntPtr*)
   at System.Reflection.MethodBaseInvoker.InvokeWithNoArgs(Object obj, BindingFlags invokeAttr)
2025-08-30T13:46:30.1054|INFO|AscomDevice.cs|GetProperty|356|Retrying to GET Focuser.StepSize - Attempt 3 / 3
2025-08-30T13:46:30.1077|ERROR|AscomDevice.cs|GetProperty|398|An unexpected exception occurred during GET of Focuser.StepSize: 
ASCOM.DriverException: The method or operation is not implemented.
 ---> System.NotImplementedException: The method or operation is not implemented.
   --- End of inner exception stack trace ---
   at ASCOM.Com.DriverAccess.DynamicAccess.CheckDotNetExceptions(String memberName, Exception e)
   at ASCOM.Com.DriverAccess.DynamicAccess.TryGetMember(GetMemberBinder binder, Object& result)
   at CallSite.Target(Closure, CallSite, Object)
   at ASCOM.Com.DriverAccess.Focuser.get_StepSize()
   at InvokeStub_Focuser.get_StepSize(Object, Object, IntPtr*)
   at System.Reflection.MethodBaseInvoker.InvokeWithNoArgs(Object obj, BindingFlags invokeAttr)
2025-08-30T13:46:30.1083|INFO|AscomDevice.cs|GetProperty|408|GET Focuser.StepSize failed - Returning last known value 0
2025-08-30T13:46:30.3133|INFO|FocuserVM.cs|ChooseFocuser|324|Successfully connected Focuser. Id: ASCOM.EAF.Focuser Name: ZWO Focuser (1) DisplayName: ZWO Focuser (1) Driver Version: 6.0
2025-08-30T13:46:30.3136|INFO|RotatorVM.cs|Disconnect|438|Disconnected Rotator
2025-08-30T13:46:30.4485|INFO|PHD2Guider.cs|Connect|202|Connecting to PHD2 server at 127.0.0.1:4400
2025-08-30T13:46:30.5064|INFO|FlatDeviceVM.cs|Disconnect|279|Disconnected Flat Device
2025-08-30T13:46:30.5067|INFO|WeatherDataVM.cs|Disconnect|292|Disconnected Weather Device
2025-08-30T13:46:30.6816|INFO|AscomDevice.cs|GetProperty|379|Property ObservingConditions.SkyQuality GET is not implemented in this driver (SkyAlert Observing Conditions)
2025-08-30T13:46:30.6832|INFO|AscomDevice.cs|GetProperty|379|Property ObservingConditions.StarFWHM GET is not implemented in this driver (SkyAlert Observing Conditions)
2025-08-30T13:46:30.7013|INFO|WeatherDataVM.cs|ChooseWeatherData|143|Successfully connected Weather Device. Id: ASCOM.SkyAlert.ObservingConditions Name: SkyAlert Observing Conditions DisplayName: SkyAlert Observing Conditions Driver Version: 1.7
2025-08-30T13:46:30.7016|INFO|SwitchVM.cs|Disconnect|298|Disconnected Switch
2025-08-30T13:46:30.7019|INFO|DomeVM.cs|Disconnect|336|Disconnected Dome Device
2025-08-30T13:46:30.7020|INFO|SafetyMonitorVM.cs|Disconnect|208|Disconnected Safety Monitor
2025-08-30T13:46:30.7685|INFO|SafetyMonitorVM.cs|Connect|168|Successfully connected Safety Monitor. Id: ASCOM.GenericFile.SafetyMonitor Name: Generic File SafetyMonitor DisplayName: Generic File SafetyMonitor Driver Version: 6.4
2025-08-30T13:46:32.7770|INFO|SafetyMonitorVM.cs|UpdateMonitorValues|94|SafetyMonitorInfo state changed to Unsafe
2025-08-30T13:46:39.9897|INFO|FilterWheelVM.cs|ChangeFilter|112|Moving to Filter L at Position 0
2025-08-30T13:46:40.2105|INFO|FocuserVM.cs|MoveFocuserInternal|213|Moving Focuser to position 389657
2025-08-30T13:46:44.3761|INFO|CameraVM.cs|Capture|737|Starting Exposure - Exposure Time: 2s; Filter: L; Gain: 100; Offset 40; Binning: 1x1;
2025-08-30T13:46:54.8698|INFO|CameraVM.cs|Capture|737|Starting Exposure - Exposure Time: 2s; Filter: L; Gain: 100; Offset 40; Binning: 1x1;
2025-08-30T13:48:33.0528|INFO|DomeVM.cs|Disconnect|336|Disconnected Dome Device
2025-08-30T13:48:33.0531|INFO|FlatDeviceVM.cs|Disconnect|279|Disconnected Flat Device
2025-08-30T13:48:33.1132|INFO|CameraVM.cs|Disconnect|645|Disconnected Camera
2025-08-30T13:48:33.1145|INFO|AscomDevice.cs|Disconnect|299|Disconnecting from ASCOM.iOptron2017.Telescope iOptron CEM120,70,40,26, GEM, HEM, HAE, HAZ series and SkyHunter Mount
2025-08-30T13:48:33.1281|INFO|TelescopeVM.cs|Disconnect|763|Disconnected mount
2025-08-30T13:48:33.1282|INFO|AscomDevice.cs|Disconnect|299|Disconnecting from ASCOM.EFW2.FilterWheel ZWO FilterWheel (1)
2025-08-30T13:48:33.1361|INFO|FilterWheelVM.cs|Disconnect|324|Disconnected Filter Wheel
2025-08-30T13:48:33.1373|INFO|AscomDevice.cs|Disconnect|299|Disconnecting from ASCOM.EAF.Focuser ZWO Focuser (1)
2025-08-30T13:48:33.1547|INFO|FocuserVM.cs|Disconnect|426|Disconnected Focuser
2025-08-30T13:48:33.1549|INFO|RotatorVM.cs|Disconnect|438|Disconnected Rotator
2025-08-30T13:48:33.1550|INFO|SwitchVM.cs|Disconnect|298|Disconnected Switch
2025-08-30T13:48:33.1561|INFO|AscomDevice.cs|Disconnect|299|Disconnecting from ASCOM.SkyAlert.ObservingConditions SkyAlert Observing Conditions
2025-08-30T13:48:33.1605|INFO|WeatherDataVM.cs|Disconnect|292|Disconnected Weather Device
2025-08-30T13:48:33.1618|INFO|AscomDevice.cs|Disconnect|299|Disconnecting from ASCOM.GenericFile.SafetyMonitor Generic File SafetyMonitor
2025-08-30T13:48:33.1661|INFO|SafetyMonitorVM.cs|Disconnect|208|Disconnected Safety Monitor
2025-08-30T14:14:10.8166|INFO|PluginInstaller.cs|Install|91|Downloading plugin from https://github.com/marcblank/nina.plugin.when/releases/download/3.28.4.1/WhenPlugin.3.28.4.1.zip
2025-08-30T14:14:11.2509|INFO|PluginInstaller.cs|InstallArchive|236|Installing plugin Sequencer Powerups - extracting archive to C:\Users\nicka\AppData\Local\NINA\Plugins\3.0.0\Sequencer Powerups
2025-08-30T14:14:13.5161|INFO|ApplicationVM.cs|Closing|288|Application shutting down
2025-08-30T14:14:13.5586|INFO|DomeVM.cs|Disconnect|336|Disconnected Dome Device
2025-08-30T14:14:13.5589|INFO|FlatDeviceVM.cs|Disconnect|279|Disconnected Flat Device
2025-08-30T14:14:13.5606|INFO|CameraVM.cs|Disconnect|645|Disconnected Camera
2025-08-30T14:14:13.5610|INFO|TelescopeVM.cs|Disconnect|763|Disconnected mount
2025-08-30T14:14:13.5613|INFO|FilterWheelVM.cs|Disconnect|324|Disconnected Filter Wheel
2025-08-30T14:14:13.5619|INFO|FocuserVM.cs|Disconnect|426|Disconnected Focuser
2025-08-30T14:14:13.5621|INFO|RotatorVM.cs|Disconnect|438|Disconnected Rotator
2025-08-30T14:14:13.5622|INFO|SwitchVM.cs|Disconnect|298|Disconnected Switch
2025-08-30T14:14:13.5625|INFO|WeatherDataVM.cs|Disconnect|292|Disconnected Weather Device
2025-08-30T14:14:13.5626|INFO|SafetyMonitorVM.cs|Disconnect|208|Disconnected Safety Monitor
