----------------------------------------------------------------------
--------------N.I.N.A. - Nighttime Imaging 'N' Astronomy--------------
--------------------------Version 3.2.0.3007--------------------------
-------------------------2025-10-16T09:28:03--------------------------
----------------------------------------------------------------------
---------------------Microsoft Windows 10.0.19045---------------------
-------------------------OS Architecture X64--------------------------
-----------------------Process Architecture X64-----------------------
-----------------------------.NET 8.0.19------------------------------
----------------------------------------------------------------------
--------------------------Processor Count 4---------------------------
--------------------Total Physical Memory 7.84 GB---------------------
----------------------------------------------------------------------
DATE|LEVEL|SOURCE|MEMBER|LINE|MESSAGE
2025-10-16T09:28:02.9803|INFO|App.xaml.cs|OnStartup|170|Launched with command line arguments: --sequencefile C:\Users\nicka\Astro\NINA\NINA_Sequences\TargetScheduler.json --runsequence
2025-10-16T09:28:05.7562|INFO|CameraChooserVM.cs|GetEquipment|69|Found 2 ASI Cameras
2025-10-16T09:28:06.2089|INFO|CameraChooserVM.cs|GetEquipment|84|Found 0 Altair Cameras
2025-10-16T09:28:06.5190|INFO|CameraChooserVM.cs|GetEquipment|96|Found 0 Atik Cameras
2025-10-16T09:28:06.6132|INFO|CameraChooserVM.cs|GetEquipment|110|Found 0 FLI Cameras
2025-10-16T09:28:07.8987|INFO|CameraChooserVM.cs|GetEquipment|130|Found 0 QHYCCD Cameras
2025-10-16T09:28:08.5322|INFO|CameraChooserVM.cs|GetEquipment|158|Found 0 ToupTek Cameras
2025-10-16T09:28:08.6882|INFO|CameraChooserVM.cs|GetEquipment|173|Found 0 Ogma Cameras
2025-10-16T09:28:08.8628|INFO|CameraChooserVM.cs|GetEquipment|188|Found 0 Omegon Cameras
2025-10-16T09:28:09.4411|INFO|CameraChooserVM.cs|GetEquipment|203|Found 0 RisingCam Cameras
2025-10-16T09:28:09.5892|INFO|CameraChooserVM.cs|GetEquipment|218|Found 0 MallinCam Cameras
2025-10-16T09:28:09.7314|INFO|CameraChooserVM.cs|GetEquipment|243|Found 0 SVBony Cameras
2025-10-16T09:28:09.7349|INFO|CameraChooserVM.cs|GetEquipment|259|Found 0 SBIG Cameras
2025-10-16T09:28:11.1948|INFO|PluginLoader.cs|LoadPlugin|402|Successfully loaded plugin Autofocus Report Analysis version 2.0.0.9 by Stefan Berg @isbeorn
2025-10-16T09:28:11.4133|INFO|PluginLoader.cs|LoadPlugin|402|Successfully loaded plugin Connector version 2.1.0.2 by Stefan Berg @isbeorn
2025-10-16T09:28:11.6170|INFO|PluginLoader.cs|LoadPlugin|402|Successfully loaded plugin Device Actions and Commands version 2.2.0.0 by Dale Ghent
2025-10-16T09:28:12.2134|INFO|PluginLoader.cs|LoadPlugin|402|Successfully loaded plugin Discord Alert version 2.2.0.0 by Drew McDermott
2025-10-16T09:28:13.3197|INFO|PluginLoader.cs|LoadPlugin|402|Successfully loaded plugin Discord Notification version 2.0.0.6 by Daniel Ludwig
2025-10-16T09:28:13.4850|INFO|PluginLoader.cs|LoadPlugin|402|Successfully loaded plugin Filter Offset Calculator version 2.0.0.0 by S. Dimant & Stefan Berg
2025-10-16T09:28:13.6917|INFO|PluginLoader.cs|LoadPlugin|402|Successfully loaded plugin Flexure Correction version 0.8.0.0 by Francesco Meschia
2025-10-16T09:28:15.2522|INFO|PluginLoader.cs|LoadPlugin|402|Successfully loaded plugin Ground Station version 2.4.1.0 by Dale Ghent
2025-10-16T09:28:25.6704|INFO|PluginLoader.cs|LoadPlugin|402|Successfully loaded plugin Hocus Focus version 3.0.0.23 by George Hilios (jokogeo)
2025-10-16T09:28:26.4781|INFO|PluginLoader.cs|LoadPlugin|402|Successfully loaded plugin Horizon Creator version 1.1.2.0 by Christian Palm
2025-10-16T09:28:26.6802|INFO|PluginLoader.cs|LoadPlugin|402|Successfully loaded plugin Lightbucket version 2.2.4.0 by Lightbucket
2025-10-16T09:28:26.8916|INFO|PluginLoader.cs|LoadPlugin|402|Successfully loaded plugin Log Viewer version 1.0.0.2 by Alexander Wrede @astro_alex80
2025-10-16T09:28:27.0707|INFO|PluginLoader.cs|LoadPlugin|402|Successfully loaded plugin Moon Angle version 2.2.0.0 by Dale Ghent
2025-10-16T09:28:27.3733|INFO|PluginLoader.cs|LoadPlugin|402|Successfully loaded plugin Phd2 Tools version 1.0.6.0 by Stefan Berg @isbeorn
2025-10-16T09:28:27.6869|INFO|PluginLoader.cs|LoadPlugin|402|Successfully loaded plugin PixInsight Tools version 1.0.0.3 by Stefan Berg
2025-10-16T09:28:27.9585|INFO|PluginLoader.cs|LoadPlugin|402|Successfully loaded plugin Scope Control version 2.0.2.1 by Stefan Berg @isbeorn
2025-10-16T09:28:29.9524|WARNING|When.cs|GetRunningItem|143|Can't get running items: SequencerNavigation not initialized yet!
2025-10-16T09:28:30.1909|INFO|PluginLoader.cs|LoadPlugin|402|Successfully loaded plugin Sequencer Powerups version 3.28.4.4 by Marc Blank
2025-10-16T09:28:30.8980|INFO|PluginLoader.cs|LoadPlugin|402|Successfully loaded plugin Session Metadata version 2.6.3.0 by Tom Palmer @tcpalmer
2025-10-16T09:28:31.0219|INFO|PluginLoader.cs|LoadPlugin|402|Successfully loaded plugin Shutdown PC version 2.2.0.0 by Dale Ghent
2025-10-16T09:28:31.2564|INFO|PluginLoader.cs|LoadPlugin|402|Successfully loaded plugin SkyFlats version 1.0.0.3 by Gerald Hitz (@photon)
2025-10-16T09:28:31.6386|INFO|PluginLoader.cs|LoadPlugin|402|Successfully loaded plugin Smart Filters version 1.0.0.3 by Benoit SAINTOT
2025-10-16T09:28:32.0943|INFO|PluginLoader.cs|LoadPlugin|402|Successfully loaded plugin Target Planning version 3.2.1.0 by Tom Palmer @tcpalmer
2025-10-16T09:28:33.7093|ERROR|DllLoader.cs|LoadDllFromAbsolutePath|53|DllLoader failed to load library C:\Program Files\N.I.N.A. - Nighttime Imaging 'N' Astronomy\External\x64\SQLite\SQLite.Interop.dll due to error code 126
2025-10-16T09:28:34.9354|INFO|PluginLoader.cs|LoadPlugin|402|Successfully loaded plugin Target Scheduler version 5.7.3.0 by Tom Palmer @tcpalmer
2025-10-16T09:28:34.9776|WARNING|When.cs|GetRunningItem|143|Can't get running items: SequencerNavigation not initialized yet!
2025-10-16T09:28:35.3464|INFO|PluginLoader.cs|LoadPlugin|402|Successfully loaded plugin Three Point Polar Alignment version 2.2.4.1 by Stefan Berg @isbeorn
2025-10-16T09:28:35.3627|INFO|PluginFetcher.cs|RequestAll|43|Fetching plugin manifests from https://nighttime-imaging.eu/wp-json/nina/v1/plugins/manifests
2025-10-16T09:28:36.9415|INFO|CameraChooserVM.cs|GetEquipment|279|Found 0 SVBony Cameras
2025-10-16T09:28:37.0643|INFO|CameraChooserVM.cs|GetEquipment|279|Found 0 PlayerOne Cameras
2025-10-16T09:28:37.1526|INFO|CameraChooserVM.cs|GetEquipment|279|Found 0 ASTPAN Cameras
2025-10-16T09:28:37.1545|INFO|CameraChooserVM.cs|GetEquipment|293|Found 4 ASCOM Cameras
2025-10-16T09:28:38.4390|INFO|RotatorChooserVM.cs|GetEquipment|68|Found 0 Alpaca Rotators
2025-10-16T09:28:38.4413|INFO|SwitchChooserVM.cs|GetEquipment|71|Found 0 Alpaca Switch Hubs
2025-10-16T09:28:38.6747|INFO|DomeChooserVM.cs|GetEquipment|67|Found 0 Alpaca Domes
2025-10-16T09:28:39.0499|INFO|PluginFetcher.cs|RequestAll|57|Found 62 valid plugins at https://nighttime-imaging.eu/wp-json/nina/v1/plugins/manifests
2025-10-16T09:28:39.1689|INFO|CameraChooserVM.cs|GetEquipment|305|Found 0 Alpaca Cameras
2025-10-16T09:28:39.1750|INFO|CameraChooserVM.cs|GetEquipment|318|Found 0 Canon Cameras
2025-10-16T09:28:39.2637|INFO|SafetyMonitorChooserVM.cs|GetEquipment|71|Found 0 Alpaca Safety Monitors
2025-10-16T09:28:39.3750|INFO|WeatherDataChooserVM.cs|GetEquipment|69|Found 0 Alpaca Observing Conditions
2025-10-16T09:28:39.5020|INFO|TelescopeChooserVM.cs|GetEquipment|69|Found 0 Alpaca Telescopes
2025-10-16T09:28:39.6022|INFO|FilterWheelChooserVM.cs|GetEquipment|193|Found 0 Alpaca Filter Wheels
2025-10-16T09:28:39.7248|INFO|FlatDeviceChooserVM.cs|GetEquipment|67|Found 0 Alpaca Cover Calibrators
2025-10-16T09:28:39.9950|WARNING|When.cs|GetRunningItem|143|Can't get running items: SequencerNavigation not initialized yet!
2025-10-16T09:28:40.9725|INFO|FocuserChooserVM.cs|GetEquipment|84|Found 0 Alpaca Focusers
2025-10-16T09:28:40.9957|INFO|ApplicationVM.cs|CheckDiskInfo|100|Available Space on Drive C:\: 151.13 GB
2025-10-16T09:28:40.9994|INFO|ApplicationVM.cs|CheckASCOMPlatformVersion|81|ASCOM Platform 6.6.2.4195 installed
2025-10-16T09:28:41.0021|INFO|ApplicationVM.cs|CheckDiskInfo|102|Drive E:\ is not ready
2025-10-16T09:28:41.0037|INFO|ApplicationVM.cs|CheckDiskInfo|100|Available Space on Drive G:\: 55.1 GB
2025-10-16T09:28:41.0120|INFO|ApplicationVM.cs|CheckDiskInfo|100|Available Space on Drive Z:\: 30.29 GB
2025-10-16T09:28:41.7450|INFO|Sequence2VM.cs|TryLoadSequenceFile|414|Loading sequence file: C:\Users\nicka\Astro\NINA\NINA_Sequences\TargetScheduler.json
2025-10-16T09:28:42.1617|INFO|Sequence2VM.cs|TryLoadSequenceFile|420|Starting sequence from command line options
2025-10-16T09:28:42.1649|INFO|Sequence2VM.cs|StartSequence|543|Advanced Sequence starting
2025-10-16T09:28:42.9081|INFO|SequenceItem.cs|Run|208|Starting Category: * Instruction Set *, Container: NINA.Sequencer.Container.SequenceRootContainer, Strategy: SequentialStrategy, Items[CREATED]: 3, Triggers: Category: Ground Station, Item: Failures to Telegram
2025-10-16T09:28:42.9194|INFO|SequenceItem.cs|Run|208|Starting Category: * Instruction Set *, Container: NINA.Sequencer.Container.StartAreaContainer, Strategy: SequentialStrategy, Items[CREATED]: 1
2025-10-16T09:28:42.9203|INFO|SequenceItem.cs|Run|208|Starting Category: * Instruction Set *, Container: NINA.Sequencer.Container.SequentialContainer, Strategy: SequentialStrategy, Items[CREATED]: 8
2025-10-16T09:28:42.9214|INFO|SequenceItem.cs|Run|208|Starting Category: Ground Station, Item: Send to Telegram
2025-10-16T09:28:43.4736|INFO|DockManagerVM.cs|InitializeAvalonDockLayout|366|Initializing imaging tab layout from C:\Users\nicka\AppData\Local\NINA\Profiles\0173997c-4bfa-48fd-9337-a48b6df99c38.dock.config
2025-10-16T09:28:44.2111|INFO|SequenceItem.cs|Run|254|Finishing Category: Ground Station, Item: Send to Telegram
2025-10-16T09:28:44.2304|INFO|SequenceItem.cs|Run|208|Starting Category: Utility, Item: WaitForTime, Time: 19:12:47h, Offset: -45
2025-10-16T19:13:21.7185|INFO|SequenceItem.cs|Run|254|Finishing Category: Utility, Item: WaitForTime, Time: 19:11:42h, Offset: -45
2025-10-16T19:13:21.7194|INFO|SequenceItem.cs|Run|208|Starting Category: Ground Station, Item: Send to Telegram
2025-10-16T19:13:22.4251|INFO|SequenceItem.cs|Run|254|Finishing Category: Ground Station, Item: Send to Telegram
2025-10-16T19:13:22.4265|INFO|SequenceItem.cs|Run|208|Starting Category: Connect, Item: ConnectAllEquipment
2025-10-16T19:13:22.4534|INFO|CameraChooserVM.cs|GetEquipment|69|Found 2 ASI Cameras
2025-10-16T19:13:22.5218|INFO|CameraChooserVM.cs|GetEquipment|84|Found 0 Altair Cameras
2025-10-16T19:13:22.5219|INFO|CameraChooserVM.cs|GetEquipment|96|Found 0 Atik Cameras
2025-10-16T19:13:22.5226|INFO|CameraChooserVM.cs|GetEquipment|110|Found 0 FLI Cameras
2025-10-16T19:13:22.5229|INFO|CameraChooserVM.cs|GetEquipment|130|Found 0 QHYCCD Cameras
2025-10-16T19:13:22.6793|INFO|CameraChooserVM.cs|GetEquipment|158|Found 0 ToupTek Cameras
2025-10-16T19:13:22.6842|INFO|CameraChooserVM.cs|GetEquipment|173|Found 0 Ogma Cameras
2025-10-16T19:13:22.6979|INFO|CameraChooserVM.cs|GetEquipment|188|Found 0 Omegon Cameras
2025-10-16T19:13:22.8597|INFO|CameraChooserVM.cs|GetEquipment|203|Found 0 RisingCam Cameras
2025-10-16T19:13:22.8739|INFO|CameraChooserVM.cs|GetEquipment|218|Found 0 MallinCam Cameras
2025-10-16T19:13:22.8754|INFO|CameraChooserVM.cs|GetEquipment|243|Found 0 SVBony Cameras
2025-10-16T19:13:22.8777|INFO|CameraChooserVM.cs|GetEquipment|259|Found 0 SBIG Cameras
2025-10-16T19:13:22.8783|INFO|CameraChooserVM.cs|GetEquipment|279|Found 0 SVBony Cameras
2025-10-16T19:13:22.8786|INFO|CameraChooserVM.cs|GetEquipment|279|Found 0 PlayerOne Cameras
2025-10-16T19:13:22.8859|INFO|CameraChooserVM.cs|GetEquipment|279|Found 0 ASTPAN Cameras
2025-10-16T19:13:22.8868|INFO|CameraChooserVM.cs|GetEquipment|293|Found 4 ASCOM Cameras
2025-10-16T19:13:24.9011|INFO|CameraChooserVM.cs|GetEquipment|305|Found 0 Alpaca Cameras
2025-10-16T19:13:24.9151|INFO|CameraChooserVM.cs|GetEquipment|318|Found 0 Canon Cameras
2025-10-16T19:13:24.9790|INFO|CameraVM.cs|Disconnect|680|Disconnected Camera
2025-10-16T19:13:25.5683|WARNING|ASICamera.cs|SetControlValue|568|Failed to set ASI Control Value ASI_WB_B with value 50
2025-10-16T19:13:25.5686|WARNING|ASICamera.cs|SetControlValue|568|Failed to set ASI Control Value ASI_WB_R with value 50
2025-10-16T19:13:25.5686|WARNING|ASICamera.cs|SetControlValue|568|Failed to set ASI Control Value ASI_GAMMA with value 50
2025-10-16T19:13:25.5687|WARNING|ASICamera.cs|SetControlValue|568|Failed to set ASI Control Value ASI_HIGH_SPEED_MODE with value 0
2025-10-16T19:13:25.5688|WARNING|ASICamera.cs|SetControlValue|568|Failed to set ASI Control Value ASI_OVERCLOCK with value 0
2025-10-16T19:13:25.5689|WARNING|ASICamera.cs|SetControlValue|568|Failed to set ASI Control Value ASI_PATTERN_ADJUST with value 0
2025-10-16T19:13:25.5704|WARNING|ASICamera.cs|SetControlValue|568|Failed to set ASI Control Value ASI_MONO_BIN with value 0
2025-10-16T19:13:25.5718|INFO|ASICamera.cs|Initialize|664|Camera ID: ASI533MM
2025-10-16T19:13:25.5832|WARNING|ASICamera.cs|SetControlValue|568|Failed to set ASI Control Value ASI_ANTI_DEW_HEATER with value 0
2025-10-16T19:13:25.6391|INFO|CameraVM.cs|ChooseCamera|485|Successfully connected Camera. Id: ZWOptical_ZWO ASI533MM Pro_ASI533MM Name: ZWO ASI533MM Pro DisplayName: ZWO ASI533MM Pro (ASI533MM)Driver Version: 1, 39, 0, 0
2025-10-16T19:13:28.2189|INFO|FilterWheelChooserVM.cs|GetEquipment|193|Found 0 Alpaca Filter Wheels
2025-10-16T19:13:28.2595|INFO|FilterWheelVM.cs|Disconnect|332|Disconnected Filter Wheel
2025-10-16T19:13:31.7630|INFO|FilterWheelVM.cs|ChooseFW|278|Successfully connected Filter Wheel. Id: ASCOM.EFW2.FilterWheel Name: ZWO FilterWheel DisplayName: ZWO FilterWheel (ASCOM) Driver Version: 6.0
2025-10-16T19:13:35.6999|INFO|FocuserChooserVM.cs|GetEquipment|84|Found 0 Alpaca Focusers
2025-10-16T19:13:35.7203|INFO|FocuserVM.cs|Disconnect|441|Disconnected Focuser
2025-10-16T19:13:36.9737|ERROR|AscomDevice.cs|GetProperty|546|An unexpected exception occurred during GET of Focuser.StepSize: 
ASCOM.DriverException: The method or operation is not implemented.
 ---> System.NotImplementedException: The method or operation is not implemented.
   --- End of inner exception stack trace ---
   at ASCOM.Com.DriverAccess.DynamicAccess.CheckDotNetExceptions(String memberName, Exception e) in J:\ASCOMLibrary\ASCOM.Com\ASCOM.Com.DriverAccess\BaseClass\DynamicAccess.cs:line 278
   at ASCOM.Com.DriverAccess.DynamicAccess.TryGetMember(GetMemberBinder binder, Object& result) in J:\ASCOMLibrary\ASCOM.Com\ASCOM.Com.DriverAccess\BaseClass\DynamicAccess.cs:line 150
   at CallSite.Target(Closure, CallSite, Object)
   at System.Dynamic.UpdateDelegates.UpdateAndExecute1[T0,TRet](CallSite site, T0 arg0)
   at ASCOM.Com.DriverAccess.Focuser.get_StepSize() in J:\ASCOMLibrary\ASCOM.Com\ASCOM.Com.DriverAccess\Focuser.cs:line 159
   at System.RuntimeMethodHandle.InvokeMethod(Object target, Void** arguments, Signature sig, Boolean isConstructor)
   at System.Reflection.MethodBaseInvoker.InvokeWithNoArgs(Object obj, BindingFlags invokeAttr)
2025-10-16T19:13:37.1830|INFO|AscomDevice.cs|GetProperty|485|Retrying to GET Focuser.StepSize - Attempt 2 / 3
2025-10-16T19:13:37.1863|ERROR|AscomDevice.cs|GetProperty|546|An unexpected exception occurred during GET of Focuser.StepSize: 
ASCOM.DriverException: The method or operation is not implemented.
 ---> System.NotImplementedException: The method or operation is not implemented.
   --- End of inner exception stack trace ---
   at ASCOM.Com.DriverAccess.DynamicAccess.CheckDotNetExceptions(String memberName, Exception e) in J:\ASCOMLibrary\ASCOM.Com\ASCOM.Com.DriverAccess\BaseClass\DynamicAccess.cs:line 278
   at ASCOM.Com.DriverAccess.DynamicAccess.TryGetMember(GetMemberBinder binder, Object& result) in J:\ASCOMLibrary\ASCOM.Com\ASCOM.Com.DriverAccess\BaseClass\DynamicAccess.cs:line 150
   at CallSite.Target(Closure, CallSite, Object)
   at ASCOM.Com.DriverAccess.Focuser.get_StepSize() in J:\ASCOMLibrary\ASCOM.Com\ASCOM.Com.DriverAccess\Focuser.cs:line 159
   at InvokeStub_Focuser.get_StepSize(Object, Object, IntPtr*)
   at System.Reflection.MethodBaseInvoker.InvokeWithNoArgs(Object obj, BindingFlags invokeAttr)
2025-10-16T19:13:37.4022|INFO|AscomDevice.cs|GetProperty|485|Retrying to GET Focuser.StepSize - Attempt 3 / 3
2025-10-16T19:13:37.4045|ERROR|AscomDevice.cs|GetProperty|546|An unexpected exception occurred during GET of Focuser.StepSize: 
ASCOM.DriverException: The method or operation is not implemented.
 ---> System.NotImplementedException: The method or operation is not implemented.
   --- End of inner exception stack trace ---
   at ASCOM.Com.DriverAccess.DynamicAccess.CheckDotNetExceptions(String memberName, Exception e) in J:\ASCOMLibrary\ASCOM.Com\ASCOM.Com.DriverAccess\BaseClass\DynamicAccess.cs:line 278
   at ASCOM.Com.DriverAccess.DynamicAccess.TryGetMember(GetMemberBinder binder, Object& result) in J:\ASCOMLibrary\ASCOM.Com\ASCOM.Com.DriverAccess\BaseClass\DynamicAccess.cs:line 150
   at CallSite.Target(Closure, CallSite, Object)
   at ASCOM.Com.DriverAccess.Focuser.get_StepSize() in J:\ASCOMLibrary\ASCOM.Com\ASCOM.Com.DriverAccess\Focuser.cs:line 159
   at InvokeStub_Focuser.get_StepSize(Object, Object, IntPtr*)
   at System.Reflection.MethodBaseInvoker.InvokeWithNoArgs(Object obj, BindingFlags invokeAttr)
2025-10-16T19:13:37.4052|INFO|AscomDevice.cs|GetProperty|556|GET Focuser.StepSize failed - Returning last known value 0
2025-10-16T19:13:37.6562|INFO|FocuserVM.cs|ChooseFocuser|333|Successfully connected Focuser. Id: ASCOM.EAF.Focuser Name: ZWO Focuser DisplayName: ZWO Focuser (ASCOM) Driver Version: 6.0
2025-10-16T19:13:39.6846|INFO|TelescopeChooserVM.cs|GetEquipment|69|Found 0 Alpaca Telescopes
2025-10-16T19:13:39.7216|INFO|TelescopeVM.cs|Disconnect|741|Disconnected mount
2025-10-16T19:13:42.3183|INFO|AscomTelescope.cs|CheckMountTime|845|Mount UTC Time: 2025-10-17 00:13:38Z / System UTC Time: 2025-10-17 00:13:42Z; Difference: 3.696 seconds
2025-10-16T19:13:42.3754|INFO|AscomTelescope.cs|CheckMountTime|852|System time has been synced to the mount
2025-10-16T19:13:42.6512|INFO|TelescopeVM.cs|ChooseTelescope|536|Successfully connected mount. Id: ASCOM.iOptron2017.Telescope Name: iOptron CEM120,70,40,26, GEM, HEM, HAE, HAZ series and SkyHunter Mount DisplayName: iOptron CEM120,70,40,26, GEM, HEM, HAE, HAZ series and SkyHunter Mount (ASCOM) Driver Version: 9.15
2025-10-16T19:13:42.6761|INFO|PHD2Guider.cs|Connect|205|Connecting to PHD2 server at 127.0.0.1:4400
2025-10-16T19:13:50.6351|INFO|WeatherDataChooserVM.cs|GetEquipment|69|Found 0 Alpaca Observing Conditions
2025-10-16T19:13:50.6808|INFO|WeatherDataVM.cs|Disconnect|305|Disconnected Weather Device
2025-10-16T19:13:52.1566|INFO|AscomDevice.cs|GetProperty|527|Property ObservingConditions.SkyQuality GET is not implemented in this driver (SkyAlert Observing Conditions)
2025-10-16T19:13:52.1639|INFO|AscomDevice.cs|GetProperty|527|Property ObservingConditions.StarFWHM GET is not implemented in this driver (SkyAlert Observing Conditions)
2025-10-16T19:13:52.1844|INFO|WeatherDataVM.cs|ChooseWeatherData|150|Successfully connected Weather Device. Id: ASCOM.SkyAlert.ObservingConditions Name: SkyAlert Observing Conditions DisplayName: SkyAlert Observing Conditions (ASCOM) Driver Version: 1.7
2025-10-16T19:13:54.1884|INFO|SafetyMonitorChooserVM.cs|GetEquipment|71|Found 0 Alpaca Safety Monitors
2025-10-16T19:13:54.2340|INFO|SafetyMonitorVM.cs|Disconnect|221|Disconnected Safety Monitor
2025-10-16T19:13:54.6654|INFO|SafetyMonitorVM.cs|Connect|175|Successfully connected Safety Monitor. Id: ASCOM.GenericFile.SafetyMonitor Name: Generic File driver DisplayName: Generic File driver (ASCOM) Driver Version: 6.4
2025-10-16T19:13:54.6658|INFO|SequenceItem.cs|Run|254|Finishing Category: Connect, Item: ConnectAllEquipment
2025-10-16T19:13:54.6665|INFO|SequenceItem.cs|Run|208|Starting Category: Telescope, Item: FindHome
2025-10-16T19:13:54.6743|INFO|PHD2Guider.cs|StopGuiding|704|Phd2 - Stop Guiding skipped, as the app is already in state Stopped
2025-10-16T19:13:54.6763|INFO|TelescopeVM.cs|FindHome|292|Mount ordered to locate home position
2025-10-16T19:13:54.6800|ERROR|TelescopeVM.cs|FindHome|352|Mount cannot locate home because it is already at the home position
2025-10-16T19:13:54.6803|INFO|SequenceItem.cs|Run|254|Finishing Category: Telescope, Item: FindHome
2025-10-16T19:13:54.6809|INFO|SequenceItem.cs|Run|208|Starting Category: Ground Station, Item: Send to Telegram
2025-10-16T19:13:55.3294|INFO|SequenceItem.cs|Run|254|Finishing Category: Ground Station, Item: Send to Telegram
2025-10-16T19:13:55.3304|INFO|SequenceItem.cs|Run|208|Starting Category: Camera, Item: CoolCamera, Temperature: 0, Duration: 0
2025-10-16T19:13:55.3469|INFO|CameraVM.cs|CoolCamera|138|Cooling Camera. Target: 0 Duration: 00:00:00
2025-10-16T19:13:56.6832|INFO|SafetyMonitorVM.cs|UpdateMonitorValues|95|SafetyMonitorInfo state changed to Unsafe
2025-10-16T19:18:16.9849|INFO|SequenceItem.cs|Run|254|Finishing Category: Camera, Item: CoolCamera, Temperature: 0, Duration: 0
2025-10-16T19:18:16.9854|INFO|SequenceItem.cs|Run|208|Starting Category: Utility, Item: WaitForTime, Time: 19:41:42h, Offset: -15
2025-10-16T19:41:43.3928|INFO|SequenceItem.cs|Run|254|Finishing Category: Utility, Item: WaitForTime, Time: 19:41:42h, Offset: -15
2025-10-16T19:41:43.4028|INFO|SequenceItem.cs|Run|254|Finishing Category: * Instruction Set *, Container: NINA.Sequencer.Container.SequentialContainer, Strategy: SequentialStrategy, Items[FINISHED]: 8
2025-10-16T19:41:43.4214|INFO|SequenceItem.cs|Run|254|Finishing Category: * Instruction Set *, Container: NINA.Sequencer.Container.StartAreaContainer, Strategy: SequentialStrategy, Items[FINISHED]: 1
2025-10-16T19:41:43.4222|INFO|SequenceItem.cs|Run|208|Starting Category: * Instruction Set *, Container: NINA.Sequencer.Container.TargetAreaContainer, Strategy: SequentialStrategy, Items[CREATED]: 1
2025-10-16T19:41:43.4249|INFO|SequenceItem.cs|Run|208|Starting Category: * Instruction Set *, Container: NINA.Sequencer.Container.SequentialContainer, Strategy: SequentialStrategy, Items[CREATED]: 8, Conditions: Condition: TimeCondition, Time: 6:49:24h, Condition: TargetSchedulerCondition mode=While Targets Remain Tonight, , Triggers: Trigger: CenterAfterDriftTrigger, DistanceArcMinutes: 1Trigger: WhenUnsafeCategory: Ground Station, Item: Failures to TelegramCategory: Connect, Item: ReconnectOnDownloadFailureTrigger: AutofocusAfterHFRIncreaseTrigger, Amount: 5Trigger: MeridianFlipTriggerCategory: Powerups (Misc), Item: DIYTrigger
2025-10-16T19:41:43.4324|INFO|WhenUnsafe.cs|CheckSafe|77|IsSafe is now FALSE; connected = True, IsSafe = False
2025-10-16T19:41:43.4328|INFO|WhenCommon.cs|ShouldTrigger|360|ShouldTrigger TRUE from InterruptWhen, setting TriggerRunner
2025-10-16T19:41:43.4330|INFO|WhenCommon.cs|InterruptWhen|305|Interrupting current Instruction Set
2025-10-16T19:41:43.4360|INFO|WhenCommon.cs|InterruptWhen|315|Canceling sequence...
2025-10-16T19:41:44.4408|INFO|WhenCommon.cs|InterruptWhen|319|Delay 1000
2025-10-16T19:41:45.4473|INFO|WhenCommon.cs|InterruptWhen|319|Delay 1000
2025-10-16T19:41:46.4499|INFO|WhenCommon.cs|InterruptWhen|319|Delay 1000
2025-10-16T19:41:47.4528|INFO|WhenCommon.cs|InterruptWhen|319|Delay 1000
2025-10-16T19:41:48.4529|ERROR|SequenceCondition.cs|RunCheck|121|Failed: Condition: TargetSchedulerCondition mode=While Targets Remain Tonight - TargetSchedulerCondition: exception determining remaining targets: Scheduler: exception generating plan: unexpected: no acceptable exposure plan in smart exposure selector for target 'LDN 1251 Panel 6' at time 10/16/2025 19:41:43
2025-10-16T19:41:48.4568|INFO|WhenCommon.cs|InterruptWhen|319|Delay 1000
2025-10-16T19:41:48.4702|INFO|FailuresToTelegramTrigger.cs|WorkerFn|182|Failures to Telegram: Sending Target Scheduler Condition failed after 0 attempts!

Reasons: TargetSchedulerCondition: exception determining remaining targets: Scheduler: exception generating plan: unexpected: no acceptable exposure plan in smart exposure selector for target 'LDN 1251 Panel 6' at time 10/16/2025 19:41:43

2025-10-16T19:41:48.4702|INFO|FailuresToTelegramTrigger.cs|WorkerFn|182|Failures to Telegram: Sending Target Scheduler Condition failed after 0 attempts!

Reasons: TargetSchedulerCondition: exception determining remaining targets: Scheduler: exception generating plan: unexpected: no acceptable exposure plan in smart exposure selector for target 'LDN 1251 Panel 6' at time 10/16/2025 19:41:43

2025-10-16T19:41:48.4866|INFO|SequenceItem.cs|Run|254|Finishing Category: * Instruction Set *, Container: NINA.Sequencer.Container.SequentialContainer, Strategy: SequentialStrategy, Items[SKIPPED]: 8, Conditions: Condition: TimeCondition, Time: 6:49:24h, Condition: TargetSchedulerCondition mode=While Targets Remain Tonight, , Triggers: Trigger: CenterAfterDriftTrigger, DistanceArcMinutes: 1Trigger: WhenUnsafeCategory: Ground Station, Item: Failures to TelegramCategory: Connect, Item: ReconnectOnDownloadFailureTrigger: AutofocusAfterHFRIncreaseTrigger, Amount: 5Trigger: MeridianFlipTriggerCategory: Powerups (Misc), Item: DIYTrigger
2025-10-16T19:41:48.5005|INFO|SequenceItem.cs|Run|254|Finishing Category: * Instruction Set *, Container: NINA.Sequencer.Container.TargetAreaContainer, Strategy: SequentialStrategy, Items[FINISHED]: 1
2025-10-16T19:41:48.5022|INFO|Sequencer.cs|Start|85|Sequence run was cancelled
2025-10-16T19:41:48.5176|INFO|Sequence2VM.cs|StartSequence|548|Advanced Sequence finished
2025-10-16T19:41:49.4603|INFO|WhenCommon.cs|InterruptWhen|322|Sequence longer running
2025-10-16T19:41:49.4629|WARNING|WhenCommon.cs|CheckSlewing|254|CheckSlewing, WhenUnsafe = True, Connected = True, CanSlew = True, info.Slewing = False
2025-10-16T19:41:49.4652|INFO|Sequence2VM.cs|StartSequence|543|Advanced Sequence starting
2025-10-16T19:41:49.5444|INFO|SequenceItem.cs|Run|208|Starting Category: * Instruction Set *, Container: NINA.Sequencer.Container.SequenceRootContainer, Strategy: SequentialStrategy, Items[CREATED]: 3, Triggers: Category: Ground Station, Item: Failures to Telegram
2025-10-16T19:41:49.5448|INFO|SequenceItem.cs|Run|208|Starting Category: * Instruction Set *, Container: NINA.Sequencer.Container.StartAreaContainer, Strategy: SequentialStrategy, Items[FINISHED]: 1
2025-10-16T19:41:49.5449|INFO|SequenceItem.cs|Run|254|Finishing Category: * Instruction Set *, Container: NINA.Sequencer.Container.StartAreaContainer, Strategy: SequentialStrategy, Items[FINISHED]: 1
2025-10-16T19:41:49.5450|INFO|SequenceItem.cs|Run|208|Starting Category: * Instruction Set *, Container: NINA.Sequencer.Container.TargetAreaContainer, Strategy: SequentialStrategy, Items[FINISHED]: 1
2025-10-16T19:41:49.5450|INFO|SequenceItem.cs|Run|254|Finishing Category: * Instruction Set *, Container: NINA.Sequencer.Container.TargetAreaContainer, Strategy: SequentialStrategy, Items[FINISHED]: 1
2025-10-16T19:41:49.5453|INFO|SequenceItem.cs|Run|208|Starting Category: * Instruction Set *, Container: NINA.Sequencer.Container.EndAreaContainer, Strategy: SequentialStrategy, Items[CREATED]: 6
2025-10-16T19:41:49.5456|INFO|SequenceItem.cs|Run|208|Starting Category: Telescope, Item: FindHome
2025-10-16T19:41:49.5479|INFO|PHD2Guider.cs|StopGuiding|704|Phd2 - Stop Guiding skipped, as the app is already in state Stopped
2025-10-16T19:41:49.5481|INFO|TelescopeVM.cs|FindHome|292|Mount ordered to locate home position
2025-10-16T19:41:49.5486|ERROR|TelescopeVM.cs|FindHome|352|Mount cannot locate home because it is already at the home position
2025-10-16T19:41:49.5487|INFO|SequenceItem.cs|Run|254|Finishing Category: Telescope, Item: FindHome
2025-10-16T19:41:49.5612|INFO|SequenceItem.cs|Run|208|Starting Category: Camera, Item: WarmCamera, Duration: 0
2025-10-16T19:41:49.5637|INFO|CameraVM.cs|WarmCamera|161|Warming Camera. Duration: 00:00:00
2025-10-16T19:45:45.9331|INFO|CameraVM.cs|WarmCamera|179|Could not reach warming temperature. Most likley due to ambient temperature being lower. Continuing...
2025-10-16T19:46:05.9564|INFO|CameraVM.cs|WarmCamera|186|Turning cooler off
2025-10-16T19:46:05.9580|INFO|SequenceItem.cs|Run|254|Finishing Category: Camera, Item: WarmCamera, Duration: 0
2025-10-16T19:46:05.9592|INFO|SequenceItem.cs|Run|208|Starting Category: Guider, Item: StopGuiding
2025-10-16T19:46:05.9639|INFO|PHD2Guider.cs|StopGuiding|704|Phd2 - Stop Guiding skipped, as the app is already in state Stopped
2025-10-16T19:46:05.9643|INFO|SequenceItem.cs|Run|254|Finishing Category: Guider, Item: StopGuiding
2025-10-16T19:46:05.9797|INFO|SequenceItem.cs|Run|208|Starting Category: Phd2 Tools, Item: ShutdownPhd2Instruction
2025-10-16T19:46:06.0003|INFO|SequenceItem.cs|Run|254|Finishing Category: Phd2 Tools, Item: ShutdownPhd2Instruction
2025-10-16T19:46:06.0018|INFO|SequenceItem.cs|Run|208|Starting Category: Connect, Item: DisconnectAllEquipment
2025-10-16T19:46:06.1651|INFO|CameraVM.cs|Disconnect|680|Disconnected Camera
2025-10-16T19:46:06.1666|INFO|AscomDevice.cs|Disconnect|378|Disconnecting from ASCOM.EFW2.FilterWheel ZWO FilterWheel
2025-10-16T19:46:06.2304|INFO|FilterWheelVM.cs|Disconnect|332|Disconnected Filter Wheel
2025-10-16T19:46:06.2342|INFO|AscomDevice.cs|Disconnect|378|Disconnecting from ASCOM.EAF.Focuser ZWO Focuser
2025-10-16T19:46:06.2884|INFO|FocuserVM.cs|Disconnect|441|Disconnected Focuser
2025-10-16T19:46:06.2887|INFO|DisconnectAllEquipment.cs|Execute|138|Rotator is already disconnected
2025-10-16T19:46:06.2916|INFO|AscomDevice.cs|Disconnect|378|Disconnecting from ASCOM.iOptron2017.Telescope iOptron CEM120,70,40,26, GEM, HEM, HAE, HAZ series and SkyHunter Mount
2025-10-16T19:46:06.3501|INFO|TelescopeVM.cs|Disconnect|741|Disconnected mount
2025-10-16T19:46:06.3505|INFO|DisconnectAllEquipment.cs|Execute|138|Guider is already disconnected
2025-10-16T19:46:06.3505|INFO|DisconnectAllEquipment.cs|Execute|138|Switch is already disconnected
2025-10-16T19:46:06.3506|INFO|DisconnectAllEquipment.cs|Execute|138|Flat Panel is already disconnected
2025-10-16T19:46:06.3531|INFO|AscomDevice.cs|Disconnect|378|Disconnecting from ASCOM.SkyAlert.ObservingConditions SkyAlert Observing Conditions
2025-10-16T19:46:06.3770|INFO|WeatherDataVM.cs|Disconnect|305|Disconnected Weather Device
2025-10-16T19:46:06.3772|INFO|DisconnectAllEquipment.cs|Execute|138|Dome is already disconnected
2025-10-16T19:46:06.3924|INFO|AscomDevice.cs|Disconnect|378|Disconnecting from ASCOM.GenericFile.SafetyMonitor Generic File driver
2025-10-16T19:46:06.3992|INFO|SafetyMonitorVM.cs|Disconnect|221|Disconnected Safety Monitor
2025-10-16T19:46:06.3996|INFO|SequenceItem.cs|Run|254|Finishing Category: Connect, Item: DisconnectAllEquipment
2025-10-16T19:46:06.3997|INFO|SequenceItem.cs|Run|208|Starting Category: Ground Station, Item: Send to Telegram
2025-10-16T19:46:07.0703|INFO|SequenceItem.cs|Run|254|Finishing Category: Ground Station, Item: Send to Telegram
2025-10-16T19:46:07.0707|INFO|SequenceItem.cs|Run|254|Finishing Category: * Instruction Set *, Container: NINA.Sequencer.Container.EndAreaContainer, Strategy: SequentialStrategy, Items[FINISHED]: 6
2025-10-16T19:46:07.0711|INFO|SequenceItem.cs|Run|254|Finishing Category: * Instruction Set *, Container: NINA.Sequencer.Container.SequenceRootContainer, Strategy: SequentialStrategy, Items[FINISHED]: 3, Triggers: Category: Ground Station, Item: Failures to Telegram
2025-10-16T19:46:07.0724|INFO|Sequence2VM.cs|StartSequence|548|Advanced Sequence finished
2025-10-16T19:46:07.0733|INFO|WhenCommon.cs|InterruptWhen|330|Restarting sequence, Triggered -> true
2025-10-16T19:47:54.4677|INFO|Sequence2VM.cs|StartSequence|543|Advanced Sequence starting
2025-10-16T19:47:56.1685|INFO|SequenceItem.cs|Run|208|Starting Category: * Instruction Set *, Container: NINA.Sequencer.Container.SequenceRootContainer, Strategy: SequentialStrategy, Items[CREATED]: 3, Triggers: Category: Ground Station, Item: Failures to Telegram
2025-10-16T19:47:56.1689|INFO|SequenceItem.cs|Run|208|Starting Category: * Instruction Set *, Container: NINA.Sequencer.Container.StartAreaContainer, Strategy: SequentialStrategy, Items[CREATED]: 1
2025-10-16T19:47:56.1691|INFO|SequenceItem.cs|Run|208|Starting Category: * Instruction Set *, Container: NINA.Sequencer.Container.SequentialContainer, Strategy: SequentialStrategy, Items[CREATED]: 8
2025-10-16T19:47:56.1692|INFO|SequenceItem.cs|Run|208|Starting Category: Ground Station, Item: Send to Telegram
2025-10-16T19:47:56.8643|INFO|SequenceItem.cs|Run|254|Finishing Category: Ground Station, Item: Send to Telegram
2025-10-16T19:47:56.8647|INFO|SequenceItem.cs|Run|208|Starting Category: Utility, Item: WaitForTime, Time: 19:11:42h, Offset: -45
2025-10-16T19:47:56.8662|INFO|SequenceItem.cs|Run|254|Finishing Category: Utility, Item: WaitForTime, Time: 19:11:42h, Offset: -45
2025-10-16T19:47:56.8664|INFO|SequenceItem.cs|Run|208|Starting Category: Ground Station, Item: Send to Telegram
2025-10-16T19:47:57.5013|INFO|SequenceItem.cs|Run|254|Finishing Category: Ground Station, Item: Send to Telegram
2025-10-16T19:47:57.5016|INFO|SequenceItem.cs|Run|208|Starting Category: Connect, Item: ConnectAllEquipment
2025-10-16T19:47:57.5400|INFO|CameraChooserVM.cs|GetEquipment|69|Found 2 ASI Cameras
2025-10-16T19:47:57.6061|INFO|CameraChooserVM.cs|GetEquipment|84|Found 0 Altair Cameras
2025-10-16T19:47:57.6062|INFO|CameraChooserVM.cs|GetEquipment|96|Found 0 Atik Cameras
2025-10-16T19:47:57.6069|INFO|CameraChooserVM.cs|GetEquipment|110|Found 0 FLI Cameras
2025-10-16T19:47:57.6071|INFO|CameraChooserVM.cs|GetEquipment|130|Found 0 QHYCCD Cameras
2025-10-16T19:47:57.7742|INFO|CameraChooserVM.cs|GetEquipment|158|Found 0 ToupTek Cameras
2025-10-16T19:47:57.7793|INFO|CameraChooserVM.cs|GetEquipment|173|Found 0 Ogma Cameras
2025-10-16T19:47:57.7937|INFO|CameraChooserVM.cs|GetEquipment|188|Found 0 Omegon Cameras
2025-10-16T19:47:57.9650|INFO|CameraChooserVM.cs|GetEquipment|203|Found 0 RisingCam Cameras
2025-10-16T19:47:57.9801|INFO|CameraChooserVM.cs|GetEquipment|218|Found 0 MallinCam Cameras
2025-10-16T19:47:57.9820|INFO|CameraChooserVM.cs|GetEquipment|243|Found 0 SVBony Cameras
2025-10-16T19:47:57.9850|INFO|CameraChooserVM.cs|GetEquipment|259|Found 0 SBIG Cameras
2025-10-16T19:47:57.9853|INFO|CameraChooserVM.cs|GetEquipment|279|Found 0 SVBony Cameras
2025-10-16T19:47:57.9855|INFO|CameraChooserVM.cs|GetEquipment|279|Found 0 PlayerOne Cameras
2025-10-16T19:47:57.9938|INFO|CameraChooserVM.cs|GetEquipment|279|Found 0 ASTPAN Cameras
2025-10-16T19:47:57.9946|INFO|CameraChooserVM.cs|GetEquipment|293|Found 4 ASCOM Cameras
2025-10-16T19:47:59.9966|INFO|CameraChooserVM.cs|GetEquipment|305|Found 0 Alpaca Cameras
2025-10-16T19:48:00.0007|INFO|CameraChooserVM.cs|GetEquipment|318|Found 0 Canon Cameras
2025-10-16T19:48:00.0334|INFO|CameraVM.cs|Disconnect|680|Disconnected Camera
2025-10-16T19:48:00.5374|WARNING|ASICamera.cs|SetControlValue|568|Failed to set ASI Control Value ASI_WB_B with value 50
2025-10-16T19:48:00.5375|WARNING|ASICamera.cs|SetControlValue|568|Failed to set ASI Control Value ASI_WB_R with value 50
2025-10-16T19:48:00.5375|WARNING|ASICamera.cs|SetControlValue|568|Failed to set ASI Control Value ASI_GAMMA with value 50
2025-10-16T19:48:00.5375|WARNING|ASICamera.cs|SetControlValue|568|Failed to set ASI Control Value ASI_HIGH_SPEED_MODE with value 0
2025-10-16T19:48:00.5376|WARNING|ASICamera.cs|SetControlValue|568|Failed to set ASI Control Value ASI_OVERCLOCK with value 0
2025-10-16T19:48:00.5376|WARNING|ASICamera.cs|SetControlValue|568|Failed to set ASI Control Value ASI_PATTERN_ADJUST with value 0
2025-10-16T19:48:00.5376|WARNING|ASICamera.cs|SetControlValue|568|Failed to set ASI Control Value ASI_MONO_BIN with value 0
2025-10-16T19:48:00.5386|INFO|ASICamera.cs|Initialize|664|Camera ID: ASI533MM
2025-10-16T19:48:00.5432|WARNING|ASICamera.cs|SetControlValue|568|Failed to set ASI Control Value ASI_ANTI_DEW_HEATER with value 0
2025-10-16T19:48:00.5451|INFO|CameraVM.cs|ChooseCamera|485|Successfully connected Camera. Id: ZWOptical_ZWO ASI533MM Pro_ASI533MM Name: ZWO ASI533MM Pro DisplayName: ZWO ASI533MM Pro (ASI533MM)Driver Version: 1, 39, 0, 0
2025-10-16T19:48:03.0960|INFO|FilterWheelChooserVM.cs|GetEquipment|193|Found 0 Alpaca Filter Wheels
2025-10-16T19:48:03.1229|INFO|FilterWheelVM.cs|Disconnect|332|Disconnected Filter Wheel
2025-10-16T19:48:04.1810|INFO|FilterWheelVM.cs|ChooseFW|278|Successfully connected Filter Wheel. Id: ASCOM.EFW2.FilterWheel Name: ZWO FilterWheel DisplayName: ZWO FilterWheel (ASCOM) Driver Version: 6.0
2025-10-16T19:48:08.0384|INFO|FocuserChooserVM.cs|GetEquipment|84|Found 0 Alpaca Focusers
2025-10-16T19:48:08.0395|INFO|FocuserVM.cs|Disconnect|441|Disconnected Focuser
2025-10-16T19:48:08.2721|ERROR|AscomDevice.cs|GetProperty|546|An unexpected exception occurred during GET of Focuser.StepSize: 
ASCOM.DriverException: The method or operation is not implemented.
 ---> System.NotImplementedException: The method or operation is not implemented.
   --- End of inner exception stack trace ---
   at ASCOM.Com.DriverAccess.DynamicAccess.CheckDotNetExceptions(String memberName, Exception e) in J:\ASCOMLibrary\ASCOM.Com\ASCOM.Com.DriverAccess\BaseClass\DynamicAccess.cs:line 278
   at ASCOM.Com.DriverAccess.DynamicAccess.TryGetMember(GetMemberBinder binder, Object& result) in J:\ASCOMLibrary\ASCOM.Com\ASCOM.Com.DriverAccess\BaseClass\DynamicAccess.cs:line 150
   at CallSite.Target(Closure, CallSite, Object)
   at ASCOM.Com.DriverAccess.Focuser.get_StepSize() in J:\ASCOMLibrary\ASCOM.Com\ASCOM.Com.DriverAccess\Focuser.cs:line 159
   at InvokeStub_Focuser.get_StepSize(Object, Object, IntPtr*)
   at System.Reflection.MethodBaseInvoker.InvokeWithNoArgs(Object obj, BindingFlags invokeAttr)
2025-10-16T19:48:08.4733|INFO|AscomDevice.cs|GetProperty|485|Retrying to GET Focuser.StepSize - Attempt 2 / 3
2025-10-16T19:48:08.4744|ERROR|AscomDevice.cs|GetProperty|546|An unexpected exception occurred during GET of Focuser.StepSize: 
ASCOM.DriverException: The method or operation is not implemented.
 ---> System.NotImplementedException: The method or operation is not implemented.
   --- End of inner exception stack trace ---
   at ASCOM.Com.DriverAccess.DynamicAccess.CheckDotNetExceptions(String memberName, Exception e) in J:\ASCOMLibrary\ASCOM.Com\ASCOM.Com.DriverAccess\BaseClass\DynamicAccess.cs:line 278
   at ASCOM.Com.DriverAccess.DynamicAccess.TryGetMember(GetMemberBinder binder, Object& result) in J:\ASCOMLibrary\ASCOM.Com\ASCOM.Com.DriverAccess\BaseClass\DynamicAccess.cs:line 150
   at CallSite.Target(Closure, CallSite, Object)
   at ASCOM.Com.DriverAccess.Focuser.get_StepSize() in J:\ASCOMLibrary\ASCOM.Com\ASCOM.Com.DriverAccess\Focuser.cs:line 159
   at InvokeStub_Focuser.get_StepSize(Object, Object, IntPtr*)
   at System.Reflection.MethodBaseInvoker.InvokeWithNoArgs(Object obj, BindingFlags invokeAttr)
2025-10-16T19:48:08.6754|INFO|AscomDevice.cs|GetProperty|485|Retrying to GET Focuser.StepSize - Attempt 3 / 3
2025-10-16T19:48:08.6779|ERROR|AscomDevice.cs|GetProperty|546|An unexpected exception occurred during GET of Focuser.StepSize: 
ASCOM.DriverException: The method or operation is not implemented.
 ---> System.NotImplementedException: The method or operation is not implemented.
   --- End of inner exception stack trace ---
   at ASCOM.Com.DriverAccess.DynamicAccess.CheckDotNetExceptions(String memberName, Exception e) in J:\ASCOMLibrary\ASCOM.Com\ASCOM.Com.DriverAccess\BaseClass\DynamicAccess.cs:line 278
   at ASCOM.Com.DriverAccess.DynamicAccess.TryGetMember(GetMemberBinder binder, Object& result) in J:\ASCOMLibrary\ASCOM.Com\ASCOM.Com.DriverAccess\BaseClass\DynamicAccess.cs:line 150
   at CallSite.Target(Closure, CallSite, Object)
   at ASCOM.Com.DriverAccess.Focuser.get_StepSize() in J:\ASCOMLibrary\ASCOM.Com\ASCOM.Com.DriverAccess\Focuser.cs:line 159
   at InvokeStub_Focuser.get_StepSize(Object, Object, IntPtr*)
   at System.Reflection.MethodBaseInvoker.InvokeWithNoArgs(Object obj, BindingFlags invokeAttr)
2025-10-16T19:48:08.6787|INFO|AscomDevice.cs|GetProperty|556|GET Focuser.StepSize failed - Returning last known value 0
2025-10-16T19:48:08.8850|INFO|FocuserVM.cs|ChooseFocuser|333|Successfully connected Focuser. Id: ASCOM.EAF.Focuser Name: ZWO Focuser DisplayName: ZWO Focuser (ASCOM) Driver Version: 6.0
2025-10-16T19:48:10.8896|INFO|TelescopeChooserVM.cs|GetEquipment|69|Found 0 Alpaca Telescopes
2025-10-16T19:48:10.8907|INFO|TelescopeVM.cs|Disconnect|741|Disconnected mount
2025-10-16T19:48:10.9265|INFO|AscomTelescope.cs|CheckMountTime|845|Mount UTC Time: 2025-10-17 00:48:11Z / System UTC Time: 2025-10-17 00:48:10Z; Difference: 0.112 seconds
2025-10-16T19:48:10.9562|INFO|AscomTelescope.cs|CheckMountTime|852|System time has been synced to the mount
2025-10-16T19:48:11.0906|INFO|TelescopeVM.cs|ChooseTelescope|536|Successfully connected mount. Id: ASCOM.iOptron2017.Telescope Name: iOptron CEM120,70,40,26, GEM, HEM, HAE, HAZ series and SkyHunter Mount DisplayName: iOptron CEM120,70,40,26, GEM, HEM, HAE, HAZ series and SkyHunter Mount (ASCOM) Driver Version: 9.15
2025-10-16T19:48:11.0929|INFO|PHD2Guider.cs|Connect|205|Connecting to PHD2 server at 127.0.0.1:4400
2025-10-16T19:48:16.8247|ERROR|Phd2InfoPanel.cs|SendMessage|221|Phd2 error while sending message
System.IO.IOException: Unable to write data to the transport connection: An established connection was aborted by the software in your host machine..
 ---> System.Net.Sockets.SocketException (10053): An established connection was aborted by the software in your host machine.
   at System.Net.Sockets.Socket.AwaitableSocketAsyncEventArgs.CreateException(SocketError error, Boolean forAsyncThrow)
   at System.Net.Sockets.NetworkStream.WriteAsync(Byte[] buffer, Int32 offset, Int32 count, CancellationToken cancellationToken)
   at NINA.Plugin.Phd2Tools.Dockables.Phd2InfoPanel.SendMessage[T](Phd2Method msg, Int32 receiveTimeout) in D:\a\nina.plugin.phd2tools\nina.plugin.phd2tools\Dockables\Phd2InfoPanel.cs:line 202
   at System.Runtime.CompilerServices.AsyncMethodBuilderCore.Start[TStateMachine](TStateMachine& stateMachine)
   at NINA.Plugin.Phd2Tools.Dockables.Phd2InfoPanel.SendMessage[T](Phd2Method msg, Int32 receiveTimeout)
   at NINA.Plugin.Phd2Tools.Dockables.Phd2InfoPanel.Refresh() in D:\a\nina.plugin.phd2tools\nina.plugin.phd2tools\Dockables\Phd2InfoPanel.cs:line 127
   at System.Threading.ExecutionContext.RunInternal(ExecutionContext executionContext, ContextCallback callback, Object state)
   at System.Runtime.CompilerServices.AsyncTaskMethodBuilder`1.AsyncStateMachineBox`1.MoveNext(Thread threadPoolThread)
   at System.Threading.Tasks.AwaitTaskContinuation.RunOrScheduleAction(IAsyncStateMachineBox box, Boolean allowInlining)
   at System.Threading.Tasks.Task.RunContinuations(Object continuationObject)
   at System.Threading.Tasks.Task.DelayPromise.CompleteTimedOut()
   at System.Threading.TimerQueueTimer.Fire(Boolean isThreadPool)
   at System.Threading.TimerQueue.FireNextTimers()
   at System.Threading.ThreadPoolWorkQueue.Dispatch()
   at System.Threading.PortableThreadPool.WorkerThread.WorkerThreadStart()
--- End of stack trace from previous location ---

   --- End of inner exception stack trace ---
   at NINA.Plugin.Phd2Tools.Dockables.Phd2InfoPanel.SendMessage[T](Phd2Method msg, Int32 receiveTimeout) in D:\a\nina.plugin.phd2tools\nina.plugin.phd2tools\Dockables\Phd2InfoPanel.cs:line 202
2025-10-16T19:48:16.8267|ERROR|Phd2InfoPanel.cs|SendMessage|221|Phd2 error while sending message
System.IO.IOException: Unable to write data to the transport connection: An established connection was aborted by the software in your host machine..
 ---> System.Net.Sockets.SocketException (10053): An established connection was aborted by the software in your host machine.
   at System.Net.Sockets.Socket.AwaitableSocketAsyncEventArgs.CreateException(SocketError error, Boolean forAsyncThrow)
   at System.Net.Sockets.NetworkStream.WriteAsync(Byte[] buffer, Int32 offset, Int32 count, CancellationToken cancellationToken)
   at NINA.Plugin.Phd2Tools.Dockables.Phd2InfoPanel.SendMessage[T](Phd2Method msg, Int32 receiveTimeout) in D:\a\nina.plugin.phd2tools\nina.plugin.phd2tools\Dockables\Phd2InfoPanel.cs:line 202
   at System.Runtime.CompilerServices.AsyncMethodBuilderCore.Start[TStateMachine](TStateMachine& stateMachine)
   at NINA.Plugin.Phd2Tools.Dockables.Phd2InfoPanel.GetAppState() in D:\a\nina.plugin.phd2tools\nina.plugin.phd2tools\Dockables\Phd2InfoPanel.cs:line 288
   at System.Runtime.CompilerServices.AsyncMethodBuilderCore.Start[TStateMachine](TStateMachine& stateMachine)
   at NINA.Plugin.Phd2Tools.Dockables.Phd2InfoPanel.GetAppState()
   at NINA.Plugin.Phd2Tools.Dockables.Phd2InfoPanel.Refresh() in D:\a\nina.plugin.phd2tools\nina.plugin.phd2tools\Dockables\Phd2InfoPanel.cs:line 132
   at System.Threading.ExecutionContext.RunInternal(ExecutionContext executionContext, ContextCallback callback, Object state)
   at System.Runtime.CompilerServices.AsyncTaskMethodBuilder`1.AsyncStateMachineBox`1.MoveNext(Thread threadPoolThread)
   at System.Threading.Tasks.AwaitTaskContinuation.RunOrScheduleAction(IAsyncStateMachineBox box, Boolean allowInlining)
   at System.Threading.Tasks.Task.RunContinuations(Object continuationObject)
   at System.Threading.Tasks.Task.DelayPromise.CompleteTimedOut()
   at System.Threading.TimerQueueTimer.Fire(Boolean isThreadPool)
   at System.Threading.TimerQueue.FireNextTimers()
   at System.Threading.ThreadPoolWorkQueue.Dispatch()
   at System.Threading.PortableThreadPool.WorkerThread.WorkerThreadStart()
--- End of stack trace from previous location ---

   --- End of inner exception stack trace ---
   at NINA.Plugin.Phd2Tools.Dockables.Phd2InfoPanel.SendMessage[T](Phd2Method msg, Int32 receiveTimeout) in D:\a\nina.plugin.phd2tools\nina.plugin.phd2tools\Dockables\Phd2InfoPanel.cs:line 202
2025-10-16T19:48:17.7150|INFO|WeatherDataChooserVM.cs|GetEquipment|69|Found 0 Alpaca Observing Conditions
2025-10-16T19:48:17.7701|INFO|WeatherDataVM.cs|Disconnect|305|Disconnected Weather Device
2025-10-16T19:48:17.9501|INFO|AscomDevice.cs|GetProperty|527|Property ObservingConditions.SkyQuality GET is not implemented in this driver (SkyAlert Observing Conditions)
2025-10-16T19:48:17.9527|INFO|AscomDevice.cs|GetProperty|527|Property ObservingConditions.StarFWHM GET is not implemented in this driver (SkyAlert Observing Conditions)
2025-10-16T19:48:17.9559|INFO|WeatherDataVM.cs|ChooseWeatherData|150|Successfully connected Weather Device. Id: ASCOM.SkyAlert.ObservingConditions Name: SkyAlert Observing Conditions DisplayName: SkyAlert Observing Conditions (ASCOM) Driver Version: 1.7
2025-10-16T19:48:19.9573|INFO|SafetyMonitorChooserVM.cs|GetEquipment|71|Found 0 Alpaca Safety Monitors
2025-10-16T19:48:19.9985|INFO|SafetyMonitorVM.cs|Disconnect|221|Disconnected Safety Monitor
2025-10-16T19:48:20.0704|INFO|SafetyMonitorVM.cs|Connect|175|Successfully connected Safety Monitor. Id: ASCOM.GenericFile.SafetyMonitor Name: Generic File driver DisplayName: Generic File driver (ASCOM) Driver Version: 6.4
2025-10-16T19:48:20.0708|INFO|SequenceItem.cs|Run|254|Finishing Category: Connect, Item: ConnectAllEquipment
2025-10-16T19:48:20.0710|INFO|SequenceItem.cs|Run|208|Starting Category: Telescope, Item: FindHome
2025-10-16T19:48:20.0870|INFO|PHD2Guider.cs|StopGuiding|704|Phd2 - Stop Guiding skipped, as the app is already in state Stopped
2025-10-16T19:48:20.0872|INFO|TelescopeVM.cs|FindHome|292|Mount ordered to locate home position
2025-10-16T19:48:20.0875|ERROR|TelescopeVM.cs|FindHome|352|Mount cannot locate home because it is already at the home position
2025-10-16T19:48:20.0876|INFO|SequenceItem.cs|Run|254|Finishing Category: Telescope, Item: FindHome
2025-10-16T19:48:20.0877|INFO|SequenceItem.cs|Run|208|Starting Category: Ground Station, Item: Send to Telegram
2025-10-16T19:48:20.7394|INFO|SequenceItem.cs|Run|254|Finishing Category: Ground Station, Item: Send to Telegram
2025-10-16T19:48:20.7399|INFO|SequenceItem.cs|Run|208|Starting Category: Camera, Item: CoolCamera, Temperature: 0, Duration: 0
2025-10-16T19:48:20.7401|INFO|CameraVM.cs|CoolCamera|138|Cooling Camera. Target: 0 Duration: 00:00:00
2025-10-16T19:48:22.0703|INFO|SafetyMonitorVM.cs|UpdateMonitorValues|95|SafetyMonitorInfo state changed to Unsafe
2025-10-16T19:50:00.7016|INFO|ApplicationVM.cs|Exit|244|Shutting down application - requested by user
2025-10-16T19:50:00.8150|INFO|ApplicationVM.cs|Closing|289|Application shutting down
2025-10-16T19:50:00.8496|INFO|DomeVM.cs|Disconnect|355|Disconnected Dome Device
2025-10-16T19:50:00.8543|INFO|FlatDeviceVM.cs|Disconnect|289|Disconnected Flat Device
2025-10-16T19:50:01.0694|INFO|CameraVM.cs|Disconnect|680|Disconnected Camera
2025-10-16T19:50:01.1043|INFO|AscomDevice.cs|Disconnect|378|Disconnecting from ASCOM.iOptron2017.Telescope iOptron CEM120,70,40,26, GEM, HEM, HAE, HAZ series and SkyHunter Mount
2025-10-16T19:50:01.1219|INFO|TelescopeVM.cs|Disconnect|741|Disconnected mount
2025-10-16T19:50:01.1222|INFO|AscomDevice.cs|Disconnect|378|Disconnecting from ASCOM.EFW2.FilterWheel ZWO FilterWheel
2025-10-16T19:50:01.1302|INFO|FilterWheelVM.cs|Disconnect|332|Disconnected Filter Wheel
2025-10-16T19:50:01.1327|INFO|AscomDevice.cs|Disconnect|378|Disconnecting from ASCOM.EAF.Focuser ZWO Focuser
2025-10-16T19:50:01.1542|INFO|FocuserVM.cs|Disconnect|441|Disconnected Focuser
2025-10-16T19:50:01.1589|INFO|RotatorVM.cs|Disconnect|447|Disconnected Rotator
2025-10-16T19:50:01.1623|INFO|SwitchVM.cs|Disconnect|309|Disconnected Switch
2025-10-16T19:50:01.1646|INFO|AscomDevice.cs|Disconnect|378|Disconnecting from ASCOM.SkyAlert.ObservingConditions SkyAlert Observing Conditions
2025-10-16T19:50:01.1691|INFO|WeatherDataVM.cs|Disconnect|305|Disconnected Weather Device
2025-10-16T19:50:01.1708|INFO|AscomDevice.cs|Disconnect|378|Disconnecting from ASCOM.GenericFile.SafetyMonitor Generic File driver
2025-10-16T19:50:01.1753|INFO|SafetyMonitorVM.cs|Disconnect|221|Disconnected Safety Monitor
2025-10-16T19:50:01.6536|ERROR|SequenceItem.cs|Run|263|Category: Camera, Item: CoolCamera, Temperature: 0, Duration: 0 - 
System.NullReferenceException: Object reference not set to an instance of an object.
   at NINA.WPF.Base.ViewModel.Equipment.Camera.CameraVM.RegulateTemperature(Double temperature, TimeSpan duration, Boolean cooling, IProgress`1 progress, CancellationToken ct) in D:\a\nina\nina\NINA.WPF.Base\ViewModel\Equipment\Camera\CameraVM.cs:line 237
   at NINA.WPF.Base.ViewModel.Equipment.Camera.CameraVM.CoolCamera(Double temperature, TimeSpan duration, IProgress`1 progress, CancellationToken ct) in D:\a\nina\nina\NINA.WPF.Base\ViewModel\Equipment\Camera\CameraVM.cs:line 147
   at NINA.Sequencer.SequenceItem.Camera.CoolCamera.Execute(IProgress`1 progress, CancellationToken token) in D:\a\nina\nina\NINA.Sequencer\SequenceItem\Camera\CoolCamera.cs:line 82
   at NINA.Sequencer.SequenceItem.SequenceItem.Run(IProgress`1 progress, CancellationToken token) in D:\a\nina\nina\NINA.Sequencer\SequenceItem\SequenceItem.cs:line 249
2025-10-16T19:50:01.6581|INFO|FailuresToTelegramTrigger.cs|WorkerFn|182|Failures to Telegram: Sending Cool Camera failed after 1 attempts!

Reasons: Object reference not set to an instance of an object.

2025-10-16T19:50:01.6586|ERROR|SequenceItem.cs|RunErrorBehavior|195|Instruction Cool Camera failed after 1 attempt. Error behavior is set to ContinueOnError. Continuing.
2025-10-16T19:50:01.6588|INFO|SequenceItem.cs|Run|208|Starting Category: Utility, Item: WaitForTime, Time: 19:41:42h, Offset: -15
2025-10-16T19:50:01.6589|INFO|SequenceItem.cs|Run|254|Finishing Category: Utility, Item: WaitForTime, Time: 19:41:42h, Offset: -15
2025-10-16T19:50:01.6591|INFO|SequenceItem.cs|Run|254|Finishing Category: * Instruction Set *, Container: NINA.Sequencer.Container.SequentialContainer, Strategy: SequentialStrategy, Items[FINISHED]: 7, Items[FAILED]: 1
2025-10-16T19:50:01.6593|INFO|SequenceItem.cs|Run|254|Finishing Category: * Instruction Set *, Container: NINA.Sequencer.Container.StartAreaContainer, Strategy: SequentialStrategy, Items[FINISHED]: 1
2025-10-16T19:50:01.6594|INFO|SequenceItem.cs|Run|208|Starting Category: * Instruction Set *, Container: NINA.Sequencer.Container.TargetAreaContainer, Strategy: SequentialStrategy, Items[CREATED]: 1
2025-10-16T19:50:01.6597|INFO|SequenceItem.cs|Run|208|Starting Category: * Instruction Set *, Container: NINA.Sequencer.Container.SequentialContainer, Strategy: SequentialStrategy, Items[CREATED]: 8, Conditions: Condition: TimeCondition, Time: 6:49:24h, Condition: TargetSchedulerCondition mode=While Targets Remain Tonight, , Triggers: Trigger: CenterAfterDriftTrigger, DistanceArcMinutes: 1Trigger: WhenUnsafeCategory: Ground Station, Item: Failures to TelegramCategory: Connect, Item: ReconnectOnDownloadFailureTrigger: AutofocusAfterHFRIncreaseTrigger, Amount: 5Trigger: MeridianFlipTriggerCategory: Powerups (Misc), Item: DIYTrigger
2025-10-16T19:50:01.7430|ERROR|SequenceCondition.cs|RunCheck|121|Failed: Condition: TargetSchedulerCondition mode=While Targets Remain Tonight - TargetSchedulerCondition: exception determining remaining targets: Scheduler: exception generating plan: unexpected: no acceptable exposure plan in smart exposure selector for target 'LDN 1251 Panel 6' at time 10/16/2025 19:50:01
2025-10-16T19:50:01.7442|INFO|SequenceItem.cs|Run|254|Finishing Category: * Instruction Set *, Container: NINA.Sequencer.Container.SequentialContainer, Strategy: SequentialStrategy, Items[SKIPPED]: 8, Conditions: Condition: TimeCondition, Time: 6:49:24h, Condition: TargetSchedulerCondition mode=While Targets Remain Tonight, , Triggers: Trigger: CenterAfterDriftTrigger, DistanceArcMinutes: 1Trigger: WhenUnsafeCategory: Ground Station, Item: Failures to TelegramCategory: Connect, Item: ReconnectOnDownloadFailureTrigger: AutofocusAfterHFRIncreaseTrigger, Amount: 5Trigger: MeridianFlipTriggerCategory: Powerups (Misc), Item: DIYTrigger
2025-10-16T19:50:01.7443|INFO|SequenceItem.cs|Run|254|Finishing Category: * Instruction Set *, Container: NINA.Sequencer.Container.TargetAreaContainer, Strategy: SequentialStrategy, Items[FINISHED]: 1
2025-10-16T19:50:01.7444|INFO|FailuresToTelegramTrigger.cs|WorkerFn|182|Failures to Telegram: Sending Target Scheduler Condition failed after 0 attempts!

Reasons: TargetSchedulerCondition: exception determining remaining targets: Scheduler: exception generating plan: unexpected: no acceptable exposure plan in smart exposure selector for target 'LDN 1251 Panel 6' at time 10/16/2025 19:50:01

2025-10-16T19:50:01.7444|INFO|SequenceItem.cs|Run|208|Starting Category: * Instruction Set *, Container: NINA.Sequencer.Container.EndAreaContainer, Strategy: SequentialStrategy, Items[CREATED]: 6
2025-10-16T19:50:01.7445|INFO|SequenceItem.cs|Run|208|Starting Category: Telescope, Item: FindHome
2025-10-16T19:50:01.7446|ERROR|SequenceItem.cs|RunErrorBehavior|195|Instruction Find home failed after 1 attempt. Error behavior is set to ContinueOnError. Continuing.
2025-10-16T19:50:01.7453|ERROR|SequenceItem.cs|Run|281|Failed validation: Category: Telescope, Item: FindHome - Telescope not connected
2025-10-16T19:50:01.7457|INFO|SequenceItem.cs|Run|208|Starting Category: Camera, Item: WarmCamera, Duration: 0
2025-10-16T19:50:01.7457|ERROR|SequenceItem.cs|RunErrorBehavior|195|Instruction Warm Camera failed after 1 attempt. Error behavior is set to ContinueOnError. Continuing.
2025-10-16T19:50:01.7458|ERROR|SequenceItem.cs|Run|281|Failed validation: Category: Camera, Item: WarmCamera, Duration: 0 - Camera not connected
2025-10-16T19:50:01.7460|INFO|SequenceItem.cs|Run|208|Starting Category: Guider, Item: StopGuiding
2025-10-16T19:50:01.7460|ERROR|SequenceItem.cs|RunErrorBehavior|195|Instruction Stop Guiding failed after 1 attempt. Error behavior is set to ContinueOnError. Continuing.
2025-10-16T19:50:01.7461|ERROR|SequenceItem.cs|Run|281|Failed validation: Category: Guider, Item: StopGuiding - Guider not connected
2025-10-16T19:50:01.7462|INFO|SequenceItem.cs|Run|208|Starting Category: Phd2 Tools, Item: ShutdownPhd2Instruction
2025-10-16T19:50:01.7463|ERROR|SequenceItem.cs|RunErrorBehavior|195|Instruction Shutdown PHD2 failed after 1 attempt. Error behavior is set to ContinueOnError. Continuing.
2025-10-16T19:50:01.7463|ERROR|SequenceItem.cs|Run|281|Failed validation: Category: Phd2 Tools, Item: ShutdownPhd2Instruction - Guider not connected
2025-10-16T19:50:01.7464|INFO|SequenceItem.cs|Run|208|Starting Category: Connect, Item: DisconnectAllEquipment
2025-10-16T19:50:01.7467|INFO|DisconnectAllEquipment.cs|Execute|138|Camera is already disconnected
2025-10-16T19:50:01.7468|INFO|DisconnectAllEquipment.cs|Execute|138|Filter Wheel is already disconnected
2025-10-16T19:50:01.7468|INFO|DisconnectAllEquipment.cs|Execute|138|Focuser is already disconnected
2025-10-16T19:50:01.7468|INFO|DisconnectAllEquipment.cs|Execute|138|Rotator is already disconnected
2025-10-16T19:50:01.7469|INFO|DisconnectAllEquipment.cs|Execute|138|Telescope is already disconnected
2025-10-16T19:50:01.7469|INFO|DisconnectAllEquipment.cs|Execute|138|Guider is already disconnected
2025-10-16T19:50:01.7470|INFO|DisconnectAllEquipment.cs|Execute|138|Switch is already disconnected
2025-10-16T19:50:01.7470|INFO|DisconnectAllEquipment.cs|Execute|138|Flat Panel is already disconnected
2025-10-16T19:50:01.7470|INFO|DisconnectAllEquipment.cs|Execute|138|Weather is already disconnected
2025-10-16T19:50:01.7471|INFO|DisconnectAllEquipment.cs|Execute|138|Dome is already disconnected
2025-10-16T19:50:01.7471|INFO|DisconnectAllEquipment.cs|Execute|138|Safety Monitor is already disconnected
2025-10-16T19:50:01.7471|INFO|SequenceItem.cs|Run|254|Finishing Category: Connect, Item: DisconnectAllEquipment
2025-10-16T19:50:01.7473|INFO|SequenceItem.cs|Run|208|Starting Category: Ground Station, Item: Send to Telegram
