----------------------------------------------------------------------
--------------N.I.N.A. - Nighttime Imaging 'N' Astronomy--------------
--------------------------Version 3.2.0.9001--------------------------
-------------------------2025-11-12T14:48:37--------------------------
----------------------------------------------------------------------
---------------------Microsoft Windows 10.0.19045---------------------
-------------------------OS Architecture X64--------------------------
-----------------------Process Architecture X64-----------------------
-----------------------------.NET 8.0.21------------------------------
----------------------------------------------------------------------
--------------------------Processor Count 4---------------------------
--------------------Total Physical Memory 7.84 GB---------------------
----------------------------------------------------------------------
DATE|LEVEL|SOURCE|MEMBER|LINE|MESSAGE
2025-11-12T14:48:37.0091|INFO|CameraChooserVM.cs|GetEquipment|69|Found 2 ASI Cameras
2025-11-12T14:48:37.7744|INFO|CameraChooserVM.cs|GetEquipment|84|Found 0 Altair Cameras
2025-11-12T14:48:38.0177|INFO|CameraChooserVM.cs|GetEquipment|96|Found 0 Atik Cameras
2025-11-12T14:48:38.1125|INFO|CameraChooserVM.cs|GetEquipment|110|Found 0 FLI Cameras
2025-11-12T14:48:39.3844|INFO|CameraChooserVM.cs|GetEquipment|130|Found 0 QHYCCD Cameras
2025-11-12T14:48:39.7495|INFO|CameraChooserVM.cs|GetEquipment|158|Found 0 ToupTek Cameras
2025-11-12T14:48:39.8804|INFO|CameraChooserVM.cs|GetEquipment|173|Found 0 Ogma Cameras
2025-11-12T14:48:40.0225|INFO|CameraChooserVM.cs|GetEquipment|188|Found 0 Omegon Cameras
2025-11-12T14:48:40.3168|INFO|CameraChooserVM.cs|GetEquipment|203|Found 0 RisingCam Cameras
2025-11-12T14:48:40.4731|INFO|CameraChooserVM.cs|GetEquipment|218|Found 0 MallinCam Cameras
2025-11-12T14:48:40.8897|INFO|CameraChooserVM.cs|GetEquipment|243|Found 0 SVBony Cameras
2025-11-12T14:48:40.8929|INFO|CameraChooserVM.cs|GetEquipment|259|Found 0 SBIG Cameras
2025-11-12T14:48:42.7450|INFO|PluginLoader.cs|LoadPlugin|402|Successfully loaded plugin Autofocus Report Analysis version 2.0.0.9 by Stefan Berg @isbeorn
2025-11-12T14:48:43.0390|INFO|PluginLoader.cs|LoadPlugin|402|Successfully loaded plugin Connector version 2.1.0.2 by Stefan Berg @isbeorn
2025-11-12T14:48:43.2476|INFO|PluginLoader.cs|LoadPlugin|402|Successfully loaded plugin Device Actions and Commands version 2.2.0.0 by Dale Ghent
2025-11-12T14:48:44.0235|INFO|PluginLoader.cs|LoadPlugin|402|Successfully loaded plugin Discord Alert version 2.2.0.0 by Drew McDermott
2025-11-12T14:48:46.3852|INFO|ApplicationVM.cs|CheckDiskInfo|100|Available Space on Drive C:\: 146.09 GB
2025-11-12T14:48:46.3917|INFO|ApplicationVM.cs|CheckDiskInfo|102|Drive E:\ is not ready
2025-11-12T14:48:46.3932|INFO|ApplicationVM.cs|CheckDiskInfo|100|Available Space on Drive G:\: 55.91 GB
2025-11-12T14:48:46.4020|INFO|ApplicationVM.cs|CheckDiskInfo|100|Available Space on Drive Z:\: 29.1 GB
2025-11-12T14:48:47.2553|INFO|ApplicationVM.cs|CheckASCOMPlatformVersion|81|ASCOM Platform 6.6.2.4195 installed
2025-11-12T14:48:47.9358|INFO|PluginLoader.cs|LoadPlugin|402|Successfully loaded plugin Discord Notification version 2.0.0.8 by Daniel Ludwig
2025-11-12T14:48:49.1200|INFO|DitherStatisticsVM.cs|CreatePluginIcon|1349|Plugin icon geometry created successfully
2025-11-12T14:48:49.1539|INFO|DitherStatisticsVM.cs|LoadDataTemplates|1318|DitherStatistics DataTemplates loaded successfully
2025-11-12T14:48:49.1574|INFO|DitherStatisticsVM.cs|SaveQualityAssessmentSetting|382|Quality Assessment setting saved to file: True
2025-11-12T14:48:49.1575|INFO|DitherStatisticsVM.cs|LoadQualityAssessmentSetting|359|Quality Assessment setting loaded from file: True
2025-11-12T14:48:49.1581|INFO|DitherStatisticsVM.cs|SubscribeToGuiderEvents|700|Subscribed to NINA guider events
2025-11-12T14:48:49.1611|ERROR|DitherStatisticsVM.cs|GetThemeColor|1303|Failed to get theme color 'PrimaryBrush': The calling thread cannot access this object because a different thread owns it.
2025-11-12T14:48:49.1615|INFO|DitherStatisticsVM.cs|StartThemeColorMonitoring|1195|Initial PrimaryBrush color: R:255 G:255 B:255
2025-11-12T14:48:49.1616|INFO|DitherStatisticsVM.cs|.ctor|91|DitherStatisticsVM initialized successfully with ScottPlot 4.1 (Lazy Loading)!
2025-11-12T14:48:49.1622|INFO|DitherStatisticsVM.cs|StartThemeColorMonitoring|1204|Theme color monitoring timer started on UI thread
2025-11-12T14:48:49.1635|INFO|PluginLoader.cs|LoadPlugin|402|Successfully loaded plugin Dither Statistics version 1.2.0.3 by Thierry Tschanz
2025-11-12T14:48:49.3461|INFO|PluginLoader.cs|LoadPlugin|402|Successfully loaded plugin Filter Offset Calculator version 2.0.0.0 by S. Dimant & Stefan Berg
2025-11-12T14:48:49.6491|INFO|PluginLoader.cs|LoadPlugin|402|Successfully loaded plugin Flexure Correction version 0.8.0.0 by Francesco Meschia
2025-11-12T14:48:49.6615|INFO|DitherStatisticsVM.cs|OnThemeColorTimerTick|1223|Theme color CHANGED! Old: R:255 G:255 B:255 -> New: R:176 G:179 B:185
2025-11-12T14:48:49.8185|INFO|DitherStatisticsVM.cs|PixelShiftPlot|131|PixelShiftPlot created (lazy loading)
2025-11-12T14:48:49.8474|INFO|DitherStatisticsVM.cs|SettleTimePlot|172|SettleTimePlot created (lazy loading)
2025-11-12T14:48:49.8674|INFO|PluginLoader.cs|LoadPlugin|402|Successfully loaded plugin Ground Station version 2.4.1.0 by Dale Ghent
2025-11-12T14:48:50.3309|INFO|PluginLoader.cs|LoadPlugin|402|Successfully loaded plugin Hocus Focus version 3.0.0.24 by George Hilios (jokogeo)
2025-11-12T14:48:50.4487|INFO|PluginLoader.cs|LoadPlugin|402|Successfully loaded plugin Horizon Creator version 1.1.2.0 by Christian Palm
2025-11-12T14:48:50.5491|INFO|PluginLoader.cs|LoadPlugin|402|Successfully loaded plugin Lightbucket version 2.2.4.0 by Lightbucket
2025-11-12T14:48:50.6487|INFO|PluginLoader.cs|LoadPlugin|402|Successfully loaded plugin Log Viewer version 1.0.0.2 by Alexander Wrede @astro_alex80
2025-11-12T14:48:50.6735|INFO|PluginLoader.cs|LoadPlugin|402|Successfully loaded plugin Moon Angle version 2.2.0.0 by Dale Ghent
2025-11-12T14:48:50.7923|INFO|PluginLoader.cs|LoadPlugin|402|Successfully loaded plugin Phd2 Tools version 1.0.6.0 by Stefan Berg @isbeorn
2025-11-12T14:48:50.9521|INFO|PluginLoader.cs|LoadPlugin|402|Successfully loaded plugin PixInsight Tools version 1.0.0.3 by Stefan Berg
2025-11-12T14:48:51.0989|INFO|PluginLoader.cs|LoadPlugin|402|Successfully loaded plugin Point3D version 0.2.3.0 by Drew McDermott
2025-11-12T14:48:51.1620|INFO|DitherStatisticsVM.cs|ConnectToPHD2|587|Attempting to connect to PHD2...
2025-11-12T14:48:51.1635|INFO|PHD2Client.cs|ConnectAsync|45|PHD2Client: Connecting to PHD2 at 127.0.0.1:4400...
2025-11-12T14:48:51.2234|INFO|PluginLoader.cs|LoadPlugin|402|Successfully loaded plugin Scope Control version 2.0.2.1 by Stefan Berg @isbeorn
2025-11-12T14:48:51.4323|WARNING|When.cs|GetRunningItem|143|Can't get running items: SequencerNavigation not initialized yet!
2025-11-12T14:48:51.7053|INFO|PluginLoader.cs|LoadPlugin|402|Successfully loaded plugin Sequencer Powerups version 3.28.4.4 by Marc Blank
2025-11-12T14:48:51.8193|INFO|PluginLoader.cs|LoadPlugin|402|Successfully loaded plugin Session Metadata version 2.6.3.0 by Tom Palmer @tcpalmer
2025-11-12T14:48:51.8357|INFO|PluginLoader.cs|LoadPlugin|402|Successfully loaded plugin Shutdown PC version 2.2.0.0 by Dale Ghent
2025-11-12T14:48:51.9504|INFO|PluginLoader.cs|LoadPlugin|402|Successfully loaded plugin SkyFlats version 1.0.0.4 by Gerald Hitz (@photon)
2025-11-12T14:48:52.0836|INFO|PluginLoader.cs|LoadPlugin|402|Successfully loaded plugin Smart Filters version 1.0.0.3 by Benoit SAINTOT
2025-11-12T14:48:52.2284|INFO|PluginLoader.cs|LoadPlugin|402|Successfully loaded plugin Target Planning version 3.2.1.0 by Tom Palmer @tcpalmer
2025-11-12T14:48:53.2088|ERROR|PHD2Client.cs|ConnectAsync|62|PHD2Client: Connection failed: No connection could be made because the target machine actively refused it.
2025-11-12T14:48:53.2091|INFO|DitherStatisticsVM.cs|OnPHD2ConnectionStatusChanged|605|PHD2 Connection Status: Connection failed: No connection could be made because the target machine actively refused it.
2025-11-12T14:48:53.2097|WARNING|DitherStatisticsVM.cs|ConnectToPHD2|593|Failed to connect to PHD2 - will retry later
2025-11-12T14:48:53.5641|INFO|PluginLoader.cs|LoadPlugin|402|Successfully loaded plugin Target Scheduler version 5.8.2.0 by Tom Palmer @tcpalmer
2025-11-12T14:48:53.7601|INFO|PluginLoader.cs|LoadPlugin|402|Successfully loaded plugin Three Point Polar Alignment version 2.2.4.2 by Stefan Berg @isbeorn
2025-11-12T14:48:54.0134|INFO|SessionHistoryManager.cs|PurgeHistoryOlderThan|102|purging web session history older than 10 days
2025-11-12T14:48:54.1161|INFO|PluginLoader.cs|LoadPlugin|402|Successfully loaded plugin Web Session History Viewer version 2.2.1.0 by Tom Palmer @tcpalmer
2025-11-12T14:48:54.1415|INFO|PluginFetcher.cs|RequestAll|43|Fetching plugin manifests from https://nighttime-imaging.eu/wp-json/nina/v1/plugins/manifests
2025-11-12T14:48:54.6036|INFO|CameraChooserVM.cs|GetEquipment|279|Found 0 SVBony Cameras
2025-11-12T14:48:54.7295|INFO|CameraChooserVM.cs|GetEquipment|279|Found 0 PlayerOne Cameras
2025-11-12T14:48:54.8292|INFO|CameraChooserVM.cs|GetEquipment|279|Found 0 ASTPAN Cameras
2025-11-12T14:48:54.8316|INFO|CameraChooserVM.cs|GetEquipment|293|Found 4 ASCOM Cameras
2025-11-12T14:48:56.0968|INFO|PluginFetcher.cs|RequestAll|57|Found 65 valid plugins at https://nighttime-imaging.eu/wp-json/nina/v1/plugins/manifests
2025-11-12T14:48:56.2417|INFO|RotatorChooserVM.cs|GetEquipment|68|Found 0 Alpaca Rotators
2025-11-12T14:48:56.2666|INFO|FlatDeviceChooserVM.cs|GetEquipment|67|Found 0 Alpaca Cover Calibrators
2025-11-12T14:48:56.4484|INFO|SwitchChooserVM.cs|GetEquipment|71|Found 0 Alpaca Switch Hubs
2025-11-12T14:48:56.6625|INFO|DomeChooserVM.cs|GetEquipment|67|Found 0 Alpaca Domes
2025-11-12T14:48:56.7775|INFO|WeatherDataChooserVM.cs|GetEquipment|69|Found 0 Alpaca Observing Conditions
2025-11-12T14:48:56.8341|INFO|CameraChooserVM.cs|GetEquipment|305|Found 0 Alpaca Cameras
2025-11-12T14:48:56.8398|INFO|CameraChooserVM.cs|GetEquipment|318|Found 0 Canon Cameras
2025-11-12T14:48:56.8423|INFO|FilterWheelChooserVM.cs|GetEquipment|193|Found 0 Alpaca Filter Wheels
2025-11-12T14:48:56.9945|INFO|TelescopeChooserVM.cs|GetEquipment|69|Found 0 Alpaca Telescopes
2025-11-12T14:48:57.1204|INFO|SafetyMonitorChooserVM.cs|GetEquipment|71|Found 0 Alpaca Safety Monitors
2025-11-12T14:48:58.1505|INFO|FocuserChooserVM.cs|GetEquipment|84|Found 0 Alpaca Focusers
2025-11-12T14:49:03.2143|INFO|DitherStatisticsVM.cs|ConnectToPHD2|587|Attempting to connect to PHD2...
2025-11-12T14:49:03.2145|INFO|PHD2Client.cs|ConnectAsync|45|PHD2Client: Connecting to PHD2 at 127.0.0.1:4400...
2025-11-12T14:49:05.2488|ERROR|PHD2Client.cs|ConnectAsync|62|PHD2Client: Connection failed: No connection could be made because the target machine actively refused it.
2025-11-12T14:49:05.2490|INFO|DitherStatisticsVM.cs|OnPHD2ConnectionStatusChanged|605|PHD2 Connection Status: Connection failed: No connection could be made because the target machine actively refused it.
2025-11-12T14:49:05.2491|WARNING|DitherStatisticsVM.cs|ConnectToPHD2|593|Failed to connect to PHD2 - will retry later
2025-11-12T14:49:05.7317|INFO|CameraVM.cs|Disconnect|650|Disconnected Camera
2025-11-12T14:49:06.2584|WARNING|ASICamera.cs|SetControlValue|568|Failed to set ASI Control Value ASI_WB_B with value 50
2025-11-12T14:49:06.2586|WARNING|ASICamera.cs|SetControlValue|568|Failed to set ASI Control Value ASI_WB_R with value 50
2025-11-12T14:49:06.2587|WARNING|ASICamera.cs|SetControlValue|568|Failed to set ASI Control Value ASI_GAMMA with value 50
2025-11-12T14:49:06.2588|WARNING|ASICamera.cs|SetControlValue|568|Failed to set ASI Control Value ASI_HIGH_SPEED_MODE with value 0
2025-11-12T14:49:06.2588|WARNING|ASICamera.cs|SetControlValue|568|Failed to set ASI Control Value ASI_OVERCLOCK with value 0
2025-11-12T14:49:06.2589|WARNING|ASICamera.cs|SetControlValue|568|Failed to set ASI Control Value ASI_PATTERN_ADJUST with value 0
2025-11-12T14:49:06.2595|WARNING|ASICamera.cs|SetControlValue|568|Failed to set ASI Control Value ASI_MONO_BIN with value 0
2025-11-12T14:49:06.2606|INFO|ASICamera.cs|Initialize|664|Camera ID: ASI533MM
2025-11-12T14:49:06.2693|WARNING|ASICamera.cs|SetControlValue|568|Failed to set ASI Control Value ASI_ANTI_DEW_HEATER with value 0
2025-11-12T14:49:06.3362|INFO|CameraVM.cs|ChooseCamera|455|Successfully connected Camera. Id: ZWOptical_ZWO ASI533MM Pro_ASI533MM Name: ZWO ASI533MM Pro DisplayName: ZWO ASI533MM Pro (ASI533MM)Driver Version: 1, 39, 0, 0
2025-11-12T14:49:15.2608|INFO|DitherStatisticsVM.cs|ConnectToPHD2|587|Attempting to connect to PHD2...
2025-11-12T14:49:15.2610|INFO|PHD2Client.cs|ConnectAsync|45|PHD2Client: Connecting to PHD2 at 127.0.0.1:4400...
2025-11-12T14:49:17.2823|ERROR|PHD2Client.cs|ConnectAsync|62|PHD2Client: Connection failed: No connection could be made because the target machine actively refused it.
2025-11-12T14:49:17.2825|INFO|DitherStatisticsVM.cs|OnPHD2ConnectionStatusChanged|605|PHD2 Connection Status: Connection failed: No connection could be made because the target machine actively refused it.
2025-11-12T14:49:17.2826|WARNING|DitherStatisticsVM.cs|ConnectToPHD2|593|Failed to connect to PHD2 - will retry later
2025-11-12T14:49:27.2851|INFO|DitherStatisticsVM.cs|ConnectToPHD2|587|Attempting to connect to PHD2...
2025-11-12T14:49:27.2853|INFO|PHD2Client.cs|ConnectAsync|45|PHD2Client: Connecting to PHD2 at 127.0.0.1:4400...
2025-11-12T14:49:29.3088|ERROR|PHD2Client.cs|ConnectAsync|62|PHD2Client: Connection failed: No connection could be made because the target machine actively refused it.
2025-11-12T14:49:29.3089|INFO|DitherStatisticsVM.cs|OnPHD2ConnectionStatusChanged|605|PHD2 Connection Status: Connection failed: No connection could be made because the target machine actively refused it.
2025-11-12T14:49:29.3090|WARNING|DitherStatisticsVM.cs|ConnectToPHD2|593|Failed to connect to PHD2 - will retry later
2025-11-12T14:49:39.3218|INFO|DitherStatisticsVM.cs|ConnectToPHD2|587|Attempting to connect to PHD2...
2025-11-12T14:49:39.3220|INFO|PHD2Client.cs|ConnectAsync|45|PHD2Client: Connecting to PHD2 at 127.0.0.1:4400...
2025-11-12T14:49:41.3526|ERROR|PHD2Client.cs|ConnectAsync|62|PHD2Client: Connection failed: No connection could be made because the target machine actively refused it.
2025-11-12T14:49:41.3528|INFO|DitherStatisticsVM.cs|OnPHD2ConnectionStatusChanged|605|PHD2 Connection Status: Connection failed: No connection could be made because the target machine actively refused it.
2025-11-12T14:49:41.3528|WARNING|DitherStatisticsVM.cs|ConnectToPHD2|593|Failed to connect to PHD2 - will retry later
2025-11-12T14:49:51.3582|INFO|DitherStatisticsVM.cs|ConnectToPHD2|587|Attempting to connect to PHD2...
2025-11-12T14:49:51.3585|INFO|PHD2Client.cs|ConnectAsync|45|PHD2Client: Connecting to PHD2 at 127.0.0.1:4400...
2025-11-12T14:49:53.3992|ERROR|PHD2Client.cs|ConnectAsync|62|PHD2Client: Connection failed: No connection could be made because the target machine actively refused it.
2025-11-12T14:49:53.3993|INFO|DitherStatisticsVM.cs|OnPHD2ConnectionStatusChanged|605|PHD2 Connection Status: Connection failed: No connection could be made because the target machine actively refused it.
2025-11-12T14:49:53.3994|WARNING|DitherStatisticsVM.cs|ConnectToPHD2|593|Failed to connect to PHD2 - will retry later
2025-11-12T14:50:03.3982|INFO|DitherStatisticsVM.cs|ConnectToPHD2|587|Attempting to connect to PHD2...
2025-11-12T14:50:03.3983|INFO|PHD2Client.cs|ConnectAsync|45|PHD2Client: Connecting to PHD2 at 127.0.0.1:4400...
2025-11-12T14:50:05.4271|ERROR|PHD2Client.cs|ConnectAsync|62|PHD2Client: Connection failed: No connection could be made because the target machine actively refused it.
2025-11-12T14:50:05.4273|INFO|DitherStatisticsVM.cs|OnPHD2ConnectionStatusChanged|605|PHD2 Connection Status: Connection failed: No connection could be made because the target machine actively refused it.
2025-11-12T14:50:05.4274|WARNING|DitherStatisticsVM.cs|ConnectToPHD2|593|Failed to connect to PHD2 - will retry later
2025-11-12T14:50:15.4418|INFO|DitherStatisticsVM.cs|ConnectToPHD2|587|Attempting to connect to PHD2...
2025-11-12T14:50:15.4422|INFO|PHD2Client.cs|ConnectAsync|45|PHD2Client: Connecting to PHD2 at 127.0.0.1:4400...
2025-11-12T14:50:17.4702|ERROR|PHD2Client.cs|ConnectAsync|62|PHD2Client: Connection failed: No connection could be made because the target machine actively refused it.
2025-11-12T14:50:17.4704|INFO|DitherStatisticsVM.cs|OnPHD2ConnectionStatusChanged|605|PHD2 Connection Status: Connection failed: No connection could be made because the target machine actively refused it.
2025-11-12T14:50:17.4706|WARNING|DitherStatisticsVM.cs|ConnectToPHD2|593|Failed to connect to PHD2 - will retry later
2025-11-12T14:50:27.4851|INFO|DitherStatisticsVM.cs|ConnectToPHD2|587|Attempting to connect to PHD2...
2025-11-12T14:50:27.4854|INFO|PHD2Client.cs|ConnectAsync|45|PHD2Client: Connecting to PHD2 at 127.0.0.1:4400...
2025-11-12T14:50:29.5123|ERROR|PHD2Client.cs|ConnectAsync|62|PHD2Client: Connection failed: No connection could be made because the target machine actively refused it.
2025-11-12T14:50:29.5125|INFO|DitherStatisticsVM.cs|OnPHD2ConnectionStatusChanged|605|PHD2 Connection Status: Connection failed: No connection could be made because the target machine actively refused it.
2025-11-12T14:50:29.5126|WARNING|DitherStatisticsVM.cs|ConnectToPHD2|593|Failed to connect to PHD2 - will retry later
2025-11-12T14:50:39.5278|INFO|DitherStatisticsVM.cs|ConnectToPHD2|587|Attempting to connect to PHD2...
2025-11-12T14:50:39.5280|INFO|PHD2Client.cs|ConnectAsync|45|PHD2Client: Connecting to PHD2 at 127.0.0.1:4400...
2025-11-12T14:50:41.5519|ERROR|PHD2Client.cs|ConnectAsync|62|PHD2Client: Connection failed: No connection could be made because the target machine actively refused it.
2025-11-12T14:50:41.5522|INFO|DitherStatisticsVM.cs|OnPHD2ConnectionStatusChanged|605|PHD2 Connection Status: Connection failed: No connection could be made because the target machine actively refused it.
2025-11-12T14:50:41.5523|WARNING|DitherStatisticsVM.cs|ConnectToPHD2|593|Failed to connect to PHD2 - will retry later
2025-11-12T14:50:51.5539|INFO|DitherStatisticsVM.cs|ConnectToPHD2|587|Attempting to connect to PHD2...
2025-11-12T14:50:51.5542|INFO|PHD2Client.cs|ConnectAsync|45|PHD2Client: Connecting to PHD2 at 127.0.0.1:4400...
2025-11-12T14:50:53.5832|ERROR|PHD2Client.cs|ConnectAsync|62|PHD2Client: Connection failed: No connection could be made because the target machine actively refused it.
2025-11-12T14:50:53.5834|INFO|DitherStatisticsVM.cs|OnPHD2ConnectionStatusChanged|605|PHD2 Connection Status: Connection failed: No connection could be made because the target machine actively refused it.
2025-11-12T14:50:53.5835|WARNING|DitherStatisticsVM.cs|ConnectToPHD2|593|Failed to connect to PHD2 - will retry later
2025-11-12T14:51:03.5952|INFO|DitherStatisticsVM.cs|ConnectToPHD2|587|Attempting to connect to PHD2...
2025-11-12T14:51:03.5954|INFO|PHD2Client.cs|ConnectAsync|45|PHD2Client: Connecting to PHD2 at 127.0.0.1:4400...
2025-11-12T14:51:05.6214|ERROR|PHD2Client.cs|ConnectAsync|62|PHD2Client: Connection failed: No connection could be made because the target machine actively refused it.
2025-11-12T14:51:05.6216|INFO|DitherStatisticsVM.cs|OnPHD2ConnectionStatusChanged|605|PHD2 Connection Status: Connection failed: No connection could be made because the target machine actively refused it.
2025-11-12T14:51:05.6217|WARNING|DitherStatisticsVM.cs|ConnectToPHD2|593|Failed to connect to PHD2 - will retry later
2025-11-12T14:51:15.6313|INFO|DitherStatisticsVM.cs|ConnectToPHD2|587|Attempting to connect to PHD2...
2025-11-12T14:51:15.6315|INFO|PHD2Client.cs|ConnectAsync|45|PHD2Client: Connecting to PHD2 at 127.0.0.1:4400...
2025-11-12T14:51:17.6555|ERROR|PHD2Client.cs|ConnectAsync|62|PHD2Client: Connection failed: No connection could be made because the target machine actively refused it.
2025-11-12T14:51:17.6557|INFO|DitherStatisticsVM.cs|OnPHD2ConnectionStatusChanged|605|PHD2 Connection Status: Connection failed: No connection could be made because the target machine actively refused it.
2025-11-12T14:51:17.6558|WARNING|DitherStatisticsVM.cs|ConnectToPHD2|593|Failed to connect to PHD2 - will retry later
2025-11-12T14:51:27.6618|INFO|DitherStatisticsVM.cs|ConnectToPHD2|587|Attempting to connect to PHD2...
2025-11-12T14:51:27.6620|INFO|PHD2Client.cs|ConnectAsync|45|PHD2Client: Connecting to PHD2 at 127.0.0.1:4400...
2025-11-12T14:51:29.6938|ERROR|PHD2Client.cs|ConnectAsync|62|PHD2Client: Connection failed: No connection could be made because the target machine actively refused it.
2025-11-12T14:51:29.6939|INFO|DitherStatisticsVM.cs|OnPHD2ConnectionStatusChanged|605|PHD2 Connection Status: Connection failed: No connection could be made because the target machine actively refused it.
2025-11-12T14:51:29.6940|WARNING|DitherStatisticsVM.cs|ConnectToPHD2|593|Failed to connect to PHD2 - will retry later
2025-11-12T14:51:30.9328|INFO|CameraVM.cs|Disconnect|650|Disconnected Camera
2025-11-12T14:51:33.7512|INFO|CameraVM.cs|Disconnect|650|Disconnected Camera
2025-11-12T14:51:34.2753|WARNING|ASICamera.cs|SetControlValue|568|Failed to set ASI Control Value ASI_WB_B with value 50
2025-11-12T14:51:34.2755|WARNING|ASICamera.cs|SetControlValue|568|Failed to set ASI Control Value ASI_WB_R with value 50
2025-11-12T14:51:34.2756|WARNING|ASICamera.cs|SetControlValue|568|Failed to set ASI Control Value ASI_GAMMA with value 50
2025-11-12T14:51:34.2756|WARNING|ASICamera.cs|SetControlValue|568|Failed to set ASI Control Value ASI_HIGH_SPEED_MODE with value 0
2025-11-12T14:51:34.2758|WARNING|ASICamera.cs|SetControlValue|568|Failed to set ASI Control Value ASI_OVERCLOCK with value 0
2025-11-12T14:51:34.2758|WARNING|ASICamera.cs|SetControlValue|568|Failed to set ASI Control Value ASI_PATTERN_ADJUST with value 0
2025-11-12T14:51:34.2759|WARNING|ASICamera.cs|SetControlValue|568|Failed to set ASI Control Value ASI_MONO_BIN with value 0
2025-11-12T14:51:34.2771|INFO|ASICamera.cs|Initialize|664|Camera ID: ASI533MM
2025-11-12T14:51:34.2820|WARNING|ASICamera.cs|SetControlValue|568|Failed to set ASI Control Value ASI_ANTI_DEW_HEATER with value 0
2025-11-12T14:51:34.2842|INFO|CameraVM.cs|ChooseCamera|455|Successfully connected Camera. Id: ZWOptical_ZWO ASI533MM Pro_ASI533MM Name: ZWO ASI533MM Pro DisplayName: ZWO ASI533MM Pro (ASI533MM)Driver Version: 1, 39, 0, 0
2025-11-12T14:51:34.2983|INFO|FilterWheelVM.cs|Disconnect|333|Disconnected Filter Wheel
2025-11-12T14:51:38.0620|INFO|FilterWheelVM.cs|ChooseFW|279|Successfully connected Filter Wheel. Id: ASCOM.EFW2.FilterWheel Name: ZWO FilterWheel DisplayName: ZWO FilterWheel (ASCOM) Driver Version: 6.0
2025-11-12T14:51:38.0815|INFO|TelescopeVM.cs|Disconnect|740|Disconnected mount
2025-11-12T14:51:39.6936|INFO|DitherStatisticsVM.cs|ConnectToPHD2|587|Attempting to connect to PHD2...
2025-11-12T14:51:39.6938|INFO|PHD2Client.cs|ConnectAsync|45|PHD2Client: Connecting to PHD2 at 127.0.0.1:4400...
2025-11-12T14:51:40.7599|INFO|AscomTelescope.cs|CheckMountTime|845|Mount UTC Time: 2025-11-12 20:51:40Z / System UTC Time: 2025-11-12 20:51:40Z; Difference: 0.004 seconds
2025-11-12T14:51:40.8188|INFO|AscomTelescope.cs|CheckMountTime|852|System time has been synced to the mount
2025-11-12T14:51:41.0725|INFO|TelescopeVM.cs|ChooseTelescope|535|Successfully connected mount. Id: ASCOM.iOptron2017.Telescope Name: iOptron CEM120,70,40,26, GEM, HEM, HAE, HAZ series and SkyHunter Mount DisplayName: iOptron CEM120,70,40,26, GEM, HEM, HAE, HAZ series and SkyHunter Mount (ASCOM) Driver Version: 9.15
2025-11-12T14:51:41.0791|INFO|FocuserVM.cs|Disconnect|441|Disconnected Focuser
2025-11-12T14:51:41.7479|ERROR|PHD2Client.cs|ConnectAsync|62|PHD2Client: Connection failed: No connection could be made because the target machine actively refused it.
2025-11-12T14:51:41.7480|INFO|DitherStatisticsVM.cs|OnPHD2ConnectionStatusChanged|605|PHD2 Connection Status: Connection failed: No connection could be made because the target machine actively refused it.
2025-11-12T14:51:41.7481|WARNING|DitherStatisticsVM.cs|ConnectToPHD2|593|Failed to connect to PHD2 - will retry later
2025-11-12T14:51:42.5064|ERROR|AscomDevice.cs|GetProperty|546|An unexpected exception occurred during GET of Focuser.StepSize: 
ASCOM.DriverException: The method or operation is not implemented.
 ---> System.NotImplementedException: The method or operation is not implemented.
   --- End of inner exception stack trace ---
   at ASCOM.Com.DriverAccess.DynamicAccess.CheckDotNetExceptions(String memberName, Exception e) in J:\ASCOMLibrary\ASCOM.Com\ASCOM.Com.DriverAccess\BaseClass\DynamicAccess.cs:line 278
   at ASCOM.Com.DriverAccess.DynamicAccess.TryGetMember(GetMemberBinder binder, Object& result) in J:\ASCOMLibrary\ASCOM.Com\ASCOM.Com.DriverAccess\BaseClass\DynamicAccess.cs:line 150
   at CallSite.Target(Closure, CallSite, Object)
   at System.Dynamic.UpdateDelegates.UpdateAndExecute1[T0,TRet](CallSite site, T0 arg0)
   at ASCOM.Com.DriverAccess.Focuser.get_StepSize() in J:\ASCOMLibrary\ASCOM.Com\ASCOM.Com.DriverAccess\Focuser.cs:line 159
   at System.RuntimeMethodHandle.InvokeMethod(Object target, Void** arguments, Signature sig, Boolean isConstructor)
   at System.Reflection.MethodBaseInvoker.InvokeWithNoArgs(Object obj, BindingFlags invokeAttr)
2025-11-12T14:51:42.7482|INFO|AscomDevice.cs|GetProperty|485|Retrying to GET Focuser.StepSize - Attempt 2 / 3
2025-11-12T14:51:42.7497|ERROR|AscomDevice.cs|GetProperty|546|An unexpected exception occurred during GET of Focuser.StepSize: 
ASCOM.DriverException: The method or operation is not implemented.
 ---> System.NotImplementedException: The method or operation is not implemented.
   --- End of inner exception stack trace ---
   at ASCOM.Com.DriverAccess.DynamicAccess.CheckDotNetExceptions(String memberName, Exception e) in J:\ASCOMLibrary\ASCOM.Com\ASCOM.Com.DriverAccess\BaseClass\DynamicAccess.cs:line 278
   at ASCOM.Com.DriverAccess.DynamicAccess.TryGetMember(GetMemberBinder binder, Object& result) in J:\ASCOMLibrary\ASCOM.Com\ASCOM.Com.DriverAccess\BaseClass\DynamicAccess.cs:line 150
   at CallSite.Target(Closure, CallSite, Object)
   at ASCOM.Com.DriverAccess.Focuser.get_StepSize() in J:\ASCOMLibrary\ASCOM.Com\ASCOM.Com.DriverAccess\Focuser.cs:line 159
   at InvokeStub_Focuser.get_StepSize(Object, Object, IntPtr*)
   at System.Reflection.MethodBaseInvoker.InvokeWithNoArgs(Object obj, BindingFlags invokeAttr)
2025-11-12T14:51:42.9504|INFO|AscomDevice.cs|GetProperty|485|Retrying to GET Focuser.StepSize - Attempt 3 / 3
2025-11-12T14:51:42.9526|ERROR|AscomDevice.cs|GetProperty|546|An unexpected exception occurred during GET of Focuser.StepSize: 
ASCOM.DriverException: The method or operation is not implemented.
 ---> System.NotImplementedException: The method or operation is not implemented.
   --- End of inner exception stack trace ---
   at ASCOM.Com.DriverAccess.DynamicAccess.CheckDotNetExceptions(String memberName, Exception e) in J:\ASCOMLibrary\ASCOM.Com\ASCOM.Com.DriverAccess\BaseClass\DynamicAccess.cs:line 278
   at ASCOM.Com.DriverAccess.DynamicAccess.TryGetMember(GetMemberBinder binder, Object& result) in J:\ASCOMLibrary\ASCOM.Com\ASCOM.Com.DriverAccess\BaseClass\DynamicAccess.cs:line 150
   at CallSite.Target(Closure, CallSite, Object)
   at ASCOM.Com.DriverAccess.Focuser.get_StepSize() in J:\ASCOMLibrary\ASCOM.Com\ASCOM.Com.DriverAccess\Focuser.cs:line 159
   at InvokeStub_Focuser.get_StepSize(Object, Object, IntPtr*)
   at System.Reflection.MethodBaseInvoker.InvokeWithNoArgs(Object obj, BindingFlags invokeAttr)
2025-11-12T14:51:42.9536|INFO|AscomDevice.cs|GetProperty|556|GET Focuser.StepSize failed - Returning last known value 0
2025-11-12T14:51:43.1869|INFO|FocuserVM.cs|ChooseFocuser|333|Successfully connected Focuser. Id: ASCOM.EAF.Focuser Name: ZWO Focuser DisplayName: ZWO Focuser (ASCOM) Driver Version: 6.0
2025-11-12T14:51:43.1959|INFO|RotatorVM.cs|Disconnect|447|Disconnected Rotator
2025-11-12T14:51:43.2050|INFO|PHD2Guider.cs|Connect|205|Connecting to PHD2 server at 127.0.0.1:4400
2025-11-12T14:51:51.7491|INFO|DitherStatisticsVM.cs|ConnectToPHD2|587|Attempting to connect to PHD2...
2025-11-12T14:51:51.7492|INFO|PHD2Client.cs|ConnectAsync|45|PHD2Client: Connecting to PHD2 at 127.0.0.1:4400...
2025-11-12T14:51:51.7503|INFO|PHD2Client.cs|ConnectAsync|57|PHD2Client: Connected successfully!
2025-11-12T14:51:51.7508|INFO|DitherStatisticsVM.cs|OnPHD2ConnectionStatusChanged|605|PHD2 Connection Status: Connected
2025-11-12T14:51:51.7511|INFO|DitherStatisticsVM.cs|ConnectToPHD2|591|Successfully connected to PHD2!
2025-11-12T14:51:51.7524|INFO|PHD2Client.cs|ReadEventsAsync|93|PHD2Client: Started reading events
2025-11-12T14:51:51.8957|INFO|FlatDeviceVM.cs|Disconnect|289|Disconnected Flat Device
2025-11-12T14:51:51.8994|INFO|PHD2Client.cs|HandleVersion|247|PHD2Client: Connected to PHD2 version 2.6.13.dev8 (Message Protocol v1)
2025-11-12T14:51:51.9007|INFO|PHD2Client.cs|ProcessEvent|164|PHD2: CalibrationComplete
2025-11-12T14:51:51.9014|INFO|PHD2Client.cs|HandleAppState|257|PHD2Client: PHD2 AppState: Stopped
2025-11-12T14:51:51.9050|INFO|WeatherDataVM.cs|Disconnect|305|Disconnected Weather Device
2025-11-12T14:51:53.5500|INFO|AscomDevice.cs|GetProperty|527|Property ObservingConditions.SkyQuality GET is not implemented in this driver (SkyAlert Observing Conditions)
2025-11-12T14:51:53.5583|INFO|AscomDevice.cs|GetProperty|527|Property ObservingConditions.StarFWHM GET is not implemented in this driver (SkyAlert Observing Conditions)
2025-11-12T14:51:53.5719|INFO|WeatherDataVM.cs|ChooseWeatherData|150|Successfully connected Weather Device. Id: ASCOM.SkyAlert.ObservingConditions Name: SkyAlert Observing Conditions DisplayName: SkyAlert Observing Conditions (ASCOM) Driver Version: 1.7
2025-11-12T14:51:53.5794|INFO|SwitchVM.cs|Disconnect|309|Disconnected Switch
2025-11-12T14:51:53.5992|INFO|DomeVM.cs|Disconnect|355|Disconnected Dome Device
2025-11-12T14:51:53.6058|INFO|SafetyMonitorVM.cs|Disconnect|221|Disconnected Safety Monitor
2025-11-12T14:51:54.0940|INFO|SafetyMonitorVM.cs|Connect|175|Successfully connected Safety Monitor. Id: ASCOM.GenericFile.SafetyMonitor Name: Generic File driver DisplayName: Generic File driver (ASCOM) Driver Version: 6.4
2025-11-12T14:51:56.1102|INFO|SafetyMonitorVM.cs|UpdateMonitorValues|95|SafetyMonitorInfo state changed to Unsafe
2025-11-12T14:52:05.6870|INFO|DomeVM.cs|Disconnect|355|Disconnected Dome Device
2025-11-12T14:52:05.6908|INFO|FlatDeviceVM.cs|Disconnect|289|Disconnected Flat Device
2025-11-12T14:52:05.8289|INFO|CameraVM.cs|Disconnect|650|Disconnected Camera
2025-11-12T14:52:05.8324|INFO|AscomDevice.cs|Disconnect|378|Disconnecting from ASCOM.iOptron2017.Telescope iOptron CEM120,70,40,26, GEM, HEM, HAE, HAZ series and SkyHunter Mount
2025-11-12T14:52:05.8704|INFO|TelescopeVM.cs|Disconnect|740|Disconnected mount
2025-11-12T14:52:05.8708|INFO|AscomDevice.cs|Disconnect|378|Disconnecting from ASCOM.EFW2.FilterWheel ZWO FilterWheel
2025-11-12T14:52:05.8821|INFO|FilterWheelVM.cs|Disconnect|333|Disconnected Filter Wheel
2025-11-12T14:52:05.8847|INFO|AscomDevice.cs|Disconnect|378|Disconnecting from ASCOM.EAF.Focuser ZWO Focuser
2025-11-12T14:52:05.9293|INFO|FocuserVM.cs|Disconnect|441|Disconnected Focuser
2025-11-12T14:52:05.9322|INFO|RotatorVM.cs|Disconnect|447|Disconnected Rotator
2025-11-12T14:52:05.9344|INFO|SwitchVM.cs|Disconnect|309|Disconnected Switch
2025-11-12T14:52:05.9363|INFO|AscomDevice.cs|Disconnect|378|Disconnecting from ASCOM.SkyAlert.ObservingConditions SkyAlert Observing Conditions
2025-11-12T14:52:05.9478|INFO|WeatherDataVM.cs|Disconnect|305|Disconnected Weather Device
2025-11-12T14:52:05.9496|INFO|AscomDevice.cs|Disconnect|378|Disconnecting from ASCOM.GenericFile.SafetyMonitor Generic File driver
2025-11-12T14:52:05.9567|INFO|SafetyMonitorVM.cs|Disconnect|221|Disconnected Safety Monitor
2025-11-12T14:52:07.7656|INFO|ApplicationVM.cs|Exit|244|Shutting down application - requested by user
2025-11-12T14:52:07.8203|INFO|ApplicationVM.cs|Closing|289|Application shutting down
2025-11-12T14:52:07.8363|INFO|DomeVM.cs|Disconnect|355|Disconnected Dome Device
2025-11-12T14:52:07.8387|INFO|FlatDeviceVM.cs|Disconnect|289|Disconnected Flat Device
2025-11-12T14:52:07.8395|INFO|CameraVM.cs|Disconnect|650|Disconnected Camera
2025-11-12T14:52:07.8400|INFO|TelescopeVM.cs|Disconnect|740|Disconnected mount
2025-11-12T14:52:07.8414|INFO|FilterWheelVM.cs|Disconnect|333|Disconnected Filter Wheel
2025-11-12T14:52:07.8418|INFO|FocuserVM.cs|Disconnect|441|Disconnected Focuser
2025-11-12T14:52:07.8439|INFO|RotatorVM.cs|Disconnect|447|Disconnected Rotator
2025-11-12T14:52:07.8451|INFO|SwitchVM.cs|Disconnect|309|Disconnected Switch
2025-11-12T14:52:07.8484|INFO|WeatherDataVM.cs|Disconnect|305|Disconnected Weather Device
2025-11-12T14:52:07.8496|INFO|SafetyMonitorVM.cs|Disconnect|221|Disconnected Safety Monitor
