----------------------------------------------------------------------
--------------N.I.N.A. - Nighttime Imaging 'N' Astronomy--------------
--------------------------Version 3.2.0.3007--------------------------
-------------------------2025-09-28T10:18:53--------------------------
----------------------------------------------------------------------
---------------------Microsoft Windows 10.0.19045---------------------
-------------------------OS Architecture X64--------------------------
-----------------------Process Architecture X64-----------------------
-----------------------------.NET 8.0.19------------------------------
----------------------------------------------------------------------
--------------------------Processor Count 4---------------------------
--------------------Total Physical Memory 7.84 GB---------------------
----------------------------------------------------------------------
DATE|LEVEL|SOURCE|MEMBER|LINE|MESSAGE
2025-09-28T10:18:53.1357|INFO|CameraChooserVM.cs|GetEquipment|69|Found 2 ASI Cameras
2025-09-28T10:18:53.3597|INFO|CameraChooserVM.cs|GetEquipment|84|Found 0 Altair Cameras
2025-09-28T10:18:53.4156|INFO|CameraChooserVM.cs|GetEquipment|96|Found 0 Atik Cameras
2025-09-28T10:18:53.4225|INFO|CameraChooserVM.cs|GetEquipment|110|Found 0 FLI Cameras
2025-09-28T10:18:54.4387|INFO|CameraChooserVM.cs|GetEquipment|130|Found 0 QHYCCD Cameras
2025-09-28T10:18:54.6131|INFO|CameraChooserVM.cs|GetEquipment|158|Found 0 ToupTek Cameras
2025-09-28T10:18:54.6225|INFO|CameraChooserVM.cs|GetEquipment|173|Found 0 Ogma Cameras
2025-09-28T10:18:54.6406|INFO|CameraChooserVM.cs|GetEquipment|188|Found 0 Omegon Cameras
2025-09-28T10:18:54.8380|INFO|CameraChooserVM.cs|GetEquipment|203|Found 0 RisingCam Cameras
2025-09-28T10:18:54.8591|INFO|CameraChooserVM.cs|GetEquipment|218|Found 0 MallinCam Cameras
2025-09-28T10:18:54.8866|INFO|CameraChooserVM.cs|GetEquipment|243|Found 0 SVBony Cameras
2025-09-28T10:18:54.9224|INFO|CameraChooserVM.cs|GetEquipment|259|Found 0 SBIG Cameras
2025-09-28T10:18:55.1228|INFO|PluginLoader.cs|LoadPlugin|402|Successfully loaded plugin Autofocus Report Analysis version 2.0.0.9 by Stefan Berg @isbeorn
2025-09-28T10:18:55.1416|INFO|PluginLoader.cs|LoadPlugin|402|Successfully loaded plugin Connector version 2.1.0.2 by Stefan Berg @isbeorn
2025-09-28T10:18:55.1756|INFO|PluginLoader.cs|LoadPlugin|402|Successfully loaded plugin Device Actions and Commands version 2.2.0.0 by Dale Ghent
2025-09-28T10:18:55.2136|INFO|PluginLoader.cs|LoadPlugin|402|Successfully loaded plugin Discord Alert version 2.2.0.0 by Drew McDermott
2025-09-28T10:18:55.2450|INFO|PluginLoader.cs|LoadPlugin|402|Successfully loaded plugin Discord Notification version 2.0.0.6 by Daniel Ludwig
2025-09-28T10:18:55.2684|INFO|PluginLoader.cs|LoadPlugin|402|Successfully loaded plugin Filter Offset Calculator version 2.0.0.0 by S. Dimant & Stefan Berg
2025-09-28T10:18:55.2874|INFO|PluginLoader.cs|LoadPlugin|402|Successfully loaded plugin Flexure Correction version 0.8.0.0 by Francesco Meschia
2025-09-28T10:18:55.4102|INFO|PluginLoader.cs|LoadPlugin|402|Successfully loaded plugin Ground Station version 2.4.1.0 by Dale Ghent
2025-09-28T10:18:55.6185|INFO|PluginLoader.cs|LoadPlugin|402|Successfully loaded plugin Hocus Focus version 3.0.0.22 by George Hilios (jokogeo)
2025-09-28T10:18:55.6391|INFO|PluginLoader.cs|LoadPlugin|402|Successfully loaded plugin Horizon Creator version 1.1.2.0 by Christian Palm
2025-09-28T10:18:55.6592|INFO|PluginLoader.cs|LoadPlugin|402|Successfully loaded plugin Lightbucket version 2.2.4.0 by Lightbucket
2025-09-28T10:18:55.6760|INFO|PluginLoader.cs|LoadPlugin|402|Successfully loaded plugin Moon Angle version 2.2.0.0 by Dale Ghent
2025-09-28T10:18:55.7526|INFO|PluginLoader.cs|LoadPlugin|402|Successfully loaded plugin PixInsight Tools version 1.0.0.3 by Stefan Berg
2025-09-28T10:18:55.8451|WARNING|When.cs|GetRunningItem|143|Can't get running items: SequencerNavigation not initialized yet!
2025-09-28T10:18:56.1039|INFO|PluginLoader.cs|LoadPlugin|402|Successfully loaded plugin Sequencer Powerups version 3.28.4.4 by Marc Blank
2025-09-28T10:18:56.1213|INFO|PluginLoader.cs|LoadPlugin|402|Successfully loaded plugin Shutdown PC version 2.2.0.0 by Dale Ghent
2025-09-28T10:18:56.1501|INFO|PluginLoader.cs|LoadPlugin|402|Successfully loaded plugin Smart Filters version 1.0.0.3 by Benoit SAINTOT
2025-09-28T10:18:56.2058|INFO|PluginLoader.cs|LoadPlugin|402|Successfully loaded plugin Target Planning version 3.2.1.0 by Tom Palmer @tcpalmer
2025-09-28T10:18:56.4478|ERROR|DllLoader.cs|LoadDllFromAbsolutePath|53|DllLoader failed to load library C:\Program Files\N.I.N.A. - Nighttime Imaging 'N' Astronomy\External\x64\SQLite\SQLite.Interop.dll due to error code 126
2025-09-28T10:18:57.3640|INFO|PluginLoader.cs|LoadPlugin|402|Successfully loaded plugin Target Scheduler version 5.7.3.0 by Tom Palmer @tcpalmer
2025-09-28T10:18:57.4478|INFO|PluginLoader.cs|LoadPlugin|402|Successfully loaded plugin Three Point Polar Alignment version 2.2.4.1 by Stefan Berg @isbeorn
2025-09-28T10:18:57.4632|INFO|PluginFetcher.cs|RequestAll|43|Fetching plugin manifests from https://nighttime-imaging.eu/wp-json/nina/v1/plugins/manifests
2025-09-28T10:18:57.6615|INFO|CameraChooserVM.cs|GetEquipment|279|Found 0 SVBony Cameras
2025-09-28T10:18:57.6657|INFO|CameraChooserVM.cs|GetEquipment|279|Found 0 PlayerOne Cameras
2025-09-28T10:18:57.6783|INFO|CameraChooserVM.cs|GetEquipment|279|Found 0 ASTPAN Cameras
2025-09-28T10:18:57.6805|INFO|CameraChooserVM.cs|GetEquipment|293|Found 4 ASCOM Cameras
2025-09-28T10:18:59.5087|INFO|RotatorChooserVM.cs|GetEquipment|68|Found 0 Alpaca Rotators
2025-09-28T10:18:59.6139|INFO|DomeChooserVM.cs|GetEquipment|67|Found 0 Alpaca Domes
2025-09-28T10:18:59.6459|INFO|WeatherDataChooserVM.cs|GetEquipment|69|Found 0 Alpaca Observing Conditions
2025-09-28T10:18:59.6459|INFO|SafetyMonitorChooserVM.cs|GetEquipment|71|Found 0 Alpaca Safety Monitors
2025-09-28T10:18:59.6465|INFO|TelescopeChooserVM.cs|GetEquipment|69|Found 0 Alpaca Telescopes
2025-09-28T10:18:59.6476|INFO|SwitchChooserVM.cs|GetEquipment|71|Found 0 Alpaca Switch Hubs
2025-09-28T10:18:59.6625|INFO|FilterWheelChooserVM.cs|GetEquipment|193|Found 0 Alpaca Filter Wheels
2025-09-28T10:18:59.6941|INFO|FlatDeviceChooserVM.cs|GetEquipment|67|Found 0 Alpaca Cover Calibrators
2025-09-28T10:18:59.6968|INFO|CameraChooserVM.cs|GetEquipment|305|Found 0 Alpaca Cameras
2025-09-28T10:18:59.7023|INFO|CameraChooserVM.cs|GetEquipment|318|Found 0 Canon Cameras
2025-09-28T10:18:59.7934|INFO|PluginFetcher.cs|RequestAll|57|Found 61 valid plugins at https://nighttime-imaging.eu/wp-json/nina/v1/plugins/manifests
2025-09-28T10:19:00.8588|WARNING|When.cs|GetRunningItem|143|Can't get running items: SequencerNavigation not initialized yet!
2025-09-28T10:19:01.6485|INFO|FocuserChooserVM.cs|GetEquipment|84|Found 0 Alpaca Focusers
2025-09-28T10:19:02.6244|INFO|ApplicationVM.cs|CheckDiskInfo|100|Available Space on Drive C:\: 149.88 GB
2025-09-28T10:19:02.6294|INFO|ApplicationVM.cs|CheckASCOMPlatformVersion|81|ASCOM Platform 6.6.2.4195 installed
2025-09-28T10:19:02.6311|INFO|ApplicationVM.cs|CheckDiskInfo|102|Drive E:\ is not ready
2025-09-28T10:19:02.6327|INFO|ApplicationVM.cs|CheckDiskInfo|100|Available Space on Drive G:\: 58.84 GB
2025-09-28T10:19:25.8919|INFO|SafetyMonitorVM.cs|Disconnect|221|Disconnected Safety Monitor
2025-09-28T10:19:25.9065|INFO|SafetyMonitorVM.cs|Connect|175|Successfully connected Safety Monitor. Id: 613EC0FF-87D7-4475-9352-F6F6EB1CDE75 Name: N.I.N.A. Simulator Safety Device DisplayName: N.I.N.A. Simulator Safety Device Driver Version: 
2025-09-28T10:19:29.9092|INFO|SafetyMonitorVM.cs|UpdateMonitorValues|95|SafetyMonitorInfo state changed to Safe
2025-09-28T10:19:36.5845|INFO|DomeVM.cs|Disconnect|355|Disconnected Dome Device
2025-09-28T10:19:36.5904|INFO|FlatDeviceVM.cs|Disconnect|289|Disconnected Flat Device
2025-09-28T10:19:36.6055|INFO|CameraVM.cs|Disconnect|680|Disconnected Camera
2025-09-28T10:19:36.6197|INFO|TelescopeVM.cs|Disconnect|741|Disconnected mount
2025-09-28T10:19:36.6232|INFO|FilterWheelVM.cs|Disconnect|332|Disconnected Filter Wheel
2025-09-28T10:19:36.6270|INFO|FocuserVM.cs|Disconnect|441|Disconnected Focuser
2025-09-28T10:19:36.6318|INFO|RotatorVM.cs|Disconnect|447|Disconnected Rotator
2025-09-28T10:19:36.6355|INFO|SwitchVM.cs|Disconnect|309|Disconnected Switch
2025-09-28T10:19:36.6402|INFO|WeatherDataVM.cs|Disconnect|305|Disconnected Weather Device
2025-09-28T10:19:36.6869|INFO|ApplicationVM.cs|CheckDiskInfo|102|Drive Z:\ is not ready
2025-09-28T10:19:36.7251|INFO|SafetyMonitorVM.cs|UpdateMonitorValues|95|SafetyMonitorInfo state changed to Unsafe
2025-09-28T10:19:36.7278|INFO|SafetyMonitorVM.cs|Disconnect|221|Disconnected Safety Monitor
2025-09-28T10:19:40.1877|INFO|CameraVM.cs|Disconnect|680|Disconnected Camera
2025-09-28T10:19:40.7536|WARNING|ASICamera.cs|SetControlValue|568|Failed to set ASI Control Value ASI_WB_B with value 50
2025-09-28T10:19:40.7538|WARNING|ASICamera.cs|SetControlValue|568|Failed to set ASI Control Value ASI_WB_R with value 50
2025-09-28T10:19:40.7541|WARNING|ASICamera.cs|SetControlValue|568|Failed to set ASI Control Value ASI_GAMMA with value 50
2025-09-28T10:19:40.7541|WARNING|ASICamera.cs|SetControlValue|568|Failed to set ASI Control Value ASI_HIGH_SPEED_MODE with value 0
2025-09-28T10:19:40.7543|WARNING|ASICamera.cs|SetControlValue|568|Failed to set ASI Control Value ASI_OVERCLOCK with value 0
2025-09-28T10:19:40.7544|WARNING|ASICamera.cs|SetControlValue|568|Failed to set ASI Control Value ASI_PATTERN_ADJUST with value 0
2025-09-28T10:19:40.7553|WARNING|ASICamera.cs|SetControlValue|568|Failed to set ASI Control Value ASI_MONO_BIN with value 0
2025-09-28T10:19:40.7565|INFO|ASICamera.cs|Initialize|664|Camera ID: ASI533MM
2025-09-28T10:19:40.7677|WARNING|ASICamera.cs|SetControlValue|568|Failed to set ASI Control Value ASI_ANTI_DEW_HEATER with value 0
2025-09-28T10:19:40.8343|INFO|CameraVM.cs|ChooseCamera|485|Successfully connected Camera. Id: ZWOptical_ZWO ASI533MM Pro_ASI533MM Name: ZWO ASI533MM Pro DisplayName: ZWO ASI533MM Pro (ASI533MM)Driver Version: 1, 39, 0, 0
2025-09-28T10:19:40.8414|INFO|FilterWheelVM.cs|Disconnect|332|Disconnected Filter Wheel
2025-09-28T10:19:44.0746|INFO|FilterWheelVM.cs|ChooseFW|278|Successfully connected Filter Wheel. Id: ASCOM.EFW2.FilterWheel Name: ZWO FilterWheel DisplayName: ZWO FilterWheel (ASCOM) Driver Version: 6.0
2025-09-28T10:19:44.1029|INFO|TelescopeVM.cs|Disconnect|741|Disconnected mount
2025-09-28T10:19:47.4126|INFO|AscomTelescope.cs|CheckMountTime|845|Mount UTC Time: 2025-09-28 15:19:46Z / System UTC Time: 2025-09-28 15:19:47Z; Difference: 1.2 seconds
2025-09-28T10:19:47.4678|INFO|AscomTelescope.cs|CheckMountTime|852|System time has been synced to the mount
2025-09-28T10:19:47.7056|INFO|TelescopeVM.cs|ChooseTelescope|536|Successfully connected mount. Id: ASCOM.iOptron2017.Telescope Name: iOptron CEM120,70,40,26, GEM, HEM, HAE, HAZ series and SkyHunter Mount DisplayName: iOptron CEM120,70,40,26, GEM, HEM, HAE, HAZ series and SkyHunter Mount (ASCOM) Driver Version: 9.15
2025-09-28T10:19:47.7102|INFO|FocuserVM.cs|Disconnect|441|Disconnected Focuser
2025-09-28T10:19:48.9057|ERROR|AscomDevice.cs|GetProperty|546|An unexpected exception occurred during GET of Focuser.StepSize: 
ASCOM.DriverException: The method or operation is not implemented.
 ---> System.NotImplementedException: The method or operation is not implemented.
   --- End of inner exception stack trace ---
   at ASCOM.Com.DriverAccess.DynamicAccess.CheckDotNetExceptions(String memberName, Exception e) in J:\ASCOMLibrary\ASCOM.Com\ASCOM.Com.DriverAccess\BaseClass\DynamicAccess.cs:line 278
   at ASCOM.Com.DriverAccess.DynamicAccess.TryGetMember(GetMemberBinder binder, Object& result) in J:\ASCOMLibrary\ASCOM.Com\ASCOM.Com.DriverAccess\BaseClass\DynamicAccess.cs:line 150
   at CallSite.Target(Closure, CallSite, Object)
   at System.Dynamic.UpdateDelegates.UpdateAndExecute1[T0,TRet](CallSite site, T0 arg0)
   at ASCOM.Com.DriverAccess.Focuser.get_StepSize() in J:\ASCOMLibrary\ASCOM.Com\ASCOM.Com.DriverAccess\Focuser.cs:line 159
   at System.RuntimeMethodHandle.InvokeMethod(Object target, Void** arguments, Signature sig, Boolean isConstructor)
   at System.Reflection.MethodBaseInvoker.InvokeWithNoArgs(Object obj, BindingFlags invokeAttr)
2025-09-28T10:19:49.1127|INFO|AscomDevice.cs|GetProperty|485|Retrying to GET Focuser.StepSize - Attempt 2 / 3
2025-09-28T10:19:49.1189|ERROR|AscomDevice.cs|GetProperty|546|An unexpected exception occurred during GET of Focuser.StepSize: 
ASCOM.DriverException: The method or operation is not implemented.
 ---> System.NotImplementedException: The method or operation is not implemented.
   --- End of inner exception stack trace ---
   at ASCOM.Com.DriverAccess.DynamicAccess.CheckDotNetExceptions(String memberName, Exception e) in J:\ASCOMLibrary\ASCOM.Com\ASCOM.Com.DriverAccess\BaseClass\DynamicAccess.cs:line 278
   at ASCOM.Com.DriverAccess.DynamicAccess.TryGetMember(GetMemberBinder binder, Object& result) in J:\ASCOMLibrary\ASCOM.Com\ASCOM.Com.DriverAccess\BaseClass\DynamicAccess.cs:line 150
   at CallSite.Target(Closure, CallSite, Object)
   at ASCOM.Com.DriverAccess.Focuser.get_StepSize() in J:\ASCOMLibrary\ASCOM.Com\ASCOM.Com.DriverAccess\Focuser.cs:line 159
   at InvokeStub_Focuser.get_StepSize(Object, Object, IntPtr*)
   at System.Reflection.MethodBaseInvoker.InvokeWithNoArgs(Object obj, BindingFlags invokeAttr)
2025-09-28T10:19:49.3209|INFO|AscomDevice.cs|GetProperty|485|Retrying to GET Focuser.StepSize - Attempt 3 / 3
2025-09-28T10:19:49.3232|ERROR|AscomDevice.cs|GetProperty|546|An unexpected exception occurred during GET of Focuser.StepSize: 
ASCOM.DriverException: The method or operation is not implemented.
 ---> System.NotImplementedException: The method or operation is not implemented.
   --- End of inner exception stack trace ---
   at ASCOM.Com.DriverAccess.DynamicAccess.CheckDotNetExceptions(String memberName, Exception e) in J:\ASCOMLibrary\ASCOM.Com\ASCOM.Com.DriverAccess\BaseClass\DynamicAccess.cs:line 278
   at ASCOM.Com.DriverAccess.DynamicAccess.TryGetMember(GetMemberBinder binder, Object& result) in J:\ASCOMLibrary\ASCOM.Com\ASCOM.Com.DriverAccess\BaseClass\DynamicAccess.cs:line 150
   at CallSite.Target(Closure, CallSite, Object)
   at ASCOM.Com.DriverAccess.Focuser.get_StepSize() in J:\ASCOMLibrary\ASCOM.Com\ASCOM.Com.DriverAccess\Focuser.cs:line 159
   at InvokeStub_Focuser.get_StepSize(Object, Object, IntPtr*)
   at System.Reflection.MethodBaseInvoker.InvokeWithNoArgs(Object obj, BindingFlags invokeAttr)
2025-09-28T10:19:49.3238|INFO|AscomDevice.cs|GetProperty|556|GET Focuser.StepSize failed - Returning last known value 0
2025-09-28T10:19:49.5484|INFO|FocuserVM.cs|ChooseFocuser|333|Successfully connected Focuser. Id: ASCOM.EAF.Focuser Name: ZWO Focuser DisplayName: ZWO Focuser (ASCOM) Driver Version: 6.0
2025-09-28T10:19:49.5656|INFO|RotatorVM.cs|Disconnect|447|Disconnected Rotator
2025-09-28T10:19:49.5784|INFO|PHD2Guider.cs|Connect|205|Connecting to PHD2 server at 127.0.0.1:4400
2025-09-28T10:19:55.5605|INFO|FlatDeviceVM.cs|Disconnect|289|Disconnected Flat Device
2025-09-28T10:19:55.5702|INFO|WeatherDataVM.cs|Disconnect|305|Disconnected Weather Device
2025-09-28T10:19:57.0522|INFO|AscomDevice.cs|GetProperty|527|Property ObservingConditions.SkyQuality GET is not implemented in this driver (SkyAlert Observing Conditions)
2025-09-28T10:19:57.0600|INFO|AscomDevice.cs|GetProperty|527|Property ObservingConditions.StarFWHM GET is not implemented in this driver (SkyAlert Observing Conditions)
2025-09-28T10:19:57.0727|INFO|WeatherDataVM.cs|ChooseWeatherData|150|Successfully connected Weather Device. Id: ASCOM.SkyAlert.ObservingConditions Name: SkyAlert Observing Conditions DisplayName: SkyAlert Observing Conditions (ASCOM) Driver Version: 1.7
2025-09-28T10:19:57.0799|INFO|SwitchVM.cs|Disconnect|309|Disconnected Switch
2025-09-28T10:19:57.1052|INFO|DomeVM.cs|Disconnect|355|Disconnected Dome Device
2025-09-28T10:19:57.1124|INFO|SafetyMonitorVM.cs|Disconnect|221|Disconnected Safety Monitor
2025-09-28T10:19:57.1128|INFO|SafetyMonitorVM.cs|Connect|175|Successfully connected Safety Monitor. Id: 613EC0FF-87D7-4475-9352-F6F6EB1CDE75 Name: N.I.N.A. Simulator Safety Device DisplayName: N.I.N.A. Simulator Safety Device Driver Version: 
2025-09-28T15:05:43.8616|WARNING|DeviceUpdateTimer.cs|Run|115|Mount value update cycle took longer than the device poll interval (Total: 2.15s > 2s; Poll: 00:00:02.1495150; Update: 00:00:00.0000920)
