----------------------------------------------------------------------
--------------N.I.N.A. - Nighttime Imaging 'N' Astronomy--------------
--------------------------Version 3.2.0.9001--------------------------
-------------------------2025-12-24T11:11:44--------------------------
----------------------------------------------------------------------
---------------------Microsoft Windows 10.0.19045---------------------
-------------------------OS Architecture X64--------------------------
-----------------------Process Architecture X64-----------------------
-----------------------------.NET 8.0.21------------------------------
----------------------------------------------------------------------
--------------------------Processor Count 4---------------------------
--------------------Total Physical Memory 7.84 GB---------------------
----------------------------------------------------------------------
DATE|LEVEL|SOURCE|MEMBER|LINE|MESSAGE
2025-12-24T11:11:44.9280|INFO|App.xaml.cs|OnStartup|170|Launched with command line arguments: --sequencefile C:\Users\nicka\Astro\NINA\NINA_Sequences\TargetScheduler.json --runsequence
2025-12-24T11:11:47.7509|INFO|CameraChooserVM.cs|GetEquipment|69|Found 2 ASI Cameras
2025-12-24T11:11:48.1161|INFO|CameraChooserVM.cs|GetEquipment|84|Found 0 Altair Cameras
2025-12-24T11:11:48.3761|INFO|CameraChooserVM.cs|GetEquipment|96|Found 0 Atik Cameras
2025-12-24T11:11:48.4858|INFO|CameraChooserVM.cs|GetEquipment|110|Found 0 FLI Cameras
2025-12-24T11:11:49.7578|INFO|CameraChooserVM.cs|GetEquipment|130|Found 0 QHYCCD Cameras
2025-12-24T11:11:50.4984|INFO|CameraChooserVM.cs|GetEquipment|158|Found 0 ToupTek Cameras
2025-12-24T11:11:50.6501|INFO|CameraChooserVM.cs|GetEquipment|173|Found 0 Ogma Cameras
2025-12-24T11:11:50.8174|INFO|CameraChooserVM.cs|GetEquipment|188|Found 0 Omegon Cameras
2025-12-24T11:11:51.4250|INFO|CameraChooserVM.cs|GetEquipment|203|Found 0 RisingCam Cameras
2025-12-24T11:11:51.6022|INFO|CameraChooserVM.cs|GetEquipment|218|Found 0 MallinCam Cameras
2025-12-24T11:11:51.7504|INFO|CameraChooserVM.cs|GetEquipment|243|Found 0 SVBony Cameras
2025-12-24T11:11:51.7538|INFO|CameraChooserVM.cs|GetEquipment|259|Found 0 SBIG Cameras
2025-12-24T11:11:55.2751|INFO|API.cs|Start|99|Starting Webserver
2025-12-24T11:11:55.2765|INFO|API.cs|APITask|134|starting web server, listening at 172.19.6.111:1888
2025-12-24T11:11:55.4354|INFO|NINALogWatcher.cs|Start|33|watching log file: C:\Users\nicka\AppData\Local\NINA\Logs\20251224-111143-3.2.0.9001.3940-202512.log
2025-12-24T11:11:55.4528|INFO|PluginLoader.cs|LoadPlugin|402|Successfully loaded plugin Advanced API version 2.2.14.0 by Christian Palm
2025-12-24T11:11:55.5964|INFO|PluginLoader.cs|LoadPlugin|402|Successfully loaded plugin Autofocus Report Analysis version 2.0.0.9 by Stefan Berg @isbeorn
2025-12-24T11:11:55.7760|INFO|PluginLoader.cs|LoadPlugin|402|Successfully loaded plugin Connector version 2.1.0.2 by Stefan Berg @isbeorn
2025-12-24T11:11:55.9544|INFO|PluginLoader.cs|LoadPlugin|402|Successfully loaded plugin Device Actions and Commands version 2.2.0.0 by Dale Ghent
2025-12-24T11:11:56.5731|INFO|PluginLoader.cs|LoadPlugin|402|Successfully loaded plugin Discord Alert version 2.2.0.0 by Drew McDermott
2025-12-24T11:11:57.9360|INFO|PluginLoader.cs|LoadPlugin|402|Successfully loaded plugin Discord Notification version 2.0.0.9 by Daniel Ludwig
2025-12-24T11:11:58.8442|INFO|DitherStatisticsVM.cs|CreatePluginIcon|1365|Plugin icon geometry created successfully
2025-12-24T11:11:58.8744|INFO|DitherStatisticsVM.cs|LoadDataTemplates|1334|DitherStatistics DataTemplates loaded successfully
2025-12-24T11:11:58.8781|INFO|DitherStatisticsVM.cs|SaveQualityAssessmentSetting|383|Quality Assessment setting saved to file: True
2025-12-24T11:11:58.8783|INFO|DitherStatisticsVM.cs|LoadQualityAssessmentSetting|360|Quality Assessment setting loaded from file: True
2025-12-24T11:11:58.8788|INFO|DitherStatisticsVM.cs|SubscribeToGuiderEvents|716|Subscribed to NINA guider events
2025-12-24T11:11:58.8812|INFO|DitherStatisticsVM.cs|StartThemeColorMonitoring|1211|Initial PrimaryBrush color: R:176 G:179 B:185
2025-12-24T11:11:58.8815|INFO|DitherStatisticsVM.cs|.ctor|92|DitherStatisticsVM initialized successfully with ScottPlot 4.1 (Lazy Loading)!
2025-12-24T11:11:58.8819|INFO|PluginLoader.cs|LoadPlugin|402|Successfully loaded plugin Dither Statistics version 1.2.0.4 by Thierry Tschanz
2025-12-24T11:11:59.0425|INFO|PluginLoader.cs|LoadPlugin|402|Successfully loaded plugin Filter Offset Calculator version 2.0.0.0 by S. Dimant & Stefan Berg
2025-12-24T11:11:59.2524|INFO|PluginLoader.cs|LoadPlugin|402|Successfully loaded plugin Flexure Correction version 0.8.0.0 by Francesco Meschia
2025-12-24T11:12:00.8964|INFO|DitherStatisticsVM.cs|ConnectToPHD2|590|Attempting to connect to PHD2...
2025-12-24T11:12:00.8981|INFO|PHD2Client.cs|ConnectAsync|48|PHD2Client: Connecting to PHD2 at 127.0.0.1:4400...
2025-12-24T11:12:02.0079|INFO|PluginLoader.cs|LoadPlugin|402|Successfully loaded plugin Ground Station version 3.0.0.117 by Dale Ghent
2025-12-24T11:12:02.9424|ERROR|PHD2Client.cs|ConnectAsync|69|PHD2Client: Connection failed: No connection could be made because the target machine actively refused it.
2025-12-24T11:12:02.9429|INFO|DitherStatisticsVM.cs|OnPHD2ConnectionStatusChanged|619|PHD2 Connection Status: Connection failed: No connection could be made because the target machine actively refused it.
2025-12-24T11:12:12.8251|INFO|PluginLoader.cs|LoadPlugin|402|Successfully loaded plugin Hocus Focus version 3.0.0.24 by George Hilios (jokogeo)
2025-12-24T11:12:13.6393|INFO|PluginLoader.cs|LoadPlugin|402|Successfully loaded plugin Horizon Creator version 1.1.2.0 by Christian Palm
2025-12-24T11:12:13.8432|INFO|PluginLoader.cs|LoadPlugin|402|Successfully loaded plugin Lightbucket version 2.2.4.0 by Lightbucket
2025-12-24T11:12:14.6171|INFO|PluginLoader.cs|LoadPlugin|402|Successfully loaded plugin Livestack version 1.0.1.7 by Stefan Berg @isbeorn
2025-12-24T11:12:14.8162|INFO|PluginLoader.cs|LoadPlugin|402|Successfully loaded plugin Log Viewer version 1.0.0.2 by Alexander Wrede @astro_alex80
2025-12-24T11:12:15.0001|INFO|PluginLoader.cs|LoadPlugin|402|Successfully loaded plugin Moon Angle version 2.2.0.0 by Dale Ghent
2025-12-24T11:12:15.2862|INFO|PluginLoader.cs|LoadPlugin|402|Successfully loaded plugin Phd2 Tools version 1.0.6.0 by Stefan Berg @isbeorn
2025-12-24T11:12:15.6020|INFO|PluginLoader.cs|LoadPlugin|402|Successfully loaded plugin PixInsight Tools version 1.0.0.3 by Stefan Berg
2025-12-24T11:12:16.3492|INFO|PluginLoader.cs|LoadPlugin|402|Successfully loaded plugin Point3D version 0.2.3.0 by Drew McDermott
2025-12-24T11:12:16.6228|INFO|PluginLoader.cs|LoadPlugin|402|Successfully loaded plugin Scope Control version 2.0.2.1 by Stefan Berg @isbeorn
2025-12-24T11:12:18.6934|WARNING|When.cs|GetRunningItem|143|Can't get running items: SequencerNavigation not initialized yet!
2025-12-24T11:12:18.9289|INFO|PluginLoader.cs|LoadPlugin|402|Successfully loaded plugin Sequencer Powerups version 3.29.0.1 by Marc Blank
2025-12-24T11:12:19.6341|INFO|PluginLoader.cs|LoadPlugin|402|Successfully loaded plugin Session Metadata version 2.6.3.0 by Tom Palmer @tcpalmer
2025-12-24T11:12:19.7695|INFO|PluginLoader.cs|LoadPlugin|402|Successfully loaded plugin Shutdown PC version 2.2.0.0 by Dale Ghent
2025-12-24T11:12:20.0156|INFO|PluginLoader.cs|LoadPlugin|402|Successfully loaded plugin SkyFlats version 1.0.0.4 by Gerald Hitz (@photon)
2025-12-24T11:12:20.3909|INFO|PluginLoader.cs|LoadPlugin|402|Successfully loaded plugin Smart Filters version 1.0.0.3 by Benoit SAINTOT
2025-12-24T11:12:20.8570|INFO|PluginLoader.cs|LoadPlugin|402|Successfully loaded plugin Target Planning version 3.2.1.0 by Tom Palmer @tcpalmer
2025-12-24T11:12:23.7038|WARNING|When.cs|GetRunningItem|143|Can't get running items: SequencerNavigation not initialized yet!
2025-12-24T11:12:24.2535|INFO|PluginLoader.cs|LoadPlugin|402|Successfully loaded plugin Target Scheduler version 5.8.3.0 by Tom Palmer @tcpalmer
2025-12-24T11:12:24.6488|INFO|PluginLoader.cs|LoadPlugin|402|Successfully loaded plugin Three Point Polar Alignment version 2.2.4.2 by Stefan Berg @isbeorn
2025-12-24T11:12:26.0701|INFO|SessionHistoryManager.cs|PurgeHistoryOlderThan|102|purging web session history older than 10 days
2025-12-24T11:12:26.1574|INFO|PluginLoader.cs|LoadPlugin|402|Successfully loaded plugin Web Session History Viewer version 2.2.1.0 by Tom Palmer @tcpalmer
2025-12-24T11:12:26.5286|INFO|PluginFetcher.cs|RequestAll|43|Fetching plugin manifests from https://nighttime-imaging.eu/wp-json/nina/v1/plugins/manifests
2025-12-24T11:12:27.5645|INFO|CameraChooserVM.cs|GetEquipment|279|Found 0 SVBony Cameras
2025-12-24T11:12:27.6955|INFO|CameraChooserVM.cs|GetEquipment|279|Found 0 PlayerOne Cameras
2025-12-24T11:12:27.7922|INFO|CameraChooserVM.cs|GetEquipment|279|Found 0 ASTPAN Cameras
2025-12-24T11:12:27.7944|INFO|CameraChooserVM.cs|GetEquipment|293|Found 4 ASCOM Cameras
2025-12-24T11:12:27.8633|INFO|FilterWheelChooserVM.cs|GetEquipment|167|Found 1 Networked Filter Wheel Filter Wheels
2025-12-24T11:12:28.1440|INFO|RotatorChooserVM.cs|GetEquipment|45|Found 1 Networked Rotator Rotators
2025-12-24T11:12:28.7152|WARNING|When.cs|GetRunningItem|143|Can't get running items: SequencerNavigation not initialized yet!
2025-12-24T11:12:29.6100|INFO|SwitchChooserVM.cs|GetEquipment|71|Found 0 Alpaca Switch Hubs
2025-12-24T11:12:29.6153|INFO|TelescopeChooserVM.cs|GetEquipment|69|Found 0 Alpaca Telescopes
2025-12-24T11:12:29.7070|INFO|PluginFetcher.cs|RequestAll|57|Found 68 valid plugins at https://nighttime-imaging.eu/wp-json/nina/v1/plugins/manifests
2025-12-24T11:12:29.8034|INFO|CameraChooserVM.cs|GetEquipment|305|Found 0 Alpaca Cameras
2025-12-24T11:12:29.8100|INFO|CameraChooserVM.cs|GetEquipment|318|Found 0 Canon Cameras
2025-12-24T11:12:29.8721|INFO|FilterWheelChooserVM.cs|GetEquipment|193|Found 0 Alpaca Filter Wheels
2025-12-24T11:12:29.8884|INFO|SafetyMonitorChooserVM.cs|GetEquipment|71|Found 0 Alpaca Safety Monitors
2025-12-24T11:12:30.1102|INFO|WeatherDataChooserVM.cs|GetEquipment|69|Found 0 Alpaca Observing Conditions
2025-12-24T11:12:30.1576|INFO|RotatorChooserVM.cs|GetEquipment|68|Found 0 Alpaca Rotators
2025-12-24T11:12:30.3476|INFO|DomeChooserVM.cs|GetEquipment|67|Found 0 Alpaca Domes
2025-12-24T11:12:30.3633|INFO|FlatDeviceChooserVM.cs|GetEquipment|67|Found 0 Alpaca Cover Calibrators
2025-12-24T11:12:32.1723|INFO|ApplicationVM.cs|CheckDiskInfo|100|Available Space on Drive C:\: 125.86 GB
2025-12-24T11:12:32.1760|INFO|ApplicationVM.cs|CheckASCOMPlatformVersion|81|ASCOM Platform 6.6.2.4195 installed
2025-12-24T11:12:32.1786|INFO|ApplicationVM.cs|CheckDiskInfo|102|Drive E:\ is not ready
2025-12-24T11:12:32.1801|INFO|ApplicationVM.cs|CheckDiskInfo|100|Available Space on Drive G:\: 42.04 GB
2025-12-24T11:12:32.2194|INFO|ApplicationVM.cs|CheckDiskInfo|100|Available Space on Drive Z:\: 27.06 GB
2025-12-24T11:12:32.2202|INFO|FocuserChooserVM.cs|GetEquipment|84|Found 0 Alpaca Focusers
2025-12-24T11:12:32.5418|INFO|DitherStatisticsVM.cs|StartThemeColorMonitoring|1220|Theme color monitoring timer started on UI thread
2025-12-24T11:12:32.9695|INFO|Sequence2VM.cs|TryLoadSequenceFile|414|Loading sequence file: C:\Users\nicka\Astro\NINA\NINA_Sequences\TargetScheduler.json
2025-12-24T11:12:33.5245|INFO|Sequence2VM.cs|TryLoadSequenceFile|420|Starting sequence from command line options
2025-12-24T11:12:33.5278|INFO|Sequence2VM.cs|StartSequence|543|Advanced Sequence starting
2025-12-24T11:12:33.9867|WARNING|When.cs|GetRunningItem|143|Can't get running items: SequencerNavigation not initialized yet!
2025-12-24T11:12:34.0723|INFO|SequenceItem.cs|Run|208|Starting Category: * Instruction Set *, Container: NINA.Sequencer.Container.SequenceRootContainer, Strategy: SequentialStrategy, Items[CREATED]: 3, Triggers: Category: Ground Station, Item: Failures to Telegram
2025-12-24T11:12:34.0830|INFO|SequenceItem.cs|Run|208|Starting Category: * Instruction Set *, Container: NINA.Sequencer.Container.StartAreaContainer, Strategy: SequentialStrategy, Items[CREATED]: 1
2025-12-24T11:12:34.0841|INFO|SequenceItem.cs|Run|208|Starting Category: * Instruction Set *, Container: NINA.Sequencer.Container.SequentialContainer, Strategy: SequentialStrategy, Items[CREATED]: 10
2025-12-24T11:12:34.0848|INFO|SequenceItem.cs|Run|208|Starting Category: Ground Station, Item: Send to Pushover, Title: Start
2025-12-24T11:12:34.3279|INFO|SequenceItem.cs|Run|254|Finishing Category: Ground Station, Item: Send to Pushover, Title: Start
2025-12-24T11:12:34.3321|INFO|SequenceItem.cs|Run|208|Starting Category: Utility, Item: WaitForTime, Time: 18:6:53h, Offset: -30
2025-12-24T11:12:34.7361|INFO|DockManagerVM.cs|InitializeAvalonDockLayout|366|Initializing imaging tab layout from C:\Users\nicka\AppData\Local\NINA\Profiles\0173997c-4bfa-48fd-9337-a48b6df99c38.dock.config
2025-12-24T13:02:18.2853|INFO|FramingAssistantVM.cs|LoadImage|1088|Loading image from source SKYATLAS with field of view 6째 for coordinates RA: 23:01:35; Dec: 58째 53' 00"; Epoch: J2000
2025-12-24T13:03:01.2455|INFO|FramingAssistantVM.cs|LoadImage|1088|Loading image from source SKYATLAS with field of view 2째 for coordinates RA: 22:56:28; Dec: 58째 52' 48"; Epoch: J2000
2025-12-24T17:53:42.3732|INFO|WeatherDataVM.cs|Disconnect|305|Disconnected Weather Device
2025-12-24T17:53:44.4300|INFO|AscomDevice.cs|GetProperty|527|Property ObservingConditions.SkyQuality GET is not implemented in this driver (SkyAlert Observing Conditions)
2025-12-24T17:53:44.4397|INFO|AscomDevice.cs|GetProperty|527|Property ObservingConditions.StarFWHM GET is not implemented in this driver (SkyAlert Observing Conditions)
2025-12-24T17:53:44.4612|INFO|WeatherDataVM.cs|ChooseWeatherData|150|Successfully connected Weather Device. Id: ASCOM.SkyAlert.ObservingConditions Name: SkyAlert Observing Conditions DisplayName: SkyAlert Observing Conditions (ASCOM) Driver Version: 1.7
2025-12-24T18:07:15.2647|INFO|SequenceItem.cs|Run|254|Finishing Category: Utility, Item: WaitForTime, Time: 18:7:26h, Offset: -30
2025-12-24T18:07:15.2668|INFO|SequenceItem.cs|Run|208|Starting Category: Ground Station, Item: Send to Telegram
2025-12-24T18:07:16.2811|INFO|SequenceItem.cs|Run|254|Finishing Category: Ground Station, Item: Send to Telegram
2025-12-24T18:07:16.2815|INFO|SequenceItem.cs|Run|208|Starting Category: Ground Station, Item: Send to Pushover, Title: Configure Equipment
2025-12-24T18:07:16.4712|INFO|SequenceItem.cs|Run|254|Finishing Category: Ground Station, Item: Send to Pushover, Title: Configure Equipment
2025-12-24T18:07:16.4724|INFO|SequenceItem.cs|Run|208|Starting Category: Connect, Item: ConnectAllEquipment
2025-12-24T18:07:16.5037|INFO|CameraChooserVM.cs|GetEquipment|69|Found 2 ASI Cameras
2025-12-24T18:07:16.5753|INFO|CameraChooserVM.cs|GetEquipment|84|Found 0 Altair Cameras
2025-12-24T18:07:16.5754|INFO|CameraChooserVM.cs|GetEquipment|96|Found 0 Atik Cameras
2025-12-24T18:07:16.5761|INFO|CameraChooserVM.cs|GetEquipment|110|Found 0 FLI Cameras
2025-12-24T18:07:16.5764|INFO|CameraChooserVM.cs|GetEquipment|130|Found 0 QHYCCD Cameras
2025-12-24T18:07:16.7371|INFO|CameraChooserVM.cs|GetEquipment|158|Found 0 ToupTek Cameras
2025-12-24T18:07:16.7422|INFO|CameraChooserVM.cs|GetEquipment|173|Found 0 Ogma Cameras
2025-12-24T18:07:16.7560|INFO|CameraChooserVM.cs|GetEquipment|188|Found 0 Omegon Cameras
2025-12-24T18:07:16.9176|INFO|CameraChooserVM.cs|GetEquipment|203|Found 0 RisingCam Cameras
2025-12-24T18:07:16.9325|INFO|CameraChooserVM.cs|GetEquipment|218|Found 0 MallinCam Cameras
2025-12-24T18:07:16.9341|INFO|CameraChooserVM.cs|GetEquipment|243|Found 0 SVBony Cameras
2025-12-24T18:07:16.9366|INFO|CameraChooserVM.cs|GetEquipment|259|Found 0 SBIG Cameras
2025-12-24T18:07:16.9373|INFO|CameraChooserVM.cs|GetEquipment|279|Found 0 SVBony Cameras
2025-12-24T18:07:16.9377|INFO|CameraChooserVM.cs|GetEquipment|279|Found 0 PlayerOne Cameras
2025-12-24T18:07:16.9454|INFO|CameraChooserVM.cs|GetEquipment|279|Found 0 ASTPAN Cameras
2025-12-24T18:07:16.9463|INFO|CameraChooserVM.cs|GetEquipment|293|Found 4 ASCOM Cameras
2025-12-24T18:07:18.9474|INFO|CameraChooserVM.cs|GetEquipment|305|Found 0 Alpaca Cameras
2025-12-24T18:07:18.9598|INFO|CameraChooserVM.cs|GetEquipment|318|Found 0 Canon Cameras
2025-12-24T18:07:19.0524|INFO|CameraVM.cs|Disconnect|650|Disconnected Camera
2025-12-24T18:07:19.6222|WARNING|ASICamera.cs|SetControlValue|568|Failed to set ASI Control Value ASI_WB_B with value 50
2025-12-24T18:07:19.6224|WARNING|ASICamera.cs|SetControlValue|568|Failed to set ASI Control Value ASI_WB_R with value 50
2025-12-24T18:07:19.6225|WARNING|ASICamera.cs|SetControlValue|568|Failed to set ASI Control Value ASI_GAMMA with value 50
2025-12-24T18:07:19.6226|WARNING|ASICamera.cs|SetControlValue|568|Failed to set ASI Control Value ASI_HIGH_SPEED_MODE with value 0
2025-12-24T18:07:19.6227|WARNING|ASICamera.cs|SetControlValue|568|Failed to set ASI Control Value ASI_OVERCLOCK with value 0
2025-12-24T18:07:19.6227|WARNING|ASICamera.cs|SetControlValue|568|Failed to set ASI Control Value ASI_PATTERN_ADJUST with value 0
2025-12-24T18:07:19.6237|WARNING|ASICamera.cs|SetControlValue|568|Failed to set ASI Control Value ASI_MONO_BIN with value 0
2025-12-24T18:07:19.6248|INFO|ASICamera.cs|Initialize|664|Camera ID: ASI533MM
2025-12-24T18:07:19.6349|WARNING|ASICamera.cs|SetControlValue|568|Failed to set ASI Control Value ASI_ANTI_DEW_HEATER with value 0
2025-12-24T18:07:19.7219|INFO|CameraVM.cs|ChooseCamera|455|Successfully connected Camera. Id: ZWOptical_ZWO ASI533MM Pro_ASI533MM Name: ZWO ASI533MM Pro DisplayName: ZWO ASI533MM Pro (ASI533MM)Driver Version: 1, 39, 0, 0
2025-12-24T18:07:20.2804|INFO|FilterWheelChooserVM.cs|GetEquipment|167|Found 1 Networked Filter Wheel Filter Wheels
2025-12-24T18:07:22.2830|INFO|FilterWheelChooserVM.cs|GetEquipment|193|Found 0 Alpaca Filter Wheels
2025-12-24T18:07:22.3658|INFO|FilterWheelVM.cs|Disconnect|333|Disconnected Filter Wheel
2025-12-24T18:07:25.6711|INFO|FilterWheelVM.cs|ChooseFW|279|Successfully connected Filter Wheel. Id: ASCOM.EFW2.FilterWheel Name: ZWO FilterWheel DisplayName: ZWO FilterWheel (ASCOM) Driver Version: 6.0
2025-12-24T18:07:29.5218|INFO|FocuserChooserVM.cs|GetEquipment|84|Found 0 Alpaca Focusers
2025-12-24T18:07:29.5572|INFO|FocuserVM.cs|Disconnect|441|Disconnected Focuser
2025-12-24T18:07:30.8405|ERROR|AscomDevice.cs|GetProperty|546|An unexpected exception occurred during GET of Focuser.StepSize: 
ASCOM.DriverException: The method or operation is not implemented.
 ---> System.NotImplementedException: The method or operation is not implemented.
   --- End of inner exception stack trace ---
   at ASCOM.Com.DriverAccess.DynamicAccess.CheckDotNetExceptions(String memberName, Exception e) in J:\ASCOMLibrary\ASCOM.Com\ASCOM.Com.DriverAccess\BaseClass\DynamicAccess.cs:line 278
   at ASCOM.Com.DriverAccess.DynamicAccess.TryGetMember(GetMemberBinder binder, Object& result) in J:\ASCOMLibrary\ASCOM.Com\ASCOM.Com.DriverAccess\BaseClass\DynamicAccess.cs:line 150
   at CallSite.Target(Closure, CallSite, Object)
   at System.Dynamic.UpdateDelegates.UpdateAndExecute1[T0,TRet](CallSite site, T0 arg0)
   at ASCOM.Com.DriverAccess.Focuser.get_StepSize() in J:\ASCOMLibrary\ASCOM.Com\ASCOM.Com.DriverAccess\Focuser.cs:line 159
   at System.RuntimeMethodHandle.InvokeMethod(Object target, Void** arguments, Signature sig, Boolean isConstructor)
   at System.Reflection.MethodBaseInvoker.InvokeWithNoArgs(Object obj, BindingFlags invokeAttr)
2025-12-24T18:07:31.0735|INFO|AscomDevice.cs|GetProperty|485|Retrying to GET Focuser.StepSize - Attempt 2 / 3
2025-12-24T18:07:31.0751|ERROR|AscomDevice.cs|GetProperty|546|An unexpected exception occurred during GET of Focuser.StepSize: 
ASCOM.DriverException: The method or operation is not implemented.
 ---> System.NotImplementedException: The method or operation is not implemented.
   --- End of inner exception stack trace ---
   at ASCOM.Com.DriverAccess.DynamicAccess.CheckDotNetExceptions(String memberName, Exception e) in J:\ASCOMLibrary\ASCOM.Com\ASCOM.Com.DriverAccess\BaseClass\DynamicAccess.cs:line 278
   at ASCOM.Com.DriverAccess.DynamicAccess.TryGetMember(GetMemberBinder binder, Object& result) in J:\ASCOMLibrary\ASCOM.Com\ASCOM.Com.DriverAccess\BaseClass\DynamicAccess.cs:line 150
   at CallSite.Target(Closure, CallSite, Object)
   at ASCOM.Com.DriverAccess.Focuser.get_StepSize() in J:\ASCOMLibrary\ASCOM.Com\ASCOM.Com.DriverAccess\Focuser.cs:line 159
   at InvokeStub_Focuser.get_StepSize(Object, Object, IntPtr*)
   at System.Reflection.MethodBaseInvoker.InvokeWithNoArgs(Object obj, BindingFlags invokeAttr)
2025-12-24T18:07:31.2758|INFO|AscomDevice.cs|GetProperty|485|Retrying to GET Focuser.StepSize - Attempt 3 / 3
2025-12-24T18:07:31.2771|ERROR|AscomDevice.cs|GetProperty|546|An unexpected exception occurred during GET of Focuser.StepSize: 
ASCOM.DriverException: The method or operation is not implemented.
 ---> System.NotImplementedException: The method or operation is not implemented.
   --- End of inner exception stack trace ---
   at ASCOM.Com.DriverAccess.DynamicAccess.CheckDotNetExceptions(String memberName, Exception e) in J:\ASCOMLibrary\ASCOM.Com\ASCOM.Com.DriverAccess\BaseClass\DynamicAccess.cs:line 278
   at ASCOM.Com.DriverAccess.DynamicAccess.TryGetMember(GetMemberBinder binder, Object& result) in J:\ASCOMLibrary\ASCOM.Com\ASCOM.Com.DriverAccess\BaseClass\DynamicAccess.cs:line 150
   at CallSite.Target(Closure, CallSite, Object)
   at ASCOM.Com.DriverAccess.Focuser.get_StepSize() in J:\ASCOMLibrary\ASCOM.Com\ASCOM.Com.DriverAccess\Focuser.cs:line 159
   at InvokeStub_Focuser.get_StepSize(Object, Object, IntPtr*)
   at System.Reflection.MethodBaseInvoker.InvokeWithNoArgs(Object obj, BindingFlags invokeAttr)
2025-12-24T18:07:31.2775|INFO|AscomDevice.cs|GetProperty|556|GET Focuser.StepSize failed - Returning last known value 0
2025-12-24T18:07:31.5031|INFO|FocuserVM.cs|ChooseFocuser|333|Successfully connected Focuser. Id: ASCOM.EAF.Focuser Name: ZWO Focuser DisplayName: ZWO Focuser (ASCOM) Driver Version: 6.0
2025-12-24T18:07:33.5088|INFO|TelescopeChooserVM.cs|GetEquipment|69|Found 0 Alpaca Telescopes
2025-12-24T18:07:33.5981|INFO|TelescopeVM.cs|Disconnect|740|Disconnected mount
2025-12-24T18:07:36.4264|INFO|AscomTelescope.cs|CheckMountTime|845|Mount UTC Time: 2025-12-25 00:07:36Z / System UTC Time: 2025-12-25 00:07:36Z; Difference: 0.004 seconds
2025-12-24T18:07:36.4650|INFO|AscomTelescope.cs|CheckMountTime|852|System time has been synced to the mount
2025-12-24T18:07:36.7772|INFO|TelescopeVM.cs|ChooseTelescope|535|Successfully connected mount. Id: ASCOM.iOptron2017.Telescope Name: iOptron CEM120,70,40,26, GEM, HEM, HAE, HAZ series and SkyHunter Mount DisplayName: iOptron CEM120,70,40,26, GEM, HEM, HAE, HAZ series and SkyHunter Mount (ASCOM) Driver Version: 9.15
2025-12-24T18:07:36.7894|INFO|PHD2Guider.cs|Connect|205|Connecting to PHD2 server at 127.0.0.1:4400
2025-12-24T18:07:44.9677|INFO|ConnectAllEquipment.cs|Execute|169|Weather is already connected
2025-12-24T18:07:46.4279|INFO|PHD2Client.cs|ConnectAsync|62|PHD2Client: Connected successfully!
2025-12-24T18:07:46.4282|INFO|DitherStatisticsVM.cs|OnPHD2ConnectionStatusChanged|616|PHD2 Connection Status: Connected
2025-12-24T18:07:46.4282|INFO|DitherStatisticsVM.cs|ConnectToPHD2|595|Successfully connected to PHD2!
2025-12-24T18:07:46.4329|INFO|PHD2Client.cs|ReadEventsAsync|102|PHD2Client: Started reading events
2025-12-24T18:07:46.4979|INFO|PHD2Client.cs|HandleVersion|256|PHD2Client: Connected to PHD2 version 2.6.13.dev8 (Message Protocol v1)
2025-12-24T18:07:46.4988|INFO|PHD2Client.cs|ProcessEvent|173|PHD2: CalibrationComplete
2025-12-24T18:07:46.4998|INFO|PHD2Client.cs|HandleAppState|266|PHD2Client: PHD2 AppState: Stopped
2025-12-24T18:07:46.9695|INFO|SafetyMonitorChooserVM.cs|GetEquipment|71|Found 0 Alpaca Safety Monitors
2025-12-24T18:07:47.0370|INFO|SafetyMonitorVM.cs|Disconnect|221|Disconnected Safety Monitor
2025-12-24T18:07:47.5132|INFO|SafetyMonitorVM.cs|Connect|175|Successfully connected Safety Monitor. Id: ASCOM.GenericFile.SafetyMonitor Name: Generic File driver DisplayName: Generic File driver (ASCOM) Driver Version: 6.4
2025-12-24T18:07:47.5136|INFO|SequenceItem.cs|Run|254|Finishing Category: Connect, Item: ConnectAllEquipment
2025-12-24T18:07:47.5143|INFO|SequenceItem.cs|Run|208|Starting Category: Telescope, Item: FindHome
2025-12-24T18:07:47.5205|INFO|PHD2Guider.cs|StopGuiding|704|Phd2 - Stop Guiding skipped, as the app is already in state Stopped
2025-12-24T18:07:47.5226|INFO|TelescopeVM.cs|FindHome|292|Mount ordered to locate home position
2025-12-24T18:07:47.5258|INFO|TelescopeVM.cs|FindHome|336|Mount ordered to home but it is already at home
2025-12-24T18:07:47.5263|INFO|TelescopeVM.cs|FindHome|348|Mount has located its home position
2025-12-24T18:07:47.5273|INFO|SequenceItem.cs|Run|254|Finishing Category: Telescope, Item: FindHome
2025-12-24T18:07:47.5276|INFO|SequenceItem.cs|Run|208|Starting Category: Ground Station, Item: Send to Telegram
2025-12-24T18:07:48.1591|INFO|SequenceItem.cs|Run|254|Finishing Category: Ground Station, Item: Send to Telegram
2025-12-24T18:07:48.1597|INFO|SequenceItem.cs|Run|208|Starting Category: Ground Station, Item: Send to Pushover, Title: Cool
2025-12-24T18:07:48.3235|INFO|SequenceItem.cs|Run|254|Finishing Category: Ground Station, Item: Send to Pushover, Title: Cool
2025-12-24T18:07:48.3247|INFO|SequenceItem.cs|Run|208|Starting Category: Camera, Item: CoolCamera, Temperature: -15, Duration: 0
2025-12-24T18:07:48.3297|INFO|CameraVM.cs|CoolCamera|138|Cooling Camera. Target: -15 Duration: 00:00:00
2025-12-24T18:07:49.5419|INFO|SafetyMonitorVM.cs|UpdateMonitorValues|95|SafetyMonitorInfo state changed to Unsafe
2025-12-24T18:15:56.1310|INFO|SequenceItem.cs|Run|254|Finishing Category: Camera, Item: CoolCamera, Temperature: -15, Duration: 0
2025-12-24T18:15:56.1313|INFO|SequenceItem.cs|Run|208|Starting Category: Utility, Item: WaitForTime, Time: 18:22:26h, Offset: -15
2025-12-24T18:22:26.4314|INFO|SequenceItem.cs|Run|254|Finishing Category: Utility, Item: WaitForTime, Time: 18:22:26h, Offset: -15
2025-12-24T18:22:26.4352|INFO|SequenceItem.cs|Run|254|Finishing Category: * Instruction Set *, Container: NINA.Sequencer.Container.SequentialContainer, Strategy: SequentialStrategy, Items[FINISHED]: 10
2025-12-24T18:22:26.4355|INFO|SequenceItem.cs|Run|254|Finishing Category: * Instruction Set *, Container: NINA.Sequencer.Container.StartAreaContainer, Strategy: SequentialStrategy, Items[FINISHED]: 1
2025-12-24T18:22:26.4358|INFO|SequenceItem.cs|Run|208|Starting Category: * Instruction Set *, Container: NINA.Sequencer.Container.TargetAreaContainer, Strategy: SequentialStrategy, Items[CREATED]: 1
2025-12-24T18:22:26.4372|INFO|SequenceItem.cs|Run|208|Starting Category: * Instruction Set *, Container: NINA.Sequencer.Container.SequentialContainer, Strategy: SequentialStrategy, Items[CREATED]: 10, Conditions: Condition: TimeCondition, Time: 6:37:33h, Condition: TargetSchedulerCondition mode=While Targets Remain Tonight, , Triggers: Trigger: CenterAfterDriftTrigger, DistanceArcMinutes: 1Trigger: WhenUnsafeCategory: Ground Station, Item: Failures to TelegramCategory: Connect, Item: ReconnectOnDownloadFailureTrigger: AutofocusAfterHFRIncreaseTrigger, Amount: 5Trigger: MeridianFlipTriggerCategory: Powerups (Misc), Item: DIYTriggerCategory: Ground Station, Item: Failures to Pushover
2025-12-24T18:22:26.4421|INFO|WhenUnsafe.cs|CheckSafe|77|IsSafe is now FALSE; connected = True, IsSafe = False
2025-12-24T18:22:26.4423|INFO|WhenCommon.cs|ShouldTrigger|374|ShouldTrigger TRUE from InterruptWhen, setting TriggerRunner
2025-12-24T18:22:26.4424|INFO|WhenCommon.cs|InterruptWhen|318|Interrupting current Instruction Set
2025-12-24T18:22:26.4444|INFO|WhenCommon.cs|InterruptWhen|328|Canceling sequence...
2025-12-24T18:22:27.4457|INFO|WhenCommon.cs|InterruptWhen|332|Delay 1000
2025-12-24T18:22:28.4454|INFO|WhenCommon.cs|InterruptWhen|332|Delay 1000
2025-12-24T18:22:29.4463|INFO|WhenCommon.cs|InterruptWhen|332|Delay 1000
2025-12-24T18:22:30.4471|INFO|WhenCommon.cs|InterruptWhen|332|Delay 1000
2025-12-24T18:22:31.4482|INFO|WhenCommon.cs|InterruptWhen|332|Delay 1000
2025-12-24T18:22:32.4486|INFO|WhenCommon.cs|InterruptWhen|332|Delay 1000
2025-12-24T18:22:33.4492|INFO|WhenCommon.cs|InterruptWhen|332|Delay 1000
2025-12-24T18:22:34.4485|INFO|WhenCommon.cs|InterruptWhen|332|Delay 1000
2025-12-24T18:22:35.4505|INFO|WhenCommon.cs|InterruptWhen|332|Delay 1000
2025-12-24T18:22:36.4499|INFO|WhenCommon.cs|InterruptWhen|332|Delay 1000
2025-12-24T18:22:37.4497|INFO|WhenCommon.cs|InterruptWhen|332|Delay 1000
2025-12-24T18:22:38.4504|INFO|WhenCommon.cs|InterruptWhen|332|Delay 1000
2025-12-24T18:22:39.4501|INFO|WhenCommon.cs|InterruptWhen|332|Delay 1000
2025-12-24T18:22:40.4509|INFO|WhenCommon.cs|InterruptWhen|332|Delay 1000
2025-12-24T18:22:41.4517|INFO|WhenCommon.cs|InterruptWhen|332|Delay 1000
2025-12-24T18:22:42.4515|INFO|WhenCommon.cs|InterruptWhen|332|Delay 1000
2025-12-24T18:22:43.4518|INFO|WhenCommon.cs|InterruptWhen|332|Delay 1000
2025-12-24T18:22:43.5143|INFO|Sequencer.cs|Start|85|Sequence run was cancelled
2025-12-24T18:22:43.5318|INFO|Sequence2VM.cs|StartSequence|548|Advanced Sequence finished
2025-12-24T18:22:44.4527|INFO|WhenCommon.cs|InterruptWhen|335|Sequence no longer running
2025-12-24T18:22:44.4537|WARNING|WhenCommon.cs|CheckSlewing|259|CheckSlewing, WhenUnsafe = True, Connected = True, CanSlew = True, info.Slewing = False
2025-12-24T18:22:44.4550|INFO|Sequence2VM.cs|StartSequence|543|Advanced Sequence starting
2025-12-24T18:22:44.5169|INFO|SequenceItem.cs|Run|208|Starting Category: * Instruction Set *, Container: NINA.Sequencer.Container.SequenceRootContainer, Strategy: SequentialStrategy, Items[CREATED]: 3, Triggers: Category: Ground Station, Item: Failures to Telegram
2025-12-24T18:22:44.5173|INFO|SequenceItem.cs|Run|208|Starting Category: * Instruction Set *, Container: NINA.Sequencer.Container.StartAreaContainer, Strategy: SequentialStrategy, Items[FINISHED]: 1
2025-12-24T18:22:44.5174|INFO|SequenceItem.cs|Run|254|Finishing Category: * Instruction Set *, Container: NINA.Sequencer.Container.StartAreaContainer, Strategy: SequentialStrategy, Items[FINISHED]: 1
2025-12-24T18:22:44.5175|INFO|SequenceItem.cs|Run|208|Starting Category: * Instruction Set *, Container: NINA.Sequencer.Container.TargetAreaContainer, Strategy: SequentialStrategy, Items[CREATED]: 1
2025-12-24T18:22:44.5176|INFO|SequenceItem.cs|Run|208|Starting Category: * Instruction Set *, Container: NINA.Sequencer.Container.SequentialContainer, Strategy: SequentialStrategy, Items[CREATED]: 10, Conditions: Condition: TimeCondition, Time: 6:37:33h, Condition: TargetSchedulerCondition mode=While Targets Remain Tonight, , Triggers: Trigger: CenterAfterDriftTrigger, DistanceArcMinutes: 1Trigger: WhenUnsafeCategory: Ground Station, Item: Failures to TelegramCategory: Connect, Item: ReconnectOnDownloadFailureTrigger: AutofocusAfterHFRIncreaseTrigger, Amount: 5Trigger: MeridianFlipTriggerCategory: Powerups (Misc), Item: DIYTriggerCategory: Ground Station, Item: Failures to Pushover
2025-12-24T18:22:44.5193|INFO|WhenCommon.cs|ShouldTrigger|378|ShouldTrigger TRUE, setting TriggerRunner
2025-12-24T18:22:44.5215|INFO|SequenceTrigger.cs|Run|114|Starting Trigger: WhenUnsafe
2025-12-24T18:22:44.5520|INFO|WhenCommon.cs|Execute|391|Execute 0
2025-12-24T18:22:44.5523|INFO|WhenCommon.cs|Execute|405|When: running TriggerRunner, InFlight -> true, Triggered -> false
2025-12-24T18:22:44.5523|WARNING|WhenCommon.cs|CheckSlewing|259|CheckSlewing, WhenUnsafe = True, Connected = True, CanSlew = True, info.Slewing = False
2025-12-24T18:22:44.5525|INFO|SequenceItem.cs|Run|208|Starting Category: , Container: WhenPlugin.When.IfContainer, Strategy: SequentialStrategy, Items[CREATED]: 9
2025-12-24T18:22:44.5589|INFO|MeridianFlipTrigger.cs|ShouldTrigger|197|Meridian Flip - Telescope is at home position. Skip flip evaluation
2025-12-24T18:22:44.5599|INFO|SequenceItem.cs|Run|208|Starting Category: Ground Station, Item: Send to Telegram
2025-12-24T18:22:45.2462|INFO|SequenceItem.cs|Run|254|Finishing Category: Ground Station, Item: Send to Telegram
2025-12-24T18:22:45.2491|INFO|MeridianFlipTrigger.cs|ShouldTrigger|197|Meridian Flip - Telescope is at home position. Skip flip evaluation
2025-12-24T18:22:45.2504|INFO|SequenceItem.cs|Run|208|Starting Category: Ground Station, Item: Send to Pushover, Title: Unsafe
2025-12-24T18:22:45.4564|INFO|SequenceItem.cs|Run|254|Finishing Category: Ground Station, Item: Send to Pushover, Title: Unsafe
2025-12-24T18:22:45.4579|INFO|MeridianFlipTrigger.cs|ShouldTrigger|197|Meridian Flip - Telescope is at home position. Skip flip evaluation
2025-12-24T18:22:45.4581|INFO|SequenceItem.cs|Run|208|Starting Category: Telescope, Item: FindHome
2025-12-24T18:22:45.4638|INFO|PHD2Guider.cs|StopGuiding|704|Phd2 - Stop Guiding skipped, as the app is already in state Stopped
2025-12-24T18:22:45.4641|INFO|TelescopeVM.cs|FindHome|292|Mount ordered to locate home position
2025-12-24T18:22:45.4652|INFO|TelescopeVM.cs|FindHome|336|Mount ordered to home but it is already at home
2025-12-24T18:22:45.4654|INFO|TelescopeVM.cs|FindHome|348|Mount has located its home position
2025-12-24T18:22:45.4658|INFO|SequenceItem.cs|Run|254|Finishing Category: Telescope, Item: FindHome
2025-12-24T18:22:45.4665|INFO|MeridianFlipTrigger.cs|ShouldTrigger|197|Meridian Flip - Telescope is at home position. Skip flip evaluation
2025-12-24T18:22:45.4677|INFO|SequenceItem.cs|Run|208|Starting Category: Guider, Item: StopGuiding
2025-12-24T18:22:45.4946|INFO|PHD2Guider.cs|StopGuiding|704|Phd2 - Stop Guiding skipped, as the app is already in state Stopped
2025-12-24T18:22:45.4947|INFO|SequenceItem.cs|Run|254|Finishing Category: Guider, Item: StopGuiding
2025-12-24T18:22:45.4952|INFO|MeridianFlipTrigger.cs|ShouldTrigger|197|Meridian Flip - Telescope is at home position. Skip flip evaluation
2025-12-24T18:22:45.4960|INFO|SequenceItem.cs|Run|208|Starting Category: Connect, Item: DisconnectEquipment, Selected device: Safety Monitor
2025-12-24T18:22:45.5775|INFO|AscomDevice.cs|Disconnect|378|Disconnecting from ASCOM.GenericFile.SafetyMonitor Generic File driver
2025-12-24T18:22:45.6269|INFO|SafetyMonitorVM.cs|Disconnect|221|Disconnected Safety Monitor
2025-12-24T18:22:45.6273|INFO|SequenceItem.cs|Run|254|Finishing Category: Connect, Item: DisconnectEquipment, Selected device: Safety Monitor
2025-12-24T18:22:45.6482|INFO|MeridianFlipTrigger.cs|ShouldTrigger|197|Meridian Flip - Telescope is at home position. Skip flip evaluation
2025-12-24T18:22:45.6489|INFO|SequenceItem.cs|Run|208|Starting Category: Utility, Item: WaitForTimeSpan, Time: 60s
2025-12-24T18:23:45.7299|INFO|SequenceItem.cs|Run|254|Finishing Category: Utility, Item: WaitForTimeSpan, Time: 60s
2025-12-24T18:23:45.7303|INFO|MeridianFlipTrigger.cs|ShouldTrigger|197|Meridian Flip - Telescope is at home position. Skip flip evaluation
2025-12-24T18:23:45.7311|INFO|SequenceItem.cs|Run|208|Starting Category: Connect, Item: ConnectEquipment, Selected device: Safety Monitor, Selected device id: ASCOM.GenericFile.SafetyMonitor
2025-12-24T18:23:47.7350|INFO|SafetyMonitorChooserVM.cs|GetEquipment|71|Found 0 Alpaca Safety Monitors
2025-12-24T18:23:47.7413|INFO|SafetyMonitorVM.cs|Disconnect|221|Disconnected Safety Monitor
2025-12-24T18:23:48.1870|INFO|SafetyMonitorVM.cs|Connect|175|Successfully connected Safety Monitor. Id: ASCOM.GenericFile.SafetyMonitor Name: Generic File driver DisplayName: Generic File driver (ASCOM) Driver Version: 6.4
2025-12-24T18:23:48.1874|INFO|SequenceItem.cs|Run|254|Finishing Category: Connect, Item: ConnectEquipment, Selected device: Safety Monitor, Selected device id: ASCOM.GenericFile.SafetyMonitor
2025-12-24T18:23:48.2056|INFO|MeridianFlipTrigger.cs|ShouldTrigger|197|Meridian Flip - Telescope is at home position. Skip flip evaluation
2025-12-24T18:23:48.2057|INFO|SequenceItem.cs|Run|208|Starting Category: Utility, Item: WaitForTimeSpan, Time: 60s
2025-12-24T18:23:50.1871|INFO|SafetyMonitorVM.cs|UpdateMonitorValues|95|SafetyMonitorInfo state changed to Unsafe
2025-12-24T18:24:48.2772|INFO|SequenceItem.cs|Run|254|Finishing Category: Utility, Item: WaitForTimeSpan, Time: 60s
2025-12-24T18:24:48.2787|INFO|MeridianFlipTrigger.cs|ShouldTrigger|197|Meridian Flip - Telescope is at home position. Skip flip evaluation
2025-12-24T18:24:48.2794|INFO|SequenceItem.cs|Run|208|Starting Category: Powerups (Safety), Item: OnceSafe
2025-12-25T06:37:33.8776|INFO|TimeCondition.cs|Check|254|TimeCondition finished.
2025-12-25T06:37:33.8779|INFO|TimeCondition.cs|InterruptWhenTimeIsUp|63|Time limit exceeded - Interrupting current Instruction Set
2025-12-25T06:37:33.8813|INFO|WhenCommon.cs|Execute|421|When: Execute done; InFlight -> false, Triggered false
2025-12-25T06:37:33.8823|INFO|MeridianFlipTrigger.cs|ShouldTrigger|197|Meridian Flip - Telescope is at home position. Skip flip evaluation
2025-12-25T06:37:33.8825|INFO|SequenceItem.cs|Run|208|Starting Category: Utility, Item: WaitForTime, Time: 18:22:26h, Offset: -15
2025-12-25T06:37:33.8842|INFO|SequenceItem.cs|Run|254|Finishing Category: * Instruction Set *, Container: NINA.Sequencer.Container.SequentialContainer, Strategy: SequentialStrategy, Items[CREATED]: 10, Conditions: Condition: TimeCondition, Time: 6:37:33h, Condition: TargetSchedulerCondition mode=While Targets Remain Tonight, , Triggers: Trigger: CenterAfterDriftTrigger, DistanceArcMinutes: 1Trigger: WhenUnsafeCategory: Ground Station, Item: Failures to TelegramCategory: Connect, Item: ReconnectOnDownloadFailureTrigger: AutofocusAfterHFRIncreaseTrigger, Amount: 5Trigger: MeridianFlipTriggerCategory: Powerups (Misc), Item: DIYTriggerCategory: Ground Station, Item: Failures to Pushover
2025-12-25T06:37:33.8844|INFO|SequenceItem.cs|Run|254|Finishing Category: * Instruction Set *, Container: NINA.Sequencer.Container.TargetAreaContainer, Strategy: SequentialStrategy, Items[FINISHED]: 1
2025-12-25T06:37:33.8846|INFO|SequenceItem.cs|Run|208|Starting Category: * Instruction Set *, Container: NINA.Sequencer.Container.EndAreaContainer, Strategy: SequentialStrategy, Items[CREATED]: 7
2025-12-25T06:37:33.8848|INFO|SequenceItem.cs|Run|208|Starting Category: Telescope, Item: FindHome
2025-12-25T06:37:33.8874|INFO|PHD2Guider.cs|StopGuiding|704|Phd2 - Stop Guiding skipped, as the app is already in state Stopped
2025-12-25T06:37:33.8875|INFO|TelescopeVM.cs|FindHome|292|Mount ordered to locate home position
2025-12-25T06:37:33.8878|INFO|TelescopeVM.cs|FindHome|336|Mount ordered to home but it is already at home
2025-12-25T06:37:33.8878|INFO|TelescopeVM.cs|FindHome|348|Mount has located its home position
2025-12-25T06:37:33.8880|INFO|SequenceItem.cs|Run|254|Finishing Category: Telescope, Item: FindHome
2025-12-25T06:37:33.8888|INFO|SequenceItem.cs|Run|208|Starting Category: Camera, Item: WarmCamera, Duration: 0
2025-12-25T06:37:33.8914|INFO|CameraVM.cs|WarmCamera|161|Warming Camera. Duration: 00:00:00
2025-12-25T06:41:45.3053|INFO|CameraVM.cs|WarmCamera|179|Could not reach warming temperature. Most likley due to ambient temperature being lower. Continuing...
2025-12-25T06:42:05.4125|INFO|CameraVM.cs|WarmCamera|186|Turning cooler off
2025-12-25T06:42:05.4145|INFO|SequenceItem.cs|Run|254|Finishing Category: Camera, Item: WarmCamera, Duration: 0
2025-12-25T06:42:05.4148|INFO|SequenceItem.cs|Run|208|Starting Category: Guider, Item: StopGuiding
2025-12-25T06:42:05.4211|INFO|PHD2Guider.cs|StopGuiding|704|Phd2 - Stop Guiding skipped, as the app is already in state Stopped
2025-12-25T06:42:05.4213|INFO|SequenceItem.cs|Run|254|Finishing Category: Guider, Item: StopGuiding
2025-12-25T06:42:05.4226|INFO|SequenceItem.cs|Run|208|Starting Category: Phd2 Tools, Item: ShutdownPhd2Instruction
2025-12-25T06:42:05.4550|WARNING|PHD2Client.cs|ReadEventsAsync|110|PHD2Client: Connection closed by server
2025-12-25T06:42:05.4552|INFO|DitherStatisticsVM.cs|OnPHD2ConnectionStatusChanged|619|PHD2 Connection Status: Connection lost
2025-12-25T06:42:05.4552|INFO|PHD2Client.cs|ReadEventsAsync|126|PHD2Client: Stopped reading events
2025-12-25T06:42:05.4561|INFO|SequenceItem.cs|Run|254|Finishing Category: Phd2 Tools, Item: ShutdownPhd2Instruction
2025-12-25T06:42:05.4568|INFO|SequenceItem.cs|Run|208|Starting Category: Connect, Item: DisconnectAllEquipment
2025-12-25T06:42:05.5670|INFO|CameraVM.cs|Disconnect|650|Disconnected Camera
2025-12-25T06:42:05.5679|INFO|AscomDevice.cs|Disconnect|378|Disconnecting from ASCOM.EFW2.FilterWheel ZWO FilterWheel
2025-12-25T06:42:05.5777|INFO|FilterWheelVM.cs|Disconnect|333|Disconnected Filter Wheel
2025-12-25T06:42:05.5812|INFO|AscomDevice.cs|Disconnect|378|Disconnecting from ASCOM.EAF.Focuser ZWO Focuser
2025-12-25T06:42:05.6763|INFO|FocuserVM.cs|Disconnect|441|Disconnected Focuser
2025-12-25T06:42:05.6770|INFO|DisconnectAllEquipment.cs|Execute|139|Rotator is already disconnected
2025-12-25T06:42:05.6824|INFO|AscomDevice.cs|Disconnect|378|Disconnecting from ASCOM.iOptron2017.Telescope iOptron CEM120,70,40,26, GEM, HEM, HAE, HAZ series and SkyHunter Mount
2025-12-25T06:42:05.7103|INFO|TelescopeVM.cs|Disconnect|740|Disconnected mount
2025-12-25T06:42:05.7109|INFO|DisconnectAllEquipment.cs|Execute|139|Guider is already disconnected
2025-12-25T06:42:05.7110|INFO|DisconnectAllEquipment.cs|Execute|139|Switch is already disconnected
2025-12-25T06:42:05.7110|INFO|DisconnectAllEquipment.cs|Execute|139|Flat Panel is already disconnected
2025-12-25T06:42:05.7137|INFO|AscomDevice.cs|Disconnect|378|Disconnecting from ASCOM.SkyAlert.ObservingConditions SkyAlert Observing Conditions
2025-12-25T06:42:05.7251|INFO|WeatherDataVM.cs|Disconnect|305|Disconnected Weather Device
2025-12-25T06:42:05.7255|INFO|DisconnectAllEquipment.cs|Execute|139|Dome is already disconnected
2025-12-25T06:42:05.7275|INFO|AscomDevice.cs|Disconnect|378|Disconnecting from ASCOM.GenericFile.SafetyMonitor Generic File driver
2025-12-25T06:42:05.7322|INFO|SafetyMonitorVM.cs|Disconnect|221|Disconnected Safety Monitor
2025-12-25T06:42:05.7326|INFO|SequenceItem.cs|Run|254|Finishing Category: Connect, Item: DisconnectAllEquipment
2025-12-25T06:42:05.7328|INFO|SequenceItem.cs|Run|208|Starting Category: Ground Station, Item: Send to Pushover, Title: Disconnected
2025-12-25T06:42:05.9505|INFO|SequenceItem.cs|Run|254|Finishing Category: Ground Station, Item: Send to Pushover, Title: Disconnected
2025-12-25T06:42:05.9508|INFO|SequenceItem.cs|Run|208|Starting Category: Ground Station, Item: Send to Telegram
2025-12-25T06:42:06.6303|INFO|SequenceItem.cs|Run|254|Finishing Category: Ground Station, Item: Send to Telegram
2025-12-25T06:42:06.6307|INFO|SequenceItem.cs|Run|254|Finishing Category: * Instruction Set *, Container: NINA.Sequencer.Container.EndAreaContainer, Strategy: SequentialStrategy, Items[FINISHED]: 7
2025-12-25T06:42:06.6311|INFO|SequenceItem.cs|Run|254|Finishing Category: * Instruction Set *, Container: NINA.Sequencer.Container.SequenceRootContainer, Strategy: SequentialStrategy, Items[FINISHED]: 3, Triggers: Category: Ground Station, Item: Failures to Telegram
2025-12-25T06:42:06.6325|INFO|Sequence2VM.cs|StartSequence|548|Advanced Sequence finished
2025-12-25T06:42:06.6337|INFO|WhenCommon.cs|InterruptWhen|346|Restarting sequence, Triggered -> true
2025-12-25T06:42:10.4706|INFO|PHD2Client.cs|ConnectAsync|48|PHD2Client: Connecting to PHD2 at 127.0.0.1:4400...
2025-12-25T06:42:12.5044|ERROR|PHD2Client.cs|ConnectAsync|69|PHD2Client: Connection failed: No connection could be made because the target machine actively refused it.
2025-12-25T16:50:31.7101|INFO|ApplicationVM.cs|Exit|244|Shutting down application - requested by user
2025-12-25T16:50:31.8505|INFO|ApplicationVM.cs|Closing|289|Application shutting down
2025-12-25T16:50:31.8980|INFO|DomeVM.cs|Disconnect|355|Disconnected Dome Device
2025-12-25T16:50:31.9048|INFO|FlatDeviceVM.cs|Disconnect|289|Disconnected Flat Device
2025-12-25T16:50:31.9165|INFO|CameraVM.cs|Disconnect|650|Disconnected Camera
2025-12-25T16:50:31.9176|INFO|TelescopeVM.cs|Disconnect|740|Disconnected mount
2025-12-25T16:50:31.9200|INFO|FilterWheelVM.cs|Disconnect|333|Disconnected Filter Wheel
2025-12-25T16:50:31.9210|INFO|FocuserVM.cs|Disconnect|441|Disconnected Focuser
2025-12-25T16:50:31.9281|INFO|RotatorVM.cs|Disconnect|447|Disconnected Rotator
2025-12-25T16:50:31.9336|INFO|SwitchVM.cs|Disconnect|309|Disconnected Switch
2025-12-25T16:50:31.9381|INFO|WeatherDataVM.cs|Disconnect|305|Disconnected Weather Device
2025-12-25T16:50:31.9386|INFO|SafetyMonitorVM.cs|Disconnect|221|Disconnected Safety Monitor
2025-12-25T16:50:32.1905|INFO|API.cs|StopWatchers|86|Stopping all event watchers
