----------------------------------------------------------------------
--------------N.I.N.A. - Nighttime Imaging 'N' Astronomy--------------
--------------------------Version 3.2.0.3007--------------------------
-------------------------2025-09-27T15:58:06--------------------------
----------------------------------------------------------------------
---------------------Microsoft Windows 10.0.19045---------------------
-------------------------OS Architecture X64--------------------------
-----------------------Process Architecture X64-----------------------
-----------------------------.NET 8.0.19------------------------------
----------------------------------------------------------------------
--------------------------Processor Count 4---------------------------
--------------------Total Physical Memory 7.84 GB---------------------
----------------------------------------------------------------------
DATE|LEVEL|SOURCE|MEMBER|LINE|MESSAGE
2025-09-27T15:58:06.1941|INFO|App.xaml.cs|OnStartup|170|Launched with command line arguments: --sequencefile C:\Users\nicka\Astro\NINA\NINA_Sequences\TargetScheduler.json --runsequence
2025-09-27T15:58:12.1492|INFO|CameraChooserVM.cs|GetEquipment|69|Found 2 ASI Cameras
2025-09-27T15:58:12.5708|INFO|CameraChooserVM.cs|GetEquipment|84|Found 0 Altair Cameras
2025-09-27T15:58:12.8588|INFO|CameraChooserVM.cs|GetEquipment|96|Found 0 Atik Cameras
2025-09-27T15:58:12.9651|INFO|CameraChooserVM.cs|GetEquipment|110|Found 0 FLI Cameras
2025-09-27T15:58:14.2839|INFO|CameraChooserVM.cs|GetEquipment|130|Found 0 QHYCCD Cameras
2025-09-27T15:58:14.8550|INFO|CameraChooserVM.cs|GetEquipment|158|Found 0 ToupTek Cameras
2025-09-27T15:58:15.0599|INFO|CameraChooserVM.cs|GetEquipment|173|Found 0 Ogma Cameras
2025-09-27T15:58:15.2690|INFO|CameraChooserVM.cs|GetEquipment|188|Found 0 Omegon Cameras
2025-09-27T15:58:15.9361|INFO|CameraChooserVM.cs|GetEquipment|203|Found 0 RisingCam Cameras
2025-09-27T15:58:16.1043|INFO|CameraChooserVM.cs|GetEquipment|218|Found 0 MallinCam Cameras
2025-09-27T15:58:16.2273|INFO|CameraChooserVM.cs|GetEquipment|243|Found 0 SVBony Cameras
2025-09-27T15:58:16.2306|INFO|CameraChooserVM.cs|GetEquipment|259|Found 0 SBIG Cameras
2025-09-27T15:58:18.2450|INFO|PluginLoader.cs|LoadPlugin|402|Successfully loaded plugin Autofocus Report Analysis version 2.0.0.9 by Stefan Berg @isbeorn
2025-09-27T15:58:18.5852|INFO|PluginLoader.cs|LoadPlugin|402|Successfully loaded plugin Connector version 2.0.3.0 by Stefan Berg
2025-09-27T15:58:18.7555|INFO|PluginLoader.cs|LoadPlugin|402|Successfully loaded plugin Device Actions and Commands version 2.2.0.0 by Dale Ghent
2025-09-27T15:58:19.3286|INFO|PluginLoader.cs|LoadPlugin|402|Successfully loaded plugin Discord Alert version 2.2.0.0 by Drew McDermott
2025-09-27T15:58:20.0680|INFO|PluginLoader.cs|LoadPlugin|402|Successfully loaded plugin Discord Notification version 1.0.0.1 by Daniel Ludwig
2025-09-27T15:58:20.2323|INFO|PluginLoader.cs|LoadPlugin|402|Successfully loaded plugin Filter Offset Calculator version 2.0.0.0 by S. Dimant & Stefan Berg
2025-09-27T15:58:20.4394|INFO|PluginLoader.cs|LoadPlugin|402|Successfully loaded plugin Flexure Correction version 0.8.0.0 by Francesco Meschia
2025-09-27T15:58:22.0015|INFO|PluginLoader.cs|LoadPlugin|402|Successfully loaded plugin Ground Station version 2.4.1.0 by Dale Ghent
2025-09-27T15:58:31.7163|INFO|PluginLoader.cs|LoadPlugin|402|Successfully loaded plugin Hocus Focus version 3.0.0.21 by George Hilios (jokogeo)
2025-09-27T15:58:32.4978|INFO|PluginLoader.cs|LoadPlugin|402|Successfully loaded plugin Horizon Creator version 1.1.2.0 by Christian Palm
2025-09-27T15:58:32.6975|INFO|PluginLoader.cs|LoadPlugin|402|Successfully loaded plugin Lightbucket version 2.2.4.0 by Lightbucket
2025-09-27T15:58:32.8879|INFO|PluginLoader.cs|LoadPlugin|402|Successfully loaded plugin Moon Angle version 2.2.0.0 by Dale Ghent
2025-09-27T15:58:33.1996|INFO|PluginLoader.cs|LoadPlugin|402|Successfully loaded plugin PixInsight Tools version 1.0.0.3 by Stefan Berg
2025-09-27T15:58:35.2085|WARNING|When.cs|GetRunningItem|143|Can't get running items: SequencerNavigation not initialized yet!
2025-09-27T15:58:35.4612|INFO|PluginLoader.cs|LoadPlugin|402|Successfully loaded plugin Sequencer Powerups version 3.28.4.4 by Marc Blank
2025-09-27T15:58:35.5795|INFO|PluginLoader.cs|LoadPlugin|402|Successfully loaded plugin Shutdown PC version 2.2.0.0 by Dale Ghent
2025-09-27T15:58:35.9871|INFO|PluginLoader.cs|LoadPlugin|402|Successfully loaded plugin Smart Filters version 1.0.0.3 by Benoit SAINTOT
2025-09-27T15:58:36.4567|INFO|PluginLoader.cs|LoadPlugin|402|Successfully loaded plugin Target Planning version 3.2.1.0 by Tom Palmer @tcpalmer
2025-09-27T15:58:38.2480|ERROR|DllLoader.cs|LoadDllFromAbsolutePath|53|DllLoader failed to load library C:\Program Files\N.I.N.A. - Nighttime Imaging 'N' Astronomy\External\x64\SQLite\SQLite.Interop.dll due to error code 126
2025-09-27T15:58:39.3097|INFO|PluginLoader.cs|LoadPlugin|402|Successfully loaded plugin Target Scheduler version 5.7.3.0 by Tom Palmer @tcpalmer
2025-09-27T15:58:39.7264|INFO|PluginLoader.cs|LoadPlugin|402|Successfully loaded plugin Three Point Polar Alignment version 2.2.4.1 by Stefan Berg @isbeorn
2025-09-27T15:58:39.7480|INFO|PluginFetcher.cs|RequestAll|43|Fetching plugin manifests from https://nighttime-imaging.eu/wp-json/nina/v1/plugins/manifests
2025-09-27T15:58:40.0228|INFO|CameraChooserVM.cs|GetEquipment|279|Found 0 SVBony Cameras
2025-09-27T15:58:40.1591|INFO|CameraChooserVM.cs|GetEquipment|279|Found 0 PlayerOne Cameras
2025-09-27T15:58:40.2699|INFO|CameraChooserVM.cs|GetEquipment|279|Found 0 ASTPAN Cameras
2025-09-27T15:58:41.2582|INFO|CameraChooserVM.cs|GetEquipment|293|Found 4 ASCOM Cameras
2025-09-27T15:58:42.1537|WARNING|When.cs|GetRunningItem|143|Can't get running items: SequencerNavigation not initialized yet!
2025-09-27T15:58:43.2859|INFO|CameraChooserVM.cs|GetEquipment|305|Found 0 Alpaca Cameras
2025-09-27T15:58:43.2930|INFO|CameraChooserVM.cs|GetEquipment|318|Found 0 Canon Cameras
2025-09-27T15:58:43.3035|INFO|RotatorChooserVM.cs|GetEquipment|68|Found 0 Alpaca Rotators
2025-09-27T15:58:43.5501|INFO|DomeChooserVM.cs|GetEquipment|67|Found 0 Alpaca Domes
2025-09-27T15:58:43.9644|INFO|FilterWheelChooserVM.cs|GetEquipment|193|Found 0 Alpaca Filter Wheels
2025-09-27T15:58:43.9673|INFO|SwitchChooserVM.cs|GetEquipment|71|Found 0 Alpaca Switch Hubs
2025-09-27T15:58:43.9695|INFO|TelescopeChooserVM.cs|GetEquipment|69|Found 0 Alpaca Telescopes
2025-09-27T15:58:43.9716|INFO|SafetyMonitorChooserVM.cs|GetEquipment|71|Found 0 Alpaca Safety Monitors
2025-09-27T15:58:43.9741|INFO|WeatherDataChooserVM.cs|GetEquipment|69|Found 0 Alpaca Observing Conditions
2025-09-27T15:58:44.1778|INFO|FlatDeviceChooserVM.cs|GetEquipment|67|Found 0 Alpaca Cover Calibrators
2025-09-27T15:58:44.4213|INFO|PluginFetcher.cs|RequestAll|57|Found 61 valid plugins at https://nighttime-imaging.eu/wp-json/nina/v1/plugins/manifests
2025-09-27T15:58:45.6015|INFO|FocuserChooserVM.cs|GetEquipment|84|Found 0 Alpaca Focusers
2025-09-27T15:58:46.3282|INFO|ApplicationVM.cs|CheckDiskInfo|100|Available Space on Drive C:\: 145.23 GB
2025-09-27T15:58:46.3320|INFO|ApplicationVM.cs|CheckASCOMPlatformVersion|81|ASCOM Platform 6.6.2.4195 installed
2025-09-27T15:58:46.3346|INFO|ApplicationVM.cs|CheckDiskInfo|102|Drive E:\ is not ready
2025-09-27T15:58:46.3362|INFO|ApplicationVM.cs|CheckDiskInfo|100|Available Space on Drive G:\: 58.84 GB
2025-09-27T15:58:46.3432|INFO|ApplicationVM.cs|CheckDiskInfo|100|Available Space on Drive Z:\: 31.06 GB
2025-09-27T15:58:47.1563|WARNING|When.cs|GetRunningItem|143|Can't get running items: SequencerNavigation not initialized yet!
2025-09-27T15:58:47.1861|INFO|Sequence2VM.cs|TryLoadSequenceFile|414|Loading sequence file: C:\Users\nicka\Astro\NINA\NINA_Sequences\TargetScheduler.json
2025-09-27T15:58:47.4976|INFO|Sequence2VM.cs|TryLoadSequenceFile|420|Starting sequence from command line options
2025-09-27T15:58:47.5010|INFO|Sequence2VM.cs|StartSequence|543|Advanced Sequence starting
2025-09-27T15:58:47.9963|INFO|SequenceItem.cs|Run|208|Starting Category: * Instruction Set *, Container: NINA.Sequencer.Container.SequenceRootContainer, Strategy: SequentialStrategy, Items[CREATED]: 3, Triggers: Category: Ground Station, Item: Failures to Telegram
2025-09-27T15:58:48.0079|INFO|SequenceItem.cs|Run|208|Starting Category: * Instruction Set *, Container: NINA.Sequencer.Container.StartAreaContainer, Strategy: SequentialStrategy, Items[CREATED]: 1
2025-09-27T15:58:48.0088|INFO|SequenceItem.cs|Run|208|Starting Category: * Instruction Set *, Container: NINA.Sequencer.Container.SequentialContainer, Strategy: SequentialStrategy, Items[CREATED]: 8
2025-09-27T15:58:48.0095|INFO|SequenceItem.cs|Run|208|Starting Category: Ground Station, Item: Send to Telegram
2025-09-27T15:58:48.6817|INFO|DockManagerVM.cs|InitializeAvalonDockLayout|366|Initializing imaging tab layout from C:\Users\nicka\AppData\Local\NINA\Profiles\0173997c-4bfa-48fd-9337-a48b6df99c38.dock.config
2025-09-27T15:58:50.4840|INFO|SequenceItem.cs|Run|254|Finishing Category: Ground Station, Item: Send to Telegram
2025-09-27T15:58:50.4875|INFO|SequenceItem.cs|Run|208|Starting Category: Utility, Item: WaitForTime, Time: 19:34:27h, Offset: -45
2025-09-27T15:58:57.6030|INFO|CameraVM.cs|Disconnect|680|Disconnected Camera
2025-09-27T15:58:57.6116|INFO|CameraChooserVM.cs|GetEquipment|69|Found 2 ASI Cameras
2025-09-27T15:58:57.6817|INFO|CameraChooserVM.cs|GetEquipment|84|Found 0 Altair Cameras
2025-09-27T15:58:57.6819|INFO|CameraChooserVM.cs|GetEquipment|96|Found 0 Atik Cameras
2025-09-27T15:58:57.6827|INFO|CameraChooserVM.cs|GetEquipment|110|Found 0 FLI Cameras
2025-09-27T15:58:57.6830|INFO|CameraChooserVM.cs|GetEquipment|130|Found 0 QHYCCD Cameras
2025-09-27T15:58:57.8321|INFO|CameraChooserVM.cs|GetEquipment|158|Found 0 ToupTek Cameras
2025-09-27T15:58:57.8371|INFO|CameraChooserVM.cs|GetEquipment|173|Found 0 Ogma Cameras
2025-09-27T15:58:57.8501|INFO|CameraChooserVM.cs|GetEquipment|188|Found 0 Omegon Cameras
2025-09-27T15:58:58.0037|INFO|CameraChooserVM.cs|GetEquipment|203|Found 0 RisingCam Cameras
2025-09-27T15:58:58.0173|INFO|CameraChooserVM.cs|GetEquipment|218|Found 0 MallinCam Cameras
2025-09-27T15:58:58.0189|INFO|CameraChooserVM.cs|GetEquipment|243|Found 0 SVBony Cameras
2025-09-27T15:58:58.0217|INFO|CameraChooserVM.cs|GetEquipment|259|Found 0 SBIG Cameras
2025-09-27T15:58:58.0225|INFO|CameraChooserVM.cs|GetEquipment|279|Found 0 SVBony Cameras
2025-09-27T15:58:58.0230|INFO|CameraChooserVM.cs|GetEquipment|279|Found 0 PlayerOne Cameras
2025-09-27T15:58:58.0310|INFO|CameraChooserVM.cs|GetEquipment|279|Found 0 ASTPAN Cameras
2025-09-27T15:58:58.0318|INFO|CameraChooserVM.cs|GetEquipment|293|Found 4 ASCOM Cameras
2025-09-27T15:59:00.0328|INFO|CameraChooserVM.cs|GetEquipment|305|Found 0 Alpaca Cameras
2025-09-27T15:59:00.0349|INFO|CameraChooserVM.cs|GetEquipment|318|Found 0 Canon Cameras
2025-09-27T15:59:00.0686|ERROR|CameraVM.cs|ChooseCamera|499
System.Exception: Unable to connect to device '' (ID: ZWO ASI533MM Pro #0). Make sure it's plugged in, turned on, and set up correctly.
   at NINA.Equipment.Equipment.OfflineDevice.Connect(CancellationToken token) in D:\a\nina\nina\NINA.Equipment\Equipment\OfflineDevice.cs:line 50
   at NINA.Equipment.Equipment.MyCamera.PersistSettingsCameraDecorator.Connect(CancellationToken token) in D:\a\nina\nina\NINA.Equipment\Equipment\MyCamera\PersistSettingsCameraDecorator.cs:line 311
   at NINA.WPF.Base.ViewModel.Equipment.Camera.CameraVM.ChooseCamera() in D:\a\nina\nina\NINA.WPF.Base\ViewModel\Equipment\Camera\CameraVM.cs:line 355
2025-09-27T15:59:05.4771|INFO|CameraVM.cs|Disconnect|680|Disconnected Camera
2025-09-27T15:59:09.1452|INFO|AscomDevice.cs|GetProperty|527|Property Camera.BayerOffsetX GET is not implemented in this driver (ZWO ASI533MM Pro)
2025-09-27T15:59:09.1496|INFO|AscomDevice.cs|GetProperty|527|Property Camera.BayerOffsetY GET is not implemented in this driver (ZWO ASI533MM Pro)
2025-09-27T15:59:09.1609|INFO|CameraVM.cs|ChooseCamera|485|Successfully connected Camera. Id: ASCOM.ASICamera2_2.Camera Name: ZWO ASI533MM Pro DisplayName: ZWO ASI533MM Pro (ASCOM)Driver Version: 6.5
2025-09-27T15:59:16.1330|INFO|AscomDevice.cs|Disconnect|378|Disconnecting from ASCOM.ASICamera2_2.Camera ZWO ASI533MM Pro
2025-09-27T15:59:16.1986|INFO|CameraVM.cs|Disconnect|680|Disconnected Camera
2025-09-27T15:59:27.7423|INFO|CameraVM.cs|Disconnect|680|Disconnected Camera
2025-09-27T15:59:28.3170|WARNING|ASICamera.cs|SetControlValue|568|Failed to set ASI Control Value ASI_WB_B with value 50
2025-09-27T15:59:28.3171|WARNING|ASICamera.cs|SetControlValue|568|Failed to set ASI Control Value ASI_WB_R with value 50
2025-09-27T15:59:28.3172|WARNING|ASICamera.cs|SetControlValue|568|Failed to set ASI Control Value ASI_GAMMA with value 50
2025-09-27T15:59:28.3172|WARNING|ASICamera.cs|SetControlValue|568|Failed to set ASI Control Value ASI_HIGH_SPEED_MODE with value 0
2025-09-27T15:59:28.3173|WARNING|ASICamera.cs|SetControlValue|568|Failed to set ASI Control Value ASI_OVERCLOCK with value 0
2025-09-27T15:59:28.3173|WARNING|ASICamera.cs|SetControlValue|568|Failed to set ASI Control Value ASI_PATTERN_ADJUST with value 0
2025-09-27T15:59:28.3182|WARNING|ASICamera.cs|SetControlValue|568|Failed to set ASI Control Value ASI_MONO_BIN with value 0
2025-09-27T15:59:28.3193|INFO|ASICamera.cs|Initialize|664|Camera ID: ASI533MM
2025-09-27T15:59:28.3259|WARNING|ASICamera.cs|SetControlValue|568|Failed to set ASI Control Value ASI_ANTI_DEW_HEATER with value 0
2025-09-27T15:59:28.3409|INFO|CameraVM.cs|ChooseCamera|485|Successfully connected Camera. Id: ZWOptical_ZWO ASI533MM Pro_ASI533MM Name: ZWO ASI533MM Pro DisplayName: ZWO ASI533MM Pro (ASI533MM)Driver Version: 1, 39, 0, 0
2025-09-27T15:59:36.9681|INFO|CameraVM.cs|Disconnect|680|Disconnected Camera
2025-09-27T15:59:40.7581|INFO|CameraVM.cs|Disconnect|680|Disconnected Camera
2025-09-27T15:59:41.2855|WARNING|ASICamera.cs|SetControlValue|568|Failed to set ASI Control Value ASI_WB_B with value 50
2025-09-27T15:59:41.2857|WARNING|ASICamera.cs|SetControlValue|568|Failed to set ASI Control Value ASI_WB_R with value 50
2025-09-27T15:59:41.2858|WARNING|ASICamera.cs|SetControlValue|568|Failed to set ASI Control Value ASI_GAMMA with value 50
2025-09-27T15:59:41.2859|WARNING|ASICamera.cs|SetControlValue|568|Failed to set ASI Control Value ASI_HIGH_SPEED_MODE with value 0
2025-09-27T15:59:41.2860|WARNING|ASICamera.cs|SetControlValue|568|Failed to set ASI Control Value ASI_OVERCLOCK with value 0
2025-09-27T15:59:41.2861|WARNING|ASICamera.cs|SetControlValue|568|Failed to set ASI Control Value ASI_PATTERN_ADJUST with value 0
2025-09-27T15:59:41.2861|WARNING|ASICamera.cs|SetControlValue|568|Failed to set ASI Control Value ASI_MONO_BIN with value 0
2025-09-27T15:59:41.2873|INFO|ASICamera.cs|Initialize|664|Camera ID: ASI533MM
2025-09-27T15:59:41.2930|WARNING|ASICamera.cs|SetControlValue|568|Failed to set ASI Control Value ASI_ANTI_DEW_HEATER with value 0
2025-09-27T15:59:41.2948|INFO|CameraVM.cs|ChooseCamera|485|Successfully connected Camera. Id: ZWOptical_ZWO ASI533MM Pro_ASI533MM Name: ZWO ASI533MM Pro DisplayName: ZWO ASI533MM Pro (ASI533MM)Driver Version: 1, 39, 0, 0
2025-09-27T15:59:41.3156|INFO|FilterWheelVM.cs|Disconnect|332|Disconnected Filter Wheel
2025-09-27T15:59:42.9028|INFO|FilterWheelVM.cs|ChooseFW|278|Successfully connected Filter Wheel. Id: ASCOM.EFW2.FilterWheel Name: ZWO FilterWheel DisplayName: ZWO FilterWheel (ASCOM) Driver Version: 6.0
2025-09-27T15:59:42.9519|INFO|TelescopeVM.cs|Disconnect|741|Disconnected mount
2025-09-27T15:59:46.4636|INFO|AscomTelescope.cs|CheckMountTime|845|Mount UTC Time: 2025-09-27 20:59:46Z / System UTC Time: 2025-09-27 20:59:46Z; Difference: 0.004 seconds
2025-09-27T15:59:46.5228|INFO|AscomTelescope.cs|CheckMountTime|852|System time has been synced to the mount
2025-09-27T15:59:46.7494|INFO|TelescopeVM.cs|ChooseTelescope|536|Successfully connected mount. Id: ASCOM.iOptron2017.Telescope Name: iOptron CEM120,70,40,26, GEM, HEM, HAE, HAZ series and SkyHunter Mount DisplayName: iOptron CEM120,70,40,26, GEM, HEM, HAE, HAZ series and SkyHunter Mount (ASCOM) Driver Version: 9.15
2025-09-27T15:59:46.7559|INFO|FocuserVM.cs|Disconnect|441|Disconnected Focuser
2025-09-27T15:59:47.9344|ERROR|AscomDevice.cs|GetProperty|546|An unexpected exception occurred during GET of Focuser.StepSize: 
ASCOM.DriverException: The method or operation is not implemented.
 ---> System.NotImplementedException: The method or operation is not implemented.
   --- End of inner exception stack trace ---
   at ASCOM.Com.DriverAccess.DynamicAccess.CheckDotNetExceptions(String memberName, Exception e) in J:\ASCOMLibrary\ASCOM.Com\ASCOM.Com.DriverAccess\BaseClass\DynamicAccess.cs:line 278
   at ASCOM.Com.DriverAccess.DynamicAccess.TryGetMember(GetMemberBinder binder, Object& result) in J:\ASCOMLibrary\ASCOM.Com\ASCOM.Com.DriverAccess\BaseClass\DynamicAccess.cs:line 150
   at CallSite.Target(Closure, CallSite, Object)
   at System.Dynamic.UpdateDelegates.UpdateAndExecute1[T0,TRet](CallSite site, T0 arg0)
   at ASCOM.Com.DriverAccess.Focuser.get_StepSize() in J:\ASCOMLibrary\ASCOM.Com\ASCOM.Com.DriverAccess\Focuser.cs:line 159
   at System.RuntimeMethodHandle.InvokeMethod(Object target, Void** arguments, Signature sig, Boolean isConstructor)
   at System.Reflection.MethodBaseInvoker.InvokeWithNoArgs(Object obj, BindingFlags invokeAttr)
2025-09-27T15:59:48.1553|INFO|AscomDevice.cs|GetProperty|485|Retrying to GET Focuser.StepSize - Attempt 2 / 3
2025-09-27T15:59:48.1573|ERROR|AscomDevice.cs|GetProperty|546|An unexpected exception occurred during GET of Focuser.StepSize: 
ASCOM.DriverException: The method or operation is not implemented.
 ---> System.NotImplementedException: The method or operation is not implemented.
   --- End of inner exception stack trace ---
   at ASCOM.Com.DriverAccess.DynamicAccess.CheckDotNetExceptions(String memberName, Exception e) in J:\ASCOMLibrary\ASCOM.Com\ASCOM.Com.DriverAccess\BaseClass\DynamicAccess.cs:line 278
   at ASCOM.Com.DriverAccess.DynamicAccess.TryGetMember(GetMemberBinder binder, Object& result) in J:\ASCOMLibrary\ASCOM.Com\ASCOM.Com.DriverAccess\BaseClass\DynamicAccess.cs:line 150
   at CallSite.Target(Closure, CallSite, Object)
   at ASCOM.Com.DriverAccess.Focuser.get_StepSize() in J:\ASCOMLibrary\ASCOM.Com\ASCOM.Com.DriverAccess\Focuser.cs:line 159
   at InvokeStub_Focuser.get_StepSize(Object, Object, IntPtr*)
   at System.Reflection.MethodBaseInvoker.InvokeWithNoArgs(Object obj, BindingFlags invokeAttr)
2025-09-27T15:59:48.3579|INFO|AscomDevice.cs|GetProperty|485|Retrying to GET Focuser.StepSize - Attempt 3 / 3
2025-09-27T15:59:48.3590|ERROR|AscomDevice.cs|GetProperty|546|An unexpected exception occurred during GET of Focuser.StepSize: 
ASCOM.DriverException: The method or operation is not implemented.
 ---> System.NotImplementedException: The method or operation is not implemented.
   --- End of inner exception stack trace ---
   at ASCOM.Com.DriverAccess.DynamicAccess.CheckDotNetExceptions(String memberName, Exception e) in J:\ASCOMLibrary\ASCOM.Com\ASCOM.Com.DriverAccess\BaseClass\DynamicAccess.cs:line 278
   at ASCOM.Com.DriverAccess.DynamicAccess.TryGetMember(GetMemberBinder binder, Object& result) in J:\ASCOMLibrary\ASCOM.Com\ASCOM.Com.DriverAccess\BaseClass\DynamicAccess.cs:line 150
   at CallSite.Target(Closure, CallSite, Object)
   at ASCOM.Com.DriverAccess.Focuser.get_StepSize() in J:\ASCOMLibrary\ASCOM.Com\ASCOM.Com.DriverAccess\Focuser.cs:line 159
   at InvokeStub_Focuser.get_StepSize(Object, Object, IntPtr*)
   at System.Reflection.MethodBaseInvoker.InvokeWithNoArgs(Object obj, BindingFlags invokeAttr)
2025-09-27T15:59:48.3593|INFO|AscomDevice.cs|GetProperty|556|GET Focuser.StepSize failed - Returning last known value 0
2025-09-27T15:59:48.5728|INFO|FocuserVM.cs|ChooseFocuser|333|Successfully connected Focuser. Id: ASCOM.EAF.Focuser Name: ZWO Focuser DisplayName: ZWO Focuser (ASCOM) Driver Version: 6.0
2025-09-27T15:59:48.5960|INFO|RotatorVM.cs|Disconnect|447|Disconnected Rotator
2025-09-27T15:59:48.6146|INFO|PHD2Guider.cs|Connect|205|Connecting to PHD2 server at 127.0.0.1:4400
2025-09-27T15:59:55.0860|INFO|FlatDeviceVM.cs|Disconnect|289|Disconnected Flat Device
2025-09-27T15:59:55.1203|INFO|WeatherDataVM.cs|Disconnect|305|Disconnected Weather Device
2025-09-27T15:59:56.9413|INFO|AscomDevice.cs|GetProperty|527|Property ObservingConditions.SkyQuality GET is not implemented in this driver (SkyAlert Observing Conditions)
2025-09-27T15:59:56.9488|INFO|AscomDevice.cs|GetProperty|527|Property ObservingConditions.StarFWHM GET is not implemented in this driver (SkyAlert Observing Conditions)
2025-09-27T15:59:56.9629|INFO|WeatherDataVM.cs|ChooseWeatherData|150|Successfully connected Weather Device. Id: ASCOM.SkyAlert.ObservingConditions Name: SkyAlert Observing Conditions DisplayName: SkyAlert Observing Conditions (ASCOM) Driver Version: 1.7
2025-09-27T15:59:56.9722|INFO|SwitchVM.cs|Disconnect|309|Disconnected Switch
2025-09-27T15:59:57.0035|INFO|DomeVM.cs|Disconnect|355|Disconnected Dome Device
2025-09-27T15:59:57.0112|INFO|SafetyMonitorVM.cs|Disconnect|221|Disconnected Safety Monitor
2025-09-27T15:59:57.5431|INFO|SafetyMonitorVM.cs|Connect|175|Successfully connected Safety Monitor. Id: ASCOM.GenericFile.SafetyMonitor Name: Generic File driver DisplayName: Generic File driver (ASCOM) Driver Version: 6.4
2025-09-27T15:59:59.5595|INFO|SafetyMonitorVM.cs|UpdateMonitorValues|95|SafetyMonitorInfo state changed to Unsafe
2025-09-27T16:00:11.3278|INFO|DomeVM.cs|Disconnect|355|Disconnected Dome Device
2025-09-27T16:00:11.3311|INFO|FlatDeviceVM.cs|Disconnect|289|Disconnected Flat Device
2025-09-27T16:00:11.4336|INFO|CameraVM.cs|Disconnect|680|Disconnected Camera
2025-09-27T16:00:11.4363|INFO|AscomDevice.cs|Disconnect|378|Disconnecting from ASCOM.iOptron2017.Telescope iOptron CEM120,70,40,26, GEM, HEM, HAE, HAZ series and SkyHunter Mount
2025-09-27T16:00:11.4597|INFO|TelescopeVM.cs|Disconnect|741|Disconnected mount
2025-09-27T16:00:11.4601|INFO|AscomDevice.cs|Disconnect|378|Disconnecting from ASCOM.EFW2.FilterWheel ZWO FilterWheel
2025-09-27T16:00:11.4718|INFO|FilterWheelVM.cs|Disconnect|332|Disconnected Filter Wheel
2025-09-27T16:00:11.4748|INFO|AscomDevice.cs|Disconnect|378|Disconnecting from ASCOM.EAF.Focuser ZWO Focuser
2025-09-27T16:00:11.5125|INFO|FocuserVM.cs|Disconnect|441|Disconnected Focuser
2025-09-27T16:00:11.5153|INFO|RotatorVM.cs|Disconnect|447|Disconnected Rotator
2025-09-27T16:00:11.5173|INFO|SwitchVM.cs|Disconnect|309|Disconnected Switch
2025-09-27T16:00:11.5195|INFO|AscomDevice.cs|Disconnect|378|Disconnecting from ASCOM.SkyAlert.ObservingConditions SkyAlert Observing Conditions
2025-09-27T16:00:11.5319|INFO|WeatherDataVM.cs|Disconnect|305|Disconnected Weather Device
2025-09-27T16:00:11.5337|INFO|AscomDevice.cs|Disconnect|378|Disconnecting from ASCOM.GenericFile.SafetyMonitor Generic File driver
2025-09-27T16:00:11.5412|INFO|SafetyMonitorVM.cs|Disconnect|221|Disconnected Safety Monitor
2025-09-27T16:00:14.7165|INFO|CameraVM.cs|Disconnect|680|Disconnected Camera
2025-09-27T16:00:15.2255|WARNING|ASICamera.cs|SetControlValue|568|Failed to set ASI Control Value ASI_WB_B with value 50
2025-09-27T16:00:15.2256|WARNING|ASICamera.cs|SetControlValue|568|Failed to set ASI Control Value ASI_WB_R with value 50
2025-09-27T16:00:15.2256|WARNING|ASICamera.cs|SetControlValue|568|Failed to set ASI Control Value ASI_GAMMA with value 50
2025-09-27T16:00:15.2257|WARNING|ASICamera.cs|SetControlValue|568|Failed to set ASI Control Value ASI_HIGH_SPEED_MODE with value 0
2025-09-27T16:00:15.2257|WARNING|ASICamera.cs|SetControlValue|568|Failed to set ASI Control Value ASI_OVERCLOCK with value 0
2025-09-27T16:00:15.2257|WARNING|ASICamera.cs|SetControlValue|568|Failed to set ASI Control Value ASI_PATTERN_ADJUST with value 0
2025-09-27T16:00:15.2257|WARNING|ASICamera.cs|SetControlValue|568|Failed to set ASI Control Value ASI_MONO_BIN with value 0
2025-09-27T16:00:15.2268|INFO|ASICamera.cs|Initialize|664|Camera ID: ASI533MM
2025-09-27T16:00:15.2314|WARNING|ASICamera.cs|SetControlValue|568|Failed to set ASI Control Value ASI_ANTI_DEW_HEATER with value 0
2025-09-27T16:00:15.2321|INFO|CameraVM.cs|ChooseCamera|485|Successfully connected Camera. Id: ZWOptical_ZWO ASI533MM Pro_ASI533MM Name: ZWO ASI533MM Pro DisplayName: ZWO ASI533MM Pro (ASI533MM)Driver Version: 1, 39, 0, 0
2025-09-27T16:00:15.2339|INFO|FilterWheelVM.cs|Disconnect|332|Disconnected Filter Wheel
2025-09-27T16:00:16.2922|INFO|FilterWheelVM.cs|ChooseFW|278|Successfully connected Filter Wheel. Id: ASCOM.EFW2.FilterWheel Name: ZWO FilterWheel DisplayName: ZWO FilterWheel (ASCOM) Driver Version: 6.0
2025-09-27T16:00:16.2932|INFO|TelescopeVM.cs|Disconnect|741|Disconnected mount
2025-09-27T16:00:16.3249|INFO|AscomTelescope.cs|CheckMountTime|845|Mount UTC Time: 2025-09-27 21:00:16Z / System UTC Time: 2025-09-27 21:00:16Z; Difference: 0.001 seconds
2025-09-27T16:00:16.3804|INFO|AscomTelescope.cs|CheckMountTime|852|System time has been synced to the mount
2025-09-27T16:00:16.4604|INFO|TelescopeVM.cs|ChooseTelescope|536|Successfully connected mount. Id: ASCOM.iOptron2017.Telescope Name: iOptron CEM120,70,40,26, GEM, HEM, HAE, HAZ series and SkyHunter Mount DisplayName: iOptron CEM120,70,40,26, GEM, HEM, HAE, HAZ series and SkyHunter Mount (ASCOM) Driver Version: 9.15
2025-09-27T16:00:16.4609|INFO|FocuserVM.cs|Disconnect|441|Disconnected Focuser
2025-09-27T16:00:16.6893|ERROR|AscomDevice.cs|GetProperty|546|An unexpected exception occurred during GET of Focuser.StepSize: 
ASCOM.DriverException: The method or operation is not implemented.
 ---> System.NotImplementedException: The method or operation is not implemented.
   --- End of inner exception stack trace ---
   at ASCOM.Com.DriverAccess.DynamicAccess.CheckDotNetExceptions(String memberName, Exception e) in J:\ASCOMLibrary\ASCOM.Com\ASCOM.Com.DriverAccess\BaseClass\DynamicAccess.cs:line 278
   at ASCOM.Com.DriverAccess.DynamicAccess.TryGetMember(GetMemberBinder binder, Object& result) in J:\ASCOMLibrary\ASCOM.Com\ASCOM.Com.DriverAccess\BaseClass\DynamicAccess.cs:line 150
   at CallSite.Target(Closure, CallSite, Object)
   at ASCOM.Com.DriverAccess.Focuser.get_StepSize() in J:\ASCOMLibrary\ASCOM.Com\ASCOM.Com.DriverAccess\Focuser.cs:line 159
   at InvokeStub_Focuser.get_StepSize(Object, Object, IntPtr*)
   at System.Reflection.MethodBaseInvoker.InvokeWithNoArgs(Object obj, BindingFlags invokeAttr)
2025-09-27T16:00:16.8902|INFO|AscomDevice.cs|GetProperty|485|Retrying to GET Focuser.StepSize - Attempt 2 / 3
2025-09-27T16:00:16.8913|ERROR|AscomDevice.cs|GetProperty|546|An unexpected exception occurred during GET of Focuser.StepSize: 
ASCOM.DriverException: The method or operation is not implemented.
 ---> System.NotImplementedException: The method or operation is not implemented.
   --- End of inner exception stack trace ---
   at ASCOM.Com.DriverAccess.DynamicAccess.CheckDotNetExceptions(String memberName, Exception e) in J:\ASCOMLibrary\ASCOM.Com\ASCOM.Com.DriverAccess\BaseClass\DynamicAccess.cs:line 278
   at ASCOM.Com.DriverAccess.DynamicAccess.TryGetMember(GetMemberBinder binder, Object& result) in J:\ASCOMLibrary\ASCOM.Com\ASCOM.Com.DriverAccess\BaseClass\DynamicAccess.cs:line 150
   at CallSite.Target(Closure, CallSite, Object)
   at ASCOM.Com.DriverAccess.Focuser.get_StepSize() in J:\ASCOMLibrary\ASCOM.Com\ASCOM.Com.DriverAccess\Focuser.cs:line 159
   at InvokeStub_Focuser.get_StepSize(Object, Object, IntPtr*)
   at System.Reflection.MethodBaseInvoker.InvokeWithNoArgs(Object obj, BindingFlags invokeAttr)
2025-09-27T16:00:17.0923|INFO|AscomDevice.cs|GetProperty|485|Retrying to GET Focuser.StepSize - Attempt 3 / 3
2025-09-27T16:00:17.0945|ERROR|AscomDevice.cs|GetProperty|546|An unexpected exception occurred during GET of Focuser.StepSize: 
ASCOM.DriverException: The method or operation is not implemented.
 ---> System.NotImplementedException: The method or operation is not implemented.
   --- End of inner exception stack trace ---
   at ASCOM.Com.DriverAccess.DynamicAccess.CheckDotNetExceptions(String memberName, Exception e) in J:\ASCOMLibrary\ASCOM.Com\ASCOM.Com.DriverAccess\BaseClass\DynamicAccess.cs:line 278
   at ASCOM.Com.DriverAccess.DynamicAccess.TryGetMember(GetMemberBinder binder, Object& result) in J:\ASCOMLibrary\ASCOM.Com\ASCOM.Com.DriverAccess\BaseClass\DynamicAccess.cs:line 150
   at CallSite.Target(Closure, CallSite, Object)
   at ASCOM.Com.DriverAccess.Focuser.get_StepSize() in J:\ASCOMLibrary\ASCOM.Com\ASCOM.Com.DriverAccess\Focuser.cs:line 159
   at InvokeStub_Focuser.get_StepSize(Object, Object, IntPtr*)
   at System.Reflection.MethodBaseInvoker.InvokeWithNoArgs(Object obj, BindingFlags invokeAttr)
2025-09-27T16:00:17.0952|INFO|AscomDevice.cs|GetProperty|556|GET Focuser.StepSize failed - Returning last known value 0
2025-09-27T16:00:17.3001|INFO|FocuserVM.cs|ChooseFocuser|333|Successfully connected Focuser. Id: ASCOM.EAF.Focuser Name: ZWO Focuser DisplayName: ZWO Focuser (ASCOM) Driver Version: 6.0
2025-09-27T16:00:17.3034|INFO|RotatorVM.cs|Disconnect|447|Disconnected Rotator
2025-09-27T16:00:17.3047|INFO|PHD2Guider.cs|Connect|205|Connecting to PHD2 server at 127.0.0.1:4400
2025-09-27T16:00:17.3594|INFO|FlatDeviceVM.cs|Disconnect|289|Disconnected Flat Device
2025-09-27T16:00:17.3803|INFO|WeatherDataVM.cs|Disconnect|305|Disconnected Weather Device
2025-09-27T16:00:17.6019|INFO|AscomDevice.cs|GetProperty|527|Property ObservingConditions.SkyQuality GET is not implemented in this driver (SkyAlert Observing Conditions)
2025-09-27T16:00:17.6039|INFO|AscomDevice.cs|GetProperty|527|Property ObservingConditions.StarFWHM GET is not implemented in this driver (SkyAlert Observing Conditions)
2025-09-27T16:00:17.6132|INFO|WeatherDataVM.cs|ChooseWeatherData|150|Successfully connected Weather Device. Id: ASCOM.SkyAlert.ObservingConditions Name: SkyAlert Observing Conditions DisplayName: SkyAlert Observing Conditions (ASCOM) Driver Version: 1.7
2025-09-27T16:00:17.6149|INFO|SwitchVM.cs|Disconnect|309|Disconnected Switch
2025-09-27T16:00:17.6295|INFO|DomeVM.cs|Disconnect|355|Disconnected Dome Device
2025-09-27T16:00:17.6312|INFO|SafetyMonitorVM.cs|Disconnect|221|Disconnected Safety Monitor
2025-09-27T16:00:17.6952|INFO|SafetyMonitorVM.cs|Connect|175|Successfully connected Safety Monitor. Id: ASCOM.GenericFile.SafetyMonitor Name: Generic File driver DisplayName: Generic File driver (ASCOM) Driver Version: 6.4
2025-09-27T16:00:19.7079|INFO|SafetyMonitorVM.cs|UpdateMonitorValues|95|SafetyMonitorInfo state changed to Unsafe
2025-09-27T16:00:30.7743|INFO|PluginInstaller.cs|Install|92|Downloading plugin from https://github.com/isbeorn/nina.plugin.connector/releases/download/2.1.0.2/NINA.Plugins.Connector.2.1.0.2.zip
2025-09-27T16:00:31.2228|INFO|PluginInstaller.cs|InstallArchive|250|Installing plugin Connector - extracting archive to C:\Users\nicka\AppData\Local\NINA\Plugins\3.0.0\Connector
2025-09-27T16:00:41.0485|INFO|PluginInstaller.cs|Install|92|Downloading plugin from https://github.com/CodeByLudwig/N.I.N.A-Discord-Notification/releases/download/2.0.0.5/DiscordNotification.2.0.0.5.zip
2025-09-27T16:00:41.5088|INFO|PluginInstaller.cs|InstallArchive|250|Installing plugin Discord Notification - extracting archive to C:\Users\nicka\AppData\Local\NINA\Plugins\3.0.0\Discord Notification
2025-09-27T16:00:41.5383|INFO|PluginInstaller.cs|Install|92|Downloading plugin from https://github.com/ghilios/joko.nina.plugins/releases/download/release%2Fv3.0.0.22/NINA.Joko.Plugins.HocusFocus.zip
2025-09-27T16:00:43.1501|INFO|PluginInstaller.cs|InstallArchive|250|Installing plugin Hocus Focus - extracting archive to C:\Users\nicka\AppData\Local\NINA\Plugins\3.0.0\Hocus Focus
2025-09-27T16:00:47.4839|WARNING|DeviceUpdateTimer.cs|Run|115|Mount value update cycle took longer than the device poll interval (Total: 2.91s > 2s; Poll: 00:00:02.9137533; Update: 00:00:00.0001847)
2025-09-27T16:00:50.3789|INFO|PluginsVM.cs|Restart|82|Restarting application for plugin update
2025-09-27T16:00:50.4416|INFO|ApplicationVM.cs|Closing|289|Application shutting down
2025-09-27T16:00:50.4653|INFO|DomeVM.cs|Disconnect|355|Disconnected Dome Device
2025-09-27T16:00:50.4657|INFO|FlatDeviceVM.cs|Disconnect|289|Disconnected Flat Device
2025-09-27T16:00:50.5754|INFO|CameraVM.cs|Disconnect|680|Disconnected Camera
2025-09-27T16:00:50.5788|INFO|AscomDevice.cs|Disconnect|378|Disconnecting from ASCOM.iOptron2017.Telescope iOptron CEM120,70,40,26, GEM, HEM, HAE, HAZ series and SkyHunter Mount
2025-09-27T16:00:50.6038|INFO|TelescopeVM.cs|Disconnect|741|Disconnected mount
2025-09-27T16:00:50.6039|INFO|AscomDevice.cs|Disconnect|378|Disconnecting from ASCOM.EFW2.FilterWheel ZWO FilterWheel
2025-09-27T16:00:50.6121|INFO|FilterWheelVM.cs|Disconnect|332|Disconnected Filter Wheel
2025-09-27T16:00:50.6235|INFO|AscomDevice.cs|Disconnect|378|Disconnecting from ASCOM.EAF.Focuser ZWO Focuser
2025-09-27T16:00:50.6487|INFO|FocuserVM.cs|Disconnect|441|Disconnected Focuser
2025-09-27T16:00:50.6492|INFO|RotatorVM.cs|Disconnect|447|Disconnected Rotator
2025-09-27T16:00:50.6498|INFO|SwitchVM.cs|Disconnect|309|Disconnected Switch
2025-09-27T16:00:50.6523|INFO|AscomDevice.cs|Disconnect|378|Disconnecting from ASCOM.SkyAlert.ObservingConditions SkyAlert Observing Conditions
2025-09-27T16:00:50.6578|INFO|WeatherDataVM.cs|Disconnect|305|Disconnected Weather Device
2025-09-27T16:00:50.6598|INFO|AscomDevice.cs|Disconnect|378|Disconnecting from ASCOM.GenericFile.SafetyMonitor Generic File driver
2025-09-27T16:00:50.6652|INFO|SafetyMonitorVM.cs|Disconnect|221|Disconnected Safety Monitor
