----------------------------------------------------------------------
--------------N.I.N.A. - Nighttime Imaging 'N' Astronomy--------------
--------------------------Version 3.1.2.9001--------------------------
-------------------------2025-09-16T10:06:33--------------------------
----------------------------------------------------------------------
---------------------Microsoft Windows 10.0.19045---------------------
-------------------------OS Architecture X64--------------------------
-----------------------Process Architecture X64-----------------------
------------------------------.NET 8.0.8------------------------------
----------------------------------------------------------------------
--------------------------Processor Count 4---------------------------
--------------------Total Physical Memory 7.84 GB---------------------
----------------------------------------------------------------------
DATE|LEVEL|SOURCE|MEMBER|LINE|MESSAGE
2025-09-16T10:06:33.4502|INFO|CameraChooserVM.cs|GetEquipment|69|Found 2 ASI Cameras
2025-09-16T10:06:34.1097|INFO|CameraChooserVM.cs|GetEquipment|84|Found 0 Altair Cameras
2025-09-16T10:06:35.0134|INFO|CameraChooserVM.cs|GetEquipment|96|Found 0 Atik Cameras
2025-09-16T10:06:35.1330|INFO|CameraChooserVM.cs|GetEquipment|110|Found 0 FLI Cameras
2025-09-16T10:06:36.4632|INFO|CameraChooserVM.cs|GetEquipment|130|Found 0 QHYCCD Cameras
2025-09-16T10:06:36.8677|INFO|CameraChooserVM.cs|GetEquipment|158|Found 0 ToupTek Cameras
2025-09-16T10:06:37.0162|INFO|CameraChooserVM.cs|GetEquipment|173|Found 0 Ogma Cameras
2025-09-16T10:06:37.2062|INFO|CameraChooserVM.cs|GetEquipment|188|Found 0 Omegon Cameras
2025-09-16T10:06:37.8884|INFO|CameraChooserVM.cs|GetEquipment|203|Found 0 RisingCam Cameras
2025-09-16T10:06:38.0309|INFO|CameraChooserVM.cs|GetEquipment|218|Found 0 MallinCam Cameras
2025-09-16T10:06:38.1318|INFO|CameraChooserVM.cs|GetEquipment|244|Found 0 SBIG Cameras
2025-09-16T10:06:41.9280|INFO|PluginLoader.cs|LoadPlugin|416|Successfully loaded plugin Autofocus Report Analysis version 2.0.0.9 by Stefan Berg @isbeorn
2025-09-16T10:06:42.3864|INFO|PluginLoader.cs|LoadPlugin|416|Successfully loaded plugin Connector version 2.0.3.0 by Stefan Berg
2025-09-16T10:06:42.6035|INFO|PluginLoader.cs|LoadPlugin|416|Successfully loaded plugin Device Actions and Commands version 2.2.0.0 by Dale Ghent
2025-09-16T10:06:42.7332|INFO|ApplicationVM.cs|CheckDiskInfo|100|Available Space on Drive C:\: 163.19 GB
2025-09-16T10:06:42.7397|INFO|ApplicationVM.cs|CheckDiskInfo|102|Drive E:\ is not ready
2025-09-16T10:06:42.7610|INFO|ApplicationVM.cs|CheckDiskInfo|100|Available Space on Drive G:\: 61.23 GB
2025-09-16T10:06:42.7714|INFO|ApplicationVM.cs|CheckDiskInfo|100|Available Space on Drive Z:\: 32.26 GB
2025-09-16T10:06:43.5375|INFO|ApplicationVM.cs|CheckASCOMPlatformVersion|81|ASCOM Platform 6.6.2.4195 installed
2025-09-16T10:06:44.1438|INFO|PluginLoader.cs|LoadPlugin|416|Successfully loaded plugin Discord Alert version 2.2.0.0 by Drew McDermott
2025-09-16T10:06:45.0015|INFO|PluginLoader.cs|LoadPlugin|416|Successfully loaded plugin Discord Notification version 1.0.0.1 by Daniel Ludwig
2025-09-16T10:06:45.2235|INFO|PluginLoader.cs|LoadPlugin|416|Successfully loaded plugin Filter Offset Calculator version 2.0.0.0 by S. Dimant & Stefan Berg
2025-09-16T10:06:45.6747|INFO|PluginLoader.cs|LoadPlugin|416|Successfully loaded plugin Flexure Correction version 0.8.0.0 by Francesco Meschia
2025-09-16T10:06:47.2341|INFO|PluginLoader.cs|LoadPlugin|416|Successfully loaded plugin Ground Station version 2.4.1.0 by Dale Ghent
2025-09-16T10:06:57.9563|INFO|PluginLoader.cs|LoadPlugin|416|Successfully loaded plugin Hocus Focus version 3.0.0.21 by George Hilios (jokogeo)
2025-09-16T10:06:58.8629|INFO|PluginLoader.cs|LoadPlugin|416|Successfully loaded plugin Horizon Creator version 1.1.2.0 by Christian Palm
2025-09-16T10:06:59.0689|INFO|PluginLoader.cs|LoadPlugin|416|Successfully loaded plugin Moon Angle version 2.2.0.0 by Dale Ghent
2025-09-16T10:06:59.4238|INFO|PluginLoader.cs|LoadPlugin|416|Successfully loaded plugin PixInsight Tools version 1.0.0.3 by Stefan Berg
2025-09-16T10:07:01.2008|WARNING|When.cs|GetRunningItem|143|Can't get running items: SequencerNavigation not initialized yet!
2025-09-16T10:07:01.4569|INFO|PluginLoader.cs|LoadPlugin|416|Successfully loaded plugin Sequencer Powerups version 3.28.4.2 by Marc Blank
2025-09-16T10:07:01.5848|INFO|PluginLoader.cs|LoadPlugin|416|Successfully loaded plugin Shutdown PC version 2.2.0.0 by Dale Ghent
2025-09-16T10:07:02.0081|INFO|PluginLoader.cs|LoadPlugin|416|Successfully loaded plugin Smart Filters version 1.0.0.3 by Benoit SAINTOT
2025-09-16T10:07:02.4819|INFO|PluginLoader.cs|LoadPlugin|416|Successfully loaded plugin Target Planning version 3.2.1.0 by Tom Palmer @tcpalmer
2025-09-16T10:07:04.1778|ERROR|DllLoader.cs|LoadDllFromAbsolutePath|53|DllLoader failed to load library C:\Program Files\N.I.N.A. - Nighttime Imaging 'N' Astronomy\External\x64\SQLite\SQLite.Interop.dll due to error code 126
2025-09-16T10:07:05.0073|INFO|PluginLoader.cs|LoadPlugin|416|Successfully loaded plugin Target Scheduler version 5.7.3.0 by Tom Palmer @tcpalmer
2025-09-16T10:07:05.3876|INFO|PluginLoader.cs|LoadPlugin|416|Successfully loaded plugin Three Point Polar Alignment version 2.2.4.1 by Stefan Berg @isbeorn
2025-09-16T10:07:05.4022|INFO|PluginFetcher.cs|RequestAll|43|Fetching plugin manifests from https://nighttime-imaging.eu/wp-json/nina/v1/plugins/manifests
2025-09-16T10:07:05.5712|INFO|CameraChooserVM.cs|GetEquipment|264|Found 0 SVBony Cameras
2025-09-16T10:07:05.6962|INFO|CameraChooserVM.cs|GetEquipment|264|Found 0 PlayerOne Cameras
2025-09-16T10:07:05.7932|INFO|CameraChooserVM.cs|GetEquipment|264|Found 0 ASTPAN Cameras
2025-09-16T10:07:05.7952|INFO|CameraChooserVM.cs|GetEquipment|278|Found 4 ASCOM Cameras
2025-09-16T10:07:06.2084|WARNING|When.cs|GetRunningItem|143|Can't get running items: SequencerNavigation not initialized yet!
2025-09-16T10:07:06.7320|INFO|PluginFetcher.cs|RequestAll|57|Found 58 valid plugins at https://nighttime-imaging.eu/wp-json/nina/v1/plugins/manifests
2025-09-16T10:07:07.4728|INFO|FlatDeviceChooserVM.cs|GetEquipment|67|Found 0 Alpaca Cover Calibrators
2025-09-16T10:07:07.4728|INFO|TelescopeChooserVM.cs|GetEquipment|69|Found 0 Alpaca Telescopes
2025-09-16T10:07:07.4728|INFO|SwitchChooserVM.cs|GetEquipment|71|Found 0 Alpaca Switch Hubs
2025-09-16T10:07:07.4764|INFO|RotatorChooserVM.cs|GetEquipment|68|Found 0 Alpaca Rotators
2025-09-16T10:07:07.5522|INFO|DomeChooserVM.cs|GetEquipment|67|Found 0 Alpaca Domes
2025-09-16T10:07:07.8000|INFO|CameraChooserVM.cs|GetEquipment|290|Found 0 Alpaca Cameras
2025-09-16T10:07:07.8054|INFO|CameraChooserVM.cs|GetEquipment|303|Found 0 Canon Cameras
2025-09-16T10:07:08.0881|INFO|WeatherDataChooserVM.cs|GetEquipment|69|Found 0 Alpaca Observing Conditions
2025-09-16T10:07:08.0908|INFO|SafetyMonitorChooserVM.cs|GetEquipment|71|Found 0 Alpaca Safety Monitors
2025-09-16T10:07:08.1251|INFO|FilterWheelChooserVM.cs|GetEquipment|193|Found 0 Alpaca Filter Wheels
2025-09-16T10:07:08.1308|INFO|FocuserChooserVM.cs|GetEquipment|67|Found 0 Alpaca Focusers
2025-09-16T10:22:11.0970|INFO|CameraVM.cs|Disconnect|645|Disconnected Camera
2025-09-16T10:22:11.6566|WARNING|ASICamera.cs|SetControlValue|583|Failed to set ASI Control Value ASI_WB_B with value 50
2025-09-16T10:22:11.6568|WARNING|ASICamera.cs|SetControlValue|583|Failed to set ASI Control Value ASI_WB_R with value 50
2025-09-16T10:22:11.6569|WARNING|ASICamera.cs|SetControlValue|583|Failed to set ASI Control Value ASI_GAMMA with value 50
2025-09-16T10:22:11.6569|WARNING|ASICamera.cs|SetControlValue|583|Failed to set ASI Control Value ASI_HIGH_SPEED_MODE with value 0
2025-09-16T10:22:11.6570|WARNING|ASICamera.cs|SetControlValue|583|Failed to set ASI Control Value ASI_OVERCLOCK with value 0
2025-09-16T10:22:11.6570|WARNING|ASICamera.cs|SetControlValue|583|Failed to set ASI Control Value ASI_PATTERN_ADJUST with value 0
2025-09-16T10:22:11.6573|WARNING|ASICamera.cs|SetControlValue|583|Failed to set ASI Control Value ASI_MONO_BIN with value 0
2025-09-16T10:22:11.6584|INFO|ASICamera.cs|Initialize|677|Camera ID: ASI533MM
2025-09-16T10:22:11.6667|WARNING|ASICamera.cs|SetControlValue|583|Failed to set ASI Control Value ASI_ANTI_DEW_HEATER with value 0
2025-09-16T10:22:11.7523|INFO|CameraVM.cs|ChooseCamera|448|Successfully connected Camera. Id: ZWO ASI533MM Pro #0 Name: ZWO ASI533MM Pro DisplayName: ZWO ASI533MM Pro (ASI533MM)Driver Version: 1, 36, 0, 0
2025-09-16T10:22:11.7588|INFO|FilterWheelVM.cs|Disconnect|324|Disconnected Filter Wheel
2025-09-16T10:22:15.0682|INFO|FilterWheelVM.cs|ChooseFW|272|Successfully connected Filter Wheel. Id: ASCOM.EFW2.FilterWheel Name: ZWO FilterWheel (1) DisplayName: ZWO FilterWheel (1) Driver Version: 6.0
2025-09-16T10:22:15.0932|INFO|TelescopeVM.cs|Disconnect|763|Disconnected mount
2025-09-16T10:22:18.0768|INFO|AscomTelescope.cs|CheckMountTime|817|Mount UTC Time: 2025-09-16 15:22:16Z / System UTC Time: 2025-09-16 15:22:18Z; Difference: 1.889 seconds
2025-09-16T10:22:18.1341|INFO|AscomTelescope.cs|CheckMountTime|824|System time has been synced to the mount
2025-09-16T10:22:18.3898|INFO|TelescopeVM.cs|ChooseTelescope|518|Successfully connected mount. Id: ASCOM.iOptron2017.Telescope Name: iOptron CEM120,70,40,26, GEM, HEM, HAE, HAZ series and SkyHunter Mount DisplayName: iOptron CEM120,70,40,26, GEM, HEM, HAE, HAZ series and SkyHunter Mount Driver Version: 9.15
2025-09-16T10:22:18.3945|INFO|FocuserVM.cs|Disconnect|426|Disconnected Focuser
2025-09-16T10:22:19.6069|ERROR|AscomDevice.cs|GetProperty|398|An unexpected exception occurred during GET of Focuser.StepSize: 
ASCOM.DriverException: The method or operation is not implemented.
 ---> System.NotImplementedException: The method or operation is not implemented.
   --- End of inner exception stack trace ---
   at ASCOM.Com.DriverAccess.DynamicAccess.CheckDotNetExceptions(String memberName, Exception e)
   at ASCOM.Com.DriverAccess.DynamicAccess.TryGetMember(GetMemberBinder binder, Object& result)
   at CallSite.Target(Closure, CallSite, Object)
   at System.Dynamic.UpdateDelegates.UpdateAndExecute1[T0,TRet](CallSite site, T0 arg0)
   at ASCOM.Com.DriverAccess.Focuser.get_StepSize()
   at System.RuntimeMethodHandle.InvokeMethod(Object target, Void** arguments, Signature sig, Boolean isConstructor)
   at System.Reflection.MethodBaseInvoker.InvokeWithNoArgs(Object obj, BindingFlags invokeAttr)
2025-09-16T10:22:19.8107|INFO|AscomDevice.cs|GetProperty|356|Retrying to GET Focuser.StepSize - Attempt 2 / 3
2025-09-16T10:22:19.8122|ERROR|AscomDevice.cs|GetProperty|398|An unexpected exception occurred during GET of Focuser.StepSize: 
ASCOM.DriverException: The method or operation is not implemented.
 ---> System.NotImplementedException: The method or operation is not implemented.
   --- End of inner exception stack trace ---
   at ASCOM.Com.DriverAccess.DynamicAccess.CheckDotNetExceptions(String memberName, Exception e)
   at ASCOM.Com.DriverAccess.DynamicAccess.TryGetMember(GetMemberBinder binder, Object& result)
   at CallSite.Target(Closure, CallSite, Object)
   at ASCOM.Com.DriverAccess.Focuser.get_StepSize()
   at InvokeStub_Focuser.get_StepSize(Object, Object, IntPtr*)
   at System.Reflection.MethodBaseInvoker.InvokeWithNoArgs(Object obj, BindingFlags invokeAttr)
2025-09-16T10:22:20.0126|INFO|AscomDevice.cs|GetProperty|356|Retrying to GET Focuser.StepSize - Attempt 3 / 3
2025-09-16T10:22:20.0137|ERROR|AscomDevice.cs|GetProperty|398|An unexpected exception occurred during GET of Focuser.StepSize: 
ASCOM.DriverException: The method or operation is not implemented.
 ---> System.NotImplementedException: The method or operation is not implemented.
   --- End of inner exception stack trace ---
   at ASCOM.Com.DriverAccess.DynamicAccess.CheckDotNetExceptions(String memberName, Exception e)
   at ASCOM.Com.DriverAccess.DynamicAccess.TryGetMember(GetMemberBinder binder, Object& result)
   at CallSite.Target(Closure, CallSite, Object)
   at ASCOM.Com.DriverAccess.Focuser.get_StepSize()
   at InvokeStub_Focuser.get_StepSize(Object, Object, IntPtr*)
   at System.Reflection.MethodBaseInvoker.InvokeWithNoArgs(Object obj, BindingFlags invokeAttr)
2025-09-16T10:22:20.0141|INFO|AscomDevice.cs|GetProperty|408|GET Focuser.StepSize failed - Returning last known value 0
2025-09-16T10:22:20.2373|INFO|FocuserVM.cs|ChooseFocuser|324|Successfully connected Focuser. Id: ASCOM.EAF.Focuser Name: ZWO Focuser (1) DisplayName: ZWO Focuser (1) Driver Version: 6.0
2025-09-16T10:22:20.2589|INFO|RotatorVM.cs|Disconnect|438|Disconnected Rotator
2025-09-16T10:22:20.3155|INFO|PHD2Guider.cs|Connect|202|Connecting to PHD2 server at 127.0.0.1:4400
2025-09-16T10:22:27.2844|INFO|FlatDeviceVM.cs|Disconnect|279|Disconnected Flat Device
2025-09-16T10:22:27.2922|INFO|WeatherDataVM.cs|Disconnect|292|Disconnected Weather Device
2025-09-16T10:22:29.2944|INFO|AscomDevice.cs|GetProperty|379|Property ObservingConditions.SkyQuality GET is not implemented in this driver (SkyAlert Observing Conditions)
2025-09-16T10:22:29.3029|INFO|AscomDevice.cs|GetProperty|379|Property ObservingConditions.StarFWHM GET is not implemented in this driver (SkyAlert Observing Conditions)
2025-09-16T10:22:29.3581|INFO|WeatherDataVM.cs|ChooseWeatherData|143|Successfully connected Weather Device. Id: ASCOM.SkyAlert.ObservingConditions Name: SkyAlert Observing Conditions DisplayName: SkyAlert Observing Conditions Driver Version: 1.7
2025-09-16T10:22:29.3687|INFO|SwitchVM.cs|Disconnect|298|Disconnected Switch
2025-09-16T10:22:29.3949|INFO|DomeVM.cs|Disconnect|336|Disconnected Dome Device
2025-09-16T10:22:29.4012|INFO|SafetyMonitorVM.cs|Disconnect|208|Disconnected Safety Monitor
2025-09-16T10:22:30.0159|INFO|SafetyMonitorVM.cs|Connect|168|Successfully connected Safety Monitor. Id: ASCOM.GenericFile.SafetyMonitor Name: Generic File SafetyMonitor DisplayName: Generic File SafetyMonitor Driver Version: 6.4
2025-09-16T10:22:32.0323|INFO|SafetyMonitorVM.cs|UpdateMonitorValues|94|SafetyMonitorInfo state changed to Unsafe
2025-09-16T10:27:20.7981|INFO|DomeVM.cs|Disconnect|336|Disconnected Dome Device
2025-09-16T10:27:20.8202|INFO|FlatDeviceVM.cs|Disconnect|279|Disconnected Flat Device
2025-09-16T10:27:20.9477|INFO|CameraVM.cs|Disconnect|645|Disconnected Camera
2025-09-16T10:27:20.9501|INFO|AscomDevice.cs|Disconnect|299|Disconnecting from ASCOM.iOptron2017.Telescope iOptron CEM120,70,40,26, GEM, HEM, HAE, HAZ series and SkyHunter Mount
2025-09-16T10:27:20.9901|INFO|TelescopeVM.cs|Disconnect|763|Disconnected mount
2025-09-16T10:27:20.9904|INFO|AscomDevice.cs|Disconnect|299|Disconnecting from ASCOM.EFW2.FilterWheel ZWO FilterWheel (1)
2025-09-16T10:27:21.0014|INFO|FilterWheelVM.cs|Disconnect|324|Disconnected Filter Wheel
2025-09-16T10:27:21.0036|INFO|AscomDevice.cs|Disconnect|299|Disconnecting from ASCOM.EAF.Focuser ZWO Focuser (1)
2025-09-16T10:27:21.0514|INFO|FocuserVM.cs|Disconnect|426|Disconnected Focuser
2025-09-16T10:27:21.0541|INFO|RotatorVM.cs|Disconnect|438|Disconnected Rotator
2025-09-16T10:27:21.0561|INFO|SwitchVM.cs|Disconnect|298|Disconnected Switch
2025-09-16T10:27:21.0577|INFO|AscomDevice.cs|Disconnect|299|Disconnecting from ASCOM.SkyAlert.ObservingConditions SkyAlert Observing Conditions
2025-09-16T10:27:21.0690|INFO|WeatherDataVM.cs|Disconnect|292|Disconnected Weather Device
2025-09-16T10:27:21.0705|INFO|AscomDevice.cs|Disconnect|299|Disconnecting from ASCOM.GenericFile.SafetyMonitor Generic File SafetyMonitor
2025-09-16T10:27:21.0774|INFO|SafetyMonitorVM.cs|Disconnect|208|Disconnected Safety Monitor
2025-09-16T10:27:30.1930|INFO|PluginInstaller.cs|Install|91|Downloading plugin from https://github.com/marcblank/nina.plugin.when/releases/download/3.28.4.4/WhenPlugin.3.28.4.4.zip
2025-09-16T10:27:30.6096|INFO|PluginInstaller.cs|InstallArchive|236|Installing plugin Sequencer Powerups - extracting archive to C:\Users\nicka\AppData\Local\NINA\Plugins\3.0.0\Sequencer Powerups
2025-09-16T10:27:37.3119|INFO|ApplicationVM.cs|Closing|288|Application shutting down
2025-09-16T10:27:37.3273|INFO|DomeVM.cs|Disconnect|336|Disconnected Dome Device
2025-09-16T10:27:37.3298|INFO|FlatDeviceVM.cs|Disconnect|279|Disconnected Flat Device
2025-09-16T10:27:37.3405|INFO|CameraVM.cs|Disconnect|645|Disconnected Camera
2025-09-16T10:27:37.3411|INFO|TelescopeVM.cs|Disconnect|763|Disconnected mount
2025-09-16T10:27:37.3426|INFO|FilterWheelVM.cs|Disconnect|324|Disconnected Filter Wheel
2025-09-16T10:27:37.3430|INFO|FocuserVM.cs|Disconnect|426|Disconnected Focuser
2025-09-16T10:27:37.3451|INFO|RotatorVM.cs|Disconnect|438|Disconnected Rotator
2025-09-16T10:27:37.3464|INFO|SwitchVM.cs|Disconnect|298|Disconnected Switch
2025-09-16T10:27:37.3499|INFO|WeatherDataVM.cs|Disconnect|292|Disconnected Weather Device
2025-09-16T10:27:37.3511|INFO|SafetyMonitorVM.cs|Disconnect|208|Disconnected Safety Monitor
