----------------------------------------------------------------------
--------------N.I.N.A. - Nighttime Imaging 'N' Astronomy--------------
--------------------------Version 3.1.2.9001--------------------------
-------------------------2025-08-28T09:06:21--------------------------
----------------------------------------------------------------------
---------------------Microsoft Windows 10.0.19045---------------------
-------------------------OS Architecture X64--------------------------
-----------------------Process Architecture X64-----------------------
------------------------------.NET 8.0.8------------------------------
----------------------------------------------------------------------
--------------------------Processor Count 4---------------------------
--------------------Total Physical Memory 7.84 GB---------------------
----------------------------------------------------------------------
DATE|LEVEL|SOURCE|MEMBER|LINE|MESSAGE
2025-08-28T09:06:21.4991|INFO|CameraChooserVM.cs|GetEquipment|69|Found 2 ASI Cameras
2025-08-28T09:06:23.0756|INFO|CameraChooserVM.cs|GetEquipment|84|Found 0 Altair Cameras
2025-08-28T09:06:24.8746|INFO|CameraChooserVM.cs|GetEquipment|96|Found 0 Atik Cameras
2025-08-28T09:06:25.0110|INFO|CameraChooserVM.cs|GetEquipment|110|Found 0 FLI Cameras
2025-08-28T09:06:26.3734|INFO|CameraChooserVM.cs|GetEquipment|130|Found 0 QHYCCD Cameras
2025-08-28T09:06:27.1956|INFO|CameraChooserVM.cs|GetEquipment|158|Found 0 ToupTek Cameras
2025-08-28T09:06:27.4311|INFO|CameraChooserVM.cs|GetEquipment|173|Found 0 Ogma Cameras
2025-08-28T09:06:27.6974|INFO|CameraChooserVM.cs|GetEquipment|188|Found 0 Omegon Cameras
2025-08-28T09:06:28.3883|INFO|CameraChooserVM.cs|GetEquipment|203|Found 0 RisingCam Cameras
2025-08-28T09:06:28.5741|INFO|CameraChooserVM.cs|GetEquipment|218|Found 0 MallinCam Cameras
2025-08-28T09:06:28.9037|INFO|CameraChooserVM.cs|GetEquipment|244|Found 0 SBIG Cameras
2025-08-28T09:06:37.2373|INFO|ApplicationVM.cs|CheckASCOMPlatformVersion|81|ASCOM Platform 6.6.2.4195 installed
2025-08-28T09:06:39.3232|INFO|ApplicationVM.cs|CheckDiskInfo|100|Available Space on Drive C:\: 150.36 GB
2025-08-28T09:06:39.3298|INFO|ApplicationVM.cs|CheckDiskInfo|102|Drive E:\ is not ready
2025-08-28T09:06:39.3312|INFO|ApplicationVM.cs|CheckDiskInfo|100|Available Space on Drive G:\: 60.87 GB
2025-08-28T09:06:39.3366|INFO|ApplicationVM.cs|CheckDiskInfo|100|Available Space on Drive Z:\: 34.46 GB
2025-08-28T09:06:40.5914|INFO|PluginLoader.cs|LoadPlugin|416|Successfully loaded plugin Autofocus Report Analysis version 2.0.0.9 by Stefan Berg @isbeorn
2025-08-28T09:06:41.0466|INFO|PluginLoader.cs|LoadPlugin|416|Successfully loaded plugin Connector version 2.0.3.0 by Stefan Berg
2025-08-28T09:06:41.4389|INFO|PluginLoader.cs|LoadPlugin|416|Successfully loaded plugin Device Actions and Commands version 2.0.0.0 by Dale Ghent
2025-08-28T09:06:42.3024|INFO|PluginLoader.cs|LoadPlugin|416|Successfully loaded plugin Discord Alert version 2.2.0.0 by Drew McDermott
2025-08-28T09:06:43.1710|INFO|PluginLoader.cs|LoadPlugin|416|Successfully loaded plugin Discord Notification version 1.0.0.1 by Daniel Ludwig
2025-08-28T09:06:43.3406|INFO|PluginLoader.cs|LoadPlugin|416|Successfully loaded plugin Filter Offset Calculator version 2.0.0.0 by S. Dimant & Stefan Berg
2025-08-28T09:06:43.5530|INFO|PluginLoader.cs|LoadPlugin|416|Successfully loaded plugin Flexure Correction version 0.8.0.0 by Francesco Meschia
2025-08-28T09:06:45.1355|INFO|PluginLoader.cs|LoadPlugin|416|Successfully loaded plugin Ground Station version 2.4.1.0 by Dale Ghent
2025-08-28T09:06:56.6535|INFO|PluginLoader.cs|LoadPlugin|416|Successfully loaded plugin Hocus Focus version 3.0.0.21 by George Hilios (jokogeo)
2025-08-28T09:06:57.5339|INFO|PluginLoader.cs|LoadPlugin|416|Successfully loaded plugin Horizon Creator version 1.1.2.0 by Christian Palm
2025-08-28T09:06:57.7308|INFO|PluginLoader.cs|LoadPlugin|416|Successfully loaded plugin Moon Angle version 2.2.0.0 by Dale Ghent
2025-08-28T09:06:58.0605|INFO|PluginLoader.cs|LoadPlugin|416|Successfully loaded plugin PixInsight Tools version 1.0.0.3 by Stefan Berg
2025-08-28T09:06:59.7865|WARNING|When.cs|GetRunningItem|143|Can't get running items: SequencerNavigation not initialized yet!
2025-08-28T09:07:00.0624|INFO|PluginLoader.cs|LoadPlugin|416|Successfully loaded plugin Sequencer Powerups version 3.28.4.0 by Marc Blank
2025-08-28T09:07:00.1846|INFO|PluginLoader.cs|LoadPlugin|416|Successfully loaded plugin Shutdown PC version 2.2.0.0 by Dale Ghent
2025-08-28T09:07:00.5936|INFO|PluginLoader.cs|LoadPlugin|416|Successfully loaded plugin Smart Filters version 1.0.0.3 by Benoit SAINTOT
2025-08-28T09:07:01.0790|INFO|PluginLoader.cs|LoadPlugin|416|Successfully loaded plugin Target Planning version 3.2.1.0 by Tom Palmer @tcpalmer
2025-08-28T09:07:02.7967|ERROR|DllLoader.cs|LoadDllFromAbsolutePath|53|DllLoader failed to load library C:\Program Files\N.I.N.A. - Nighttime Imaging 'N' Astronomy\External\x64\SQLite\SQLite.Interop.dll due to error code 126
2025-08-28T09:07:03.6523|INFO|PluginLoader.cs|LoadPlugin|416|Successfully loaded plugin Target Scheduler version 5.7.3.0 by Tom Palmer @tcpalmer
2025-08-28T09:07:04.0459|INFO|PluginLoader.cs|LoadPlugin|416|Successfully loaded plugin Three Point Polar Alignment version 2.2.4.0 by Stefan Berg @isbeorn
2025-08-28T09:07:04.0588|INFO|PluginFetcher.cs|RequestAll|43|Fetching plugin manifests from https://nighttime-imaging.eu/wp-json/nina/v1/plugins/manifests
2025-08-28T09:07:04.2375|INFO|CameraChooserVM.cs|GetEquipment|264|Found 0 SVBony Cameras
2025-08-28T09:07:04.3666|INFO|CameraChooserVM.cs|GetEquipment|264|Found 0 PlayerOne Cameras
2025-08-28T09:07:04.4597|INFO|CameraChooserVM.cs|GetEquipment|264|Found 0 ASTPAN Cameras
2025-08-28T09:07:04.4619|INFO|CameraChooserVM.cs|GetEquipment|278|Found 4 ASCOM Cameras
2025-08-28T09:07:05.0789|WARNING|When.cs|GetRunningItem|143|Can't get running items: SequencerNavigation not initialized yet!
2025-08-28T09:07:05.3675|INFO|PluginFetcher.cs|RequestAll|57|Found 56 valid plugins at https://nighttime-imaging.eu/wp-json/nina/v1/plugins/manifests
2025-08-28T09:07:06.1166|INFO|TelescopeChooserVM.cs|GetEquipment|69|Found 0 Alpaca Telescopes
2025-08-28T09:07:06.1166|INFO|FocuserChooserVM.cs|GetEquipment|67|Found 0 Alpaca Focusers
2025-08-28T09:07:06.1166|INFO|FilterWheelChooserVM.cs|GetEquipment|193|Found 0 Alpaca Filter Wheels
2025-08-28T09:07:06.1177|INFO|WeatherDataChooserVM.cs|GetEquipment|69|Found 0 Alpaca Observing Conditions
2025-08-28T09:07:06.1262|INFO|SafetyMonitorChooserVM.cs|GetEquipment|71|Found 0 Alpaca Safety Monitors
2025-08-28T09:07:06.1329|INFO|RotatorChooserVM.cs|GetEquipment|68|Found 0 Alpaca Rotators
2025-08-28T09:07:06.1380|INFO|FlatDeviceChooserVM.cs|GetEquipment|67|Found 0 Alpaca Cover Calibrators
2025-08-28T09:07:06.1510|INFO|DomeChooserVM.cs|GetEquipment|67|Found 0 Alpaca Domes
2025-08-28T09:07:06.4686|INFO|CameraChooserVM.cs|GetEquipment|290|Found 0 Alpaca Cameras
2025-08-28T09:07:06.4734|INFO|CameraChooserVM.cs|GetEquipment|303|Found 0 Canon Cameras
2025-08-28T09:07:07.0950|INFO|SwitchChooserVM.cs|GetEquipment|71|Found 0 Alpaca Switch Hubs
2025-08-28T09:09:19.4947|INFO|Sequence2VM.cs|StartSequence|485|Advanced Sequence starting
2025-08-28T09:09:21.2806|INFO|SequenceItem.cs|Run|208|Starting Category: * Instruction Set *, Container: NINA.Sequencer.Container.SequenceRootContainer, Strategy: SequentialStrategy, Items[CREATED]: 3
2025-08-28T09:09:21.2909|INFO|SequenceItem.cs|Run|208|Starting Category: * Instruction Set *, Container: NINA.Sequencer.Container.StartAreaContainer, Strategy: SequentialStrategy, Items[CREATED]: 1
2025-08-28T09:09:21.2915|INFO|SequenceItem.cs|Run|208|Starting Category: Powerups (Misc), Item: TemplateByReference, TemplateName: Startup
2025-08-28T09:09:21.2930|INFO|SequenceItem.cs|Run|208|Starting Template Container Category: Powerups (Misc), Item: TemplateByReference, TemplateName: Startup
2025-08-28T09:09:21.2938|INFO|SequenceItem.cs|Run|208|Starting Category: * Instruction Set *, Container: NINA.Sequencer.Container.SequentialContainer, Strategy: SequentialStrategy, Items[CREATED]: 2, Triggers: Category: Ground Station, Item: Failures to Telegram
2025-08-28T09:09:21.2946|INFO|SequenceItem.cs|Run|208|Starting Category: * Instruction Set *, Container: NINA.Sequencer.Container.SequentialContainer, Strategy: SequentialStrategy, Items[CREATED]: 4
2025-08-28T09:09:21.2950|INFO|SequenceItem.cs|Run|208|Starting Category: Ground Station, Item: Send to Telegram
2025-08-28T09:09:22.1930|INFO|SequenceItem.cs|Run|254|Finishing Category: Ground Station, Item: Send to Telegram
2025-08-28T09:09:22.1968|INFO|SequenceItem.cs|Run|208|Starting Category: Utility, Item: WaitForTime, Time: 20:2:34h, Offset: -60
2025-08-28T09:09:37.2171|INFO|CameraVM.cs|Disconnect|645|Disconnected Camera
2025-08-28T09:09:37.7836|WARNING|ASICamera.cs|SetControlValue|583|Failed to set ASI Control Value ASI_WB_B with value 50
2025-08-28T09:09:37.7838|WARNING|ASICamera.cs|SetControlValue|583|Failed to set ASI Control Value ASI_WB_R with value 50
2025-08-28T09:09:37.7839|WARNING|ASICamera.cs|SetControlValue|583|Failed to set ASI Control Value ASI_GAMMA with value 50
2025-08-28T09:09:37.7839|WARNING|ASICamera.cs|SetControlValue|583|Failed to set ASI Control Value ASI_HIGH_SPEED_MODE with value 0
2025-08-28T09:09:37.7840|WARNING|ASICamera.cs|SetControlValue|583|Failed to set ASI Control Value ASI_OVERCLOCK with value 0
2025-08-28T09:09:37.7841|WARNING|ASICamera.cs|SetControlValue|583|Failed to set ASI Control Value ASI_PATTERN_ADJUST with value 0
2025-08-28T09:09:37.7849|WARNING|ASICamera.cs|SetControlValue|583|Failed to set ASI Control Value ASI_MONO_BIN with value 0
2025-08-28T09:09:37.7861|INFO|ASICamera.cs|Initialize|677|Camera ID: ASI533MM
2025-08-28T09:09:37.7986|WARNING|ASICamera.cs|SetControlValue|583|Failed to set ASI Control Value ASI_ANTI_DEW_HEATER with value 0
2025-08-28T09:09:37.8926|INFO|CameraVM.cs|ChooseCamera|448|Successfully connected Camera. Id: ZWO ASI533MM Pro #0 Name: ZWO ASI533MM Pro DisplayName: ZWO ASI533MM Pro (ASI533MM)Driver Version: 1, 36, 0, 0
2025-08-28T09:09:37.8988|INFO|FilterWheelVM.cs|Disconnect|324|Disconnected Filter Wheel
2025-08-28T09:09:41.6523|INFO|FilterWheelVM.cs|ChooseFW|272|Successfully connected Filter Wheel. Id: ASCOM.EFW2.FilterWheel Name: ZWO FilterWheel (1) DisplayName: ZWO FilterWheel (1) Driver Version: 6.0
2025-08-28T09:09:41.6760|INFO|TelescopeVM.cs|Disconnect|763|Disconnected mount
2025-08-28T09:09:42.5267|INFO|AscomTelescope.cs|CheckMountTime|817|Mount UTC Time: 2025-08-28 14:09:41Z / System UTC Time: 2025-08-28 14:09:42Z; Difference: 1.175 seconds
2025-08-28T09:09:44.2518|ERROR|AscomTelescope.cs|CheckMountTime|841|Unexpected exception when trying to set UTCDate:
ASCOM.InvalidOperationException: UTCDate failed.
   at ASCOM.Com.DriverAccess.DynamicAccess.CheckDotNetExceptions(String memberName, Exception e)
   at ASCOM.Com.DriverAccess.DynamicAccess.TrySetMember(SetMemberBinder binder, Object value)
   at CallSite.Target(Closure, CallSite, Object, DateTime)
   at System.Dynamic.UpdateDelegates.UpdateAndExecute2[T0,T1,TRet](CallSite site, T0 arg0, T1 arg1)
   at ASCOM.Com.DriverAccess.Telescope.set_UTCDate(DateTime value)
   at NINA.Equipment.Equipment.MyTelescope.AscomTelescope.CheckMountTime() in C:\Projects\nina\NINA.Equipment\Equipment\MyTelescope\AscomTelescope.cs:line 823
2025-08-28T09:09:44.4951|INFO|TelescopeVM.cs|ChooseTelescope|518|Successfully connected mount. Id: ASCOM.iOptron2017.Telescope Name: iOptron CEM120,70,40,26, GEM, HEM, HAE, HAZ series and SkyHunter Mount DisplayName: iOptron CEM120,70,40,26, GEM, HEM, HAE, HAZ series and SkyHunter Mount Driver Version: 9.15
2025-08-28T09:09:44.4999|INFO|FocuserVM.cs|Disconnect|426|Disconnected Focuser
2025-08-28T09:09:45.7227|ERROR|AscomDevice.cs|GetProperty|398|An unexpected exception occurred during GET of Focuser.StepSize: 
ASCOM.DriverException: The method or operation is not implemented.
 ---> System.NotImplementedException: The method or operation is not implemented.
   --- End of inner exception stack trace ---
   at ASCOM.Com.DriverAccess.DynamicAccess.CheckDotNetExceptions(String memberName, Exception e)
   at ASCOM.Com.DriverAccess.DynamicAccess.TryGetMember(GetMemberBinder binder, Object& result)
   at CallSite.Target(Closure, CallSite, Object)
   at System.Dynamic.UpdateDelegates.UpdateAndExecute1[T0,TRet](CallSite site, T0 arg0)
   at ASCOM.Com.DriverAccess.Focuser.get_StepSize()
   at System.RuntimeMethodHandle.InvokeMethod(Object target, Void** arguments, Signature sig, Boolean isConstructor)
   at System.Reflection.MethodBaseInvoker.InvokeWithNoArgs(Object obj, BindingFlags invokeAttr)
2025-08-28T09:09:45.9373|INFO|AscomDevice.cs|GetProperty|356|Retrying to GET Focuser.StepSize - Attempt 2 / 3
2025-08-28T09:09:45.9393|ERROR|AscomDevice.cs|GetProperty|398|An unexpected exception occurred during GET of Focuser.StepSize: 
ASCOM.DriverException: The method or operation is not implemented.
 ---> System.NotImplementedException: The method or operation is not implemented.
   --- End of inner exception stack trace ---
   at ASCOM.Com.DriverAccess.DynamicAccess.CheckDotNetExceptions(String memberName, Exception e)
   at ASCOM.Com.DriverAccess.DynamicAccess.TryGetMember(GetMemberBinder binder, Object& result)
   at CallSite.Target(Closure, CallSite, Object)
   at ASCOM.Com.DriverAccess.Focuser.get_StepSize()
   at InvokeStub_Focuser.get_StepSize(Object, Object, IntPtr*)
   at System.Reflection.MethodBaseInvoker.InvokeWithNoArgs(Object obj, BindingFlags invokeAttr)
2025-08-28T09:09:46.1400|INFO|AscomDevice.cs|GetProperty|356|Retrying to GET Focuser.StepSize - Attempt 3 / 3
2025-08-28T09:09:46.1410|ERROR|AscomDevice.cs|GetProperty|398|An unexpected exception occurred during GET of Focuser.StepSize: 
ASCOM.DriverException: The method or operation is not implemented.
 ---> System.NotImplementedException: The method or operation is not implemented.
   --- End of inner exception stack trace ---
   at ASCOM.Com.DriverAccess.DynamicAccess.CheckDotNetExceptions(String memberName, Exception e)
   at ASCOM.Com.DriverAccess.DynamicAccess.TryGetMember(GetMemberBinder binder, Object& result)
   at CallSite.Target(Closure, CallSite, Object)
   at ASCOM.Com.DriverAccess.Focuser.get_StepSize()
   at InvokeStub_Focuser.get_StepSize(Object, Object, IntPtr*)
   at System.Reflection.MethodBaseInvoker.InvokeWithNoArgs(Object obj, BindingFlags invokeAttr)
2025-08-28T09:09:46.1413|INFO|AscomDevice.cs|GetProperty|408|GET Focuser.StepSize failed - Returning last known value 0
2025-08-28T09:09:46.3580|INFO|FocuserVM.cs|ChooseFocuser|324|Successfully connected Focuser. Id: ASCOM.EAF.Focuser Name: ZWO Focuser (1) DisplayName: ZWO Focuser (1) Driver Version: 6.0
2025-08-28T09:09:46.3647|INFO|RotatorVM.cs|Disconnect|438|Disconnected Rotator
2025-08-28T09:09:46.3770|INFO|PHD2Guider.cs|Connect|202|Connecting to PHD2 server at 127.0.0.1:4400
2025-08-28T09:09:53.8610|INFO|FlatDeviceVM.cs|Disconnect|279|Disconnected Flat Device
2025-08-28T09:09:53.8772|INFO|WeatherDataVM.cs|Disconnect|292|Disconnected Weather Device
2025-08-28T09:09:55.5322|INFO|AscomDevice.cs|GetProperty|379|Property ObservingConditions.SkyQuality GET is not implemented in this driver (SkyAlert Observing Conditions)
2025-08-28T09:09:55.5393|INFO|AscomDevice.cs|GetProperty|379|Property ObservingConditions.StarFWHM GET is not implemented in this driver (SkyAlert Observing Conditions)
2025-08-28T09:09:55.5529|INFO|WeatherDataVM.cs|ChooseWeatherData|143|Successfully connected Weather Device. Id: ASCOM.SkyAlert.ObservingConditions Name: SkyAlert Observing Conditions DisplayName: SkyAlert Observing Conditions Driver Version: 1.7
2025-08-28T09:09:55.5600|INFO|SwitchVM.cs|Disconnect|298|Disconnected Switch
2025-08-28T09:09:55.5777|INFO|DomeVM.cs|Disconnect|336|Disconnected Dome Device
2025-08-28T09:09:55.5831|INFO|SafetyMonitorVM.cs|Disconnect|208|Disconnected Safety Monitor
2025-08-28T09:09:56.9493|INFO|SafetyMonitorVM.cs|Connect|168|Successfully connected Safety Monitor. Id: ASCOM.Hub.SafetyMonitor Name: SafetyMonitor Hub DisplayName: SafetyMonitor Hub Driver Version: 6.4
2025-08-28T09:09:58.9541|INFO|SafetyMonitorVM.cs|UpdateMonitorValues|94|SafetyMonitorInfo state changed to Unsafe
2025-08-28T09:10:27.1023|INFO|DomeVM.cs|Disconnect|336|Disconnected Dome Device
2025-08-28T09:10:27.1057|INFO|FlatDeviceVM.cs|Disconnect|279|Disconnected Flat Device
2025-08-28T09:10:27.2250|INFO|CameraVM.cs|Disconnect|645|Disconnected Camera
2025-08-28T09:10:27.2275|INFO|AscomDevice.cs|Disconnect|299|Disconnecting from ASCOM.iOptron2017.Telescope iOptron CEM120,70,40,26, GEM, HEM, HAE, HAZ series and SkyHunter Mount
2025-08-28T09:10:27.2687|INFO|TelescopeVM.cs|Disconnect|763|Disconnected mount
2025-08-28T09:10:27.2692|INFO|AscomDevice.cs|Disconnect|299|Disconnecting from ASCOM.EFW2.FilterWheel ZWO FilterWheel (1)
2025-08-28T09:10:27.2802|INFO|FilterWheelVM.cs|Disconnect|324|Disconnected Filter Wheel
2025-08-28T09:10:27.2824|INFO|AscomDevice.cs|Disconnect|299|Disconnecting from ASCOM.EAF.Focuser ZWO Focuser (1)
2025-08-28T09:10:27.3244|INFO|FocuserVM.cs|Disconnect|426|Disconnected Focuser
2025-08-28T09:10:27.3269|INFO|RotatorVM.cs|Disconnect|438|Disconnected Rotator
2025-08-28T09:10:27.3289|INFO|SwitchVM.cs|Disconnect|298|Disconnected Switch
2025-08-28T09:10:27.3303|INFO|AscomDevice.cs|Disconnect|299|Disconnecting from ASCOM.SkyAlert.ObservingConditions SkyAlert Observing Conditions
2025-08-28T09:10:27.3413|INFO|WeatherDataVM.cs|Disconnect|292|Disconnected Weather Device
2025-08-28T09:10:27.3429|INFO|AscomDevice.cs|Disconnect|299|Disconnecting from ASCOM.Hub.SafetyMonitor SafetyMonitor Hub
2025-08-28T09:10:27.3548|INFO|SafetyMonitorVM.cs|Disconnect|208|Disconnected Safety Monitor
2025-08-28T11:27:12.7504|INFO|ApplicationDeviceConnectionVM.cs|UsbDeviceWatcher_DeviceRemoved|178|USB Device disconnected DeviceId: USB\VID_03C3&PID_1F10\8&2FB6A883&0&1, PnpDeviceId: USB\VID_03C3&PID_1F10\8&2FB6A883&0&1, Description: USB Input Device, Name: USB Input Device, Manufacturer: (Standard system devices), Service: HidUsb, Status: OK
2025-08-28T11:27:34.1288|INFO|ApplicationDeviceConnectionVM.cs|UsbDeviceWatcher_DeviceRemoved|178|USB Device disconnected DeviceId: USB\VID_04B4&PID_6572\7&54C764A&1&2, PnpDeviceId: USB\VID_04B4&PID_6572\7&54C764A&1&2, Description: Generic USB Hub, Name: Generic USB Hub, Manufacturer: (Standard USB HUBs), Service: USBHUB3, Status: OK
2025-08-28T11:27:34.1289|INFO|ApplicationDeviceConnectionVM.cs|UsbDeviceWatcher_DeviceRemoved|178|USB Device disconnected DeviceId: USB\VID_03C3&PID_1F01\8&2B28E3B2&0&3, PnpDeviceId: USB\VID_03C3&PID_1F01\8&2B28E3B2&0&3, Description: USB Input Device, Name: USB Input Device, Manufacturer: (Standard system devices), Service: HidUsb, Status: OK
2025-08-28T11:27:34.1290|INFO|ApplicationDeviceConnectionVM.cs|UsbDeviceWatcher_DeviceRemoved|178|USB Device disconnected DeviceId: USB\VID_03C3&PID_533E\8&2B28E3B2&0&1, PnpDeviceId: USB\VID_03C3&PID_533E\8&2B28E3B2&0&1, Description: ZWO ASI533MM Pro Camera, Name: ZWO ASI533MM Pro Camera, Manufacturer: ZWO, Service: ASICAMUSB3, Status: OK
2025-08-28T11:27:54.5372|INFO|ApplicationDeviceConnectionVM.cs|UsbDeviceWatcher_DeviceRemoved|178|USB Device disconnected DeviceId: USB\VID_03C3&PID_120C\7&54C764A&1&1, PnpDeviceId: USB\VID_03C3&PID_120C\7&54C764A&1&1, Description: ZWO ASI120MM Mini Camera, Name: ZWO ASI120MM Mini Camera, Manufacturer: ZWO, Service: ASICAMUSB3, Status: OK
2025-08-28T11:29:37.4403|INFO|ApplicationDeviceConnectionVM.cs|UsbDeviceWatcher_DeviceRemoved|178|USB Device disconnected DeviceId: USB\VID_1A40&PID_0101\7&54C764A&1&4, PnpDeviceId: USB\VID_1A40&PID_0101\7&54C764A&1&4, Description: Generic USB Hub, Name: Generic USB Hub, Manufacturer: (Standard USB HUBs), Service: USBHUB3, Status: OK
2025-08-28T11:29:37.4405|INFO|ApplicationDeviceConnectionVM.cs|UsbDeviceWatcher_DeviceRemoved|178|USB Device disconnected DeviceId: USB\VID_05E3&PID_0610\6&26B592B5&0&3, PnpDeviceId: USB\VID_05E3&PID_0610\6&26B592B5&0&3, Description: Generic USB Hub, Name: Generic USB Hub, Manufacturer: (Standard USB HUBs), Service: USBHUB3, Status: OK
2025-08-28T11:35:46.6072|INFO|ApplicationDeviceConnectionVM.cs|UsbDeviceWatcher_DeviceRemoved|178|USB Device disconnected DeviceId: USB\VID_0403&PID_6015\D30AAMKK, PnpDeviceId: USB\VID_0403&PID_6015\D30AAMKK, Description: USB Serial Converter, Name: USB Serial Converter, Manufacturer: FTDI, Service: FTDIBUS, Status: OK
2025-08-28T11:35:46.9802|INFO|ApplicationDeviceConnectionVM.cs|UsbDeviceWatcher_DeviceInserted|173|New USB device detected DeviceId: USB\VID_0403&PID_6015\D30AAMKK, PnpDeviceId: USB\VID_0403&PID_6015\D30AAMKK, Description: USB Serial Converter, Name: USB Serial Converter, Manufacturer: FTDI, Service: FTDIBUS, Status: OK
2025-08-28T11:36:05.5468|INFO|ApplicationDeviceConnectionVM.cs|UsbDeviceWatcher_DeviceInserted|173|New USB device detected DeviceId: USB\VID_2109&PID_2817\6&26B592B5&0&3, PnpDeviceId: USB\VID_2109&PID_2817\6&26B592B5&0&3, Description: Generic USB Hub, Name: Generic USB Hub, Manufacturer: (Standard USB HUBs), Service: USBHUB3, Status: OK
2025-08-28T11:36:06.0012|INFO|ApplicationDeviceConnectionVM.cs|UsbDeviceWatcher_DeviceInserted|173|New USB device detected DeviceId: USB\VID_03C3&PID_1F10\7&2414095C&0&1, PnpDeviceId: USB\VID_03C3&PID_1F10\7&2414095C&0&1, Description: USB Input Device, Name: USB Input Device, Manufacturer: (Standard system devices), Service: HidUsb, Status: OK
2025-08-28T11:36:06.5863|INFO|ApplicationDeviceConnectionVM.cs|UsbDeviceWatcher_DeviceInserted|173|New USB device detected DeviceId: USB\VID_2109&PID_8817\0000000000000001, PnpDeviceId: USB\VID_2109&PID_8817\0000000000000001, Description: Billboard Device, Name: USB Billboard Device   , Manufacturer: WinUsb Device, Service: WINUSB, Status: OK
2025-08-28T11:36:48.9483|INFO|ApplicationDeviceConnectionVM.cs|UsbDeviceWatcher_DeviceRemoved|178|USB Device disconnected DeviceId: USB\VID_03C3&PID_1F10\7&2414095C&0&1, PnpDeviceId: USB\VID_03C3&PID_1F10\7&2414095C&0&1, Description: USB Input Device, Name: USB Input Device, Manufacturer: (Standard system devices), Service: HidUsb, Status: OK
2025-08-28T11:36:48.9484|INFO|ApplicationDeviceConnectionVM.cs|UsbDeviceWatcher_DeviceRemoved|178|USB Device disconnected DeviceId: USB\VID_2109&PID_2817\6&26B592B5&0&3, PnpDeviceId: USB\VID_2109&PID_2817\6&26B592B5&0&3, Description: Generic USB Hub, Name: Generic USB Hub, Manufacturer: (Standard USB HUBs), Service: USBHUB3, Status: OK
2025-08-28T11:36:48.9484|INFO|ApplicationDeviceConnectionVM.cs|UsbDeviceWatcher_DeviceRemoved|178|USB Device disconnected DeviceId: USB\VID_2109&PID_8817\0000000000000001, PnpDeviceId: USB\VID_2109&PID_8817\0000000000000001, Description: Billboard Device, Name: USB Billboard Device   , Manufacturer: WinUsb Device, Service: WINUSB, Status: OK
2025-08-28T11:36:48.9485|INFO|ApplicationDeviceConnectionVM.cs|UsbDeviceWatcher_DeviceRemoved|178|USB Device disconnected DeviceId: USB\VID_1A40&PID_0101\5&14013D94&0&5, PnpDeviceId: USB\VID_1A40&PID_0101\5&14013D94&0&5, Description: Generic USB Hub, Name: Generic USB Hub, Manufacturer: (Standard USB HUBs), Service: USBHUB3, Status: OK
2025-08-28T11:36:48.9485|INFO|ApplicationDeviceConnectionVM.cs|UsbDeviceWatcher_DeviceRemoved|178|USB Device disconnected DeviceId: USB\VID_1233&PID_1455&MI_00\7&2FB465CB&0&0000, PnpDeviceId: USB\VID_1233&PID_1455&MI_00\7&2FB465CB&0&0000, Description: USB Video Device, Name: iOptron iPolar, Manufacturer: Microsoft, Service: usbvideo, Status: OK
2025-08-28T11:36:48.9485|INFO|ApplicationDeviceConnectionVM.cs|UsbDeviceWatcher_DeviceRemoved|178|USB Device disconnected DeviceId: USB\VID_1233&PID_1455\6&26B592B5&0&4, PnpDeviceId: USB\VID_1233&PID_1455\6&26B592B5&0&4, Description: USB Composite Device, Name: USB Composite Device, Manufacturer: (Standard USB Host Controller), Service: usbccgp, Status: OK
2025-08-28T11:36:50.1722|INFO|ApplicationDeviceConnectionVM.cs|UsbDeviceWatcher_DeviceInserted|173|New USB device detected DeviceId: USB\VID_1233&PID_1455&MI_00\7&2FB465CB&0&0000, PnpDeviceId: USB\VID_1233&PID_1455&MI_00\7&2FB465CB&0&0000, Description: USB Video Device, Name: iOptron iPolar, Manufacturer: Microsoft, Service: usbvideo, Status: OK
2025-08-28T11:36:50.1723|INFO|ApplicationDeviceConnectionVM.cs|UsbDeviceWatcher_DeviceInserted|173|New USB device detected DeviceId: USB\VID_1233&PID_1455\6&26B592B5&0&4, PnpDeviceId: USB\VID_1233&PID_1455\6&26B592B5&0&4, Description: USB Composite Device, Name: USB Composite Device, Manufacturer: (Standard USB Host Controller), Service: usbccgp, Status: OK
2025-08-28T11:37:39.0364|INFO|ApplicationDeviceConnectionVM.cs|UsbDeviceWatcher_DeviceRemoved|178|USB Device disconnected DeviceId: USB\VID_03C3&PID_1F10\7&2414095C&0&1, PnpDeviceId: USB\VID_03C3&PID_1F10\7&2414095C&0&1, Description: USB Input Device, Name: USB Input Device, Manufacturer: (Standard system devices), Service: HidUsb, Status: OK
2025-08-28T11:37:39.0365|INFO|ApplicationDeviceConnectionVM.cs|UsbDeviceWatcher_DeviceRemoved|178|USB Device disconnected DeviceId: USB\VID_2109&PID_2817\6&26B592B5&0&3, PnpDeviceId: USB\VID_2109&PID_2817\6&26B592B5&0&3, Description: Generic USB Hub, Name: Generic USB Hub, Manufacturer: (Standard USB HUBs), Service: USBHUB3, Status: OK
2025-08-28T11:37:39.0365|INFO|ApplicationDeviceConnectionVM.cs|UsbDeviceWatcher_DeviceRemoved|178|USB Device disconnected DeviceId: USB\VID_2109&PID_8817\0000000000000001, PnpDeviceId: USB\VID_2109&PID_8817\0000000000000001, Description: Billboard Device, Name: USB Billboard Device   , Manufacturer: WinUsb Device, Service: WINUSB, Status: OK
2025-08-28T11:37:39.0366|INFO|ApplicationDeviceConnectionVM.cs|UsbDeviceWatcher_DeviceRemoved|178|USB Device disconnected DeviceId: USB\VID_1A40&PID_0101\5&14013D94&0&5, PnpDeviceId: USB\VID_1A40&PID_0101\5&14013D94&0&5, Description: Generic USB Hub, Name: Generic USB Hub, Manufacturer: (Standard USB HUBs), Service: USBHUB3, Status: OK
2025-08-28T11:37:39.0366|INFO|ApplicationDeviceConnectionVM.cs|UsbDeviceWatcher_DeviceRemoved|178|USB Device disconnected DeviceId: USB\VID_1233&PID_1455&MI_00\7&2FB465CB&0&0000, PnpDeviceId: USB\VID_1233&PID_1455&MI_00\7&2FB465CB&0&0000, Description: USB Video Device, Name: iOptron iPolar, Manufacturer: Microsoft, Service: usbvideo, Status: OK
2025-08-28T11:37:39.0366|INFO|ApplicationDeviceConnectionVM.cs|UsbDeviceWatcher_DeviceRemoved|178|USB Device disconnected DeviceId: USB\VID_1233&PID_1455\6&26B592B5&0&4, PnpDeviceId: USB\VID_1233&PID_1455\6&26B592B5&0&4, Description: USB Composite Device, Name: USB Composite Device, Manufacturer: (Standard USB Host Controller), Service: usbccgp, Status: OK
2025-08-28T11:37:39.3850|INFO|ApplicationDeviceConnectionVM.cs|UsbDeviceWatcher_DeviceInserted|173|New USB device detected DeviceId: USB\VID_1A40&PID_0101\5&14013D94&0&5, PnpDeviceId: USB\VID_1A40&PID_0101\5&14013D94&0&5, Description: Generic USB Hub, Name: Generic USB Hub, Manufacturer: (Standard USB HUBs), Service: USBHUB3, Status: OK
2025-08-28T11:37:40.0955|INFO|ApplicationDeviceConnectionVM.cs|UsbDeviceWatcher_DeviceInserted|173|New USB device detected DeviceId: USB\VID_1233&PID_1455&MI_00\7&2FB465CB&0&0000, PnpDeviceId: USB\VID_1233&PID_1455&MI_00\7&2FB465CB&0&0000, Description: USB Video Device, Name: iOptron iPolar, Manufacturer: Microsoft, Service: usbvideo, Status: OK
2025-08-28T11:37:40.0956|INFO|ApplicationDeviceConnectionVM.cs|UsbDeviceWatcher_DeviceInserted|173|New USB device detected DeviceId: USB\VID_1233&PID_1455\6&26B592B5&0&4, PnpDeviceId: USB\VID_1233&PID_1455\6&26B592B5&0&4, Description: USB Composite Device, Name: USB Composite Device, Manufacturer: (Standard USB Host Controller), Service: usbccgp, Status: OK
2025-08-28T11:37:40.5189|INFO|ApplicationDeviceConnectionVM.cs|UsbDeviceWatcher_DeviceInserted|173|New USB device detected DeviceId: USB\VID_03C3&PID_1F10\7&2414095C&0&1, PnpDeviceId: USB\VID_03C3&PID_1F10\7&2414095C&0&1, Description: USB Input Device, Name: USB Input Device, Manufacturer: (Standard system devices), Service: HidUsb, Status: OK
2025-08-28T11:37:41.8703|INFO|ApplicationDeviceConnectionVM.cs|UsbDeviceWatcher_DeviceInserted|173|New USB device detected DeviceId: USB\VID_2109&PID_8817\0000000000000001, PnpDeviceId: USB\VID_2109&PID_8817\0000000000000001, Description: Billboard Device, Name: USB Billboard Device   , Manufacturer: WinUsb Device, Service: WINUSB, Status: OK
2025-08-28T11:40:14.9705|INFO|ApplicationDeviceConnectionVM.cs|UsbDeviceWatcher_DeviceRemoved|178|USB Device disconnected DeviceId: USB\VID_03C3&PID_1F10\7&2414095C&0&1, PnpDeviceId: USB\VID_03C3&PID_1F10\7&2414095C&0&1, Description: USB Input Device, Name: USB Input Device, Manufacturer: (Standard system devices), Service: HidUsb, Status: OK
2025-08-28T11:40:14.9708|INFO|ApplicationDeviceConnectionVM.cs|UsbDeviceWatcher_DeviceRemoved|178|USB Device disconnected DeviceId: USB\VID_2109&PID_2817\6&26B592B5&0&3, PnpDeviceId: USB\VID_2109&PID_2817\6&26B592B5&0&3, Description: Generic USB Hub, Name: Generic USB Hub, Manufacturer: (Standard USB HUBs), Service: USBHUB3, Status: OK
2025-08-28T11:40:14.9708|INFO|ApplicationDeviceConnectionVM.cs|UsbDeviceWatcher_DeviceRemoved|178|USB Device disconnected DeviceId: USB\VID_2109&PID_8817\0000000000000001, PnpDeviceId: USB\VID_2109&PID_8817\0000000000000001, Description: Billboard Device, Name: USB Billboard Device   , Manufacturer: WinUsb Device, Service: WINUSB, Status: OK
2025-08-28T11:40:14.9709|INFO|ApplicationDeviceConnectionVM.cs|UsbDeviceWatcher_DeviceRemoved|178|USB Device disconnected DeviceId: USB\VID_1233&PID_1455&MI_00\7&2FB465CB&0&0000, PnpDeviceId: USB\VID_1233&PID_1455&MI_00\7&2FB465CB&0&0000, Description: USB Video Device, Name: iOptron iPolar, Manufacturer: Microsoft, Service: usbvideo, Status: OK
2025-08-28T11:40:14.9709|INFO|ApplicationDeviceConnectionVM.cs|UsbDeviceWatcher_DeviceRemoved|178|USB Device disconnected DeviceId: USB\VID_1233&PID_1455\6&26B592B5&0&4, PnpDeviceId: USB\VID_1233&PID_1455\6&26B592B5&0&4, Description: USB Composite Device, Name: USB Composite Device, Manufacturer: (Standard USB Host Controller), Service: usbccgp, Status: OK
2025-08-28T11:40:15.9986|INFO|ApplicationDeviceConnectionVM.cs|UsbDeviceWatcher_DeviceInserted|173|New USB device detected DeviceId: USB\VID_1233&PID_1455\6&26B592B5&0&4, PnpDeviceId: USB\VID_1233&PID_1455\6&26B592B5&0&4, Description: USB Composite Device, Name: USB Composite Device, Manufacturer: (Standard USB Host Controller), Service: usbccgp, Status: OK
2025-08-28T11:40:16.4895|INFO|ApplicationDeviceConnectionVM.cs|UsbDeviceWatcher_DeviceInserted|173|New USB device detected DeviceId: USB\VID_03C3&PID_1F10\7&2414095C&0&1, PnpDeviceId: USB\VID_03C3&PID_1F10\7&2414095C&0&1, Description: USB Input Device, Name: USB Input Device, Manufacturer: (Standard system devices), Service: HidUsb, Status: OK
2025-08-28T11:41:09.6932|INFO|ApplicationDeviceConnectionVM.cs|UsbDeviceWatcher_DeviceRemoved|178|USB Device disconnected DeviceId: USB\VID_03C3&PID_1F10\7&2414095C&0&1, PnpDeviceId: USB\VID_03C3&PID_1F10\7&2414095C&0&1, Description: USB Input Device, Name: USB Input Device, Manufacturer: (Standard system devices), Service: HidUsb, Status: OK
2025-08-28T11:41:09.6933|INFO|ApplicationDeviceConnectionVM.cs|UsbDeviceWatcher_DeviceRemoved|178|USB Device disconnected DeviceId: USB\VID_2109&PID_2817\6&26B592B5&0&3, PnpDeviceId: USB\VID_2109&PID_2817\6&26B592B5&0&3, Description: Generic USB Hub, Name: Generic USB Hub, Manufacturer: (Standard USB HUBs), Service: USBHUB3, Status: OK
2025-08-28T11:41:09.6933|INFO|ApplicationDeviceConnectionVM.cs|UsbDeviceWatcher_DeviceRemoved|178|USB Device disconnected DeviceId: USB\VID_2109&PID_8817\0000000000000001, PnpDeviceId: USB\VID_2109&PID_8817\0000000000000001, Description: Billboard Device, Name: USB Billboard Device   , Manufacturer: WinUsb Device, Service: WINUSB, Status: OK
2025-08-28T11:41:09.6934|INFO|ApplicationDeviceConnectionVM.cs|UsbDeviceWatcher_DeviceRemoved|178|USB Device disconnected DeviceId: USB\VID_1A40&PID_0101\5&14013D94&0&5, PnpDeviceId: USB\VID_1A40&PID_0101\5&14013D94&0&5, Description: Generic USB Hub, Name: Generic USB Hub, Manufacturer: (Standard USB HUBs), Service: USBHUB3, Status: OK
2025-08-28T11:41:09.6934|INFO|ApplicationDeviceConnectionVM.cs|UsbDeviceWatcher_DeviceRemoved|178|USB Device disconnected DeviceId: USB\VID_1233&PID_1455&MI_00\7&2FB465CB&0&0000, PnpDeviceId: USB\VID_1233&PID_1455&MI_00\7&2FB465CB&0&0000, Description: USB Video Device, Name: iOptron iPolar, Manufacturer: Microsoft, Service: usbvideo, Status: OK
2025-08-28T11:41:09.6936|INFO|ApplicationDeviceConnectionVM.cs|UsbDeviceWatcher_DeviceRemoved|178|USB Device disconnected DeviceId: USB\VID_1233&PID_1455\6&26B592B5&0&4, PnpDeviceId: USB\VID_1233&PID_1455\6&26B592B5&0&4, Description: USB Composite Device, Name: USB Composite Device, Manufacturer: (Standard USB Host Controller), Service: usbccgp, Status: OK
2025-08-28T11:41:10.8307|INFO|ApplicationDeviceConnectionVM.cs|UsbDeviceWatcher_DeviceInserted|173|New USB device detected DeviceId: USB\VID_1233&PID_1455&MI_00\7&2FB465CB&0&0000, PnpDeviceId: USB\VID_1233&PID_1455&MI_00\7&2FB465CB&0&0000, Description: USB Video Device, Name: iOptron iPolar, Manufacturer: Microsoft, Service: usbvideo, Status: OK
2025-08-28T12:41:50.6367|INFO|CameraVM.cs|Disconnect|645|Disconnected Camera
2025-08-28T12:41:50.6455|ERROR|ApplicationDeviceConnectionVM.cs|.ctor|89
ZWOptical.ASISDK.ASICameraException: Error 'ASI_ERROR_CAMERA_REMOVED' from call to 
ASIOpenCamera(cameraId=0)
   at ZWOptical.ASISDK.ASICameraDll.CheckReturn(ASI_ERROR_CODE errorCode, MethodBase callingMethod, Object[] parameters) in C:\Projects\nina\NINA.Equipment\SDK\CameraSDKs\ASISDK\ASICameraDll.cs:line 333
   at ZWOptical.ASISDK.ASICameraDll.OpenCamera(Int32 cameraId) in C:\Projects\nina\NINA.Equipment\SDK\CameraSDKs\ASISDK\ASICameraDll.cs:line 346
   at NINA.Equipment.Equipment.MyCamera.ASICamera.get_Info() in C:\Projects\nina\NINA.Equipment\Equipment\MyCamera\ASICamera.cs:line 60
   at NINA.Equipment.Equipment.MyCamera.ASICamera.get_Name() in C:\Projects\nina\NINA.Equipment\Equipment\MyCamera\ASICamera.cs:line 131
   at NINA.Equipment.Equipment.MyCamera.ASICamera.get_Id() in C:\Projects\nina\NINA.Equipment\Equipment\MyCamera\ASICamera.cs:line 51
   at NINA.WPF.Base.ViewModel.Equipment.Camera.CameraVM.ChooseCamera() in C:\Projects\nina\NINA.WPF.Base\ViewModel\Equipment\Camera\CameraVM.cs:line 333
   at NINA.ViewModel.ApplicationDeviceConnectionVM.<>c__DisplayClass12_0.<<-ctor>b__5>d.MoveNext() in C:\Projects\nina\NINA\ViewModel\ApplicationDeviceConnectionVM.cs:line 87
2025-08-28T12:41:50.6717|INFO|FilterWheelVM.cs|Disconnect|324|Disconnected Filter Wheel
2025-08-28T12:41:50.7615|ERROR|AscomDevice.cs|Connect|246
ASCOM.DriverAccessCOMException (0x00000000): Communication Failure
 ---> System.Runtime.InteropServices.COMException (0x00000000): Communication Failure
   at ASCOM.Com.DriverAccess.DynamicAccess.CheckDotNetExceptions(String memberName, Exception e)
   at ASCOM.Com.DriverAccess.DynamicAccess.TrySetMember(SetMemberBinder binder, Object value)
   at CallSite.Target(Closure, CallSite, Object, Boolean)
   at ASCOM.Com.DriverAccess.ASCOMDevice.set_Connected(Boolean value)
   at NINA.Equipment.Equipment.AscomDevice`1.set_Connected(Boolean value) in C:\Projects\nina\NINA.Equipment\Equipment\AscomDevice.cs:line 144
   at NINA.Equipment.Equipment.AscomDevice`1.<Connect>b__43_0() in C:\Projects\nina\NINA.Equipment\Equipment\AscomDevice.cs:line 239
2025-08-28T12:41:50.7652|INFO|TelescopeVM.cs|Disconnect|763|Disconnected mount
2025-08-28T12:41:50.8149|INFO|AscomTelescope.cs|CheckMountTime|817|Mount UTC Time: 2025-08-28 17:41:51Z / System UTC Time: 2025-08-28 17:41:50Z; Difference: 0.288 seconds
2025-08-28T12:41:50.8449|INFO|AscomTelescope.cs|CheckMountTime|824|System time has been synced to the mount
2025-08-28T12:41:50.9330|INFO|TelescopeVM.cs|ChooseTelescope|518|Successfully connected mount. Id: ASCOM.iOptron2017.Telescope Name: iOptron CEM120,70,40,26, GEM, HEM, HAE, HAZ series and SkyHunter Mount DisplayName: iOptron CEM120,70,40,26, GEM, HEM, HAE, HAZ series and SkyHunter Mount Driver Version: 9.15
2025-08-28T12:41:50.9333|INFO|FocuserVM.cs|Disconnect|426|Disconnected Focuser
2025-08-28T12:41:50.9450|ERROR|AscomDevice.cs|Connect|246
ASCOM.DriverAccessCOMException (0x00000000): Communication Failure
 ---> System.Runtime.InteropServices.COMException (0x00000000): Communication Failure
   at ASCOM.Com.DriverAccess.DynamicAccess.CheckDotNetExceptions(String memberName, Exception e)
   at ASCOM.Com.DriverAccess.DynamicAccess.TrySetMember(SetMemberBinder binder, Object value)
   at CallSite.Target(Closure, CallSite, Object, Boolean)
   at ASCOM.Com.DriverAccess.ASCOMDevice.set_Connected(Boolean value)
   at ASCOM.Com.DriverAccess.Focuser.set_Connected(Boolean value)
   at NINA.Equipment.Equipment.AscomDevice`1.set_Connected(Boolean value) in C:\Projects\nina\NINA.Equipment\Equipment\AscomDevice.cs:line 144
   at NINA.Equipment.Equipment.AscomDevice`1.<Connect>b__43_0() in C:\Projects\nina\NINA.Equipment\Equipment\AscomDevice.cs:line 239
2025-08-28T12:41:50.9484|INFO|RotatorVM.cs|Disconnect|438|Disconnected Rotator
2025-08-28T12:41:50.9529|INFO|PHD2Guider.cs|Connect|202|Connecting to PHD2 server at 127.0.0.1:4400
2025-08-28T12:41:51.1836|WARNING|PHD2Guider.cs|CheckPhdError|386|PHDError: equipment failed to connect: camera CODE: 1
2025-08-28T12:41:51.2249|INFO|FlatDeviceVM.cs|Disconnect|279|Disconnected Flat Device
2025-08-28T12:41:51.2292|INFO|WeatherDataVM.cs|Disconnect|292|Disconnected Weather Device
2025-08-28T12:41:51.7687|INFO|AscomDevice.cs|GetProperty|379|Property ObservingConditions.SkyQuality GET is not implemented in this driver (SkyAlert Observing Conditions)
2025-08-28T12:41:51.7714|INFO|AscomDevice.cs|GetProperty|379|Property ObservingConditions.StarFWHM GET is not implemented in this driver (SkyAlert Observing Conditions)
2025-08-28T12:41:51.7722|INFO|WeatherDataVM.cs|ChooseWeatherData|143|Successfully connected Weather Device. Id: ASCOM.SkyAlert.ObservingConditions Name: SkyAlert Observing Conditions DisplayName: SkyAlert Observing Conditions Driver Version: 1.7
2025-08-28T12:41:51.7740|INFO|SwitchVM.cs|Disconnect|298|Disconnected Switch
2025-08-28T12:41:51.7911|INFO|DomeVM.cs|Disconnect|336|Disconnected Dome Device
2025-08-28T12:41:51.7926|INFO|SafetyMonitorVM.cs|Disconnect|208|Disconnected Safety Monitor
2025-08-28T12:41:51.9233|INFO|SafetyMonitorVM.cs|Connect|168|Successfully connected Safety Monitor. Id: ASCOM.Hub.SafetyMonitor Name: SafetyMonitor Hub DisplayName: SafetyMonitor Hub Driver Version: 6.4
2025-08-28T12:41:53.9245|INFO|SafetyMonitorVM.cs|UpdateMonitorValues|94|SafetyMonitorInfo state changed to Unsafe
2025-08-28T12:41:59.9398|INFO|DomeVM.cs|Disconnect|336|Disconnected Dome Device
2025-08-28T12:41:59.9401|INFO|FlatDeviceVM.cs|Disconnect|279|Disconnected Flat Device
2025-08-28T12:41:59.9416|INFO|CameraVM.cs|Disconnect|645|Disconnected Camera
2025-08-28T12:41:59.9442|INFO|AscomDevice.cs|Disconnect|299|Disconnecting from ASCOM.iOptron2017.Telescope iOptron CEM120,70,40,26, GEM, HEM, HAE, HAZ series and SkyHunter Mount
2025-08-28T12:41:59.9618|INFO|TelescopeVM.cs|Disconnect|763|Disconnected mount
2025-08-28T12:41:59.9621|INFO|FilterWheelVM.cs|Disconnect|324|Disconnected Filter Wheel
2025-08-28T12:41:59.9625|INFO|FocuserVM.cs|Disconnect|426|Disconnected Focuser
2025-08-28T12:41:59.9627|INFO|RotatorVM.cs|Disconnect|438|Disconnected Rotator
2025-08-28T12:41:59.9628|INFO|SwitchVM.cs|Disconnect|298|Disconnected Switch
2025-08-28T12:41:59.9641|INFO|AscomDevice.cs|Disconnect|299|Disconnecting from ASCOM.SkyAlert.ObservingConditions SkyAlert Observing Conditions
2025-08-28T12:41:59.9688|INFO|WeatherDataVM.cs|Disconnect|292|Disconnected Weather Device
2025-08-28T12:41:59.9700|INFO|AscomDevice.cs|Disconnect|299|Disconnecting from ASCOM.Hub.SafetyMonitor SafetyMonitor Hub
2025-08-28T12:42:00.2712|INFO|SafetyMonitorVM.cs|Disconnect|208|Disconnected Safety Monitor
2025-08-28T12:42:05.4036|INFO|CameraVM.cs|Disconnect|645|Disconnected Camera
2025-08-28T12:42:05.4137|ERROR|ApplicationDeviceConnectionVM.cs|.ctor|89
ZWOptical.ASISDK.ASICameraException: Error 'ASI_ERROR_CAMERA_REMOVED' from call to 
ASIOpenCamera(cameraId=0)
   at ZWOptical.ASISDK.ASICameraDll.CheckReturn(ASI_ERROR_CODE errorCode, MethodBase callingMethod, Object[] parameters) in C:\Projects\nina\NINA.Equipment\SDK\CameraSDKs\ASISDK\ASICameraDll.cs:line 333
   at ZWOptical.ASISDK.ASICameraDll.OpenCamera(Int32 cameraId) in C:\Projects\nina\NINA.Equipment\SDK\CameraSDKs\ASISDK\ASICameraDll.cs:line 346
   at NINA.Equipment.Equipment.MyCamera.ASICamera.get_Info() in C:\Projects\nina\NINA.Equipment\Equipment\MyCamera\ASICamera.cs:line 60
   at NINA.Equipment.Equipment.MyCamera.ASICamera.get_Name() in C:\Projects\nina\NINA.Equipment\Equipment\MyCamera\ASICamera.cs:line 131
   at NINA.Equipment.Equipment.MyCamera.ASICamera.get_Id() in C:\Projects\nina\NINA.Equipment\Equipment\MyCamera\ASICamera.cs:line 51
   at NINA.WPF.Base.ViewModel.Equipment.Camera.CameraVM.ChooseCamera() in C:\Projects\nina\NINA.WPF.Base\ViewModel\Equipment\Camera\CameraVM.cs:line 333
   at NINA.ViewModel.ApplicationDeviceConnectionVM.<>c__DisplayClass12_0.<<-ctor>b__5>d.MoveNext() in C:\Projects\nina\NINA\ViewModel\ApplicationDeviceConnectionVM.cs:line 87
2025-08-28T12:42:05.4146|INFO|FilterWheelVM.cs|Disconnect|324|Disconnected Filter Wheel
2025-08-28T12:42:05.4918|ERROR|AscomDevice.cs|Connect|246
ASCOM.DriverAccessCOMException (0x00000000): Communication Failure
 ---> System.Runtime.InteropServices.COMException (0x00000000): Communication Failure
   at ASCOM.Com.DriverAccess.DynamicAccess.CheckDotNetExceptions(String memberName, Exception e)
   at ASCOM.Com.DriverAccess.DynamicAccess.TrySetMember(SetMemberBinder binder, Object value)
   at CallSite.Target(Closure, CallSite, Object, Boolean)
   at ASCOM.Com.DriverAccess.ASCOMDevice.set_Connected(Boolean value)
   at NINA.Equipment.Equipment.AscomDevice`1.set_Connected(Boolean value) in C:\Projects\nina\NINA.Equipment\Equipment\AscomDevice.cs:line 144
   at NINA.Equipment.Equipment.AscomDevice`1.<Connect>b__43_0() in C:\Projects\nina\NINA.Equipment\Equipment\AscomDevice.cs:line 239
2025-08-28T12:42:05.4928|INFO|TelescopeVM.cs|Disconnect|763|Disconnected mount
2025-08-28T12:42:05.5162|INFO|AscomTelescope.cs|CheckMountTime|817|Mount UTC Time: 2025-08-28 17:42:04Z / System UTC Time: 2025-08-28 17:42:05Z; Difference: 0.737 seconds
2025-08-28T12:42:05.5405|INFO|AscomTelescope.cs|CheckMountTime|824|System time has been synced to the mount
2025-08-28T12:42:05.6260|INFO|TelescopeVM.cs|ChooseTelescope|518|Successfully connected mount. Id: ASCOM.iOptron2017.Telescope Name: iOptron CEM120,70,40,26, GEM, HEM, HAE, HAZ series and SkyHunter Mount DisplayName: iOptron CEM120,70,40,26, GEM, HEM, HAE, HAZ series and SkyHunter Mount Driver Version: 9.15
2025-08-28T12:42:05.6263|INFO|FocuserVM.cs|Disconnect|426|Disconnected Focuser
2025-08-28T12:42:05.6317|ERROR|AscomDevice.cs|Connect|246
ASCOM.DriverAccessCOMException (0x00000000): Communication Failure
 ---> System.Runtime.InteropServices.COMException (0x00000000): Communication Failure
   at ASCOM.Com.DriverAccess.DynamicAccess.CheckDotNetExceptions(String memberName, Exception e)
   at ASCOM.Com.DriverAccess.DynamicAccess.TrySetMember(SetMemberBinder binder, Object value)
   at CallSite.Target(Closure, CallSite, Object, Boolean)
   at ASCOM.Com.DriverAccess.ASCOMDevice.set_Connected(Boolean value)
   at ASCOM.Com.DriverAccess.Focuser.set_Connected(Boolean value)
   at NINA.Equipment.Equipment.AscomDevice`1.set_Connected(Boolean value) in C:\Projects\nina\NINA.Equipment\Equipment\AscomDevice.cs:line 144
   at NINA.Equipment.Equipment.AscomDevice`1.<Connect>b__43_0() in C:\Projects\nina\NINA.Equipment\Equipment\AscomDevice.cs:line 239
2025-08-28T12:42:05.6324|INFO|RotatorVM.cs|Disconnect|438|Disconnected Rotator
2025-08-28T12:42:05.6443|INFO|PHD2Guider.cs|Connect|202|Connecting to PHD2 server at 127.0.0.1:4400
2025-08-28T12:42:05.8825|WARNING|PHD2Guider.cs|CheckPhdError|386|PHDError: equipment failed to connect: camera CODE: 1
2025-08-28T12:42:05.8947|INFO|FlatDeviceVM.cs|Disconnect|279|Disconnected Flat Device
2025-08-28T12:42:05.8950|INFO|WeatherDataVM.cs|Disconnect|292|Disconnected Weather Device
2025-08-28T12:42:06.0813|INFO|AscomDevice.cs|GetProperty|379|Property ObservingConditions.SkyQuality GET is not implemented in this driver (SkyAlert Observing Conditions)
2025-08-28T12:42:06.0829|INFO|AscomDevice.cs|GetProperty|379|Property ObservingConditions.StarFWHM GET is not implemented in this driver (SkyAlert Observing Conditions)
2025-08-28T12:42:06.0972|INFO|WeatherDataVM.cs|ChooseWeatherData|143|Successfully connected Weather Device. Id: ASCOM.SkyAlert.ObservingConditions Name: SkyAlert Observing Conditions DisplayName: SkyAlert Observing Conditions Driver Version: 1.7
2025-08-28T12:42:06.0975|INFO|SwitchVM.cs|Disconnect|298|Disconnected Switch
2025-08-28T12:42:06.0977|INFO|DomeVM.cs|Disconnect|336|Disconnected Dome Device
2025-08-28T12:42:06.0978|INFO|SafetyMonitorVM.cs|Disconnect|208|Disconnected Safety Monitor
2025-08-28T12:42:06.2442|INFO|SafetyMonitorVM.cs|Connect|168|Successfully connected Safety Monitor. Id: ASCOM.Hub.SafetyMonitor Name: SafetyMonitor Hub DisplayName: SafetyMonitor Hub Driver Version: 6.4
2025-08-28T12:42:08.2452|INFO|SafetyMonitorVM.cs|UpdateMonitorValues|94|SafetyMonitorInfo state changed to Unsafe
2025-08-28T12:42:14.5295|INFO|CameraVM.cs|Disconnect|645|Disconnected Camera
2025-08-28T12:42:14.5340|ERROR|NotifyTaskCompletion.cs|WatchTaskAsync|35
ZWOptical.ASISDK.ASICameraException: Error 'ASI_ERROR_CAMERA_REMOVED' from call to 
ASIOpenCamera(cameraId=0)
   at ZWOptical.ASISDK.ASICameraDll.CheckReturn(ASI_ERROR_CODE errorCode, MethodBase callingMethod, Object[] parameters) in C:\Projects\nina\NINA.Equipment\SDK\CameraSDKs\ASISDK\ASICameraDll.cs:line 333
   at ZWOptical.ASISDK.ASICameraDll.OpenCamera(Int32 cameraId) in C:\Projects\nina\NINA.Equipment\SDK\CameraSDKs\ASISDK\ASICameraDll.cs:line 346
   at NINA.Equipment.Equipment.MyCamera.ASICamera.get_Info() in C:\Projects\nina\NINA.Equipment\Equipment\MyCamera\ASICamera.cs:line 60
   at NINA.Equipment.Equipment.MyCamera.ASICamera.get_Name() in C:\Projects\nina\NINA.Equipment\Equipment\MyCamera\ASICamera.cs:line 131
   at NINA.Equipment.Equipment.MyCamera.ASICamera.get_Id() in C:\Projects\nina\NINA.Equipment\Equipment\MyCamera\ASICamera.cs:line 51
   at NINA.WPF.Base.ViewModel.Equipment.Camera.CameraVM.ChooseCamera() in C:\Projects\nina\NINA.WPF.Base\ViewModel\Equipment\Camera\CameraVM.cs:line 333
   at NINA.Core.Utility.NotifyTaskCompletion`1.WatchTaskAsync(Task task) in C:\Projects\nina\NINA.Core\Utility\NotifyTaskCompletion.cs:line 33
2025-08-28T12:42:17.4607|INFO|CameraVM.cs|Disconnect|645|Disconnected Camera
2025-08-28T12:42:17.4631|ERROR|NotifyTaskCompletion.cs|WatchTaskAsync|35
ZWOptical.ASISDK.ASICameraException: Error 'ASI_ERROR_CAMERA_REMOVED' from call to 
ASIOpenCamera(cameraId=0)
   at ZWOptical.ASISDK.ASICameraDll.CheckReturn(ASI_ERROR_CODE errorCode, MethodBase callingMethod, Object[] parameters) in C:\Projects\nina\NINA.Equipment\SDK\CameraSDKs\ASISDK\ASICameraDll.cs:line 333
   at ZWOptical.ASISDK.ASICameraDll.OpenCamera(Int32 cameraId) in C:\Projects\nina\NINA.Equipment\SDK\CameraSDKs\ASISDK\ASICameraDll.cs:line 346
   at NINA.Equipment.Equipment.MyCamera.ASICamera.get_Info() in C:\Projects\nina\NINA.Equipment\Equipment\MyCamera\ASICamera.cs:line 60
   at NINA.Equipment.Equipment.MyCamera.ASICamera.get_Name() in C:\Projects\nina\NINA.Equipment\Equipment\MyCamera\ASICamera.cs:line 131
   at NINA.Equipment.Equipment.MyCamera.ASICamera.get_Id() in C:\Projects\nina\NINA.Equipment\Equipment\MyCamera\ASICamera.cs:line 51
   at NINA.WPF.Base.ViewModel.Equipment.Camera.CameraVM.ChooseCamera() in C:\Projects\nina\NINA.WPF.Base\ViewModel\Equipment\Camera\CameraVM.cs:line 333
   at NINA.Core.Utility.NotifyTaskCompletion`1.WatchTaskAsync(Task task) in C:\Projects\nina\NINA.Core\Utility\NotifyTaskCompletion.cs:line 33
2025-08-28T12:42:22.8242|INFO|CameraChooserVM.cs|GetEquipment|69|Found 0 ASI Cameras
2025-08-28T12:42:22.8548|INFO|CameraChooserVM.cs|GetEquipment|84|Found 0 Altair Cameras
2025-08-28T12:42:22.8698|INFO|CameraChooserVM.cs|GetEquipment|96|Found 0 Atik Cameras
2025-08-28T12:42:22.8706|INFO|CameraChooserVM.cs|GetEquipment|110|Found 0 FLI Cameras
2025-08-28T12:42:22.8709|INFO|CameraChooserVM.cs|GetEquipment|130|Found 0 QHYCCD Cameras
2025-08-28T12:42:23.0096|INFO|CameraChooserVM.cs|GetEquipment|158|Found 0 ToupTek Cameras
2025-08-28T12:42:23.0141|INFO|CameraChooserVM.cs|GetEquipment|173|Found 0 Ogma Cameras
2025-08-28T12:42:23.0242|INFO|CameraChooserVM.cs|GetEquipment|188|Found 0 Omegon Cameras
2025-08-28T12:42:23.1520|INFO|CameraChooserVM.cs|GetEquipment|203|Found 0 RisingCam Cameras
2025-08-28T12:42:23.1636|INFO|CameraChooserVM.cs|GetEquipment|218|Found 0 MallinCam Cameras
2025-08-28T12:42:23.1665|INFO|CameraChooserVM.cs|GetEquipment|244|Found 0 SBIG Cameras
2025-08-28T12:42:23.1673|INFO|CameraChooserVM.cs|GetEquipment|264|Found 0 SVBony Cameras
2025-08-28T12:42:23.1678|INFO|CameraChooserVM.cs|GetEquipment|264|Found 0 PlayerOne Cameras
2025-08-28T12:42:23.1697|INFO|CameraChooserVM.cs|GetEquipment|264|Found 0 ASTPAN Cameras
2025-08-28T12:42:23.1705|INFO|CameraChooserVM.cs|GetEquipment|278|Found 4 ASCOM Cameras
2025-08-28T12:42:25.1717|INFO|CameraChooserVM.cs|GetEquipment|290|Found 0 Alpaca Cameras
2025-08-28T12:42:25.1843|INFO|CameraChooserVM.cs|GetEquipment|303|Found 0 Canon Cameras
2025-08-28T12:42:34.3984|INFO|ApplicationVM.cs|Closing|288|Application shutting down
2025-08-28T12:42:34.4106|INFO|DomeVM.cs|Disconnect|336|Disconnected Dome Device
2025-08-28T12:42:34.4108|INFO|FlatDeviceVM.cs|Disconnect|279|Disconnected Flat Device
2025-08-28T12:42:34.4204|INFO|CameraVM.cs|Disconnect|645|Disconnected Camera
2025-08-28T12:42:34.4286|INFO|AscomDevice.cs|Disconnect|299|Disconnecting from ASCOM.iOptron2017.Telescope iOptron CEM120,70,40,26, GEM, HEM, HAE, HAZ series and SkyHunter Mount
2025-08-28T12:42:34.4448|INFO|TelescopeVM.cs|Disconnect|763|Disconnected mount
2025-08-28T12:42:34.4451|INFO|FilterWheelVM.cs|Disconnect|324|Disconnected Filter Wheel
2025-08-28T12:42:34.4454|INFO|FocuserVM.cs|Disconnect|426|Disconnected Focuser
2025-08-28T12:42:34.4455|INFO|RotatorVM.cs|Disconnect|438|Disconnected Rotator
2025-08-28T12:42:34.4456|INFO|SwitchVM.cs|Disconnect|298|Disconnected Switch
2025-08-28T12:42:34.4467|INFO|AscomDevice.cs|Disconnect|299|Disconnecting from ASCOM.SkyAlert.ObservingConditions SkyAlert Observing Conditions
2025-08-28T12:42:34.4510|INFO|WeatherDataVM.cs|Disconnect|292|Disconnected Weather Device
2025-08-28T12:42:34.4522|INFO|AscomDevice.cs|Disconnect|299|Disconnecting from ASCOM.Hub.SafetyMonitor SafetyMonitor Hub
2025-08-28T12:42:34.4587|INFO|SafetyMonitorVM.cs|Disconnect|208|Disconnected Safety Monitor
