----------------------------------------------------------------------
--------------N.I.N.A. - Nighttime Imaging 'N' Astronomy--------------
--------------------------Version 3.1.2.9001--------------------------
-------------------------2025-08-31T16:04:22--------------------------
----------------------------------------------------------------------
---------------------Microsoft Windows 10.0.19045---------------------
-------------------------OS Architecture X64--------------------------
-----------------------Process Architecture X64-----------------------
------------------------------.NET 8.0.8------------------------------
----------------------------------------------------------------------
--------------------------Processor Count 4---------------------------
--------------------Total Physical Memory 7.84 GB---------------------
----------------------------------------------------------------------
DATE|LEVEL|SOURCE|MEMBER|LINE|MESSAGE
2025-08-31T16:04:22.0390|INFO|CameraChooserVM.cs|GetEquipment|69|Found 2 ASI Cameras
2025-08-31T16:04:22.7424|INFO|CameraChooserVM.cs|GetEquipment|84|Found 0 Altair Cameras
2025-08-31T16:04:23.6848|INFO|CameraChooserVM.cs|GetEquipment|96|Found 0 Atik Cameras
2025-08-31T16:04:23.6859|INFO|CameraChooserVM.cs|GetEquipment|110|Found 0 FLI Cameras
2025-08-31T16:04:25.0027|INFO|CameraChooserVM.cs|GetEquipment|130|Found 0 QHYCCD Cameras
2025-08-31T16:04:25.5334|INFO|CameraChooserVM.cs|GetEquipment|158|Found 0 ToupTek Cameras
2025-08-31T16:04:25.6752|INFO|CameraChooserVM.cs|GetEquipment|173|Found 0 Ogma Cameras
2025-08-31T16:04:25.8497|INFO|CameraChooserVM.cs|GetEquipment|188|Found 0 Omegon Cameras
2025-08-31T16:04:26.5068|INFO|CameraChooserVM.cs|GetEquipment|203|Found 0 RisingCam Cameras
2025-08-31T16:04:26.7012|INFO|CameraChooserVM.cs|GetEquipment|218|Found 0 MallinCam Cameras
2025-08-31T16:04:26.7045|INFO|CameraChooserVM.cs|GetEquipment|244|Found 0 SBIG Cameras
2025-08-31T16:04:29.6384|INFO|PluginLoader.cs|LoadPlugin|416|Successfully loaded plugin Autofocus Report Analysis version 2.0.0.9 by Stefan Berg @isbeorn
2025-08-31T16:04:30.0093|INFO|PluginLoader.cs|LoadPlugin|416|Successfully loaded plugin Connector version 2.0.3.0 by Stefan Berg
2025-08-31T16:04:30.1723|INFO|PluginLoader.cs|LoadPlugin|416|Successfully loaded plugin Device Actions and Commands version 2.0.0.0 by Dale Ghent
2025-08-31T16:04:30.7725|INFO|PluginLoader.cs|LoadPlugin|416|Successfully loaded plugin Discord Alert version 2.2.0.0 by Drew McDermott
2025-08-31T16:04:31.2226|INFO|ApplicationVM.cs|CheckDiskInfo|100|Available Space on Drive C:\: 161.22 GB
2025-08-31T16:04:31.2291|INFO|ApplicationVM.cs|CheckDiskInfo|102|Drive E:\ is not ready
2025-08-31T16:04:31.2308|INFO|ApplicationVM.cs|CheckDiskInfo|100|Available Space on Drive G:\: 60.86 GB
2025-08-31T16:04:31.2405|INFO|ApplicationVM.cs|CheckDiskInfo|100|Available Space on Drive Z:\: 33.72 GB
2025-08-31T16:04:31.9605|INFO|ApplicationVM.cs|CheckASCOMPlatformVersion|81|ASCOM Platform 6.6.2.4195 installed
2025-08-31T16:04:32.2242|INFO|PluginLoader.cs|LoadPlugin|416|Successfully loaded plugin Discord Notification version 1.0.0.1 by Daniel Ludwig
2025-08-31T16:04:32.4148|INFO|PluginLoader.cs|LoadPlugin|416|Successfully loaded plugin Filter Offset Calculator version 2.0.0.0 by S. Dimant & Stefan Berg
2025-08-31T16:04:32.6994|INFO|PluginLoader.cs|LoadPlugin|416|Successfully loaded plugin Flexure Correction version 0.8.0.0 by Francesco Meschia
2025-08-31T16:04:34.2986|INFO|PluginLoader.cs|LoadPlugin|416|Successfully loaded plugin Ground Station version 2.4.1.0 by Dale Ghent
2025-08-31T16:04:44.9878|INFO|PluginLoader.cs|LoadPlugin|416|Successfully loaded plugin Hocus Focus version 3.0.0.21 by George Hilios (jokogeo)
2025-08-31T16:04:45.8402|INFO|PluginLoader.cs|LoadPlugin|416|Successfully loaded plugin Horizon Creator version 1.1.2.0 by Christian Palm
2025-08-31T16:04:46.0257|INFO|PluginLoader.cs|LoadPlugin|416|Successfully loaded plugin Moon Angle version 2.2.0.0 by Dale Ghent
2025-08-31T16:04:46.3395|INFO|PluginLoader.cs|LoadPlugin|416|Successfully loaded plugin PixInsight Tools version 1.0.0.3 by Stefan Berg
2025-08-31T16:04:48.0290|WARNING|When.cs|GetRunningItem|143|Can't get running items: SequencerNavigation not initialized yet!
2025-08-31T16:04:48.2786|INFO|PluginLoader.cs|LoadPlugin|416|Successfully loaded plugin Sequencer Powerups version 3.28.4.1 by Marc Blank
2025-08-31T16:04:48.4126|INFO|PluginLoader.cs|LoadPlugin|416|Successfully loaded plugin Shutdown PC version 2.2.0.0 by Dale Ghent
2025-08-31T16:04:48.8135|INFO|PluginLoader.cs|LoadPlugin|416|Successfully loaded plugin Smart Filters version 1.0.0.3 by Benoit SAINTOT
2025-08-31T16:04:49.2898|INFO|PluginLoader.cs|LoadPlugin|416|Successfully loaded plugin Target Planning version 3.2.1.0 by Tom Palmer @tcpalmer
2025-08-31T16:04:50.9321|ERROR|DllLoader.cs|LoadDllFromAbsolutePath|53|DllLoader failed to load library C:\Program Files\N.I.N.A. - Nighttime Imaging 'N' Astronomy\External\x64\SQLite\SQLite.Interop.dll due to error code 126
2025-08-31T16:04:51.7540|INFO|PluginLoader.cs|LoadPlugin|416|Successfully loaded plugin Target Scheduler version 5.7.3.0 by Tom Palmer @tcpalmer
2025-08-31T16:04:52.1547|INFO|PluginLoader.cs|LoadPlugin|416|Successfully loaded plugin Three Point Polar Alignment version 2.2.4.0 by Stefan Berg @isbeorn
2025-08-31T16:04:52.1685|INFO|PluginFetcher.cs|RequestAll|43|Fetching plugin manifests from https://nighttime-imaging.eu/wp-json/nina/v1/plugins/manifests
2025-08-31T16:04:52.3448|INFO|CameraChooserVM.cs|GetEquipment|264|Found 0 SVBony Cameras
2025-08-31T16:04:52.4703|INFO|CameraChooserVM.cs|GetEquipment|264|Found 0 PlayerOne Cameras
2025-08-31T16:04:52.5613|INFO|CameraChooserVM.cs|GetEquipment|264|Found 0 ASTPAN Cameras
2025-08-31T16:04:52.5636|INFO|CameraChooserVM.cs|GetEquipment|278|Found 4 ASCOM Cameras
2025-08-31T16:04:53.3715|INFO|PluginFetcher.cs|RequestAll|57|Found 56 valid plugins at https://nighttime-imaging.eu/wp-json/nina/v1/plugins/manifests
2025-08-31T16:04:54.2254|INFO|FilterWheelChooserVM.cs|GetEquipment|193|Found 0 Alpaca Filter Wheels
2025-08-31T16:04:54.2257|INFO|TelescopeChooserVM.cs|GetEquipment|69|Found 0 Alpaca Telescopes
2025-08-31T16:04:54.2379|INFO|WeatherDataChooserVM.cs|GetEquipment|69|Found 0 Alpaca Observing Conditions
2025-08-31T16:04:54.2421|INFO|DomeChooserVM.cs|GetEquipment|67|Found 0 Alpaca Domes
2025-08-31T16:04:54.2427|INFO|RotatorChooserVM.cs|GetEquipment|68|Found 0 Alpaca Rotators
2025-08-31T16:04:54.2454|INFO|SafetyMonitorChooserVM.cs|GetEquipment|71|Found 0 Alpaca Safety Monitors
2025-08-31T16:04:54.2463|INFO|FocuserChooserVM.cs|GetEquipment|67|Found 0 Alpaca Focusers
2025-08-31T16:04:54.2512|INFO|FlatDeviceChooserVM.cs|GetEquipment|67|Found 0 Alpaca Cover Calibrators
2025-08-31T16:04:54.2781|INFO|SwitchChooserVM.cs|GetEquipment|71|Found 0 Alpaca Switch Hubs
2025-08-31T16:04:54.5676|INFO|CameraChooserVM.cs|GetEquipment|290|Found 0 Alpaca Cameras
2025-08-31T16:04:54.5735|INFO|CameraChooserVM.cs|GetEquipment|303|Found 0 Canon Cameras
2025-08-31T16:05:06.1650|INFO|CameraVM.cs|Disconnect|645|Disconnected Camera
2025-08-31T16:05:06.7249|WARNING|ASICamera.cs|SetControlValue|583|Failed to set ASI Control Value ASI_WB_B with value 50
2025-08-31T16:05:06.7252|WARNING|ASICamera.cs|SetControlValue|583|Failed to set ASI Control Value ASI_WB_R with value 50
2025-08-31T16:05:06.7254|WARNING|ASICamera.cs|SetControlValue|583|Failed to set ASI Control Value ASI_GAMMA with value 50
2025-08-31T16:05:06.7255|WARNING|ASICamera.cs|SetControlValue|583|Failed to set ASI Control Value ASI_HIGH_SPEED_MODE with value 0
2025-08-31T16:05:06.7256|WARNING|ASICamera.cs|SetControlValue|583|Failed to set ASI Control Value ASI_OVERCLOCK with value 0
2025-08-31T16:05:06.7258|WARNING|ASICamera.cs|SetControlValue|583|Failed to set ASI Control Value ASI_PATTERN_ADJUST with value 0
2025-08-31T16:05:06.7268|WARNING|ASICamera.cs|SetControlValue|583|Failed to set ASI Control Value ASI_MONO_BIN with value 0
2025-08-31T16:05:06.7281|INFO|ASICamera.cs|Initialize|677|Camera ID: ASI533MM
2025-08-31T16:05:06.7433|WARNING|ASICamera.cs|SetControlValue|583|Failed to set ASI Control Value ASI_ANTI_DEW_HEATER with value 0
2025-08-31T16:05:06.8462|INFO|CameraVM.cs|ChooseCamera|448|Successfully connected Camera. Id: ZWO ASI533MM Pro #0 Name: ZWO ASI533MM Pro DisplayName: ZWO ASI533MM Pro (ASI533MM)Driver Version: 1, 36, 0, 0
2025-08-31T16:05:06.8534|INFO|FilterWheelVM.cs|Disconnect|324|Disconnected Filter Wheel
2025-08-31T16:05:10.0126|INFO|FilterWheelVM.cs|ChooseFW|272|Successfully connected Filter Wheel. Id: ASCOM.EFW2.FilterWheel Name: ZWO FilterWheel (1) DisplayName: ZWO FilterWheel (1) Driver Version: 6.0
2025-08-31T16:05:10.0327|INFO|TelescopeVM.cs|Disconnect|763|Disconnected mount
2025-08-31T16:05:12.6933|INFO|AscomTelescope.cs|CheckMountTime|817|Mount UTC Time: 2025-08-31 21:05:12Z / System UTC Time: 2025-08-31 21:05:12Z; Difference: 0.003 seconds
2025-08-31T16:05:12.7409|INFO|AscomTelescope.cs|CheckMountTime|824|System time has been synced to the mount
2025-08-31T16:05:12.9687|INFO|TelescopeVM.cs|ChooseTelescope|518|Successfully connected mount. Id: ASCOM.iOptron2017.Telescope Name: iOptron CEM120,70,40,26, GEM, HEM, HAE, HAZ series and SkyHunter Mount DisplayName: iOptron CEM120,70,40,26, GEM, HEM, HAE, HAZ series and SkyHunter Mount Driver Version: 9.15
2025-08-31T16:05:12.9734|INFO|FocuserVM.cs|Disconnect|426|Disconnected Focuser
2025-08-31T16:05:14.1279|ERROR|AscomDevice.cs|GetProperty|398|An unexpected exception occurred during GET of Focuser.StepSize: 
ASCOM.DriverException: The method or operation is not implemented.
 ---> System.NotImplementedException: The method or operation is not implemented.
   --- End of inner exception stack trace ---
   at ASCOM.Com.DriverAccess.DynamicAccess.CheckDotNetExceptions(String memberName, Exception e)
   at ASCOM.Com.DriverAccess.DynamicAccess.TryGetMember(GetMemberBinder binder, Object& result)
   at CallSite.Target(Closure, CallSite, Object)
   at System.Dynamic.UpdateDelegates.UpdateAndExecute1[T0,TRet](CallSite site, T0 arg0)
   at ASCOM.Com.DriverAccess.Focuser.get_StepSize()
   at System.RuntimeMethodHandle.InvokeMethod(Object target, Void** arguments, Signature sig, Boolean isConstructor)
   at System.Reflection.MethodBaseInvoker.InvokeWithNoArgs(Object obj, BindingFlags invokeAttr)
2025-08-31T16:05:14.3297|INFO|AscomDevice.cs|GetProperty|356|Retrying to GET Focuser.StepSize - Attempt 2 / 3
2025-08-31T16:05:14.3330|ERROR|AscomDevice.cs|GetProperty|398|An unexpected exception occurred during GET of Focuser.StepSize: 
ASCOM.DriverException: The method or operation is not implemented.
 ---> System.NotImplementedException: The method or operation is not implemented.
   --- End of inner exception stack trace ---
   at ASCOM.Com.DriverAccess.DynamicAccess.CheckDotNetExceptions(String memberName, Exception e)
   at ASCOM.Com.DriverAccess.DynamicAccess.TryGetMember(GetMemberBinder binder, Object& result)
   at CallSite.Target(Closure, CallSite, Object)
   at ASCOM.Com.DriverAccess.Focuser.get_StepSize()
   at InvokeStub_Focuser.get_StepSize(Object, Object, IntPtr*)
   at System.Reflection.MethodBaseInvoker.InvokeWithNoArgs(Object obj, BindingFlags invokeAttr)
2025-08-31T16:05:14.5341|INFO|AscomDevice.cs|GetProperty|356|Retrying to GET Focuser.StepSize - Attempt 3 / 3
2025-08-31T16:05:14.5352|ERROR|AscomDevice.cs|GetProperty|398|An unexpected exception occurred during GET of Focuser.StepSize: 
ASCOM.DriverException: The method or operation is not implemented.
 ---> System.NotImplementedException: The method or operation is not implemented.
   --- End of inner exception stack trace ---
   at ASCOM.Com.DriverAccess.DynamicAccess.CheckDotNetExceptions(String memberName, Exception e)
   at ASCOM.Com.DriverAccess.DynamicAccess.TryGetMember(GetMemberBinder binder, Object& result)
   at CallSite.Target(Closure, CallSite, Object)
   at ASCOM.Com.DriverAccess.Focuser.get_StepSize()
   at InvokeStub_Focuser.get_StepSize(Object, Object, IntPtr*)
   at System.Reflection.MethodBaseInvoker.InvokeWithNoArgs(Object obj, BindingFlags invokeAttr)
2025-08-31T16:05:14.5355|INFO|AscomDevice.cs|GetProperty|408|GET Focuser.StepSize failed - Returning last known value 0
2025-08-31T16:05:14.7573|INFO|FocuserVM.cs|ChooseFocuser|324|Successfully connected Focuser. Id: ASCOM.EAF.Focuser Name: ZWO Focuser (1) DisplayName: ZWO Focuser (1) Driver Version: 6.0
2025-08-31T16:05:14.7706|INFO|RotatorVM.cs|Disconnect|438|Disconnected Rotator
2025-08-31T16:05:14.7870|INFO|PHD2Guider.cs|Connect|202|Connecting to PHD2 server at 127.0.0.1:4400
2025-08-31T16:05:22.4670|INFO|FlatDeviceVM.cs|Disconnect|279|Disconnected Flat Device
2025-08-31T16:05:22.4742|INFO|WeatherDataVM.cs|Disconnect|292|Disconnected Weather Device
2025-08-31T16:05:24.1453|INFO|AscomDevice.cs|GetProperty|379|Property ObservingConditions.SkyQuality GET is not implemented in this driver (SkyAlert Observing Conditions)
2025-08-31T16:05:24.1529|INFO|AscomDevice.cs|GetProperty|379|Property ObservingConditions.StarFWHM GET is not implemented in this driver (SkyAlert Observing Conditions)
2025-08-31T16:05:24.1670|INFO|WeatherDataVM.cs|ChooseWeatherData|143|Successfully connected Weather Device. Id: ASCOM.SkyAlert.ObservingConditions Name: SkyAlert Observing Conditions DisplayName: SkyAlert Observing Conditions Driver Version: 1.7
2025-08-31T16:05:24.1736|INFO|SwitchVM.cs|Disconnect|298|Disconnected Switch
2025-08-31T16:05:24.1873|INFO|DomeVM.cs|Disconnect|336|Disconnected Dome Device
2025-08-31T16:05:24.1924|INFO|SafetyMonitorVM.cs|Disconnect|208|Disconnected Safety Monitor
2025-08-31T16:05:24.6511|INFO|SafetyMonitorVM.cs|Connect|168|Successfully connected Safety Monitor. Id: ASCOM.GenericFile.SafetyMonitor Name: Generic File SafetyMonitor DisplayName: Generic File SafetyMonitor Driver Version: 6.4
2025-08-31T16:05:26.6668|INFO|SafetyMonitorVM.cs|UpdateMonitorValues|94|SafetyMonitorInfo state changed to Unsafe
2025-08-31T16:05:33.9075|INFO|DomeVM.cs|Disconnect|336|Disconnected Dome Device
2025-08-31T16:05:33.9130|INFO|FlatDeviceVM.cs|Disconnect|279|Disconnected Flat Device
2025-08-31T16:05:34.0584|INFO|CameraVM.cs|Disconnect|645|Disconnected Camera
2025-08-31T16:05:34.0611|INFO|AscomDevice.cs|Disconnect|299|Disconnecting from ASCOM.iOptron2017.Telescope iOptron CEM120,70,40,26, GEM, HEM, HAE, HAZ series and SkyHunter Mount
2025-08-31T16:05:34.1000|INFO|TelescopeVM.cs|Disconnect|763|Disconnected mount
2025-08-31T16:05:34.1003|INFO|AscomDevice.cs|Disconnect|299|Disconnecting from ASCOM.EFW2.FilterWheel ZWO FilterWheel (1)
2025-08-31T16:05:34.1104|INFO|FilterWheelVM.cs|Disconnect|324|Disconnected Filter Wheel
2025-08-31T16:05:34.1124|INFO|AscomDevice.cs|Disconnect|299|Disconnecting from ASCOM.EAF.Focuser ZWO Focuser (1)
2025-08-31T16:05:34.1558|INFO|FocuserVM.cs|Disconnect|426|Disconnected Focuser
2025-08-31T16:05:34.1581|INFO|RotatorVM.cs|Disconnect|438|Disconnected Rotator
2025-08-31T16:05:34.1600|INFO|SwitchVM.cs|Disconnect|298|Disconnected Switch
2025-08-31T16:05:34.1614|INFO|AscomDevice.cs|Disconnect|299|Disconnecting from ASCOM.SkyAlert.ObservingConditions SkyAlert Observing Conditions
2025-08-31T16:05:34.1724|INFO|WeatherDataVM.cs|Disconnect|292|Disconnected Weather Device
2025-08-31T16:05:34.1739|INFO|AscomDevice.cs|Disconnect|299|Disconnecting from ASCOM.GenericFile.SafetyMonitor Generic File SafetyMonitor
2025-08-31T16:05:34.1808|INFO|SafetyMonitorVM.cs|Disconnect|208|Disconnected Safety Monitor
2025-08-31T16:06:16.3319|INFO|Sequence2VM.cs|StartSequence|485|Advanced Sequence starting
2025-08-31T16:06:17.9999|INFO|SequenceItem.cs|Run|208|Starting Category: * Instruction Set *, Container: NINA.Sequencer.Container.SequenceRootContainer, Strategy: SequentialStrategy, Items[CREATED]: 3
2025-08-31T16:06:18.0146|INFO|SequenceItem.cs|Run|208|Starting Category: * Instruction Set *, Container: NINA.Sequencer.Container.StartAreaContainer, Strategy: SequentialStrategy, Items[CREATED]: 1
2025-08-31T16:06:18.0154|INFO|SequenceItem.cs|Run|208|Starting Category: Powerups (Misc), Item: TemplateByReference, TemplateName: Startup
2025-08-31T16:06:18.0169|INFO|SequenceItem.cs|Run|208|Starting Template Container Category: Powerups (Misc), Item: TemplateByReference, TemplateName: Startup
2025-08-31T16:06:18.0187|INFO|SequenceItem.cs|Run|208|Starting Category: * Instruction Set *, Container: NINA.Sequencer.Container.SequentialContainer, Strategy: SequentialStrategy, Items[CREATED]: 2, Triggers: Category: Ground Station, Item: Failures to Telegram
2025-08-31T16:06:18.0200|INFO|SequenceItem.cs|Run|208|Starting Category: * Instruction Set *, Container: NINA.Sequencer.Container.SequentialContainer, Strategy: SequentialStrategy, Items[CREATED]: 4
2025-08-31T16:06:18.0209|INFO|SequenceItem.cs|Run|208|Starting Category: Ground Station, Item: Send to Telegram
2025-08-31T16:06:18.9051|INFO|SequenceItem.cs|Run|254|Finishing Category: Ground Station, Item: Send to Telegram
2025-08-31T16:06:18.9091|INFO|SequenceItem.cs|Run|208|Starting Category: Utility, Item: WaitForTime, Time: 19:57:14h, Offset: -60
2025-08-31T19:57:24.1658|INFO|SequenceItem.cs|Run|254|Finishing Category: Utility, Item: WaitForTime, Time: 19:57:14h, Offset: -60
2025-08-31T19:57:24.1672|INFO|SequenceItem.cs|Run|208|Starting Category: Ground Station, Item: Send to Telegram
2025-08-31T19:57:24.8577|INFO|SequenceItem.cs|Run|254|Finishing Category: Ground Station, Item: Send to Telegram
2025-08-31T19:57:24.8590|INFO|SequenceItem.cs|Run|208|Starting Category: Connector, Item: ConnectAllEquipment
2025-08-31T19:57:24.8838|INFO|CameraChooserVM.cs|GetEquipment|69|Found 2 ASI Cameras
2025-08-31T19:57:24.9420|INFO|CameraChooserVM.cs|GetEquipment|84|Found 0 Altair Cameras
2025-08-31T19:57:24.9421|INFO|CameraChooserVM.cs|GetEquipment|96|Found 0 Atik Cameras
2025-08-31T19:57:24.9428|INFO|CameraChooserVM.cs|GetEquipment|110|Found 0 FLI Cameras
2025-08-31T19:57:24.9430|INFO|CameraChooserVM.cs|GetEquipment|130|Found 0 QHYCCD Cameras
2025-08-31T19:57:25.0843|INFO|CameraChooserVM.cs|GetEquipment|158|Found 0 ToupTek Cameras
2025-08-31T19:57:25.0895|INFO|CameraChooserVM.cs|GetEquipment|173|Found 0 Ogma Cameras
2025-08-31T19:57:25.0983|INFO|CameraChooserVM.cs|GetEquipment|188|Found 0 Omegon Cameras
2025-08-31T19:57:25.2267|INFO|CameraChooserVM.cs|GetEquipment|203|Found 0 RisingCam Cameras
2025-08-31T19:57:25.2380|INFO|CameraChooserVM.cs|GetEquipment|218|Found 0 MallinCam Cameras
2025-08-31T19:57:25.2403|INFO|CameraChooserVM.cs|GetEquipment|244|Found 0 SBIG Cameras
2025-08-31T19:57:25.2408|INFO|CameraChooserVM.cs|GetEquipment|264|Found 0 SVBony Cameras
2025-08-31T19:57:25.2411|INFO|CameraChooserVM.cs|GetEquipment|264|Found 0 PlayerOne Cameras
2025-08-31T19:57:25.2490|INFO|CameraChooserVM.cs|GetEquipment|264|Found 0 ASTPAN Cameras
2025-08-31T19:57:25.2497|INFO|CameraChooserVM.cs|GetEquipment|278|Found 4 ASCOM Cameras
2025-08-31T19:57:27.2504|INFO|CameraChooserVM.cs|GetEquipment|290|Found 0 Alpaca Cameras
2025-08-31T19:57:27.2638|INFO|CameraChooserVM.cs|GetEquipment|303|Found 0 Canon Cameras
2025-08-31T19:57:27.3213|INFO|CameraVM.cs|Disconnect|645|Disconnected Camera
2025-08-31T19:57:27.8460|WARNING|ASICamera.cs|SetControlValue|583|Failed to set ASI Control Value ASI_WB_B with value 50
2025-08-31T19:57:27.8463|WARNING|ASICamera.cs|SetControlValue|583|Failed to set ASI Control Value ASI_WB_R with value 50
2025-08-31T19:57:27.8464|WARNING|ASICamera.cs|SetControlValue|583|Failed to set ASI Control Value ASI_GAMMA with value 50
2025-08-31T19:57:27.8465|WARNING|ASICamera.cs|SetControlValue|583|Failed to set ASI Control Value ASI_HIGH_SPEED_MODE with value 0
2025-08-31T19:57:27.8718|WARNING|ASICamera.cs|SetControlValue|583|Failed to set ASI Control Value ASI_OVERCLOCK with value 0
2025-08-31T19:57:27.8719|WARNING|ASICamera.cs|SetControlValue|583|Failed to set ASI Control Value ASI_PATTERN_ADJUST with value 0
2025-08-31T19:57:27.8720|WARNING|ASICamera.cs|SetControlValue|583|Failed to set ASI Control Value ASI_MONO_BIN with value 0
2025-08-31T19:57:27.8733|INFO|ASICamera.cs|Initialize|677|Camera ID: ASI533MM
2025-08-31T19:57:27.8791|WARNING|ASICamera.cs|SetControlValue|583|Failed to set ASI Control Value ASI_ANTI_DEW_HEATER with value 0
2025-08-31T19:57:27.9489|INFO|CameraVM.cs|ChooseCamera|448|Successfully connected Camera. Id: ZWO ASI533MM Pro #0 Name: ZWO ASI533MM Pro DisplayName: ZWO ASI533MM Pro (ASI533MM)Driver Version: 1, 36, 0, 0
2025-08-31T19:57:30.5066|INFO|FilterWheelChooserVM.cs|GetEquipment|193|Found 0 Alpaca Filter Wheels
2025-08-31T19:57:31.2739|INFO|FilterWheelVM.cs|Disconnect|324|Disconnected Filter Wheel
2025-08-31T19:57:32.3000|INFO|FilterWheelVM.cs|ChooseFW|272|Successfully connected Filter Wheel. Id: ASCOM.EFW2.FilterWheel Name: ZWO FilterWheel (1) DisplayName: ZWO FilterWheel (1) Driver Version: 6.0
2025-08-31T19:57:34.3056|INFO|FocuserChooserVM.cs|GetEquipment|67|Found 0 Alpaca Focusers
2025-08-31T19:57:34.3061|INFO|FocuserVM.cs|Disconnect|426|Disconnected Focuser
2025-08-31T19:57:34.5399|ERROR|AscomDevice.cs|GetProperty|398|An unexpected exception occurred during GET of Focuser.StepSize: 
ASCOM.DriverException: The method or operation is not implemented.
 ---> System.NotImplementedException: The method or operation is not implemented.
   --- End of inner exception stack trace ---
   at ASCOM.Com.DriverAccess.DynamicAccess.CheckDotNetExceptions(String memberName, Exception e)
   at ASCOM.Com.DriverAccess.DynamicAccess.TryGetMember(GetMemberBinder binder, Object& result)
   at CallSite.Target(Closure, CallSite, Object)
   at ASCOM.Com.DriverAccess.Focuser.get_StepSize()
   at InvokeStub_Focuser.get_StepSize(Object, Object, IntPtr*)
   at System.Reflection.MethodBaseInvoker.InvokeWithNoArgs(Object obj, BindingFlags invokeAttr)
2025-08-31T19:57:34.7413|INFO|AscomDevice.cs|GetProperty|356|Retrying to GET Focuser.StepSize - Attempt 2 / 3
2025-08-31T19:57:34.7425|ERROR|AscomDevice.cs|GetProperty|398|An unexpected exception occurred during GET of Focuser.StepSize: 
ASCOM.DriverException: The method or operation is not implemented.
 ---> System.NotImplementedException: The method or operation is not implemented.
   --- End of inner exception stack trace ---
   at ASCOM.Com.DriverAccess.DynamicAccess.CheckDotNetExceptions(String memberName, Exception e)
   at ASCOM.Com.DriverAccess.DynamicAccess.TryGetMember(GetMemberBinder binder, Object& result)
   at CallSite.Target(Closure, CallSite, Object)
   at ASCOM.Com.DriverAccess.Focuser.get_StepSize()
   at InvokeStub_Focuser.get_StepSize(Object, Object, IntPtr*)
   at System.Reflection.MethodBaseInvoker.InvokeWithNoArgs(Object obj, BindingFlags invokeAttr)
2025-08-31T19:57:34.9434|INFO|AscomDevice.cs|GetProperty|356|Retrying to GET Focuser.StepSize - Attempt 3 / 3
2025-08-31T19:57:34.9458|ERROR|AscomDevice.cs|GetProperty|398|An unexpected exception occurred during GET of Focuser.StepSize: 
ASCOM.DriverException: The method or operation is not implemented.
 ---> System.NotImplementedException: The method or operation is not implemented.
   --- End of inner exception stack trace ---
   at ASCOM.Com.DriverAccess.DynamicAccess.CheckDotNetExceptions(String memberName, Exception e)
   at ASCOM.Com.DriverAccess.DynamicAccess.TryGetMember(GetMemberBinder binder, Object& result)
   at CallSite.Target(Closure, CallSite, Object)
   at ASCOM.Com.DriverAccess.Focuser.get_StepSize()
   at InvokeStub_Focuser.get_StepSize(Object, Object, IntPtr*)
   at System.Reflection.MethodBaseInvoker.InvokeWithNoArgs(Object obj, BindingFlags invokeAttr)
2025-08-31T19:57:34.9464|INFO|AscomDevice.cs|GetProperty|408|GET Focuser.StepSize failed - Returning last known value 0
2025-08-31T19:57:35.1521|INFO|FocuserVM.cs|ChooseFocuser|324|Successfully connected Focuser. Id: ASCOM.EAF.Focuser Name: ZWO Focuser (1) DisplayName: ZWO Focuser (1) Driver Version: 6.0
2025-08-31T19:57:37.1576|INFO|TelescopeChooserVM.cs|GetEquipment|69|Found 0 Alpaca Telescopes
2025-08-31T19:57:37.1806|INFO|TelescopeVM.cs|Disconnect|763|Disconnected mount
2025-08-31T19:57:37.2079|INFO|AscomTelescope.cs|CheckMountTime|817|Mount UTC Time: 2025-09-01 00:57:35Z / System UTC Time: 2025-09-01 00:57:37Z; Difference: 2.136 seconds
2025-08-31T19:57:37.2402|INFO|AscomTelescope.cs|CheckMountTime|824|System time has been synced to the mount
2025-08-31T19:57:37.3287|INFO|TelescopeVM.cs|ChooseTelescope|518|Successfully connected mount. Id: ASCOM.iOptron2017.Telescope Name: iOptron CEM120,70,40,26, GEM, HEM, HAE, HAZ series and SkyHunter Mount DisplayName: iOptron CEM120,70,40,26, GEM, HEM, HAE, HAZ series and SkyHunter Mount Driver Version: 9.15
2025-08-31T19:57:37.3390|INFO|PHD2Guider.cs|Connect|202|Connecting to PHD2 server at 127.0.0.1:4400
2025-08-31T19:57:39.4075|INFO|WeatherDataChooserVM.cs|GetEquipment|69|Found 0 Alpaca Observing Conditions
2025-08-31T19:57:39.4545|INFO|WeatherDataVM.cs|Disconnect|292|Disconnected Weather Device
2025-08-31T19:57:39.8484|INFO|AscomDevice.cs|GetProperty|379|Property ObservingConditions.SkyQuality GET is not implemented in this driver (SkyAlert Observing Conditions)
2025-08-31T19:57:39.8504|INFO|AscomDevice.cs|GetProperty|379|Property ObservingConditions.StarFWHM GET is not implemented in this driver (SkyAlert Observing Conditions)
2025-08-31T19:57:39.8513|INFO|WeatherDataVM.cs|ChooseWeatherData|143|Successfully connected Weather Device. Id: ASCOM.SkyAlert.ObservingConditions Name: SkyAlert Observing Conditions DisplayName: SkyAlert Observing Conditions Driver Version: 1.7
2025-08-31T19:57:41.8536|INFO|SafetyMonitorChooserVM.cs|GetEquipment|71|Found 0 Alpaca Safety Monitors
2025-08-31T19:57:41.8796|INFO|SafetyMonitorVM.cs|Disconnect|208|Disconnected Safety Monitor
2025-08-31T19:57:41.9723|INFO|SafetyMonitorVM.cs|Connect|168|Successfully connected Safety Monitor. Id: ASCOM.GenericFile.SafetyMonitor Name: Generic File SafetyMonitor DisplayName: Generic File SafetyMonitor Driver Version: 6.4
2025-08-31T19:57:41.9727|INFO|SequenceItem.cs|Run|254|Finishing Category: Connector, Item: ConnectAllEquipment
2025-08-31T19:57:41.9765|INFO|SequenceItem.cs|Run|254|Finishing Category: * Instruction Set *, Container: NINA.Sequencer.Container.SequentialContainer, Strategy: SequentialStrategy, Items[FINISHED]: 4
2025-08-31T19:57:41.9769|INFO|SequenceItem.cs|Run|208|Starting Category: * Instruction Set *, Container: NINA.Sequencer.Container.ParallelContainer, Strategy: ParallelStrategy, Items[CREATED]: 4
2025-08-31T19:57:41.9783|INFO|SequenceItem.cs|Run|208|Starting Category: Telescope, Item: FindHome
2025-08-31T19:57:41.9851|INFO|PHD2Guider.cs|StopGuiding|700|Phd2 - Stop Guiding skipped, as the app is already in state Looping
2025-08-31T19:57:41.9856|INFO|SequenceItem.cs|Run|208|Starting Category: Camera, Item: CoolCamera, Temperature: 0, Duration: 0
2025-08-31T19:57:41.9872|INFO|TelescopeVM.cs|FindHome|281|Mount ordered to locate home position
2025-08-31T19:57:41.9882|INFO|CameraVM.cs|CoolCamera|139|Cooling Camera. Target: 0 Duration: 00:00:00
2025-08-31T19:57:41.9906|ERROR|TelescopeVM.cs|FindHome|341|Mount cannot locate home because it is already at the home position
2025-08-31T19:57:41.9908|INFO|SequenceItem.cs|Run|254|Finishing Category: Telescope, Item: FindHome
2025-08-31T19:57:42.2194|INFO|SequenceItem.cs|Run|208|Starting Category: Ground Station, Item: Send to Telegram
2025-08-31T19:57:42.2213|INFO|SequenceItem.cs|Run|208|Starting Category: Utility, Item: WaitForTime, Time: 20:57:14h, Offset: 0
2025-08-31T19:57:42.8618|INFO|SequenceItem.cs|Run|254|Finishing Category: Ground Station, Item: Send to Telegram
2025-08-31T19:57:44.0154|INFO|SafetyMonitorVM.cs|UpdateMonitorValues|94|SafetyMonitorInfo state changed to Unsafe
2025-08-31T20:01:18.4776|INFO|SequenceItem.cs|Run|254|Finishing Category: Camera, Item: CoolCamera, Temperature: 0, Duration: 0
2025-08-31T20:57:15.0937|INFO|SequenceItem.cs|Run|254|Finishing Category: Utility, Item: WaitForTime, Time: 20:57:14h, Offset: 0
2025-08-31T20:57:15.0942|INFO|SequenceItem.cs|Run|254|Finishing Category: * Instruction Set *, Container: NINA.Sequencer.Container.ParallelContainer, Strategy: ParallelStrategy, Items[FINISHED]: 4
2025-08-31T20:57:15.0951|INFO|SequenceItem.cs|Run|254|Finishing Category: * Instruction Set *, Container: NINA.Sequencer.Container.SequentialContainer, Strategy: SequentialStrategy, Items[FINISHED]: 2, Triggers: Category: Ground Station, Item: Failures to Telegram
2025-08-31T20:57:15.0953|INFO|SequenceItem.cs|Run|254|Finishing Template Container Category: Powerups (Misc), Item: TemplateByReference, TemplateName: Startup
2025-08-31T20:57:15.0959|INFO|SequenceItem.cs|Run|254|Finishing Category: Powerups (Misc), Item: TemplateByReference, TemplateName: Startup
2025-08-31T20:57:15.0961|INFO|SequenceItem.cs|Run|254|Finishing Category: * Instruction Set *, Container: NINA.Sequencer.Container.StartAreaContainer, Strategy: SequentialStrategy, Items[FINISHED]: 1
2025-08-31T20:57:15.0964|INFO|SequenceItem.cs|Run|208|Starting Category: * Instruction Set *, Container: NINA.Sequencer.Container.TargetAreaContainer, Strategy: SequentialStrategy, Items[CREATED]: 1
2025-08-31T20:57:15.0968|INFO|SequenceItem.cs|Run|208|Starting Category: * Instruction Set *, Container: NINA.Sequencer.Container.SequentialContainer, Strategy: SequentialStrategy, Items[CREATED]: 1, Conditions: Condition: TimeCondition, Time: 6:8:8h, 
2025-08-31T20:57:15.1020|INFO|SequenceItem.cs|Run|208|Starting Category: * Instruction Set *, Container: NINA.Sequencer.Container.DeepSkyObjectContainer, Strategy: SequentialStrategy, Items[CREATED]: 8, Triggers: Trigger: MeridianFlipTriggerTrigger: RestoreGuidingTrigger: CenterAfterDriftTrigger, DistanceArcMinutes: 1Trigger: WhenUnsafeCategory: Ground Station, Item: Failures to Telegram, Target: SH2-129 RA: 21:11:16; Dec: 59° 51' 33"; Epoch: J2000 0
2025-08-31T20:57:15.1067|INFO|WhenUnsafe.cs|CheckSafe|77|IsSafe is now FALSE; connected = True, IsSafe = False
2025-08-31T20:57:15.1070|INFO|WhenCommon.cs|ShouldTrigger|360|ShouldTrigger TRUE from InterruptWhen, setting TriggerRunner
2025-08-31T20:57:15.1078|INFO|WhenCommon.cs|InterruptWhen|305|Interrupting current Instruction Set
2025-08-31T20:57:15.1216|INFO|WhenCommon.cs|InterruptWhen|315|Canceling sequence...
2025-08-31T20:57:15.1376|INFO|Sequencer.cs|Start|85|Sequence run was cancelled
2025-08-31T20:57:15.1544|INFO|Sequence2VM.cs|StartSequence|490|Advanced Sequence finished
2025-08-31T20:57:16.1475|INFO|WhenCommon.cs|InterruptWhen|322|Sequence longer running
2025-08-31T20:57:16.1486|WARNING|WhenCommon.cs|CheckSlewing|254|CheckSlewing, WhenUnsafe = True, Connected = True, CanSlew = True, info.Slewing = False
2025-08-31T20:57:16.1607|INFO|Sequence2VM.cs|StartSequence|485|Advanced Sequence starting
2025-08-31T20:57:16.1617|INFO|SequenceItem.cs|Run|208|Starting Category: * Instruction Set *, Container: NINA.Sequencer.Container.SequenceRootContainer, Strategy: SequentialStrategy, Items[CREATED]: 3
2025-08-31T20:57:16.1620|INFO|SequenceItem.cs|Run|208|Starting Category: * Instruction Set *, Container: NINA.Sequencer.Container.StartAreaContainer, Strategy: SequentialStrategy, Items[FINISHED]: 1
2025-08-31T20:57:16.1622|INFO|SequenceItem.cs|Run|254|Finishing Category: * Instruction Set *, Container: NINA.Sequencer.Container.StartAreaContainer, Strategy: SequentialStrategy, Items[FINISHED]: 1
2025-08-31T20:57:16.1623|INFO|SequenceItem.cs|Run|208|Starting Category: * Instruction Set *, Container: NINA.Sequencer.Container.TargetAreaContainer, Strategy: SequentialStrategy, Items[CREATED]: 1
2025-08-31T20:57:16.1625|INFO|SequenceItem.cs|Run|208|Starting Category: * Instruction Set *, Container: NINA.Sequencer.Container.SequentialContainer, Strategy: SequentialStrategy, Items[CREATED]: 1, Conditions: Condition: TimeCondition, Time: 6:8:8h, 
2025-08-31T20:57:16.1628|INFO|SequenceItem.cs|Run|208|Starting Category: * Instruction Set *, Container: NINA.Sequencer.Container.DeepSkyObjectContainer, Strategy: SequentialStrategy, Items[CREATED]: 8, Triggers: Trigger: MeridianFlipTriggerTrigger: RestoreGuidingTrigger: CenterAfterDriftTrigger, DistanceArcMinutes: 1Trigger: WhenUnsafeCategory: Ground Station, Item: Failures to Telegram, Target: SH2-129 RA: 21:11:16; Dec: 59° 51' 33"; Epoch: J2000 0
2025-08-31T20:57:16.1655|INFO|MeridianFlipTrigger.cs|ShouldTrigger|197|Meridian Flip - Telescope is at home position. Skip flip evaluation
2025-08-31T20:57:16.1810|INFO|WhenCommon.cs|ShouldTrigger|364|ShouldTrigger TRUE, setting TriggerRunner
2025-08-31T20:57:16.1834|INFO|SequenceTrigger.cs|Run|114|Starting Trigger: WhenUnsafe
2025-08-31T20:57:16.1884|INFO|WhenCommon.cs|Execute|377|Execute 0
2025-08-31T20:57:16.1887|INFO|WhenCommon.cs|Execute|391|When: running TriggerRunner, InFlight -> true, Triggered -> false
2025-08-31T20:57:16.1887|WARNING|WhenCommon.cs|CheckSlewing|254|CheckSlewing, WhenUnsafe = True, Connected = True, CanSlew = True, info.Slewing = False
2025-08-31T20:57:16.1888|INFO|SequenceItem.cs|Run|208|Starting Category: , Container: WhenPlugin.When.IfContainer, Strategy: SequentialStrategy, Items[CREATED]: 4
2025-08-31T20:57:16.1895|INFO|MeridianFlipTrigger.cs|ShouldTrigger|197|Meridian Flip - Telescope is at home position. Skip flip evaluation
2025-08-31T20:57:16.1896|INFO|SequenceItem.cs|Run|208|Starting Category: Ground Station, Item: Send to Telegram
2025-08-31T20:57:16.8626|INFO|SequenceItem.cs|Run|254|Finishing Category: Ground Station, Item: Send to Telegram
2025-08-31T20:57:16.8645|INFO|MeridianFlipTrigger.cs|ShouldTrigger|197|Meridian Flip - Telescope is at home position. Skip flip evaluation
2025-08-31T20:57:16.8652|INFO|SequenceItem.cs|Run|208|Starting Category: Guider, Item: StopGuiding
2025-08-31T20:57:16.8726|INFO|PHD2Guider.cs|StopGuiding|700|Phd2 - Stop Guiding skipped, as the app is already in state Looping
2025-08-31T20:57:16.8728|INFO|SequenceItem.cs|Run|254|Finishing Category: Guider, Item: StopGuiding
2025-08-31T20:57:16.8737|INFO|MeridianFlipTrigger.cs|ShouldTrigger|197|Meridian Flip - Telescope is at home position. Skip flip evaluation
2025-08-31T20:57:16.8739|INFO|SequenceItem.cs|Run|208|Starting Category: Telescope, Item: FindHome
2025-08-31T20:57:16.8795|INFO|PHD2Guider.cs|StopGuiding|700|Phd2 - Stop Guiding skipped, as the app is already in state Looping
2025-08-31T20:57:16.8797|INFO|TelescopeVM.cs|FindHome|281|Mount ordered to locate home position
2025-08-31T20:57:16.8872|ERROR|TelescopeVM.cs|FindHome|341|Mount cannot locate home because it is already at the home position
2025-08-31T20:57:16.8874|INFO|SequenceItem.cs|Run|254|Finishing Category: Telescope, Item: FindHome
2025-08-31T20:57:16.8975|INFO|MeridianFlipTrigger.cs|ShouldTrigger|197|Meridian Flip - Telescope is at home position. Skip flip evaluation
2025-08-31T20:57:16.8982|INFO|SequenceItem.cs|Run|208|Starting Category: Powerups (Safety), Item: OnceSafe
