----------------------------------------------------------------------
--------------N.I.N.A. - Nighttime Imaging 'N' Astronomy--------------
--------------------------Version 3.2.0.9001--------------------------
-------------------------2025-12-13T09:33:28--------------------------
----------------------------------------------------------------------
---------------------Microsoft Windows 10.0.19045---------------------
-------------------------OS Architecture X64--------------------------
-----------------------Process Architecture X64-----------------------
-----------------------------.NET 8.0.21------------------------------
----------------------------------------------------------------------
--------------------------Processor Count 4---------------------------
--------------------Total Physical Memory 7.84 GB---------------------
----------------------------------------------------------------------
DATE|LEVEL|SOURCE|MEMBER|LINE|MESSAGE
2025-12-13T09:33:28.6925|INFO|CameraChooserVM.cs|GetEquipment|69|Found 2 ASI Cameras
2025-12-13T09:33:29.2475|INFO|CameraChooserVM.cs|GetEquipment|84|Found 0 Altair Cameras
2025-12-13T09:33:29.5746|INFO|CameraChooserVM.cs|GetEquipment|96|Found 0 Atik Cameras
2025-12-13T09:33:29.5757|INFO|CameraChooserVM.cs|GetEquipment|110|Found 0 FLI Cameras
2025-12-13T09:33:30.8578|INFO|CameraChooserVM.cs|GetEquipment|130|Found 0 QHYCCD Cameras
2025-12-13T09:33:31.2309|INFO|CameraChooserVM.cs|GetEquipment|158|Found 0 ToupTek Cameras
2025-12-13T09:33:31.3685|INFO|CameraChooserVM.cs|GetEquipment|173|Found 0 Ogma Cameras
2025-12-13T09:33:31.5164|INFO|CameraChooserVM.cs|GetEquipment|188|Found 0 Omegon Cameras
2025-12-13T09:33:31.8295|INFO|CameraChooserVM.cs|GetEquipment|203|Found 0 RisingCam Cameras
2025-12-13T09:33:32.0484|INFO|CameraChooserVM.cs|GetEquipment|218|Found 0 MallinCam Cameras
2025-12-13T09:33:32.1929|INFO|CameraChooserVM.cs|GetEquipment|243|Found 0 SVBony Cameras
2025-12-13T09:33:32.1960|INFO|CameraChooserVM.cs|GetEquipment|259|Found 0 SBIG Cameras
2025-12-13T09:33:35.4614|INFO|API.cs|Start|99|Starting Webserver
2025-12-13T09:33:35.4628|INFO|API.cs|APITask|134|starting web server, listening at 172.19.6.111:1888
2025-12-13T09:33:35.6272|INFO|NINALogWatcher.cs|Start|33|watching log file: C:\Users\nicka\AppData\Local\NINA\Logs\20251213-093325-3.2.0.9001.13864-202512.log
2025-12-13T09:33:35.6432|INFO|PluginLoader.cs|LoadPlugin|402|Successfully loaded plugin Advanced API version 2.2.13.0 by Christian Palm
2025-12-13T09:33:35.7865|INFO|PluginLoader.cs|LoadPlugin|402|Successfully loaded plugin Autofocus Report Analysis version 2.0.0.9 by Stefan Berg @isbeorn
2025-12-13T09:33:35.9667|INFO|PluginLoader.cs|LoadPlugin|402|Successfully loaded plugin Connector version 2.1.0.2 by Stefan Berg @isbeorn
2025-12-13T09:33:36.1415|INFO|PluginLoader.cs|LoadPlugin|402|Successfully loaded plugin Device Actions and Commands version 2.2.0.0 by Dale Ghent
2025-12-13T09:33:36.6997|INFO|PluginLoader.cs|LoadPlugin|402|Successfully loaded plugin Discord Alert version 2.2.0.0 by Drew McDermott
2025-12-13T09:33:38.0995|INFO|PluginLoader.cs|LoadPlugin|402|Successfully loaded plugin Discord Notification version 2.0.0.8 by Daniel Ludwig
2025-12-13T09:33:39.0212|INFO|DitherStatisticsVM.cs|CreatePluginIcon|1365|Plugin icon geometry created successfully
2025-12-13T09:33:39.0443|INFO|DitherStatisticsVM.cs|LoadDataTemplates|1334|DitherStatistics DataTemplates loaded successfully
2025-12-13T09:33:39.0476|INFO|DitherStatisticsVM.cs|SaveQualityAssessmentSetting|383|Quality Assessment setting saved to file: True
2025-12-13T09:33:39.0478|INFO|DitherStatisticsVM.cs|LoadQualityAssessmentSetting|360|Quality Assessment setting loaded from file: True
2025-12-13T09:33:39.0483|INFO|DitherStatisticsVM.cs|SubscribeToGuiderEvents|716|Subscribed to NINA guider events
2025-12-13T09:33:39.0506|INFO|DitherStatisticsVM.cs|StartThemeColorMonitoring|1211|Initial PrimaryBrush color: R:176 G:179 B:185
2025-12-13T09:33:39.0508|INFO|DitherStatisticsVM.cs|.ctor|92|DitherStatisticsVM initialized successfully with ScottPlot 4.1 (Lazy Loading)!
2025-12-13T09:33:39.0516|INFO|PluginLoader.cs|LoadPlugin|402|Successfully loaded plugin Dither Statistics version 1.2.0.4 by Thierry Tschanz
2025-12-13T09:33:39.2144|INFO|PluginLoader.cs|LoadPlugin|402|Successfully loaded plugin Filter Offset Calculator version 2.0.0.0 by S. Dimant & Stefan Berg
2025-12-13T09:33:39.4226|INFO|PluginLoader.cs|LoadPlugin|402|Successfully loaded plugin Flexure Correction version 0.8.0.0 by Francesco Meschia
2025-12-13T09:33:41.0535|INFO|DitherStatisticsVM.cs|ConnectToPHD2|590|Attempting to connect to PHD2...
2025-12-13T09:33:41.0553|INFO|PHD2Client.cs|ConnectAsync|48|PHD2Client: Connecting to PHD2 at 127.0.0.1:4400...
2025-12-13T09:33:41.8421|INFO|PluginLoader.cs|LoadPlugin|402|Successfully loaded plugin Ground Station version 3.0.0.117 by Dale Ghent
2025-12-13T09:33:43.1013|ERROR|PHD2Client.cs|ConnectAsync|69|PHD2Client: Connection failed: No connection could be made because the target machine actively refused it.
2025-12-13T09:33:43.1017|INFO|DitherStatisticsVM.cs|OnPHD2ConnectionStatusChanged|619|PHD2 Connection Status: Connection failed: No connection could be made because the target machine actively refused it.
2025-12-13T09:33:52.5101|INFO|PluginLoader.cs|LoadPlugin|402|Successfully loaded plugin Hocus Focus version 3.0.0.24 by George Hilios (jokogeo)
2025-12-13T09:33:53.3261|INFO|PluginLoader.cs|LoadPlugin|402|Successfully loaded plugin Horizon Creator version 1.1.2.0 by Christian Palm
2025-12-13T09:33:53.5195|INFO|PluginLoader.cs|LoadPlugin|402|Successfully loaded plugin Lightbucket version 2.2.4.0 by Lightbucket
2025-12-13T09:33:54.2713|INFO|PluginLoader.cs|LoadPlugin|402|Successfully loaded plugin Livestack version 1.0.1.7 by Stefan Berg @isbeorn
2025-12-13T09:33:54.4661|INFO|PluginLoader.cs|LoadPlugin|402|Successfully loaded plugin Log Viewer version 1.0.0.2 by Alexander Wrede @astro_alex80
2025-12-13T09:33:54.6501|INFO|PluginLoader.cs|LoadPlugin|402|Successfully loaded plugin Moon Angle version 2.2.0.0 by Dale Ghent
2025-12-13T09:33:54.9349|INFO|PluginLoader.cs|LoadPlugin|402|Successfully loaded plugin Phd2 Tools version 1.0.6.0 by Stefan Berg @isbeorn
2025-12-13T09:33:55.2466|INFO|PluginLoader.cs|LoadPlugin|402|Successfully loaded plugin PixInsight Tools version 1.0.0.3 by Stefan Berg
2025-12-13T09:33:56.0195|INFO|PluginLoader.cs|LoadPlugin|402|Successfully loaded plugin Point3D version 0.2.3.0 by Drew McDermott
2025-12-13T09:33:56.2953|INFO|PluginLoader.cs|LoadPlugin|402|Successfully loaded plugin Scope Control version 2.0.2.1 by Stefan Berg @isbeorn
2025-12-13T09:33:58.2158|WARNING|When.cs|GetRunningItem|143|Can't get running items: SequencerNavigation not initialized yet!
2025-12-13T09:33:58.4520|INFO|PluginLoader.cs|LoadPlugin|402|Successfully loaded plugin Sequencer Powerups version 3.28.6.1 by Marc Blank
2025-12-13T09:33:59.1518|INFO|PluginLoader.cs|LoadPlugin|402|Successfully loaded plugin Session Metadata version 2.6.3.0 by Tom Palmer @tcpalmer
2025-12-13T09:33:59.2891|INFO|PluginLoader.cs|LoadPlugin|402|Successfully loaded plugin Shutdown PC version 2.2.0.0 by Dale Ghent
2025-12-13T09:33:59.5270|INFO|PluginLoader.cs|LoadPlugin|402|Successfully loaded plugin SkyFlats version 1.0.0.4 by Gerald Hitz (@photon)
2025-12-13T09:33:59.8974|INFO|PluginLoader.cs|LoadPlugin|402|Successfully loaded plugin Smart Filters version 1.0.0.3 by Benoit SAINTOT
2025-12-13T09:34:00.3647|INFO|PluginLoader.cs|LoadPlugin|402|Successfully loaded plugin Target Planning version 3.2.1.0 by Tom Palmer @tcpalmer
2025-12-13T09:34:03.2445|WARNING|When.cs|GetRunningItem|143|Can't get running items: SequencerNavigation not initialized yet!
2025-12-13T09:34:03.6076|INFO|PluginLoader.cs|LoadPlugin|402|Successfully loaded plugin Target Scheduler version 5.8.3.0 by Tom Palmer @tcpalmer
2025-12-13T09:34:03.9890|INFO|PluginLoader.cs|LoadPlugin|402|Successfully loaded plugin Three Point Polar Alignment version 2.2.4.2 by Stefan Berg @isbeorn
2025-12-13T09:34:05.3724|INFO|SessionHistoryManager.cs|PurgeHistoryOlderThan|102|purging web session history older than 10 days
2025-12-13T09:34:05.4591|INFO|PluginLoader.cs|LoadPlugin|402|Successfully loaded plugin Web Session History Viewer version 2.2.1.0 by Tom Palmer @tcpalmer
2025-12-13T09:34:05.8343|INFO|PluginFetcher.cs|RequestAll|43|Fetching plugin manifests from https://nighttime-imaging.eu/wp-json/nina/v1/plugins/manifests
2025-12-13T09:34:05.9040|INFO|FilterWheelChooserVM.cs|GetEquipment|167|Found 1 Networked Filter Wheel Filter Wheels
2025-12-13T09:34:06.1445|INFO|CameraChooserVM.cs|GetEquipment|279|Found 0 SVBony Cameras
2025-12-13T09:34:06.2731|INFO|CameraChooserVM.cs|GetEquipment|279|Found 0 PlayerOne Cameras
2025-12-13T09:34:06.3674|INFO|CameraChooserVM.cs|GetEquipment|279|Found 0 ASTPAN Cameras
2025-12-13T09:34:06.8457|INFO|CameraChooserVM.cs|GetEquipment|293|Found 4 ASCOM Cameras
2025-12-13T09:34:07.2578|INFO|RotatorChooserVM.cs|GetEquipment|45|Found 1 Networked Rotator Rotators
2025-12-13T09:34:08.2569|WARNING|When.cs|GetRunningItem|143|Can't get running items: SequencerNavigation not initialized yet!
2025-12-13T09:34:08.8658|INFO|WeatherDataChooserVM.cs|GetEquipment|69|Found 0 Alpaca Observing Conditions
2025-12-13T09:34:08.8658|INFO|CameraChooserVM.cs|GetEquipment|305|Found 0 Alpaca Cameras
2025-12-13T09:34:08.8680|INFO|SafetyMonitorChooserVM.cs|GetEquipment|71|Found 0 Alpaca Safety Monitors
2025-12-13T09:34:08.8712|INFO|CameraChooserVM.cs|GetEquipment|318|Found 0 Canon Cameras
2025-12-13T09:34:08.8732|INFO|FilterWheelChooserVM.cs|GetEquipment|193|Found 0 Alpaca Filter Wheels
2025-12-13T09:34:09.2607|INFO|SwitchChooserVM.cs|GetEquipment|71|Found 0 Alpaca Switch Hubs
2025-12-13T09:34:09.2624|INFO|RotatorChooserVM.cs|GetEquipment|68|Found 0 Alpaca Rotators
2025-12-13T09:34:09.2767|INFO|TelescopeChooserVM.cs|GetEquipment|69|Found 0 Alpaca Telescopes
2025-12-13T09:34:09.5637|INFO|FlatDeviceChooserVM.cs|GetEquipment|67|Found 0 Alpaca Cover Calibrators
2025-12-13T09:34:09.5796|INFO|DomeChooserVM.cs|GetEquipment|67|Found 0 Alpaca Domes
2025-12-13T09:34:09.8880|INFO|PluginFetcher.cs|RequestAll|57|Found 67 valid plugins at https://nighttime-imaging.eu/wp-json/nina/v1/plugins/manifests
2025-12-13T09:34:10.9960|INFO|ApplicationVM.cs|CheckDiskInfo|100|Available Space on Drive C:\: 138.12 GB
2025-12-13T09:34:11.0002|INFO|ApplicationVM.cs|CheckASCOMPlatformVersion|81|ASCOM Platform 6.6.2.4195 installed
2025-12-13T09:34:11.0026|INFO|ApplicationVM.cs|CheckDiskInfo|102|Drive E:\ is not ready
2025-12-13T09:34:11.0104|INFO|ApplicationVM.cs|CheckDiskInfo|100|Available Space on Drive Z:\: 27.25 GB
2025-12-13T09:34:11.2980|INFO|FocuserChooserVM.cs|GetEquipment|84|Found 0 Alpaca Focusers
2025-12-13T09:34:11.4769|INFO|DitherStatisticsVM.cs|StartThemeColorMonitoring|1220|Theme color monitoring timer started on UI thread
2025-12-13T09:36:20.3495|INFO|CameraVM.cs|Disconnect|650|Disconnected Camera
2025-12-13T09:36:20.8770|WARNING|ASICamera.cs|SetControlValue|568|Failed to set ASI Control Value ASI_WB_B with value 50
2025-12-13T09:36:20.8772|WARNING|ASICamera.cs|SetControlValue|568|Failed to set ASI Control Value ASI_WB_R with value 50
2025-12-13T09:36:20.8772|WARNING|ASICamera.cs|SetControlValue|568|Failed to set ASI Control Value ASI_GAMMA with value 50
2025-12-13T09:36:20.8772|WARNING|ASICamera.cs|SetControlValue|568|Failed to set ASI Control Value ASI_HIGH_SPEED_MODE with value 0
2025-12-13T09:36:20.8773|WARNING|ASICamera.cs|SetControlValue|568|Failed to set ASI Control Value ASI_OVERCLOCK with value 0
2025-12-13T09:36:20.8773|WARNING|ASICamera.cs|SetControlValue|568|Failed to set ASI Control Value ASI_PATTERN_ADJUST with value 0
2025-12-13T09:36:20.8778|WARNING|ASICamera.cs|SetControlValue|568|Failed to set ASI Control Value ASI_MONO_BIN with value 0
2025-12-13T09:36:20.8788|INFO|ASICamera.cs|Initialize|664|Camera ID: ASI533MM
2025-12-13T09:36:20.8864|WARNING|ASICamera.cs|SetControlValue|568|Failed to set ASI Control Value ASI_ANTI_DEW_HEATER with value 0
2025-12-13T09:36:20.9541|INFO|CameraVM.cs|ChooseCamera|455|Successfully connected Camera. Id: ZWOptical_ZWO ASI533MM Pro_ASI533MM Name: ZWO ASI533MM Pro DisplayName: ZWO ASI533MM Pro (ASI533MM)Driver Version: 1, 39, 0, 0
2025-12-13T09:36:20.9619|INFO|FilterWheelVM.cs|Disconnect|333|Disconnected Filter Wheel
2025-12-13T09:36:24.1116|INFO|FilterWheelVM.cs|ChooseFW|279|Successfully connected Filter Wheel. Id: ASCOM.EFW2.FilterWheel Name: ZWO FilterWheel DisplayName: ZWO FilterWheel (ASCOM) Driver Version: 6.0
2025-12-13T09:36:24.1475|INFO|TelescopeVM.cs|Disconnect|740|Disconnected mount
2025-12-13T09:36:26.7519|INFO|AscomTelescope.cs|CheckMountTime|845|Mount UTC Time: 2025-12-13 15:36:26Z / System UTC Time: 2025-12-13 15:36:26Z; Difference: 0.004 seconds
2025-12-13T09:36:26.7991|INFO|AscomTelescope.cs|CheckMountTime|852|System time has been synced to the mount
2025-12-13T09:36:27.0848|INFO|TelescopeVM.cs|ChooseTelescope|535|Successfully connected mount. Id: ASCOM.iOptron2017.Telescope Name: iOptron CEM120,70,40,26, GEM, HEM, HAE, HAZ series and SkyHunter Mount DisplayName: iOptron CEM120,70,40,26, GEM, HEM, HAE, HAZ series and SkyHunter Mount (ASCOM) Driver Version: 9.15
2025-12-13T09:36:27.0920|INFO|FocuserVM.cs|Disconnect|441|Disconnected Focuser
2025-12-13T09:36:28.5754|ERROR|AscomDevice.cs|GetProperty|546|An unexpected exception occurred during GET of Focuser.StepSize: 
ASCOM.DriverException: The method or operation is not implemented.
 ---> System.NotImplementedException: The method or operation is not implemented.
   --- End of inner exception stack trace ---
   at ASCOM.Com.DriverAccess.DynamicAccess.CheckDotNetExceptions(String memberName, Exception e) in J:\ASCOMLibrary\ASCOM.Com\ASCOM.Com.DriverAccess\BaseClass\DynamicAccess.cs:line 278
   at ASCOM.Com.DriverAccess.DynamicAccess.TryGetMember(GetMemberBinder binder, Object& result) in J:\ASCOMLibrary\ASCOM.Com\ASCOM.Com.DriverAccess\BaseClass\DynamicAccess.cs:line 150
   at CallSite.Target(Closure, CallSite, Object)
   at System.Dynamic.UpdateDelegates.UpdateAndExecute1[T0,TRet](CallSite site, T0 arg0)
   at ASCOM.Com.DriverAccess.Focuser.get_StepSize() in J:\ASCOMLibrary\ASCOM.Com\ASCOM.Com.DriverAccess\Focuser.cs:line 159
   at System.RuntimeMethodHandle.InvokeMethod(Object target, Void** arguments, Signature sig, Boolean isConstructor)
   at System.Reflection.MethodBaseInvoker.InvokeWithNoArgs(Object obj, BindingFlags invokeAttr)
2025-12-13T09:36:28.7903|INFO|AscomDevice.cs|GetProperty|485|Retrying to GET Focuser.StepSize - Attempt 2 / 3
2025-12-13T09:36:28.7919|ERROR|AscomDevice.cs|GetProperty|546|An unexpected exception occurred during GET of Focuser.StepSize: 
ASCOM.DriverException: The method or operation is not implemented.
 ---> System.NotImplementedException: The method or operation is not implemented.
   --- End of inner exception stack trace ---
   at ASCOM.Com.DriverAccess.DynamicAccess.CheckDotNetExceptions(String memberName, Exception e) in J:\ASCOMLibrary\ASCOM.Com\ASCOM.Com.DriverAccess\BaseClass\DynamicAccess.cs:line 278
   at ASCOM.Com.DriverAccess.DynamicAccess.TryGetMember(GetMemberBinder binder, Object& result) in J:\ASCOMLibrary\ASCOM.Com\ASCOM.Com.DriverAccess\BaseClass\DynamicAccess.cs:line 150
   at CallSite.Target(Closure, CallSite, Object)
   at ASCOM.Com.DriverAccess.Focuser.get_StepSize() in J:\ASCOMLibrary\ASCOM.Com\ASCOM.Com.DriverAccess\Focuser.cs:line 159
   at InvokeStub_Focuser.get_StepSize(Object, Object, IntPtr*)
   at System.Reflection.MethodBaseInvoker.InvokeWithNoArgs(Object obj, BindingFlags invokeAttr)
2025-12-13T09:36:28.9925|INFO|AscomDevice.cs|GetProperty|485|Retrying to GET Focuser.StepSize - Attempt 3 / 3
2025-12-13T09:36:28.9939|ERROR|AscomDevice.cs|GetProperty|546|An unexpected exception occurred during GET of Focuser.StepSize: 
ASCOM.DriverException: The method or operation is not implemented.
 ---> System.NotImplementedException: The method or operation is not implemented.
   --- End of inner exception stack trace ---
   at ASCOM.Com.DriverAccess.DynamicAccess.CheckDotNetExceptions(String memberName, Exception e) in J:\ASCOMLibrary\ASCOM.Com\ASCOM.Com.DriverAccess\BaseClass\DynamicAccess.cs:line 278
   at ASCOM.Com.DriverAccess.DynamicAccess.TryGetMember(GetMemberBinder binder, Object& result) in J:\ASCOMLibrary\ASCOM.Com\ASCOM.Com.DriverAccess\BaseClass\DynamicAccess.cs:line 150
   at CallSite.Target(Closure, CallSite, Object)
   at ASCOM.Com.DriverAccess.Focuser.get_StepSize() in J:\ASCOMLibrary\ASCOM.Com\ASCOM.Com.DriverAccess\Focuser.cs:line 159
   at InvokeStub_Focuser.get_StepSize(Object, Object, IntPtr*)
   at System.Reflection.MethodBaseInvoker.InvokeWithNoArgs(Object obj, BindingFlags invokeAttr)
2025-12-13T09:36:28.9946|INFO|AscomDevice.cs|GetProperty|556|GET Focuser.StepSize failed - Returning last known value 0
2025-12-13T09:36:29.2189|INFO|FocuserVM.cs|ChooseFocuser|333|Successfully connected Focuser. Id: ASCOM.EAF.Focuser Name: ZWO Focuser DisplayName: ZWO Focuser (ASCOM) Driver Version: 6.0
2025-12-13T09:36:29.2290|INFO|RotatorVM.cs|Disconnect|447|Disconnected Rotator
2025-12-13T09:36:29.2401|INFO|PHD2Guider.cs|Connect|205|Connecting to PHD2 server at 127.0.0.1:4400
2025-12-13T09:36:36.9395|INFO|FlatDeviceVM.cs|Disconnect|289|Disconnected Flat Device
2025-12-13T09:36:36.9636|INFO|WeatherDataVM.cs|Disconnect|305|Disconnected Weather Device
2025-12-13T09:36:38.6203|INFO|AscomDevice.cs|GetProperty|527|Property ObservingConditions.SkyQuality GET is not implemented in this driver (SkyAlert Observing Conditions)
2025-12-13T09:36:38.6297|INFO|AscomDevice.cs|GetProperty|527|Property ObservingConditions.StarFWHM GET is not implemented in this driver (SkyAlert Observing Conditions)
2025-12-13T09:36:38.6472|INFO|WeatherDataVM.cs|ChooseWeatherData|150|Successfully connected Weather Device. Id: ASCOM.SkyAlert.ObservingConditions Name: SkyAlert Observing Conditions DisplayName: SkyAlert Observing Conditions (ASCOM) Driver Version: 1.7
2025-12-13T09:36:38.6558|INFO|SwitchVM.cs|Disconnect|309|Disconnected Switch
2025-12-13T09:36:38.6796|INFO|DomeVM.cs|Disconnect|355|Disconnected Dome Device
2025-12-13T09:36:38.6883|INFO|SafetyMonitorVM.cs|Disconnect|221|Disconnected Safety Monitor
2025-12-13T09:36:39.2974|INFO|SafetyMonitorVM.cs|Connect|175|Successfully connected Safety Monitor. Id: ASCOM.GenericFile.SafetyMonitor Name: Generic File driver DisplayName: Generic File driver (ASCOM) Driver Version: 6.4
2025-12-13T09:36:41.3011|INFO|SafetyMonitorVM.cs|UpdateMonitorValues|95|SafetyMonitorInfo state changed to Unsafe
2025-12-13T09:36:41.7025|INFO|PHD2Client.cs|ConnectAsync|62|PHD2Client: Connected successfully!
2025-12-13T09:36:41.7027|INFO|DitherStatisticsVM.cs|OnPHD2ConnectionStatusChanged|616|PHD2 Connection Status: Connected
2025-12-13T09:36:41.7028|INFO|DitherStatisticsVM.cs|ConnectToPHD2|595|Successfully connected to PHD2!
2025-12-13T09:36:41.7065|INFO|PHD2Client.cs|ReadEventsAsync|102|PHD2Client: Started reading events
2025-12-13T09:36:41.7727|INFO|PHD2Client.cs|HandleVersion|256|PHD2Client: Connected to PHD2 version 2.6.13.dev8 (Message Protocol v1)
2025-12-13T09:36:41.7741|INFO|PHD2Client.cs|ProcessEvent|173|PHD2: CalibrationComplete
2025-12-13T09:36:41.7750|INFO|PHD2Client.cs|HandleAppState|266|PHD2Client: PHD2 AppState: Stopped
2025-12-13T09:40:14.6644|INFO|FramingAssistantVM.cs|LoadImage|1088|Loading image from source FILE with field of view 8° for coordinates RA: 00:00:00; Dec: 00° 00' 00"; Epoch: J2000
2025-12-13T09:40:38.5208|INFO|ImageSolver.cs|Solve|41|Platesolving with parameters: FocalLength: 360 PixelSize: 3.76 SearchRadius: 30 BlindFailoverEnabled: False Regions: 5000 DownSampleFactor: 0 MaxObjects: 500 Reference Coordinates RA: 06:57:40 Dec: -25° 23' 31" Epoch: J2000
2025-12-13T09:40:38.9158|INFO|BaseImageData.cs|SaveToDisk|346|Saved image to C:\Users\nicka\AppData\Local\NINA\PlateSolver\f2lmlhv1.y3a.fits
2025-12-13T09:40:39.9402|INFO|ImageSolver.cs|Solve|54|Platesolve successful: Coordinates: RA: 06:57:47; Dec: -25° 23' 13"; Epoch: J2000 - Position Angle: 144.54039456489062
2025-12-13T09:40:55.7546|INFO|FramingAssistantVM.cs|GetRotationFromCamera|323|Determining camera rotation for framing
2025-12-13T09:40:55.7887|INFO|FilterWheelVM.cs|ChangeFilter|112|Moving to Filter L at Position 0
2025-12-13T09:40:56.0032|INFO|FocuserVM.cs|MoveFocuserInternal|216|Moving Focuser to position 387114
2025-12-13T09:40:59.2972|INFO|CameraVM.cs|Capture|742|Starting Exposure - Exposure Time: 2s; Filter: L; Gain: 275; Offset 40; Binning: 1x1;
2025-12-13T09:41:03.7505|INFO|FilterWheelVM.cs|ChangeFilter|112|Moving to Filter O at Position 6
2025-12-13T09:41:03.9543|INFO|FocuserVM.cs|MoveFocuserInternal|216|Moving Focuser to position 387108
2025-12-13T09:41:04.3587|INFO|ImageSolver.cs|Solve|41|Platesolving with parameters: FocalLength: 360 PixelSize: 3.76 SearchRadius: 30 BlindFailoverEnabled: True Regions: 5000 DownSampleFactor: 0 MaxObjects: 500 Reference Coordinates RA: 00:01:43 Dec: 89° 50' 58" Epoch: J2000
2025-12-13T09:41:04.7130|INFO|BaseImageData.cs|SaveToDisk|346|Saved image to C:\Users\nicka\AppData\Local\NINA\PlateSolver\c2mmhcwo.emw.fits
2025-12-13T09:41:05.6542|ERROR|ASTAPSolver.cs|ReadResult|62|ASTAP - Plate solve failed.

Not enough stars.
2025-12-13T09:41:05.6585|INFO|ImageSolver.cs|Solve|41|Platesolving with parameters: FocalLength: 360 PixelSize: 3.76 SearchRadius: 30 BlindFailoverEnabled: True Regions: 5000 DownSampleFactor: 0 MaxObjects: 500 
2025-12-13T09:41:05.9964|INFO|BaseImageData.cs|SaveToDisk|346|Saved image to C:\Users\nicka\AppData\Local\NINA\PlateSolver\xlhqa0p0.tuh.fits
2025-12-13T09:41:06.9510|ERROR|ASTAPSolver.cs|ReadResult|62|ASTAP - Plate solve failed.

Not enough stars.
2025-12-13T09:41:06.9542|INFO|ImageSolver.cs|Solve|56|Platesolve failed
2025-12-13T09:41:06.9544|INFO|ImageSolver.cs|Solve|56|Platesolve failed
2025-12-13T09:41:11.2366|INFO|FramingAssistantVM.cs|GetRotationFromCamera|364|Camera rotation import failed. Plate sovling was unsuccessful
2025-12-13T09:41:29.4758|INFO|FramingAssistantVM.cs|LoadImage|1088|Loading image from source FILE with field of view 8° for coordinates RA: 06:57:47; Dec: -25° 23' 13"; Epoch: J2000
2025-12-13T09:41:43.0227|INFO|ImageSolver.cs|Solve|41|Platesolving with parameters: FocalLength: 360 PixelSize: 3.76 SearchRadius: 30 BlindFailoverEnabled: False Regions: 5000 DownSampleFactor: 0 MaxObjects: 500 
2025-12-13T09:41:43.3566|INFO|BaseImageData.cs|SaveToDisk|346|Saved image to C:\Users\nicka\AppData\Local\NINA\PlateSolver\e5hwvzf3.1yh.fits
2025-12-13T09:41:44.8199|INFO|ImageSolver.cs|Solve|54|Platesolve successful: Coordinates: RA: 05:40:51; Dec: -01° 52' 25"; Epoch: J2000 - Position Angle: 144.59984036461321
2025-12-13T09:42:08.4815|INFO|FramingAssistantVM.cs|LoadImage|1088|Loading image from source FILE with field of view 8° for coordinates RA: 05:40:51; Dec: -01° 52' 25"; Epoch: J2000
2025-12-13T09:42:12.8209|INFO|ImageSolver.cs|Solve|41|Platesolving with parameters: FocalLength: 360 PixelSize: 3.76 SearchRadius: 30 BlindFailoverEnabled: False Regions: 5000 DownSampleFactor: 0 MaxObjects: 500 
2025-12-13T09:42:13.1512|INFO|BaseImageData.cs|SaveToDisk|346|Saved image to C:\Users\nicka\AppData\Local\NINA\PlateSolver\mzgsxzn5.viy.fits
2025-12-13T09:42:14.6169|INFO|ImageSolver.cs|Solve|54|Platesolve successful: Coordinates: RA: 05:40:51; Dec: -01° 52' 15"; Epoch: J2000 - Position Angle: 324.68752750464677
2025-12-13T09:42:36.9453|INFO|FramingAssistantVM.cs|LoadImage|1088|Loading image from source FILE with field of view 8° for coordinates RA: 05:40:51; Dec: -01° 52' 15"; Epoch: J2000
2025-12-13T09:42:41.8215|INFO|ImageSolver.cs|Solve|41|Platesolving with parameters: FocalLength: 360 PixelSize: 3.76 SearchRadius: 30 BlindFailoverEnabled: False Regions: 5000 DownSampleFactor: 0 MaxObjects: 500 
2025-12-13T09:42:42.1452|INFO|BaseImageData.cs|SaveToDisk|346|Saved image to C:\Users\nicka\AppData\Local\NINA\PlateSolver\eedus5yh.nvt.fits
2025-12-13T09:42:43.6185|INFO|ImageSolver.cs|Solve|54|Platesolve successful: Coordinates: RA: 05:40:52; Dec: -01° 52' 24"; Epoch: J2000 - Position Angle: 324.68433775897773
2025-12-13T09:42:53.6411|INFO|FramingAssistantVM.cs|LoadImage|1088|Loading image from source FILE with field of view 8° for coordinates RA: 05:40:52; Dec: -01° 52' 24"; Epoch: J2000
2025-12-13T09:42:57.2072|INFO|ImageSolver.cs|Solve|41|Platesolving with parameters: FocalLength: 360 PixelSize: 3.76 SearchRadius: 30 BlindFailoverEnabled: False Regions: 5000 DownSampleFactor: 0 MaxObjects: 500 
2025-12-13T09:42:57.5410|INFO|BaseImageData.cs|SaveToDisk|346|Saved image to C:\Users\nicka\AppData\Local\NINA\PlateSolver\0zuj1h2e.1rh.fits
2025-12-13T09:42:59.0110|INFO|ImageSolver.cs|Solve|54|Platesolve successful: Coordinates: RA: 05:40:54; Dec: -01° 52' 39"; Epoch: J2000 - Position Angle: 324.68780583976934
2025-12-13T09:43:20.5147|INFO|FramingAssistantVM.cs|LoadImage|1088|Loading image from source FILE with field of view 8° for coordinates RA: 05:40:54; Dec: -01° 52' 39"; Epoch: J2000
2025-12-13T09:43:24.8987|INFO|ImageSolver.cs|Solve|41|Platesolving with parameters: FocalLength: 360 PixelSize: 3.76 SearchRadius: 30 BlindFailoverEnabled: False Regions: 5000 DownSampleFactor: 0 MaxObjects: 500 
2025-12-13T09:43:25.2307|INFO|BaseImageData.cs|SaveToDisk|346|Saved image to C:\Users\nicka\AppData\Local\NINA\PlateSolver\sytffzee.0gb.fits
2025-12-13T09:43:26.6797|INFO|ImageSolver.cs|Solve|54|Platesolve successful: Coordinates: RA: 05:40:51; Dec: -01° 52' 27"; Epoch: J2000 - Position Angle: 144.61321492279734
2025-12-13T09:57:53.8467|INFO|FramingAssistantVM.cs|LoadImage|1088|Loading image from source FILE with field of view 8° for coordinates RA: 05:40:51; Dec: -01° 52' 27"; Epoch: J2000
2025-12-13T09:58:06.1888|INFO|ImageSolver.cs|Solve|41|Platesolving with parameters: FocalLength: 360 PixelSize: 3.76 SearchRadius: 30 BlindFailoverEnabled: False Regions: 5000 DownSampleFactor: 0 MaxObjects: 500 
2025-12-13T09:58:06.5132|INFO|BaseImageData.cs|SaveToDisk|346|Saved image to C:\Users\nicka\AppData\Local\NINA\PlateSolver\cpuahz12.bau.fits
2025-12-13T09:58:07.5471|INFO|ImageSolver.cs|Solve|54|Platesolve successful: Coordinates: RA: 22:44:05; Dec: 40° 58' 57"; Epoch: J2000 - Position Angle: 270.31721264034627
2025-12-13T09:58:22.2621|INFO|FramingAssistantVM.cs|LoadImage|1088|Loading image from source FILE with field of view 8° for coordinates RA: 22:44:05; Dec: 40° 58' 57"; Epoch: J2000
2025-12-13T09:58:40.4455|INFO|ImageSolver.cs|Solve|41|Platesolving with parameters: FocalLength: 360 PixelSize: 3.76 SearchRadius: 30 BlindFailoverEnabled: False Regions: 5000 DownSampleFactor: 0 MaxObjects: 500 
2025-12-13T09:58:40.7717|INFO|BaseImageData.cs|SaveToDisk|346|Saved image to C:\Users\nicka\AppData\Local\NINA\PlateSolver\1ypbzl05.wvn.fits
2025-12-13T09:58:41.9983|INFO|ImageSolver.cs|Solve|54|Platesolve successful: Coordinates: RA: 05:40:50; Dec: -03° 18' 49"; Epoch: J2000 - Position Angle: 89.95423729376142
2025-12-13T10:01:12.7061|INFO|FramingAssistantVM.cs|LoadImage|1088|Loading image from source HIPS2FITS with field of view 12° for coordinates RA: 05:40:59; Dec: -02° 27' 30"; Epoch: J2000
2025-12-13T11:46:05.4858|INFO|ApplicationVM.cs|Exit|244|Shutting down application - requested by user
2025-12-13T11:46:05.5423|INFO|ApplicationVM.cs|Closing|289|Application shutting down
2025-12-13T11:46:05.5803|INFO|DomeVM.cs|Disconnect|355|Disconnected Dome Device
2025-12-13T11:46:05.5832|INFO|FlatDeviceVM.cs|Disconnect|289|Disconnected Flat Device
2025-12-13T11:46:05.7895|INFO|CameraVM.cs|Disconnect|650|Disconnected Camera
2025-12-13T11:46:05.7934|INFO|AscomDevice.cs|Disconnect|378|Disconnecting from ASCOM.iOptron2017.Telescope iOptron CEM120,70,40,26, GEM, HEM, HAE, HAZ series and SkyHunter Mount
2025-12-13T11:46:05.8335|INFO|TelescopeVM.cs|Disconnect|740|Disconnected mount
2025-12-13T11:46:05.8339|INFO|AscomDevice.cs|Disconnect|378|Disconnecting from ASCOM.EFW2.FilterWheel ZWO FilterWheel
2025-12-13T11:46:05.8470|INFO|FilterWheelVM.cs|Disconnect|333|Disconnected Filter Wheel
2025-12-13T11:46:05.8495|INFO|AscomDevice.cs|Disconnect|378|Disconnecting from ASCOM.EAF.Focuser ZWO Focuser
2025-12-13T11:46:05.8779|INFO|FocuserVM.cs|Disconnect|441|Disconnected Focuser
2025-12-13T11:46:05.8807|INFO|RotatorVM.cs|Disconnect|447|Disconnected Rotator
2025-12-13T11:46:05.8828|INFO|SwitchVM.cs|Disconnect|309|Disconnected Switch
2025-12-13T11:46:05.8846|INFO|AscomDevice.cs|Disconnect|378|Disconnecting from ASCOM.SkyAlert.ObservingConditions SkyAlert Observing Conditions
2025-12-13T11:46:05.8979|INFO|WeatherDataVM.cs|Disconnect|305|Disconnected Weather Device
2025-12-13T11:46:05.8998|INFO|AscomDevice.cs|Disconnect|378|Disconnecting from ASCOM.GenericFile.SafetyMonitor Generic File driver
2025-12-13T11:46:05.9072|INFO|SafetyMonitorVM.cs|Disconnect|221|Disconnected Safety Monitor
2025-12-13T11:46:06.7011|INFO|API.cs|StopWatchers|86|Stopping all event watchers
