----------------------------------------------------------------------
--------------N.I.N.A. - Nighttime Imaging 'N' Astronomy--------------
--------------------------Version 3.1.2.9001--------------------------
-------------------------2025-09-18T11:43:05--------------------------
----------------------------------------------------------------------
---------------------Microsoft Windows 10.0.19045---------------------
-------------------------OS Architecture X64--------------------------
-----------------------Process Architecture X64-----------------------
------------------------------.NET 8.0.8------------------------------
----------------------------------------------------------------------
--------------------------Processor Count 4---------------------------
--------------------Total Physical Memory 7.84 GB---------------------
----------------------------------------------------------------------
DATE|LEVEL|SOURCE|MEMBER|LINE|MESSAGE
2025-09-18T11:43:05.9216|INFO|CameraChooserVM.cs|GetEquipment|69|Found 2 ASI Cameras
2025-09-18T11:43:06.2003|INFO|CameraChooserVM.cs|GetEquipment|84|Found 0 Altair Cameras
2025-09-18T11:43:06.6384|INFO|CameraChooserVM.cs|GetEquipment|96|Found 0 Atik Cameras
2025-09-18T11:43:06.6445|INFO|CameraChooserVM.cs|GetEquipment|110|Found 0 FLI Cameras
2025-09-18T11:43:07.6793|INFO|CameraChooserVM.cs|GetEquipment|130|Found 0 QHYCCD Cameras
2025-09-18T11:43:07.8795|INFO|CameraChooserVM.cs|GetEquipment|158|Found 0 ToupTek Cameras
2025-09-18T11:43:07.8893|INFO|CameraChooserVM.cs|GetEquipment|173|Found 0 Ogma Cameras
2025-09-18T11:43:07.9145|INFO|CameraChooserVM.cs|GetEquipment|188|Found 0 Omegon Cameras
2025-09-18T11:43:08.1250|INFO|CameraChooserVM.cs|GetEquipment|203|Found 0 RisingCam Cameras
2025-09-18T11:43:08.1417|INFO|CameraChooserVM.cs|GetEquipment|218|Found 0 MallinCam Cameras
2025-09-18T11:43:08.1547|INFO|CameraChooserVM.cs|GetEquipment|244|Found 0 SBIG Cameras
2025-09-18T11:43:10.3540|INFO|PluginLoader.cs|LoadPlugin|416|Successfully loaded plugin Autofocus Report Analysis version 2.0.0.9 by Stefan Berg @isbeorn
2025-09-18T11:43:10.3692|INFO|ApplicationVM.cs|CheckDiskInfo|100|Available Space on Drive C:\: 157.49 GB
2025-09-18T11:43:10.3756|INFO|ApplicationVM.cs|CheckDiskInfo|102|Drive E:\ is not ready
2025-09-18T11:43:10.3772|INFO|ApplicationVM.cs|CheckDiskInfo|100|Available Space on Drive G:\: 60.45 GB
2025-09-18T11:43:10.3776|INFO|ApplicationVM.cs|CheckASCOMPlatformVersion|81|ASCOM Platform 6.6.2.4195 installed
2025-09-18T11:43:10.3845|INFO|ApplicationVM.cs|CheckDiskInfo|100|Available Space on Drive Z:\: 31.76 GB
2025-09-18T11:43:10.3952|INFO|PluginLoader.cs|LoadPlugin|416|Successfully loaded plugin Connector version 2.0.3.0 by Stefan Berg
2025-09-18T11:43:10.4397|INFO|PluginLoader.cs|LoadPlugin|416|Successfully loaded plugin Device Actions and Commands version 2.2.0.0 by Dale Ghent
2025-09-18T11:43:10.4683|INFO|PluginLoader.cs|LoadPlugin|416|Successfully loaded plugin Discord Alert version 2.2.0.0 by Drew McDermott
2025-09-18T11:43:10.5022|INFO|PluginLoader.cs|LoadPlugin|416|Successfully loaded plugin Discord Notification version 1.0.0.1 by Daniel Ludwig
2025-09-18T11:43:10.5326|INFO|PluginLoader.cs|LoadPlugin|416|Successfully loaded plugin Filter Offset Calculator version 2.0.0.0 by S. Dimant & Stefan Berg
2025-09-18T11:43:10.5558|INFO|PluginLoader.cs|LoadPlugin|416|Successfully loaded plugin Flexure Correction version 0.8.0.0 by Francesco Meschia
2025-09-18T11:43:10.6902|INFO|PluginLoader.cs|LoadPlugin|416|Successfully loaded plugin Ground Station version 2.4.1.0 by Dale Ghent
2025-09-18T11:43:11.3848|INFO|PluginLoader.cs|LoadPlugin|416|Successfully loaded plugin Hocus Focus version 3.0.0.21 by George Hilios (jokogeo)
2025-09-18T11:43:11.4187|INFO|PluginLoader.cs|LoadPlugin|416|Successfully loaded plugin Horizon Creator version 1.1.2.0 by Christian Palm
2025-09-18T11:43:11.4430|INFO|PluginLoader.cs|LoadPlugin|416|Successfully loaded plugin Moon Angle version 2.2.0.0 by Dale Ghent
2025-09-18T11:43:11.5649|INFO|PluginLoader.cs|LoadPlugin|416|Successfully loaded plugin PixInsight Tools version 1.0.0.3 by Stefan Berg
2025-09-18T11:43:11.7937|WARNING|When.cs|GetRunningItem|143|Can't get running items: SequencerNavigation not initialized yet!
2025-09-18T11:43:12.1403|INFO|PluginLoader.cs|LoadPlugin|416|Successfully loaded plugin Sequencer Powerups version 3.28.4.4 by Marc Blank
2025-09-18T11:43:12.1624|INFO|PluginLoader.cs|LoadPlugin|416|Successfully loaded plugin Shutdown PC version 2.2.0.0 by Dale Ghent
2025-09-18T11:43:12.2079|INFO|PluginLoader.cs|LoadPlugin|416|Successfully loaded plugin Smart Filters version 1.0.0.3 by Benoit SAINTOT
2025-09-18T11:43:12.2778|INFO|PluginLoader.cs|LoadPlugin|416|Successfully loaded plugin Target Planning version 3.2.1.0 by Tom Palmer @tcpalmer
2025-09-18T11:43:12.6061|ERROR|DllLoader.cs|LoadDllFromAbsolutePath|53|DllLoader failed to load library C:\Program Files\N.I.N.A. - Nighttime Imaging 'N' Astronomy\External\x64\SQLite\SQLite.Interop.dll due to error code 126
2025-09-18T11:43:13.4091|INFO|PluginLoader.cs|LoadPlugin|416|Successfully loaded plugin Target Scheduler version 5.7.3.0 by Tom Palmer @tcpalmer
2025-09-18T11:43:13.4997|INFO|PluginLoader.cs|LoadPlugin|416|Successfully loaded plugin Three Point Polar Alignment version 2.2.4.1 by Stefan Berg @isbeorn
2025-09-18T11:43:13.5142|INFO|PluginFetcher.cs|RequestAll|43|Fetching plugin manifests from https://nighttime-imaging.eu/wp-json/nina/v1/plugins/manifests
2025-09-18T11:43:13.5887|INFO|CameraChooserVM.cs|GetEquipment|264|Found 0 SVBony Cameras
2025-09-18T11:43:13.5918|INFO|CameraChooserVM.cs|GetEquipment|264|Found 0 PlayerOne Cameras
2025-09-18T11:43:13.6364|INFO|CameraChooserVM.cs|GetEquipment|264|Found 0 ASTPAN Cameras
2025-09-18T11:43:13.6386|INFO|CameraChooserVM.cs|GetEquipment|278|Found 4 ASCOM Cameras
2025-09-18T11:43:14.5672|INFO|Sequence2VM.cs|TryLoadSequenceFile|356|Loading sequence file: C:\Users\nicka\Astro\NINA\NINA_Sequences\CurrentSequence.json
2025-09-18T11:43:14.7648|INFO|PluginFetcher.cs|RequestAll|57|Found 58 valid plugins at https://nighttime-imaging.eu/wp-json/nina/v1/plugins/manifests
2025-09-18T11:43:14.8824|INFO|Sequence2VM.cs|TryLoadSequenceFile|362|Starting sequence from command line options
2025-09-18T11:43:14.8859|INFO|Sequence2VM.cs|StartSequence|485|Advanced Sequence starting
2025-09-18T11:43:14.9153|INFO|SequenceItem.cs|Run|208|Starting Category: * Instruction Set *, Container: NINA.Sequencer.Container.SequenceRootContainer, Strategy: SequentialStrategy, Items[CREATED]: 3
2025-09-18T11:43:14.9238|INFO|SequenceItem.cs|Run|208|Starting Category: * Instruction Set *, Container: NINA.Sequencer.Container.StartAreaContainer, Strategy: SequentialStrategy, Items[CREATED]: 9
2025-09-18T11:43:14.9246|INFO|SequenceItem.cs|Run|208|Starting Category: Ground Station, Item: Send to Telegram
2025-09-18T11:43:15.5920|INFO|WeatherDataChooserVM.cs|GetEquipment|69|Found 0 Alpaca Observing Conditions
2025-09-18T11:43:15.5920|INFO|SafetyMonitorChooserVM.cs|GetEquipment|71|Found 0 Alpaca Safety Monitors
2025-09-18T11:43:15.5920|INFO|FlatDeviceChooserVM.cs|GetEquipment|67|Found 0 Alpaca Cover Calibrators
2025-09-18T11:43:15.5920|INFO|SwitchChooserVM.cs|GetEquipment|71|Found 0 Alpaca Switch Hubs
2025-09-18T11:43:15.6494|INFO|TelescopeChooserVM.cs|GetEquipment|69|Found 0 Alpaca Telescopes
2025-09-18T11:43:15.6494|INFO|DomeChooserVM.cs|GetEquipment|67|Found 0 Alpaca Domes
2025-09-18T11:43:15.8567|INFO|SequenceItem.cs|Run|254|Finishing Category: Ground Station, Item: Send to Telegram
2025-09-18T11:43:15.8599|INFO|SequenceItem.cs|Run|208|Starting Category: Ground Station, Item: Send to Telegram
2025-09-18T11:43:16.0614|INFO|FilterWheelChooserVM.cs|GetEquipment|193|Found 0 Alpaca Filter Wheels
2025-09-18T11:43:16.2652|INFO|RotatorChooserVM.cs|GetEquipment|68|Found 0 Alpaca Rotators
2025-09-18T11:43:16.2652|INFO|CameraChooserVM.cs|GetEquipment|290|Found 0 Alpaca Cameras
2025-09-18T11:43:16.2701|INFO|CameraChooserVM.cs|GetEquipment|303|Found 0 Canon Cameras
2025-09-18T11:43:16.2878|INFO|DockManagerVM.cs|InitializeAvalonDockLayout|356|Initializing imaging tab layout from C:\Users\nicka\AppData\Local\NINA\Profiles\0173997c-4bfa-48fd-9337-a48b6df99c38.dock.config
2025-09-18T11:43:16.3133|INFO|FocuserChooserVM.cs|GetEquipment|67|Found 0 Alpaca Focusers
2025-09-18T11:43:16.5216|INFO|SequenceItem.cs|Run|254|Finishing Category: Ground Station, Item: Send to Telegram
2025-09-18T11:43:16.9836|INFO|SequenceItem.cs|Run|208|Starting Category: Utility, Item: WaitForTime, Time: 19:34:2h, Offset: -60
2025-09-18T12:12:32.6991|INFO|Sequencer.cs|Start|85|Sequence run was cancelled
2025-09-18T12:12:32.7118|INFO|Sequence2VM.cs|StartSequence|490|Advanced Sequence finished
2025-09-18T12:24:06.1996|ERROR|Profile.cs|Peek|398|Profile failed to load at C:\Users\nicka\AppData\Local\NINA\Profiles\c229459f-43bd-4a7b-a7b0-9c6471741c77.profile 
System.Xml.XmlException: Unexpected end of file.
   at System.Xml.EncodingStreamWrapper.ReadBOMEncoding(Boolean notOutOfBand)
   at System.Xml.EncodingStreamWrapper..ctor(Stream stream, Encoding encoding)
   at System.Xml.XmlUTF8TextReader.SetInput(Stream stream, Encoding encoding, XmlDictionaryReaderQuotas quotas, OnXmlDictionaryReaderClose onClose)
   at System.Runtime.Serialization.XmlObjectSerializer.ReadObject(Stream stream)
   at NINA.Profile.Profile.Peek(String path) in C:\Projects\nina\NINA.Profile\Profile.cs:line 387
2025-09-18T12:29:44.2081|INFO|CameraVM.cs|Disconnect|645|Disconnected Camera
2025-09-18T12:29:44.7870|WARNING|ASICamera.cs|SetControlValue|583|Failed to set ASI Control Value ASI_WB_B with value 50
2025-09-18T12:29:44.7874|WARNING|ASICamera.cs|SetControlValue|583|Failed to set ASI Control Value ASI_WB_R with value 50
2025-09-18T12:29:44.7876|WARNING|ASICamera.cs|SetControlValue|583|Failed to set ASI Control Value ASI_GAMMA with value 50
2025-09-18T12:29:44.7878|WARNING|ASICamera.cs|SetControlValue|583|Failed to set ASI Control Value ASI_HIGH_SPEED_MODE with value 0
2025-09-18T12:29:44.7880|WARNING|ASICamera.cs|SetControlValue|583|Failed to set ASI Control Value ASI_OVERCLOCK with value 0
2025-09-18T12:29:44.7881|WARNING|ASICamera.cs|SetControlValue|583|Failed to set ASI Control Value ASI_PATTERN_ADJUST with value 0
2025-09-18T12:29:44.7893|WARNING|ASICamera.cs|SetControlValue|583|Failed to set ASI Control Value ASI_MONO_BIN with value 0
2025-09-18T12:29:44.7904|INFO|ASICamera.cs|Initialize|677|Camera ID: ASI533MM
2025-09-18T12:29:44.8023|WARNING|ASICamera.cs|SetControlValue|583|Failed to set ASI Control Value ASI_ANTI_DEW_HEATER with value 0
2025-09-18T12:29:44.9185|INFO|CameraVM.cs|ChooseCamera|448|Successfully connected Camera. Id: ZWO ASI533MM Pro #0 Name: ZWO ASI533MM Pro DisplayName: ZWO ASI533MM Pro (ASI533MM)Driver Version: 1, 36, 0, 0
2025-09-18T12:29:44.9256|INFO|FilterWheelVM.cs|Disconnect|324|Disconnected Filter Wheel
2025-09-18T12:29:48.2471|INFO|FilterWheelVM.cs|ChooseFW|272|Successfully connected Filter Wheel. Id: ASCOM.EFW2.FilterWheel Name: ZWO FilterWheel (1) DisplayName: ZWO FilterWheel (1) Driver Version: 6.0
2025-09-18T12:29:48.2760|INFO|TelescopeVM.cs|Disconnect|763|Disconnected mount
2025-09-18T12:29:49.4398|INFO|AscomTelescope.cs|CheckMountTime|817|Mount UTC Time: 2025-09-18 17:29:47Z / System UTC Time: 2025-09-18 17:29:49Z; Difference: 1.577 seconds
2025-09-18T12:29:51.1086|ERROR|AscomTelescope.cs|CheckMountTime|841|Unexpected exception when trying to set UTCDate:
ASCOM.InvalidOperationException: UTCDate failed.
   at ASCOM.Com.DriverAccess.DynamicAccess.CheckDotNetExceptions(String memberName, Exception e)
   at ASCOM.Com.DriverAccess.DynamicAccess.TrySetMember(SetMemberBinder binder, Object value)
   at CallSite.Target(Closure, CallSite, Object, DateTime)
   at System.Dynamic.UpdateDelegates.UpdateAndExecute2[T0,T1,TRet](CallSite site, T0 arg0, T1 arg1)
   at ASCOM.Com.DriverAccess.Telescope.set_UTCDate(DateTime value)
   at NINA.Equipment.Equipment.MyTelescope.AscomTelescope.CheckMountTime() in C:\Projects\nina\NINA.Equipment\Equipment\MyTelescope\AscomTelescope.cs:line 823
2025-09-18T12:29:51.4171|INFO|TelescopeVM.cs|ChooseTelescope|518|Successfully connected mount. Id: ASCOM.iOptron2017.Telescope Name: iOptron CEM120,70,40,26, GEM, HEM, HAE, HAZ series and SkyHunter Mount DisplayName: iOptron CEM120,70,40,26, GEM, HEM, HAE, HAZ series and SkyHunter Mount Driver Version: 9.15
2025-09-18T12:29:51.4221|INFO|FocuserVM.cs|Disconnect|426|Disconnected Focuser
2025-09-18T12:29:52.5703|ERROR|AscomDevice.cs|GetProperty|398|An unexpected exception occurred during GET of Focuser.StepSize: 
ASCOM.DriverException: The method or operation is not implemented.
 ---> System.NotImplementedException: The method or operation is not implemented.
   --- End of inner exception stack trace ---
   at ASCOM.Com.DriverAccess.DynamicAccess.CheckDotNetExceptions(String memberName, Exception e)
   at ASCOM.Com.DriverAccess.DynamicAccess.TryGetMember(GetMemberBinder binder, Object& result)
   at CallSite.Target(Closure, CallSite, Object)
   at System.Dynamic.UpdateDelegates.UpdateAndExecute1[T0,TRet](CallSite site, T0 arg0)
   at ASCOM.Com.DriverAccess.Focuser.get_StepSize()
   at System.RuntimeMethodHandle.InvokeMethod(Object target, Void** arguments, Signature sig, Boolean isConstructor)
   at System.Reflection.MethodBaseInvoker.InvokeWithNoArgs(Object obj, BindingFlags invokeAttr)
2025-09-18T12:29:52.7717|INFO|AscomDevice.cs|GetProperty|356|Retrying to GET Focuser.StepSize - Attempt 2 / 3
2025-09-18T12:29:52.7745|ERROR|AscomDevice.cs|GetProperty|398|An unexpected exception occurred during GET of Focuser.StepSize: 
ASCOM.DriverException: The method or operation is not implemented.
 ---> System.NotImplementedException: The method or operation is not implemented.
   --- End of inner exception stack trace ---
   at ASCOM.Com.DriverAccess.DynamicAccess.CheckDotNetExceptions(String memberName, Exception e)
   at ASCOM.Com.DriverAccess.DynamicAccess.TryGetMember(GetMemberBinder binder, Object& result)
   at CallSite.Target(Closure, CallSite, Object)
   at ASCOM.Com.DriverAccess.Focuser.get_StepSize()
   at InvokeStub_Focuser.get_StepSize(Object, Object, IntPtr*)
   at System.Reflection.MethodBaseInvoker.InvokeWithNoArgs(Object obj, BindingFlags invokeAttr)
2025-09-18T12:29:52.9754|INFO|AscomDevice.cs|GetProperty|356|Retrying to GET Focuser.StepSize - Attempt 3 / 3
2025-09-18T12:29:52.9766|ERROR|AscomDevice.cs|GetProperty|398|An unexpected exception occurred during GET of Focuser.StepSize: 
ASCOM.DriverException: The method or operation is not implemented.
 ---> System.NotImplementedException: The method or operation is not implemented.
   --- End of inner exception stack trace ---
   at ASCOM.Com.DriverAccess.DynamicAccess.CheckDotNetExceptions(String memberName, Exception e)
   at ASCOM.Com.DriverAccess.DynamicAccess.TryGetMember(GetMemberBinder binder, Object& result)
   at CallSite.Target(Closure, CallSite, Object)
   at ASCOM.Com.DriverAccess.Focuser.get_StepSize()
   at InvokeStub_Focuser.get_StepSize(Object, Object, IntPtr*)
   at System.Reflection.MethodBaseInvoker.InvokeWithNoArgs(Object obj, BindingFlags invokeAttr)
2025-09-18T12:29:52.9770|INFO|AscomDevice.cs|GetProperty|408|GET Focuser.StepSize failed - Returning last known value 0
2025-09-18T12:29:53.2133|INFO|FocuserVM.cs|ChooseFocuser|324|Successfully connected Focuser. Id: ASCOM.EAF.Focuser Name: ZWO Focuser (1) DisplayName: ZWO Focuser (1) Driver Version: 6.0
2025-09-18T12:29:53.2221|INFO|RotatorVM.cs|Disconnect|438|Disconnected Rotator
2025-09-18T12:29:53.4141|INFO|PHD2Guider.cs|Connect|202|Connecting to PHD2 server at 127.0.0.1:4400
2025-09-18T12:30:00.6823|INFO|FlatDeviceVM.cs|Disconnect|279|Disconnected Flat Device
2025-09-18T12:30:00.6899|INFO|WeatherDataVM.cs|Disconnect|292|Disconnected Weather Device
2025-09-18T12:30:02.3315|INFO|AscomDevice.cs|GetProperty|379|Property ObservingConditions.SkyQuality GET is not implemented in this driver (SkyAlert Observing Conditions)
2025-09-18T12:30:02.3395|INFO|AscomDevice.cs|GetProperty|379|Property ObservingConditions.StarFWHM GET is not implemented in this driver (SkyAlert Observing Conditions)
2025-09-18T12:30:02.3528|INFO|WeatherDataVM.cs|ChooseWeatherData|143|Successfully connected Weather Device. Id: ASCOM.SkyAlert.ObservingConditions Name: SkyAlert Observing Conditions DisplayName: SkyAlert Observing Conditions Driver Version: 1.7
2025-09-18T12:30:02.3599|INFO|SwitchVM.cs|Disconnect|298|Disconnected Switch
2025-09-18T12:30:02.3687|INFO|DomeVM.cs|Disconnect|336|Disconnected Dome Device
2025-09-18T12:30:02.4048|INFO|SafetyMonitorVM.cs|Disconnect|208|Disconnected Safety Monitor
2025-09-18T12:30:02.8608|INFO|SafetyMonitorVM.cs|Connect|168|Successfully connected Safety Monitor. Id: ASCOM.GenericFile.SafetyMonitor Name: Generic File SafetyMonitor DisplayName: Generic File SafetyMonitor Driver Version: 6.4
2025-09-18T12:30:04.8744|INFO|SafetyMonitorVM.cs|UpdateMonitorValues|94|SafetyMonitorInfo state changed to Unsafe
2025-09-18T15:39:14.3619|INFO|ApplicationVM.cs|Closing|288|Application shutting down
2025-09-18T15:39:14.4024|INFO|DomeVM.cs|Disconnect|336|Disconnected Dome Device
2025-09-18T15:39:14.4058|INFO|FlatDeviceVM.cs|Disconnect|279|Disconnected Flat Device
2025-09-18T15:39:14.5586|INFO|CameraVM.cs|Disconnect|645|Disconnected Camera
2025-09-18T15:39:14.5619|INFO|AscomDevice.cs|Disconnect|299|Disconnecting from ASCOM.iOptron2017.Telescope iOptron CEM120,70,40,26, GEM, HEM, HAE, HAZ series and SkyHunter Mount
2025-09-18T15:39:14.6018|INFO|TelescopeVM.cs|Disconnect|763|Disconnected mount
2025-09-18T15:39:14.6022|INFO|AscomDevice.cs|Disconnect|299|Disconnecting from ASCOM.EFW2.FilterWheel ZWO FilterWheel (1)
2025-09-18T15:39:14.6138|INFO|FilterWheelVM.cs|Disconnect|324|Disconnected Filter Wheel
2025-09-18T15:39:14.6164|INFO|AscomDevice.cs|Disconnect|299|Disconnecting from ASCOM.EAF.Focuser ZWO Focuser (1)
2025-09-18T15:39:14.6639|INFO|FocuserVM.cs|Disconnect|426|Disconnected Focuser
2025-09-18T15:39:14.6666|INFO|RotatorVM.cs|Disconnect|438|Disconnected Rotator
2025-09-18T15:39:14.6686|INFO|SwitchVM.cs|Disconnect|298|Disconnected Switch
2025-09-18T15:39:14.6702|INFO|AscomDevice.cs|Disconnect|299|Disconnecting from ASCOM.SkyAlert.ObservingConditions SkyAlert Observing Conditions
2025-09-18T15:39:14.6822|INFO|WeatherDataVM.cs|Disconnect|292|Disconnected Weather Device
2025-09-18T15:39:14.6838|INFO|AscomDevice.cs|Disconnect|299|Disconnecting from ASCOM.GenericFile.SafetyMonitor Generic File SafetyMonitor
2025-09-18T15:39:14.6911|INFO|SafetyMonitorVM.cs|Disconnect|208|Disconnected Safety Monitor
