----------------------------------------------------------------------
--------------N.I.N.A. - Nighttime Imaging 'N' Astronomy--------------
--------------------------Version 3.2.0.9001--------------------------
-------------------------2025-12-15T10:02:26--------------------------
----------------------------------------------------------------------
---------------------Microsoft Windows 10.0.19045---------------------
-------------------------OS Architecture X64--------------------------
-----------------------Process Architecture X64-----------------------
-----------------------------.NET 8.0.21------------------------------
----------------------------------------------------------------------
--------------------------Processor Count 4---------------------------
--------------------Total Physical Memory 7.84 GB---------------------
----------------------------------------------------------------------
DATE|LEVEL|SOURCE|MEMBER|LINE|MESSAGE
2025-12-15T10:02:26.8836|INFO|App.xaml.cs|OnStartup|170|Launched with command line arguments: --sequencefile C:\Users\nicka\Astro\NINA\NINA_Sequences\TargetScheduler.json --runsequence
2025-12-15T10:02:30.0191|INFO|CameraChooserVM.cs|GetEquipment|69|Found 2 ASI Cameras
2025-12-15T10:02:30.3950|INFO|CameraChooserVM.cs|GetEquipment|84|Found 0 Altair Cameras
2025-12-15T10:02:30.7634|INFO|CameraChooserVM.cs|GetEquipment|96|Found 0 Atik Cameras
2025-12-15T10:02:30.8739|INFO|CameraChooserVM.cs|GetEquipment|110|Found 0 FLI Cameras
2025-12-15T10:02:32.1722|INFO|CameraChooserVM.cs|GetEquipment|130|Found 0 QHYCCD Cameras
2025-12-15T10:02:32.6692|INFO|CameraChooserVM.cs|GetEquipment|158|Found 0 ToupTek Cameras
2025-12-15T10:02:32.8134|INFO|CameraChooserVM.cs|GetEquipment|173|Found 0 Ogma Cameras
2025-12-15T10:02:32.9780|INFO|CameraChooserVM.cs|GetEquipment|188|Found 0 Omegon Cameras
2025-12-15T10:02:33.7345|INFO|CameraChooserVM.cs|GetEquipment|203|Found 0 RisingCam Cameras
2025-12-15T10:02:33.8988|INFO|CameraChooserVM.cs|GetEquipment|218|Found 0 MallinCam Cameras
2025-12-15T10:02:34.0254|INFO|CameraChooserVM.cs|GetEquipment|243|Found 0 SVBony Cameras
2025-12-15T10:02:34.0293|INFO|CameraChooserVM.cs|GetEquipment|259|Found 0 SBIG Cameras
2025-12-15T10:02:38.0636|INFO|API.cs|Start|99|Starting Webserver
2025-12-15T10:02:38.0650|INFO|API.cs|APITask|134|starting web server, listening at 172.19.6.111:1888
2025-12-15T10:02:38.2376|INFO|NINALogWatcher.cs|Start|33|watching log file: C:\Users\nicka\AppData\Local\NINA\Logs\20251215-100225-3.2.0.9001.14264-202512.log
2025-12-15T10:02:38.2552|INFO|PluginLoader.cs|LoadPlugin|402|Successfully loaded plugin Advanced API version 2.2.13.0 by Christian Palm
2025-12-15T10:02:38.3975|INFO|PluginLoader.cs|LoadPlugin|402|Successfully loaded plugin Autofocus Report Analysis version 2.0.0.9 by Stefan Berg @isbeorn
2025-12-15T10:02:38.5820|INFO|PluginLoader.cs|LoadPlugin|402|Successfully loaded plugin Connector version 2.1.0.2 by Stefan Berg @isbeorn
2025-12-15T10:02:38.7520|INFO|PluginLoader.cs|LoadPlugin|402|Successfully loaded plugin Device Actions and Commands version 2.2.0.0 by Dale Ghent
2025-12-15T10:02:39.3698|INFO|PluginLoader.cs|LoadPlugin|402|Successfully loaded plugin Discord Alert version 2.2.0.0 by Drew McDermott
2025-12-15T10:02:40.8653|INFO|PluginLoader.cs|LoadPlugin|402|Successfully loaded plugin Discord Notification version 2.0.0.8 by Daniel Ludwig
2025-12-15T10:02:41.8302|INFO|DitherStatisticsVM.cs|CreatePluginIcon|1365|Plugin icon geometry created successfully
2025-12-15T10:02:41.8594|INFO|DitherStatisticsVM.cs|LoadDataTemplates|1334|DitherStatistics DataTemplates loaded successfully
2025-12-15T10:02:41.8629|INFO|DitherStatisticsVM.cs|SaveQualityAssessmentSetting|383|Quality Assessment setting saved to file: True
2025-12-15T10:02:41.8631|INFO|DitherStatisticsVM.cs|LoadQualityAssessmentSetting|360|Quality Assessment setting loaded from file: True
2025-12-15T10:02:41.8636|INFO|DitherStatisticsVM.cs|SubscribeToGuiderEvents|716|Subscribed to NINA guider events
2025-12-15T10:02:41.8660|INFO|DitherStatisticsVM.cs|StartThemeColorMonitoring|1211|Initial PrimaryBrush color: R:176 G:179 B:185
2025-12-15T10:02:41.8663|INFO|DitherStatisticsVM.cs|.ctor|92|DitherStatisticsVM initialized successfully with ScottPlot 4.1 (Lazy Loading)!
2025-12-15T10:02:41.8670|INFO|PluginLoader.cs|LoadPlugin|402|Successfully loaded plugin Dither Statistics version 1.2.0.4 by Thierry Tschanz
2025-12-15T10:02:42.0382|INFO|PluginLoader.cs|LoadPlugin|402|Successfully loaded plugin Filter Offset Calculator version 2.0.0.0 by S. Dimant & Stefan Berg
2025-12-15T10:02:42.2475|INFO|PluginLoader.cs|LoadPlugin|402|Successfully loaded plugin Flexure Correction version 0.8.0.0 by Francesco Meschia
2025-12-15T10:02:43.8767|INFO|DitherStatisticsVM.cs|ConnectToPHD2|590|Attempting to connect to PHD2...
2025-12-15T10:02:43.8785|INFO|PHD2Client.cs|ConnectAsync|48|PHD2Client: Connecting to PHD2 at 127.0.0.1:4400...
2025-12-15T10:02:44.7156|INFO|PluginLoader.cs|LoadPlugin|402|Successfully loaded plugin Ground Station version 3.0.0.117 by Dale Ghent
2025-12-15T10:02:45.9280|ERROR|PHD2Client.cs|ConnectAsync|69|PHD2Client: Connection failed: No connection could be made because the target machine actively refused it.
2025-12-15T10:02:45.9285|INFO|DitherStatisticsVM.cs|OnPHD2ConnectionStatusChanged|619|PHD2 Connection Status: Connection failed: No connection could be made because the target machine actively refused it.
2025-12-15T10:02:55.3748|INFO|PluginLoader.cs|LoadPlugin|402|Successfully loaded plugin Hocus Focus version 3.0.0.24 by George Hilios (jokogeo)
2025-12-15T10:02:56.1822|INFO|PluginLoader.cs|LoadPlugin|402|Successfully loaded plugin Horizon Creator version 1.1.2.0 by Christian Palm
2025-12-15T10:02:56.3883|INFO|PluginLoader.cs|LoadPlugin|402|Successfully loaded plugin Lightbucket version 2.2.4.0 by Lightbucket
2025-12-15T10:02:57.1475|INFO|PluginLoader.cs|LoadPlugin|402|Successfully loaded plugin Livestack version 1.0.1.7 by Stefan Berg @isbeorn
2025-12-15T10:02:57.3429|INFO|PluginLoader.cs|LoadPlugin|402|Successfully loaded plugin Log Viewer version 1.0.0.2 by Alexander Wrede @astro_alex80
2025-12-15T10:02:57.5259|INFO|PluginLoader.cs|LoadPlugin|402|Successfully loaded plugin Moon Angle version 2.2.0.0 by Dale Ghent
2025-12-15T10:02:57.8128|INFO|PluginLoader.cs|LoadPlugin|402|Successfully loaded plugin Phd2 Tools version 1.0.6.0 by Stefan Berg @isbeorn
2025-12-15T10:02:58.1377|INFO|PluginLoader.cs|LoadPlugin|402|Successfully loaded plugin PixInsight Tools version 1.0.0.3 by Stefan Berg
2025-12-15T10:02:58.9180|INFO|PluginLoader.cs|LoadPlugin|402|Successfully loaded plugin Point3D version 0.2.3.0 by Drew McDermott
2025-12-15T10:02:59.1950|INFO|PluginLoader.cs|LoadPlugin|402|Successfully loaded plugin Scope Control version 2.0.2.1 by Stefan Berg @isbeorn
2025-12-15T10:03:01.2441|WARNING|When.cs|GetRunningItem|143|Can't get running items: SequencerNavigation not initialized yet!
2025-12-15T10:03:01.4772|INFO|PluginLoader.cs|LoadPlugin|402|Successfully loaded plugin Sequencer Powerups version 3.28.6.1 by Marc Blank
2025-12-15T10:03:02.1849|INFO|PluginLoader.cs|LoadPlugin|402|Successfully loaded plugin Session Metadata version 2.6.3.0 by Tom Palmer @tcpalmer
2025-12-15T10:03:02.3174|INFO|PluginLoader.cs|LoadPlugin|402|Successfully loaded plugin Shutdown PC version 2.2.0.0 by Dale Ghent
2025-12-15T10:03:02.5641|INFO|PluginLoader.cs|LoadPlugin|402|Successfully loaded plugin SkyFlats version 1.0.0.4 by Gerald Hitz (@photon)
2025-12-15T10:03:02.9374|INFO|PluginLoader.cs|LoadPlugin|402|Successfully loaded plugin Smart Filters version 1.0.0.3 by Benoit SAINTOT
2025-12-15T10:03:03.4002|INFO|PluginLoader.cs|LoadPlugin|402|Successfully loaded plugin Target Planning version 3.2.1.0 by Tom Palmer @tcpalmer
2025-12-15T10:03:06.2546|WARNING|When.cs|GetRunningItem|143|Can't get running items: SequencerNavigation not initialized yet!
2025-12-15T10:03:06.8786|INFO|PluginLoader.cs|LoadPlugin|402|Successfully loaded plugin Target Scheduler version 5.8.3.0 by Tom Palmer @tcpalmer
2025-12-15T10:03:07.2688|INFO|PluginLoader.cs|LoadPlugin|402|Successfully loaded plugin Three Point Polar Alignment version 2.2.4.2 by Stefan Berg @isbeorn
2025-12-15T10:03:08.6697|INFO|SessionHistoryManager.cs|PurgeHistoryOlderThan|102|purging web session history older than 10 days
2025-12-15T10:03:08.7573|INFO|PluginLoader.cs|LoadPlugin|402|Successfully loaded plugin Web Session History Viewer version 2.2.1.0 by Tom Palmer @tcpalmer
2025-12-15T10:03:09.2225|INFO|PluginFetcher.cs|RequestAll|43|Fetching plugin manifests from https://nighttime-imaging.eu/wp-json/nina/v1/plugins/manifests
2025-12-15T10:03:09.6047|INFO|CameraChooserVM.cs|GetEquipment|279|Found 0 SVBony Cameras
2025-12-15T10:03:09.7418|INFO|CameraChooserVM.cs|GetEquipment|279|Found 0 PlayerOne Cameras
2025-12-15T10:03:09.8431|INFO|CameraChooserVM.cs|GetEquipment|279|Found 0 ASTPAN Cameras
2025-12-15T10:03:10.6878|INFO|CameraChooserVM.cs|GetEquipment|293|Found 4 ASCOM Cameras
2025-12-15T10:03:11.3507|INFO|FilterWheelChooserVM.cs|GetEquipment|167|Found 1 Networked Filter Wheel Filter Wheels
2025-12-15T10:03:11.3647|INFO|RotatorChooserVM.cs|GetEquipment|45|Found 1 Networked Rotator Rotators
2025-12-15T10:03:11.7205|WARNING|When.cs|GetRunningItem|143|Can't get running items: SequencerNavigation not initialized yet!
2025-12-15T10:03:12.7133|INFO|WeatherDataChooserVM.cs|GetEquipment|69|Found 0 Alpaca Observing Conditions
2025-12-15T10:03:12.7133|INFO|TelescopeChooserVM.cs|GetEquipment|69|Found 0 Alpaca Telescopes
2025-12-15T10:03:12.7179|INFO|CameraChooserVM.cs|GetEquipment|305|Found 0 Alpaca Cameras
2025-12-15T10:03:12.7244|INFO|CameraChooserVM.cs|GetEquipment|318|Found 0 Canon Cameras
2025-12-15T10:03:13.0592|INFO|FlatDeviceChooserVM.cs|GetEquipment|67|Found 0 Alpaca Cover Calibrators
2025-12-15T10:03:13.0634|INFO|DomeChooserVM.cs|GetEquipment|67|Found 0 Alpaca Domes
2025-12-15T10:03:13.0657|INFO|SafetyMonitorChooserVM.cs|GetEquipment|71|Found 0 Alpaca Safety Monitors
2025-12-15T10:03:13.3517|INFO|SwitchChooserVM.cs|GetEquipment|71|Found 0 Alpaca Switch Hubs
2025-12-15T10:03:13.3606|INFO|FilterWheelChooserVM.cs|GetEquipment|193|Found 0 Alpaca Filter Wheels
2025-12-15T10:03:13.3762|INFO|RotatorChooserVM.cs|GetEquipment|68|Found 0 Alpaca Rotators
2025-12-15T10:03:13.4392|INFO|FocuserChooserVM.cs|GetEquipment|84|Found 0 Alpaca Focusers
2025-12-15T10:03:13.7999|INFO|PluginFetcher.cs|RequestAll|57|Found 68 valid plugins at https://nighttime-imaging.eu/wp-json/nina/v1/plugins/manifests
2025-12-15T10:03:14.8987|INFO|ApplicationVM.cs|CheckDiskInfo|100|Available Space on Drive C:\: 126.85 GB
2025-12-15T10:03:14.9025|INFO|ApplicationVM.cs|CheckASCOMPlatformVersion|81|ASCOM Platform 6.6.2.4195 installed
2025-12-15T10:03:14.9051|INFO|ApplicationVM.cs|CheckDiskInfo|102|Drive E:\ is not ready
2025-12-15T10:03:14.9066|INFO|ApplicationVM.cs|CheckDiskInfo|100|Available Space on Drive G:\: 37.78 GB
2025-12-15T10:03:14.9189|INFO|ApplicationVM.cs|CheckDiskInfo|100|Available Space on Drive Z:\: 27.46 GB
2025-12-15T10:03:15.2660|INFO|DitherStatisticsVM.cs|StartThemeColorMonitoring|1220|Theme color monitoring timer started on UI thread
2025-12-15T10:03:15.7028|INFO|Sequence2VM.cs|TryLoadSequenceFile|414|Loading sequence file: C:\Users\nicka\Astro\NINA\NINA_Sequences\TargetScheduler.json
2025-12-15T10:03:16.2865|INFO|Sequence2VM.cs|TryLoadSequenceFile|420|Starting sequence from command line options
2025-12-15T10:03:16.2898|INFO|Sequence2VM.cs|StartSequence|543|Advanced Sequence starting
2025-12-15T10:03:17.0633|INFO|SequenceItem.cs|Run|208|Starting Category: * Instruction Set *, Container: NINA.Sequencer.Container.SequenceRootContainer, Strategy: SequentialStrategy, Items[CREATED]: 3, Triggers: Category: Ground Station, Item: Failures to Telegram
2025-12-15T10:03:17.0743|INFO|SequenceItem.cs|Run|208|Starting Category: * Instruction Set *, Container: NINA.Sequencer.Container.StartAreaContainer, Strategy: SequentialStrategy, Items[CREATED]: 1
2025-12-15T10:03:17.0752|INFO|SequenceItem.cs|Run|208|Starting Category: * Instruction Set *, Container: NINA.Sequencer.Container.SequentialContainer, Strategy: SequentialStrategy, Items[CREATED]: 10
2025-12-15T10:03:17.0760|INFO|SequenceItem.cs|Run|208|Starting Category: Ground Station, Item: Send to Pushover, Title: Start
2025-12-15T10:03:17.5660|INFO|DockManagerVM.cs|InitializeAvalonDockLayout|366|Initializing imaging tab layout from C:\Users\nicka\AppData\Local\NINA\Profiles\0173997c-4bfa-48fd-9337-a48b6df99c38.dock.config
2025-12-15T10:03:17.6899|INFO|SequenceItem.cs|Run|254|Finishing Category: Ground Station, Item: Send to Pushover, Title: Start
2025-12-15T10:03:17.6933|INFO|SequenceItem.cs|Run|208|Starting Category: Utility, Item: WaitForTime, Time: 18:2:48h, Offset: -30
2025-12-15T14:54:57.9665|INFO|ApplicationDeviceConnectionVM.cs|UsbDeviceWatcher_DeviceRemoved|237|USB Device disconnected DeviceId: USB\VID_04B4&PID_6572\7&2414095C&0&2, PnpDeviceId: USB\VID_04B4&PID_6572\7&2414095C&0&2, Description: Generic USB Hub, Name: Generic USB Hub, Manufacturer: (Standard USB HUBs), Service: USBHUB3, Status: OK
2025-12-15T14:54:57.9668|INFO|ApplicationDeviceConnectionVM.cs|UsbDeviceWatcher_DeviceRemoved|237|USB Device disconnected DeviceId: USB\VID_03C3&PID_1F01\8&2CE6183B&0&3, PnpDeviceId: USB\VID_03C3&PID_1F01\8&2CE6183B&0&3, Description: USB Input Device, Name: USB Input Device, Manufacturer: (Standard system devices), Service: HidUsb, Status: OK
2025-12-15T14:54:57.9668|INFO|ApplicationDeviceConnectionVM.cs|UsbDeviceWatcher_DeviceRemoved|237|USB Device disconnected DeviceId: USB\VID_03C3&PID_533E\8&2CE6183B&0&1, PnpDeviceId: USB\VID_03C3&PID_533E\8&2CE6183B&0&1, Description: ZWO ASI533MM Pro Camera, Name: ZWO ASI533MM Pro Camera, Manufacturer: ZWO, Service: ASICAMUSB3, Status: OK
2025-12-15T14:54:57.9668|INFO|ApplicationDeviceConnectionVM.cs|UsbDeviceWatcher_DeviceRemoved|237|USB Device disconnected DeviceId: USB\VID_03C3&PID_120C\8&2CE6183B&0&2, PnpDeviceId: USB\VID_03C3&PID_120C\8&2CE6183B&0&2, Description: ZWO ASI120MM Mini Camera, Name: ZWO ASI120MM Mini Camera, Manufacturer: ZWO, Service: ASICAMUSB3, Status: OK
2025-12-15T14:55:28.4927|INFO|ApplicationDeviceConnectionVM.cs|UsbDeviceWatcher_DeviceInserted|232|New USB device detected DeviceId: USB\VID_04B4&PID_6572\7&2414095C&0&2, PnpDeviceId: USB\VID_04B4&PID_6572\7&2414095C&0&2, Description: Generic USB Hub, Name: Generic USB Hub, Manufacturer: (Standard USB HUBs), Service: USBHUB3, Status: OK
2025-12-15T14:55:28.8073|INFO|ApplicationDeviceConnectionVM.cs|UsbDeviceWatcher_DeviceInserted|232|New USB device detected DeviceId: USB\VID_03C3&PID_1F01\8&2CE6183B&0&3, PnpDeviceId: USB\VID_03C3&PID_1F01\8&2CE6183B&0&3, Description: USB Input Device, Name: USB Input Device, Manufacturer: (Standard system devices), Service: HidUsb, Status: OK
2025-12-15T14:55:28.8074|INFO|ApplicationDeviceConnectionVM.cs|UsbDeviceWatcher_DeviceInserted|232|New USB device detected DeviceId: USB\VID_03C3&PID_120C\8&2CE6183B&0&2, PnpDeviceId: USB\VID_03C3&PID_120C\8&2CE6183B&0&2, Description: ZWO ASI120MM Mini Camera, Name: ZWO ASI120MM Mini Camera, Manufacturer: ZWO, Service: ASICAMUSB3, Status: OK
2025-12-15T14:55:29.1151|INFO|ApplicationDeviceConnectionVM.cs|UsbDeviceWatcher_DeviceInserted|232|New USB device detected DeviceId: USB\VID_03C3&PID_533E\8&2CE6183B&0&1, PnpDeviceId: USB\VID_03C3&PID_533E\8&2CE6183B&0&1, Description: ZWO ASI533MM Pro Camera, Name: ZWO ASI533MM Pro Camera, Manufacturer: ZWO, Service: ASICAMUSB3, Status: OK
2025-12-15T18:03:15.7224|INFO|SequenceItem.cs|Run|254|Finishing Category: Utility, Item: WaitForTime, Time: 18:3:10h, Offset: -30
2025-12-15T18:03:15.7248|INFO|SequenceItem.cs|Run|208|Starting Category: Ground Station, Item: Send to Telegram
2025-12-15T18:03:17.3648|INFO|SequenceItem.cs|Run|254|Finishing Category: Ground Station, Item: Send to Telegram
2025-12-15T18:03:17.3651|INFO|SequenceItem.cs|Run|208|Starting Category: Ground Station, Item: Send to Pushover, Title: Configure Equipment
2025-12-15T18:03:17.5397|INFO|SequenceItem.cs|Run|254|Finishing Category: Ground Station, Item: Send to Pushover, Title: Configure Equipment
2025-12-15T18:03:17.5411|INFO|SequenceItem.cs|Run|208|Starting Category: Connect, Item: ConnectAllEquipment
2025-12-15T18:03:17.5708|INFO|CameraChooserVM.cs|GetEquipment|69|Found 2 ASI Cameras
2025-12-15T18:03:17.6416|INFO|CameraChooserVM.cs|GetEquipment|84|Found 0 Altair Cameras
2025-12-15T18:03:17.6707|INFO|CameraChooserVM.cs|GetEquipment|96|Found 0 Atik Cameras
2025-12-15T18:03:17.6716|INFO|CameraChooserVM.cs|GetEquipment|110|Found 0 FLI Cameras
2025-12-15T18:03:17.6718|INFO|CameraChooserVM.cs|GetEquipment|130|Found 0 QHYCCD Cameras
2025-12-15T18:03:17.8297|INFO|CameraChooserVM.cs|GetEquipment|158|Found 0 ToupTek Cameras
2025-12-15T18:03:17.8359|INFO|CameraChooserVM.cs|GetEquipment|173|Found 0 Ogma Cameras
2025-12-15T18:03:17.8500|INFO|CameraChooserVM.cs|GetEquipment|188|Found 0 Omegon Cameras
2025-12-15T18:03:18.0106|INFO|CameraChooserVM.cs|GetEquipment|203|Found 0 RisingCam Cameras
2025-12-15T18:03:18.0250|INFO|CameraChooserVM.cs|GetEquipment|218|Found 0 MallinCam Cameras
2025-12-15T18:03:18.0265|INFO|CameraChooserVM.cs|GetEquipment|243|Found 0 SVBony Cameras
2025-12-15T18:03:18.0291|INFO|CameraChooserVM.cs|GetEquipment|259|Found 0 SBIG Cameras
2025-12-15T18:03:18.0297|INFO|CameraChooserVM.cs|GetEquipment|279|Found 0 SVBony Cameras
2025-12-15T18:03:18.0301|INFO|CameraChooserVM.cs|GetEquipment|279|Found 0 PlayerOne Cameras
2025-12-15T18:03:18.0381|INFO|CameraChooserVM.cs|GetEquipment|279|Found 0 ASTPAN Cameras
2025-12-15T18:03:18.0391|INFO|CameraChooserVM.cs|GetEquipment|293|Found 4 ASCOM Cameras
2025-12-15T18:03:20.0404|INFO|CameraChooserVM.cs|GetEquipment|305|Found 0 Alpaca Cameras
2025-12-15T18:03:20.0465|INFO|CameraChooserVM.cs|GetEquipment|318|Found 0 Canon Cameras
2025-12-15T18:03:20.1109|INFO|CameraVM.cs|Disconnect|650|Disconnected Camera
2025-12-15T18:03:20.6896|WARNING|ASICamera.cs|SetControlValue|568|Failed to set ASI Control Value ASI_WB_B with value 50
2025-12-15T18:03:20.6898|WARNING|ASICamera.cs|SetControlValue|568|Failed to set ASI Control Value ASI_WB_R with value 50
2025-12-15T18:03:20.6899|WARNING|ASICamera.cs|SetControlValue|568|Failed to set ASI Control Value ASI_GAMMA with value 50
2025-12-15T18:03:20.6900|WARNING|ASICamera.cs|SetControlValue|568|Failed to set ASI Control Value ASI_HIGH_SPEED_MODE with value 0
2025-12-15T18:03:20.6901|WARNING|ASICamera.cs|SetControlValue|568|Failed to set ASI Control Value ASI_OVERCLOCK with value 0
2025-12-15T18:03:20.6903|WARNING|ASICamera.cs|SetControlValue|568|Failed to set ASI Control Value ASI_PATTERN_ADJUST with value 0
2025-12-15T18:03:20.6917|WARNING|ASICamera.cs|SetControlValue|568|Failed to set ASI Control Value ASI_MONO_BIN with value 0
2025-12-15T18:03:20.6930|INFO|ASICamera.cs|Initialize|664|Camera ID: ASI533MM
2025-12-15T18:03:20.7082|WARNING|ASICamera.cs|SetControlValue|568|Failed to set ASI Control Value ASI_ANTI_DEW_HEATER with value 0
2025-12-15T18:03:20.7764|INFO|CameraVM.cs|ChooseCamera|455|Successfully connected Camera. Id: ZWOptical_ZWO ASI533MM Pro_ASI533MM Name: ZWO ASI533MM Pro DisplayName: ZWO ASI533MM Pro (ASI533MM)Driver Version: 1, 39, 0, 0
2025-12-15T18:03:21.3431|INFO|FilterWheelChooserVM.cs|GetEquipment|167|Found 1 Networked Filter Wheel Filter Wheels
2025-12-15T18:03:23.3461|INFO|FilterWheelChooserVM.cs|GetEquipment|193|Found 0 Alpaca Filter Wheels
2025-12-15T18:03:23.3835|INFO|FilterWheelVM.cs|Disconnect|333|Disconnected Filter Wheel
2025-12-15T18:03:26.9352|INFO|FilterWheelVM.cs|ChooseFW|279|Successfully connected Filter Wheel. Id: ASCOM.EFW2.FilterWheel Name: ZWO FilterWheel DisplayName: ZWO FilterWheel (ASCOM) Driver Version: 6.0
2025-12-15T18:03:30.7891|INFO|FocuserChooserVM.cs|GetEquipment|84|Found 0 Alpaca Focusers
2025-12-15T18:03:30.8051|INFO|FocuserVM.cs|Disconnect|441|Disconnected Focuser
2025-12-15T18:03:32.0902|ERROR|AscomDevice.cs|GetProperty|546|An unexpected exception occurred during GET of Focuser.StepSize: 
ASCOM.DriverException: The method or operation is not implemented.
 ---> System.NotImplementedException: The method or operation is not implemented.
   --- End of inner exception stack trace ---
   at ASCOM.Com.DriverAccess.DynamicAccess.CheckDotNetExceptions(String memberName, Exception e) in J:\ASCOMLibrary\ASCOM.Com\ASCOM.Com.DriverAccess\BaseClass\DynamicAccess.cs:line 278
   at ASCOM.Com.DriverAccess.DynamicAccess.TryGetMember(GetMemberBinder binder, Object& result) in J:\ASCOMLibrary\ASCOM.Com\ASCOM.Com.DriverAccess\BaseClass\DynamicAccess.cs:line 150
   at CallSite.Target(Closure, CallSite, Object)
   at System.Dynamic.UpdateDelegates.UpdateAndExecute1[T0,TRet](CallSite site, T0 arg0)
   at ASCOM.Com.DriverAccess.Focuser.get_StepSize() in J:\ASCOMLibrary\ASCOM.Com\ASCOM.Com.DriverAccess\Focuser.cs:line 159
   at System.RuntimeMethodHandle.InvokeMethod(Object target, Void** arguments, Signature sig, Boolean isConstructor)
   at System.Reflection.MethodBaseInvoker.InvokeWithNoArgs(Object obj, BindingFlags invokeAttr)
2025-12-15T18:03:32.3028|INFO|AscomDevice.cs|GetProperty|485|Retrying to GET Focuser.StepSize - Attempt 2 / 3
2025-12-15T18:03:32.3046|ERROR|AscomDevice.cs|GetProperty|546|An unexpected exception occurred during GET of Focuser.StepSize: 
ASCOM.DriverException: The method or operation is not implemented.
 ---> System.NotImplementedException: The method or operation is not implemented.
   --- End of inner exception stack trace ---
   at ASCOM.Com.DriverAccess.DynamicAccess.CheckDotNetExceptions(String memberName, Exception e) in J:\ASCOMLibrary\ASCOM.Com\ASCOM.Com.DriverAccess\BaseClass\DynamicAccess.cs:line 278
   at ASCOM.Com.DriverAccess.DynamicAccess.TryGetMember(GetMemberBinder binder, Object& result) in J:\ASCOMLibrary\ASCOM.Com\ASCOM.Com.DriverAccess\BaseClass\DynamicAccess.cs:line 150
   at CallSite.Target(Closure, CallSite, Object)
   at ASCOM.Com.DriverAccess.Focuser.get_StepSize() in J:\ASCOMLibrary\ASCOM.Com\ASCOM.Com.DriverAccess\Focuser.cs:line 159
   at InvokeStub_Focuser.get_StepSize(Object, Object, IntPtr*)
   at System.Reflection.MethodBaseInvoker.InvokeWithNoArgs(Object obj, BindingFlags invokeAttr)
2025-12-15T18:03:32.5058|INFO|AscomDevice.cs|GetProperty|485|Retrying to GET Focuser.StepSize - Attempt 3 / 3
2025-12-15T18:03:32.5080|ERROR|AscomDevice.cs|GetProperty|546|An unexpected exception occurred during GET of Focuser.StepSize: 
ASCOM.DriverException: The method or operation is not implemented.
 ---> System.NotImplementedException: The method or operation is not implemented.
   --- End of inner exception stack trace ---
   at ASCOM.Com.DriverAccess.DynamicAccess.CheckDotNetExceptions(String memberName, Exception e) in J:\ASCOMLibrary\ASCOM.Com\ASCOM.Com.DriverAccess\BaseClass\DynamicAccess.cs:line 278
   at ASCOM.Com.DriverAccess.DynamicAccess.TryGetMember(GetMemberBinder binder, Object& result) in J:\ASCOMLibrary\ASCOM.Com\ASCOM.Com.DriverAccess\BaseClass\DynamicAccess.cs:line 150
   at CallSite.Target(Closure, CallSite, Object)
   at ASCOM.Com.DriverAccess.Focuser.get_StepSize() in J:\ASCOMLibrary\ASCOM.Com\ASCOM.Com.DriverAccess\Focuser.cs:line 159
   at InvokeStub_Focuser.get_StepSize(Object, Object, IntPtr*)
   at System.Reflection.MethodBaseInvoker.InvokeWithNoArgs(Object obj, BindingFlags invokeAttr)
2025-12-15T18:03:32.5090|INFO|AscomDevice.cs|GetProperty|556|GET Focuser.StepSize failed - Returning last known value 0
2025-12-15T18:03:32.7526|INFO|FocuserVM.cs|ChooseFocuser|333|Successfully connected Focuser. Id: ASCOM.EAF.Focuser Name: ZWO Focuser DisplayName: ZWO Focuser (ASCOM) Driver Version: 6.0
2025-12-15T18:03:34.7561|INFO|TelescopeChooserVM.cs|GetEquipment|69|Found 0 Alpaca Telescopes
2025-12-15T18:03:34.7885|INFO|TelescopeVM.cs|Disconnect|740|Disconnected mount
2025-12-15T18:03:37.7801|INFO|AscomTelescope.cs|CheckMountTime|845|Mount UTC Time: 2025-12-16 00:03:34Z / System UTC Time: 2025-12-16 00:03:37Z; Difference: 3.609 seconds
2025-12-15T18:03:37.8282|INFO|AscomTelescope.cs|CheckMountTime|852|System time has been synced to the mount
2025-12-15T18:03:38.0921|INFO|TelescopeVM.cs|ChooseTelescope|535|Successfully connected mount. Id: ASCOM.iOptron2017.Telescope Name: iOptron CEM120,70,40,26, GEM, HEM, HAE, HAZ series and SkyHunter Mount DisplayName: iOptron CEM120,70,40,26, GEM, HEM, HAE, HAZ series and SkyHunter Mount (ASCOM) Driver Version: 9.15
2025-12-15T18:03:38.1045|INFO|PHD2Guider.cs|Connect|205|Connecting to PHD2 server at 127.0.0.1:4400
2025-12-15T18:03:43.3987|INFO|PHD2Client.cs|ConnectAsync|62|PHD2Client: Connected successfully!
2025-12-15T18:03:43.3989|INFO|DitherStatisticsVM.cs|OnPHD2ConnectionStatusChanged|616|PHD2 Connection Status: Connected
2025-12-15T18:03:43.3989|INFO|DitherStatisticsVM.cs|ConnectToPHD2|595|Successfully connected to PHD2!
2025-12-15T18:03:43.4002|INFO|PHD2Client.cs|ReadEventsAsync|102|PHD2Client: Started reading events
2025-12-15T18:03:43.7834|INFO|PHD2Client.cs|HandleVersion|256|PHD2Client: Connected to PHD2 version 2.6.13.dev8 (Message Protocol v1)
2025-12-15T18:03:43.7845|INFO|PHD2Client.cs|HandleAppState|266|PHD2Client: PHD2 AppState: Stopped
2025-12-15T18:03:47.7459|INFO|WeatherDataChooserVM.cs|GetEquipment|69|Found 0 Alpaca Observing Conditions
2025-12-15T18:03:47.7708|INFO|WeatherDataVM.cs|Disconnect|305|Disconnected Weather Device
2025-12-15T18:03:49.3532|INFO|AscomDevice.cs|GetProperty|527|Property ObservingConditions.SkyQuality GET is not implemented in this driver (SkyAlert Observing Conditions)
2025-12-15T18:03:49.3604|INFO|AscomDevice.cs|GetProperty|527|Property ObservingConditions.StarFWHM GET is not implemented in this driver (SkyAlert Observing Conditions)
2025-12-15T18:03:49.3741|INFO|WeatherDataVM.cs|ChooseWeatherData|150|Successfully connected Weather Device. Id: ASCOM.SkyAlert.ObservingConditions Name: SkyAlert Observing Conditions DisplayName: SkyAlert Observing Conditions (ASCOM) Driver Version: 1.7
2025-12-15T18:03:51.3840|INFO|SafetyMonitorChooserVM.cs|GetEquipment|71|Found 0 Alpaca Safety Monitors
2025-12-15T18:03:51.4097|INFO|SafetyMonitorVM.cs|Disconnect|221|Disconnected Safety Monitor
2025-12-15T18:03:51.8527|INFO|SafetyMonitorVM.cs|Connect|175|Successfully connected Safety Monitor. Id: ASCOM.GenericFile.SafetyMonitor Name: Generic File driver DisplayName: Generic File driver (ASCOM) Driver Version: 6.4
2025-12-15T18:03:51.8531|INFO|SequenceItem.cs|Run|254|Finishing Category: Connect, Item: ConnectAllEquipment
2025-12-15T18:03:51.8538|INFO|SequenceItem.cs|Run|208|Starting Category: Telescope, Item: FindHome
2025-12-15T18:03:51.8599|INFO|PHD2Guider.cs|StopGuiding|704|Phd2 - Stop Guiding skipped, as the app is already in state Stopped
2025-12-15T18:03:51.8619|INFO|TelescopeVM.cs|FindHome|292|Mount ordered to locate home position
2025-12-15T18:03:51.8646|INFO|TelescopeVM.cs|FindHome|336|Mount ordered to home but it is already at home
2025-12-15T18:03:51.8650|INFO|TelescopeVM.cs|FindHome|348|Mount has located its home position
2025-12-15T18:03:51.8660|INFO|SequenceItem.cs|Run|254|Finishing Category: Telescope, Item: FindHome
2025-12-15T18:03:51.8662|INFO|SequenceItem.cs|Run|208|Starting Category: Ground Station, Item: Send to Telegram
2025-12-15T18:03:52.5623|INFO|SequenceItem.cs|Run|254|Finishing Category: Ground Station, Item: Send to Telegram
2025-12-15T18:03:52.5629|INFO|SequenceItem.cs|Run|208|Starting Category: Ground Station, Item: Send to Pushover, Title: Cool
2025-12-15T18:03:52.6952|INFO|SequenceItem.cs|Run|254|Finishing Category: Ground Station, Item: Send to Pushover, Title: Cool
2025-12-15T18:03:52.6969|INFO|SequenceItem.cs|Run|208|Starting Category: Camera, Item: CoolCamera, Temperature: -15, Duration: 0
2025-12-15T18:03:52.7032|INFO|CameraVM.cs|CoolCamera|138|Cooling Camera. Target: -15 Duration: 00:00:00
2025-12-15T18:03:53.8570|INFO|SafetyMonitorVM.cs|UpdateMonitorValues|95|SafetyMonitorInfo state changed to Unsafe
2025-12-15T18:09:29.8196|INFO|SequenceItem.cs|Run|254|Finishing Category: Camera, Item: CoolCamera, Temperature: -15, Duration: 0
2025-12-15T18:09:29.8204|INFO|SequenceItem.cs|Run|208|Starting Category: Utility, Item: WaitForTime, Time: 18:18:10h, Offset: -15
2025-12-15T18:18:10.4864|INFO|SequenceItem.cs|Run|254|Finishing Category: Utility, Item: WaitForTime, Time: 18:18:10h, Offset: -15
2025-12-15T18:18:10.4936|INFO|SequenceItem.cs|Run|254|Finishing Category: * Instruction Set *, Container: NINA.Sequencer.Container.SequentialContainer, Strategy: SequentialStrategy, Items[FINISHED]: 10
2025-12-15T18:18:10.4941|INFO|SequenceItem.cs|Run|254|Finishing Category: * Instruction Set *, Container: NINA.Sequencer.Container.StartAreaContainer, Strategy: SequentialStrategy, Items[FINISHED]: 1
2025-12-15T18:18:10.4949|INFO|SequenceItem.cs|Run|208|Starting Category: * Instruction Set *, Container: NINA.Sequencer.Container.TargetAreaContainer, Strategy: SequentialStrategy, Items[CREATED]: 1
2025-12-15T18:18:10.4970|INFO|SequenceItem.cs|Run|208|Starting Category: * Instruction Set *, Container: NINA.Sequencer.Container.SequentialContainer, Strategy: SequentialStrategy, Items[CREATED]: 10, Conditions: Condition: TimeCondition, Time: 6:32:59h, Condition: TargetSchedulerCondition mode=While Targets Remain Tonight, , Triggers: Trigger: CenterAfterDriftTrigger, DistanceArcMinutes: 1Trigger: WhenUnsafeCategory: Ground Station, Item: Failures to TelegramCategory: Connect, Item: ReconnectOnDownloadFailureTrigger: AutofocusAfterHFRIncreaseTrigger, Amount: 5Trigger: MeridianFlipTriggerCategory: Powerups (Misc), Item: DIYTriggerCategory: Ground Station, Item: Failures to Pushover
2025-12-15T18:18:10.5052|INFO|WhenUnsafe.cs|CheckSafe|77|IsSafe is now FALSE; connected = True, IsSafe = False
2025-12-15T18:18:10.5054|INFO|WhenCommon.cs|ShouldTrigger|373|ShouldTrigger TRUE from InterruptWhen, setting TriggerRunner
2025-12-15T18:18:10.5056|INFO|WhenCommon.cs|InterruptWhen|318|Interrupting current Instruction Set
2025-12-15T18:18:10.5185|INFO|WhenCommon.cs|InterruptWhen|328|Canceling sequence...
2025-12-15T18:18:11.5198|INFO|WhenCommon.cs|InterruptWhen|332|Delay 1000
2025-12-15T18:18:12.5210|INFO|WhenCommon.cs|InterruptWhen|332|Delay 1000
2025-12-15T18:18:13.5209|INFO|WhenCommon.cs|InterruptWhen|332|Delay 1000
2025-12-15T18:18:14.5218|INFO|WhenCommon.cs|InterruptWhen|332|Delay 1000
2025-12-15T18:18:15.5228|INFO|WhenCommon.cs|InterruptWhen|332|Delay 1000
2025-12-15T18:18:16.5227|INFO|WhenCommon.cs|InterruptWhen|332|Delay 1000
2025-12-15T18:18:17.5241|INFO|WhenCommon.cs|InterruptWhen|332|Delay 1000
2025-12-15T18:18:18.5236|INFO|WhenCommon.cs|InterruptWhen|332|Delay 1000
2025-12-15T18:18:19.5246|INFO|WhenCommon.cs|InterruptWhen|332|Delay 1000
2025-12-15T18:18:20.5257|INFO|WhenCommon.cs|InterruptWhen|332|Delay 1000
2025-12-15T18:18:21.5253|INFO|WhenCommon.cs|InterruptWhen|332|Delay 1000
2025-12-15T18:18:22.5269|INFO|WhenCommon.cs|InterruptWhen|332|Delay 1000
2025-12-15T18:18:23.5275|INFO|WhenCommon.cs|InterruptWhen|332|Delay 1000
2025-12-15T18:18:24.5285|INFO|WhenCommon.cs|InterruptWhen|332|Delay 1000
2025-12-15T18:18:25.5286|INFO|WhenCommon.cs|InterruptWhen|332|Delay 1000
2025-12-15T18:18:26.5293|INFO|WhenCommon.cs|InterruptWhen|332|Delay 1000
2025-12-15T18:18:27.5296|INFO|WhenCommon.cs|InterruptWhen|332|Delay 1000
2025-12-15T18:18:28.5307|INFO|WhenCommon.cs|InterruptWhen|332|Delay 1000
2025-12-15T18:18:29.5316|INFO|WhenCommon.cs|InterruptWhen|332|Delay 1000
2025-12-15T18:18:30.5321|INFO|WhenCommon.cs|InterruptWhen|332|Delay 1000
2025-12-15T18:18:30.7584|INFO|Sequencer.cs|Start|85|Sequence run was cancelled
2025-12-15T18:18:30.7758|INFO|Sequence2VM.cs|StartSequence|548|Advanced Sequence finished
2025-12-15T18:18:31.5355|INFO|WhenCommon.cs|InterruptWhen|335|Sequence no longer running
2025-12-15T18:18:31.5379|WARNING|WhenCommon.cs|CheckSlewing|259|CheckSlewing, WhenUnsafe = True, Connected = True, CanSlew = True, info.Slewing = False
2025-12-15T18:18:31.5400|INFO|Sequence2VM.cs|StartSequence|543|Advanced Sequence starting
2025-12-15T18:18:31.6412|INFO|SequenceItem.cs|Run|208|Starting Category: * Instruction Set *, Container: NINA.Sequencer.Container.SequenceRootContainer, Strategy: SequentialStrategy, Items[CREATED]: 3, Triggers: Category: Ground Station, Item: Failures to Telegram
2025-12-15T18:18:31.6415|INFO|SequenceItem.cs|Run|208|Starting Category: * Instruction Set *, Container: NINA.Sequencer.Container.StartAreaContainer, Strategy: SequentialStrategy, Items[FINISHED]: 1
2025-12-15T18:18:31.6415|INFO|SequenceItem.cs|Run|254|Finishing Category: * Instruction Set *, Container: NINA.Sequencer.Container.StartAreaContainer, Strategy: SequentialStrategy, Items[FINISHED]: 1
2025-12-15T18:18:31.6416|INFO|SequenceItem.cs|Run|208|Starting Category: * Instruction Set *, Container: NINA.Sequencer.Container.TargetAreaContainer, Strategy: SequentialStrategy, Items[CREATED]: 1
2025-12-15T18:18:31.6418|INFO|SequenceItem.cs|Run|208|Starting Category: * Instruction Set *, Container: NINA.Sequencer.Container.SequentialContainer, Strategy: SequentialStrategy, Items[CREATED]: 10, Conditions: Condition: TimeCondition, Time: 6:32:59h, Condition: TargetSchedulerCondition mode=While Targets Remain Tonight, , Triggers: Trigger: CenterAfterDriftTrigger, DistanceArcMinutes: 1Trigger: WhenUnsafeCategory: Ground Station, Item: Failures to TelegramCategory: Connect, Item: ReconnectOnDownloadFailureTrigger: AutofocusAfterHFRIncreaseTrigger, Amount: 5Trigger: MeridianFlipTriggerCategory: Powerups (Misc), Item: DIYTriggerCategory: Ground Station, Item: Failures to Pushover
2025-12-15T18:18:31.6437|INFO|WhenCommon.cs|ShouldTrigger|377|ShouldTrigger TRUE, setting TriggerRunner
2025-12-15T18:18:31.6459|INFO|SequenceTrigger.cs|Run|114|Starting Trigger: WhenUnsafe
2025-12-15T18:18:31.6567|INFO|WhenCommon.cs|Execute|390|Execute 0
2025-12-15T18:18:31.6569|INFO|WhenCommon.cs|Execute|404|When: running TriggerRunner, InFlight -> true, Triggered -> false
2025-12-15T18:18:31.6569|WARNING|WhenCommon.cs|CheckSlewing|259|CheckSlewing, WhenUnsafe = True, Connected = True, CanSlew = True, info.Slewing = False
2025-12-15T18:18:31.6571|INFO|SequenceItem.cs|Run|208|Starting Category: , Container: WhenPlugin.When.IfContainer, Strategy: SequentialStrategy, Items[CREATED]: 9
2025-12-15T18:18:31.6631|INFO|MeridianFlipTrigger.cs|ShouldTrigger|197|Meridian Flip - Telescope is at home position. Skip flip evaluation
2025-12-15T18:18:31.6642|INFO|SequenceItem.cs|Run|208|Starting Category: Ground Station, Item: Send to Telegram
2025-12-15T18:18:32.9121|INFO|SequenceItem.cs|Run|254|Finishing Category: Ground Station, Item: Send to Telegram
2025-12-15T18:18:32.9152|INFO|MeridianFlipTrigger.cs|ShouldTrigger|197|Meridian Flip - Telescope is at home position. Skip flip evaluation
2025-12-15T18:18:32.9157|INFO|SequenceItem.cs|Run|208|Starting Category: Ground Station, Item: Send to Pushover, Title: Unsafe
2025-12-15T18:18:33.1118|INFO|SequenceItem.cs|Run|254|Finishing Category: Ground Station, Item: Send to Pushover, Title: Unsafe
2025-12-15T18:18:33.1131|INFO|MeridianFlipTrigger.cs|ShouldTrigger|197|Meridian Flip - Telescope is at home position. Skip flip evaluation
2025-12-15T18:18:33.1133|INFO|SequenceItem.cs|Run|208|Starting Category: Telescope, Item: FindHome
2025-12-15T18:18:33.1191|INFO|PHD2Guider.cs|StopGuiding|704|Phd2 - Stop Guiding skipped, as the app is already in state Stopped
2025-12-15T18:18:33.1194|INFO|TelescopeVM.cs|FindHome|292|Mount ordered to locate home position
2025-12-15T18:18:33.1202|INFO|TelescopeVM.cs|FindHome|336|Mount ordered to home but it is already at home
2025-12-15T18:18:33.1203|INFO|TelescopeVM.cs|FindHome|348|Mount has located its home position
2025-12-15T18:18:33.1208|INFO|SequenceItem.cs|Run|254|Finishing Category: Telescope, Item: FindHome
2025-12-15T18:18:33.1215|INFO|MeridianFlipTrigger.cs|ShouldTrigger|197|Meridian Flip - Telescope is at home position. Skip flip evaluation
2025-12-15T18:18:33.1225|INFO|SequenceItem.cs|Run|208|Starting Category: Guider, Item: StopGuiding
2025-12-15T18:18:33.1303|INFO|PHD2Guider.cs|StopGuiding|704|Phd2 - Stop Guiding skipped, as the app is already in state Stopped
2025-12-15T18:18:33.1307|INFO|SequenceItem.cs|Run|254|Finishing Category: Guider, Item: StopGuiding
2025-12-15T18:18:33.1451|INFO|MeridianFlipTrigger.cs|ShouldTrigger|197|Meridian Flip - Telescope is at home position. Skip flip evaluation
2025-12-15T18:18:33.1460|INFO|SequenceItem.cs|Run|208|Starting Category: Connect, Item: DisconnectEquipment, Selected device: Safety Monitor
2025-12-15T18:18:33.2438|INFO|AscomDevice.cs|Disconnect|378|Disconnecting from ASCOM.GenericFile.SafetyMonitor Generic File driver
2025-12-15T18:18:33.2740|INFO|SafetyMonitorVM.cs|Disconnect|221|Disconnected Safety Monitor
2025-12-15T18:18:33.2745|INFO|SequenceItem.cs|Run|254|Finishing Category: Connect, Item: DisconnectEquipment, Selected device: Safety Monitor
2025-12-15T18:18:33.2752|INFO|MeridianFlipTrigger.cs|ShouldTrigger|197|Meridian Flip - Telescope is at home position. Skip flip evaluation
2025-12-15T18:18:33.2759|INFO|SequenceItem.cs|Run|208|Starting Category: Utility, Item: WaitForTimeSpan, Time: 60s
2025-12-15T18:19:33.3569|INFO|SequenceItem.cs|Run|254|Finishing Category: Utility, Item: WaitForTimeSpan, Time: 60s
2025-12-15T18:19:33.3579|INFO|MeridianFlipTrigger.cs|ShouldTrigger|197|Meridian Flip - Telescope is at home position. Skip flip evaluation
2025-12-15T18:19:33.3593|INFO|SequenceItem.cs|Run|208|Starting Category: Connect, Item: ConnectEquipment, Selected device: Safety Monitor, Selected device id: ASCOM.GenericFile.SafetyMonitor
2025-12-15T18:19:35.3697|INFO|SafetyMonitorChooserVM.cs|GetEquipment|71|Found 0 Alpaca Safety Monitors
2025-12-15T18:19:35.3996|INFO|SafetyMonitorVM.cs|Disconnect|221|Disconnected Safety Monitor
2025-12-15T18:19:35.4715|INFO|SafetyMonitorVM.cs|Connect|175|Successfully connected Safety Monitor. Id: ASCOM.GenericFile.SafetyMonitor Name: Generic File driver DisplayName: Generic File driver (ASCOM) Driver Version: 6.4
2025-12-15T18:19:35.4721|INFO|SequenceItem.cs|Run|254|Finishing Category: Connect, Item: ConnectEquipment, Selected device: Safety Monitor, Selected device id: ASCOM.GenericFile.SafetyMonitor
2025-12-15T18:19:35.4725|INFO|MeridianFlipTrigger.cs|ShouldTrigger|197|Meridian Flip - Telescope is at home position. Skip flip evaluation
2025-12-15T18:19:35.4726|INFO|SequenceItem.cs|Run|208|Starting Category: Utility, Item: WaitForTimeSpan, Time: 60s
2025-12-15T18:19:37.4724|INFO|SafetyMonitorVM.cs|UpdateMonitorValues|95|SafetyMonitorInfo state changed to Unsafe
2025-12-15T18:20:35.5869|INFO|SequenceItem.cs|Run|254|Finishing Category: Utility, Item: WaitForTimeSpan, Time: 60s
2025-12-15T18:20:35.5879|INFO|MeridianFlipTrigger.cs|ShouldTrigger|197|Meridian Flip - Telescope is at home position. Skip flip evaluation
2025-12-15T18:20:35.5885|INFO|SequenceItem.cs|Run|208|Starting Category: Powerups (Safety), Item: OnceSafe
2025-12-15T18:43:16.3530|WARNING|DeviceUpdateTimer.cs|Run|115|Mount value update cycle took longer than the device poll interval (Total: 2.26s > 2s; Poll: 00:00:02.2646728; Update: 00:00:00.0002210)
2025-12-15T18:43:55.4449|INFO|FramingAssistantVM.cs|LoadImage|1088|Loading image from source HIPS2FITS with field of view 5° for coordinates RA: 01:56:26; Dec: 65° 28' 12"; Epoch: J2000
2025-12-15T18:46:30.3241|INFO|FramingAssistantVM.cs|LoadImage|1088|Loading image from source HIPS2FITS with field of view 10° for coordinates RA: 01:56:26; Dec: 65° 28' 12"; Epoch: J2000
2025-12-15T18:56:00.2326|INFO|FramingAssistantVM.cs|LoadImage|1088|Loading image from source HIPS2FITS with field of view 24° for coordinates RA: 01:56:26; Dec: 65° 28' 12"; Epoch: J2000
2025-12-15T19:00:27.3557|INFO|FramingAssistantVM.cs|LoadImage|1088|Loading image from source HIPS2FITS with field of view 3° for coordinates RA: 01:56:26; Dec: 65° 28' 12"; Epoch: J2000
2025-12-16T06:32:59.0937|INFO|TimeCondition.cs|Check|254|TimeCondition finished.
2025-12-16T06:32:59.0941|INFO|TimeCondition.cs|InterruptWhenTimeIsUp|63|Time limit exceeded - Interrupting current Instruction Set
2025-12-16T06:32:59.1026|INFO|WhenCommon.cs|Execute|420|When: Execute done; InFlight -> false, Triggered false
2025-12-16T06:32:59.1038|INFO|MeridianFlipTrigger.cs|ShouldTrigger|197|Meridian Flip - Telescope is at home position. Skip flip evaluation
2025-12-16T06:32:59.1042|INFO|SequenceItem.cs|Run|208|Starting Category: Utility, Item: WaitForTime, Time: 18:18:10h, Offset: -15
2025-12-16T06:32:59.1078|INFO|SequenceItem.cs|Run|254|Finishing Category: * Instruction Set *, Container: NINA.Sequencer.Container.SequentialContainer, Strategy: SequentialStrategy, Items[CREATED]: 10, Conditions: Condition: TimeCondition, Time: 6:32:59h, Condition: TargetSchedulerCondition mode=While Targets Remain Tonight, , Triggers: Trigger: CenterAfterDriftTrigger, DistanceArcMinutes: 1Trigger: WhenUnsafeCategory: Ground Station, Item: Failures to TelegramCategory: Connect, Item: ReconnectOnDownloadFailureTrigger: AutofocusAfterHFRIncreaseTrigger, Amount: 5Trigger: MeridianFlipTriggerCategory: Powerups (Misc), Item: DIYTriggerCategory: Ground Station, Item: Failures to Pushover
2025-12-16T06:32:59.1082|INFO|SequenceItem.cs|Run|254|Finishing Category: * Instruction Set *, Container: NINA.Sequencer.Container.TargetAreaContainer, Strategy: SequentialStrategy, Items[FINISHED]: 1
2025-12-16T06:32:59.1088|INFO|SequenceItem.cs|Run|208|Starting Category: * Instruction Set *, Container: NINA.Sequencer.Container.EndAreaContainer, Strategy: SequentialStrategy, Items[CREATED]: 7
2025-12-16T06:32:59.1101|INFO|SequenceItem.cs|Run|208|Starting Category: Telescope, Item: FindHome
2025-12-16T06:32:59.1161|INFO|PHD2Guider.cs|StopGuiding|704|Phd2 - Stop Guiding skipped, as the app is already in state Stopped
2025-12-16T06:32:59.1163|INFO|TelescopeVM.cs|FindHome|292|Mount ordered to locate home position
2025-12-16T06:32:59.1359|INFO|TelescopeVM.cs|FindHome|336|Mount ordered to home but it is already at home
2025-12-16T06:32:59.1361|INFO|TelescopeVM.cs|FindHome|348|Mount has located its home position
2025-12-16T06:32:59.1363|INFO|SequenceItem.cs|Run|254|Finishing Category: Telescope, Item: FindHome
2025-12-16T06:32:59.1374|INFO|SequenceItem.cs|Run|208|Starting Category: Camera, Item: WarmCamera, Duration: 0
2025-12-16T06:32:59.1414|INFO|CameraVM.cs|WarmCamera|161|Warming Camera. Duration: 00:00:00
2025-12-16T06:36:41.1363|INFO|CameraVM.cs|WarmCamera|179|Could not reach warming temperature. Most likley due to ambient temperature being lower. Continuing...
2025-12-16T06:37:01.1638|INFO|CameraVM.cs|WarmCamera|186|Turning cooler off
2025-12-16T06:37:01.1658|INFO|SequenceItem.cs|Run|254|Finishing Category: Camera, Item: WarmCamera, Duration: 0
2025-12-16T06:37:01.1661|INFO|SequenceItem.cs|Run|208|Starting Category: Guider, Item: StopGuiding
2025-12-16T06:37:01.1715|INFO|PHD2Guider.cs|StopGuiding|704|Phd2 - Stop Guiding skipped, as the app is already in state Stopped
2025-12-16T06:37:01.1717|INFO|SequenceItem.cs|Run|254|Finishing Category: Guider, Item: StopGuiding
2025-12-16T06:37:01.1734|INFO|SequenceItem.cs|Run|208|Starting Category: Phd2 Tools, Item: ShutdownPhd2Instruction
2025-12-16T06:37:01.1993|INFO|SequenceItem.cs|Run|254|Finishing Category: Phd2 Tools, Item: ShutdownPhd2Instruction
2025-12-16T06:37:01.2001|INFO|SequenceItem.cs|Run|208|Starting Category: Connect, Item: DisconnectAllEquipment
2025-12-16T06:37:01.2092|WARNING|PHD2Client.cs|ReadEventsAsync|110|PHD2Client: Connection closed by server
2025-12-16T06:37:01.2094|INFO|DitherStatisticsVM.cs|OnPHD2ConnectionStatusChanged|619|PHD2 Connection Status: Connection lost
2025-12-16T06:37:01.2095|INFO|PHD2Client.cs|ReadEventsAsync|126|PHD2Client: Stopped reading events
2025-12-16T06:37:01.2790|INFO|CameraVM.cs|Disconnect|650|Disconnected Camera
2025-12-16T06:37:01.2797|INFO|AscomDevice.cs|Disconnect|378|Disconnecting from ASCOM.EFW2.FilterWheel ZWO FilterWheel
2025-12-16T06:37:01.7140|INFO|FilterWheelVM.cs|Disconnect|333|Disconnected Filter Wheel
2025-12-16T06:37:01.7257|INFO|AscomDevice.cs|Disconnect|378|Disconnecting from ASCOM.EAF.Focuser ZWO Focuser
2025-12-16T06:37:01.7790|INFO|FocuserVM.cs|Disconnect|441|Disconnected Focuser
2025-12-16T06:37:01.7794|INFO|DisconnectAllEquipment.cs|Execute|139|Rotator is already disconnected
2025-12-16T06:37:01.7899|INFO|AscomDevice.cs|Disconnect|378|Disconnecting from ASCOM.iOptron2017.Telescope iOptron CEM120,70,40,26, GEM, HEM, HAE, HAZ series and SkyHunter Mount
2025-12-16T06:37:01.8108|INFO|TelescopeVM.cs|Disconnect|740|Disconnected mount
2025-12-16T06:37:01.8111|INFO|DisconnectAllEquipment.cs|Execute|139|Guider is already disconnected
2025-12-16T06:37:01.8111|INFO|DisconnectAllEquipment.cs|Execute|139|Switch is already disconnected
2025-12-16T06:37:01.8112|INFO|DisconnectAllEquipment.cs|Execute|139|Flat Panel is already disconnected
2025-12-16T06:37:01.8133|INFO|AscomDevice.cs|Disconnect|378|Disconnecting from ASCOM.SkyAlert.ObservingConditions SkyAlert Observing Conditions
2025-12-16T06:37:01.8210|INFO|WeatherDataVM.cs|Disconnect|305|Disconnected Weather Device
2025-12-16T06:37:01.8213|INFO|DisconnectAllEquipment.cs|Execute|139|Dome is already disconnected
2025-12-16T06:37:01.8230|INFO|AscomDevice.cs|Disconnect|378|Disconnecting from ASCOM.GenericFile.SafetyMonitor Generic File driver
2025-12-16T06:37:01.8276|INFO|SafetyMonitorVM.cs|Disconnect|221|Disconnected Safety Monitor
2025-12-16T06:37:01.8280|INFO|SequenceItem.cs|Run|254|Finishing Category: Connect, Item: DisconnectAllEquipment
2025-12-16T06:37:01.8282|INFO|SequenceItem.cs|Run|208|Starting Category: Ground Station, Item: Send to Pushover, Title: Disconnected
2025-12-16T06:37:02.0106|INFO|SequenceItem.cs|Run|254|Finishing Category: Ground Station, Item: Send to Pushover, Title: Disconnected
2025-12-16T06:37:02.0108|INFO|SequenceItem.cs|Run|208|Starting Category: Ground Station, Item: Send to Telegram
2025-12-16T06:37:02.7845|INFO|SequenceItem.cs|Run|254|Finishing Category: Ground Station, Item: Send to Telegram
2025-12-16T06:37:02.7849|INFO|SequenceItem.cs|Run|254|Finishing Category: * Instruction Set *, Container: NINA.Sequencer.Container.EndAreaContainer, Strategy: SequentialStrategy, Items[FINISHED]: 7
2025-12-16T06:37:02.7852|INFO|SequenceItem.cs|Run|254|Finishing Category: * Instruction Set *, Container: NINA.Sequencer.Container.SequenceRootContainer, Strategy: SequentialStrategy, Items[FINISHED]: 3, Triggers: Category: Ground Station, Item: Failures to Telegram
2025-12-16T06:37:02.7863|INFO|Sequence2VM.cs|StartSequence|548|Advanced Sequence finished
2025-12-16T06:37:02.7872|INFO|WhenCommon.cs|InterruptWhen|343|Restarting sequence, Triggered -> true
2025-12-16T06:37:06.2213|INFO|PHD2Client.cs|ConnectAsync|48|PHD2Client: Connecting to PHD2 at 127.0.0.1:4400...
2025-12-16T06:37:08.2545|ERROR|PHD2Client.cs|ConnectAsync|69|PHD2Client: Connection failed: No connection could be made because the target machine actively refused it.
2025-12-16T11:34:34.2478|INFO|ApplicationVM.cs|Exit|244|Shutting down application - requested by user
2025-12-16T11:34:34.3799|INFO|ApplicationVM.cs|Closing|289|Application shutting down
2025-12-16T11:34:34.4732|INFO|DomeVM.cs|Disconnect|355|Disconnected Dome Device
2025-12-16T11:34:34.4802|INFO|FlatDeviceVM.cs|Disconnect|289|Disconnected Flat Device
2025-12-16T11:34:34.4917|INFO|CameraVM.cs|Disconnect|650|Disconnected Camera
2025-12-16T11:34:34.4925|INFO|TelescopeVM.cs|Disconnect|740|Disconnected mount
2025-12-16T11:34:34.4948|INFO|FilterWheelVM.cs|Disconnect|333|Disconnected Filter Wheel
2025-12-16T11:34:34.4957|INFO|FocuserVM.cs|Disconnect|441|Disconnected Focuser
2025-12-16T11:34:34.5024|INFO|RotatorVM.cs|Disconnect|447|Disconnected Rotator
2025-12-16T11:34:34.5081|INFO|SwitchVM.cs|Disconnect|309|Disconnected Switch
2025-12-16T11:34:34.5128|INFO|WeatherDataVM.cs|Disconnect|305|Disconnected Weather Device
2025-12-16T11:34:34.5133|INFO|SafetyMonitorVM.cs|Disconnect|221|Disconnected Safety Monitor
2025-12-16T11:34:35.5091|INFO|API.cs|StopWatchers|86|Stopping all event watchers
