----------------------------------------------------------------------
--------------N.I.N.A. - Nighttime Imaging 'N' Astronomy--------------
--------------------------Version 3.1.2.9001--------------------------
-------------------------2025-08-14T02:10:04--------------------------
----------------------------------------------------------------------
---------------------Microsoft Windows 10.0.19045---------------------
-------------------------OS Architecture X64--------------------------
-----------------------Process Architecture X64-----------------------
------------------------------.NET 8.0.8------------------------------
----------------------------------------------------------------------
--------------------------Processor Count 4---------------------------
--------------------Total Physical Memory 7.84 GB---------------------
----------------------------------------------------------------------
DATE|LEVEL|SOURCE|MEMBER|LINE|MESSAGE
2025-08-14T02:10:04.2668|INFO|CameraChooserVM.cs|GetEquipment|69|Found 2 ASI Cameras
2025-08-14T02:10:04.9086|INFO|CameraChooserVM.cs|GetEquipment|84|Found 0 Altair Cameras
2025-08-14T02:10:05.7904|INFO|CameraChooserVM.cs|GetEquipment|96|Found 0 Atik Cameras
2025-08-14T02:10:05.7915|INFO|CameraChooserVM.cs|GetEquipment|110|Found 0 FLI Cameras
2025-08-14T02:10:07.0717|INFO|CameraChooserVM.cs|GetEquipment|130|Found 0 QHYCCD Cameras
2025-08-14T02:10:07.5906|INFO|CameraChooserVM.cs|GetEquipment|158|Found 0 ToupTek Cameras
2025-08-14T02:10:07.7121|INFO|CameraChooserVM.cs|GetEquipment|173|Found 0 Ogma Cameras
2025-08-14T02:10:07.8979|INFO|CameraChooserVM.cs|GetEquipment|188|Found 0 Omegon Cameras
2025-08-14T02:10:08.3800|INFO|CameraChooserVM.cs|GetEquipment|203|Found 0 RisingCam Cameras
2025-08-14T02:10:08.5884|INFO|CameraChooserVM.cs|GetEquipment|218|Found 0 MallinCam Cameras
2025-08-14T02:10:08.5915|INFO|CameraChooserVM.cs|GetEquipment|244|Found 0 SBIG Cameras
2025-08-14T02:10:11.3512|INFO|PluginLoader.cs|LoadPlugin|416|Successfully loaded plugin Autofocus Report Analysis version 2.0.0.9 by Stefan Berg @isbeorn
2025-08-14T02:10:11.7080|INFO|PluginLoader.cs|LoadPlugin|416|Successfully loaded plugin Connector version 2.0.3.0 by Stefan Berg
2025-08-14T02:10:11.8695|INFO|PluginLoader.cs|LoadPlugin|416|Successfully loaded plugin Device Actions and Commands version 2.0.0.0 by Dale Ghent
2025-08-14T02:10:12.4649|INFO|PluginLoader.cs|LoadPlugin|416|Successfully loaded plugin Discord Alert version 2.2.0.0 by Drew McDermott
2025-08-14T02:10:12.7168|INFO|ApplicationVM.cs|CheckDiskInfo|100|Available Space on Drive C:\: 120.31 GB
2025-08-14T02:10:12.7234|INFO|ApplicationVM.cs|CheckDiskInfo|102|Drive E:\ is not ready
2025-08-14T02:10:12.7255|INFO|ApplicationVM.cs|CheckDiskInfo|100|Available Space on Drive G:\: 60.9 GB
2025-08-14T02:10:12.7330|INFO|ApplicationVM.cs|CheckDiskInfo|100|Available Space on Drive Z:\: 35.92 GB
2025-08-14T02:10:13.4824|INFO|ApplicationVM.cs|CheckASCOMPlatformVersion|81|ASCOM Platform 6.6.2.4195 installed
2025-08-14T02:10:13.7453|INFO|PluginLoader.cs|LoadPlugin|416|Successfully loaded plugin Discord Notification version 1.0.0.1 by Daniel Ludwig
2025-08-14T02:10:13.9690|INFO|PluginLoader.cs|LoadPlugin|416|Successfully loaded plugin Filter Offset Calculator version 2.0.0.0 by S. Dimant & Stefan Berg
2025-08-14T02:10:14.2520|INFO|PluginLoader.cs|LoadPlugin|416|Successfully loaded plugin Flexure Correction version 0.8.0.0 by Francesco Meschia
2025-08-14T02:10:15.9164|INFO|PluginLoader.cs|LoadPlugin|416|Successfully loaded plugin Ground Station version 2.4.1.0 by Dale Ghent
2025-08-14T02:10:26.2016|INFO|PluginLoader.cs|LoadPlugin|416|Successfully loaded plugin Hocus Focus version 3.0.0.21 by George Hilios (jokogeo)
2025-08-14T02:10:27.0662|INFO|PluginLoader.cs|LoadPlugin|416|Successfully loaded plugin Horizon Creator version 1.1.2.0 by Christian Palm
2025-08-14T02:10:27.2553|INFO|PluginLoader.cs|LoadPlugin|416|Successfully loaded plugin Moon Angle version 2.2.0.0 by Dale Ghent
2025-08-14T02:10:27.5815|INFO|PluginLoader.cs|LoadPlugin|416|Successfully loaded plugin PixInsight Tools version 1.0.0.3 by Stefan Berg
2025-08-14T02:10:29.2270|WARNING|When.cs|GetRunningItem|143|Can't get running items: SequencerNavigation not initialized yet!
2025-08-14T02:10:29.4813|INFO|PluginLoader.cs|LoadPlugin|416|Successfully loaded plugin Sequencer Powerups version 3.28.3.4 by Marc Blank
2025-08-14T02:10:29.6211|INFO|PluginLoader.cs|LoadPlugin|416|Successfully loaded plugin Shutdown PC version 2.2.0.0 by Dale Ghent
2025-08-14T02:10:30.0261|INFO|PluginLoader.cs|LoadPlugin|416|Successfully loaded plugin Smart Filters version 1.0.0.3 by Benoit SAINTOT
2025-08-14T02:10:30.5047|INFO|PluginLoader.cs|LoadPlugin|416|Successfully loaded plugin Target Planning version 3.2.1.0 by Tom Palmer @tcpalmer
2025-08-14T02:10:32.1644|ERROR|DllLoader.cs|LoadDllFromAbsolutePath|53|DllLoader failed to load library C:\Program Files\N.I.N.A. - Nighttime Imaging 'N' Astronomy\External\x64\SQLite\SQLite.Interop.dll due to error code 126
2025-08-14T02:10:32.9870|INFO|PluginLoader.cs|LoadPlugin|416|Successfully loaded plugin Target Scheduler version 5.7.3.0 by Tom Palmer @tcpalmer
2025-08-14T02:10:33.3780|INFO|PluginLoader.cs|LoadPlugin|416|Successfully loaded plugin Three Point Polar Alignment version 2.2.4.0 by Stefan Berg @isbeorn
2025-08-14T02:10:33.3919|INFO|PluginFetcher.cs|RequestAll|43|Fetching plugin manifests from https://nighttime-imaging.eu/wp-json/nina/v1/plugins/manifests
2025-08-14T02:10:33.5626|INFO|CameraChooserVM.cs|GetEquipment|264|Found 0 SVBony Cameras
2025-08-14T02:10:33.6889|INFO|CameraChooserVM.cs|GetEquipment|264|Found 0 PlayerOne Cameras
2025-08-14T02:10:33.7789|INFO|CameraChooserVM.cs|GetEquipment|264|Found 0 ASTPAN Cameras
2025-08-14T02:10:33.7813|INFO|CameraChooserVM.cs|GetEquipment|278|Found 4 ASCOM Cameras
2025-08-14T02:10:34.2353|WARNING|When.cs|GetRunningItem|143|Can't get running items: SequencerNavigation not initialized yet!
2025-08-14T02:10:34.7552|INFO|PluginFetcher.cs|RequestAll|57|Found 56 valid plugins at https://nighttime-imaging.eu/wp-json/nina/v1/plugins/manifests
2025-08-14T02:10:35.4382|INFO|TelescopeChooserVM.cs|GetEquipment|69|Found 0 Alpaca Telescopes
2025-08-14T02:10:35.4384|INFO|SwitchChooserVM.cs|GetEquipment|71|Found 0 Alpaca Switch Hubs
2025-08-14T02:10:35.4382|INFO|WeatherDataChooserVM.cs|GetEquipment|69|Found 0 Alpaca Observing Conditions
2025-08-14T02:10:35.4388|INFO|FlatDeviceChooserVM.cs|GetEquipment|67|Found 0 Alpaca Cover Calibrators
2025-08-14T02:10:35.4732|INFO|DomeChooserVM.cs|GetEquipment|67|Found 0 Alpaca Domes
2025-08-14T02:10:35.5152|INFO|FilterWheelChooserVM.cs|GetEquipment|193|Found 0 Alpaca Filter Wheels
2025-08-14T02:10:35.7888|INFO|CameraChooserVM.cs|GetEquipment|290|Found 0 Alpaca Cameras
2025-08-14T02:10:35.7955|INFO|CameraChooserVM.cs|GetEquipment|303|Found 0 Canon Cameras
2025-08-14T02:10:36.1293|INFO|FocuserChooserVM.cs|GetEquipment|67|Found 0 Alpaca Focusers
2025-08-14T02:10:36.1385|INFO|SafetyMonitorChooserVM.cs|GetEquipment|71|Found 0 Alpaca Safety Monitors
2025-08-14T02:10:36.2070|INFO|RotatorChooserVM.cs|GetEquipment|68|Found 0 Alpaca Rotators
2025-08-14T02:10:39.1358|INFO|FocuserVM.cs|Disconnect|426|Disconnected Focuser
2025-08-14T02:10:41.1311|ERROR|AscomDevice.cs|Connect|246
ASCOM.DriverAccessCOMException (0x00000000): No EAF Connection
 ---> System.Runtime.InteropServices.COMException (0x00000000): No EAF Connection
   at ASCOM.Com.DriverAccess.DynamicAccess.CheckDotNetExceptions(String memberName, Exception e)
   at ASCOM.Com.DriverAccess.DynamicAccess.TrySetMember(SetMemberBinder binder, Object value)
   at CallSite.Target(Closure, CallSite, Object, Boolean)
   at System.Dynamic.UpdateDelegates.UpdateAndExecute2[T0,T1,TRet](CallSite site, T0 arg0, T1 arg1)
   at ASCOM.Com.DriverAccess.ASCOMDevice.set_Connected(Boolean value)
   at ASCOM.Com.DriverAccess.Focuser.set_Connected(Boolean value)
   at NINA.Equipment.Equipment.AscomDevice`1.set_Connected(Boolean value) in C:\Projects\nina\NINA.Equipment\Equipment\AscomDevice.cs:line 144
   at NINA.Equipment.Equipment.AscomDevice`1.<Connect>b__43_0() in C:\Projects\nina\NINA.Equipment\Equipment\AscomDevice.cs:line 239
2025-08-14T02:10:49.3387|INFO|FocuserVM.cs|Disconnect|426|Disconnected Focuser
2025-08-14T02:10:49.8414|ERROR|AscomDevice.cs|Connect|246
ASCOM.DriverAccessCOMException (0x00000000): No EAF Connection
 ---> System.Runtime.InteropServices.COMException (0x00000000): No EAF Connection
   at ASCOM.Com.DriverAccess.DynamicAccess.CheckDotNetExceptions(String memberName, Exception e)
   at ASCOM.Com.DriverAccess.DynamicAccess.TrySetMember(SetMemberBinder binder, Object value)
   at CallSite.Target(Closure, CallSite, Object, Boolean)
   at ASCOM.Com.DriverAccess.ASCOMDevice.set_Connected(Boolean value)
   at ASCOM.Com.DriverAccess.Focuser.set_Connected(Boolean value)
   at NINA.Equipment.Equipment.AscomDevice`1.set_Connected(Boolean value) in C:\Projects\nina\NINA.Equipment\Equipment\AscomDevice.cs:line 144
   at NINA.Equipment.Equipment.AscomDevice`1.<Connect>b__43_0() in C:\Projects\nina\NINA.Equipment\Equipment\AscomDevice.cs:line 239
2025-08-14T02:10:52.4294|INFO|ApplicationDeviceConnectionVM.cs|UsbDeviceWatcher_DeviceRemoved|178|USB Device disconnected DeviceId: USB\VID_03C3&PID_533E\8&2B28E3B2&0&1, PnpDeviceId: USB\VID_03C3&PID_533E\8&2B28E3B2&0&1, Description: ZWO ASI533MM Pro Camera, Name: ZWO ASI533MM Pro Camera, Manufacturer: ZWO, Service: ASICAMUSB3, Status: OK
2025-08-14T02:10:55.0054|INFO|ApplicationDeviceConnectionVM.cs|UsbDeviceWatcher_DeviceRemoved|178|USB Device disconnected DeviceId: USB\VID_04B4&PID_6572\7&54C764A&1&2, PnpDeviceId: USB\VID_04B4&PID_6572\7&54C764A&1&2, Description: Generic USB Hub, Name: Generic USB Hub, Manufacturer: (Standard USB HUBs), Service: USBHUB3, Status: OK
2025-08-14T02:10:55.0055|INFO|ApplicationDeviceConnectionVM.cs|UsbDeviceWatcher_DeviceRemoved|178|USB Device disconnected DeviceId: USB\VID_03C3&PID_1F01\8&2B28E3B2&0&3, PnpDeviceId: USB\VID_03C3&PID_1F01\8&2B28E3B2&0&3, Description: USB Input Device, Name: USB Input Device, Manufacturer: (Standard system devices), Service: HidUsb, Status: OK
2025-08-14T02:10:55.3960|INFO|ApplicationDeviceConnectionVM.cs|UsbDeviceWatcher_DeviceRemoved|178|USB Device disconnected DeviceId: USB\VID_0403&PID_6015\D30AAMKK, PnpDeviceId: USB\VID_0403&PID_6015\D30AAMKK, Description: USB Serial Converter, Name: USB Serial Converter, Manufacturer: FTDI, Service: FTDIBUS, Status: Unknown
2025-08-14T02:10:57.6278|INFO|ApplicationDeviceConnectionVM.cs|UsbDeviceWatcher_DeviceRemoved|178|USB Device disconnected DeviceId: USB\VID_1A40&PID_0101\7&54C764A&1&4, PnpDeviceId: USB\VID_1A40&PID_0101\7&54C764A&1&4, Description: Generic USB Hub, Name: Generic USB Hub, Manufacturer: (Standard USB HUBs), Service: USBHUB3, Status: OK
2025-08-14T02:10:57.6280|INFO|ApplicationDeviceConnectionVM.cs|UsbDeviceWatcher_DeviceRemoved|178|USB Device disconnected DeviceId: USB\VID_03C3&PID_1F00\8&2FB6A883&0&1, PnpDeviceId: USB\VID_03C3&PID_1F00\8&2FB6A883&0&1, Description: USB Input Device, Name: USB Input Device, Manufacturer: (Standard system devices), Service: HidUsb, Status: Unknown
2025-08-14T02:10:57.6280|INFO|ApplicationDeviceConnectionVM.cs|UsbDeviceWatcher_DeviceRemoved|178|USB Device disconnected DeviceId: USB\VID_05E3&PID_0610\6&26B592B5&0&3, PnpDeviceId: USB\VID_05E3&PID_0610\6&26B592B5&0&3, Description: Generic USB Hub, Name: Generic USB Hub, Manufacturer: (Standard USB HUBs), Service: USBHUB3, Status: Unknown
2025-08-14T02:10:57.6280|INFO|ApplicationDeviceConnectionVM.cs|UsbDeviceWatcher_DeviceRemoved|178|USB Device disconnected DeviceId: USB\VID_03C3&PID_120C\7&54C764A&1&1, PnpDeviceId: USB\VID_03C3&PID_120C\7&54C764A&1&1, Description: ZWO ASI120MM Mini Camera, Name: ZWO ASI120MM Mini Camera, Manufacturer: ZWO, Service: ASICAMUSB3, Status: Unknown
2025-08-14T02:11:11.9878|INFO|ApplicationDeviceConnectionVM.cs|UsbDeviceWatcher_DeviceInserted|173|New USB device detected DeviceId: USB\VID_0403&PID_6015\D30AAMKK, PnpDeviceId: USB\VID_0403&PID_6015\D30AAMKK, Description: USB Serial Converter, Name: USB Serial Converter, Manufacturer: FTDI, Service: FTDIBUS, Status: OK
2025-08-14T02:11:12.3805|INFO|ApplicationDeviceConnectionVM.cs|UsbDeviceWatcher_DeviceInserted|173|New USB device detected DeviceId: USB\VID_05E3&PID_0610\6&26B592B5&0&3, PnpDeviceId: USB\VID_05E3&PID_0610\6&26B592B5&0&3, Description: Generic USB Hub, Name: Generic USB Hub, Manufacturer: (Standard USB HUBs), Service: USBHUB3, Status: OK
2025-08-14T02:11:13.7738|INFO|ApplicationDeviceConnectionVM.cs|UsbDeviceWatcher_DeviceInserted|173|New USB device detected DeviceId: USB\VID_04B4&PID_6572\7&54C764A&1&2, PnpDeviceId: USB\VID_04B4&PID_6572\7&54C764A&1&2, Description: Generic USB Hub, Name: Generic USB Hub, Manufacturer: (Standard USB HUBs), Service: USBHUB3, Status: OK
2025-08-14T02:11:13.7740|INFO|ApplicationDeviceConnectionVM.cs|UsbDeviceWatcher_DeviceInserted|173|New USB device detected DeviceId: USB\VID_03C3&PID_120C\7&54C764A&1&1, PnpDeviceId: USB\VID_03C3&PID_120C\7&54C764A&1&1, Description: ZWO ASI120MM Mini Camera, Name: ZWO ASI120MM Mini Camera, Manufacturer: ZWO, Service: ASICAMUSB3, Status: OK
2025-08-14T02:11:14.0667|INFO|ApplicationDeviceConnectionVM.cs|UsbDeviceWatcher_DeviceInserted|173|New USB device detected DeviceId: USB\VID_1A40&PID_0101\7&54C764A&1&4, PnpDeviceId: USB\VID_1A40&PID_0101\7&54C764A&1&4, Description: Generic USB Hub, Name: Generic USB Hub, Manufacturer: (Standard USB HUBs), Service: USBHUB3, Status: OK
2025-08-14T02:11:14.3681|INFO|ApplicationDeviceConnectionVM.cs|UsbDeviceWatcher_DeviceInserted|173|New USB device detected DeviceId: USB\VID_03C3&PID_1F01\8&2B28E3B2&0&3, PnpDeviceId: USB\VID_03C3&PID_1F01\8&2B28E3B2&0&3, Description: USB Input Device, Name: USB Input Device, Manufacturer: (Standard system devices), Service: HidUsb, Status: OK
2025-08-14T02:11:14.3682|INFO|ApplicationDeviceConnectionVM.cs|UsbDeviceWatcher_DeviceInserted|173|New USB device detected DeviceId: USB\VID_03C3&PID_533E\8&2B28E3B2&0&1, PnpDeviceId: USB\VID_03C3&PID_533E\8&2B28E3B2&0&1, Description: ZWO ASI533MM Pro Camera, Name: ZWO ASI533MM Pro Camera, Manufacturer: ZWO, Service: ASICAMUSB3, Status: OK
2025-08-14T02:11:14.6942|INFO|ApplicationDeviceConnectionVM.cs|UsbDeviceWatcher_DeviceInserted|173|New USB device detected DeviceId: USB\VID_03C3&PID_1F10\8&2FB6A883&0&1, PnpDeviceId: USB\VID_03C3&PID_1F10\8&2FB6A883&0&1, Description: USB Input Device, Name: USB Input Device, Manufacturer: (Standard system devices), Service: HidUsb, Status: OK
2025-08-14T02:11:16.4056|INFO|FocuserChooserVM.cs|GetEquipment|67|Found 0 Alpaca Focusers
2025-08-14T02:11:23.2818|INFO|FocuserVM.cs|Disconnect|426|Disconnected Focuser
2025-08-14T02:11:25.1872|ERROR|AscomDevice.cs|GetProperty|398|An unexpected exception occurred during GET of Focuser.StepSize: 
ASCOM.DriverException: The method or operation is not implemented.
 ---> System.NotImplementedException: The method or operation is not implemented.
   --- End of inner exception stack trace ---
   at ASCOM.Com.DriverAccess.DynamicAccess.CheckDotNetExceptions(String memberName, Exception e)
   at ASCOM.Com.DriverAccess.DynamicAccess.TryGetMember(GetMemberBinder binder, Object& result)
   at CallSite.Target(Closure, CallSite, Object)
   at System.Dynamic.UpdateDelegates.UpdateAndExecute1[T0,TRet](CallSite site, T0 arg0)
   at ASCOM.Com.DriverAccess.Focuser.get_StepSize()
   at System.RuntimeMethodHandle.InvokeMethod(Object target, Void** arguments, Signature sig, Boolean isConstructor)
   at System.Reflection.MethodBaseInvoker.InvokeWithNoArgs(Object obj, BindingFlags invokeAttr)
2025-08-14T02:11:25.3882|INFO|AscomDevice.cs|GetProperty|356|Retrying to GET Focuser.StepSize - Attempt 2 / 3
2025-08-14T02:11:25.3909|ERROR|AscomDevice.cs|GetProperty|398|An unexpected exception occurred during GET of Focuser.StepSize: 
ASCOM.DriverException: The method or operation is not implemented.
 ---> System.NotImplementedException: The method or operation is not implemented.
   --- End of inner exception stack trace ---
   at ASCOM.Com.DriverAccess.DynamicAccess.CheckDotNetExceptions(String memberName, Exception e)
   at ASCOM.Com.DriverAccess.DynamicAccess.TryGetMember(GetMemberBinder binder, Object& result)
   at CallSite.Target(Closure, CallSite, Object)
   at ASCOM.Com.DriverAccess.Focuser.get_StepSize()
   at InvokeStub_Focuser.get_StepSize(Object, Object, IntPtr*)
   at System.Reflection.MethodBaseInvoker.InvokeWithNoArgs(Object obj, BindingFlags invokeAttr)
2025-08-14T02:11:25.5925|INFO|AscomDevice.cs|GetProperty|356|Retrying to GET Focuser.StepSize - Attempt 3 / 3
2025-08-14T02:11:25.5945|ERROR|AscomDevice.cs|GetProperty|398|An unexpected exception occurred during GET of Focuser.StepSize: 
ASCOM.DriverException: The method or operation is not implemented.
 ---> System.NotImplementedException: The method or operation is not implemented.
   --- End of inner exception stack trace ---
   at ASCOM.Com.DriverAccess.DynamicAccess.CheckDotNetExceptions(String memberName, Exception e)
   at ASCOM.Com.DriverAccess.DynamicAccess.TryGetMember(GetMemberBinder binder, Object& result)
   at CallSite.Target(Closure, CallSite, Object)
   at ASCOM.Com.DriverAccess.Focuser.get_StepSize()
   at InvokeStub_Focuser.get_StepSize(Object, Object, IntPtr*)
   at System.Reflection.MethodBaseInvoker.InvokeWithNoArgs(Object obj, BindingFlags invokeAttr)
2025-08-14T02:11:25.5951|INFO|AscomDevice.cs|GetProperty|408|GET Focuser.StepSize failed - Returning last known value 0
2025-08-14T02:11:25.9353|INFO|FocuserVM.cs|ChooseFocuser|324|Successfully connected Focuser. Id: ASCOM.EAF.Focuser Name: ZWO Focuser (1) DisplayName: ZWO Focuser (1) Driver Version: 6.0
2025-08-14T02:15:12.2431|INFO|AscomDevice.cs|Disconnect|299|Disconnecting from ASCOM.EAF.Focuser ZWO Focuser (1)
2025-08-14T02:15:12.7089|INFO|FocuserVM.cs|Disconnect|426|Disconnected Focuser
2025-08-14T02:15:34.0321|INFO|ApplicationVM.cs|Closing|288|Application shutting down
2025-08-14T02:15:34.0523|INFO|DomeVM.cs|Disconnect|336|Disconnected Dome Device
2025-08-14T02:15:34.0562|INFO|FlatDeviceVM.cs|Disconnect|279|Disconnected Flat Device
2025-08-14T02:15:34.0647|INFO|CameraVM.cs|Disconnect|645|Disconnected Camera
2025-08-14T02:15:34.0729|INFO|TelescopeVM.cs|Disconnect|763|Disconnected mount
2025-08-14T02:15:34.0748|INFO|FilterWheelVM.cs|Disconnect|324|Disconnected Filter Wheel
2025-08-14T02:15:34.0752|INFO|FocuserVM.cs|Disconnect|426|Disconnected Focuser
2025-08-14T02:15:34.0783|INFO|RotatorVM.cs|Disconnect|438|Disconnected Rotator
2025-08-14T02:15:34.0807|INFO|SwitchVM.cs|Disconnect|298|Disconnected Switch
2025-08-14T02:15:34.0835|INFO|WeatherDataVM.cs|Disconnect|292|Disconnected Weather Device
2025-08-14T02:15:34.0857|INFO|SafetyMonitorVM.cs|Disconnect|208|Disconnected Safety Monitor
