----------------------------------------------------------------------
--------------N.I.N.A. - Nighttime Imaging 'N' Astronomy--------------
--------------------------Version 3.1.2.9001--------------------------
-------------------------2025-08-15T19:36:40--------------------------
----------------------------------------------------------------------
---------------------Microsoft Windows 10.0.19045---------------------
-------------------------OS Architecture X64--------------------------
-----------------------Process Architecture X64-----------------------
------------------------------.NET 8.0.8------------------------------
----------------------------------------------------------------------
--------------------------Processor Count 4---------------------------
--------------------Total Physical Memory 7.84 GB---------------------
----------------------------------------------------------------------
DATE|LEVEL|SOURCE|MEMBER|LINE|MESSAGE
2025-08-15T19:36:40.0604|INFO|CameraChooserVM.cs|GetEquipment|69|Found 2 ASI Cameras
2025-08-15T19:36:43.0041|INFO|CameraChooserVM.cs|GetEquipment|84|Found 0 Altair Cameras
2025-08-15T19:36:44.7818|INFO|CameraChooserVM.cs|GetEquipment|96|Found 0 Atik Cameras
2025-08-15T19:36:45.2876|INFO|CameraChooserVM.cs|GetEquipment|110|Found 0 FLI Cameras
2025-08-15T19:36:46.8228|INFO|CameraChooserVM.cs|GetEquipment|130|Found 0 QHYCCD Cameras
2025-08-15T19:36:48.0420|INFO|CameraChooserVM.cs|GetEquipment|158|Found 0 ToupTek Cameras
2025-08-15T19:36:48.2249|INFO|CameraChooserVM.cs|GetEquipment|173|Found 0 Ogma Cameras
2025-08-15T19:36:48.4704|INFO|CameraChooserVM.cs|GetEquipment|188|Found 0 Omegon Cameras
2025-08-15T19:36:49.5955|INFO|CameraChooserVM.cs|GetEquipment|203|Found 0 RisingCam Cameras
2025-08-15T19:36:49.8711|INFO|CameraChooserVM.cs|GetEquipment|218|Found 0 MallinCam Cameras
2025-08-15T19:36:49.8748|INFO|CameraChooserVM.cs|GetEquipment|244|Found 0 SBIG Cameras
2025-08-15T19:36:57.8566|INFO|ApplicationVM.cs|CheckASCOMPlatformVersion|81|ASCOM Platform 6.6.2.4195 installed
2025-08-15T19:36:59.1940|INFO|ApplicationVM.cs|CheckDiskInfo|100|Available Space on Drive C:\: 124.02 GB
2025-08-15T19:36:59.2006|INFO|ApplicationVM.cs|CheckDiskInfo|102|Drive E:\ is not ready
2025-08-15T19:36:59.2019|INFO|ApplicationVM.cs|CheckDiskInfo|100|Available Space on Drive G:\: 60.89 GB
2025-08-15T19:36:59.2127|INFO|ApplicationVM.cs|CheckDiskInfo|100|Available Space on Drive Z:\: 35.75 GB
2025-08-15T19:36:59.4178|INFO|EarthRotationParameterUpdater.cs|Update|121|Updating EarthRotationParameters due to being outdated. Last available parameter date 2025-08-05
2025-08-15T19:37:02.5728|INFO|PluginLoader.cs|LoadPlugin|416|Successfully loaded plugin Autofocus Report Analysis version 2.0.0.9 by Stefan Berg @isbeorn
2025-08-15T19:37:02.9833|INFO|EarthRotationParameterUpdater.cs|Update|123|Updated EarthRotationParameters. New last available parameter date 2025-11-13
2025-08-15T19:37:03.1888|INFO|PluginLoader.cs|LoadPlugin|416|Successfully loaded plugin Connector version 2.0.3.0 by Stefan Berg
2025-08-15T19:37:03.4539|INFO|PluginLoader.cs|LoadPlugin|416|Successfully loaded plugin Device Actions and Commands version 2.0.0.0 by Dale Ghent
2025-08-15T19:37:04.2337|INFO|PluginLoader.cs|LoadPlugin|416|Successfully loaded plugin Discord Alert version 2.2.0.0 by Drew McDermott
2025-08-15T19:37:05.2498|INFO|PluginLoader.cs|LoadPlugin|416|Successfully loaded plugin Discord Notification version 1.0.0.1 by Daniel Ludwig
2025-08-15T19:37:05.4562|INFO|PluginLoader.cs|LoadPlugin|416|Successfully loaded plugin Filter Offset Calculator version 2.0.0.0 by S. Dimant & Stefan Berg
2025-08-15T19:37:05.7450|INFO|PluginLoader.cs|LoadPlugin|416|Successfully loaded plugin Flexure Correction version 0.8.0.0 by Francesco Meschia
2025-08-15T19:37:07.7267|INFO|PluginLoader.cs|LoadPlugin|416|Successfully loaded plugin Ground Station version 2.4.1.0 by Dale Ghent
2025-08-15T19:37:20.6418|INFO|PluginLoader.cs|LoadPlugin|416|Successfully loaded plugin Hocus Focus version 3.0.0.21 by George Hilios (jokogeo)
2025-08-15T19:37:21.4717|INFO|PluginLoader.cs|LoadPlugin|416|Successfully loaded plugin Horizon Creator version 1.1.2.0 by Christian Palm
2025-08-15T19:37:21.6599|INFO|PluginLoader.cs|LoadPlugin|416|Successfully loaded plugin Moon Angle version 2.2.0.0 by Dale Ghent
2025-08-15T19:37:22.0092|INFO|PluginLoader.cs|LoadPlugin|416|Successfully loaded plugin PixInsight Tools version 1.0.0.3 by Stefan Berg
2025-08-15T19:37:23.7710|WARNING|When.cs|GetRunningItem|143|Can't get running items: SequencerNavigation not initialized yet!
2025-08-15T19:37:24.0375|INFO|PluginLoader.cs|LoadPlugin|416|Successfully loaded plugin Sequencer Powerups version 3.28.3.4 by Marc Blank
2025-08-15T19:37:24.1718|INFO|PluginLoader.cs|LoadPlugin|416|Successfully loaded plugin Shutdown PC version 2.2.0.0 by Dale Ghent
2025-08-15T19:37:24.6196|INFO|PluginLoader.cs|LoadPlugin|416|Successfully loaded plugin Smart Filters version 1.0.0.3 by Benoit SAINTOT
2025-08-15T19:37:25.1428|INFO|PluginLoader.cs|LoadPlugin|416|Successfully loaded plugin Target Planning version 3.2.1.0 by Tom Palmer @tcpalmer
2025-08-15T19:37:26.8748|ERROR|DllLoader.cs|LoadDllFromAbsolutePath|53|DllLoader failed to load library C:\Program Files\N.I.N.A. - Nighttime Imaging 'N' Astronomy\External\x64\SQLite\SQLite.Interop.dll due to error code 126
2025-08-15T19:37:27.7651|INFO|PluginLoader.cs|LoadPlugin|416|Successfully loaded plugin Target Scheduler version 5.7.3.0 by Tom Palmer @tcpalmer
2025-08-15T19:37:28.2135|INFO|PluginLoader.cs|LoadPlugin|416|Successfully loaded plugin Three Point Polar Alignment version 2.2.4.0 by Stefan Berg @isbeorn
2025-08-15T19:37:28.2282|INFO|PluginFetcher.cs|RequestAll|43|Fetching plugin manifests from https://nighttime-imaging.eu/wp-json/nina/v1/plugins/manifests
2025-08-15T19:37:28.4517|INFO|CameraChooserVM.cs|GetEquipment|264|Found 0 SVBony Cameras
2025-08-15T19:37:28.5953|INFO|CameraChooserVM.cs|GetEquipment|264|Found 0 PlayerOne Cameras
2025-08-15T19:37:28.7243|INFO|CameraChooserVM.cs|GetEquipment|264|Found 0 ASTPAN Cameras
2025-08-15T19:37:28.7267|INFO|CameraChooserVM.cs|GetEquipment|278|Found 4 ASCOM Cameras
2025-08-15T19:37:28.7916|WARNING|When.cs|GetRunningItem|143|Can't get running items: SequencerNavigation not initialized yet!
2025-08-15T19:37:29.7243|INFO|PluginFetcher.cs|RequestAll|57|Found 56 valid plugins at https://nighttime-imaging.eu/wp-json/nina/v1/plugins/manifests
2025-08-15T19:37:30.3346|INFO|WeatherDataChooserVM.cs|GetEquipment|69|Found 0 Alpaca Observing Conditions
2025-08-15T19:37:30.3356|INFO|SafetyMonitorChooserVM.cs|GetEquipment|71|Found 0 Alpaca Safety Monitors
2025-08-15T19:37:30.3365|INFO|FilterWheelChooserVM.cs|GetEquipment|193|Found 0 Alpaca Filter Wheels
2025-08-15T19:37:30.3346|INFO|TelescopeChooserVM.cs|GetEquipment|69|Found 0 Alpaca Telescopes
2025-08-15T19:37:30.3391|INFO|DomeChooserVM.cs|GetEquipment|67|Found 0 Alpaca Domes
2025-08-15T19:37:30.3346|INFO|SwitchChooserVM.cs|GetEquipment|71|Found 0 Alpaca Switch Hubs
2025-08-15T19:37:30.3356|INFO|FocuserChooserVM.cs|GetEquipment|67|Found 0 Alpaca Focusers
2025-08-15T19:37:30.3445|INFO|FlatDeviceChooserVM.cs|GetEquipment|67|Found 0 Alpaca Cover Calibrators
2025-08-15T19:37:30.3547|INFO|RotatorChooserVM.cs|GetEquipment|68|Found 0 Alpaca Rotators
2025-08-15T19:37:30.7296|INFO|CameraChooserVM.cs|GetEquipment|290|Found 0 Alpaca Cameras
2025-08-15T19:37:30.7348|INFO|CameraChooserVM.cs|GetEquipment|303|Found 0 Canon Cameras
2025-08-15T20:11:51.5143|INFO|ApplicationDeviceConnectionVM.cs|UsbDeviceWatcher_DeviceRemoved|178|USB Device disconnected DeviceId: USB\VID_04B4&PID_6572\7&54C764A&1&2, PnpDeviceId: USB\VID_04B4&PID_6572\7&54C764A&1&2, Description: Generic USB Hub, Name: Generic USB Hub, Manufacturer: (Standard USB HUBs), Service: USBHUB3, Status: OK
2025-08-15T20:11:51.5150|INFO|ApplicationDeviceConnectionVM.cs|UsbDeviceWatcher_DeviceRemoved|178|USB Device disconnected DeviceId: USB\VID_03C3&PID_1F01\8&2B28E3B2&0&3, PnpDeviceId: USB\VID_03C3&PID_1F01\8&2B28E3B2&0&3, Description: USB Input Device, Name: USB Input Device, Manufacturer: (Standard system devices), Service: HidUsb, Status: OK
2025-08-15T20:11:51.5152|INFO|ApplicationDeviceConnectionVM.cs|UsbDeviceWatcher_DeviceRemoved|178|USB Device disconnected DeviceId: USB\VID_03C3&PID_533E\8&2B28E3B2&0&1, PnpDeviceId: USB\VID_03C3&PID_533E\8&2B28E3B2&0&1, Description: ZWO ASI533MM Pro Camera, Name: ZWO ASI533MM Pro Camera, Manufacturer: ZWO, Service: ASICAMUSB3, Status: OK
2025-08-15T20:11:51.5152|INFO|ApplicationDeviceConnectionVM.cs|UsbDeviceWatcher_DeviceRemoved|178|USB Device disconnected DeviceId: USB\VID_1A40&PID_0101\7&54C764A&1&4, PnpDeviceId: USB\VID_1A40&PID_0101\7&54C764A&1&4, Description: Generic USB Hub, Name: Generic USB Hub, Manufacturer: (Standard USB HUBs), Service: USBHUB3, Status: OK
2025-08-15T20:11:51.5153|INFO|ApplicationDeviceConnectionVM.cs|UsbDeviceWatcher_DeviceRemoved|178|USB Device disconnected DeviceId: USB\VID_1233&PID_1455&MI_00\7&2FB465CB&0&0000, PnpDeviceId: USB\VID_1233&PID_1455&MI_00\7&2FB465CB&0&0000, Description: USB Video Device, Name: iOptron iPolar, Manufacturer: Microsoft, Service: usbvideo, Status: OK
2025-08-15T20:11:51.5153|INFO|ApplicationDeviceConnectionVM.cs|UsbDeviceWatcher_DeviceRemoved|178|USB Device disconnected DeviceId: USB\VID_03C3&PID_1F00\8&2FB6A883&0&1, PnpDeviceId: USB\VID_03C3&PID_1F00\8&2FB6A883&0&1, Description: USB Input Device, Name: USB Input Device, Manufacturer: (Standard system devices), Service: HidUsb, Status: OK
2025-08-15T20:11:51.5153|INFO|ApplicationDeviceConnectionVM.cs|UsbDeviceWatcher_DeviceRemoved|178|USB Device disconnected DeviceId: USB\VID_1233&PID_1455\6&26B592B5&0&4, PnpDeviceId: USB\VID_1233&PID_1455\6&26B592B5&0&4, Description: USB Composite Device, Name: USB Composite Device, Manufacturer: (Standard USB Host Controller), Service: usbccgp, Status: OK
2025-08-15T20:11:51.5154|INFO|ApplicationDeviceConnectionVM.cs|UsbDeviceWatcher_DeviceRemoved|178|USB Device disconnected DeviceId: USB\VID_05E3&PID_0610\6&26B592B5&0&3, PnpDeviceId: USB\VID_05E3&PID_0610\6&26B592B5&0&3, Description: Generic USB Hub, Name: Generic USB Hub, Manufacturer: (Standard USB HUBs), Service: USBHUB3, Status: OK
2025-08-15T20:11:51.5154|INFO|ApplicationDeviceConnectionVM.cs|UsbDeviceWatcher_DeviceRemoved|178|USB Device disconnected DeviceId: USB\VID_03C3&PID_120C\7&54C764A&1&1, PnpDeviceId: USB\VID_03C3&PID_120C\7&54C764A&1&1, Description: ZWO ASI120MM Mini Camera, Name: ZWO ASI120MM Mini Camera, Manufacturer: ZWO, Service: ASICAMUSB3, Status: OK
2025-08-15T20:11:52.3803|INFO|ApplicationDeviceConnectionVM.cs|UsbDeviceWatcher_DeviceInserted|173|New USB device detected DeviceId: USB\VID_1233&PID_1455\6&26B592B5&0&4, PnpDeviceId: USB\VID_1233&PID_1455\6&26B592B5&0&4, Description: USB Composite Device, Name: USB Composite Device, Manufacturer: (Standard USB Host Controller), Service: usbccgp, Status: OK
2025-08-15T20:11:52.6663|INFO|ApplicationDeviceConnectionVM.cs|UsbDeviceWatcher_DeviceInserted|173|New USB device detected DeviceId: USB\VID_04B4&PID_6572\7&54C764A&1&2, PnpDeviceId: USB\VID_04B4&PID_6572\7&54C764A&1&2, Description: Generic USB Hub, Name: Generic USB Hub, Manufacturer: (Standard USB HUBs), Service: USBHUB3, Status: OK
2025-08-15T20:11:52.6664|INFO|ApplicationDeviceConnectionVM.cs|UsbDeviceWatcher_DeviceInserted|173|New USB device detected DeviceId: USB\VID_03C3&PID_120C\7&54C764A&1&1, PnpDeviceId: USB\VID_03C3&PID_120C\7&54C764A&1&1, Description: ZWO ASI120MM Mini Camera, Name: ZWO ASI120MM Mini Camera, Manufacturer: ZWO, Service: ASICAMUSB3, Status: OK
2025-08-15T20:11:52.9649|INFO|ApplicationDeviceConnectionVM.cs|UsbDeviceWatcher_DeviceInserted|173|New USB device detected DeviceId: USB\VID_1A40&PID_0101\7&54C764A&1&4, PnpDeviceId: USB\VID_1A40&PID_0101\7&54C764A&1&4, Description: Generic USB Hub, Name: Generic USB Hub, Manufacturer: (Standard USB HUBs), Service: USBHUB3, Status: OK
2025-08-15T20:11:53.2991|INFO|ApplicationDeviceConnectionVM.cs|UsbDeviceWatcher_DeviceInserted|173|New USB device detected DeviceId: USB\VID_03C3&PID_1F01\8&2B28E3B2&0&3, PnpDeviceId: USB\VID_03C3&PID_1F01\8&2B28E3B2&0&3, Description: USB Input Device, Name: USB Input Device, Manufacturer: (Standard system devices), Service: HidUsb, Status: OK
2025-08-15T20:11:53.2993|INFO|ApplicationDeviceConnectionVM.cs|UsbDeviceWatcher_DeviceInserted|173|New USB device detected DeviceId: USB\VID_03C3&PID_533E\8&2B28E3B2&0&1, PnpDeviceId: USB\VID_03C3&PID_533E\8&2B28E3B2&0&1, Description: ZWO ASI533MM Pro Camera, Name: ZWO ASI533MM Pro Camera, Manufacturer: ZWO, Service: ASICAMUSB3, Status: OK
2025-08-15T20:11:53.5849|INFO|ApplicationDeviceConnectionVM.cs|UsbDeviceWatcher_DeviceInserted|173|New USB device detected DeviceId: USB\VID_03C3&PID_1F00\8&2FB6A883&0&1, PnpDeviceId: USB\VID_03C3&PID_1F00\8&2FB6A883&0&1, Description: USB Input Device, Name: USB Input Device, Manufacturer: (Standard system devices), Service: HidUsb, Status: OK
2025-08-15T20:15:29.7347|INFO|ApplicationDeviceConnectionVM.cs|UsbDeviceWatcher_DeviceRemoved|178|USB Device disconnected DeviceId: USB\VID_04B4&PID_6572\7&54C764A&1&2, PnpDeviceId: USB\VID_04B4&PID_6572\7&54C764A&1&2, Description: Generic USB Hub, Name: Generic USB Hub, Manufacturer: (Standard USB HUBs), Service: USBHUB3, Status: OK
2025-08-15T20:15:29.7348|INFO|ApplicationDeviceConnectionVM.cs|UsbDeviceWatcher_DeviceRemoved|178|USB Device disconnected DeviceId: USB\VID_03C3&PID_1F01\8&2B28E3B2&0&3, PnpDeviceId: USB\VID_03C3&PID_1F01\8&2B28E3B2&0&3, Description: USB Input Device, Name: USB Input Device, Manufacturer: (Standard system devices), Service: HidUsb, Status: OK
2025-08-15T20:15:29.7348|INFO|ApplicationDeviceConnectionVM.cs|UsbDeviceWatcher_DeviceRemoved|178|USB Device disconnected DeviceId: USB\VID_03C3&PID_533E\8&2B28E3B2&0&1, PnpDeviceId: USB\VID_03C3&PID_533E\8&2B28E3B2&0&1, Description: ZWO ASI533MM Pro Camera, Name: ZWO ASI533MM Pro Camera, Manufacturer: ZWO, Service: ASICAMUSB3, Status: OK
2025-08-15T20:15:29.7349|INFO|ApplicationDeviceConnectionVM.cs|UsbDeviceWatcher_DeviceRemoved|178|USB Device disconnected DeviceId: USB\VID_1A40&PID_0101\7&54C764A&1&4, PnpDeviceId: USB\VID_1A40&PID_0101\7&54C764A&1&4, Description: Generic USB Hub, Name: Generic USB Hub, Manufacturer: (Standard USB HUBs), Service: USBHUB3, Status: OK
2025-08-15T20:15:29.7349|INFO|ApplicationDeviceConnectionVM.cs|UsbDeviceWatcher_DeviceRemoved|178|USB Device disconnected DeviceId: USB\VID_1233&PID_1455&MI_00\7&2FB465CB&0&0000, PnpDeviceId: USB\VID_1233&PID_1455&MI_00\7&2FB465CB&0&0000, Description: USB Video Device, Name: iOptron iPolar, Manufacturer: Microsoft, Service: usbvideo, Status: OK
2025-08-15T20:15:29.7349|INFO|ApplicationDeviceConnectionVM.cs|UsbDeviceWatcher_DeviceRemoved|178|USB Device disconnected DeviceId: USB\VID_03C3&PID_1F00\8&2FB6A883&0&1, PnpDeviceId: USB\VID_03C3&PID_1F00\8&2FB6A883&0&1, Description: USB Input Device, Name: USB Input Device, Manufacturer: (Standard system devices), Service: HidUsb, Status: OK
2025-08-15T20:15:29.7349|INFO|ApplicationDeviceConnectionVM.cs|UsbDeviceWatcher_DeviceRemoved|178|USB Device disconnected DeviceId: USB\VID_1233&PID_1455\6&26B592B5&0&4, PnpDeviceId: USB\VID_1233&PID_1455\6&26B592B5&0&4, Description: USB Composite Device, Name: USB Composite Device, Manufacturer: (Standard USB Host Controller), Service: usbccgp, Status: OK
2025-08-15T20:15:29.7350|INFO|ApplicationDeviceConnectionVM.cs|UsbDeviceWatcher_DeviceRemoved|178|USB Device disconnected DeviceId: USB\VID_05E3&PID_0610\6&26B592B5&0&3, PnpDeviceId: USB\VID_05E3&PID_0610\6&26B592B5&0&3, Description: Generic USB Hub, Name: Generic USB Hub, Manufacturer: (Standard USB HUBs), Service: USBHUB3, Status: OK
2025-08-15T20:15:29.7350|INFO|ApplicationDeviceConnectionVM.cs|UsbDeviceWatcher_DeviceRemoved|178|USB Device disconnected DeviceId: USB\VID_03C3&PID_120C\7&54C764A&1&1, PnpDeviceId: USB\VID_03C3&PID_120C\7&54C764A&1&1, Description: ZWO ASI120MM Mini Camera, Name: ZWO ASI120MM Mini Camera, Manufacturer: ZWO, Service: ASICAMUSB3, Status: OK
2025-08-15T20:15:30.5401|INFO|ApplicationDeviceConnectionVM.cs|UsbDeviceWatcher_DeviceInserted|173|New USB device detected DeviceId: USB\VID_1233&PID_1455\6&26B592B5&0&4, PnpDeviceId: USB\VID_1233&PID_1455\6&26B592B5&0&4, Description: USB Composite Device, Name: USB Composite Device, Manufacturer: (Standard USB Host Controller), Service: usbccgp, Status: OK
2025-08-15T20:15:30.8453|INFO|ApplicationDeviceConnectionVM.cs|UsbDeviceWatcher_DeviceInserted|173|New USB device detected DeviceId: USB\VID_04B4&PID_6572\7&54C764A&1&2, PnpDeviceId: USB\VID_04B4&PID_6572\7&54C764A&1&2, Description: Generic USB Hub, Name: Generic USB Hub, Manufacturer: (Standard USB HUBs), Service: USBHUB3, Status: OK
2025-08-15T20:15:30.8454|INFO|ApplicationDeviceConnectionVM.cs|UsbDeviceWatcher_DeviceInserted|173|New USB device detected DeviceId: USB\VID_03C3&PID_120C\7&54C764A&1&1, PnpDeviceId: USB\VID_03C3&PID_120C\7&54C764A&1&1, Description: ZWO ASI120MM Mini Camera, Name: ZWO ASI120MM Mini Camera, Manufacturer: ZWO, Service: ASICAMUSB3, Status: OK
2025-08-15T20:15:31.1366|INFO|ApplicationDeviceConnectionVM.cs|UsbDeviceWatcher_DeviceInserted|173|New USB device detected DeviceId: USB\VID_1A40&PID_0101\7&54C764A&1&4, PnpDeviceId: USB\VID_1A40&PID_0101\7&54C764A&1&4, Description: Generic USB Hub, Name: Generic USB Hub, Manufacturer: (Standard USB HUBs), Service: USBHUB3, Status: OK
2025-08-15T20:15:31.4218|INFO|ApplicationDeviceConnectionVM.cs|UsbDeviceWatcher_DeviceInserted|173|New USB device detected DeviceId: USB\VID_03C3&PID_1F01\8&2B28E3B2&0&3, PnpDeviceId: USB\VID_03C3&PID_1F01\8&2B28E3B2&0&3, Description: USB Input Device, Name: USB Input Device, Manufacturer: (Standard system devices), Service: HidUsb, Status: OK
2025-08-15T20:15:31.4219|INFO|ApplicationDeviceConnectionVM.cs|UsbDeviceWatcher_DeviceInserted|173|New USB device detected DeviceId: USB\VID_03C3&PID_533E\8&2B28E3B2&0&1, PnpDeviceId: USB\VID_03C3&PID_533E\8&2B28E3B2&0&1, Description: ZWO ASI533MM Pro Camera, Name: ZWO ASI533MM Pro Camera, Manufacturer: ZWO, Service: ASICAMUSB3, Status: OK
2025-08-15T20:15:31.7099|INFO|ApplicationDeviceConnectionVM.cs|UsbDeviceWatcher_DeviceInserted|173|New USB device detected DeviceId: USB\VID_03C3&PID_1F00\8&2FB6A883&0&1, PnpDeviceId: USB\VID_03C3&PID_1F00\8&2FB6A883&0&1, Description: USB Input Device, Name: USB Input Device, Manufacturer: (Standard system devices), Service: HidUsb, Status: OK
2025-08-15T20:26:12.6535|INFO|ApplicationDeviceConnectionVM.cs|UsbDeviceWatcher_DeviceRemoved|178|USB Device disconnected DeviceId: USB\VID_04B4&PID_6572\7&54C764A&1&2, PnpDeviceId: USB\VID_04B4&PID_6572\7&54C764A&1&2, Description: Generic USB Hub, Name: Generic USB Hub, Manufacturer: (Standard USB HUBs), Service: USBHUB3, Status: OK
2025-08-15T20:26:12.6537|INFO|ApplicationDeviceConnectionVM.cs|UsbDeviceWatcher_DeviceRemoved|178|USB Device disconnected DeviceId: USB\VID_03C3&PID_1F01\8&2B28E3B2&0&3, PnpDeviceId: USB\VID_03C3&PID_1F01\8&2B28E3B2&0&3, Description: USB Input Device, Name: USB Input Device, Manufacturer: (Standard system devices), Service: HidUsb, Status: OK
2025-08-15T20:26:12.6538|INFO|ApplicationDeviceConnectionVM.cs|UsbDeviceWatcher_DeviceRemoved|178|USB Device disconnected DeviceId: USB\VID_03C3&PID_533E\8&2B28E3B2&0&1, PnpDeviceId: USB\VID_03C3&PID_533E\8&2B28E3B2&0&1, Description: ZWO ASI533MM Pro Camera, Name: ZWO ASI533MM Pro Camera, Manufacturer: ZWO, Service: ASICAMUSB3, Status: OK
2025-08-15T20:26:12.6539|INFO|ApplicationDeviceConnectionVM.cs|UsbDeviceWatcher_DeviceRemoved|178|USB Device disconnected DeviceId: USB\VID_1A40&PID_0101\7&54C764A&1&4, PnpDeviceId: USB\VID_1A40&PID_0101\7&54C764A&1&4, Description: Generic USB Hub, Name: Generic USB Hub, Manufacturer: (Standard USB HUBs), Service: USBHUB3, Status: OK
2025-08-15T20:26:12.6539|INFO|ApplicationDeviceConnectionVM.cs|UsbDeviceWatcher_DeviceRemoved|178|USB Device disconnected DeviceId: USB\VID_1233&PID_1455&MI_00\7&2FB465CB&0&0000, PnpDeviceId: USB\VID_1233&PID_1455&MI_00\7&2FB465CB&0&0000, Description: USB Video Device, Name: iOptron iPolar, Manufacturer: Microsoft, Service: usbvideo, Status: OK
2025-08-15T20:26:12.6539|INFO|ApplicationDeviceConnectionVM.cs|UsbDeviceWatcher_DeviceRemoved|178|USB Device disconnected DeviceId: USB\VID_03C3&PID_1F00\8&2FB6A883&0&1, PnpDeviceId: USB\VID_03C3&PID_1F00\8&2FB6A883&0&1, Description: USB Input Device, Name: USB Input Device, Manufacturer: (Standard system devices), Service: HidUsb, Status: OK
2025-08-15T20:26:12.6540|INFO|ApplicationDeviceConnectionVM.cs|UsbDeviceWatcher_DeviceRemoved|178|USB Device disconnected DeviceId: USB\VID_1233&PID_1455\6&26B592B5&0&4, PnpDeviceId: USB\VID_1233&PID_1455\6&26B592B5&0&4, Description: USB Composite Device, Name: USB Composite Device, Manufacturer: (Standard USB Host Controller), Service: usbccgp, Status: OK
2025-08-15T20:26:12.6540|INFO|ApplicationDeviceConnectionVM.cs|UsbDeviceWatcher_DeviceRemoved|178|USB Device disconnected DeviceId: USB\VID_05E3&PID_0610\6&26B592B5&0&3, PnpDeviceId: USB\VID_05E3&PID_0610\6&26B592B5&0&3, Description: Generic USB Hub, Name: Generic USB Hub, Manufacturer: (Standard USB HUBs), Service: USBHUB3, Status: OK
2025-08-15T20:26:12.6540|INFO|ApplicationDeviceConnectionVM.cs|UsbDeviceWatcher_DeviceRemoved|178|USB Device disconnected DeviceId: USB\VID_03C3&PID_120C\7&54C764A&1&1, PnpDeviceId: USB\VID_03C3&PID_120C\7&54C764A&1&1, Description: ZWO ASI120MM Mini Camera, Name: ZWO ASI120MM Mini Camera, Manufacturer: ZWO, Service: ASICAMUSB3, Status: OK
2025-08-15T20:26:13.3739|INFO|ApplicationDeviceConnectionVM.cs|UsbDeviceWatcher_DeviceInserted|173|New USB device detected DeviceId: USB\VID_1233&PID_1455\6&26B592B5&0&4, PnpDeviceId: USB\VID_1233&PID_1455\6&26B592B5&0&4, Description: USB Composite Device, Name: USB Composite Device, Manufacturer: (Standard USB Host Controller), Service: usbccgp, Status: OK
2025-08-15T20:26:13.6921|INFO|ApplicationDeviceConnectionVM.cs|UsbDeviceWatcher_DeviceInserted|173|New USB device detected DeviceId: USB\VID_04B4&PID_6572\7&54C764A&1&2, PnpDeviceId: USB\VID_04B4&PID_6572\7&54C764A&1&2, Description: Generic USB Hub, Name: Generic USB Hub, Manufacturer: (Standard USB HUBs), Service: USBHUB3, Status: OK
2025-08-15T20:26:13.6923|INFO|ApplicationDeviceConnectionVM.cs|UsbDeviceWatcher_DeviceInserted|173|New USB device detected DeviceId: USB\VID_03C3&PID_120C\7&54C764A&1&1, PnpDeviceId: USB\VID_03C3&PID_120C\7&54C764A&1&1, Description: ZWO ASI120MM Mini Camera, Name: ZWO ASI120MM Mini Camera, Manufacturer: ZWO, Service: ASICAMUSB3, Status: OK
2025-08-15T20:26:13.9750|INFO|ApplicationDeviceConnectionVM.cs|UsbDeviceWatcher_DeviceInserted|173|New USB device detected DeviceId: USB\VID_1A40&PID_0101\7&54C764A&1&4, PnpDeviceId: USB\VID_1A40&PID_0101\7&54C764A&1&4, Description: Generic USB Hub, Name: Generic USB Hub, Manufacturer: (Standard USB HUBs), Service: USBHUB3, Status: OK
2025-08-15T20:26:14.2901|INFO|ApplicationDeviceConnectionVM.cs|UsbDeviceWatcher_DeviceInserted|173|New USB device detected DeviceId: USB\VID_03C3&PID_1F01\8&2B28E3B2&0&3, PnpDeviceId: USB\VID_03C3&PID_1F01\8&2B28E3B2&0&3, Description: USB Input Device, Name: USB Input Device, Manufacturer: (Standard system devices), Service: HidUsb, Status: OK
2025-08-15T20:26:14.2902|INFO|ApplicationDeviceConnectionVM.cs|UsbDeviceWatcher_DeviceInserted|173|New USB device detected DeviceId: USB\VID_03C3&PID_533E\8&2B28E3B2&0&1, PnpDeviceId: USB\VID_03C3&PID_533E\8&2B28E3B2&0&1, Description: ZWO ASI533MM Pro Camera, Name: ZWO ASI533MM Pro Camera, Manufacturer: ZWO, Service: ASICAMUSB3, Status: OK
2025-08-15T20:26:14.5792|INFO|ApplicationDeviceConnectionVM.cs|UsbDeviceWatcher_DeviceInserted|173|New USB device detected DeviceId: USB\VID_03C3&PID_1F00\8&2FB6A883&0&1, PnpDeviceId: USB\VID_03C3&PID_1F00\8&2FB6A883&0&1, Description: USB Input Device, Name: USB Input Device, Manufacturer: (Standard system devices), Service: HidUsb, Status: OK
2025-08-15T20:26:38.9617|INFO|FocuserVM.cs|Disconnect|426|Disconnected Focuser
2025-08-15T20:26:41.5422|ERROR|AscomDevice.cs|Connect|246
ASCOM.DriverAccessCOMException (0x00000000): No EAF Connection
 ---> System.Runtime.InteropServices.COMException (0x00000000): No EAF Connection
   at ASCOM.Com.DriverAccess.DynamicAccess.CheckDotNetExceptions(String memberName, Exception e)
   at ASCOM.Com.DriverAccess.DynamicAccess.TrySetMember(SetMemberBinder binder, Object value)
   at CallSite.Target(Closure, CallSite, Object, Boolean)
   at System.Dynamic.UpdateDelegates.UpdateAndExecute2[T0,T1,TRet](CallSite site, T0 arg0, T1 arg1)
   at ASCOM.Com.DriverAccess.ASCOMDevice.set_Connected(Boolean value)
   at ASCOM.Com.DriverAccess.Focuser.set_Connected(Boolean value)
   at NINA.Equipment.Equipment.AscomDevice`1.set_Connected(Boolean value) in C:\Projects\nina\NINA.Equipment\Equipment\AscomDevice.cs:line 144
   at NINA.Equipment.Equipment.AscomDevice`1.<Connect>b__43_0() in C:\Projects\nina\NINA.Equipment\Equipment\AscomDevice.cs:line 239
2025-08-15T20:26:45.3675|INFO|ApplicationDeviceConnectionVM.cs|UsbDeviceWatcher_DeviceRemoved|178|USB Device disconnected DeviceId: USB\VID_04B4&PID_6572\7&54C764A&1&2, PnpDeviceId: USB\VID_04B4&PID_6572\7&54C764A&1&2, Description: Generic USB Hub, Name: Generic USB Hub, Manufacturer: (Standard USB HUBs), Service: USBHUB3, Status: OK
2025-08-15T20:26:45.3676|INFO|ApplicationDeviceConnectionVM.cs|UsbDeviceWatcher_DeviceRemoved|178|USB Device disconnected DeviceId: USB\VID_03C3&PID_1F01\8&2B28E3B2&0&3, PnpDeviceId: USB\VID_03C3&PID_1F01\8&2B28E3B2&0&3, Description: USB Input Device, Name: USB Input Device, Manufacturer: (Standard system devices), Service: HidUsb, Status: OK
2025-08-15T20:26:45.3676|INFO|ApplicationDeviceConnectionVM.cs|UsbDeviceWatcher_DeviceRemoved|178|USB Device disconnected DeviceId: USB\VID_1A40&PID_0101\5&14013D94&0&5, PnpDeviceId: USB\VID_1A40&PID_0101\5&14013D94&0&5, Description: Generic USB Hub, Name: Generic USB Hub, Manufacturer: (Standard USB HUBs), Service: USBHUB3, Status: OK
2025-08-15T20:26:45.3677|INFO|ApplicationDeviceConnectionVM.cs|UsbDeviceWatcher_DeviceRemoved|178|USB Device disconnected DeviceId: USB\VID_03C3&PID_533E\8&2B28E3B2&0&1, PnpDeviceId: USB\VID_03C3&PID_533E\8&2B28E3B2&0&1, Description: ZWO ASI533MM Pro Camera, Name: ZWO ASI533MM Pro Camera, Manufacturer: ZWO, Service: ASICAMUSB3, Status: OK
2025-08-15T20:26:45.3677|INFO|ApplicationDeviceConnectionVM.cs|UsbDeviceWatcher_DeviceRemoved|178|USB Device disconnected DeviceId: USB\VID_1A40&PID_0101\7&54C764A&1&4, PnpDeviceId: USB\VID_1A40&PID_0101\7&54C764A&1&4, Description: Generic USB Hub, Name: Generic USB Hub, Manufacturer: (Standard USB HUBs), Service: USBHUB3, Status: OK
2025-08-15T20:26:45.3677|INFO|ApplicationDeviceConnectionVM.cs|UsbDeviceWatcher_DeviceRemoved|178|USB Device disconnected DeviceId: USB\VID_1233&PID_1455&MI_00\7&2FB465CB&0&0000, PnpDeviceId: USB\VID_1233&PID_1455&MI_00\7&2FB465CB&0&0000, Description: USB Video Device, Name: iOptron iPolar, Manufacturer: Microsoft, Service: usbvideo, Status: OK
2025-08-15T20:26:45.3677|INFO|ApplicationDeviceConnectionVM.cs|UsbDeviceWatcher_DeviceRemoved|178|USB Device disconnected DeviceId: USB\VID_03C3&PID_1F00\8&2FB6A883&0&1, PnpDeviceId: USB\VID_03C3&PID_1F00\8&2FB6A883&0&1, Description: USB Input Device, Name: USB Input Device, Manufacturer: (Standard system devices), Service: HidUsb, Status: OK
2025-08-15T20:26:45.3678|INFO|ApplicationDeviceConnectionVM.cs|UsbDeviceWatcher_DeviceRemoved|178|USB Device disconnected DeviceId: USB\VID_1233&PID_1455\6&26B592B5&0&4, PnpDeviceId: USB\VID_1233&PID_1455\6&26B592B5&0&4, Description: USB Composite Device, Name: USB Composite Device, Manufacturer: (Standard USB Host Controller), Service: usbccgp, Status: OK
2025-08-15T20:26:45.3678|INFO|ApplicationDeviceConnectionVM.cs|UsbDeviceWatcher_DeviceRemoved|178|USB Device disconnected DeviceId: USB\VID_05E3&PID_0610\6&26B592B5&0&3, PnpDeviceId: USB\VID_05E3&PID_0610\6&26B592B5&0&3, Description: Generic USB Hub, Name: Generic USB Hub, Manufacturer: (Standard USB HUBs), Service: USBHUB3, Status: OK
2025-08-15T20:26:45.3678|INFO|ApplicationDeviceConnectionVM.cs|UsbDeviceWatcher_DeviceRemoved|178|USB Device disconnected DeviceId: USB\VID_03C3&PID_120C\7&54C764A&1&1, PnpDeviceId: USB\VID_03C3&PID_120C\7&54C764A&1&1, Description: ZWO ASI120MM Mini Camera, Name: ZWO ASI120MM Mini Camera, Manufacturer: ZWO, Service: ASICAMUSB3, Status: OK
2025-08-15T20:26:46.3284|INFO|ApplicationDeviceConnectionVM.cs|UsbDeviceWatcher_DeviceInserted|173|New USB device detected DeviceId: USB\VID_1233&PID_1455\6&26B592B5&0&4, PnpDeviceId: USB\VID_1233&PID_1455\6&26B592B5&0&4, Description: USB Composite Device, Name: USB Composite Device, Manufacturer: (Standard USB Host Controller), Service: usbccgp, Status: OK
2025-08-15T20:26:47.1416|INFO|ApplicationDeviceConnectionVM.cs|UsbDeviceWatcher_DeviceInserted|173|New USB device detected DeviceId: USB\VID_03C3&PID_1F01\8&2B28E3B2&0&3, PnpDeviceId: USB\VID_03C3&PID_1F01\8&2B28E3B2&0&3, Description: USB Input Device, Name: USB Input Device, Manufacturer: (Standard system devices), Service: HidUsb, Status: OK
2025-08-15T20:26:47.1417|INFO|ApplicationDeviceConnectionVM.cs|UsbDeviceWatcher_DeviceInserted|173|New USB device detected DeviceId: USB\VID_03C3&PID_533E\8&2B28E3B2&0&1, PnpDeviceId: USB\VID_03C3&PID_533E\8&2B28E3B2&0&1, Description: ZWO ASI533MM Pro Camera, Name: ZWO ASI533MM Pro Camera, Manufacturer: ZWO, Service: ASICAMUSB3, Status: OK
2025-08-15T20:26:48.6390|INFO|FocuserChooserVM.cs|GetEquipment|67|Found 0 Alpaca Focusers
2025-08-15T20:26:53.1010|INFO|FocuserVM.cs|Disconnect|426|Disconnected Focuser
2025-08-15T20:26:53.2073|ERROR|AscomDevice.cs|Connect|246
ASCOM.DriverAccessCOMException (0x00000000): No EAF Connection
 ---> System.Runtime.InteropServices.COMException (0x00000000): No EAF Connection
   at ASCOM.Com.DriverAccess.DynamicAccess.CheckDotNetExceptions(String memberName, Exception e)
   at ASCOM.Com.DriverAccess.DynamicAccess.TrySetMember(SetMemberBinder binder, Object value)
   at CallSite.Target(Closure, CallSite, Object, Boolean)
   at ASCOM.Com.DriverAccess.ASCOMDevice.set_Connected(Boolean value)
   at ASCOM.Com.DriverAccess.Focuser.set_Connected(Boolean value)
   at NINA.Equipment.Equipment.AscomDevice`1.set_Connected(Boolean value) in C:\Projects\nina\NINA.Equipment\Equipment\AscomDevice.cs:line 144
   at NINA.Equipment.Equipment.AscomDevice`1.<Connect>b__43_0() in C:\Projects\nina\NINA.Equipment\Equipment\AscomDevice.cs:line 239
2025-08-15T20:26:54.5013|INFO|FocuserVM.cs|Disconnect|426|Disconnected Focuser
2025-08-15T20:26:54.6071|ERROR|AscomDevice.cs|Connect|246
ASCOM.DriverAccessCOMException (0x00000000): No EAF Connection
 ---> System.Runtime.InteropServices.COMException (0x00000000): No EAF Connection
   at ASCOM.Com.DriverAccess.DynamicAccess.CheckDotNetExceptions(String memberName, Exception e)
   at ASCOM.Com.DriverAccess.DynamicAccess.TrySetMember(SetMemberBinder binder, Object value)
   at CallSite.Target(Closure, CallSite, Object, Boolean)
   at ASCOM.Com.DriverAccess.ASCOMDevice.set_Connected(Boolean value)
   at ASCOM.Com.DriverAccess.Focuser.set_Connected(Boolean value)
   at NINA.Equipment.Equipment.AscomDevice`1.set_Connected(Boolean value) in C:\Projects\nina\NINA.Equipment\Equipment\AscomDevice.cs:line 144
   at NINA.Equipment.Equipment.AscomDevice`1.<Connect>b__43_0() in C:\Projects\nina\NINA.Equipment\Equipment\AscomDevice.cs:line 239
2025-08-15T20:32:06.7562|INFO|ApplicationDeviceConnectionVM.cs|UsbDeviceWatcher_DeviceRemoved|178|USB Device disconnected DeviceId: USB\VID_04B4&PID_6572\7&54C764A&1&2, PnpDeviceId: USB\VID_04B4&PID_6572\7&54C764A&1&2, Description: Generic USB Hub, Name: Generic USB Hub, Manufacturer: (Standard USB HUBs), Service: USBHUB3, Status: OK
2025-08-15T20:32:06.7563|INFO|ApplicationDeviceConnectionVM.cs|UsbDeviceWatcher_DeviceRemoved|178|USB Device disconnected DeviceId: USB\VID_03C3&PID_1F01\8&2B28E3B2&0&3, PnpDeviceId: USB\VID_03C3&PID_1F01\8&2B28E3B2&0&3, Description: USB Input Device, Name: USB Input Device, Manufacturer: (Standard system devices), Service: HidUsb, Status: OK
2025-08-15T20:32:06.7564|INFO|ApplicationDeviceConnectionVM.cs|UsbDeviceWatcher_DeviceRemoved|178|USB Device disconnected DeviceId: USB\VID_03C3&PID_533E\8&2B28E3B2&0&1, PnpDeviceId: USB\VID_03C3&PID_533E\8&2B28E3B2&0&1, Description: ZWO ASI533MM Pro Camera, Name: ZWO ASI533MM Pro Camera, Manufacturer: ZWO, Service: ASICAMUSB3, Status: OK
2025-08-15T20:32:06.7564|INFO|ApplicationDeviceConnectionVM.cs|UsbDeviceWatcher_DeviceRemoved|178|USB Device disconnected DeviceId: USB\VID_1A40&PID_0101\7&54C764A&1&4, PnpDeviceId: USB\VID_1A40&PID_0101\7&54C764A&1&4, Description: Generic USB Hub, Name: Generic USB Hub, Manufacturer: (Standard USB HUBs), Service: USBHUB3, Status: OK
2025-08-15T20:32:06.7566|INFO|ApplicationDeviceConnectionVM.cs|UsbDeviceWatcher_DeviceRemoved|178|USB Device disconnected DeviceId: USB\VID_1233&PID_1455&MI_00\7&2FB465CB&0&0000, PnpDeviceId: USB\VID_1233&PID_1455&MI_00\7&2FB465CB&0&0000, Description: USB Video Device, Name: iOptron iPolar, Manufacturer: Microsoft, Service: usbvideo, Status: OK
2025-08-15T20:32:06.7566|INFO|ApplicationDeviceConnectionVM.cs|UsbDeviceWatcher_DeviceRemoved|178|USB Device disconnected DeviceId: USB\VID_03C3&PID_1F00\8&2FB6A883&0&1, PnpDeviceId: USB\VID_03C3&PID_1F00\8&2FB6A883&0&1, Description: USB Input Device, Name: USB Input Device, Manufacturer: (Standard system devices), Service: HidUsb, Status: OK
2025-08-15T20:32:06.7566|INFO|ApplicationDeviceConnectionVM.cs|UsbDeviceWatcher_DeviceRemoved|178|USB Device disconnected DeviceId: USB\VID_1233&PID_1455\6&26B592B5&0&4, PnpDeviceId: USB\VID_1233&PID_1455\6&26B592B5&0&4, Description: USB Composite Device, Name: USB Composite Device, Manufacturer: (Standard USB Host Controller), Service: usbccgp, Status: OK
2025-08-15T20:32:06.7566|INFO|ApplicationDeviceConnectionVM.cs|UsbDeviceWatcher_DeviceRemoved|178|USB Device disconnected DeviceId: USB\VID_05E3&PID_0610\6&26B592B5&0&3, PnpDeviceId: USB\VID_05E3&PID_0610\6&26B592B5&0&3, Description: Generic USB Hub, Name: Generic USB Hub, Manufacturer: (Standard USB HUBs), Service: USBHUB3, Status: OK
2025-08-15T20:32:06.7567|INFO|ApplicationDeviceConnectionVM.cs|UsbDeviceWatcher_DeviceRemoved|178|USB Device disconnected DeviceId: USB\VID_03C3&PID_120C\7&54C764A&1&1, PnpDeviceId: USB\VID_03C3&PID_120C\7&54C764A&1&1, Description: ZWO ASI120MM Mini Camera, Name: ZWO ASI120MM Mini Camera, Manufacturer: ZWO, Service: ASICAMUSB3, Status: OK
2025-08-15T20:32:07.5473|INFO|ApplicationDeviceConnectionVM.cs|UsbDeviceWatcher_DeviceInserted|173|New USB device detected DeviceId: USB\VID_1233&PID_1455\6&26B592B5&0&4, PnpDeviceId: USB\VID_1233&PID_1455\6&26B592B5&0&4, Description: USB Composite Device, Name: USB Composite Device, Manufacturer: (Standard USB Host Controller), Service: usbccgp, Status: OK
2025-08-15T20:32:07.8357|INFO|ApplicationDeviceConnectionVM.cs|UsbDeviceWatcher_DeviceInserted|173|New USB device detected DeviceId: USB\VID_04B4&PID_6572\7&54C764A&1&2, PnpDeviceId: USB\VID_04B4&PID_6572\7&54C764A&1&2, Description: Generic USB Hub, Name: Generic USB Hub, Manufacturer: (Standard USB HUBs), Service: USBHUB3, Status: OK
2025-08-15T20:32:07.8358|INFO|ApplicationDeviceConnectionVM.cs|UsbDeviceWatcher_DeviceInserted|173|New USB device detected DeviceId: USB\VID_03C3&PID_120C\7&54C764A&1&1, PnpDeviceId: USB\VID_03C3&PID_120C\7&54C764A&1&1, Description: ZWO ASI120MM Mini Camera, Name: ZWO ASI120MM Mini Camera, Manufacturer: ZWO, Service: ASICAMUSB3, Status: OK
2025-08-15T20:32:08.1215|INFO|ApplicationDeviceConnectionVM.cs|UsbDeviceWatcher_DeviceInserted|173|New USB device detected DeviceId: USB\VID_1A40&PID_0101\7&54C764A&1&4, PnpDeviceId: USB\VID_1A40&PID_0101\7&54C764A&1&4, Description: Generic USB Hub, Name: Generic USB Hub, Manufacturer: (Standard USB HUBs), Service: USBHUB3, Status: OK
2025-08-15T20:32:08.4727|INFO|ApplicationDeviceConnectionVM.cs|UsbDeviceWatcher_DeviceInserted|173|New USB device detected DeviceId: USB\VID_03C3&PID_1F01\8&2B28E3B2&0&3, PnpDeviceId: USB\VID_03C3&PID_1F01\8&2B28E3B2&0&3, Description: USB Input Device, Name: USB Input Device, Manufacturer: (Standard system devices), Service: HidUsb, Status: OK
2025-08-15T20:32:08.4728|INFO|ApplicationDeviceConnectionVM.cs|UsbDeviceWatcher_DeviceInserted|173|New USB device detected DeviceId: USB\VID_03C3&PID_533E\8&2B28E3B2&0&1, PnpDeviceId: USB\VID_03C3&PID_533E\8&2B28E3B2&0&1, Description: ZWO ASI533MM Pro Camera, Name: ZWO ASI533MM Pro Camera, Manufacturer: ZWO, Service: ASICAMUSB3, Status: OK
2025-08-15T20:32:08.7566|INFO|ApplicationDeviceConnectionVM.cs|UsbDeviceWatcher_DeviceInserted|173|New USB device detected DeviceId: USB\VID_03C3&PID_1F00\8&2FB6A883&0&1, PnpDeviceId: USB\VID_03C3&PID_1F00\8&2FB6A883&0&1, Description: USB Input Device, Name: USB Input Device, Manufacturer: (Standard system devices), Service: HidUsb, Status: OK
2025-08-15T21:23:26.7152|INFO|ApplicationDeviceConnectionVM.cs|UsbDeviceWatcher_DeviceRemoved|178|USB Device disconnected DeviceId: USB\VID_04B4&PID_6572\7&54C764A&1&2, PnpDeviceId: USB\VID_04B4&PID_6572\7&54C764A&1&2, Description: Generic USB Hub, Name: Generic USB Hub, Manufacturer: (Standard USB HUBs), Service: USBHUB3, Status: OK
2025-08-15T21:23:26.7155|INFO|ApplicationDeviceConnectionVM.cs|UsbDeviceWatcher_DeviceRemoved|178|USB Device disconnected DeviceId: USB\VID_03C3&PID_1F01\8&2B28E3B2&0&3, PnpDeviceId: USB\VID_03C3&PID_1F01\8&2B28E3B2&0&3, Description: USB Input Device, Name: USB Input Device, Manufacturer: (Standard system devices), Service: HidUsb, Status: OK
2025-08-15T21:23:26.7155|INFO|ApplicationDeviceConnectionVM.cs|UsbDeviceWatcher_DeviceRemoved|178|USB Device disconnected DeviceId: USB\VID_03C3&PID_533E\8&2B28E3B2&0&1, PnpDeviceId: USB\VID_03C3&PID_533E\8&2B28E3B2&0&1, Description: ZWO ASI533MM Pro Camera, Name: ZWO ASI533MM Pro Camera, Manufacturer: ZWO, Service: ASICAMUSB3, Status: OK
2025-08-15T21:23:26.7155|INFO|ApplicationDeviceConnectionVM.cs|UsbDeviceWatcher_DeviceRemoved|178|USB Device disconnected DeviceId: USB\VID_1A40&PID_0101\7&54C764A&1&4, PnpDeviceId: USB\VID_1A40&PID_0101\7&54C764A&1&4, Description: Generic USB Hub, Name: Generic USB Hub, Manufacturer: (Standard USB HUBs), Service: USBHUB3, Status: OK
2025-08-15T21:23:26.7155|INFO|ApplicationDeviceConnectionVM.cs|UsbDeviceWatcher_DeviceRemoved|178|USB Device disconnected DeviceId: USB\VID_1233&PID_1455&MI_00\7&2FB465CB&0&0000, PnpDeviceId: USB\VID_1233&PID_1455&MI_00\7&2FB465CB&0&0000, Description: USB Video Device, Name: iOptron iPolar, Manufacturer: Microsoft, Service: usbvideo, Status: OK
2025-08-15T21:23:26.7156|INFO|ApplicationDeviceConnectionVM.cs|UsbDeviceWatcher_DeviceRemoved|178|USB Device disconnected DeviceId: USB\VID_03C3&PID_1F00\8&2FB6A883&0&1, PnpDeviceId: USB\VID_03C3&PID_1F00\8&2FB6A883&0&1, Description: USB Input Device, Name: USB Input Device, Manufacturer: (Standard system devices), Service: HidUsb, Status: OK
2025-08-15T21:23:26.7156|INFO|ApplicationDeviceConnectionVM.cs|UsbDeviceWatcher_DeviceRemoved|178|USB Device disconnected DeviceId: USB\VID_1233&PID_1455\6&26B592B5&0&4, PnpDeviceId: USB\VID_1233&PID_1455\6&26B592B5&0&4, Description: USB Composite Device, Name: USB Composite Device, Manufacturer: (Standard USB Host Controller), Service: usbccgp, Status: OK
2025-08-15T21:23:26.7156|INFO|ApplicationDeviceConnectionVM.cs|UsbDeviceWatcher_DeviceRemoved|178|USB Device disconnected DeviceId: USB\VID_05E3&PID_0610\6&26B592B5&0&3, PnpDeviceId: USB\VID_05E3&PID_0610\6&26B592B5&0&3, Description: Generic USB Hub, Name: Generic USB Hub, Manufacturer: (Standard USB HUBs), Service: USBHUB3, Status: OK
2025-08-15T21:23:26.7156|INFO|ApplicationDeviceConnectionVM.cs|UsbDeviceWatcher_DeviceRemoved|178|USB Device disconnected DeviceId: USB\VID_03C3&PID_120C\7&54C764A&1&1, PnpDeviceId: USB\VID_03C3&PID_120C\7&54C764A&1&1, Description: ZWO ASI120MM Mini Camera, Name: ZWO ASI120MM Mini Camera, Manufacturer: ZWO, Service: ASICAMUSB3, Status: OK
2025-08-15T21:23:27.4900|INFO|ApplicationDeviceConnectionVM.cs|UsbDeviceWatcher_DeviceInserted|173|New USB device detected DeviceId: USB\VID_1233&PID_1455\6&26B592B5&0&4, PnpDeviceId: USB\VID_1233&PID_1455\6&26B592B5&0&4, Description: USB Composite Device, Name: USB Composite Device, Manufacturer: (Standard USB Host Controller), Service: usbccgp, Status: OK
2025-08-15T21:23:27.7595|INFO|ApplicationDeviceConnectionVM.cs|UsbDeviceWatcher_DeviceInserted|173|New USB device detected DeviceId: USB\VID_04B4&PID_6572\7&54C764A&1&2, PnpDeviceId: USB\VID_04B4&PID_6572\7&54C764A&1&2, Description: Generic USB Hub, Name: Generic USB Hub, Manufacturer: (Standard USB HUBs), Service: USBHUB3, Status: OK
2025-08-15T21:23:27.7597|INFO|ApplicationDeviceConnectionVM.cs|UsbDeviceWatcher_DeviceInserted|173|New USB device detected DeviceId: USB\VID_03C3&PID_120C\7&54C764A&1&1, PnpDeviceId: USB\VID_03C3&PID_120C\7&54C764A&1&1, Description: ZWO ASI120MM Mini Camera, Name: ZWO ASI120MM Mini Camera, Manufacturer: ZWO, Service: ASICAMUSB3, Status: OK
2025-08-15T21:23:28.0412|INFO|ApplicationDeviceConnectionVM.cs|UsbDeviceWatcher_DeviceInserted|173|New USB device detected DeviceId: USB\VID_1A40&PID_0101\7&54C764A&1&4, PnpDeviceId: USB\VID_1A40&PID_0101\7&54C764A&1&4, Description: Generic USB Hub, Name: Generic USB Hub, Manufacturer: (Standard USB HUBs), Service: USBHUB3, Status: OK
2025-08-15T21:23:28.6629|INFO|ApplicationDeviceConnectionVM.cs|UsbDeviceWatcher_DeviceInserted|173|New USB device detected DeviceId: USB\VID_03C3&PID_1F00\8&2FB6A883&0&1, PnpDeviceId: USB\VID_03C3&PID_1F00\8&2FB6A883&0&1, Description: USB Input Device, Name: USB Input Device, Manufacturer: (Standard system devices), Service: HidUsb, Status: OK
2025-08-16T00:10:50.0387|INFO|FocuserVM.cs|Disconnect|426|Disconnected Focuser
2025-08-16T00:10:50.1474|ERROR|AscomDevice.cs|Connect|246
ASCOM.DriverAccessCOMException (0x00000000): No EAF Connection
 ---> System.Runtime.InteropServices.COMException (0x00000000): No EAF Connection
   at ASCOM.Com.DriverAccess.DynamicAccess.CheckDotNetExceptions(String memberName, Exception e)
   at ASCOM.Com.DriverAccess.DynamicAccess.TrySetMember(SetMemberBinder binder, Object value)
   at CallSite.Target(Closure, CallSite, Object, Boolean)
   at ASCOM.Com.DriverAccess.ASCOMDevice.set_Connected(Boolean value)
   at ASCOM.Com.DriverAccess.Focuser.set_Connected(Boolean value)
   at NINA.Equipment.Equipment.AscomDevice`1.set_Connected(Boolean value) in C:\Projects\nina\NINA.Equipment\Equipment\AscomDevice.cs:line 144
   at NINA.Equipment.Equipment.AscomDevice`1.<Connect>b__43_0() in C:\Projects\nina\NINA.Equipment\Equipment\AscomDevice.cs:line 239
2025-08-16T00:10:52.3755|INFO|FocuserVM.cs|Disconnect|426|Disconnected Focuser
2025-08-16T00:10:52.4836|ERROR|AscomDevice.cs|Connect|246
ASCOM.DriverAccessCOMException (0x00000000): No EAF Connection
 ---> System.Runtime.InteropServices.COMException (0x00000000): No EAF Connection
   at ASCOM.Com.DriverAccess.DynamicAccess.CheckDotNetExceptions(String memberName, Exception e)
   at ASCOM.Com.DriverAccess.DynamicAccess.TrySetMember(SetMemberBinder binder, Object value)
   at CallSite.Target(Closure, CallSite, Object, Boolean)
   at ASCOM.Com.DriverAccess.ASCOMDevice.set_Connected(Boolean value)
   at ASCOM.Com.DriverAccess.Focuser.set_Connected(Boolean value)
   at NINA.Equipment.Equipment.AscomDevice`1.set_Connected(Boolean value) in C:\Projects\nina\NINA.Equipment\Equipment\AscomDevice.cs:line 144
   at NINA.Equipment.Equipment.AscomDevice`1.<Connect>b__43_0() in C:\Projects\nina\NINA.Equipment\Equipment\AscomDevice.cs:line 239
2025-08-16T00:10:52.6266|INFO|FocuserChooserVM.cs|GetEquipment|67|Found 0 Alpaca Focusers
2025-08-16T00:10:59.5041|INFO|FocuserVM.cs|Disconnect|426|Disconnected Focuser
2025-08-16T00:10:59.6115|ERROR|AscomDevice.cs|Connect|246
ASCOM.DriverAccessCOMException (0x00000000): No EAF Connection
 ---> System.Runtime.InteropServices.COMException (0x00000000): No EAF Connection
   at ASCOM.Com.DriverAccess.DynamicAccess.CheckDotNetExceptions(String memberName, Exception e)
   at ASCOM.Com.DriverAccess.DynamicAccess.TrySetMember(SetMemberBinder binder, Object value)
   at CallSite.Target(Closure, CallSite, Object, Boolean)
   at ASCOM.Com.DriverAccess.ASCOMDevice.set_Connected(Boolean value)
   at ASCOM.Com.DriverAccess.Focuser.set_Connected(Boolean value)
   at NINA.Equipment.Equipment.AscomDevice`1.set_Connected(Boolean value) in C:\Projects\nina\NINA.Equipment\Equipment\AscomDevice.cs:line 144
   at NINA.Equipment.Equipment.AscomDevice`1.<Connect>b__43_0() in C:\Projects\nina\NINA.Equipment\Equipment\AscomDevice.cs:line 239
2025-08-16T00:11:05.1725|INFO|FocuserChooserVM.cs|GetEquipment|67|Found 0 Alpaca Focusers
2025-08-16T03:27:29.2946|INFO|ApplicationDeviceConnectionVM.cs|UsbDeviceWatcher_DeviceRemoved|178|USB Device disconnected DeviceId: USB\VID_04B4&PID_6572\7&54C764A&1&2, PnpDeviceId: USB\VID_04B4&PID_6572\7&54C764A&1&2, Description: Generic USB Hub, Name: Generic USB Hub, Manufacturer: (Standard USB HUBs), Service: USBHUB3, Status: OK
2025-08-16T03:27:29.2948|INFO|ApplicationDeviceConnectionVM.cs|UsbDeviceWatcher_DeviceRemoved|178|USB Device disconnected DeviceId: USB\VID_03C3&PID_1F01\8&2B28E3B2&0&3, PnpDeviceId: USB\VID_03C3&PID_1F01\8&2B28E3B2&0&3, Description: USB Input Device, Name: USB Input Device, Manufacturer: (Standard system devices), Service: HidUsb, Status: OK
2025-08-16T03:27:29.2948|INFO|ApplicationDeviceConnectionVM.cs|UsbDeviceWatcher_DeviceRemoved|178|USB Device disconnected DeviceId: USB\VID_03C3&PID_533E\8&2B28E3B2&0&1, PnpDeviceId: USB\VID_03C3&PID_533E\8&2B28E3B2&0&1, Description: ZWO ASI533MM Pro Camera, Name: ZWO ASI533MM Pro Camera, Manufacturer: ZWO, Service: ASICAMUSB3, Status: OK
2025-08-16T03:27:29.2948|INFO|ApplicationDeviceConnectionVM.cs|UsbDeviceWatcher_DeviceRemoved|178|USB Device disconnected DeviceId: USB\VID_1A40&PID_0101\7&54C764A&1&4, PnpDeviceId: USB\VID_1A40&PID_0101\7&54C764A&1&4, Description: Generic USB Hub, Name: Generic USB Hub, Manufacturer: (Standard USB HUBs), Service: USBHUB3, Status: OK
2025-08-16T03:27:29.2949|INFO|ApplicationDeviceConnectionVM.cs|UsbDeviceWatcher_DeviceRemoved|178|USB Device disconnected DeviceId: USB\VID_1233&PID_1455&MI_00\7&2FB465CB&0&0000, PnpDeviceId: USB\VID_1233&PID_1455&MI_00\7&2FB465CB&0&0000, Description: USB Video Device, Name: iOptron iPolar, Manufacturer: Microsoft, Service: usbvideo, Status: OK
2025-08-16T03:27:29.2949|INFO|ApplicationDeviceConnectionVM.cs|UsbDeviceWatcher_DeviceRemoved|178|USB Device disconnected DeviceId: USB\VID_03C3&PID_1F00\8&2FB6A883&0&1, PnpDeviceId: USB\VID_03C3&PID_1F00\8&2FB6A883&0&1, Description: USB Input Device, Name: USB Input Device, Manufacturer: (Standard system devices), Service: HidUsb, Status: OK
2025-08-16T03:27:29.2949|INFO|ApplicationDeviceConnectionVM.cs|UsbDeviceWatcher_DeviceRemoved|178|USB Device disconnected DeviceId: USB\VID_1233&PID_1455\6&26B592B5&0&4, PnpDeviceId: USB\VID_1233&PID_1455\6&26B592B5&0&4, Description: USB Composite Device, Name: USB Composite Device, Manufacturer: (Standard USB Host Controller), Service: usbccgp, Status: OK
2025-08-16T03:27:29.2949|INFO|ApplicationDeviceConnectionVM.cs|UsbDeviceWatcher_DeviceRemoved|178|USB Device disconnected DeviceId: USB\VID_05E3&PID_0610\6&26B592B5&0&3, PnpDeviceId: USB\VID_05E3&PID_0610\6&26B592B5&0&3, Description: Generic USB Hub, Name: Generic USB Hub, Manufacturer: (Standard USB HUBs), Service: USBHUB3, Status: OK
2025-08-16T03:27:29.2949|INFO|ApplicationDeviceConnectionVM.cs|UsbDeviceWatcher_DeviceRemoved|178|USB Device disconnected DeviceId: USB\VID_03C3&PID_120C\7&54C764A&1&1, PnpDeviceId: USB\VID_03C3&PID_120C\7&54C764A&1&1, Description: ZWO ASI120MM Mini Camera, Name: ZWO ASI120MM Mini Camera, Manufacturer: ZWO, Service: ASICAMUSB3, Status: OK
2025-08-16T03:27:30.0543|INFO|ApplicationDeviceConnectionVM.cs|UsbDeviceWatcher_DeviceInserted|173|New USB device detected DeviceId: USB\VID_1233&PID_1455\6&26B592B5&0&4, PnpDeviceId: USB\VID_1233&PID_1455\6&26B592B5&0&4, Description: USB Composite Device, Name: USB Composite Device, Manufacturer: (Standard USB Host Controller), Service: usbccgp, Status: OK
2025-08-16T11:09:01.6537|INFO|FocuserVM.cs|Disconnect|426|Disconnected Focuser
2025-08-16T11:09:01.7631|ERROR|AscomDevice.cs|Connect|246
ASCOM.DriverAccessCOMException (0x00000000): No EAF Connection
 ---> System.Runtime.InteropServices.COMException (0x00000000): No EAF Connection
   at ASCOM.Com.DriverAccess.DynamicAccess.CheckDotNetExceptions(String memberName, Exception e)
   at ASCOM.Com.DriverAccess.DynamicAccess.TrySetMember(SetMemberBinder binder, Object value)
   at CallSite.Target(Closure, CallSite, Object, Boolean)
   at ASCOM.Com.DriverAccess.ASCOMDevice.set_Connected(Boolean value)
   at ASCOM.Com.DriverAccess.Focuser.set_Connected(Boolean value)
   at NINA.Equipment.Equipment.AscomDevice`1.set_Connected(Boolean value) in C:\Projects\nina\NINA.Equipment\Equipment\AscomDevice.cs:line 144
   at NINA.Equipment.Equipment.AscomDevice`1.<Connect>b__43_0() in C:\Projects\nina\NINA.Equipment\Equipment\AscomDevice.cs:line 239
2025-08-16T11:09:06.3330|INFO|FocuserChooserVM.cs|GetEquipment|67|Found 0 Alpaca Focusers
2025-08-16T11:09:06.9845|INFO|FocuserVM.cs|Disconnect|426|Disconnected Focuser
2025-08-16T11:09:07.0912|ERROR|AscomDevice.cs|Connect|246
ASCOM.DriverAccessCOMException (0x00000000): No EAF Connection
 ---> System.Runtime.InteropServices.COMException (0x00000000): No EAF Connection
   at ASCOM.Com.DriverAccess.DynamicAccess.CheckDotNetExceptions(String memberName, Exception e)
   at ASCOM.Com.DriverAccess.DynamicAccess.TrySetMember(SetMemberBinder binder, Object value)
   at CallSite.Target(Closure, CallSite, Object, Boolean)
   at ASCOM.Com.DriverAccess.ASCOMDevice.set_Connected(Boolean value)
   at ASCOM.Com.DriverAccess.Focuser.set_Connected(Boolean value)
   at NINA.Equipment.Equipment.AscomDevice`1.set_Connected(Boolean value) in C:\Projects\nina\NINA.Equipment\Equipment\AscomDevice.cs:line 144
   at NINA.Equipment.Equipment.AscomDevice`1.<Connect>b__43_0() in C:\Projects\nina\NINA.Equipment\Equipment\AscomDevice.cs:line 239
2025-08-16T12:05:10.4005|INFO|FocuserChooserVM.cs|GetEquipment|67|Found 0 Alpaca Focusers
2025-08-16T12:05:11.5458|INFO|FocuserVM.cs|Disconnect|426|Disconnected Focuser
2025-08-16T12:05:11.6539|ERROR|AscomDevice.cs|Connect|246
ASCOM.DriverAccessCOMException (0x00000000): No EAF Connection
 ---> System.Runtime.InteropServices.COMException (0x00000000): No EAF Connection
   at ASCOM.Com.DriverAccess.DynamicAccess.CheckDotNetExceptions(String memberName, Exception e)
   at ASCOM.Com.DriverAccess.DynamicAccess.TrySetMember(SetMemberBinder binder, Object value)
   at CallSite.Target(Closure, CallSite, Object, Boolean)
   at ASCOM.Com.DriverAccess.ASCOMDevice.set_Connected(Boolean value)
   at ASCOM.Com.DriverAccess.Focuser.set_Connected(Boolean value)
   at NINA.Equipment.Equipment.AscomDevice`1.set_Connected(Boolean value) in C:\Projects\nina\NINA.Equipment\Equipment\AscomDevice.cs:line 144
   at NINA.Equipment.Equipment.AscomDevice`1.<Connect>b__43_0() in C:\Projects\nina\NINA.Equipment\Equipment\AscomDevice.cs:line 239
2025-08-16T13:01:37.3401|INFO|FocuserVM.cs|Disconnect|426|Disconnected Focuser
2025-08-16T13:01:37.4496|ERROR|AscomDevice.cs|Connect|246
ASCOM.DriverAccessCOMException (0x00000000): No EAF Connection
 ---> System.Runtime.InteropServices.COMException (0x00000000): No EAF Connection
   at ASCOM.Com.DriverAccess.DynamicAccess.CheckDotNetExceptions(String memberName, Exception e)
   at ASCOM.Com.DriverAccess.DynamicAccess.TrySetMember(SetMemberBinder binder, Object value)
   at CallSite.Target(Closure, CallSite, Object, Boolean)
   at ASCOM.Com.DriverAccess.ASCOMDevice.set_Connected(Boolean value)
   at ASCOM.Com.DriverAccess.Focuser.set_Connected(Boolean value)
   at NINA.Equipment.Equipment.AscomDevice`1.set_Connected(Boolean value) in C:\Projects\nina\NINA.Equipment\Equipment\AscomDevice.cs:line 144
   at NINA.Equipment.Equipment.AscomDevice`1.<Connect>b__43_0() in C:\Projects\nina\NINA.Equipment\Equipment\AscomDevice.cs:line 239
2025-08-16T13:06:58.2843|INFO|FocuserChooserVM.cs|GetEquipment|67|Found 0 Alpaca Focusers
2025-08-16T13:06:59.5507|INFO|FocuserVM.cs|Disconnect|426|Disconnected Focuser
2025-08-16T13:06:59.6608|ERROR|AscomDevice.cs|Connect|246
ASCOM.DriverAccessCOMException (0x00000000): No EAF Connection
 ---> System.Runtime.InteropServices.COMException (0x00000000): No EAF Connection
   at ASCOM.Com.DriverAccess.DynamicAccess.CheckDotNetExceptions(String memberName, Exception e)
   at ASCOM.Com.DriverAccess.DynamicAccess.TrySetMember(SetMemberBinder binder, Object value)
   at CallSite.Target(Closure, CallSite, Object, Boolean)
   at ASCOM.Com.DriverAccess.ASCOMDevice.set_Connected(Boolean value)
   at ASCOM.Com.DriverAccess.Focuser.set_Connected(Boolean value)
   at NINA.Equipment.Equipment.AscomDevice`1.set_Connected(Boolean value) in C:\Projects\nina\NINA.Equipment\Equipment\AscomDevice.cs:line 144
   at NINA.Equipment.Equipment.AscomDevice`1.<Connect>b__43_0() in C:\Projects\nina\NINA.Equipment\Equipment\AscomDevice.cs:line 239
2025-08-16T13:07:03.6322|INFO|FocuserVM.cs|Disconnect|426|Disconnected Focuser
2025-08-16T13:07:03.7412|ERROR|AscomDevice.cs|Connect|246
ASCOM.DriverAccessCOMException (0x00000000): No EAF Connection
 ---> System.Runtime.InteropServices.COMException (0x00000000): No EAF Connection
   at ASCOM.Com.DriverAccess.DynamicAccess.CheckDotNetExceptions(String memberName, Exception e)
   at ASCOM.Com.DriverAccess.DynamicAccess.TrySetMember(SetMemberBinder binder, Object value)
   at CallSite.Target(Closure, CallSite, Object, Boolean)
   at ASCOM.Com.DriverAccess.ASCOMDevice.set_Connected(Boolean value)
   at ASCOM.Com.DriverAccess.Focuser.set_Connected(Boolean value)
   at NINA.Equipment.Equipment.AscomDevice`1.set_Connected(Boolean value) in C:\Projects\nina\NINA.Equipment\Equipment\AscomDevice.cs:line 144
   at NINA.Equipment.Equipment.AscomDevice`1.<Connect>b__43_0() in C:\Projects\nina\NINA.Equipment\Equipment\AscomDevice.cs:line 239
2025-08-16T13:52:15.1053|INFO|FocuserVM.cs|Disconnect|426|Disconnected Focuser
2025-08-16T13:52:15.2121|ERROR|AscomDevice.cs|Connect|246
ASCOM.DriverAccessCOMException (0x00000000): No EAF Connection
 ---> System.Runtime.InteropServices.COMException (0x00000000): No EAF Connection
   at ASCOM.Com.DriverAccess.DynamicAccess.CheckDotNetExceptions(String memberName, Exception e)
   at ASCOM.Com.DriverAccess.DynamicAccess.TrySetMember(SetMemberBinder binder, Object value)
   at CallSite.Target(Closure, CallSite, Object, Boolean)
   at ASCOM.Com.DriverAccess.ASCOMDevice.set_Connected(Boolean value)
   at ASCOM.Com.DriverAccess.Focuser.set_Connected(Boolean value)
   at NINA.Equipment.Equipment.AscomDevice`1.set_Connected(Boolean value) in C:\Projects\nina\NINA.Equipment\Equipment\AscomDevice.cs:line 144
   at NINA.Equipment.Equipment.AscomDevice`1.<Connect>b__43_0() in C:\Projects\nina\NINA.Equipment\Equipment\AscomDevice.cs:line 239
2025-08-16T13:52:16.1715|INFO|FocuserVM.cs|Disconnect|426|Disconnected Focuser
2025-08-16T13:52:16.2101|ERROR|AscomDevice.cs|Connect|246
ASCOM.DriverAccessCOMException (0x00000000): No EAF Connection
 ---> System.Runtime.InteropServices.COMException (0x00000000): No EAF Connection
   at ASCOM.Com.DriverAccess.DynamicAccess.CheckDotNetExceptions(String memberName, Exception e)
   at ASCOM.Com.DriverAccess.DynamicAccess.TrySetMember(SetMemberBinder binder, Object value)
   at CallSite.Target(Closure, CallSite, Object, Boolean)
   at ASCOM.Com.DriverAccess.ASCOMDevice.set_Connected(Boolean value)
   at ASCOM.Com.DriverAccess.Focuser.set_Connected(Boolean value)
   at NINA.Equipment.Equipment.AscomDevice`1.set_Connected(Boolean value) in C:\Projects\nina\NINA.Equipment\Equipment\AscomDevice.cs:line 144
   at NINA.Equipment.Equipment.AscomDevice`1.<Connect>b__43_0() in C:\Projects\nina\NINA.Equipment\Equipment\AscomDevice.cs:line 239
2025-08-16T13:52:16.7232|INFO|FocuserVM.cs|Disconnect|426|Disconnected Focuser
2025-08-16T13:52:16.7313|ERROR|AscomDevice.cs|Connect|246
ASCOM.DriverAccessCOMException (0x00000000): No EAF Connection
 ---> System.Runtime.InteropServices.COMException (0x00000000): No EAF Connection
   at ASCOM.Com.DriverAccess.DynamicAccess.CheckDotNetExceptions(String memberName, Exception e)
   at ASCOM.Com.DriverAccess.DynamicAccess.TrySetMember(SetMemberBinder binder, Object value)
   at CallSite.Target(Closure, CallSite, Object, Boolean)
   at ASCOM.Com.DriverAccess.ASCOMDevice.set_Connected(Boolean value)
   at ASCOM.Com.DriverAccess.Focuser.set_Connected(Boolean value)
   at NINA.Equipment.Equipment.AscomDevice`1.set_Connected(Boolean value) in C:\Projects\nina\NINA.Equipment\Equipment\AscomDevice.cs:line 144
   at NINA.Equipment.Equipment.AscomDevice`1.<Connect>b__43_0() in C:\Projects\nina\NINA.Equipment\Equipment\AscomDevice.cs:line 239
2025-08-16T13:52:16.9761|INFO|FocuserVM.cs|Disconnect|426|Disconnected Focuser
2025-08-16T13:52:16.9824|ERROR|AscomDevice.cs|Connect|246
ASCOM.DriverAccessCOMException (0x00000000): No EAF Connection
 ---> System.Runtime.InteropServices.COMException (0x00000000): No EAF Connection
   at ASCOM.Com.DriverAccess.DynamicAccess.CheckDotNetExceptions(String memberName, Exception e)
   at ASCOM.Com.DriverAccess.DynamicAccess.TrySetMember(SetMemberBinder binder, Object value)
   at CallSite.Target(Closure, CallSite, Object, Boolean)
   at ASCOM.Com.DriverAccess.ASCOMDevice.set_Connected(Boolean value)
   at ASCOM.Com.DriverAccess.Focuser.set_Connected(Boolean value)
   at NINA.Equipment.Equipment.AscomDevice`1.set_Connected(Boolean value) in C:\Projects\nina\NINA.Equipment\Equipment\AscomDevice.cs:line 144
   at NINA.Equipment.Equipment.AscomDevice`1.<Connect>b__43_0() in C:\Projects\nina\NINA.Equipment\Equipment\AscomDevice.cs:line 239
2025-08-16T13:52:17.1545|INFO|FocuserVM.cs|Disconnect|426|Disconnected Focuser
2025-08-16T13:52:17.1598|ERROR|AscomDevice.cs|Connect|246
ASCOM.DriverAccessCOMException (0x00000000): No EAF Connection
 ---> System.Runtime.InteropServices.COMException (0x00000000): No EAF Connection
   at ASCOM.Com.DriverAccess.DynamicAccess.CheckDotNetExceptions(String memberName, Exception e)
   at ASCOM.Com.DriverAccess.DynamicAccess.TrySetMember(SetMemberBinder binder, Object value)
   at CallSite.Target(Closure, CallSite, Object, Boolean)
   at ASCOM.Com.DriverAccess.ASCOMDevice.set_Connected(Boolean value)
   at ASCOM.Com.DriverAccess.Focuser.set_Connected(Boolean value)
   at NINA.Equipment.Equipment.AscomDevice`1.set_Connected(Boolean value) in C:\Projects\nina\NINA.Equipment\Equipment\AscomDevice.cs:line 144
   at NINA.Equipment.Equipment.AscomDevice`1.<Connect>b__43_0() in C:\Projects\nina\NINA.Equipment\Equipment\AscomDevice.cs:line 239
2025-08-16T13:52:17.3208|INFO|FocuserVM.cs|Disconnect|426|Disconnected Focuser
2025-08-16T13:52:17.3266|ERROR|AscomDevice.cs|Connect|246
ASCOM.DriverAccessCOMException (0x00000000): No EAF Connection
 ---> System.Runtime.InteropServices.COMException (0x00000000): No EAF Connection
   at ASCOM.Com.DriverAccess.DynamicAccess.CheckDotNetExceptions(String memberName, Exception e)
   at ASCOM.Com.DriverAccess.DynamicAccess.TrySetMember(SetMemberBinder binder, Object value)
   at CallSite.Target(Closure, CallSite, Object, Boolean)
   at ASCOM.Com.DriverAccess.ASCOMDevice.set_Connected(Boolean value)
   at ASCOM.Com.DriverAccess.Focuser.set_Connected(Boolean value)
   at NINA.Equipment.Equipment.AscomDevice`1.set_Connected(Boolean value) in C:\Projects\nina\NINA.Equipment\Equipment\AscomDevice.cs:line 144
   at NINA.Equipment.Equipment.AscomDevice`1.<Connect>b__43_0() in C:\Projects\nina\NINA.Equipment\Equipment\AscomDevice.cs:line 239
2025-08-16T13:52:17.4929|INFO|FocuserVM.cs|Disconnect|426|Disconnected Focuser
2025-08-16T13:52:17.4981|ERROR|AscomDevice.cs|Connect|246
ASCOM.DriverAccessCOMException (0x00000000): No EAF Connection
 ---> System.Runtime.InteropServices.COMException (0x00000000): No EAF Connection
   at ASCOM.Com.DriverAccess.DynamicAccess.CheckDotNetExceptions(String memberName, Exception e)
   at ASCOM.Com.DriverAccess.DynamicAccess.TrySetMember(SetMemberBinder binder, Object value)
   at CallSite.Target(Closure, CallSite, Object, Boolean)
   at ASCOM.Com.DriverAccess.ASCOMDevice.set_Connected(Boolean value)
   at ASCOM.Com.DriverAccess.Focuser.set_Connected(Boolean value)
   at NINA.Equipment.Equipment.AscomDevice`1.set_Connected(Boolean value) in C:\Projects\nina\NINA.Equipment\Equipment\AscomDevice.cs:line 144
   at NINA.Equipment.Equipment.AscomDevice`1.<Connect>b__43_0() in C:\Projects\nina\NINA.Equipment\Equipment\AscomDevice.cs:line 239
2025-08-16T13:52:20.2058|INFO|FocuserChooserVM.cs|GetEquipment|67|Found 0 Alpaca Focusers
2025-08-16T13:52:20.8765|INFO|FocuserVM.cs|Disconnect|426|Disconnected Focuser
2025-08-16T13:52:20.9842|ERROR|AscomDevice.cs|Connect|246
ASCOM.DriverAccessCOMException (0x00000000): No EAF Connection
 ---> System.Runtime.InteropServices.COMException (0x00000000): No EAF Connection
   at ASCOM.Com.DriverAccess.DynamicAccess.CheckDotNetExceptions(String memberName, Exception e)
   at ASCOM.Com.DriverAccess.DynamicAccess.TrySetMember(SetMemberBinder binder, Object value)
   at CallSite.Target(Closure, CallSite, Object, Boolean)
   at ASCOM.Com.DriverAccess.ASCOMDevice.set_Connected(Boolean value)
   at ASCOM.Com.DriverAccess.Focuser.set_Connected(Boolean value)
   at NINA.Equipment.Equipment.AscomDevice`1.set_Connected(Boolean value) in C:\Projects\nina\NINA.Equipment\Equipment\AscomDevice.cs:line 144
   at NINA.Equipment.Equipment.AscomDevice`1.<Connect>b__43_0() in C:\Projects\nina\NINA.Equipment\Equipment\AscomDevice.cs:line 239
2025-08-16T13:52:22.2563|INFO|FocuserVM.cs|Disconnect|426|Disconnected Focuser
2025-08-16T13:52:22.3646|ERROR|AscomDevice.cs|Connect|246
ASCOM.DriverAccessCOMException (0x00000000): No EAF Connection
 ---> System.Runtime.InteropServices.COMException (0x00000000): No EAF Connection
   at ASCOM.Com.DriverAccess.DynamicAccess.CheckDotNetExceptions(String memberName, Exception e)
   at ASCOM.Com.DriverAccess.DynamicAccess.TrySetMember(SetMemberBinder binder, Object value)
   at CallSite.Target(Closure, CallSite, Object, Boolean)
   at ASCOM.Com.DriverAccess.ASCOMDevice.set_Connected(Boolean value)
   at ASCOM.Com.DriverAccess.Focuser.set_Connected(Boolean value)
   at NINA.Equipment.Equipment.AscomDevice`1.set_Connected(Boolean value) in C:\Projects\nina\NINA.Equipment\Equipment\AscomDevice.cs:line 144
   at NINA.Equipment.Equipment.AscomDevice`1.<Connect>b__43_0() in C:\Projects\nina\NINA.Equipment\Equipment\AscomDevice.cs:line 239
2025-08-16T13:52:22.5308|INFO|FocuserVM.cs|Disconnect|426|Disconnected Focuser
2025-08-16T13:52:22.5370|ERROR|AscomDevice.cs|Connect|246
ASCOM.DriverAccessCOMException (0x00000000): No EAF Connection
 ---> System.Runtime.InteropServices.COMException (0x00000000): No EAF Connection
   at ASCOM.Com.DriverAccess.DynamicAccess.CheckDotNetExceptions(String memberName, Exception e)
   at ASCOM.Com.DriverAccess.DynamicAccess.TrySetMember(SetMemberBinder binder, Object value)
   at CallSite.Target(Closure, CallSite, Object, Boolean)
   at ASCOM.Com.DriverAccess.ASCOMDevice.set_Connected(Boolean value)
   at ASCOM.Com.DriverAccess.Focuser.set_Connected(Boolean value)
   at NINA.Equipment.Equipment.AscomDevice`1.set_Connected(Boolean value) in C:\Projects\nina\NINA.Equipment\Equipment\AscomDevice.cs:line 144
   at NINA.Equipment.Equipment.AscomDevice`1.<Connect>b__43_0() in C:\Projects\nina\NINA.Equipment\Equipment\AscomDevice.cs:line 239
2025-08-16T13:52:22.7188|INFO|FocuserVM.cs|Disconnect|426|Disconnected Focuser
2025-08-16T13:52:22.7247|ERROR|AscomDevice.cs|Connect|246
ASCOM.DriverAccessCOMException (0x00000000): No EAF Connection
 ---> System.Runtime.InteropServices.COMException (0x00000000): No EAF Connection
   at ASCOM.Com.DriverAccess.DynamicAccess.CheckDotNetExceptions(String memberName, Exception e)
   at ASCOM.Com.DriverAccess.DynamicAccess.TrySetMember(SetMemberBinder binder, Object value)
   at CallSite.Target(Closure, CallSite, Object, Boolean)
   at ASCOM.Com.DriverAccess.ASCOMDevice.set_Connected(Boolean value)
   at ASCOM.Com.DriverAccess.Focuser.set_Connected(Boolean value)
   at NINA.Equipment.Equipment.AscomDevice`1.set_Connected(Boolean value) in C:\Projects\nina\NINA.Equipment\Equipment\AscomDevice.cs:line 144
   at NINA.Equipment.Equipment.AscomDevice`1.<Connect>b__43_0() in C:\Projects\nina\NINA.Equipment\Equipment\AscomDevice.cs:line 239
2025-08-16T13:52:22.8890|INFO|FocuserVM.cs|Disconnect|426|Disconnected Focuser
2025-08-16T13:52:22.8951|ERROR|AscomDevice.cs|Connect|246
ASCOM.DriverAccessCOMException (0x00000000): No EAF Connection
 ---> System.Runtime.InteropServices.COMException (0x00000000): No EAF Connection
   at ASCOM.Com.DriverAccess.DynamicAccess.CheckDotNetExceptions(String memberName, Exception e)
   at ASCOM.Com.DriverAccess.DynamicAccess.TrySetMember(SetMemberBinder binder, Object value)
   at CallSite.Target(Closure, CallSite, Object, Boolean)
   at ASCOM.Com.DriverAccess.ASCOMDevice.set_Connected(Boolean value)
   at ASCOM.Com.DriverAccess.Focuser.set_Connected(Boolean value)
   at NINA.Equipment.Equipment.AscomDevice`1.set_Connected(Boolean value) in C:\Projects\nina\NINA.Equipment\Equipment\AscomDevice.cs:line 144
   at NINA.Equipment.Equipment.AscomDevice`1.<Connect>b__43_0() in C:\Projects\nina\NINA.Equipment\Equipment\AscomDevice.cs:line 239
2025-08-16T13:52:23.0463|INFO|FocuserVM.cs|Disconnect|426|Disconnected Focuser
2025-08-16T13:52:23.0523|ERROR|AscomDevice.cs|Connect|246
ASCOM.DriverAccessCOMException (0x00000000): No EAF Connection
 ---> System.Runtime.InteropServices.COMException (0x00000000): No EAF Connection
   at ASCOM.Com.DriverAccess.DynamicAccess.CheckDotNetExceptions(String memberName, Exception e)
   at ASCOM.Com.DriverAccess.DynamicAccess.TrySetMember(SetMemberBinder binder, Object value)
   at CallSite.Target(Closure, CallSite, Object, Boolean)
   at ASCOM.Com.DriverAccess.ASCOMDevice.set_Connected(Boolean value)
   at ASCOM.Com.DriverAccess.Focuser.set_Connected(Boolean value)
   at NINA.Equipment.Equipment.AscomDevice`1.set_Connected(Boolean value) in C:\Projects\nina\NINA.Equipment\Equipment\AscomDevice.cs:line 144
   at NINA.Equipment.Equipment.AscomDevice`1.<Connect>b__43_0() in C:\Projects\nina\NINA.Equipment\Equipment\AscomDevice.cs:line 239
2025-08-16T13:52:23.2165|INFO|FocuserVM.cs|Disconnect|426|Disconnected Focuser
2025-08-16T13:52:23.2217|ERROR|AscomDevice.cs|Connect|246
ASCOM.DriverAccessCOMException (0x00000000): No EAF Connection
 ---> System.Runtime.InteropServices.COMException (0x00000000): No EAF Connection
   at ASCOM.Com.DriverAccess.DynamicAccess.CheckDotNetExceptions(String memberName, Exception e)
   at ASCOM.Com.DriverAccess.DynamicAccess.TrySetMember(SetMemberBinder binder, Object value)
   at CallSite.Target(Closure, CallSite, Object, Boolean)
   at ASCOM.Com.DriverAccess.ASCOMDevice.set_Connected(Boolean value)
   at ASCOM.Com.DriverAccess.Focuser.set_Connected(Boolean value)
   at NINA.Equipment.Equipment.AscomDevice`1.set_Connected(Boolean value) in C:\Projects\nina\NINA.Equipment\Equipment\AscomDevice.cs:line 144
   at NINA.Equipment.Equipment.AscomDevice`1.<Connect>b__43_0() in C:\Projects\nina\NINA.Equipment\Equipment\AscomDevice.cs:line 239
2025-08-16T13:52:23.3894|INFO|FocuserVM.cs|Disconnect|426|Disconnected Focuser
2025-08-16T13:52:23.3954|ERROR|AscomDevice.cs|Connect|246
ASCOM.DriverAccessCOMException (0x00000000): No EAF Connection
 ---> System.Runtime.InteropServices.COMException (0x00000000): No EAF Connection
   at ASCOM.Com.DriverAccess.DynamicAccess.CheckDotNetExceptions(String memberName, Exception e)
   at ASCOM.Com.DriverAccess.DynamicAccess.TrySetMember(SetMemberBinder binder, Object value)
   at CallSite.Target(Closure, CallSite, Object, Boolean)
   at ASCOM.Com.DriverAccess.ASCOMDevice.set_Connected(Boolean value)
   at ASCOM.Com.DriverAccess.Focuser.set_Connected(Boolean value)
   at NINA.Equipment.Equipment.AscomDevice`1.set_Connected(Boolean value) in C:\Projects\nina\NINA.Equipment\Equipment\AscomDevice.cs:line 144
   at NINA.Equipment.Equipment.AscomDevice`1.<Connect>b__43_0() in C:\Projects\nina\NINA.Equipment\Equipment\AscomDevice.cs:line 239
2025-08-16T13:52:23.5371|INFO|FocuserVM.cs|Disconnect|426|Disconnected Focuser
2025-08-16T13:52:23.5428|ERROR|AscomDevice.cs|Connect|246
ASCOM.DriverAccessCOMException (0x00000000): No EAF Connection
 ---> System.Runtime.InteropServices.COMException (0x00000000): No EAF Connection
   at ASCOM.Com.DriverAccess.DynamicAccess.CheckDotNetExceptions(String memberName, Exception e)
   at ASCOM.Com.DriverAccess.DynamicAccess.TrySetMember(SetMemberBinder binder, Object value)
   at CallSite.Target(Closure, CallSite, Object, Boolean)
   at ASCOM.Com.DriverAccess.ASCOMDevice.set_Connected(Boolean value)
   at ASCOM.Com.DriverAccess.Focuser.set_Connected(Boolean value)
   at NINA.Equipment.Equipment.AscomDevice`1.set_Connected(Boolean value) in C:\Projects\nina\NINA.Equipment\Equipment\AscomDevice.cs:line 144
   at NINA.Equipment.Equipment.AscomDevice`1.<Connect>b__43_0() in C:\Projects\nina\NINA.Equipment\Equipment\AscomDevice.cs:line 239
2025-08-16T13:52:23.7083|INFO|FocuserVM.cs|Disconnect|426|Disconnected Focuser
2025-08-16T13:52:23.7142|ERROR|AscomDevice.cs|Connect|246
ASCOM.DriverAccessCOMException (0x00000000): No EAF Connection
 ---> System.Runtime.InteropServices.COMException (0x00000000): No EAF Connection
   at ASCOM.Com.DriverAccess.DynamicAccess.CheckDotNetExceptions(String memberName, Exception e)
   at ASCOM.Com.DriverAccess.DynamicAccess.TrySetMember(SetMemberBinder binder, Object value)
   at CallSite.Target(Closure, CallSite, Object, Boolean)
   at ASCOM.Com.DriverAccess.ASCOMDevice.set_Connected(Boolean value)
   at ASCOM.Com.DriverAccess.Focuser.set_Connected(Boolean value)
   at NINA.Equipment.Equipment.AscomDevice`1.set_Connected(Boolean value) in C:\Projects\nina\NINA.Equipment\Equipment\AscomDevice.cs:line 144
   at NINA.Equipment.Equipment.AscomDevice`1.<Connect>b__43_0() in C:\Projects\nina\NINA.Equipment\Equipment\AscomDevice.cs:line 239
2025-08-16T13:52:23.8700|INFO|FocuserVM.cs|Disconnect|426|Disconnected Focuser
2025-08-16T13:52:23.8846|ERROR|AscomDevice.cs|Connect|246
ASCOM.DriverAccessCOMException (0x00000000): No EAF Connection
 ---> System.Runtime.InteropServices.COMException (0x00000000): No EAF Connection
   at ASCOM.Com.DriverAccess.DynamicAccess.CheckDotNetExceptions(String memberName, Exception e)
   at ASCOM.Com.DriverAccess.DynamicAccess.TrySetMember(SetMemberBinder binder, Object value)
   at CallSite.Target(Closure, CallSite, Object, Boolean)
   at ASCOM.Com.DriverAccess.ASCOMDevice.set_Connected(Boolean value)
   at ASCOM.Com.DriverAccess.Focuser.set_Connected(Boolean value)
   at NINA.Equipment.Equipment.AscomDevice`1.set_Connected(Boolean value) in C:\Projects\nina\NINA.Equipment\Equipment\AscomDevice.cs:line 144
   at NINA.Equipment.Equipment.AscomDevice`1.<Connect>b__43_0() in C:\Projects\nina\NINA.Equipment\Equipment\AscomDevice.cs:line 239
2025-08-16T13:52:24.0458|INFO|FocuserVM.cs|Disconnect|426|Disconnected Focuser
2025-08-16T13:52:24.0521|ERROR|AscomDevice.cs|Connect|246
ASCOM.DriverAccessCOMException (0x00000000): No EAF Connection
 ---> System.Runtime.InteropServices.COMException (0x00000000): No EAF Connection
   at ASCOM.Com.DriverAccess.DynamicAccess.CheckDotNetExceptions(String memberName, Exception e)
   at ASCOM.Com.DriverAccess.DynamicAccess.TrySetMember(SetMemberBinder binder, Object value)
   at CallSite.Target(Closure, CallSite, Object, Boolean)
   at ASCOM.Com.DriverAccess.ASCOMDevice.set_Connected(Boolean value)
   at ASCOM.Com.DriverAccess.Focuser.set_Connected(Boolean value)
   at NINA.Equipment.Equipment.AscomDevice`1.set_Connected(Boolean value) in C:\Projects\nina\NINA.Equipment\Equipment\AscomDevice.cs:line 144
   at NINA.Equipment.Equipment.AscomDevice`1.<Connect>b__43_0() in C:\Projects\nina\NINA.Equipment\Equipment\AscomDevice.cs:line 239
2025-08-16T13:52:27.0444|INFO|CameraVM.cs|Disconnect|645|Disconnected Camera
2025-08-16T13:52:27.6155|WARNING|ASICamera.cs|SetControlValue|583|Failed to set ASI Control Value ASI_WB_B with value 50
2025-08-16T13:52:27.6158|WARNING|ASICamera.cs|SetControlValue|583|Failed to set ASI Control Value ASI_WB_R with value 50
2025-08-16T13:52:27.6159|WARNING|ASICamera.cs|SetControlValue|583|Failed to set ASI Control Value ASI_GAMMA with value 50
2025-08-16T13:52:27.6160|WARNING|ASICamera.cs|SetControlValue|583|Failed to set ASI Control Value ASI_HIGH_SPEED_MODE with value 0
2025-08-16T13:52:27.6161|WARNING|ASICamera.cs|SetControlValue|583|Failed to set ASI Control Value ASI_OVERCLOCK with value 0
2025-08-16T13:52:27.6162|WARNING|ASICamera.cs|SetControlValue|583|Failed to set ASI Control Value ASI_PATTERN_ADJUST with value 0
2025-08-16T13:52:27.6172|WARNING|ASICamera.cs|SetControlValue|583|Failed to set ASI Control Value ASI_MONO_BIN with value 0
2025-08-16T13:52:27.6185|INFO|ASICamera.cs|Initialize|677|Camera ID: ASI533MM
2025-08-16T13:52:27.6327|WARNING|ASICamera.cs|SetControlValue|583|Failed to set ASI Control Value ASI_ANTI_DEW_HEATER with value 0
2025-08-16T13:52:27.7262|INFO|CameraVM.cs|ChooseCamera|448|Successfully connected Camera. Id: ZWO ASI533MM Pro #0 Name: ZWO ASI533MM Pro DisplayName: ZWO ASI533MM Pro (ASI533MM)Driver Version: 1, 36, 0, 0
2025-08-16T18:25:00.7244|INFO|FocuserVM.cs|Disconnect|426|Disconnected Focuser
2025-08-16T18:25:00.8352|ERROR|AscomDevice.cs|Connect|246
ASCOM.DriverAccessCOMException (0x00000000): No EAF Connection
 ---> System.Runtime.InteropServices.COMException (0x00000000): No EAF Connection
   at ASCOM.Com.DriverAccess.DynamicAccess.CheckDotNetExceptions(String memberName, Exception e)
   at ASCOM.Com.DriverAccess.DynamicAccess.TrySetMember(SetMemberBinder binder, Object value)
   at CallSite.Target(Closure, CallSite, Object, Boolean)
   at ASCOM.Com.DriverAccess.ASCOMDevice.set_Connected(Boolean value)
   at ASCOM.Com.DriverAccess.Focuser.set_Connected(Boolean value)
   at NINA.Equipment.Equipment.AscomDevice`1.set_Connected(Boolean value) in C:\Projects\nina\NINA.Equipment\Equipment\AscomDevice.cs:line 144
   at NINA.Equipment.Equipment.AscomDevice`1.<Connect>b__43_0() in C:\Projects\nina\NINA.Equipment\Equipment\AscomDevice.cs:line 239
2025-08-16T18:25:04.3494|INFO|FocuserChooserVM.cs|GetEquipment|67|Found 0 Alpaca Focusers
2025-08-16T18:25:05.0218|INFO|FocuserVM.cs|Disconnect|426|Disconnected Focuser
2025-08-16T18:25:05.1273|ERROR|AscomDevice.cs|Connect|246
ASCOM.DriverAccessCOMException (0x00000000): No EAF Connection
 ---> System.Runtime.InteropServices.COMException (0x00000000): No EAF Connection
   at ASCOM.Com.DriverAccess.DynamicAccess.CheckDotNetExceptions(String memberName, Exception e)
   at ASCOM.Com.DriverAccess.DynamicAccess.TrySetMember(SetMemberBinder binder, Object value)
   at CallSite.Target(Closure, CallSite, Object, Boolean)
   at ASCOM.Com.DriverAccess.ASCOMDevice.set_Connected(Boolean value)
   at ASCOM.Com.DriverAccess.Focuser.set_Connected(Boolean value)
   at NINA.Equipment.Equipment.AscomDevice`1.set_Connected(Boolean value) in C:\Projects\nina\NINA.Equipment\Equipment\AscomDevice.cs:line 144
   at NINA.Equipment.Equipment.AscomDevice`1.<Connect>b__43_0() in C:\Projects\nina\NINA.Equipment\Equipment\AscomDevice.cs:line 239
2025-08-16T18:25:05.8223|INFO|FocuserVM.cs|Disconnect|426|Disconnected Focuser
2025-08-16T18:25:05.8277|ERROR|AscomDevice.cs|Connect|246
ASCOM.DriverAccessCOMException (0x00000000): No EAF Connection
 ---> System.Runtime.InteropServices.COMException (0x00000000): No EAF Connection
   at ASCOM.Com.DriverAccess.DynamicAccess.CheckDotNetExceptions(String memberName, Exception e)
   at ASCOM.Com.DriverAccess.DynamicAccess.TrySetMember(SetMemberBinder binder, Object value)
   at CallSite.Target(Closure, CallSite, Object, Boolean)
   at ASCOM.Com.DriverAccess.ASCOMDevice.set_Connected(Boolean value)
   at ASCOM.Com.DriverAccess.Focuser.set_Connected(Boolean value)
   at NINA.Equipment.Equipment.AscomDevice`1.set_Connected(Boolean value) in C:\Projects\nina\NINA.Equipment\Equipment\AscomDevice.cs:line 144
   at NINA.Equipment.Equipment.AscomDevice`1.<Connect>b__43_0() in C:\Projects\nina\NINA.Equipment\Equipment\AscomDevice.cs:line 239
2025-08-16T18:25:51.4418|INFO|CameraVM.cs|Disconnect|645|Disconnected Camera
2025-08-16T18:25:51.9994|WARNING|ASICamera.cs|SetControlValue|583|Failed to set ASI Control Value ASI_WB_B with value 50
2025-08-16T18:25:51.9996|WARNING|ASICamera.cs|SetControlValue|583|Failed to set ASI Control Value ASI_WB_R with value 50
2025-08-16T18:25:51.9996|WARNING|ASICamera.cs|SetControlValue|583|Failed to set ASI Control Value ASI_GAMMA with value 50
2025-08-16T18:25:51.9996|WARNING|ASICamera.cs|SetControlValue|583|Failed to set ASI Control Value ASI_HIGH_SPEED_MODE with value 0
2025-08-16T18:25:51.9997|WARNING|ASICamera.cs|SetControlValue|583|Failed to set ASI Control Value ASI_OVERCLOCK with value 0
2025-08-16T18:25:51.9997|WARNING|ASICamera.cs|SetControlValue|583|Failed to set ASI Control Value ASI_PATTERN_ADJUST with value 0
2025-08-16T18:25:51.9998|WARNING|ASICamera.cs|SetControlValue|583|Failed to set ASI Control Value ASI_MONO_BIN with value 0
2025-08-16T18:25:52.0009|INFO|ASICamera.cs|Initialize|677|Camera ID: ASI533MM
2025-08-16T18:25:52.0057|WARNING|ASICamera.cs|SetControlValue|583|Failed to set ASI Control Value ASI_ANTI_DEW_HEATER with value 0
2025-08-16T18:25:52.0425|INFO|CameraVM.cs|ChooseCamera|448|Successfully connected Camera. Id: ZWO ASI533MM Pro #0 Name: ZWO ASI533MM Pro DisplayName: ZWO ASI533MM Pro (ASI533MM)Driver Version: 1, 36, 0, 0
2025-08-16T18:25:52.0500|INFO|FilterWheelVM.cs|Disconnect|324|Disconnected Filter Wheel
2025-08-16T18:25:54.7155|INFO|FilterWheelVM.cs|ChooseFW|272|Successfully connected Filter Wheel. Id: ASCOM.EFW2.FilterWheel Name: ZWO FilterWheel (1) DisplayName: ZWO FilterWheel (1) Driver Version: 6.0
2025-08-16T18:25:54.7432|INFO|TelescopeVM.cs|Disconnect|763|Disconnected mount
2025-08-16T18:25:55.5772|INFO|AscomTelescope.cs|CheckMountTime|817|Mount UTC Time: 2025-08-16 23:25:54Z / System UTC Time: 2025-08-16 23:25:55Z; Difference: 0.868 seconds
2025-08-16T18:25:55.6842|INFO|AscomTelescope.cs|CheckMountTime|824|System time has been synced to the mount
2025-08-16T18:25:55.9519|INFO|TelescopeVM.cs|ChooseTelescope|518|Successfully connected mount. Id: ASCOM.iOptron2017.Telescope Name: iOptron CEM120,70,40,26, GEM, HEM, HAE, HAZ series and SkyHunter Mount DisplayName: iOptron CEM120,70,40,26, GEM, HEM, HAE, HAZ series and SkyHunter Mount Driver Version: 9.15
2025-08-16T18:25:55.9523|INFO|FocuserVM.cs|Disconnect|426|Disconnected Focuser
2025-08-16T18:25:56.0232|ERROR|AscomDevice.cs|Connect|246
ASCOM.DriverAccessCOMException (0x00000000): No EAF Connection
 ---> System.Runtime.InteropServices.COMException (0x00000000): No EAF Connection
   at ASCOM.Com.DriverAccess.DynamicAccess.CheckDotNetExceptions(String memberName, Exception e)
   at ASCOM.Com.DriverAccess.DynamicAccess.TrySetMember(SetMemberBinder binder, Object value)
   at CallSite.Target(Closure, CallSite, Object, Boolean)
   at ASCOM.Com.DriverAccess.ASCOMDevice.set_Connected(Boolean value)
   at ASCOM.Com.DriverAccess.Focuser.set_Connected(Boolean value)
   at NINA.Equipment.Equipment.AscomDevice`1.set_Connected(Boolean value) in C:\Projects\nina\NINA.Equipment\Equipment\AscomDevice.cs:line 144
   at NINA.Equipment.Equipment.AscomDevice`1.<Connect>b__43_0() in C:\Projects\nina\NINA.Equipment\Equipment\AscomDevice.cs:line 239
2025-08-16T18:25:56.0306|INFO|RotatorVM.cs|Disconnect|438|Disconnected Rotator
2025-08-16T18:25:56.0403|INFO|PHD2Guider.cs|Connect|202|Connecting to PHD2 server at 127.0.0.1:4400
2025-08-16T18:26:03.4876|INFO|FlatDeviceVM.cs|Disconnect|279|Disconnected Flat Device
2025-08-16T18:26:03.4949|INFO|WeatherDataVM.cs|Disconnect|292|Disconnected Weather Device
2025-08-16T18:26:05.1305|INFO|AscomDevice.cs|GetProperty|379|Property ObservingConditions.SkyQuality GET is not implemented in this driver (SkyAlert Observing Conditions)
2025-08-16T18:26:05.1379|INFO|AscomDevice.cs|GetProperty|379|Property ObservingConditions.StarFWHM GET is not implemented in this driver (SkyAlert Observing Conditions)
2025-08-16T18:26:05.1518|INFO|WeatherDataVM.cs|ChooseWeatherData|143|Successfully connected Weather Device. Id: ASCOM.SkyAlert.ObservingConditions Name: SkyAlert Observing Conditions DisplayName: SkyAlert Observing Conditions Driver Version: 1.7
2025-08-16T18:26:05.1849|INFO|SwitchVM.cs|Disconnect|298|Disconnected Switch
2025-08-16T18:26:05.1924|INFO|DomeVM.cs|Disconnect|336|Disconnected Dome Device
2025-08-16T18:26:05.2136|INFO|SafetyMonitorVM.cs|Disconnect|208|Disconnected Safety Monitor
2025-08-16T18:26:06.5294|INFO|SafetyMonitorVM.cs|Connect|168|Successfully connected Safety Monitor. Id: ASCOM.Hub.SafetyMonitor Name: SafetyMonitor Hub DisplayName: SafetyMonitor Hub Driver Version: 6.4
2025-08-16T18:26:08.5415|INFO|SafetyMonitorVM.cs|UpdateMonitorValues|94|SafetyMonitorInfo state changed to Unsafe
2025-08-16T18:26:15.5254|INFO|FocuserVM.cs|Disconnect|426|Disconnected Focuser
2025-08-16T18:26:15.5996|ERROR|AscomDevice.cs|Connect|246
ASCOM.DriverAccessCOMException (0x00000000): No EAF Connection
 ---> System.Runtime.InteropServices.COMException (0x00000000): No EAF Connection
   at ASCOM.Com.DriverAccess.DynamicAccess.CheckDotNetExceptions(String memberName, Exception e)
   at ASCOM.Com.DriverAccess.DynamicAccess.TrySetMember(SetMemberBinder binder, Object value)
   at CallSite.Target(Closure, CallSite, Object, Boolean)
   at ASCOM.Com.DriverAccess.ASCOMDevice.set_Connected(Boolean value)
   at ASCOM.Com.DriverAccess.Focuser.set_Connected(Boolean value)
   at NINA.Equipment.Equipment.AscomDevice`1.set_Connected(Boolean value) in C:\Projects\nina\NINA.Equipment\Equipment\AscomDevice.cs:line 144
   at NINA.Equipment.Equipment.AscomDevice`1.<Connect>b__43_0() in C:\Projects\nina\NINA.Equipment\Equipment\AscomDevice.cs:line 239
2025-08-16T18:26:16.5134|INFO|FocuserVM.cs|Disconnect|426|Disconnected Focuser
2025-08-16T18:26:16.5193|ERROR|AscomDevice.cs|Connect|246
ASCOM.DriverAccessCOMException (0x00000000): No EAF Connection
 ---> System.Runtime.InteropServices.COMException (0x00000000): No EAF Connection
   at ASCOM.Com.DriverAccess.DynamicAccess.CheckDotNetExceptions(String memberName, Exception e)
   at ASCOM.Com.DriverAccess.DynamicAccess.TrySetMember(SetMemberBinder binder, Object value)
   at CallSite.Target(Closure, CallSite, Object, Boolean)
   at ASCOM.Com.DriverAccess.ASCOMDevice.set_Connected(Boolean value)
   at ASCOM.Com.DriverAccess.Focuser.set_Connected(Boolean value)
   at NINA.Equipment.Equipment.AscomDevice`1.set_Connected(Boolean value) in C:\Projects\nina\NINA.Equipment\Equipment\AscomDevice.cs:line 144
   at NINA.Equipment.Equipment.AscomDevice`1.<Connect>b__43_0() in C:\Projects\nina\NINA.Equipment\Equipment\AscomDevice.cs:line 239
2025-08-16T19:52:20.0307|INFO|SafetyMonitorVM.cs|UpdateMonitorValues|94|SafetyMonitorInfo state changed to Safe
2025-08-16T22:56:33.3402|INFO|FocuserVM.cs|Disconnect|426|Disconnected Focuser
2025-08-16T22:56:33.4152|ERROR|AscomDevice.cs|Connect|246
ASCOM.DriverAccessCOMException (0x00000000): No EAF Connection
 ---> System.Runtime.InteropServices.COMException (0x00000000): No EAF Connection
   at ASCOM.Com.DriverAccess.DynamicAccess.CheckDotNetExceptions(String memberName, Exception e)
   at ASCOM.Com.DriverAccess.DynamicAccess.TrySetMember(SetMemberBinder binder, Object value)
   at CallSite.Target(Closure, CallSite, Object, Boolean)
   at ASCOM.Com.DriverAccess.ASCOMDevice.set_Connected(Boolean value)
   at ASCOM.Com.DriverAccess.Focuser.set_Connected(Boolean value)
   at NINA.Equipment.Equipment.AscomDevice`1.set_Connected(Boolean value) in C:\Projects\nina\NINA.Equipment\Equipment\AscomDevice.cs:line 144
   at NINA.Equipment.Equipment.AscomDevice`1.<Connect>b__43_0() in C:\Projects\nina\NINA.Equipment\Equipment\AscomDevice.cs:line 239
2025-08-16T22:56:37.4820|INFO|FocuserChooserVM.cs|GetEquipment|67|Found 0 Alpaca Focusers
2025-08-16T22:56:38.3885|INFO|FocuserVM.cs|Disconnect|426|Disconnected Focuser
2025-08-16T22:56:38.4595|ERROR|AscomDevice.cs|Connect|246
ASCOM.DriverAccessCOMException (0x00000000): No EAF Connection
 ---> System.Runtime.InteropServices.COMException (0x00000000): No EAF Connection
   at ASCOM.Com.DriverAccess.DynamicAccess.CheckDotNetExceptions(String memberName, Exception e)
   at ASCOM.Com.DriverAccess.DynamicAccess.TrySetMember(SetMemberBinder binder, Object value)
   at CallSite.Target(Closure, CallSite, Object, Boolean)
   at ASCOM.Com.DriverAccess.ASCOMDevice.set_Connected(Boolean value)
   at ASCOM.Com.DriverAccess.Focuser.set_Connected(Boolean value)
   at NINA.Equipment.Equipment.AscomDevice`1.set_Connected(Boolean value) in C:\Projects\nina\NINA.Equipment\Equipment\AscomDevice.cs:line 144
   at NINA.Equipment.Equipment.AscomDevice`1.<Connect>b__43_0() in C:\Projects\nina\NINA.Equipment\Equipment\AscomDevice.cs:line 239
2025-08-16T22:56:52.1699|INFO|FocuserChooserVM.cs|GetEquipment|67|Found 0 Alpaca Focusers
2025-08-17T00:37:00.0310|INFO|SafetyMonitorVM.cs|UpdateMonitorValues|94|SafetyMonitorInfo state changed to Unsafe
2025-08-17T10:43:58.8326|INFO|FocuserVM.cs|Disconnect|426|Disconnected Focuser
2025-08-17T10:43:58.9068|ERROR|AscomDevice.cs|Connect|246
ASCOM.DriverAccessCOMException (0x00000000): No EAF Connection
 ---> System.Runtime.InteropServices.COMException (0x00000000): No EAF Connection
   at ASCOM.Com.DriverAccess.DynamicAccess.CheckDotNetExceptions(String memberName, Exception e)
   at ASCOM.Com.DriverAccess.DynamicAccess.TrySetMember(SetMemberBinder binder, Object value)
   at CallSite.Target(Closure, CallSite, Object, Boolean)
   at ASCOM.Com.DriverAccess.ASCOMDevice.set_Connected(Boolean value)
   at ASCOM.Com.DriverAccess.Focuser.set_Connected(Boolean value)
   at NINA.Equipment.Equipment.AscomDevice`1.set_Connected(Boolean value) in C:\Projects\nina\NINA.Equipment\Equipment\AscomDevice.cs:line 144
   at NINA.Equipment.Equipment.AscomDevice`1.<Connect>b__43_0() in C:\Projects\nina\NINA.Equipment\Equipment\AscomDevice.cs:line 239
2025-08-17T10:44:00.5371|INFO|FocuserVM.cs|Disconnect|426|Disconnected Focuser
2025-08-17T10:44:00.6075|ERROR|AscomDevice.cs|Connect|246
ASCOM.DriverAccessCOMException (0x00000000): No EAF Connection
 ---> System.Runtime.InteropServices.COMException (0x00000000): No EAF Connection
   at ASCOM.Com.DriverAccess.DynamicAccess.CheckDotNetExceptions(String memberName, Exception e)
   at ASCOM.Com.DriverAccess.DynamicAccess.TrySetMember(SetMemberBinder binder, Object value)
   at CallSite.Target(Closure, CallSite, Object, Boolean)
   at ASCOM.Com.DriverAccess.ASCOMDevice.set_Connected(Boolean value)
   at ASCOM.Com.DriverAccess.Focuser.set_Connected(Boolean value)
   at NINA.Equipment.Equipment.AscomDevice`1.set_Connected(Boolean value) in C:\Projects\nina\NINA.Equipment\Equipment\AscomDevice.cs:line 144
   at NINA.Equipment.Equipment.AscomDevice`1.<Connect>b__43_0() in C:\Projects\nina\NINA.Equipment\Equipment\AscomDevice.cs:line 239
2025-08-17T10:44:01.2034|INFO|FocuserVM.cs|Disconnect|426|Disconnected Focuser
2025-08-17T10:44:01.2104|ERROR|AscomDevice.cs|Connect|246
ASCOM.DriverAccessCOMException (0x00000000): No EAF Connection
 ---> System.Runtime.InteropServices.COMException (0x00000000): No EAF Connection
   at ASCOM.Com.DriverAccess.DynamicAccess.CheckDotNetExceptions(String memberName, Exception e)
   at ASCOM.Com.DriverAccess.DynamicAccess.TrySetMember(SetMemberBinder binder, Object value)
   at CallSite.Target(Closure, CallSite, Object, Boolean)
   at ASCOM.Com.DriverAccess.ASCOMDevice.set_Connected(Boolean value)
   at ASCOM.Com.DriverAccess.Focuser.set_Connected(Boolean value)
   at NINA.Equipment.Equipment.AscomDevice`1.set_Connected(Boolean value) in C:\Projects\nina\NINA.Equipment\Equipment\AscomDevice.cs:line 144
   at NINA.Equipment.Equipment.AscomDevice`1.<Connect>b__43_0() in C:\Projects\nina\NINA.Equipment\Equipment\AscomDevice.cs:line 239
2025-08-17T10:44:04.2696|INFO|FocuserChooserVM.cs|GetEquipment|67|Found 0 Alpaca Focusers
2025-08-17T10:44:04.8827|INFO|FocuserVM.cs|Disconnect|426|Disconnected Focuser
2025-08-17T10:44:04.9621|ERROR|AscomDevice.cs|Connect|246
ASCOM.DriverAccessCOMException (0x00000000): No EAF Connection
 ---> System.Runtime.InteropServices.COMException (0x00000000): No EAF Connection
   at ASCOM.Com.DriverAccess.DynamicAccess.CheckDotNetExceptions(String memberName, Exception e)
   at ASCOM.Com.DriverAccess.DynamicAccess.TrySetMember(SetMemberBinder binder, Object value)
   at CallSite.Target(Closure, CallSite, Object, Boolean)
   at ASCOM.Com.DriverAccess.ASCOMDevice.set_Connected(Boolean value)
   at ASCOM.Com.DriverAccess.Focuser.set_Connected(Boolean value)
   at NINA.Equipment.Equipment.AscomDevice`1.set_Connected(Boolean value) in C:\Projects\nina\NINA.Equipment\Equipment\AscomDevice.cs:line 144
   at NINA.Equipment.Equipment.AscomDevice`1.<Connect>b__43_0() in C:\Projects\nina\NINA.Equipment\Equipment\AscomDevice.cs:line 239
2025-08-17T10:44:09.0935|INFO|ApplicationVM.cs|Closing|288|Application shutting down
2025-08-17T10:44:09.1167|INFO|DomeVM.cs|Disconnect|336|Disconnected Dome Device
2025-08-17T10:44:09.1282|INFO|FlatDeviceVM.cs|Disconnect|279|Disconnected Flat Device
2025-08-17T10:44:09.2423|INFO|CameraVM.cs|Disconnect|645|Disconnected Camera
2025-08-17T10:44:09.2464|INFO|AscomDevice.cs|Disconnect|299|Disconnecting from ASCOM.iOptron2017.Telescope iOptron CEM120,70,40,26, GEM, HEM, HAE, HAZ series and SkyHunter Mount
2025-08-17T10:44:09.2894|INFO|TelescopeVM.cs|Disconnect|763|Disconnected mount
2025-08-17T10:44:09.2899|INFO|AscomDevice.cs|Disconnect|299|Disconnecting from ASCOM.EFW2.FilterWheel ZWO FilterWheel (1)
2025-08-17T10:44:09.3059|INFO|FilterWheelVM.cs|Disconnect|324|Disconnected Filter Wheel
2025-08-17T10:44:09.3064|INFO|FocuserVM.cs|Disconnect|426|Disconnected Focuser
2025-08-17T10:44:09.3087|INFO|RotatorVM.cs|Disconnect|438|Disconnected Rotator
2025-08-17T10:44:09.3105|INFO|SwitchVM.cs|Disconnect|298|Disconnected Switch
2025-08-17T10:44:09.3119|INFO|AscomDevice.cs|Disconnect|299|Disconnecting from ASCOM.SkyAlert.ObservingConditions SkyAlert Observing Conditions
2025-08-17T10:44:09.3231|INFO|WeatherDataVM.cs|Disconnect|292|Disconnected Weather Device
2025-08-17T10:44:09.3244|INFO|AscomDevice.cs|Disconnect|299|Disconnecting from ASCOM.Hub.SafetyMonitor SafetyMonitor Hub
2025-08-17T10:44:09.3394|INFO|SafetyMonitorVM.cs|Disconnect|208|Disconnected Safety Monitor
