----------------------------------------------------------------------
--------------N.I.N.A. - Nighttime Imaging 'N' Astronomy--------------
--------------------------Version 3.1.2.9001--------------------------
-------------------------2025-09-19T12:56:37--------------------------
----------------------------------------------------------------------
---------------------Microsoft Windows 10.0.19045---------------------
-------------------------OS Architecture X64--------------------------
-----------------------Process Architecture X64-----------------------
------------------------------.NET 8.0.8------------------------------
----------------------------------------------------------------------
--------------------------Processor Count 4---------------------------
--------------------Total Physical Memory 7.84 GB---------------------
----------------------------------------------------------------------
DATE|LEVEL|SOURCE|MEMBER|LINE|MESSAGE
2025-09-19T12:56:37.5650|INFO|CameraChooserVM.cs|GetEquipment|69|Found 2 ASI Cameras
2025-09-19T12:56:38.2587|INFO|CameraChooserVM.cs|GetEquipment|84|Found 0 Altair Cameras
2025-09-19T12:56:39.1015|INFO|CameraChooserVM.cs|GetEquipment|96|Found 0 Atik Cameras
2025-09-19T12:56:39.2143|INFO|CameraChooserVM.cs|GetEquipment|110|Found 0 FLI Cameras
2025-09-19T12:56:40.5091|INFO|CameraChooserVM.cs|GetEquipment|130|Found 0 QHYCCD Cameras
2025-09-19T12:56:41.0619|INFO|CameraChooserVM.cs|GetEquipment|158|Found 0 ToupTek Cameras
2025-09-19T12:56:41.2166|INFO|CameraChooserVM.cs|GetEquipment|173|Found 0 Ogma Cameras
2025-09-19T12:56:41.4111|INFO|CameraChooserVM.cs|GetEquipment|188|Found 0 Omegon Cameras
2025-09-19T12:56:42.0233|INFO|CameraChooserVM.cs|GetEquipment|203|Found 0 RisingCam Cameras
2025-09-19T12:56:42.1705|INFO|CameraChooserVM.cs|GetEquipment|218|Found 0 MallinCam Cameras
2025-09-19T12:56:42.1740|INFO|CameraChooserVM.cs|GetEquipment|244|Found 0 SBIG Cameras
2025-09-19T12:56:43.6978|INFO|PluginLoader.cs|LoadPlugin|416|Successfully loaded plugin Autofocus Report Analysis version 2.0.0.9 by Stefan Berg @isbeorn
2025-09-19T12:56:44.1387|INFO|PluginLoader.cs|LoadPlugin|416|Successfully loaded plugin Connector version 2.0.3.0 by Stefan Berg
2025-09-19T12:56:44.3845|INFO|PluginLoader.cs|LoadPlugin|416|Successfully loaded plugin Device Actions and Commands version 2.2.0.0 by Dale Ghent
2025-09-19T12:56:45.1537|INFO|PluginLoader.cs|LoadPlugin|416|Successfully loaded plugin Discord Alert version 2.2.0.0 by Drew McDermott
2025-09-19T12:56:46.0411|INFO|PluginLoader.cs|LoadPlugin|416|Successfully loaded plugin Discord Notification version 1.0.0.1 by Daniel Ludwig
2025-09-19T12:56:46.2182|INFO|PluginLoader.cs|LoadPlugin|416|Successfully loaded plugin Filter Offset Calculator version 2.0.0.0 by S. Dimant & Stefan Berg
2025-09-19T12:56:46.4436|INFO|PluginLoader.cs|LoadPlugin|416|Successfully loaded plugin Flexure Correction version 0.8.0.0 by Francesco Meschia
2025-09-19T12:56:47.7617|INFO|ApplicationVM.cs|CheckASCOMPlatformVersion|81|ASCOM Platform 6.6.2.4195 installed
2025-09-19T12:56:48.0060|INFO|ApplicationVM.cs|CheckDiskInfo|100|Available Space on Drive C:\: 161.08 GB
2025-09-19T12:56:48.0126|INFO|ApplicationVM.cs|CheckDiskInfo|102|Drive E:\ is not ready
2025-09-19T12:56:48.0142|INFO|ApplicationVM.cs|CheckDiskInfo|100|Available Space on Drive G:\: 59.39 GB
2025-09-19T12:56:48.0233|INFO|ApplicationVM.cs|CheckDiskInfo|100|Available Space on Drive Z:\: 31.77 GB
2025-09-19T12:56:48.7330|INFO|PluginLoader.cs|LoadPlugin|416|Successfully loaded plugin Ground Station version 2.4.1.0 by Dale Ghent
2025-09-19T12:56:59.2330|INFO|PluginLoader.cs|LoadPlugin|416|Successfully loaded plugin Hocus Focus version 3.0.0.21 by George Hilios (jokogeo)
2025-09-19T12:57:00.1394|INFO|PluginLoader.cs|LoadPlugin|416|Successfully loaded plugin Horizon Creator version 1.1.2.0 by Christian Palm
2025-09-19T12:57:00.3751|INFO|PluginLoader.cs|LoadPlugin|416|Successfully loaded plugin Moon Angle version 2.2.0.0 by Dale Ghent
2025-09-19T12:57:00.8215|INFO|PluginLoader.cs|LoadPlugin|416|Successfully loaded plugin PixInsight Tools version 1.0.0.3 by Stefan Berg
2025-09-19T12:57:02.8296|WARNING|When.cs|GetRunningItem|143|Can't get running items: SequencerNavigation not initialized yet!
2025-09-19T12:57:03.3784|INFO|PluginLoader.cs|LoadPlugin|416|Successfully loaded plugin Sequencer Powerups version 3.28.4.4 by Marc Blank
2025-09-19T12:57:03.5324|INFO|PluginLoader.cs|LoadPlugin|416|Successfully loaded plugin Shutdown PC version 2.2.0.0 by Dale Ghent
2025-09-19T12:57:04.0138|INFO|PluginLoader.cs|LoadPlugin|416|Successfully loaded plugin Smart Filters version 1.0.0.3 by Benoit SAINTOT
2025-09-19T12:57:04.5614|INFO|PluginLoader.cs|LoadPlugin|416|Successfully loaded plugin Target Planning version 3.2.1.0 by Tom Palmer @tcpalmer
2025-09-19T12:57:06.4504|ERROR|DllLoader.cs|LoadDllFromAbsolutePath|53|DllLoader failed to load library C:\Program Files\N.I.N.A. - Nighttime Imaging 'N' Astronomy\External\x64\SQLite\SQLite.Interop.dll due to error code 126
2025-09-19T12:57:07.3744|INFO|PluginLoader.cs|LoadPlugin|416|Successfully loaded plugin Target Scheduler version 5.7.3.0 by Tom Palmer @tcpalmer
2025-09-19T12:57:07.7600|INFO|PluginLoader.cs|LoadPlugin|416|Successfully loaded plugin Three Point Polar Alignment version 2.2.4.1 by Stefan Berg @isbeorn
2025-09-19T12:57:07.7747|INFO|PluginFetcher.cs|RequestAll|43|Fetching plugin manifests from https://nighttime-imaging.eu/wp-json/nina/v1/plugins/manifests
2025-09-19T12:57:07.9300|WARNING|When.cs|GetRunningItem|143|Can't get running items: SequencerNavigation not initialized yet!
2025-09-19T12:57:08.0415|INFO|CameraChooserVM.cs|GetEquipment|264|Found 0 SVBony Cameras
2025-09-19T12:57:08.2815|INFO|CameraChooserVM.cs|GetEquipment|264|Found 0 PlayerOne Cameras
2025-09-19T12:57:08.4404|INFO|CameraChooserVM.cs|GetEquipment|264|Found 0 ASTPAN Cameras
2025-09-19T12:57:08.4426|INFO|CameraChooserVM.cs|GetEquipment|278|Found 4 ASCOM Cameras
2025-09-19T12:57:08.9002|INFO|Sequence2VM.cs|TryLoadSequenceFile|356|Loading sequence file: C:\Users\nicka\Astro\NINA\NINA_Sequences\TargetScheduler.json
2025-09-19T12:57:09.2765|INFO|PluginFetcher.cs|RequestAll|57|Found 58 valid plugins at https://nighttime-imaging.eu/wp-json/nina/v1/plugins/manifests
2025-09-19T12:57:09.2883|INFO|Sequence2VM.cs|TryLoadSequenceFile|362|Starting sequence from command line options
2025-09-19T12:57:09.2914|INFO|Sequence2VM.cs|StartSequence|485|Advanced Sequence starting
2025-09-19T12:57:09.3543|INFO|SequenceItem.cs|Run|208|Starting Category: * Instruction Set *, Container: NINA.Sequencer.Container.SequenceRootContainer, Strategy: SequentialStrategy, Items[CREATED]: 3, Triggers: Category: Ground Station, Item: Failures to Telegram
2025-09-19T12:57:09.3634|INFO|SequenceItem.cs|Run|208|Starting Category: * Instruction Set *, Container: NINA.Sequencer.Container.StartAreaContainer, Strategy: SequentialStrategy, Items[CREATED]: 1
2025-09-19T12:57:09.3640|INFO|SequenceItem.cs|Run|208|Starting Category: * Instruction Set *, Container: NINA.Sequencer.Container.SequentialContainer, Strategy: SequentialStrategy, Items[CREATED]: 8
2025-09-19T12:57:09.3645|INFO|SequenceItem.cs|Run|208|Starting Category: Ground Station, Item: Send to Telegram
2025-09-19T12:57:09.8702|INFO|RotatorChooserVM.cs|GetEquipment|68|Found 0 Alpaca Rotators
2025-09-19T12:57:09.8702|INFO|TelescopeChooserVM.cs|GetEquipment|69|Found 0 Alpaca Telescopes
2025-09-19T12:57:09.8702|INFO|SwitchChooserVM.cs|GetEquipment|71|Found 0 Alpaca Switch Hubs
2025-09-19T12:57:09.8729|INFO|FlatDeviceChooserVM.cs|GetEquipment|67|Found 0 Alpaca Cover Calibrators
2025-09-19T12:57:09.8749|INFO|SafetyMonitorChooserVM.cs|GetEquipment|71|Found 0 Alpaca Safety Monitors
2025-09-19T12:57:09.8777|INFO|FocuserChooserVM.cs|GetEquipment|67|Found 0 Alpaca Focusers
2025-09-19T12:57:09.8853|INFO|WeatherDataChooserVM.cs|GetEquipment|69|Found 0 Alpaca Observing Conditions
2025-09-19T12:57:09.9317|INFO|DomeChooserVM.cs|GetEquipment|67|Found 0 Alpaca Domes
2025-09-19T12:57:09.9388|INFO|FilterWheelChooserVM.cs|GetEquipment|193|Found 0 Alpaca Filter Wheels
2025-09-19T12:57:10.3394|INFO|DockManagerVM.cs|InitializeAvalonDockLayout|356|Initializing imaging tab layout from C:\Users\nicka\AppData\Local\NINA\Profiles\0173997c-4bfa-48fd-9337-a48b6df99c38.dock.config
2025-09-19T12:57:10.3761|INFO|SequenceItem.cs|Run|254|Finishing Category: Ground Station, Item: Send to Telegram
2025-09-19T12:57:10.3801|INFO|SequenceItem.cs|Run|208|Starting Category: Utility, Item: WaitForTime, Time: 19:46:19h, Offset: -45
2025-09-19T12:57:10.4497|INFO|CameraChooserVM.cs|GetEquipment|290|Found 0 Alpaca Cameras
2025-09-19T12:57:10.4547|INFO|CameraChooserVM.cs|GetEquipment|303|Found 0 Canon Cameras
2025-09-19T13:04:16.7523|INFO|CameraVM.cs|Disconnect|645|Disconnected Camera
2025-09-19T13:04:17.3376|WARNING|ASICamera.cs|SetControlValue|583|Failed to set ASI Control Value ASI_WB_B with value 50
2025-09-19T13:04:17.3379|WARNING|ASICamera.cs|SetControlValue|583|Failed to set ASI Control Value ASI_WB_R with value 50
2025-09-19T13:04:17.3380|WARNING|ASICamera.cs|SetControlValue|583|Failed to set ASI Control Value ASI_GAMMA with value 50
2025-09-19T13:04:17.3381|WARNING|ASICamera.cs|SetControlValue|583|Failed to set ASI Control Value ASI_HIGH_SPEED_MODE with value 0
2025-09-19T13:04:17.3383|WARNING|ASICamera.cs|SetControlValue|583|Failed to set ASI Control Value ASI_OVERCLOCK with value 0
2025-09-19T13:04:17.3384|WARNING|ASICamera.cs|SetControlValue|583|Failed to set ASI Control Value ASI_PATTERN_ADJUST with value 0
2025-09-19T13:04:17.3399|WARNING|ASICamera.cs|SetControlValue|583|Failed to set ASI Control Value ASI_MONO_BIN with value 0
2025-09-19T13:04:17.3416|INFO|ASICamera.cs|Initialize|677|Camera ID: ASI533MM
2025-09-19T13:04:17.3540|WARNING|ASICamera.cs|SetControlValue|583|Failed to set ASI Control Value ASI_ANTI_DEW_HEATER with value 0
2025-09-19T13:04:17.4165|INFO|CameraVM.cs|ChooseCamera|448|Successfully connected Camera. Id: ZWO ASI533MM Pro #0 Name: ZWO ASI533MM Pro DisplayName: ZWO ASI533MM Pro (ASI533MM)Driver Version: 1, 36, 0, 0
2025-09-19T13:04:17.4225|INFO|FilterWheelVM.cs|Disconnect|324|Disconnected Filter Wheel
2025-09-19T13:04:20.6412|INFO|FilterWheelVM.cs|ChooseFW|272|Successfully connected Filter Wheel. Id: ASCOM.EFW2.FilterWheel Name: ZWO FilterWheel (1) DisplayName: ZWO FilterWheel (1) Driver Version: 6.0
2025-09-19T13:04:20.6575|INFO|TelescopeVM.cs|Disconnect|763|Disconnected mount
2025-09-19T13:04:23.8236|INFO|AscomTelescope.cs|CheckMountTime|817|Mount UTC Time: 2025-09-19 18:04:22Z / System UTC Time: 2025-09-19 18:04:23Z; Difference: 1.336 seconds
2025-09-19T13:04:23.8849|INFO|AscomTelescope.cs|CheckMountTime|824|System time has been synced to the mount
2025-09-19T13:04:24.2265|INFO|TelescopeVM.cs|ChooseTelescope|518|Successfully connected mount. Id: ASCOM.iOptron2017.Telescope Name: iOptron CEM120,70,40,26, GEM, HEM, HAE, HAZ series and SkyHunter Mount DisplayName: iOptron CEM120,70,40,26, GEM, HEM, HAE, HAZ series and SkyHunter Mount Driver Version: 9.15
2025-09-19T13:04:24.2316|INFO|FocuserVM.cs|Disconnect|426|Disconnected Focuser
2025-09-19T13:04:25.4804|ERROR|AscomDevice.cs|GetProperty|398|An unexpected exception occurred during GET of Focuser.StepSize: 
ASCOM.DriverException: The method or operation is not implemented.
 ---> System.NotImplementedException: The method or operation is not implemented.
   --- End of inner exception stack trace ---
   at ASCOM.Com.DriverAccess.DynamicAccess.CheckDotNetExceptions(String memberName, Exception e)
   at ASCOM.Com.DriverAccess.DynamicAccess.TryGetMember(GetMemberBinder binder, Object& result)
   at CallSite.Target(Closure, CallSite, Object)
   at System.Dynamic.UpdateDelegates.UpdateAndExecute1[T0,TRet](CallSite site, T0 arg0)
   at ASCOM.Com.DriverAccess.Focuser.get_StepSize()
   at System.RuntimeMethodHandle.InvokeMethod(Object target, Void** arguments, Signature sig, Boolean isConstructor)
   at System.Reflection.MethodBaseInvoker.InvokeWithNoArgs(Object obj, BindingFlags invokeAttr)
2025-09-19T13:04:25.6824|INFO|AscomDevice.cs|GetProperty|356|Retrying to GET Focuser.StepSize - Attempt 2 / 3
2025-09-19T13:04:25.6841|ERROR|AscomDevice.cs|GetProperty|398|An unexpected exception occurred during GET of Focuser.StepSize: 
ASCOM.DriverException: The method or operation is not implemented.
 ---> System.NotImplementedException: The method or operation is not implemented.
   --- End of inner exception stack trace ---
   at ASCOM.Com.DriverAccess.DynamicAccess.CheckDotNetExceptions(String memberName, Exception e)
   at ASCOM.Com.DriverAccess.DynamicAccess.TryGetMember(GetMemberBinder binder, Object& result)
   at CallSite.Target(Closure, CallSite, Object)
   at ASCOM.Com.DriverAccess.Focuser.get_StepSize()
   at InvokeStub_Focuser.get_StepSize(Object, Object, IntPtr*)
   at System.Reflection.MethodBaseInvoker.InvokeWithNoArgs(Object obj, BindingFlags invokeAttr)
2025-09-19T13:04:25.8854|INFO|AscomDevice.cs|GetProperty|356|Retrying to GET Focuser.StepSize - Attempt 3 / 3
2025-09-19T13:04:25.8866|ERROR|AscomDevice.cs|GetProperty|398|An unexpected exception occurred during GET of Focuser.StepSize: 
ASCOM.DriverException: The method or operation is not implemented.
 ---> System.NotImplementedException: The method or operation is not implemented.
   --- End of inner exception stack trace ---
   at ASCOM.Com.DriverAccess.DynamicAccess.CheckDotNetExceptions(String memberName, Exception e)
   at ASCOM.Com.DriverAccess.DynamicAccess.TryGetMember(GetMemberBinder binder, Object& result)
   at CallSite.Target(Closure, CallSite, Object)
   at ASCOM.Com.DriverAccess.Focuser.get_StepSize()
   at InvokeStub_Focuser.get_StepSize(Object, Object, IntPtr*)
   at System.Reflection.MethodBaseInvoker.InvokeWithNoArgs(Object obj, BindingFlags invokeAttr)
2025-09-19T13:04:25.8869|INFO|AscomDevice.cs|GetProperty|408|GET Focuser.StepSize failed - Returning last known value 0
2025-09-19T13:04:26.1070|INFO|FocuserVM.cs|ChooseFocuser|324|Successfully connected Focuser. Id: ASCOM.EAF.Focuser Name: ZWO Focuser (1) DisplayName: ZWO Focuser (1) Driver Version: 6.0
2025-09-19T13:04:26.1208|INFO|RotatorVM.cs|Disconnect|438|Disconnected Rotator
2025-09-19T13:04:26.3190|INFO|PHD2Guider.cs|Connect|202|Connecting to PHD2 server at 127.0.0.1:4400
2025-09-19T13:04:33.5116|INFO|FlatDeviceVM.cs|Disconnect|279|Disconnected Flat Device
2025-09-19T13:04:33.5188|INFO|WeatherDataVM.cs|Disconnect|292|Disconnected Weather Device
2025-09-19T13:04:35.1753|INFO|AscomDevice.cs|GetProperty|379|Property ObservingConditions.SkyQuality GET is not implemented in this driver (SkyAlert Observing Conditions)
2025-09-19T13:04:35.1834|INFO|AscomDevice.cs|GetProperty|379|Property ObservingConditions.StarFWHM GET is not implemented in this driver (SkyAlert Observing Conditions)
2025-09-19T13:04:35.1960|INFO|WeatherDataVM.cs|ChooseWeatherData|143|Successfully connected Weather Device. Id: ASCOM.SkyAlert.ObservingConditions Name: SkyAlert Observing Conditions DisplayName: SkyAlert Observing Conditions Driver Version: 1.7
2025-09-19T13:04:35.2027|INFO|SwitchVM.cs|Disconnect|298|Disconnected Switch
2025-09-19T13:04:35.2117|INFO|DomeVM.cs|Disconnect|336|Disconnected Dome Device
2025-09-19T13:04:35.2180|INFO|SafetyMonitorVM.cs|Disconnect|208|Disconnected Safety Monitor
2025-09-19T13:04:35.7221|INFO|SafetyMonitorVM.cs|Connect|168|Successfully connected Safety Monitor. Id: ASCOM.GenericFile.SafetyMonitor Name: Generic File SafetyMonitor DisplayName: Generic File SafetyMonitor Driver Version: 6.4
2025-09-19T13:04:37.7252|INFO|SafetyMonitorVM.cs|UpdateMonitorValues|94|SafetyMonitorInfo state changed to Unsafe
2025-09-19T17:54:16.8328|INFO|FramingAssistantVM.cs|LoadImage|1072|Loading image from source HIPS2FITS with field of view 15째 for coordinates RA: 22:10:21; Dec: 72째 06' 35"; Epoch: J2000
2025-09-19T17:57:20.0145|INFO|FramingAssistantVM.cs|LoadImage|1072|Loading image from source HIPS2FITS with field of view 15째 for coordinates RA: 22:10:57; Dec: 70째 45' 38"; Epoch: J2000
2025-09-19T18:05:12.1102|INFO|Sequencer.cs|Start|85|Sequence run was cancelled
2025-09-19T18:05:12.1258|INFO|Sequence2VM.cs|StartSequence|490|Advanced Sequence finished
2025-09-19T18:05:26.2629|INFO|ApplicationVM.cs|Closing|288|Application shutting down
2025-09-19T18:05:26.3007|INFO|DomeVM.cs|Disconnect|336|Disconnected Dome Device
2025-09-19T18:05:26.3042|INFO|FlatDeviceVM.cs|Disconnect|279|Disconnected Flat Device
2025-09-19T18:05:26.4239|INFO|CameraVM.cs|Disconnect|645|Disconnected Camera
2025-09-19T18:05:26.4264|INFO|AscomDevice.cs|Disconnect|299|Disconnecting from ASCOM.iOptron2017.Telescope iOptron CEM120,70,40,26, GEM, HEM, HAE, HAZ series and SkyHunter Mount
2025-09-19T18:05:26.4673|INFO|TelescopeVM.cs|Disconnect|763|Disconnected mount
2025-09-19T18:05:26.4676|INFO|AscomDevice.cs|Disconnect|299|Disconnecting from ASCOM.EFW2.FilterWheel ZWO FilterWheel (1)
2025-09-19T18:05:26.8243|INFO|FilterWheelVM.cs|Disconnect|324|Disconnected Filter Wheel
2025-09-19T18:05:26.8264|INFO|AscomDevice.cs|Disconnect|299|Disconnecting from ASCOM.EAF.Focuser ZWO Focuser (1)
2025-09-19T18:05:26.8725|INFO|FocuserVM.cs|Disconnect|426|Disconnected Focuser
2025-09-19T18:05:26.8754|INFO|RotatorVM.cs|Disconnect|438|Disconnected Rotator
2025-09-19T18:05:26.8779|INFO|SwitchVM.cs|Disconnect|298|Disconnected Switch
2025-09-19T18:05:26.8796|INFO|AscomDevice.cs|Disconnect|299|Disconnecting from ASCOM.SkyAlert.ObservingConditions SkyAlert Observing Conditions
2025-09-19T18:05:26.8916|INFO|WeatherDataVM.cs|Disconnect|292|Disconnected Weather Device
2025-09-19T18:05:26.8931|INFO|AscomDevice.cs|Disconnect|299|Disconnecting from ASCOM.GenericFile.SafetyMonitor Generic File SafetyMonitor
2025-09-19T18:05:26.9004|INFO|SafetyMonitorVM.cs|Disconnect|208|Disconnected Safety Monitor
