----------------------------------------------------------------------
--------------N.I.N.A. - Nighttime Imaging 'N' Astronomy--------------
--------------------------Version 3.1.2.9001--------------------------
-------------------------2025-08-10T11:08:43--------------------------
----------------------------------------------------------------------
---------------------Microsoft Windows 10.0.19045---------------------
-------------------------OS Architecture X64--------------------------
-----------------------Process Architecture X64-----------------------
------------------------------.NET 8.0.8------------------------------
----------------------------------------------------------------------
--------------------------Processor Count 4---------------------------
--------------------Total Physical Memory 7.84 GB---------------------
----------------------------------------------------------------------
DATE|LEVEL|SOURCE|MEMBER|LINE|MESSAGE
2025-08-10T11:08:43.4974|INFO|CameraChooserVM.cs|GetEquipment|69|Found 2 ASI Cameras
2025-08-10T11:08:44.2827|INFO|CameraChooserVM.cs|GetEquipment|84|Found 0 Altair Cameras
2025-08-10T11:08:45.0575|INFO|CameraChooserVM.cs|GetEquipment|96|Found 0 Atik Cameras
2025-08-10T11:08:45.1430|INFO|CameraChooserVM.cs|GetEquipment|110|Found 0 FLI Cameras
2025-08-10T11:08:46.4440|INFO|CameraChooserVM.cs|GetEquipment|130|Found 0 QHYCCD Cameras
2025-08-10T11:08:46.8306|INFO|CameraChooserVM.cs|GetEquipment|158|Found 0 ToupTek Cameras
2025-08-10T11:08:46.9999|INFO|CameraChooserVM.cs|GetEquipment|173|Found 0 Ogma Cameras
2025-08-10T11:08:47.3286|INFO|CameraChooserVM.cs|GetEquipment|188|Found 0 Omegon Cameras
2025-08-10T11:08:47.8732|INFO|CameraChooserVM.cs|GetEquipment|203|Found 0 RisingCam Cameras
2025-08-10T11:08:48.0106|INFO|CameraChooserVM.cs|GetEquipment|218|Found 0 MallinCam Cameras
2025-08-10T11:08:48.0141|INFO|CameraChooserVM.cs|GetEquipment|244|Found 0 SBIG Cameras
2025-08-10T11:08:50.1427|INFO|PluginLoader.cs|LoadPlugin|416|Successfully loaded plugin Autofocus Report Analysis version 2.0.0.9 by Stefan Berg @isbeorn
2025-08-10T11:08:50.7137|INFO|PluginLoader.cs|LoadPlugin|416|Successfully loaded plugin Connector version 2.0.3.0 by Stefan Berg
2025-08-10T11:08:50.9410|INFO|PluginLoader.cs|LoadPlugin|416|Successfully loaded plugin Device Actions and Commands version 2.0.0.0 by Dale Ghent
2025-08-10T11:08:51.6297|INFO|ApplicationVM.cs|CheckDiskInfo|100|Available Space on Drive C:\: 154.17 GB
2025-08-10T11:08:51.6363|INFO|ApplicationVM.cs|CheckDiskInfo|102|Drive E:\ is not ready
2025-08-10T11:08:51.6380|INFO|ApplicationVM.cs|CheckDiskInfo|100|Available Space on Drive G:\: 59.56 GB
2025-08-10T11:08:51.6459|INFO|ApplicationVM.cs|CheckDiskInfo|100|Available Space on Drive Z:\: 37.46 GB
2025-08-10T11:08:52.6254|INFO|ApplicationVM.cs|CheckASCOMPlatformVersion|81|ASCOM Platform 6.6.2.4195 installed
2025-08-10T11:08:53.0899|INFO|PluginLoader.cs|LoadPlugin|416|Successfully loaded plugin Discord Alert version 2.2.0.0 by Drew McDermott
2025-08-10T11:08:54.3238|INFO|PluginLoader.cs|LoadPlugin|416|Successfully loaded plugin Discord Notification version 1.0.0.1 by Daniel Ludwig
2025-08-10T11:08:54.5347|INFO|PluginLoader.cs|LoadPlugin|416|Successfully loaded plugin Filter Offset Calculator version 2.0.0.0 by S. Dimant & Stefan Berg
2025-08-10T11:08:54.7999|INFO|PluginLoader.cs|LoadPlugin|416|Successfully loaded plugin Flexure Correction version 0.8.0.0 by Francesco Meschia
2025-08-10T11:08:56.6315|INFO|PluginLoader.cs|LoadPlugin|416|Successfully loaded plugin Ground Station version 2.4.1.0 by Dale Ghent
2025-08-10T11:09:07.8030|INFO|PluginLoader.cs|LoadPlugin|416|Successfully loaded plugin Hocus Focus version 3.0.0.21 by George Hilios (jokogeo)
2025-08-10T11:09:08.8196|INFO|PluginLoader.cs|LoadPlugin|416|Successfully loaded plugin Horizon Creator version 1.1.2.0 by Christian Palm
2025-08-10T11:09:09.0547|INFO|PluginLoader.cs|LoadPlugin|416|Successfully loaded plugin Moon Angle version 2.2.0.0 by Dale Ghent
2025-08-10T11:09:09.5049|INFO|PluginLoader.cs|LoadPlugin|416|Successfully loaded plugin PixInsight Tools version 1.0.0.3 by Stefan Berg
2025-08-10T11:09:11.3138|WARNING|When.cs|GetRunningItem|143|Can't get running items: SequencerNavigation not initialized yet!
2025-08-10T11:09:11.5980|INFO|PluginLoader.cs|LoadPlugin|416|Successfully loaded plugin Sequencer Powerups version 3.28.3.4 by Marc Blank
2025-08-10T11:09:11.7349|INFO|PluginLoader.cs|LoadPlugin|416|Successfully loaded plugin Shutdown PC version 2.2.0.0 by Dale Ghent
2025-08-10T11:09:12.1607|INFO|PluginLoader.cs|LoadPlugin|416|Successfully loaded plugin Smart Filters version 1.0.0.3 by Benoit SAINTOT
2025-08-10T11:09:12.7646|INFO|PluginLoader.cs|LoadPlugin|416|Successfully loaded plugin Target Planning version 3.2.1.0 by Tom Palmer @tcpalmer
2025-08-10T11:09:14.6082|ERROR|DllLoader.cs|LoadDllFromAbsolutePath|53|DllLoader failed to load library C:\Program Files\N.I.N.A. - Nighttime Imaging 'N' Astronomy\External\x64\SQLite\SQLite.Interop.dll due to error code 126
2025-08-10T11:09:15.4547|INFO|PluginLoader.cs|LoadPlugin|416|Successfully loaded plugin Target Scheduler version 5.7.3.0 by Tom Palmer @tcpalmer
2025-08-10T11:09:15.8527|INFO|PluginLoader.cs|LoadPlugin|416|Successfully loaded plugin Three Point Polar Alignment version 2.2.4.0 by Stefan Berg @isbeorn
2025-08-10T11:09:15.8678|INFO|PluginFetcher.cs|RequestAll|43|Fetching plugin manifests from https://nighttime-imaging.eu/wp-json/nina/v1/plugins/manifests
2025-08-10T11:09:16.0436|INFO|CameraChooserVM.cs|GetEquipment|264|Found 0 SVBony Cameras
2025-08-10T11:09:16.1789|INFO|CameraChooserVM.cs|GetEquipment|264|Found 0 PlayerOne Cameras
2025-08-10T11:09:16.2742|INFO|CameraChooserVM.cs|GetEquipment|264|Found 0 ASTPAN Cameras
2025-08-10T11:09:16.2768|INFO|CameraChooserVM.cs|GetEquipment|278|Found 4 ASCOM Cameras
2025-08-10T11:09:16.6585|WARNING|When.cs|GetRunningItem|143|Can't get running items: SequencerNavigation not initialized yet!
2025-08-10T11:09:17.5675|INFO|PluginFetcher.cs|RequestAll|57|Found 55 valid plugins at https://nighttime-imaging.eu/wp-json/nina/v1/plugins/manifests
2025-08-10T11:09:17.9115|INFO|TelescopeChooserVM.cs|GetEquipment|69|Found 0 Alpaca Telescopes
2025-08-10T11:09:17.9115|INFO|WeatherDataChooserVM.cs|GetEquipment|69|Found 0 Alpaca Observing Conditions
2025-08-10T11:09:17.9115|INFO|RotatorChooserVM.cs|GetEquipment|68|Found 0 Alpaca Rotators
2025-08-10T11:09:17.9352|INFO|DomeChooserVM.cs|GetEquipment|67|Found 0 Alpaca Domes
2025-08-10T11:09:17.9405|INFO|FlatDeviceChooserVM.cs|GetEquipment|67|Found 0 Alpaca Cover Calibrators
2025-08-10T11:09:17.9746|INFO|SwitchChooserVM.cs|GetEquipment|71|Found 0 Alpaca Switch Hubs
2025-08-10T11:09:18.2836|INFO|CameraChooserVM.cs|GetEquipment|290|Found 0 Alpaca Cameras
2025-08-10T11:09:18.2885|INFO|CameraChooserVM.cs|GetEquipment|303|Found 0 Canon Cameras
2025-08-10T11:09:18.6771|INFO|SafetyMonitorChooserVM.cs|GetEquipment|71|Found 0 Alpaca Safety Monitors
2025-08-10T11:09:18.7393|INFO|FocuserChooserVM.cs|GetEquipment|67|Found 0 Alpaca Focusers
2025-08-10T11:09:18.7588|INFO|FilterWheelChooserVM.cs|GetEquipment|193|Found 0 Alpaca Filter Wheels
2025-08-10T11:09:31.0135|INFO|CameraVM.cs|Disconnect|645|Disconnected Camera
2025-08-10T11:09:32.8647|INFO|AscomDevice.cs|GetProperty|379|Property Camera.BayerOffsetX GET is not implemented in this driver (ASI Camera (2) (ASCOM))
2025-08-10T11:09:32.8698|INFO|AscomDevice.cs|GetProperty|379|Property Camera.BayerOffsetY GET is not implemented in this driver (ASI Camera (2) (ASCOM))
2025-08-10T11:09:32.8817|INFO|CameraVM.cs|ChooseCamera|448|Successfully connected Camera. Id: ASCOM.ASICamera2_2.Camera Name: ASI Camera (2) (ASCOM) DisplayName: ASI Camera (2) (ASCOM)Driver Version: 6.5
2025-08-10T11:09:32.8884|INFO|FilterWheelVM.cs|Disconnect|324|Disconnected Filter Wheel
2025-08-10T11:09:34.1685|INFO|FilterWheelVM.cs|ChooseFW|272|Successfully connected Filter Wheel. Id: ASCOM.EFW2.FilterWheel Name: ZWO FilterWheel (1) DisplayName: ZWO FilterWheel (1) Driver Version: 6.0
2025-08-10T11:09:34.1925|INFO|TelescopeVM.cs|Disconnect|763|Disconnected mount
2025-08-10T11:09:34.4060|INFO|AscomTelescope.cs|CheckMountTime|817|Mount UTC Time: 2025-08-10 16:09:33Z / System UTC Time: 2025-08-10 16:09:34Z; Difference: 0.75 seconds
2025-08-10T11:09:34.5461|INFO|AscomTelescope.cs|CheckMountTime|824|System time has been synced to the mount
2025-08-10T11:09:34.7809|INFO|TelescopeVM.cs|ChooseTelescope|518|Successfully connected mount. Id: ASCOM.iOptron2017.Telescope Name: iOptron CEM120,70,40,26, GEM, HEM, HAE, HAZ series and SkyHunter Mount DisplayName: iOptron CEM120,70,40,26, GEM, HEM, HAE, HAZ series and SkyHunter Mount Driver Version: 9.15
2025-08-10T11:09:34.7855|INFO|FocuserVM.cs|Disconnect|426|Disconnected Focuser
2025-08-10T11:09:35.9194|ERROR|AscomDevice.cs|GetProperty|398|An unexpected exception occurred during GET of Focuser.StepSize: 
ASCOM.DriverException: The method or operation is not implemented.
 ---> System.NotImplementedException: The method or operation is not implemented.
   --- End of inner exception stack trace ---
   at ASCOM.Com.DriverAccess.DynamicAccess.CheckDotNetExceptions(String memberName, Exception e)
   at ASCOM.Com.DriverAccess.DynamicAccess.TryGetMember(GetMemberBinder binder, Object& result)
   at CallSite.Target(Closure, CallSite, Object)
   at System.Dynamic.UpdateDelegates.UpdateAndExecute1[T0,TRet](CallSite site, T0 arg0)
   at ASCOM.Com.DriverAccess.Focuser.get_StepSize()
   at System.RuntimeMethodHandle.InvokeMethod(Object target, Void** arguments, Signature sig, Boolean isConstructor)
   at System.Reflection.MethodBaseInvoker.InvokeWithNoArgs(Object obj, BindingFlags invokeAttr)
2025-08-10T11:09:36.1214|INFO|AscomDevice.cs|GetProperty|356|Retrying to GET Focuser.StepSize - Attempt 2 / 3
2025-08-10T11:09:36.1245|ERROR|AscomDevice.cs|GetProperty|398|An unexpected exception occurred during GET of Focuser.StepSize: 
ASCOM.DriverException: The method or operation is not implemented.
 ---> System.NotImplementedException: The method or operation is not implemented.
   --- End of inner exception stack trace ---
   at ASCOM.Com.DriverAccess.DynamicAccess.CheckDotNetExceptions(String memberName, Exception e)
   at ASCOM.Com.DriverAccess.DynamicAccess.TryGetMember(GetMemberBinder binder, Object& result)
   at CallSite.Target(Closure, CallSite, Object)
   at ASCOM.Com.DriverAccess.Focuser.get_StepSize()
   at InvokeStub_Focuser.get_StepSize(Object, Object, IntPtr*)
   at System.Reflection.MethodBaseInvoker.InvokeWithNoArgs(Object obj, BindingFlags invokeAttr)
2025-08-10T11:09:36.3256|INFO|AscomDevice.cs|GetProperty|356|Retrying to GET Focuser.StepSize - Attempt 3 / 3
2025-08-10T11:09:36.3269|ERROR|AscomDevice.cs|GetProperty|398|An unexpected exception occurred during GET of Focuser.StepSize: 
ASCOM.DriverException: The method or operation is not implemented.
 ---> System.NotImplementedException: The method or operation is not implemented.
   --- End of inner exception stack trace ---
   at ASCOM.Com.DriverAccess.DynamicAccess.CheckDotNetExceptions(String memberName, Exception e)
   at ASCOM.Com.DriverAccess.DynamicAccess.TryGetMember(GetMemberBinder binder, Object& result)
   at CallSite.Target(Closure, CallSite, Object)
   at ASCOM.Com.DriverAccess.Focuser.get_StepSize()
   at InvokeStub_Focuser.get_StepSize(Object, Object, IntPtr*)
   at System.Reflection.MethodBaseInvoker.InvokeWithNoArgs(Object obj, BindingFlags invokeAttr)
2025-08-10T11:09:36.3272|INFO|AscomDevice.cs|GetProperty|408|GET Focuser.StepSize failed - Returning last known value 0
2025-08-10T11:09:36.5419|INFO|FocuserVM.cs|ChooseFocuser|324|Successfully connected Focuser. Id: ASCOM.EAF_2.Focuser Name: ZWO Focuser (2) DisplayName: ZWO Focuser (2) Driver Version: 6.0
2025-08-10T11:09:36.5489|INFO|RotatorVM.cs|Disconnect|438|Disconnected Rotator
2025-08-10T11:09:36.5662|INFO|PHD2Guider.cs|Connect|202|Connecting to PHD2 server at 127.0.0.1:4400
2025-08-10T11:09:43.1447|INFO|AscomDevice.cs|Disconnect|299|Disconnecting from ASCOM.ASICamera2_2.Camera ASI Camera (2) (ASCOM)
2025-08-10T11:09:43.1979|INFO|CameraVM.cs|Disconnect|645|Disconnected Camera
2025-08-10T11:09:43.5602|INFO|FlatDeviceVM.cs|Disconnect|279|Disconnected Flat Device
2025-08-10T11:09:43.5679|INFO|WeatherDataVM.cs|Disconnect|292|Disconnected Weather Device
2025-08-10T11:09:43.9532|INFO|AscomDevice.cs|GetProperty|379|Property ObservingConditions.SkyQuality GET is not implemented in this driver (SkyAlert Observing Conditions)
2025-08-10T11:09:43.9606|INFO|AscomDevice.cs|GetProperty|379|Property ObservingConditions.StarFWHM GET is not implemented in this driver (SkyAlert Observing Conditions)
2025-08-10T11:09:43.9724|INFO|WeatherDataVM.cs|ChooseWeatherData|143|Successfully connected Weather Device. Id: ASCOM.SkyAlert.ObservingConditions Name: SkyAlert Observing Conditions DisplayName: SkyAlert Observing Conditions Driver Version: 1.7
2025-08-10T11:09:43.9865|INFO|SwitchVM.cs|Disconnect|298|Disconnected Switch
2025-08-10T11:09:43.9953|INFO|DomeVM.cs|Disconnect|336|Disconnected Dome Device
2025-08-10T11:09:44.0007|INFO|SafetyMonitorVM.cs|Disconnect|208|Disconnected Safety Monitor
2025-08-10T11:09:44.2786|INFO|SafetyMonitorVM.cs|Connect|168|Successfully connected Safety Monitor. Id: ASCOM.Hub.SafetyMonitor Name: SafetyMonitor Hub DisplayName: SafetyMonitor Hub Driver Version: 6.4
2025-08-10T11:09:46.2922|INFO|SafetyMonitorVM.cs|UpdateMonitorValues|94|SafetyMonitorInfo state changed to Unsafe
2025-08-10T11:09:47.7731|INFO|CameraVM.cs|Disconnect|645|Disconnected Camera
2025-08-10T11:09:48.3134|WARNING|ASICamera.cs|SetControlValue|583|Failed to set ASI Control Value ASI_WB_B with value 50
2025-08-10T11:09:48.3135|WARNING|ASICamera.cs|SetControlValue|583|Failed to set ASI Control Value ASI_WB_R with value 50
2025-08-10T11:09:48.3136|WARNING|ASICamera.cs|SetControlValue|583|Failed to set ASI Control Value ASI_GAMMA with value 50
2025-08-10T11:09:48.3136|WARNING|ASICamera.cs|SetControlValue|583|Failed to set ASI Control Value ASI_HIGH_SPEED_MODE with value 0
2025-08-10T11:09:48.3137|WARNING|ASICamera.cs|SetControlValue|583|Failed to set ASI Control Value ASI_OVERCLOCK with value 0
2025-08-10T11:09:48.3137|WARNING|ASICamera.cs|SetControlValue|583|Failed to set ASI Control Value ASI_PATTERN_ADJUST with value 0
2025-08-10T11:09:48.3142|WARNING|ASICamera.cs|SetControlValue|583|Failed to set ASI Control Value ASI_MONO_BIN with value 0
2025-08-10T11:09:48.3153|INFO|ASICamera.cs|Initialize|677|Camera ID: ASI533MM
2025-08-10T11:09:48.3255|WARNING|ASICamera.cs|SetControlValue|583|Failed to set ASI Control Value ASI_ANTI_DEW_HEATER with value 0
2025-08-10T11:09:48.4658|INFO|CameraVM.cs|ChooseCamera|448|Successfully connected Camera. Id: ZWO ASI533MM Pro #0 Name: ZWO ASI533MM Pro DisplayName: ZWO ASI533MM Pro (ASI533MM)Driver Version: 1, 36, 0, 0
2025-08-10T11:11:17.3263|INFO|CameraVM.cs|Disconnect|645|Disconnected Camera
2025-08-10T11:11:18.6681|INFO|CameraChooserVM.cs|GetEquipment|69|Found 2 ASI Cameras
2025-08-10T11:11:18.7315|INFO|CameraChooserVM.cs|GetEquipment|84|Found 0 Altair Cameras
2025-08-10T11:11:18.7316|INFO|CameraChooserVM.cs|GetEquipment|96|Found 0 Atik Cameras
2025-08-10T11:11:18.7323|INFO|CameraChooserVM.cs|GetEquipment|110|Found 0 FLI Cameras
2025-08-10T11:11:18.7327|INFO|CameraChooserVM.cs|GetEquipment|130|Found 0 QHYCCD Cameras
2025-08-10T11:11:18.8802|INFO|CameraChooserVM.cs|GetEquipment|158|Found 0 ToupTek Cameras
2025-08-10T11:11:18.8854|INFO|CameraChooserVM.cs|GetEquipment|173|Found 0 Ogma Cameras
2025-08-10T11:11:18.8949|INFO|CameraChooserVM.cs|GetEquipment|188|Found 0 Omegon Cameras
2025-08-10T11:11:19.0436|INFO|CameraChooserVM.cs|GetEquipment|203|Found 0 RisingCam Cameras
2025-08-10T11:11:19.0556|INFO|CameraChooserVM.cs|GetEquipment|218|Found 0 MallinCam Cameras
2025-08-10T11:11:19.0581|INFO|CameraChooserVM.cs|GetEquipment|244|Found 0 SBIG Cameras
2025-08-10T11:11:19.0588|INFO|CameraChooserVM.cs|GetEquipment|264|Found 0 SVBony Cameras
2025-08-10T11:11:19.0591|INFO|CameraChooserVM.cs|GetEquipment|264|Found 0 PlayerOne Cameras
2025-08-10T11:11:19.0672|INFO|CameraChooserVM.cs|GetEquipment|264|Found 0 ASTPAN Cameras
2025-08-10T11:11:19.0682|INFO|CameraChooserVM.cs|GetEquipment|278|Found 4 ASCOM Cameras
2025-08-10T11:11:21.0687|INFO|CameraChooserVM.cs|GetEquipment|290|Found 0 Alpaca Cameras
2025-08-10T11:11:21.0725|INFO|CameraChooserVM.cs|GetEquipment|303|Found 0 Canon Cameras
2025-08-10T11:11:25.2071|INFO|CameraVM.cs|Disconnect|645|Disconnected Camera
2025-08-10T11:11:25.7265|WARNING|ASICamera.cs|SetControlValue|583|Failed to set ASI Control Value ASI_WB_B with value 50
2025-08-10T11:11:25.7266|WARNING|ASICamera.cs|SetControlValue|583|Failed to set ASI Control Value ASI_WB_R with value 50
2025-08-10T11:11:25.7266|WARNING|ASICamera.cs|SetControlValue|583|Failed to set ASI Control Value ASI_GAMMA with value 50
2025-08-10T11:11:25.7266|WARNING|ASICamera.cs|SetControlValue|583|Failed to set ASI Control Value ASI_HIGH_SPEED_MODE with value 0
2025-08-10T11:11:25.7267|WARNING|ASICamera.cs|SetControlValue|583|Failed to set ASI Control Value ASI_OVERCLOCK with value 0
2025-08-10T11:11:25.7267|WARNING|ASICamera.cs|SetControlValue|583|Failed to set ASI Control Value ASI_PATTERN_ADJUST with value 0
2025-08-10T11:11:25.7267|WARNING|ASICamera.cs|SetControlValue|583|Failed to set ASI Control Value ASI_MONO_BIN with value 0
2025-08-10T11:11:25.7277|INFO|ASICamera.cs|Initialize|677|Camera ID: ASI533MM
2025-08-10T11:11:25.7323|WARNING|ASICamera.cs|SetControlValue|583|Failed to set ASI Control Value ASI_ANTI_DEW_HEATER with value 0
2025-08-10T11:11:25.8650|INFO|CameraVM.cs|ChooseCamera|448|Successfully connected Camera. Id: ZWO ASI533MM Pro #0 Name: ZWO ASI533MM Pro DisplayName: ZWO ASI533MM Pro (ASI533MM)Driver Version: 1, 36, 0, 0
2025-08-10T11:12:11.2275|INFO|ApplicationVM.cs|SystemEvents_PowerModeChanged|278|A power mode status notification event has been raised by the operating system. This might indicate a weak or charging battery, a transition between AC power and battery, or another change in the status of the system power supply.
2025-08-10T11:12:13.2033|INFO|ApplicationVM.cs|SystemEvents_PowerModeChanged|278|A power mode status notification event has been raised by the operating system. This might indicate a weak or charging battery, a transition between AC power and battery, or another change in the status of the system power supply.
2025-08-10T11:43:21.6210|INFO|CameraVM.cs|Disconnect|645|Disconnected Camera
2025-08-10T11:43:22.7536|INFO|CameraVM.cs|Disconnect|645|Disconnected Camera
2025-08-10T11:43:23.2690|WARNING|ASICamera.cs|SetControlValue|583|Failed to set ASI Control Value ASI_WB_B with value 50
2025-08-10T11:43:23.2691|WARNING|ASICamera.cs|SetControlValue|583|Failed to set ASI Control Value ASI_WB_R with value 50
2025-08-10T11:43:23.2691|WARNING|ASICamera.cs|SetControlValue|583|Failed to set ASI Control Value ASI_GAMMA with value 50
2025-08-10T11:43:23.2692|WARNING|ASICamera.cs|SetControlValue|583|Failed to set ASI Control Value ASI_HIGH_SPEED_MODE with value 0
2025-08-10T11:43:23.2692|WARNING|ASICamera.cs|SetControlValue|583|Failed to set ASI Control Value ASI_OVERCLOCK with value 0
2025-08-10T11:43:23.2692|WARNING|ASICamera.cs|SetControlValue|583|Failed to set ASI Control Value ASI_PATTERN_ADJUST with value 0
2025-08-10T11:43:23.2692|WARNING|ASICamera.cs|SetControlValue|583|Failed to set ASI Control Value ASI_MONO_BIN with value 0
2025-08-10T11:43:23.2703|INFO|ASICamera.cs|Initialize|677|Camera ID: ASI533MM
2025-08-10T11:43:23.2749|WARNING|ASICamera.cs|SetControlValue|583|Failed to set ASI Control Value ASI_ANTI_DEW_HEATER with value 0
2025-08-10T11:43:23.3867|INFO|CameraVM.cs|ChooseCamera|448|Successfully connected Camera. Id: ZWO ASI533MM Pro #0 Name: ZWO ASI533MM Pro DisplayName: ZWO ASI533MM Pro (ASI533MM)Driver Version: 1, 36, 0, 0
2025-08-10T11:43:33.6072|INFO|ApplicationVM.cs|Closing|288|Application shutting down
2025-08-10T11:43:33.6288|INFO|DomeVM.cs|Disconnect|336|Disconnected Dome Device
2025-08-10T11:43:33.6313|INFO|FlatDeviceVM.cs|Disconnect|279|Disconnected Flat Device
2025-08-10T11:43:33.7023|INFO|CameraVM.cs|Disconnect|645|Disconnected Camera
2025-08-10T11:43:33.7124|INFO|AscomDevice.cs|Disconnect|299|Disconnecting from ASCOM.iOptron2017.Telescope iOptron CEM120,70,40,26, GEM, HEM, HAE, HAZ series and SkyHunter Mount
2025-08-10T11:43:33.7354|INFO|TelescopeVM.cs|Disconnect|763|Disconnected mount
2025-08-10T11:43:33.7357|INFO|AscomDevice.cs|Disconnect|299|Disconnecting from ASCOM.EFW2.FilterWheel ZWO FilterWheel (1)
2025-08-10T11:43:33.7493|INFO|FilterWheelVM.cs|Disconnect|324|Disconnected Filter Wheel
2025-08-10T11:43:33.7513|INFO|AscomDevice.cs|Disconnect|299|Disconnecting from ASCOM.EAF_2.Focuser ZWO Focuser (2)
2025-08-10T11:43:34.1779|INFO|FocuserVM.cs|Disconnect|426|Disconnected Focuser
2025-08-10T11:43:34.1859|INFO|RotatorVM.cs|Disconnect|438|Disconnected Rotator
2025-08-10T11:43:34.1920|INFO|SwitchVM.cs|Disconnect|298|Disconnected Switch
2025-08-10T11:43:34.1942|INFO|AscomDevice.cs|Disconnect|299|Disconnecting from ASCOM.SkyAlert.ObservingConditions SkyAlert Observing Conditions
2025-08-10T11:43:34.2082|INFO|WeatherDataVM.cs|Disconnect|292|Disconnected Weather Device
2025-08-10T11:43:34.2099|INFO|AscomDevice.cs|Disconnect|299|Disconnecting from ASCOM.Hub.SafetyMonitor SafetyMonitor Hub
2025-08-10T11:43:34.2237|INFO|SafetyMonitorVM.cs|Disconnect|208|Disconnected Safety Monitor
