----------------------------------------------------------------------
--------------N.I.N.A. - Nighttime Imaging 'N' Astronomy--------------
--------------------------Version 3.2.0.9001--------------------------
-------------------------2026-03-07T09:44:57--------------------------
----------------------------------------------------------------------
---------------------Microsoft Windows 10.0.19045---------------------
-------------------------OS Architecture X64--------------------------
-----------------------Process Architecture X64-----------------------
-----------------------------.NET 8.0.21------------------------------
----------------------------------------------------------------------
--------------------------Processor Count 4---------------------------
--------------------Total Physical Memory 7.84 GB---------------------
----------------------------------------------------------------------
DATE|LEVEL|SOURCE|MEMBER|LINE|MESSAGE
2026-03-07T09:44:57.6941|INFO|App.xaml.cs|OnStartup|170|Launched with command line arguments: --sequencefile C:\Users\nicka\Astro\NINA\NINA_Sequences\TargetScheduler.json --runsequence
2026-03-07T09:45:00.3618|INFO|CameraChooserVM.cs|GetEquipment|69|Found 2 ASI Cameras
2026-03-07T09:45:00.5910|INFO|CameraChooserVM.cs|GetEquipment|84|Found 0 Altair Cameras
2026-03-07T09:45:00.9816|INFO|CameraChooserVM.cs|GetEquipment|96|Found 0 Atik Cameras
2026-03-07T09:45:01.0693|INFO|CameraChooserVM.cs|GetEquipment|110|Found 0 FLI Cameras
2026-03-07T09:45:02.3189|INFO|CameraChooserVM.cs|GetEquipment|130|Found 0 QHYCCD Cameras
2026-03-07T09:45:02.8058|INFO|CameraChooserVM.cs|GetEquipment|158|Found 0 ToupTek Cameras
2026-03-07T09:45:02.9286|INFO|CameraChooserVM.cs|GetEquipment|173|Found 0 Ogma Cameras
2026-03-07T09:45:03.0791|INFO|CameraChooserVM.cs|GetEquipment|188|Found 0 Omegon Cameras
2026-03-07T09:45:03.6310|INFO|CameraChooserVM.cs|GetEquipment|203|Found 0 RisingCam Cameras
2026-03-07T09:45:03.7963|INFO|CameraChooserVM.cs|GetEquipment|218|Found 0 MallinCam Cameras
2026-03-07T09:45:03.9300|INFO|CameraChooserVM.cs|GetEquipment|243|Found 0 SVBony Cameras
2026-03-07T09:45:03.9332|INFO|CameraChooserVM.cs|GetEquipment|259|Found 0 SBIG Cameras
2026-03-07T09:45:07.7202|INFO|API.cs|Start|99|Starting Webserver
2026-03-07T09:45:07.7216|INFO|API.cs|APITask|134|starting web server, listening at 172.19.6.111:1888
2026-03-07T09:45:07.8871|INFO|NINALogWatcher.cs|Start|33|watching log file: C:\Users\nicka\AppData\Local\NINA\Logs\20260307-094456-3.2.0.9001.11316-202603.log
2026-03-07T09:45:07.9025|INFO|PluginLoader.cs|LoadPlugin|402|Successfully loaded plugin Advanced API version 2.2.15.0 by Christian Palm
2026-03-07T09:45:08.0388|INFO|PluginLoader.cs|LoadPlugin|402|Successfully loaded plugin Autofocus Report Analysis version 2.0.0.9 by Stefan Berg @isbeorn
2026-03-07T09:45:08.2251|INFO|PluginLoader.cs|LoadPlugin|402|Successfully loaded plugin Connector version 2.1.0.2 by Stefan Berg @isbeorn
2026-03-07T09:45:08.4028|INFO|PluginLoader.cs|LoadPlugin|402|Successfully loaded plugin Device Actions and Commands version 2.2.0.0 by Dale Ghent
2026-03-07T09:45:09.0353|INFO|PluginLoader.cs|LoadPlugin|402|Successfully loaded plugin Discord Alert version 2.2.0.0 by Drew McDermott
2026-03-07T09:45:10.4239|INFO|PluginLoader.cs|LoadPlugin|402|Successfully loaded plugin Discord Notification version 2.0.0.10 by Daniel Ludwig
2026-03-07T09:45:11.5450|INFO|DitherStatisticsVM.cs|CreatePluginIcon|1483|Plugin icon geometry created successfully
2026-03-07T09:45:11.5717|INFO|DitherStatisticsVM.cs|LoadDataTemplates|1452|DitherStatistics DataTemplates loaded successfully
2026-03-07T09:45:11.5756|INFO|DitherStatisticsVM.cs|SaveQualityAssessmentSetting|387|Quality Assessment setting saved to file: True
2026-03-07T09:45:11.5758|INFO|DitherStatisticsVM.cs|LoadQualityAssessmentSetting|364|Quality Assessment setting loaded from file: True
2026-03-07T09:45:11.5893|INFO|DitherStatisticsVM.cs|SaveDitherOptimizerSetting|490|Dither Optimizer setting saved to file: False
2026-03-07T09:45:11.5895|INFO|DitherStatisticsVM.cs|LoadDitherOptimizerSetting|471|Dither Optimizer setting loaded from file: False
2026-03-07T09:45:11.5901|INFO|DitherStatisticsVM.cs|SubscribeToGuiderEvents|834|Subscribed to NINA guider events
2026-03-07T09:45:11.5932|INFO|DitherStatisticsVM.cs|StartThemeColorMonitoring|1329|Initial PrimaryBrush color: R:176 G:179 B:185
2026-03-07T09:45:11.5935|INFO|DitherStatisticsVM.cs|.ctor|96|DitherStatisticsVM initialized successfully with ScottPlot 4.1 (Lazy Loading)!
2026-03-07T09:45:11.5942|INFO|PluginLoader.cs|LoadPlugin|402|Successfully loaded plugin Dither Statistics version 1.3.0.0 by Thierry Tschanz
2026-03-07T09:45:11.7491|INFO|PluginLoader.cs|LoadPlugin|402|Successfully loaded plugin Filter Offset Calculator version 2.0.0.0 by S. Dimant & Stefan Berg
2026-03-07T09:45:11.9509|INFO|PluginLoader.cs|LoadPlugin|402|Successfully loaded plugin Flexure Correction version 0.8.0.0 by Francesco Meschia
2026-03-07T09:45:13.6011|INFO|DitherStatisticsVM.cs|ConnectToPHD2|708|Attempting to connect to PHD2...
2026-03-07T09:45:13.6028|INFO|PHD2Client.cs|ConnectAsync|102|PHD2Client: Connecting to PHD2 at 127.0.0.1:4400...
2026-03-07T09:45:14.3819|INFO|PluginLoader.cs|LoadPlugin|402|Successfully loaded plugin Ground Station version 3.0.0.117 by Dale Ghent
2026-03-07T09:45:15.6404|ERROR|PHD2Client.cs|ConnectAsync|132|PHD2Client: Connection failed: No connection could be made because the target machine actively refused it.
2026-03-07T09:45:15.6408|INFO|DitherStatisticsVM.cs|OnPHD2ConnectionStatusChanged|737|PHD2 Connection Status: Connection failed: No connection could be made because the target machine actively refused it.
2026-03-07T09:45:26.2060|INFO|PluginLoader.cs|LoadPlugin|402|Successfully loaded plugin Hocus Focus version 3.0.0.24 by George Hilios (jokogeo)
2026-03-07T09:45:27.0895|INFO|PluginLoader.cs|LoadPlugin|402|Successfully loaded plugin Horizon Creator version 1.1.2.1 by Christian Palm
2026-03-07T09:45:27.3106|INFO|PluginLoader.cs|LoadPlugin|402|Successfully loaded plugin Lightbucket version 2.2.4.0 by Lightbucket
2026-03-07T09:45:28.1370|INFO|PluginLoader.cs|LoadPlugin|402|Successfully loaded plugin Livestack version 1.0.1.7 by Stefan Berg @isbeorn
2026-03-07T09:45:28.3470|INFO|PluginLoader.cs|LoadPlugin|402|Successfully loaded plugin Log Viewer version 1.0.0.2 by Alexander Wrede @astro_alex80
2026-03-07T09:45:28.5463|INFO|PluginLoader.cs|LoadPlugin|402|Successfully loaded plugin Moon Angle version 2.2.0.0 by Dale Ghent
2026-03-07T09:45:28.8623|INFO|PluginLoader.cs|LoadPlugin|402|Successfully loaded plugin Phd2 Tools version 1.0.6.0 by Stefan Berg @isbeorn
2026-03-07T09:45:29.2028|INFO|PluginLoader.cs|LoadPlugin|402|Successfully loaded plugin PixInsight Tools version 1.0.0.3 by Stefan Berg
2026-03-07T09:45:29.9877|INFO|PluginLoader.cs|LoadPlugin|402|Successfully loaded plugin Point3D version 0.2.3.0 by Drew McDermott
2026-03-07T09:45:30.2906|INFO|PluginLoader.cs|LoadPlugin|402|Successfully loaded plugin Scope Control version 2.0.2.1 by Stefan Berg @isbeorn
2026-03-07T09:45:32.4344|WARNING|When.cs|GetRunningItem|143|Can't get running items: SequencerNavigation not initialized yet!
2026-03-07T09:45:32.7215|INFO|PluginLoader.cs|LoadPlugin|402|Successfully loaded plugin Sequencer Powerups version 3.29.0.3 by Marc Blank
2026-03-07T09:45:33.4969|INFO|PluginLoader.cs|LoadPlugin|402|Successfully loaded plugin Session Metadata version 2.6.3.0 by Tom Palmer @tcpalmer
2026-03-07T09:45:33.6322|INFO|PluginLoader.cs|LoadPlugin|402|Successfully loaded plugin Shutdown PC version 2.2.0.0 by Dale Ghent
2026-03-07T09:45:33.8980|INFO|PluginLoader.cs|LoadPlugin|402|Successfully loaded plugin SkyFlats version 1.0.0.4 by Gerald Hitz (@photon)
2026-03-07T09:45:34.3026|INFO|PluginLoader.cs|LoadPlugin|402|Successfully loaded plugin Smart Filters version 1.0.0.3 by Benoit SAINTOT
2026-03-07T09:45:34.8092|INFO|PluginLoader.cs|LoadPlugin|402|Successfully loaded plugin Target Planning version 3.2.1.0 by Tom Palmer @tcpalmer
2026-03-07T09:45:37.4612|WARNING|When.cs|GetRunningItem|143|Can't get running items: SequencerNavigation not initialized yet!
2026-03-07T09:45:38.5922|INFO|PluginLoader.cs|LoadPlugin|402|Successfully loaded plugin Target Scheduler version 5.8.3.2 by Tom Palmer @tcpalmer
2026-03-07T09:45:39.1024|INFO|PluginLoader.cs|LoadPlugin|402|Successfully loaded plugin Three Point Polar Alignment version 2.2.4.3 by Stefan Berg @isbeorn
2026-03-07T09:45:40.6739|INFO|SessionHistoryManager.cs|PurgeHistoryOlderThan|102|purging web session history older than 10 days
2026-03-07T09:45:40.7724|INFO|PluginLoader.cs|LoadPlugin|402|Successfully loaded plugin Web Session History Viewer version 2.2.1.0 by Tom Palmer @tcpalmer
2026-03-07T09:45:41.1834|INFO|PluginFetcher.cs|RequestAll|43|Fetching plugin manifests from https://nighttime-imaging.eu/wp-json/nina/v1/plugins/manifests
2026-03-07T09:45:41.3508|INFO|FilterWheelChooserVM.cs|GetEquipment|167|Found 1 Networked Filter Wheel Filter Wheels
2026-03-07T09:45:42.6883|WARNING|When.cs|GetRunningItem|143|Can't get running items: SequencerNavigation not initialized yet!
2026-03-07T09:45:42.9159|INFO|RotatorChooserVM.cs|GetEquipment|45|Found 1 Networked Rotator Rotators
2026-03-07T09:45:43.4366|INFO|CameraChooserVM.cs|GetEquipment|279|Found 0 SVBony Cameras
2026-03-07T09:45:43.5528|INFO|CameraChooserVM.cs|GetEquipment|279|Found 0 PlayerOne Cameras
2026-03-07T09:45:43.6357|INFO|CameraChooserVM.cs|GetEquipment|279|Found 0 ASTPAN Cameras
2026-03-07T09:45:43.6378|INFO|CameraChooserVM.cs|GetEquipment|293|Found 4 ASCOM Cameras
2026-03-07T09:45:44.3523|INFO|WeatherDataChooserVM.cs|GetEquipment|69|Found 0 Alpaca Observing Conditions
2026-03-07T09:45:44.3523|INFO|FilterWheelChooserVM.cs|GetEquipment|193|Found 0 Alpaca Filter Wheels
2026-03-07T09:45:44.3541|INFO|DomeChooserVM.cs|GetEquipment|67|Found 0 Alpaca Domes
2026-03-07T09:45:45.5532|INFO|FlatDeviceChooserVM.cs|GetEquipment|67|Found 0 Alpaca Cover Calibrators
2026-03-07T09:45:45.5612|INFO|SafetyMonitorChooserVM.cs|GetEquipment|71|Found 0 Alpaca Safety Monitors
2026-03-07T09:45:45.5633|INFO|SwitchChooserVM.cs|GetEquipment|71|Found 0 Alpaca Switch Hubs
2026-03-07T09:45:45.5665|INFO|RotatorChooserVM.cs|GetEquipment|68|Found 0 Alpaca Rotators
2026-03-07T09:45:45.5688|INFO|TelescopeChooserVM.cs|GetEquipment|69|Found 0 Alpaca Telescopes
2026-03-07T09:45:45.5739|INFO|PluginFetcher.cs|RequestAll|57|Found 74 valid plugins at https://nighttime-imaging.eu/wp-json/nina/v1/plugins/manifests
2026-03-07T09:45:45.6525|INFO|CameraChooserVM.cs|GetEquipment|305|Found 0 Alpaca Cameras
2026-03-07T09:45:45.6586|INFO|CameraChooserVM.cs|GetEquipment|318|Found 0 Canon Cameras
2026-03-07T09:45:47.2268|INFO|ApplicationVM.cs|CheckDiskInfo|100|Available Space on Drive C:\: 114.06 GB
2026-03-07T09:45:47.2317|INFO|ApplicationVM.cs|CheckASCOMPlatformVersion|81|ASCOM Platform 6.6.2.4195 installed
2026-03-07T09:45:47.2332|INFO|ApplicationVM.cs|CheckDiskInfo|102|Drive E:\ is not ready
2026-03-07T09:45:47.2347|INFO|ApplicationVM.cs|CheckDiskInfo|100|Available Space on Drive G:\: 47.12 GB
2026-03-07T09:45:47.2436|INFO|ApplicationVM.cs|CheckDiskInfo|100|Available Space on Drive Z:\: 24.98 GB
2026-03-07T09:45:47.4177|INFO|FocuserChooserVM.cs|GetEquipment|84|Found 0 Alpaca Focusers
2026-03-07T09:45:47.6895|WARNING|When.cs|GetRunningItem|143|Can't get running items: SequencerNavigation not initialized yet!
2026-03-07T09:45:47.7752|INFO|DitherStatisticsVM.cs|StartThemeColorMonitoring|1338|Theme color monitoring timer started on UI thread
2026-03-07T09:45:48.2302|INFO|Sequence2VM.cs|TryLoadSequenceFile|414|Loading sequence file: C:\Users\nicka\Astro\NINA\NINA_Sequences\TargetScheduler.json
2026-03-07T09:45:48.8869|INFO|Sequence2VM.cs|TryLoadSequenceFile|420|Starting sequence from command line options
2026-03-07T09:45:48.8913|INFO|Sequence2VM.cs|StartSequence|543|Advanced Sequence starting
2026-03-07T09:45:49.6268|INFO|SequenceItem.cs|Run|208|Starting Category: * Instruction Set *, Container: NINA.Sequencer.Container.SequenceRootContainer, Strategy: SequentialStrategy, Items[CREATED]: 3, Triggers: Category: Ground Station, Item: Failures to Telegram
2026-03-07T09:45:49.7326|INFO|SequenceItem.cs|Run|208|Starting Category: * Instruction Set *, Container: NINA.Sequencer.Container.StartAreaContainer, Strategy: SequentialStrategy, Items[CREATED]: 1
2026-03-07T09:45:49.7335|INFO|SequenceItem.cs|Run|208|Starting Category: * Instruction Set *, Container: NINA.Sequencer.Container.SequentialContainer, Strategy: SequentialStrategy, Items[CREATED]: 10
2026-03-07T09:45:49.7344|INFO|SequenceItem.cs|Run|208|Starting Category: Ground Station, Item: Send to Pushover, Title: Start
2026-03-07T09:45:49.9924|INFO|SequenceItem.cs|Run|254|Finishing Category: Ground Station, Item: Send to Pushover, Title: Start
2026-03-07T09:45:49.9980|INFO|SequenceItem.cs|Run|208|Starting Category: Utility, Item: WaitForTime, Time: 18:11:56h, Offset: -80
2026-03-07T09:45:50.4027|INFO|DockManagerVM.cs|InitializeAvalonDockLayout|366|Initializing imaging tab layout from C:\Users\nicka\AppData\Local\NINA\Profiles\0173997c-4bfa-48fd-9337-a48b6df99c38.dock.config
2026-03-07T18:12:21.8095|INFO|SequenceItem.cs|Run|254|Finishing Category: Utility, Item: WaitForTime, Time: 18:12:38h, Offset: -80
2026-03-07T18:12:21.8130|INFO|SequenceItem.cs|Run|208|Starting Category: Ground Station, Item: Send to Telegram
2026-03-07T18:12:22.6545|INFO|SequenceItem.cs|Run|254|Finishing Category: Ground Station, Item: Send to Telegram
2026-03-07T18:12:22.6549|INFO|SequenceItem.cs|Run|208|Starting Category: Ground Station, Item: Send to Pushover, Title: Configure Equipment
2026-03-07T18:12:22.8200|INFO|SequenceItem.cs|Run|254|Finishing Category: Ground Station, Item: Send to Pushover, Title: Configure Equipment
2026-03-07T18:12:22.8214|INFO|SequenceItem.cs|Run|208|Starting Category: Connect, Item: ConnectAllEquipment
2026-03-07T18:12:22.8491|INFO|CameraChooserVM.cs|GetEquipment|69|Found 2 ASI Cameras
2026-03-07T18:12:22.9195|INFO|CameraChooserVM.cs|GetEquipment|84|Found 0 Altair Cameras
2026-03-07T18:12:22.9197|INFO|CameraChooserVM.cs|GetEquipment|96|Found 0 Atik Cameras
2026-03-07T18:12:22.9203|INFO|CameraChooserVM.cs|GetEquipment|110|Found 0 FLI Cameras
2026-03-07T18:12:22.9206|INFO|CameraChooserVM.cs|GetEquipment|130|Found 0 QHYCCD Cameras
2026-03-07T18:12:23.0749|INFO|CameraChooserVM.cs|GetEquipment|158|Found 0 ToupTek Cameras
2026-03-07T18:12:23.0798|INFO|CameraChooserVM.cs|GetEquipment|173|Found 0 Ogma Cameras
2026-03-07T18:12:23.0931|INFO|CameraChooserVM.cs|GetEquipment|188|Found 0 Omegon Cameras
2026-03-07T18:12:23.2495|INFO|CameraChooserVM.cs|GetEquipment|203|Found 0 RisingCam Cameras
2026-03-07T18:12:23.2647|INFO|CameraChooserVM.cs|GetEquipment|218|Found 0 MallinCam Cameras
2026-03-07T18:12:23.2664|INFO|CameraChooserVM.cs|GetEquipment|243|Found 0 SVBony Cameras
2026-03-07T18:12:23.2689|INFO|CameraChooserVM.cs|GetEquipment|259|Found 0 SBIG Cameras
2026-03-07T18:12:23.2695|INFO|CameraChooserVM.cs|GetEquipment|279|Found 0 SVBony Cameras
2026-03-07T18:12:23.2699|INFO|CameraChooserVM.cs|GetEquipment|279|Found 0 PlayerOne Cameras
2026-03-07T18:12:23.2782|INFO|CameraChooserVM.cs|GetEquipment|279|Found 0 ASTPAN Cameras
2026-03-07T18:12:23.2791|INFO|CameraChooserVM.cs|GetEquipment|293|Found 4 ASCOM Cameras
2026-03-07T18:12:25.2788|INFO|CameraChooserVM.cs|GetEquipment|305|Found 0 Alpaca Cameras
2026-03-07T18:12:25.2846|INFO|CameraChooserVM.cs|GetEquipment|318|Found 0 Canon Cameras
2026-03-07T18:12:25.4212|INFO|CameraVM.cs|Disconnect|650|Disconnected Camera
2026-03-07T18:12:25.9904|WARNING|ASICamera.cs|SetControlValue|568|Failed to set ASI Control Value ASI_WB_B with value 50
2026-03-07T18:12:25.9906|WARNING|ASICamera.cs|SetControlValue|568|Failed to set ASI Control Value ASI_WB_R with value 50
2026-03-07T18:12:25.9906|WARNING|ASICamera.cs|SetControlValue|568|Failed to set ASI Control Value ASI_GAMMA with value 50
2026-03-07T18:12:25.9907|WARNING|ASICamera.cs|SetControlValue|568|Failed to set ASI Control Value ASI_HIGH_SPEED_MODE with value 0
2026-03-07T18:12:25.9907|WARNING|ASICamera.cs|SetControlValue|568|Failed to set ASI Control Value ASI_OVERCLOCK with value 0
2026-03-07T18:12:25.9908|WARNING|ASICamera.cs|SetControlValue|568|Failed to set ASI Control Value ASI_PATTERN_ADJUST with value 0
2026-03-07T18:12:25.9916|WARNING|ASICamera.cs|SetControlValue|568|Failed to set ASI Control Value ASI_MONO_BIN with value 0
2026-03-07T18:12:25.9927|INFO|ASICamera.cs|Initialize|664|Camera ID: ASI533MM
2026-03-07T18:12:26.0032|WARNING|ASICamera.cs|SetControlValue|568|Failed to set ASI Control Value ASI_ANTI_DEW_HEATER with value 0
2026-03-07T18:12:26.0600|INFO|CameraVM.cs|ChooseCamera|455|Successfully connected Camera. Id: ZWOptical_ZWO ASI533MM Pro_ASI533MM Name: ZWO ASI533MM Pro DisplayName: ZWO ASI533MM Pro (ASI533MM)Driver Version: 1, 39, 0, 0
2026-03-07T18:12:26.6091|INFO|FilterWheelChooserVM.cs|GetEquipment|167|Found 1 Networked Filter Wheel Filter Wheels
2026-03-07T18:12:28.6111|INFO|FilterWheelChooserVM.cs|GetEquipment|193|Found 0 Alpaca Filter Wheels
2026-03-07T18:12:28.6705|INFO|FilterWheelVM.cs|Disconnect|333|Disconnected Filter Wheel
2026-03-07T18:12:31.9363|INFO|FilterWheelVM.cs|ChooseFW|279|Successfully connected Filter Wheel. Id: ASCOM.EFW2.FilterWheel Name: ZWO FilterWheel DisplayName: ZWO FilterWheel (ASCOM) Driver Version: 6.0
2026-03-07T18:12:35.7899|INFO|FocuserChooserVM.cs|GetEquipment|84|Found 0 Alpaca Focusers
2026-03-07T18:12:35.8336|INFO|FocuserVM.cs|Disconnect|441|Disconnected Focuser
2026-03-07T18:12:37.0527|ERROR|AscomDevice.cs|GetProperty|546|An unexpected exception occurred during GET of Focuser.StepSize: 
ASCOM.DriverException: The method or operation is not implemented.
 ---> System.NotImplementedException: The method or operation is not implemented.
   --- End of inner exception stack trace ---
   at ASCOM.Com.DriverAccess.DynamicAccess.CheckDotNetExceptions(String memberName, Exception e) in J:\ASCOMLibrary\ASCOM.Com\ASCOM.Com.DriverAccess\BaseClass\DynamicAccess.cs:line 278
   at ASCOM.Com.DriverAccess.DynamicAccess.TryGetMember(GetMemberBinder binder, Object& result) in J:\ASCOMLibrary\ASCOM.Com\ASCOM.Com.DriverAccess\BaseClass\DynamicAccess.cs:line 150
   at CallSite.Target(Closure, CallSite, Object)
   at System.Dynamic.UpdateDelegates.UpdateAndExecute1[T0,TRet](CallSite site, T0 arg0)
   at ASCOM.Com.DriverAccess.Focuser.get_StepSize() in J:\ASCOMLibrary\ASCOM.Com\ASCOM.Com.DriverAccess\Focuser.cs:line 159
   at System.RuntimeMethodHandle.InvokeMethod(Object target, Void** arguments, Signature sig, Boolean isConstructor)
   at System.Reflection.MethodBaseInvoker.InvokeWithNoArgs(Object obj, BindingFlags invokeAttr)
2026-03-07T18:12:37.2753|INFO|AscomDevice.cs|GetProperty|485|Retrying to GET Focuser.StepSize - Attempt 2 / 3
2026-03-07T18:12:37.2767|ERROR|AscomDevice.cs|GetProperty|546|An unexpected exception occurred during GET of Focuser.StepSize: 
ASCOM.DriverException: The method or operation is not implemented.
 ---> System.NotImplementedException: The method or operation is not implemented.
   --- End of inner exception stack trace ---
   at ASCOM.Com.DriverAccess.DynamicAccess.CheckDotNetExceptions(String memberName, Exception e) in J:\ASCOMLibrary\ASCOM.Com\ASCOM.Com.DriverAccess\BaseClass\DynamicAccess.cs:line 278
   at ASCOM.Com.DriverAccess.DynamicAccess.TryGetMember(GetMemberBinder binder, Object& result) in J:\ASCOMLibrary\ASCOM.Com\ASCOM.Com.DriverAccess\BaseClass\DynamicAccess.cs:line 150
   at CallSite.Target(Closure, CallSite, Object)
   at ASCOM.Com.DriverAccess.Focuser.get_StepSize() in J:\ASCOMLibrary\ASCOM.Com\ASCOM.Com.DriverAccess\Focuser.cs:line 159
   at InvokeStub_Focuser.get_StepSize(Object, Object, IntPtr*)
   at System.Reflection.MethodBaseInvoker.InvokeWithNoArgs(Object obj, BindingFlags invokeAttr)
2026-03-07T18:12:37.4779|INFO|AscomDevice.cs|GetProperty|485|Retrying to GET Focuser.StepSize - Attempt 3 / 3
2026-03-07T18:12:37.4801|ERROR|AscomDevice.cs|GetProperty|546|An unexpected exception occurred during GET of Focuser.StepSize: 
ASCOM.DriverException: The method or operation is not implemented.
 ---> System.NotImplementedException: The method or operation is not implemented.
   --- End of inner exception stack trace ---
   at ASCOM.Com.DriverAccess.DynamicAccess.CheckDotNetExceptions(String memberName, Exception e) in J:\ASCOMLibrary\ASCOM.Com\ASCOM.Com.DriverAccess\BaseClass\DynamicAccess.cs:line 278
   at ASCOM.Com.DriverAccess.DynamicAccess.TryGetMember(GetMemberBinder binder, Object& result) in J:\ASCOMLibrary\ASCOM.Com\ASCOM.Com.DriverAccess\BaseClass\DynamicAccess.cs:line 150
   at CallSite.Target(Closure, CallSite, Object)
   at ASCOM.Com.DriverAccess.Focuser.get_StepSize() in J:\ASCOMLibrary\ASCOM.Com\ASCOM.Com.DriverAccess\Focuser.cs:line 159
   at InvokeStub_Focuser.get_StepSize(Object, Object, IntPtr*)
   at System.Reflection.MethodBaseInvoker.InvokeWithNoArgs(Object obj, BindingFlags invokeAttr)
2026-03-07T18:12:37.4811|INFO|AscomDevice.cs|GetProperty|556|GET Focuser.StepSize failed - Returning last known value 0
2026-03-07T18:12:37.7318|INFO|FocuserVM.cs|ChooseFocuser|333|Successfully connected Focuser. Id: ASCOM.EAF.Focuser Name: ZWO Focuser DisplayName: ZWO Focuser (ASCOM) Driver Version: 6.0
2026-03-07T18:12:39.7382|INFO|TelescopeChooserVM.cs|GetEquipment|69|Found 0 Alpaca Telescopes
2026-03-07T18:12:39.8186|INFO|TelescopeVM.cs|Disconnect|740|Disconnected mount
2026-03-07T18:12:42.6214|INFO|AscomTelescope.cs|CheckMountTime|845|Mount UTC Time: 2026-03-08 00:12:42Z / System UTC Time: 2026-03-08 00:12:42Z; Difference: 0.003 seconds
2026-03-07T18:12:42.6748|INFO|AscomTelescope.cs|CheckMountTime|852|System time has been synced to the mount
2026-03-07T18:12:42.9714|INFO|TelescopeVM.cs|ChooseTelescope|535|Successfully connected mount. Id: ASCOM.iOptron2017.Telescope Name: iOptron CEM120,70,40,26, GEM, HEM, HAE, HAZ series and SkyHunter Mount DisplayName: iOptron CEM120,70,40,26, GEM, HEM, HAE, HAZ series and SkyHunter Mount (ASCOM) Driver Version: 9.15
2026-03-07T18:12:42.9836|INFO|PHD2Guider.cs|Connect|205|Connecting to PHD2 server at 127.0.0.1:4400
2026-03-07T18:12:46.8219|INFO|PHD2Client.cs|ConnectAsync|118|PHD2Client: Connected successfully!
2026-03-07T18:12:46.8220|INFO|DitherStatisticsVM.cs|OnPHD2ConnectionStatusChanged|734|PHD2 Connection Status: Connected
2026-03-07T18:12:46.8220|INFO|DitherStatisticsVM.cs|ConnectToPHD2|713|Successfully connected to PHD2!
2026-03-07T18:12:46.8236|INFO|PHD2Client.cs|ReadEventsAsync|181|PHD2Client: Started reading events
2026-03-07T18:12:47.4049|INFO|PHD2Client.cs|HandleVersion|366|PHD2Client: Connected to PHD2 version 2.6.14. (Message Protocol v1)
2026-03-07T18:12:47.4060|INFO|PHD2Client.cs|HandleAppState|376|PHD2Client: PHD2 AppState: Stopped
2026-03-07T18:12:47.5241|INFO|PHD2Client.cs|ProcessEvent|268|PHD2: ConfigurationChange
2026-03-07T18:12:48.2415|INFO|PHD2Client.cs|QueryExposureTime|1216|PHD2Client: Exposure time from PHD2 API: 2.000 seconds (2000 ms)
2026-03-07T18:12:50.3116|INFO|WeatherDataChooserVM.cs|GetEquipment|69|Found 0 Alpaca Observing Conditions
2026-03-07T18:12:50.3212|INFO|WeatherDataVM.cs|Disconnect|305|Disconnected Weather Device
2026-03-07T18:12:51.8268|INFO|AscomDevice.cs|GetProperty|527|Property ObservingConditions.SkyQuality GET is not implemented in this driver (SkyAlert Observing Conditions)
2026-03-07T18:12:51.8338|INFO|AscomDevice.cs|GetProperty|527|Property ObservingConditions.StarFWHM GET is not implemented in this driver (SkyAlert Observing Conditions)
2026-03-07T18:12:51.8474|INFO|WeatherDataVM.cs|ChooseWeatherData|150|Successfully connected Weather Device. Id: ASCOM.SkyAlert.ObservingConditions Name: SkyAlert Observing Conditions DisplayName: SkyAlert Observing Conditions (ASCOM) Driver Version: 1.7
2026-03-07T18:12:53.8502|INFO|SafetyMonitorChooserVM.cs|GetEquipment|71|Found 0 Alpaca Safety Monitors
2026-03-07T18:12:53.8867|INFO|SafetyMonitorVM.cs|Disconnect|221|Disconnected Safety Monitor
2026-03-07T18:12:54.3294|INFO|SafetyMonitorVM.cs|Connect|175|Successfully connected Safety Monitor. Id: ASCOM.GenericFile.SafetyMonitor Name: Generic File driver DisplayName: Generic File driver (ASCOM) Driver Version: 6.4
2026-03-07T18:12:54.3298|INFO|SequenceItem.cs|Run|254|Finishing Category: Connect, Item: ConnectAllEquipment
2026-03-07T18:12:54.3304|INFO|SequenceItem.cs|Run|208|Starting Category: Telescope, Item: FindHome
2026-03-07T18:12:54.3367|INFO|PHD2Guider.cs|StopGuiding|704|Phd2 - Stop Guiding skipped, as the app is already in state Stopped
2026-03-07T18:12:54.3387|INFO|TelescopeVM.cs|FindHome|292|Mount ordered to locate home position
2026-03-07T18:12:54.3412|INFO|TelescopeVM.cs|FindHome|336|Mount ordered to home but it is already at home
2026-03-07T18:12:54.3415|INFO|TelescopeVM.cs|FindHome|348|Mount has located its home position
2026-03-07T18:12:54.3424|INFO|SequenceItem.cs|Run|254|Finishing Category: Telescope, Item: FindHome
2026-03-07T18:12:54.3427|INFO|SequenceItem.cs|Run|208|Starting Category: Ground Station, Item: Send to Telegram
2026-03-07T18:12:54.9896|INFO|SequenceItem.cs|Run|254|Finishing Category: Ground Station, Item: Send to Telegram
2026-03-07T18:12:54.9904|INFO|SequenceItem.cs|Run|208|Starting Category: Ground Station, Item: Send to Pushover, Title: Cool
2026-03-07T18:12:55.1585|INFO|SequenceItem.cs|Run|254|Finishing Category: Ground Station, Item: Send to Pushover, Title: Cool
2026-03-07T18:12:55.1601|INFO|SequenceItem.cs|Run|208|Starting Category: Camera, Item: CoolCamera, Temperature: -5, Duration: 15
2026-03-07T18:12:55.1677|INFO|CameraVM.cs|CoolCamera|138|Cooling Camera. Target: -5 Duration: 00:15:00
2026-03-07T18:12:56.3336|INFO|SafetyMonitorVM.cs|UpdateMonitorValues|95|SafetyMonitorInfo state changed to Unsafe
2026-03-07T18:28:00.0513|INFO|SequenceItem.cs|Run|254|Finishing Category: Camera, Item: CoolCamera, Temperature: -5, Duration: 15
2026-03-07T18:28:00.0518|INFO|SequenceItem.cs|Run|208|Starting Category: Utility, Item: WaitForTime, Time: 19:17:38h, Offset: -15
2026-03-07T19:17:40.4130|INFO|SequenceItem.cs|Run|254|Finishing Category: Utility, Item: WaitForTime, Time: 19:17:38h, Offset: -15
2026-03-07T19:17:40.4223|INFO|SequenceItem.cs|Run|254|Finishing Category: * Instruction Set *, Container: NINA.Sequencer.Container.SequentialContainer, Strategy: SequentialStrategy, Items[FINISHED]: 10
2026-03-07T19:17:40.4227|INFO|SequenceItem.cs|Run|254|Finishing Category: * Instruction Set *, Container: NINA.Sequencer.Container.StartAreaContainer, Strategy: SequentialStrategy, Items[FINISHED]: 1
2026-03-07T19:17:40.4233|INFO|SequenceItem.cs|Run|208|Starting Category: * Instruction Set *, Container: NINA.Sequencer.Container.TargetAreaContainer, Strategy: SequentialStrategy, Items[CREATED]: 1
2026-03-07T19:17:40.4277|INFO|SequenceItem.cs|Run|208|Starting Category: * Instruction Set *, Container: NINA.Sequencer.Container.SequentialContainer, Strategy: SequentialStrategy, Items[CREATED]: 10, Conditions: Condition: TimeCondition, Time: 7:3:38h, Condition: TargetSchedulerCondition mode=While Targets Remain Tonight, , Triggers: Trigger: CenterAfterDriftTrigger, DistanceArcMinutes: 1Trigger: WhenUnsafeCategory: Ground Station, Item: Failures to TelegramCategory: Connect, Item: ReconnectOnDownloadFailureTrigger: AutofocusAfterHFRIncreaseTrigger, Amount: 5Trigger: MeridianFlipTriggerCategory: Powerups (Misc), Item: DIYTriggerCategory: Ground Station, Item: Failures to PushoverTrigger: AutofocusAfterTemperatureChangeTrigger, Amount: 1.5°
2026-03-07T19:17:40.4329|INFO|WhenCommon.cs|SequenceBlockInitialize|204|Initialize; starting watchdog
2026-03-07T19:17:40.4390|INFO|WhenUnsafe.cs|CheckSafe|77|IsSafe is now FALSE; connected = True, IsSafe = False
2026-03-07T19:17:40.4393|INFO|WhenCommon.cs|ShouldTrigger|378|ShouldTrigger TRUE from InterruptWhen, setting TriggerRunner
2026-03-07T19:17:40.4394|INFO|WhenCommon.cs|InterruptWhen|322|Interrupting current Instruction Set
2026-03-07T19:17:40.4426|INFO|WhenCommon.cs|InterruptWhen|332|Canceling sequence...
2026-03-07T19:17:41.4422|INFO|WhenCommon.cs|InterruptWhen|336|Delay 1000
2026-03-07T19:17:42.4426|INFO|WhenCommon.cs|InterruptWhen|336|Delay 1000
2026-03-07T19:17:43.4427|INFO|WhenCommon.cs|InterruptWhen|336|Delay 1000
2026-03-07T19:17:44.4427|INFO|WhenCommon.cs|InterruptWhen|336|Delay 1000
2026-03-07T19:17:45.4429|INFO|WhenCommon.cs|InterruptWhen|336|Delay 1000
2026-03-07T19:17:46.4439|INFO|WhenCommon.cs|InterruptWhen|336|Delay 1000
2026-03-07T19:17:47.4435|INFO|WhenCommon.cs|InterruptWhen|336|Delay 1000
2026-03-07T19:17:48.4445|INFO|WhenCommon.cs|InterruptWhen|336|Delay 1000
2026-03-07T19:17:49.4446|INFO|WhenCommon.cs|InterruptWhen|336|Delay 1000
2026-03-07T19:17:50.4441|INFO|WhenCommon.cs|InterruptWhen|336|Delay 1000
2026-03-07T19:17:51.4459|INFO|WhenCommon.cs|InterruptWhen|336|Delay 1000
2026-03-07T19:17:52.4452|INFO|WhenCommon.cs|InterruptWhen|336|Delay 1000
2026-03-07T19:17:53.4459|INFO|WhenCommon.cs|InterruptWhen|336|Delay 1000
2026-03-07T19:17:54.4461|INFO|WhenCommon.cs|InterruptWhen|336|Delay 1000
2026-03-07T19:17:55.4454|INFO|WhenCommon.cs|InterruptWhen|336|Delay 1000
2026-03-07T19:17:56.4461|INFO|WhenCommon.cs|InterruptWhen|336|Delay 1000
2026-03-07T19:17:57.4534|INFO|WhenCommon.cs|InterruptWhen|336|Delay 1000
2026-03-07T19:17:57.9509|INFO|WhenCommon.cs|SequenceBlockTeardown|198|Teardown; shutting down watchdog
2026-03-07T19:17:57.9533|INFO|Sequencer.cs|Start|85|Sequence run was cancelled
2026-03-07T19:17:57.9836|INFO|Sequence2VM.cs|StartSequence|548|Advanced Sequence finished
2026-03-07T19:17:58.4646|INFO|WhenCommon.cs|InterruptWhen|339|Sequence no longer running
2026-03-07T19:17:58.4656|WARNING|WhenCommon.cs|CheckSlewing|263|CheckSlewing, WhenUnsafe = True, Connected = True, CanSlew = True, info.Slewing = False
2026-03-07T19:17:58.4725|INFO|Sequence2VM.cs|StartSequence|543|Advanced Sequence starting
2026-03-07T19:17:58.5868|INFO|SequenceItem.cs|Run|208|Starting Category: * Instruction Set *, Container: NINA.Sequencer.Container.SequenceRootContainer, Strategy: SequentialStrategy, Items[CREATED]: 3, Triggers: Category: Ground Station, Item: Failures to Telegram
2026-03-07T19:17:58.5872|INFO|SequenceItem.cs|Run|208|Starting Category: * Instruction Set *, Container: NINA.Sequencer.Container.StartAreaContainer, Strategy: SequentialStrategy, Items[FINISHED]: 1
2026-03-07T19:17:58.5873|INFO|SequenceItem.cs|Run|254|Finishing Category: * Instruction Set *, Container: NINA.Sequencer.Container.StartAreaContainer, Strategy: SequentialStrategy, Items[FINISHED]: 1
2026-03-07T19:17:58.5874|INFO|SequenceItem.cs|Run|208|Starting Category: * Instruction Set *, Container: NINA.Sequencer.Container.TargetAreaContainer, Strategy: SequentialStrategy, Items[CREATED]: 1
2026-03-07T19:17:58.5875|INFO|SequenceItem.cs|Run|208|Starting Category: * Instruction Set *, Container: NINA.Sequencer.Container.SequentialContainer, Strategy: SequentialStrategy, Items[CREATED]: 10, Conditions: Condition: TimeCondition, Time: 7:3:38h, Condition: TargetSchedulerCondition mode=While Targets Remain Tonight, , Triggers: Trigger: CenterAfterDriftTrigger, DistanceArcMinutes: 1Trigger: WhenUnsafeCategory: Ground Station, Item: Failures to TelegramCategory: Connect, Item: ReconnectOnDownloadFailureTrigger: AutofocusAfterHFRIncreaseTrigger, Amount: 5Trigger: MeridianFlipTriggerCategory: Powerups (Misc), Item: DIYTriggerCategory: Ground Station, Item: Failures to PushoverTrigger: AutofocusAfterTemperatureChangeTrigger, Amount: 1.5°
2026-03-07T19:17:58.5878|INFO|WhenCommon.cs|SequenceBlockInitialize|204|Initialize; starting watchdog
2026-03-07T19:17:58.5893|INFO|WhenCommon.cs|ShouldTrigger|382|ShouldTrigger TRUE, setting TriggerRunner
2026-03-07T19:17:58.5915|INFO|SequenceTrigger.cs|Run|114|Starting Trigger: WhenUnsafe
2026-03-07T19:17:58.6244|INFO|WhenCommon.cs|Execute|395|Execute 0
2026-03-07T19:17:58.6246|INFO|WhenCommon.cs|Execute|409|When: running TriggerRunner, InFlight -> true, Triggered -> false
2026-03-07T19:17:58.6246|WARNING|WhenCommon.cs|CheckSlewing|263|CheckSlewing, WhenUnsafe = True, Connected = True, CanSlew = True, info.Slewing = False
2026-03-07T19:17:58.6249|INFO|SequenceItem.cs|Run|208|Starting Category: , Container: WhenPlugin.When.IfContainer, Strategy: SequentialStrategy, Items[CREATED]: 9
2026-03-07T19:17:58.6306|INFO|MeridianFlipTrigger.cs|ShouldTrigger|197|Meridian Flip - Telescope is at home position. Skip flip evaluation
2026-03-07T19:17:58.6324|INFO|SequenceItem.cs|Run|208|Starting Category: Ground Station, Item: Send to Telegram
2026-03-07T19:17:59.3994|INFO|SequenceItem.cs|Run|254|Finishing Category: Ground Station, Item: Send to Telegram
2026-03-07T19:17:59.4338|INFO|MeridianFlipTrigger.cs|ShouldTrigger|197|Meridian Flip - Telescope is at home position. Skip flip evaluation
2026-03-07T19:17:59.4341|INFO|SequenceItem.cs|Run|208|Starting Category: Ground Station, Item: Send to Pushover, Title: Unsafe
2026-03-07T19:17:59.6088|INFO|SequenceItem.cs|Run|254|Finishing Category: Ground Station, Item: Send to Pushover, Title: Unsafe
2026-03-07T19:17:59.6100|INFO|MeridianFlipTrigger.cs|ShouldTrigger|197|Meridian Flip - Telescope is at home position. Skip flip evaluation
2026-03-07T19:17:59.6102|INFO|SequenceItem.cs|Run|208|Starting Category: Telescope, Item: FindHome
2026-03-07T19:17:59.6162|INFO|PHD2Guider.cs|StopGuiding|704|Phd2 - Stop Guiding skipped, as the app is already in state Stopped
2026-03-07T19:17:59.6165|INFO|TelescopeVM.cs|FindHome|292|Mount ordered to locate home position
2026-03-07T19:17:59.6175|INFO|TelescopeVM.cs|FindHome|336|Mount ordered to home but it is already at home
2026-03-07T19:17:59.6176|INFO|TelescopeVM.cs|FindHome|348|Mount has located its home position
2026-03-07T19:17:59.6180|INFO|SequenceItem.cs|Run|254|Finishing Category: Telescope, Item: FindHome
2026-03-07T19:17:59.6433|INFO|MeridianFlipTrigger.cs|ShouldTrigger|197|Meridian Flip - Telescope is at home position. Skip flip evaluation
2026-03-07T19:17:59.6440|INFO|SequenceItem.cs|Run|208|Starting Category: Guider, Item: StopGuiding
2026-03-07T19:17:59.6473|INFO|PHD2Guider.cs|StopGuiding|704|Phd2 - Stop Guiding skipped, as the app is already in state Stopped
2026-03-07T19:17:59.6474|INFO|SequenceItem.cs|Run|254|Finishing Category: Guider, Item: StopGuiding
2026-03-07T19:17:59.6729|INFO|MeridianFlipTrigger.cs|ShouldTrigger|197|Meridian Flip - Telescope is at home position. Skip flip evaluation
2026-03-07T19:17:59.6736|INFO|SequenceItem.cs|Run|208|Starting Category: Connect, Item: DisconnectEquipment, Selected device: Safety Monitor
2026-03-07T19:17:59.7512|INFO|AscomDevice.cs|Disconnect|378|Disconnecting from ASCOM.GenericFile.SafetyMonitor Generic File driver
2026-03-07T19:17:59.7864|INFO|SafetyMonitorVM.cs|Disconnect|221|Disconnected Safety Monitor
2026-03-07T19:17:59.7867|INFO|SequenceItem.cs|Run|254|Finishing Category: Connect, Item: DisconnectEquipment, Selected device: Safety Monitor
2026-03-07T19:17:59.7873|INFO|MeridianFlipTrigger.cs|ShouldTrigger|197|Meridian Flip - Telescope is at home position. Skip flip evaluation
2026-03-07T19:17:59.7879|INFO|SequenceItem.cs|Run|208|Starting Category: Utility, Item: WaitForTimeSpan, Time: 60s
2026-03-07T19:18:59.9152|INFO|SequenceItem.cs|Run|254|Finishing Category: Utility, Item: WaitForTimeSpan, Time: 60s
2026-03-07T19:18:59.9162|INFO|MeridianFlipTrigger.cs|ShouldTrigger|197|Meridian Flip - Telescope is at home position. Skip flip evaluation
2026-03-07T19:18:59.9176|INFO|SequenceItem.cs|Run|208|Starting Category: Connect, Item: ConnectEquipment, Selected device: Safety Monitor, Selected device id: ASCOM.GenericFile.SafetyMonitor
2026-03-07T19:19:01.9251|INFO|SafetyMonitorChooserVM.cs|GetEquipment|71|Found 0 Alpaca Safety Monitors
2026-03-07T19:19:01.9826|INFO|SafetyMonitorVM.cs|Disconnect|221|Disconnected Safety Monitor
2026-03-07T19:19:02.0503|INFO|SafetyMonitorVM.cs|Connect|175|Successfully connected Safety Monitor. Id: ASCOM.GenericFile.SafetyMonitor Name: Generic File driver DisplayName: Generic File driver (ASCOM) Driver Version: 6.4
2026-03-07T19:19:02.0506|INFO|SequenceItem.cs|Run|254|Finishing Category: Connect, Item: ConnectEquipment, Selected device: Safety Monitor, Selected device id: ASCOM.GenericFile.SafetyMonitor
2026-03-07T19:19:02.0510|INFO|MeridianFlipTrigger.cs|ShouldTrigger|197|Meridian Flip - Telescope is at home position. Skip flip evaluation
2026-03-07T19:19:02.0511|INFO|SequenceItem.cs|Run|208|Starting Category: Utility, Item: WaitForTimeSpan, Time: 60s
2026-03-07T19:19:04.0507|INFO|SafetyMonitorVM.cs|UpdateMonitorValues|95|SafetyMonitorInfo state changed to Unsafe
2026-03-07T19:20:02.1405|INFO|SequenceItem.cs|Run|254|Finishing Category: Utility, Item: WaitForTimeSpan, Time: 60s
2026-03-07T19:20:02.1415|INFO|MeridianFlipTrigger.cs|ShouldTrigger|197|Meridian Flip - Telescope is at home position. Skip flip evaluation
2026-03-07T19:20:02.1420|INFO|SequenceItem.cs|Run|208|Starting Category: Powerups (Safety), Item: OnceSafe
2026-03-08T07:03:38.6891|INFO|TimeCondition.cs|Check|254|TimeCondition finished.
2026-03-08T07:03:38.6895|INFO|TimeCondition.cs|InterruptWhenTimeIsUp|63|Time limit exceeded - Interrupting current Instruction Set
2026-03-08T07:03:38.6983|INFO|WhenCommon.cs|Execute|425|When: Execute done; InFlight -> false, Triggered false
2026-03-08T07:03:38.6996|INFO|MeridianFlipTrigger.cs|ShouldTrigger|197|Meridian Flip - Telescope is at home position. Skip flip evaluation
2026-03-08T07:03:38.7001|INFO|SequenceItem.cs|Run|208|Starting Category: Utility, Item: WaitForTime, Time: 19:17:38h, Offset: -15
2026-03-08T07:03:38.7035|INFO|WhenCommon.cs|SequenceBlockTeardown|198|Teardown; shutting down watchdog
2026-03-08T07:03:38.7042|INFO|SequenceItem.cs|Run|254|Finishing Category: * Instruction Set *, Container: NINA.Sequencer.Container.SequentialContainer, Strategy: SequentialStrategy, Items[CREATED]: 10, Conditions: Condition: TimeCondition, Time: 7:3:38h, Condition: TargetSchedulerCondition mode=While Targets Remain Tonight, , Triggers: Trigger: CenterAfterDriftTrigger, DistanceArcMinutes: 1Trigger: WhenUnsafeCategory: Ground Station, Item: Failures to TelegramCategory: Connect, Item: ReconnectOnDownloadFailureTrigger: AutofocusAfterHFRIncreaseTrigger, Amount: 5Trigger: MeridianFlipTriggerCategory: Powerups (Misc), Item: DIYTriggerCategory: Ground Station, Item: Failures to PushoverTrigger: AutofocusAfterTemperatureChangeTrigger, Amount: 1.5°
2026-03-08T07:03:38.7045|INFO|SequenceItem.cs|Run|254|Finishing Category: * Instruction Set *, Container: NINA.Sequencer.Container.TargetAreaContainer, Strategy: SequentialStrategy, Items[FINISHED]: 1
2026-03-08T07:03:38.7051|INFO|SequenceItem.cs|Run|208|Starting Category: * Instruction Set *, Container: NINA.Sequencer.Container.EndAreaContainer, Strategy: SequentialStrategy, Items[CREATED]: 7
2026-03-08T07:03:38.7056|INFO|SequenceItem.cs|Run|208|Starting Category: Telescope, Item: FindHome
2026-03-08T07:03:38.7116|INFO|PHD2Guider.cs|StopGuiding|704|Phd2 - Stop Guiding skipped, as the app is already in state Stopped
2026-03-08T07:03:38.7118|INFO|TelescopeVM.cs|FindHome|292|Mount ordered to locate home position
2026-03-08T07:03:38.7125|INFO|TelescopeVM.cs|FindHome|336|Mount ordered to home but it is already at home
2026-03-08T07:03:38.7126|INFO|TelescopeVM.cs|FindHome|348|Mount has located its home position
2026-03-08T07:03:38.7130|INFO|SequenceItem.cs|Run|254|Finishing Category: Telescope, Item: FindHome
2026-03-08T07:03:38.7407|INFO|SequenceItem.cs|Run|208|Starting Category: Camera, Item: WarmCamera, Duration: 30
2026-03-08T07:03:38.7439|INFO|CameraVM.cs|WarmCamera|161|Warming Camera. Duration: 00:30:00
2026-03-08T07:35:48.0502|INFO|CameraVM.cs|WarmCamera|179|Could not reach warming temperature. Most likley due to ambient temperature being lower. Continuing...
2026-03-08T07:36:08.0738|INFO|CameraVM.cs|WarmCamera|186|Turning cooler off
2026-03-08T07:36:08.0754|INFO|SequenceItem.cs|Run|254|Finishing Category: Camera, Item: WarmCamera, Duration: 30
2026-03-08T07:36:08.0756|INFO|SequenceItem.cs|Run|208|Starting Category: Guider, Item: StopGuiding
2026-03-08T07:36:08.0783|INFO|PHD2Guider.cs|StopGuiding|704|Phd2 - Stop Guiding skipped, as the app is already in state Stopped
2026-03-08T07:36:08.0784|INFO|SequenceItem.cs|Run|254|Finishing Category: Guider, Item: StopGuiding
2026-03-08T07:36:08.0791|INFO|SequenceItem.cs|Run|208|Starting Category: Phd2 Tools, Item: ShutdownPhd2Instruction
2026-03-08T07:36:08.0996|INFO|SequenceItem.cs|Run|254|Finishing Category: Phd2 Tools, Item: ShutdownPhd2Instruction
2026-03-08T07:36:08.1003|INFO|SequenceItem.cs|Run|208|Starting Category: Connect, Item: DisconnectAllEquipment
2026-03-08T07:36:08.1060|WARNING|PHD2Client.cs|ReadEventsAsync|189|PHD2Client: Connection closed by server
2026-03-08T07:36:08.1061|INFO|DitherStatisticsVM.cs|OnPHD2ConnectionStatusChanged|737|PHD2 Connection Status: Connection lost
2026-03-08T07:36:08.1062|INFO|PHD2Client.cs|ReadEventsAsync|205|PHD2Client: Stopped reading events
2026-03-08T07:36:08.1803|INFO|CameraVM.cs|Disconnect|650|Disconnected Camera
2026-03-08T07:36:08.1811|INFO|AscomDevice.cs|Disconnect|378|Disconnecting from ASCOM.EFW2.FilterWheel ZWO FilterWheel
2026-03-08T07:36:08.6761|INFO|FilterWheelVM.cs|Disconnect|333|Disconnected Filter Wheel
2026-03-08T07:36:08.6793|INFO|AscomDevice.cs|Disconnect|378|Disconnecting from ASCOM.EAF.Focuser ZWO Focuser
2026-03-08T07:36:08.7215|INFO|FocuserVM.cs|Disconnect|441|Disconnected Focuser
2026-03-08T07:36:08.7218|INFO|DisconnectAllEquipment.cs|Execute|139|Rotator is already disconnected
2026-03-08T07:36:08.7247|INFO|AscomDevice.cs|Disconnect|378|Disconnecting from ASCOM.iOptron2017.Telescope iOptron CEM120,70,40,26, GEM, HEM, HAE, HAZ series and SkyHunter Mount
2026-03-08T07:36:08.8002|INFO|TelescopeVM.cs|Disconnect|740|Disconnected mount
2026-03-08T07:36:08.8006|INFO|DisconnectAllEquipment.cs|Execute|139|Guider is already disconnected
2026-03-08T07:36:08.8006|INFO|DisconnectAllEquipment.cs|Execute|139|Switch is already disconnected
2026-03-08T07:36:08.8007|INFO|DisconnectAllEquipment.cs|Execute|139|Flat Panel is already disconnected
2026-03-08T07:36:08.8228|INFO|AscomDevice.cs|Disconnect|378|Disconnecting from ASCOM.SkyAlert.ObservingConditions SkyAlert Observing Conditions
2026-03-08T07:36:08.8316|INFO|WeatherDataVM.cs|Disconnect|305|Disconnected Weather Device
2026-03-08T07:36:08.8318|INFO|DisconnectAllEquipment.cs|Execute|139|Dome is already disconnected
2026-03-08T07:36:08.8335|INFO|AscomDevice.cs|Disconnect|378|Disconnecting from ASCOM.GenericFile.SafetyMonitor Generic File driver
2026-03-08T07:36:08.8375|INFO|SafetyMonitorVM.cs|Disconnect|221|Disconnected Safety Monitor
2026-03-08T07:36:08.8378|INFO|SequenceItem.cs|Run|254|Finishing Category: Connect, Item: DisconnectAllEquipment
2026-03-08T07:36:08.8380|INFO|SequenceItem.cs|Run|208|Starting Category: Ground Station, Item: Send to Pushover, Title: Disconnected
2026-03-08T07:36:09.0252|INFO|SequenceItem.cs|Run|254|Finishing Category: Ground Station, Item: Send to Pushover, Title: Disconnected
2026-03-08T07:36:09.0255|INFO|SequenceItem.cs|Run|208|Starting Category: Ground Station, Item: Send to Telegram
2026-03-08T07:36:09.7517|INFO|SequenceItem.cs|Run|254|Finishing Category: Ground Station, Item: Send to Telegram
2026-03-08T07:36:09.7521|INFO|SequenceItem.cs|Run|254|Finishing Category: * Instruction Set *, Container: NINA.Sequencer.Container.EndAreaContainer, Strategy: SequentialStrategy, Items[FINISHED]: 7
2026-03-08T07:36:09.7524|INFO|SequenceItem.cs|Run|254|Finishing Category: * Instruction Set *, Container: NINA.Sequencer.Container.SequenceRootContainer, Strategy: SequentialStrategy, Items[FINISHED]: 3, Triggers: Category: Ground Station, Item: Failures to Telegram
2026-03-08T07:36:09.7538|INFO|Sequence2VM.cs|StartSequence|548|Advanced Sequence finished
2026-03-08T07:36:09.7548|INFO|WhenCommon.cs|InterruptWhen|350|Restarting sequence, Triggered -> true
2026-03-08T07:36:13.1144|INFO|PHD2Client.cs|ConnectAsync|102|PHD2Client: Connecting to PHD2 at 127.0.0.1:4400...
2026-03-08T07:36:15.1546|ERROR|PHD2Client.cs|ConnectAsync|132|PHD2Client: Connection failed: No connection could be made because the target machine actively refused it.
2026-03-08T10:30:33.4879|INFO|ApplicationVM.cs|Exit|244|Shutting down application - requested by user
2026-03-08T10:30:33.5998|INFO|ApplicationVM.cs|Closing|289|Application shutting down
2026-03-08T10:30:33.6397|INFO|DomeVM.cs|Disconnect|355|Disconnected Dome Device
2026-03-08T10:30:33.6449|INFO|FlatDeviceVM.cs|Disconnect|289|Disconnected Flat Device
2026-03-08T10:30:33.6553|INFO|CameraVM.cs|Disconnect|650|Disconnected Camera
2026-03-08T10:30:33.6559|INFO|TelescopeVM.cs|Disconnect|740|Disconnected mount
2026-03-08T10:30:33.6574|INFO|FilterWheelVM.cs|Disconnect|333|Disconnected Filter Wheel
2026-03-08T10:30:33.6578|INFO|FocuserVM.cs|Disconnect|441|Disconnected Focuser
2026-03-08T10:30:33.6631|INFO|RotatorVM.cs|Disconnect|447|Disconnected Rotator
2026-03-08T10:30:33.6670|INFO|SwitchVM.cs|Disconnect|309|Disconnected Switch
2026-03-08T10:30:33.6707|INFO|WeatherDataVM.cs|Disconnect|305|Disconnected Weather Device
2026-03-08T10:30:33.6709|INFO|SafetyMonitorVM.cs|Disconnect|221|Disconnected Safety Monitor
2026-03-08T10:30:33.9105|INFO|API.cs|StopWatchers|86|Stopping all event watchers
