----------------------------------------------------------------------
--------------N.I.N.A. - Nighttime Imaging 'N' Astronomy--------------
--------------------------Version 3.2.0.9001--------------------------
-------------------------2026-02-28T11:24:57--------------------------
----------------------------------------------------------------------
---------------------Microsoft Windows 10.0.19045---------------------
-------------------------OS Architecture X64--------------------------
-----------------------Process Architecture X64-----------------------
-----------------------------.NET 8.0.21------------------------------
----------------------------------------------------------------------
--------------------------Processor Count 4---------------------------
--------------------Total Physical Memory 7.84 GB---------------------
----------------------------------------------------------------------
DATE|LEVEL|SOURCE|MEMBER|LINE|MESSAGE
2026-02-28T11:24:57.4457|INFO|App.xaml.cs|OnStartup|170|Launched with command line arguments: --sequencefile C:\Users\nicka\Astro\NINA\NINA_Sequences\TargetScheduler.json --runsequence
2026-02-28T11:25:00.2875|INFO|CameraChooserVM.cs|GetEquipment|69|Found 2 ASI Cameras
2026-02-28T11:25:00.5384|INFO|CameraChooserVM.cs|GetEquipment|84|Found 0 Altair Cameras
2026-02-28T11:25:00.9456|INFO|CameraChooserVM.cs|GetEquipment|96|Found 0 Atik Cameras
2026-02-28T11:25:01.4681|INFO|CameraChooserVM.cs|GetEquipment|110|Found 0 FLI Cameras
2026-02-28T11:25:02.7179|INFO|CameraChooserVM.cs|GetEquipment|130|Found 0 QHYCCD Cameras
2026-02-28T11:25:03.2226|INFO|CameraChooserVM.cs|GetEquipment|158|Found 0 ToupTek Cameras
2026-02-28T11:25:03.3484|INFO|CameraChooserVM.cs|GetEquipment|173|Found 0 Ogma Cameras
2026-02-28T11:25:03.5061|INFO|CameraChooserVM.cs|GetEquipment|188|Found 0 Omegon Cameras
2026-02-28T11:25:04.0687|INFO|CameraChooserVM.cs|GetEquipment|203|Found 0 RisingCam Cameras
2026-02-28T11:25:04.2253|INFO|CameraChooserVM.cs|GetEquipment|218|Found 0 MallinCam Cameras
2026-02-28T11:25:04.3610|INFO|CameraChooserVM.cs|GetEquipment|243|Found 0 SVBony Cameras
2026-02-28T11:25:04.3642|INFO|CameraChooserVM.cs|GetEquipment|259|Found 0 SBIG Cameras
2026-02-28T11:25:08.0381|INFO|API.cs|Start|99|Starting Webserver
2026-02-28T11:25:08.0397|INFO|API.cs|APITask|134|starting web server, listening at 172.19.6.111:1888
2026-02-28T11:25:08.1829|INFO|NINALogWatcher.cs|Start|33|watching log file: C:\Users\nicka\AppData\Local\NINA\Logs\20260228-112456-3.2.0.9001.2600-202602.log
2026-02-28T11:25:08.1992|INFO|PluginLoader.cs|LoadPlugin|402|Successfully loaded plugin Advanced API version 2.2.15.0 by Christian Palm
2026-02-28T11:25:08.3399|INFO|PluginLoader.cs|LoadPlugin|402|Successfully loaded plugin Autofocus Report Analysis version 2.0.0.9 by Stefan Berg @isbeorn
2026-02-28T11:25:08.5157|INFO|PluginLoader.cs|LoadPlugin|402|Successfully loaded plugin Connector version 2.1.0.2 by Stefan Berg @isbeorn
2026-02-28T11:25:08.6839|INFO|PluginLoader.cs|LoadPlugin|402|Successfully loaded plugin Device Actions and Commands version 2.2.0.0 by Dale Ghent
2026-02-28T11:25:09.2644|INFO|PluginLoader.cs|LoadPlugin|402|Successfully loaded plugin Discord Alert version 2.2.0.0 by Drew McDermott
2026-02-28T11:25:10.6564|INFO|PluginLoader.cs|LoadPlugin|402|Successfully loaded plugin Discord Notification version 2.0.0.10 by Daniel Ludwig
2026-02-28T11:25:11.7890|INFO|DitherStatisticsVM.cs|CreatePluginIcon|1483|Plugin icon geometry created successfully
2026-02-28T11:25:11.8177|INFO|DitherStatisticsVM.cs|LoadDataTemplates|1452|DitherStatistics DataTemplates loaded successfully
2026-02-28T11:25:11.8220|INFO|DitherStatisticsVM.cs|SaveQualityAssessmentSetting|387|Quality Assessment setting saved to file: True
2026-02-28T11:25:11.8221|INFO|DitherStatisticsVM.cs|LoadQualityAssessmentSetting|364|Quality Assessment setting loaded from file: True
2026-02-28T11:25:11.8361|INFO|DitherStatisticsVM.cs|SaveDitherOptimizerSetting|490|Dither Optimizer setting saved to file: False
2026-02-28T11:25:11.8363|INFO|DitherStatisticsVM.cs|LoadDitherOptimizerSetting|471|Dither Optimizer setting loaded from file: False
2026-02-28T11:25:11.8369|INFO|DitherStatisticsVM.cs|SubscribeToGuiderEvents|834|Subscribed to NINA guider events
2026-02-28T11:25:11.8428|INFO|DitherStatisticsVM.cs|StartThemeColorMonitoring|1329|Initial PrimaryBrush color: R:176 G:179 B:185
2026-02-28T11:25:11.8430|INFO|DitherStatisticsVM.cs|.ctor|96|DitherStatisticsVM initialized successfully with ScottPlot 4.1 (Lazy Loading)!
2026-02-28T11:25:11.8437|INFO|PluginLoader.cs|LoadPlugin|402|Successfully loaded plugin Dither Statistics version 1.3.0.0 by Thierry Tschanz
2026-02-28T11:25:11.9981|INFO|PluginLoader.cs|LoadPlugin|402|Successfully loaded plugin Filter Offset Calculator version 2.0.0.0 by S. Dimant & Stefan Berg
2026-02-28T11:25:12.1953|INFO|PluginLoader.cs|LoadPlugin|402|Successfully loaded plugin Flexure Correction version 0.8.0.0 by Francesco Meschia
2026-02-28T11:25:13.8548|INFO|DitherStatisticsVM.cs|ConnectToPHD2|708|Attempting to connect to PHD2...
2026-02-28T11:25:13.8567|INFO|PHD2Client.cs|ConnectAsync|102|PHD2Client: Connecting to PHD2 at 127.0.0.1:4400...
2026-02-28T11:25:14.6441|INFO|PluginLoader.cs|LoadPlugin|402|Successfully loaded plugin Ground Station version 3.0.0.117 by Dale Ghent
2026-02-28T11:25:15.8897|ERROR|PHD2Client.cs|ConnectAsync|132|PHD2Client: Connection failed: No connection could be made because the target machine actively refused it.
2026-02-28T11:25:15.8901|INFO|DitherStatisticsVM.cs|OnPHD2ConnectionStatusChanged|737|PHD2 Connection Status: Connection failed: No connection could be made because the target machine actively refused it.
2026-02-28T11:25:25.2875|INFO|PluginLoader.cs|LoadPlugin|402|Successfully loaded plugin Hocus Focus version 3.0.0.24 by George Hilios (jokogeo)
2026-02-28T11:25:26.0836|INFO|PluginLoader.cs|LoadPlugin|402|Successfully loaded plugin Horizon Creator version 1.1.2.1 by Christian Palm
2026-02-28T11:25:26.2798|INFO|PluginLoader.cs|LoadPlugin|402|Successfully loaded plugin Lightbucket version 2.2.4.0 by Lightbucket
2026-02-28T11:25:27.0263|INFO|PluginLoader.cs|LoadPlugin|402|Successfully loaded plugin Livestack version 1.0.1.7 by Stefan Berg @isbeorn
2026-02-28T11:25:27.2220|INFO|PluginLoader.cs|LoadPlugin|402|Successfully loaded plugin Log Viewer version 1.0.0.2 by Alexander Wrede @astro_alex80
2026-02-28T11:25:27.4043|INFO|PluginLoader.cs|LoadPlugin|402|Successfully loaded plugin Moon Angle version 2.2.0.0 by Dale Ghent
2026-02-28T11:25:27.6864|INFO|PluginLoader.cs|LoadPlugin|402|Successfully loaded plugin Phd2 Tools version 1.0.6.0 by Stefan Berg @isbeorn
2026-02-28T11:25:27.9995|INFO|PluginLoader.cs|LoadPlugin|402|Successfully loaded plugin PixInsight Tools version 1.0.0.3 by Stefan Berg
2026-02-28T11:25:28.7399|INFO|PluginLoader.cs|LoadPlugin|402|Successfully loaded plugin Point3D version 0.2.3.0 by Drew McDermott
2026-02-28T11:25:29.0173|INFO|PluginLoader.cs|LoadPlugin|402|Successfully loaded plugin Scope Control version 2.0.2.1 by Stefan Berg @isbeorn
2026-02-28T11:25:31.0253|WARNING|When.cs|GetRunningItem|143|Can't get running items: SequencerNavigation not initialized yet!
2026-02-28T11:25:31.2751|INFO|PluginLoader.cs|LoadPlugin|402|Successfully loaded plugin Sequencer Powerups version 3.29.0.3 by Marc Blank
2026-02-28T11:25:31.9715|INFO|PluginLoader.cs|LoadPlugin|402|Successfully loaded plugin Session Metadata version 2.6.3.0 by Tom Palmer @tcpalmer
2026-02-28T11:25:32.0874|INFO|PluginLoader.cs|LoadPlugin|402|Successfully loaded plugin Shutdown PC version 2.2.0.0 by Dale Ghent
2026-02-28T11:25:32.3233|INFO|PluginLoader.cs|LoadPlugin|402|Successfully loaded plugin SkyFlats version 1.0.0.4 by Gerald Hitz (@photon)
2026-02-28T11:25:32.6957|INFO|PluginLoader.cs|LoadPlugin|402|Successfully loaded plugin Smart Filters version 1.0.0.3 by Benoit SAINTOT
2026-02-28T11:25:33.1550|INFO|PluginLoader.cs|LoadPlugin|402|Successfully loaded plugin Target Planning version 3.2.1.0 by Tom Palmer @tcpalmer
2026-02-28T11:25:36.0368|WARNING|When.cs|GetRunningItem|143|Can't get running items: SequencerNavigation not initialized yet!
2026-02-28T11:25:36.6538|INFO|PluginLoader.cs|LoadPlugin|402|Successfully loaded plugin Target Scheduler version 5.8.3.2 by Tom Palmer @tcpalmer
2026-02-28T11:25:37.0562|INFO|PluginLoader.cs|LoadPlugin|402|Successfully loaded plugin Three Point Polar Alignment version 2.2.4.3 by Stefan Berg @isbeorn
2026-02-28T11:25:38.4587|INFO|SessionHistoryManager.cs|PurgeHistoryOlderThan|102|purging web session history older than 10 days
2026-02-28T11:25:38.5479|INFO|PluginLoader.cs|LoadPlugin|402|Successfully loaded plugin Web Session History Viewer version 2.2.1.0 by Tom Palmer @tcpalmer
2026-02-28T11:25:38.9274|INFO|PluginFetcher.cs|RequestAll|43|Fetching plugin manifests from https://nighttime-imaging.eu/wp-json/nina/v1/plugins/manifests
2026-02-28T11:25:39.0695|INFO|FilterWheelChooserVM.cs|GetEquipment|167|Found 1 Networked Filter Wheel Filter Wheels
2026-02-28T11:25:40.2825|INFO|RotatorChooserVM.cs|GetEquipment|45|Found 1 Networked Rotator Rotators
2026-02-28T11:25:40.7677|INFO|CameraChooserVM.cs|GetEquipment|279|Found 0 SVBony Cameras
2026-02-28T11:25:40.8776|INFO|CameraChooserVM.cs|GetEquipment|279|Found 0 PlayerOne Cameras
2026-02-28T11:25:40.9841|INFO|CameraChooserVM.cs|GetEquipment|279|Found 0 ASTPAN Cameras
2026-02-28T11:25:40.9866|INFO|CameraChooserVM.cs|GetEquipment|293|Found 4 ASCOM Cameras
2026-02-28T11:25:41.3546|WARNING|When.cs|GetRunningItem|143|Can't get running items: SequencerNavigation not initialized yet!
2026-02-28T11:25:41.9316|INFO|FilterWheelChooserVM.cs|GetEquipment|193|Found 0 Alpaca Filter Wheels
2026-02-28T11:25:41.9336|INFO|SwitchChooserVM.cs|GetEquipment|71|Found 0 Alpaca Switch Hubs
2026-02-28T11:25:41.9348|INFO|TelescopeChooserVM.cs|GetEquipment|69|Found 0 Alpaca Telescopes
2026-02-28T11:25:42.2924|INFO|SafetyMonitorChooserVM.cs|GetEquipment|71|Found 0 Alpaca Safety Monitors
2026-02-28T11:25:42.2939|INFO|RotatorChooserVM.cs|GetEquipment|68|Found 0 Alpaca Rotators
2026-02-28T11:25:42.5301|INFO|FlatDeviceChooserVM.cs|GetEquipment|67|Found 0 Alpaca Cover Calibrators
2026-02-28T11:25:42.9889|INFO|CameraChooserVM.cs|GetEquipment|305|Found 0 Alpaca Cameras
2026-02-28T11:25:42.9955|INFO|CameraChooserVM.cs|GetEquipment|318|Found 0 Canon Cameras
2026-02-28T11:25:43.1146|INFO|WeatherDataChooserVM.cs|GetEquipment|69|Found 0 Alpaca Observing Conditions
2026-02-28T11:25:43.2548|INFO|PluginFetcher.cs|RequestAll|57|Found 73 valid plugins at https://nighttime-imaging.eu/wp-json/nina/v1/plugins/manifests
2026-02-28T11:25:43.2590|INFO|DomeChooserVM.cs|GetEquipment|67|Found 0 Alpaca Domes
2026-02-28T11:25:44.3150|INFO|FocuserChooserVM.cs|GetEquipment|84|Found 0 Alpaca Focusers
2026-02-28T11:25:44.3623|INFO|ApplicationVM.cs|CheckDiskInfo|100|Available Space on Drive C:\: 118.08 GB
2026-02-28T11:25:44.3665|INFO|ApplicationVM.cs|CheckASCOMPlatformVersion|81|ASCOM Platform 6.6.2.4195 installed
2026-02-28T11:25:44.3687|INFO|ApplicationVM.cs|CheckDiskInfo|102|Drive E:\ is not ready
2026-02-28T11:25:44.3702|INFO|ApplicationVM.cs|CheckDiskInfo|100|Available Space on Drive G:\: 47.13 GB
2026-02-28T11:25:44.3796|INFO|ApplicationVM.cs|CheckDiskInfo|100|Available Space on Drive Z:\: 29.33 GB
2026-02-28T11:25:44.7000|INFO|DitherStatisticsVM.cs|StartThemeColorMonitoring|1338|Theme color monitoring timer started on UI thread
2026-02-28T11:25:45.1065|INFO|Sequence2VM.cs|TryLoadSequenceFile|414|Loading sequence file: C:\Users\nicka\Astro\NINA\NINA_Sequences\TargetScheduler.json
2026-02-28T11:25:45.7448|INFO|Sequence2VM.cs|TryLoadSequenceFile|420|Starting sequence from command line options
2026-02-28T11:25:45.7481|INFO|Sequence2VM.cs|StartSequence|543|Advanced Sequence starting
2026-02-28T11:25:46.3885|INFO|SequenceItem.cs|Run|208|Starting Category: * Instruction Set *, Container: NINA.Sequencer.Container.SequenceRootContainer, Strategy: SequentialStrategy, Items[CREATED]: 3, Triggers: Category: Ground Station, Item: Failures to Telegram
2026-02-28T11:25:46.5307|INFO|SequenceItem.cs|Run|208|Starting Category: * Instruction Set *, Container: NINA.Sequencer.Container.StartAreaContainer, Strategy: SequentialStrategy, Items[CREATED]: 1
2026-02-28T11:25:46.5315|INFO|SequenceItem.cs|Run|208|Starting Category: * Instruction Set *, Container: NINA.Sequencer.Container.SequentialContainer, Strategy: SequentialStrategy, Items[CREATED]: 10
2026-02-28T11:25:46.5323|INFO|SequenceItem.cs|Run|208|Starting Category: Ground Station, Item: Send to Pushover, Title: Start
2026-02-28T11:25:46.5742|WARNING|When.cs|GetRunningItem|143|Can't get running items: SequencerNavigation not initialized yet!
2026-02-28T11:25:47.0937|INFO|DockManagerVM.cs|InitializeAvalonDockLayout|366|Initializing imaging tab layout from C:\Users\nicka\AppData\Local\NINA\Profiles\0173997c-4bfa-48fd-9337-a48b6df99c38.dock.config
2026-02-28T11:25:47.1689|INFO|SequenceItem.cs|Run|254|Finishing Category: Ground Station, Item: Send to Pushover, Title: Start
2026-02-28T11:25:47.1726|INFO|SequenceItem.cs|Run|208|Starting Category: Utility, Item: WaitForTime, Time: 18:6:56h, Offset: -80
2026-02-28T18:07:17.8091|INFO|SequenceItem.cs|Run|254|Finishing Category: Utility, Item: WaitForTime, Time: 18:7:39h, Offset: -80
2026-02-28T18:07:17.8122|INFO|SequenceItem.cs|Run|208|Starting Category: Ground Station, Item: Send to Telegram
2026-02-28T18:07:18.9741|INFO|SequenceItem.cs|Run|254|Finishing Category: Ground Station, Item: Send to Telegram
2026-02-28T18:07:18.9745|INFO|SequenceItem.cs|Run|208|Starting Category: Ground Station, Item: Send to Pushover, Title: Configure Equipment
2026-02-28T18:07:19.1557|INFO|SequenceItem.cs|Run|254|Finishing Category: Ground Station, Item: Send to Pushover, Title: Configure Equipment
2026-02-28T18:07:19.1572|INFO|SequenceItem.cs|Run|208|Starting Category: Connect, Item: ConnectAllEquipment
2026-02-28T18:07:19.1851|INFO|CameraChooserVM.cs|GetEquipment|69|Found 2 ASI Cameras
2026-02-28T18:07:19.2592|INFO|CameraChooserVM.cs|GetEquipment|84|Found 0 Altair Cameras
2026-02-28T18:07:19.2594|INFO|CameraChooserVM.cs|GetEquipment|96|Found 0 Atik Cameras
2026-02-28T18:07:19.2600|INFO|CameraChooserVM.cs|GetEquipment|110|Found 0 FLI Cameras
2026-02-28T18:07:19.2603|INFO|CameraChooserVM.cs|GetEquipment|130|Found 0 QHYCCD Cameras
2026-02-28T18:07:19.4148|INFO|CameraChooserVM.cs|GetEquipment|158|Found 0 ToupTek Cameras
2026-02-28T18:07:19.4198|INFO|CameraChooserVM.cs|GetEquipment|173|Found 0 Ogma Cameras
2026-02-28T18:07:19.4334|INFO|CameraChooserVM.cs|GetEquipment|188|Found 0 Omegon Cameras
2026-02-28T18:07:19.5927|INFO|CameraChooserVM.cs|GetEquipment|203|Found 0 RisingCam Cameras
2026-02-28T18:07:19.6062|INFO|CameraChooserVM.cs|GetEquipment|218|Found 0 MallinCam Cameras
2026-02-28T18:07:19.6077|INFO|CameraChooserVM.cs|GetEquipment|243|Found 0 SVBony Cameras
2026-02-28T18:07:19.6100|INFO|CameraChooserVM.cs|GetEquipment|259|Found 0 SBIG Cameras
2026-02-28T18:07:19.6107|INFO|CameraChooserVM.cs|GetEquipment|279|Found 0 SVBony Cameras
2026-02-28T18:07:19.6110|INFO|CameraChooserVM.cs|GetEquipment|279|Found 0 PlayerOne Cameras
2026-02-28T18:07:19.6189|INFO|CameraChooserVM.cs|GetEquipment|279|Found 0 ASTPAN Cameras
2026-02-28T18:07:19.6198|INFO|CameraChooserVM.cs|GetEquipment|293|Found 4 ASCOM Cameras
2026-02-28T18:07:21.6226|INFO|CameraChooserVM.cs|GetEquipment|305|Found 0 Alpaca Cameras
2026-02-28T18:07:21.6284|INFO|CameraChooserVM.cs|GetEquipment|318|Found 0 Canon Cameras
2026-02-28T18:07:21.7034|INFO|CameraVM.cs|Disconnect|650|Disconnected Camera
2026-02-28T18:07:22.2817|WARNING|ASICamera.cs|SetControlValue|568|Failed to set ASI Control Value ASI_WB_B with value 50
2026-02-28T18:07:22.2819|WARNING|ASICamera.cs|SetControlValue|568|Failed to set ASI Control Value ASI_WB_R with value 50
2026-02-28T18:07:22.2820|WARNING|ASICamera.cs|SetControlValue|568|Failed to set ASI Control Value ASI_GAMMA with value 50
2026-02-28T18:07:22.2821|WARNING|ASICamera.cs|SetControlValue|568|Failed to set ASI Control Value ASI_HIGH_SPEED_MODE with value 0
2026-02-28T18:07:22.2822|WARNING|ASICamera.cs|SetControlValue|568|Failed to set ASI Control Value ASI_OVERCLOCK with value 0
2026-02-28T18:07:22.2823|WARNING|ASICamera.cs|SetControlValue|568|Failed to set ASI Control Value ASI_PATTERN_ADJUST with value 0
2026-02-28T18:07:22.2834|WARNING|ASICamera.cs|SetControlValue|568|Failed to set ASI Control Value ASI_MONO_BIN with value 0
2026-02-28T18:07:22.2845|INFO|ASICamera.cs|Initialize|664|Camera ID: ASI533MM
2026-02-28T18:07:22.2931|WARNING|ASICamera.cs|SetControlValue|568|Failed to set ASI Control Value ASI_ANTI_DEW_HEATER with value 0
2026-02-28T18:07:22.3338|INFO|CameraVM.cs|ChooseCamera|455|Successfully connected Camera. Id: ZWOptical_ZWO ASI533MM Pro_ASI533MM Name: ZWO ASI533MM Pro DisplayName: ZWO ASI533MM Pro (ASI533MM)Driver Version: 1, 39, 0, 0
2026-02-28T18:07:22.8830|INFO|FilterWheelChooserVM.cs|GetEquipment|167|Found 1 Networked Filter Wheel Filter Wheels
2026-02-28T18:07:24.8848|INFO|FilterWheelChooserVM.cs|GetEquipment|193|Found 0 Alpaca Filter Wheels
2026-02-28T18:07:24.9217|INFO|FilterWheelVM.cs|Disconnect|333|Disconnected Filter Wheel
2026-02-28T18:07:28.2987|INFO|FilterWheelVM.cs|ChooseFW|279|Successfully connected Filter Wheel. Id: ASCOM.EFW2.FilterWheel Name: ZWO FilterWheel DisplayName: ZWO FilterWheel (ASCOM) Driver Version: 6.0
2026-02-28T18:07:32.1529|INFO|FocuserChooserVM.cs|GetEquipment|84|Found 0 Alpaca Focusers
2026-02-28T18:07:32.1874|INFO|FocuserVM.cs|Disconnect|441|Disconnected Focuser
2026-02-28T18:07:33.3766|ERROR|AscomDevice.cs|GetProperty|546|An unexpected exception occurred during GET of Focuser.StepSize: 
ASCOM.DriverException: The method or operation is not implemented.
 ---> System.NotImplementedException: The method or operation is not implemented.
   --- End of inner exception stack trace ---
   at ASCOM.Com.DriverAccess.DynamicAccess.CheckDotNetExceptions(String memberName, Exception e) in J:\ASCOMLibrary\ASCOM.Com\ASCOM.Com.DriverAccess\BaseClass\DynamicAccess.cs:line 278
   at ASCOM.Com.DriverAccess.DynamicAccess.TryGetMember(GetMemberBinder binder, Object& result) in J:\ASCOMLibrary\ASCOM.Com\ASCOM.Com.DriverAccess\BaseClass\DynamicAccess.cs:line 150
   at CallSite.Target(Closure, CallSite, Object)
   at System.Dynamic.UpdateDelegates.UpdateAndExecute1[T0,TRet](CallSite site, T0 arg0)
   at ASCOM.Com.DriverAccess.Focuser.get_StepSize() in J:\ASCOMLibrary\ASCOM.Com\ASCOM.Com.DriverAccess\Focuser.cs:line 159
   at System.RuntimeMethodHandle.InvokeMethod(Object target, Void** arguments, Signature sig, Boolean isConstructor)
   at System.Reflection.MethodBaseInvoker.InvokeWithNoArgs(Object obj, BindingFlags invokeAttr)
2026-02-28T18:07:33.5889|INFO|AscomDevice.cs|GetProperty|485|Retrying to GET Focuser.StepSize - Attempt 2 / 3
2026-02-28T18:07:33.5909|ERROR|AscomDevice.cs|GetProperty|546|An unexpected exception occurred during GET of Focuser.StepSize: 
ASCOM.DriverException: The method or operation is not implemented.
 ---> System.NotImplementedException: The method or operation is not implemented.
   --- End of inner exception stack trace ---
   at ASCOM.Com.DriverAccess.DynamicAccess.CheckDotNetExceptions(String memberName, Exception e) in J:\ASCOMLibrary\ASCOM.Com\ASCOM.Com.DriverAccess\BaseClass\DynamicAccess.cs:line 278
   at ASCOM.Com.DriverAccess.DynamicAccess.TryGetMember(GetMemberBinder binder, Object& result) in J:\ASCOMLibrary\ASCOM.Com\ASCOM.Com.DriverAccess\BaseClass\DynamicAccess.cs:line 150
   at CallSite.Target(Closure, CallSite, Object)
   at ASCOM.Com.DriverAccess.Focuser.get_StepSize() in J:\ASCOMLibrary\ASCOM.Com\ASCOM.Com.DriverAccess\Focuser.cs:line 159
   at InvokeStub_Focuser.get_StepSize(Object, Object, IntPtr*)
   at System.Reflection.MethodBaseInvoker.InvokeWithNoArgs(Object obj, BindingFlags invokeAttr)
2026-02-28T18:07:33.7919|INFO|AscomDevice.cs|GetProperty|485|Retrying to GET Focuser.StepSize - Attempt 3 / 3
2026-02-28T18:07:33.7941|ERROR|AscomDevice.cs|GetProperty|546|An unexpected exception occurred during GET of Focuser.StepSize: 
ASCOM.DriverException: The method or operation is not implemented.
 ---> System.NotImplementedException: The method or operation is not implemented.
   --- End of inner exception stack trace ---
   at ASCOM.Com.DriverAccess.DynamicAccess.CheckDotNetExceptions(String memberName, Exception e) in J:\ASCOMLibrary\ASCOM.Com\ASCOM.Com.DriverAccess\BaseClass\DynamicAccess.cs:line 278
   at ASCOM.Com.DriverAccess.DynamicAccess.TryGetMember(GetMemberBinder binder, Object& result) in J:\ASCOMLibrary\ASCOM.Com\ASCOM.Com.DriverAccess\BaseClass\DynamicAccess.cs:line 150
   at CallSite.Target(Closure, CallSite, Object)
   at ASCOM.Com.DriverAccess.Focuser.get_StepSize() in J:\ASCOMLibrary\ASCOM.Com\ASCOM.Com.DriverAccess\Focuser.cs:line 159
   at InvokeStub_Focuser.get_StepSize(Object, Object, IntPtr*)
   at System.Reflection.MethodBaseInvoker.InvokeWithNoArgs(Object obj, BindingFlags invokeAttr)
2026-02-28T18:07:33.7950|INFO|AscomDevice.cs|GetProperty|556|GET Focuser.StepSize failed - Returning last known value 0
2026-02-28T18:07:34.0418|INFO|FocuserVM.cs|ChooseFocuser|333|Successfully connected Focuser. Id: ASCOM.EAF.Focuser Name: ZWO Focuser DisplayName: ZWO Focuser (ASCOM) Driver Version: 6.0
2026-02-28T18:07:36.0464|INFO|TelescopeChooserVM.cs|GetEquipment|69|Found 0 Alpaca Telescopes
2026-02-28T18:07:36.0958|INFO|TelescopeVM.cs|Disconnect|740|Disconnected mount
2026-02-28T18:07:38.8995|INFO|AscomTelescope.cs|CheckMountTime|845|Mount UTC Time: 2026-03-01 00:07:37Z / System UTC Time: 2026-03-01 00:07:38Z; Difference: 1.732 seconds
2026-02-28T18:07:38.9514|INFO|AscomTelescope.cs|CheckMountTime|852|System time has been synced to the mount
2026-02-28T18:07:39.1877|INFO|TelescopeVM.cs|ChooseTelescope|535|Successfully connected mount. Id: ASCOM.iOptron2017.Telescope Name: iOptron CEM120,70,40,26, GEM, HEM, HAE, HAZ series and SkyHunter Mount DisplayName: iOptron CEM120,70,40,26, GEM, HEM, HAE, HAZ series and SkyHunter Mount (ASCOM) Driver Version: 9.15
2026-02-28T18:07:39.1997|INFO|PHD2Guider.cs|Connect|205|Connecting to PHD2 server at 127.0.0.1:4400
2026-02-28T18:07:43.1997|INFO|PHD2Client.cs|ConnectAsync|118|PHD2Client: Connected successfully!
2026-02-28T18:07:43.1998|INFO|DitherStatisticsVM.cs|OnPHD2ConnectionStatusChanged|734|PHD2 Connection Status: Connected
2026-02-28T18:07:43.1999|INFO|DitherStatisticsVM.cs|ConnectToPHD2|713|Successfully connected to PHD2!
2026-02-28T18:07:43.2012|INFO|PHD2Client.cs|ReadEventsAsync|181|PHD2Client: Started reading events
2026-02-28T18:07:43.6058|INFO|PHD2Client.cs|HandleVersion|366|PHD2Client: Connected to PHD2 version 2.6.14. (Message Protocol v1)
2026-02-28T18:07:43.6068|INFO|PHD2Client.cs|HandleAppState|376|PHD2Client: PHD2 AppState: Stopped
2026-02-28T18:07:43.7522|INFO|PHD2Client.cs|ProcessEvent|268|PHD2: ConfigurationChange
2026-02-28T18:07:44.4581|INFO|PHD2Client.cs|QueryExposureTime|1216|PHD2Client: Exposure time from PHD2 API: 2.000 seconds (2000 ms)
2026-02-28T18:07:46.4837|INFO|WeatherDataChooserVM.cs|GetEquipment|69|Found 0 Alpaca Observing Conditions
2026-02-28T18:07:46.5352|INFO|WeatherDataVM.cs|Disconnect|305|Disconnected Weather Device
2026-02-28T18:07:48.0169|INFO|AscomDevice.cs|GetProperty|527|Property ObservingConditions.SkyQuality GET is not implemented in this driver (SkyAlert Observing Conditions)
2026-02-28T18:07:48.0242|INFO|AscomDevice.cs|GetProperty|527|Property ObservingConditions.StarFWHM GET is not implemented in this driver (SkyAlert Observing Conditions)
2026-02-28T18:07:48.0382|INFO|WeatherDataVM.cs|ChooseWeatherData|150|Successfully connected Weather Device. Id: ASCOM.SkyAlert.ObservingConditions Name: SkyAlert Observing Conditions DisplayName: SkyAlert Observing Conditions (ASCOM) Driver Version: 1.7
2026-02-28T18:07:50.0409|INFO|SafetyMonitorChooserVM.cs|GetEquipment|71|Found 0 Alpaca Safety Monitors
2026-02-28T18:07:50.0627|INFO|SafetyMonitorVM.cs|Disconnect|221|Disconnected Safety Monitor
2026-02-28T18:07:50.5001|INFO|SafetyMonitorVM.cs|Connect|175|Successfully connected Safety Monitor. Id: ASCOM.GenericFile.SafetyMonitor Name: Generic File driver DisplayName: Generic File driver (ASCOM) Driver Version: 6.4
2026-02-28T18:07:50.5004|INFO|SequenceItem.cs|Run|254|Finishing Category: Connect, Item: ConnectAllEquipment
2026-02-28T18:07:50.5010|INFO|SequenceItem.cs|Run|208|Starting Category: Telescope, Item: FindHome
2026-02-28T18:07:50.5070|INFO|PHD2Guider.cs|StopGuiding|704|Phd2 - Stop Guiding skipped, as the app is already in state Stopped
2026-02-28T18:07:50.5089|INFO|TelescopeVM.cs|FindHome|292|Mount ordered to locate home position
2026-02-28T18:07:50.5114|INFO|TelescopeVM.cs|FindHome|336|Mount ordered to home but it is already at home
2026-02-28T18:07:50.5116|INFO|TelescopeVM.cs|FindHome|348|Mount has located its home position
2026-02-28T18:07:50.5125|INFO|SequenceItem.cs|Run|254|Finishing Category: Telescope, Item: FindHome
2026-02-28T18:07:50.5128|INFO|SequenceItem.cs|Run|208|Starting Category: Ground Station, Item: Send to Telegram
2026-02-28T18:07:51.1281|INFO|SequenceItem.cs|Run|254|Finishing Category: Ground Station, Item: Send to Telegram
2026-02-28T18:07:51.1284|INFO|SequenceItem.cs|Run|208|Starting Category: Ground Station, Item: Send to Pushover, Title: Cool
2026-02-28T18:07:51.2905|INFO|SequenceItem.cs|Run|254|Finishing Category: Ground Station, Item: Send to Pushover, Title: Cool
2026-02-28T18:07:51.2914|INFO|SequenceItem.cs|Run|208|Starting Category: Camera, Item: CoolCamera, Temperature: -15, Duration: 30
2026-02-28T18:07:51.2949|INFO|CameraVM.cs|CoolCamera|138|Cooling Camera. Target: -15 Duration: 00:30:00
2026-02-28T18:07:52.5041|INFO|SafetyMonitorVM.cs|UpdateMonitorValues|95|SafetyMonitorInfo state changed to Unsafe
2026-02-28T18:15:54.4996|INFO|SafetyMonitorVM.cs|UpdateMonitorValues|95|SafetyMonitorInfo state changed to Safe
2026-02-28T18:40:21.1972|WARNING|DeviceUpdateTimer.cs|Run|115|Mount value update cycle took longer than the device poll interval (Total: 6.02s > 2s; Poll: 00:00:06.0154337; Update: 00:00:00.0004452)
2026-02-28T18:40:42.0980|INFO|SequenceItem.cs|Run|254|Finishing Category: Camera, Item: CoolCamera, Temperature: -15, Duration: 30
2026-02-28T18:40:42.0986|INFO|SequenceItem.cs|Run|208|Starting Category: Utility, Item: WaitForTime, Time: 19:12:39h, Offset: -15
2026-02-28T18:44:26.3905|ERROR|AscomDevice.cs|GetProperty|546|An unexpected exception occurred during GET of Telescope.GuideRateDeclination: 
ASCOM.DriverAccessCOMException (0x8013152C): No handle of the given name exists.
 ---> System.Runtime.InteropServices.COMException (0x8013152C): No handle of the given name exists.
   at ASCOM.Com.DriverAccess.DynamicAccess.CheckDotNetExceptions(String memberName, Exception e) in J:\ASCOMLibrary\ASCOM.Com\ASCOM.Com.DriverAccess\BaseClass\DynamicAccess.cs:line 271
   at ASCOM.Com.DriverAccess.DynamicAccess.TryGetMember(GetMemberBinder binder, Object& result) in J:\ASCOMLibrary\ASCOM.Com\ASCOM.Com.DriverAccess\BaseClass\DynamicAccess.cs:line 150
   at CallSite.Target(Closure, CallSite, Object)
   at ASCOM.Com.DriverAccess.Telescope.get_GuideRateDeclination() in J:\ASCOMLibrary\ASCOM.Com\ASCOM.Com.DriverAccess\Telescope.cs:line 294
   at InvokeStub_Telescope.get_GuideRateDeclination(Object, Object, IntPtr*)
   at System.Reflection.MethodBaseInvoker.InvokeWithNoArgs(Object obj, BindingFlags invokeAttr)
2026-02-28T18:44:26.6059|INFO|AscomDevice.cs|GetProperty|485|Retrying to GET Telescope.GuideRateDeclination - Attempt 2 / 3
2026-02-28T18:44:26.6093|ERROR|AscomDevice.cs|GetProperty|546|An unexpected exception occurred during GET of Telescope.GuideRateDeclination: 
ASCOM.DriverAccessCOMException (0x8013152C): No handle of the given name exists.
 ---> System.Runtime.InteropServices.COMException (0x8013152C): No handle of the given name exists.
   at ASCOM.Com.DriverAccess.DynamicAccess.CheckDotNetExceptions(String memberName, Exception e) in J:\ASCOMLibrary\ASCOM.Com\ASCOM.Com.DriverAccess\BaseClass\DynamicAccess.cs:line 271
   at ASCOM.Com.DriverAccess.DynamicAccess.TryGetMember(GetMemberBinder binder, Object& result) in J:\ASCOMLibrary\ASCOM.Com\ASCOM.Com.DriverAccess\BaseClass\DynamicAccess.cs:line 150
   at CallSite.Target(Closure, CallSite, Object)
   at ASCOM.Com.DriverAccess.Telescope.get_GuideRateDeclination() in J:\ASCOMLibrary\ASCOM.Com\ASCOM.Com.DriverAccess\Telescope.cs:line 294
   at InvokeStub_Telescope.get_GuideRateDeclination(Object, Object, IntPtr*)
   at System.Reflection.MethodBaseInvoker.InvokeWithNoArgs(Object obj, BindingFlags invokeAttr)
2026-02-28T18:44:26.8104|INFO|AscomDevice.cs|GetProperty|485|Retrying to GET Telescope.GuideRateDeclination - Attempt 3 / 3
2026-02-28T18:44:26.8143|ERROR|AscomDevice.cs|GetProperty|546|An unexpected exception occurred during GET of Telescope.GuideRateDeclination: 
ASCOM.DriverAccessCOMException (0x8013152C): No handle of the given name exists.
 ---> System.Runtime.InteropServices.COMException (0x8013152C): No handle of the given name exists.
   at ASCOM.Com.DriverAccess.DynamicAccess.CheckDotNetExceptions(String memberName, Exception e) in J:\ASCOMLibrary\ASCOM.Com\ASCOM.Com.DriverAccess\BaseClass\DynamicAccess.cs:line 271
   at ASCOM.Com.DriverAccess.DynamicAccess.TryGetMember(GetMemberBinder binder, Object& result) in J:\ASCOMLibrary\ASCOM.Com\ASCOM.Com.DriverAccess\BaseClass\DynamicAccess.cs:line 150
   at CallSite.Target(Closure, CallSite, Object)
   at ASCOM.Com.DriverAccess.Telescope.get_GuideRateDeclination() in J:\ASCOMLibrary\ASCOM.Com\ASCOM.Com.DriverAccess\Telescope.cs:line 294
   at InvokeStub_Telescope.get_GuideRateDeclination(Object, Object, IntPtr*)
   at System.Reflection.MethodBaseInvoker.InvokeWithNoArgs(Object obj, BindingFlags invokeAttr)
2026-02-28T18:44:26.8150|INFO|AscomDevice.cs|GetProperty|556|GET Telescope.GuideRateDeclination failed - Returning last known value 0.0020833333333333333
2026-02-28T18:44:26.8247|ERROR|AscomDevice.cs|Connected|147|iOptron CEM120,70,40,26, GEM, HEM, HAE, HAZ series and SkyHunter Mount should be connected but reports to be disconnected. Trying to reconnect...
2026-02-28T19:12:40.7396|INFO|SequenceItem.cs|Run|254|Finishing Category: Utility, Item: WaitForTime, Time: 19:12:39h, Offset: -15
2026-02-28T19:12:40.7432|INFO|SequenceItem.cs|Run|254|Finishing Category: * Instruction Set *, Container: NINA.Sequencer.Container.SequentialContainer, Strategy: SequentialStrategy, Items[FINISHED]: 10
2026-02-28T19:12:40.7435|INFO|SequenceItem.cs|Run|254|Finishing Category: * Instruction Set *, Container: NINA.Sequencer.Container.StartAreaContainer, Strategy: SequentialStrategy, Items[FINISHED]: 1
2026-02-28T19:12:40.7439|INFO|SequenceItem.cs|Run|208|Starting Category: * Instruction Set *, Container: NINA.Sequencer.Container.TargetAreaContainer, Strategy: SequentialStrategy, Items[CREATED]: 1
2026-02-28T19:12:40.7458|INFO|SequenceItem.cs|Run|208|Starting Category: * Instruction Set *, Container: NINA.Sequencer.Container.SequentialContainer, Strategy: SequentialStrategy, Items[CREATED]: 10, Conditions: Condition: TimeCondition, Time: 6:11:39h, Condition: TargetSchedulerCondition mode=While Targets Remain Tonight, , Triggers: Trigger: CenterAfterDriftTrigger, DistanceArcMinutes: 1Trigger: WhenUnsafeCategory: Ground Station, Item: Failures to TelegramCategory: Connect, Item: ReconnectOnDownloadFailureTrigger: AutofocusAfterHFRIncreaseTrigger, Amount: 5Trigger: MeridianFlipTriggerCategory: Powerups (Misc), Item: DIYTriggerCategory: Ground Station, Item: Failures to PushoverTrigger: AutofocusAfterTemperatureChangeTrigger, Amount: 1.5°
2026-02-28T19:12:40.7481|INFO|WhenCommon.cs|SequenceBlockInitialize|204|Initialize; starting watchdog
2026-02-28T19:13:09.5910|INFO|MeridianFlipTrigger.cs|ShouldTrigger|197|Meridian Flip - Telescope is at home position. Skip flip evaluation
2026-02-28T19:13:09.5930|INFO|SequenceItem.cs|Run|208|Starting Category: Utility, Item: WaitForTime, Time: 19:12:39h, Offset: -15
2026-02-28T19:13:09.5939|INFO|SequenceItem.cs|Run|254|Finishing Category: Utility, Item: WaitForTime, Time: 19:12:39h, Offset: -15
2026-02-28T19:13:09.5955|INFO|MeridianFlipTrigger.cs|ShouldTrigger|197|Meridian Flip - Telescope is at home position. Skip flip evaluation
2026-02-28T19:13:09.5957|INFO|SequenceItem.cs|Run|208|Starting Category: Ground Station, Item: Send to Telegram
2026-02-28T19:13:10.2709|INFO|SequenceItem.cs|Run|254|Finishing Category: Ground Station, Item: Send to Telegram
2026-02-28T19:13:10.2716|INFO|MeridianFlipTrigger.cs|ShouldTrigger|197|Meridian Flip - Telescope is at home position. Skip flip evaluation
2026-02-28T19:13:10.2718|INFO|SequenceItem.cs|Run|208|Starting Category: Ground Station, Item: Send to Pushover, Title: Focusing
2026-02-28T19:13:10.4528|INFO|SequenceItem.cs|Run|254|Finishing Category: Ground Station, Item: Send to Pushover, Title: Focusing
2026-02-28T19:13:10.4535|INFO|MeridianFlipTrigger.cs|ShouldTrigger|197|Meridian Flip - Telescope is at home position. Skip flip evaluation
2026-02-28T19:13:10.4559|INFO|SequenceItem.cs|Run|208|Starting Category: Telescope, Item: SlewScopeToRaDec, Coordinates: RA: 00:00:00; Dec: 85° 00' 00"; Epoch: J2000
2026-02-28T19:13:10.4604|INFO|PHD2Guider.cs|StopGuiding|704|Phd2 - Stop Guiding skipped, as the app is already in state Stopped
2026-02-28T19:13:10.4685|INFO|TelescopeVM.cs|SlewAsyncInternal|910|Slewing from RA: 00:00:00; Dec: 00° 00' 00"; Epoch: JNOW to RA: 00:01:01; Dec: 85° 08' 54"; Epoch: JNOW - Alt: 32° 28' 21"; Az: 354° 22' 58"
2026-02-28T19:13:13.4831|ERROR|AscomDevice.cs|SetProperty|628|An unexpected exception occurred during SET of Telescope.Tracking: Tracking failed.
2026-02-28T19:13:16.5202|ERROR|AscomTelescope.cs|SlewToCoordinates|579
ASCOM.InvalidOperationException: SlewToTargetAsync failed.
 ---> System.Runtime.InteropServices.COMException (0x8004040B): SlewToTargetAsync failed.
   --- End of inner exception stack trace ---
   at ASCOM.Common.ClientExtensions.CheckOutcome(Task processTask, ILogger logger, String callingMethodName, CancellationToken cancellationToken) in J:\ASCOMLibrary\ASCOM.Common\ClientExtensions.cs:line 1155
   at ASCOM.Common.ClientExtensions.SlewToCoordinatesTaskAsync(ITelescopeV3 device, Double rightAscension, Double declination, CancellationToken cancellationToken, Int32 pollInterval, ILogger logger) in J:\ASCOMLibrary\ASCOM.Common\ClientExtensions.cs:line 947
   at NINA.Equipment.Equipment.MyTelescope.AscomTelescope.SlewToCoordinates(Coordinates coordinates, CancellationToken token) in /_/NINA.Equipment/Equipment/MyTelescope/AscomTelescope.cs:line 565
2026-02-28T19:23:10.4676|ERROR|TelescopeVM.cs|SlewAsyncInternal|943|Mount slew timed out after 10 Minutes
2026-02-28T19:23:10.4679|INFO|SequenceItem.cs|Run|254|Finishing Category: Telescope, Item: SlewScopeToRaDec, Coordinates: RA: 00:00:00; Dec: 85° 00' 00"; Epoch: J2000
2026-02-28T19:23:10.4683|INFO|MeridianFlipTrigger.cs|ShouldTrigger|197|Meridian Flip - Telescope is at home position. Skip flip evaluation
2026-02-28T19:23:10.4691|INFO|SequenceItem.cs|Run|208|Starting Category: Filter Wheel, Item: SwitchFilter, Filter: L
2026-02-28T19:23:10.4776|INFO|FilterWheelVM.cs|ChangeFilter|112|Moving to Filter L at Position 0
2026-02-28T19:23:10.6883|INFO|FocuserVM.cs|MoveFocuserInternal|216|Moving Focuser to position 387208
2026-02-28T19:23:14.6142|INFO|SequenceItem.cs|Run|254|Finishing Category: Filter Wheel, Item: SwitchFilter, Filter: L
2026-02-28T19:23:14.6160|INFO|MeridianFlipTrigger.cs|ShouldTrigger|197|Meridian Flip - Telescope is at home position. Skip flip evaluation
2026-02-28T19:23:14.6166|INFO|SequenceItem.cs|Run|208|Starting Category: Focuser, Item: RunAutofocus
2026-02-28T19:23:14.7612|INFO|FocuserMediator.cs|BroadcastAutoFocusRunStarting|92|Autofocus starting notification received
2026-02-28T19:23:14.7653|INFO|PHD2Guider.cs|StopGuiding|704|Phd2 - Stop Guiding skipped, as the app is already in state Stopped
2026-02-28T19:23:14.7784|INFO|AutoFocusEngine.cs|RunAutoFocus|928|Starting AutoFocus with initial position 387208
2026-02-28T19:23:14.8072|INFO|CameraVM.cs|Capture|742|Starting Exposure - Exposure Time: 3s; Filter: L; Gain: 270; Offset 50; Binning: 1x1;
2026-02-28T19:23:19.4439|INFO|AutoFocusEngine.cs|StartBlindFocusPoints|769|Waiting on initial HFR analysis
2026-02-28T19:23:19.4472|INFO|FocuserVM.cs|MoveFocuserInternal|216|Moving Focuser to position 387344
2026-02-28T19:23:21.6089|INFO|HocusFocusStarDetection.cs|Detect|410|Average HFR: 3.5177897698063663, HFR MAD: 0.2672892495875332, Detected Stars 83, Region: 0
2026-02-28T19:23:24.0992|INFO|CameraVM.cs|Capture|742|Starting Exposure - Exposure Time: 3s; Filter: L; Gain: 270; Offset 50; Binning: 1x1;
2026-02-28T19:23:28.6934|INFO|FocuserVM.cs|MoveFocuserInternal|216|Moving Focuser to position 387310
2026-02-28T19:23:30.2036|INFO|HocusFocusStarDetection.cs|Detect|410|Average HFR: 2.4136169485821917, HFR MAD: 0.39675268143497977, Detected Stars 109, Region: 0
2026-02-28T19:23:36.0862|INFO|CameraVM.cs|Capture|742|Starting Exposure - Exposure Time: 3s; Filter: L; Gain: 270; Offset 50; Binning: 1x1;
2026-02-28T19:23:40.6656|INFO|FocuserVM.cs|MoveFocuserInternal|216|Moving Focuser to position 387276
2026-02-28T19:23:42.2313|INFO|HocusFocusStarDetection.cs|Detect|410|Average HFR: 1.9389567774641983, HFR MAD: 0.18078651370403787, Detected Stars 105, Region: 0
2026-02-28T19:23:48.0943|INFO|CameraVM.cs|Capture|742|Starting Exposure - Exposure Time: 3s; Filter: L; Gain: 270; Offset 50; Binning: 1x1;
2026-02-28T19:23:52.6979|INFO|FocuserVM.cs|MoveFocuserInternal|216|Moving Focuser to position 387242
2026-02-28T19:23:54.5779|INFO|HocusFocusStarDetection.cs|Detect|410|Average HFR: 1.7721069167127144, HFR MAD: 0.10401770881435035, Detected Stars 113, Region: 0
2026-02-28T19:24:02.0958|INFO|CameraVM.cs|Capture|742|Starting Exposure - Exposure Time: 3s; Filter: L; Gain: 270; Offset 50; Binning: 1x1;
2026-02-28T19:24:06.6877|INFO|AutoFocusEngine.cs|StartBlindFocusPoints|797|Waiting on initial focuser move analyses
2026-02-28T19:24:08.1456|INFO|HocusFocusStarDetection.cs|Detect|410|Average HFR: 2.31467212838678, HFR MAD: 0.17762268403021775, Detected Stars 134, Region: 0
2026-02-28T19:24:08.2239|INFO|FocuserVM.cs|MoveFocuserInternal|216|Moving Focuser to position 387208
2026-02-28T19:24:18.0743|INFO|CameraVM.cs|Capture|742|Starting Exposure - Exposure Time: 3s; Filter: L; Gain: 270; Offset 50; Binning: 1x1;
2026-02-28T19:24:22.6494|INFO|AutoFocusEngine.cs|StartBlindFocusPoints|870|Waiting on next left movement analysis
2026-02-28T19:24:23.9748|INFO|HocusFocusStarDetection.cs|Detect|410|Average HFR: 3.5321468933251556, HFR MAD: 0.24187938175584645, Detected Stars 99, Region: 0
2026-02-28T19:24:24.0094|INFO|FocuserVM.cs|MoveFocuserInternal|216|Moving Focuser to position 387174
2026-02-28T19:24:32.0815|INFO|CameraVM.cs|Capture|742|Starting Exposure - Exposure Time: 3s; Filter: L; Gain: 270; Offset 50; Binning: 1x1;
2026-02-28T19:24:36.6600|INFO|AutoFocusEngine.cs|StartBlindFocusPoints|870|Waiting on next left movement analysis
2026-02-28T19:24:37.9764|INFO|HocusFocusStarDetection.cs|Detect|410|Average HFR: 5.012798410396537, HFR MAD: 0.3155829046769183, Detected Stars 65, Region: 0
2026-02-28T19:24:38.0214|INFO|FocuserVM.cs|MoveFocuserInternal|216|Moving Focuser to position 387140
2026-02-28T19:24:46.0779|INFO|CameraVM.cs|Capture|742|Starting Exposure - Exposure Time: 3s; Filter: L; Gain: 270; Offset 50; Binning: 1x1;
2026-02-28T19:24:50.6522|INFO|AutoFocusEngine.cs|StartBlindFocusPoints|870|Waiting on next left movement analysis
2026-02-28T19:24:51.9648|INFO|HocusFocusStarDetection.cs|Detect|410|Average HFR: 6.6754045535730215, HFR MAD: 0.3353586863102098, Detected Stars 41, Region: 0
2026-02-28T19:24:52.0217|INFO|FocuserVM.cs|MoveFocuserInternal|216|Moving Focuser to position 387106
2026-02-28T19:25:00.0866|INFO|CameraVM.cs|Capture|742|Starting Exposure - Exposure Time: 3s; Filter: L; Gain: 270; Offset 50; Binning: 1x1;
2026-02-28T19:25:04.6670|INFO|AutoFocusEngine.cs|StartBlindFocusPoints|870|Waiting on next left movement analysis
2026-02-28T19:25:05.9820|INFO|HocusFocusStarDetection.cs|Detect|410|Average HFR: 8.511623088044148, HFR MAD: 0.18164800351101462, Detected Stars 23, Region: 0
2026-02-28T19:25:06.0309|INFO|AutoFocusEngine.cs|StartBlindFocusPoints|823|Enough left trend points (4) with an established minimum (387276) to queue remaining right focus points up to 387412
2026-02-28T19:25:06.0326|INFO|FocuserVM.cs|MoveFocuserInternal|216|Moving Focuser to position 387378
2026-02-28T19:25:10.0867|INFO|CameraVM.cs|Capture|742|Starting Exposure - Exposure Time: 3s; Filter: L; Gain: 270; Offset 50; Binning: 1x1;
2026-02-28T19:25:14.6640|INFO|FocuserVM.cs|MoveFocuserInternal|216|Moving Focuser to position 387412
2026-02-28T19:25:15.9710|INFO|HocusFocusStarDetection.cs|Detect|410|Average HFR: 3.2184135807210277, HFR MAD: 0.7589229323289066, Detected Stars 86, Region: 0
2026-02-28T19:25:18.0905|INFO|CameraVM.cs|Capture|742|Starting Exposure - Exposure Time: 3s; Filter: L; Gain: 270; Offset 50; Binning: 1x1;
2026-02-28T19:25:22.6701|INFO|AutoFocusEngine.cs|StartBlindFocusPoints|896|Waiting on remaining AutoFocus analysis tasks
2026-02-28T19:25:24.0044|INFO|HocusFocusStarDetection.cs|Detect|410|Average HFR: 4.106005617020945, HFR MAD: 1.2372385832787884, Detected Stars 60, Region: 0
2026-02-28T19:25:24.0522|INFO|FocuserVM.cs|MoveFocuserInternal|216|Moving Focuser to position 387278
2026-02-28T19:25:32.0827|INFO|AutoFocusEngine.cs|ValidateCalculatedFocusPosition|1140|Validating HFR at final focus position 387278
2026-02-28T19:25:32.0886|INFO|CameraVM.cs|Capture|742|Starting Exposure - Exposure Time: 3s; Filter: L; Gain: 270; Offset 50; Binning: 1x1;
2026-02-28T19:25:37.9691|INFO|HocusFocusStarDetection.cs|Detect|410|Average HFR: 1.7387066518026781, HFR MAD: 0.11286488726197041, Detected Stars 115, Region: 0
2026-02-28T19:25:37.9759|INFO|HocusFocusVM.cs|AutoFocusEngine_Completed|473|AutoFocus completed with focuser starting at 387208 and ending at 387278
2026-02-28T19:25:38.0371|INFO|FocuserMediator.cs|BroadcastSuccessfulAutoFocusRun|46|Autofocus notification received - Temperature 29.110000610351562
2026-02-28T19:25:38.0497|INFO|SequenceItem.cs|Run|254|Finishing Category: Focuser, Item: RunAutofocus
2026-02-28T19:25:38.0501|INFO|MeridianFlipTrigger.cs|ShouldTrigger|197|Meridian Flip - Telescope is at home position. Skip flip evaluation
2026-02-28T19:25:38.0502|INFO|SequenceItem.cs|Run|208|Starting Category: Utility, Item: WaitForTime, Time: 19:27:39h, Offset: 0
2026-02-28T19:27:39.1604|INFO|SequenceItem.cs|Run|254|Finishing Category: Utility, Item: WaitForTime, Time: 19:27:39h, Offset: 0
2026-02-28T19:27:39.1608|INFO|MeridianFlipTrigger.cs|ShouldTrigger|197|Meridian Flip - Telescope is at home position. Skip flip evaluation
2026-02-28T19:27:39.1609|INFO|SequenceItem.cs|Run|208|Starting Category: Ground Station, Item: Send to Telegram
2026-02-28T19:27:39.7877|INFO|SequenceItem.cs|Run|254|Finishing Category: Ground Station, Item: Send to Telegram
2026-02-28T19:27:39.7882|INFO|MeridianFlipTrigger.cs|ShouldTrigger|197|Meridian Flip - Telescope is at home position. Skip flip evaluation
2026-02-28T19:27:39.7883|INFO|SequenceItem.cs|Run|208|Starting Category: Ground Station, Item: Send to Pushover, Title: Focus Done
2026-02-28T19:27:39.9536|INFO|SequenceItem.cs|Run|254|Finishing Category: Ground Station, Item: Send to Pushover, Title: Focus Done
2026-02-28T19:27:39.9541|INFO|MeridianFlipTrigger.cs|ShouldTrigger|197|Meridian Flip - Telescope is at home position. Skip flip evaluation
2026-02-28T19:27:39.9557|INFO|SequenceItem.cs|Run|208|Starting Category: Target Scheduler, Container: NINA.Plugin.TargetScheduler.Sequencer.TargetSchedulerContainer, Strategy: SequentialStrategy, Target:  RA: 00:00:00; Dec: 00° 00' 00"; Epoch: J2000 0
2026-02-28T19:27:40.2740|INFO|Symbol.cs|OnMessageReceived|630|Received message from Target Scheduler re: TargetScheduler-NewTargetStart
2026-02-28T19:27:40.2743|INFO|Symbol.cs|OnMessageReceived|638|TS_TargetName = SH2-308 Panel 9 - NB
2026-02-28T19:27:40.2744|INFO|Symbol.cs|OnMessageReceived|639|Expires at 02/28/2026 20:46:47 -06:00
2026-02-28T19:27:40.3419|INFO|Symbol.cs|OnMessageReceived|630|Received message from Target Scheduler re: TargetScheduler-TargetStart
2026-02-28T19:27:40.3420|INFO|Symbol.cs|OnMessageReceived|638|TS_TargetName = SH2-308 Panel 9 - NB
2026-02-28T19:27:40.3420|INFO|Symbol.cs|OnMessageReceived|639|Expires at 02/28/2026 20:46:47 -06:00
2026-02-28T19:27:40.3434|INFO|MeridianFlipTrigger.cs|ShouldTrigger|197|Meridian Flip - Telescope is at home position. Skip flip evaluation
2026-02-28T19:27:40.3437|INFO|SequenceItem.cs|Run|208|Starting NINA.Plugin.TargetScheduler.Sequencer.PlanSchedulerProgress
2026-02-28T19:27:40.3640|INFO|SequenceItem.cs|Run|254|Finishing NINA.Plugin.TargetScheduler.Sequencer.PlanSchedulerProgress
2026-02-28T19:27:40.3647|INFO|MeridianFlipTrigger.cs|ShouldTrigger|197|Meridian Flip - Telescope is at home position. Skip flip evaluation
2026-02-28T19:27:40.3653|INFO|SequenceItem.cs|Run|208|Starting Category: Scheduler, Item: Center, Coordinates RA: 06:45:04; Dec: -22° 30' 46"; Epoch: J2000
2026-02-28T19:27:40.4812|INFO|PHD2Guider.cs|StopGuiding|704|Phd2 - Stop Guiding skipped, as the app is already in state Stopped
2026-02-28T19:27:40.4877|INFO|TelescopeVM.cs|SlewAsyncInternal|910|Slewing from RA: 00:00:00; Dec: 00° 00' 00"; Epoch: JNOW to RA: 06:46:11; Dec: -22° 32' 34"; Epoch: JNOW - Alt: 32° 34' 34"; Az: 157° 50' 10"
2026-02-28T19:27:43.5133|ERROR|AscomTelescope.cs|SlewToCoordinates|579
ASCOM.InvalidOperationException: SlewToTargetAsync failed.
 ---> System.Runtime.InteropServices.COMException (0x8004040B): SlewToTargetAsync failed.
   --- End of inner exception stack trace ---
   at ASCOM.Common.ClientExtensions.CheckOutcome(Task processTask, ILogger logger, String callingMethodName, CancellationToken cancellationToken) in J:\ASCOMLibrary\ASCOM.Common\ClientExtensions.cs:line 1155
   at ASCOM.Common.ClientExtensions.SlewToCoordinatesTaskAsync(ITelescopeV3 device, Double rightAscension, Double declination, CancellationToken cancellationToken, Int32 pollInterval, ILogger logger) in J:\ASCOMLibrary\ASCOM.Common\ClientExtensions.cs:line 947
   at NINA.Equipment.Equipment.MyTelescope.AscomTelescope.SlewToCoordinates(Coordinates coordinates, CancellationToken token) in /_/NINA.Equipment/Equipment/MyTelescope/AscomTelescope.cs:line 565
2026-02-28T19:37:40.4879|ERROR|TelescopeVM.cs|SlewAsyncInternal|943|Mount slew timed out after 10 Minutes
2026-02-28T19:37:40.5315|INFO|CameraVM.cs|Capture|742|Starting Exposure - Exposure Time: 2s; Filter: L; Gain: 275; Offset 50; Binning: 1x1;
2026-02-28T19:37:44.8446|INFO|ImageSolver.cs|Solve|41|Platesolving with parameters: FocalLength: 360 PixelSize: 3.76 SearchRadius: 30 BlindFailoverEnabled: True Regions: 5000 DownSampleFactor: 0 MaxObjects: 500 Reference Coordinates RA: 06:45:04 Dec: -22° 30' 46" Epoch: J2000
2026-02-28T19:37:45.4007|INFO|BaseImageData.cs|SaveToDisk|346|Saved image to C:\Users\nicka\AppData\Local\NINA\PlateSolver\bmfhop30.el4.fits
2026-02-28T19:37:51.5343|ERROR|ASTAPSolver.cs|ReadResult|62|ASTAP - Plate solve failed.


2026-02-28T19:37:51.5398|INFO|ImageSolver.cs|Solve|41|Platesolving with parameters: FocalLength: 360 PixelSize: 3.76 SearchRadius: 30 BlindFailoverEnabled: True Regions: 5000 DownSampleFactor: 0 MaxObjects: 500 
2026-02-28T19:37:51.8777|INFO|BaseImageData.cs|SaveToDisk|346|Saved image to C:\Users\nicka\AppData\Local\NINA\PlateSolver\kt20gpau.gdw.fits
2026-02-28T19:37:53.0646|INFO|ImageSolver.cs|Solve|54|Platesolve successful: Coordinates: RA: 11:34:03; Dec: 85° 33' 18"; Epoch: J2000 - Position Angle: 94.59146159494753
2026-02-28T19:37:53.0647|INFO|ImageSolver.cs|Solve|54|Platesolve successful: Coordinates: RA: 11:34:03; Dec: 85° 33' 18"; Epoch: J2000 - Position Angle: 94.59146159494753
2026-02-28T19:37:53.0700|INFO|CenteringSolver.cs|Center|99|Centering Solver - Scope Position: RA: 00:00:00; Dec: 00° 00' 00"; Epoch: JNOW; Offset: RA: 00:00:00; Dec: 00° 00' 00"; Distance: 00° 00' 00"; Bearing: 00° 00' 00"; Centering Coordinates: RA: 06:46:11; Dec: -22° 32' 34"; Epoch: JNOW; Solved: RA: 11:36:35; Dec: 85° 24' 29"; Epoch: JNOW; Separation RA: -04:50:23; Dec: -107° 57' 04"; Distance: 111° 06' 07"; Bearing: -04° 41' 49"; Threshold: 2
2026-02-28T19:37:56.0977|ERROR|AscomTelescope.cs|Sync|634
ASCOM.InvalidOperationException: SyncToTarget failed.
 ---> System.Runtime.InteropServices.COMException (0x8004040B): SyncToTarget failed.
   --- End of inner exception stack trace ---
   at ASCOM.Com.DriverAccess.DynamicAccess.CheckDotNetExceptions(String memberName, Exception e) in J:\ASCOMLibrary\ASCOM.Com\ASCOM.Com.DriverAccess\BaseClass\DynamicAccess.cs:line 205
   at ASCOM.Com.DriverAccess.DynamicAccess.TryInvokeMember(InvokeMemberBinder binder, Object[] args, Object& result) in J:\ASCOMLibrary\ASCOM.Com\ASCOM.Com.DriverAccess\BaseClass\DynamicAccess.cs:line 73
   at CallSite.Target(Closure, CallSite, Object, Double, Double)
   at System.Dynamic.UpdateDelegates.UpdateAndExecuteVoid3[T0,T1,T2](CallSite site, T0 arg0, T1 arg1, T2 arg2)
   at ASCOM.Com.DriverAccess.Telescope.SyncToCoordinates(Double RightAscension, Double Declination) in J:\ASCOMLibrary\ASCOM.Com\ASCOM.Com.DriverAccess\Telescope.cs:line 611
   at NINA.Equipment.Equipment.MyTelescope.AscomTelescope.Sync(Coordinates coordinates) in /_/NINA.Equipment/Equipment/MyTelescope/AscomTelescope.cs:line 630
2026-02-28T19:37:56.0996|INFO|TelescopeVM.cs|Sync|777|FAILED - Syncing scope from RA: 00:00:00; Dec: 00° 00' 00"; Epoch: JNOW to RA: 11:36:35; Dec: 85° 24' 29"; Epoch: JNOW
2026-02-28T20:12:21.0934|ERROR|SequenceItem.cs|Run|244|Execution for Category: Scheduler, Item: Center, Coordinates RA: 06:45:04; Dec: -22° 30' 46"; Epoch: J2000 did not finish after being cancelled for over 2 minutes! Continuing...
2026-02-28T20:12:21.1222|INFO|FailuresToTelegramTrigger.cs|WorkerFn|178|Failures to Telegram: Sending Center failed after 1 attempts!

Reasons: Execution for Category: Scheduler, Item: Center, Coordinates RA: 06:45:04; Dec: -22° 30' 46"; Epoch: J2000 did not finish after being cancelled for over 2 minutes!

2026-02-28T20:12:21.1234|INFO|FailuresToPushoverTrigger.cs|WorkerFn|186|Failures to Pushover: Sending Failure running Center
2026-02-28T20:12:21.1253|INFO|FailuresToTelegramTrigger.cs|WorkerFn|178|Failures to Telegram: Sending Center failed after 1 attempts!

Reasons: Execution for Category: Scheduler, Item: Center, Coordinates RA: 06:45:04; Dec: -22° 30' 46"; Epoch: J2000 did not finish after being cancelled for over 2 minutes!

2026-02-28T20:12:21.2198|INFO|WhenCommon.cs|SequenceBlockTeardown|198|Teardown; shutting down watchdog
2026-02-28T20:12:21.2313|INFO|Sequencer.cs|Start|85|Sequence run was cancelled
2026-02-28T20:12:21.2455|INFO|Sequence2VM.cs|StartSequence|548|Advanced Sequence finished
2026-02-28T20:27:08.3776|INFO|DomeVM.cs|Disconnect|355|Disconnected Dome Device
2026-02-28T20:27:08.3835|INFO|FlatDeviceVM.cs|Disconnect|289|Disconnected Flat Device
2026-02-28T20:27:08.5392|INFO|CameraVM.cs|Disconnect|650|Disconnected Camera
2026-02-28T20:27:53.2958|ERROR|AscomDevice.cs|Connected|151|Reconnection failed. The device might be disconnected! - 
ASCOM.NotConnectedException: Device is not connected
   at NINA.Equipment.Equipment.AscomDevice`1.TryReconnect() in /_/NINA.Equipment/Equipment/AscomDevice.cs:line 130
   at NINA.Equipment.Equipment.AscomDevice`1.get_Connected() in /_/NINA.Equipment/Equipment/AscomDevice.cs:line 149
2026-02-28T20:27:53.2992|INFO|AscomDevice.cs|Disconnect|378|Disconnecting from ASCOM.iOptron2017.Telescope iOptron CEM120,70,40,26, GEM, HEM, HAE, HAZ series and SkyHunter Mount
2026-02-28T20:27:53.3807|INFO|ApplicationVM.cs|Closing|289|Application shutting down
2026-02-28T20:27:53.3819|WARNING|DeviceUpdateTimer.cs|Run|115|Mount value update cycle took longer than the device poll interval (Total: 6206.56s > 2s; Poll: 01:43:26.5637095; Update: 00:00:00.0010164)
2026-02-28T20:27:53.4103|INFO|CenteringSolver.cs|Center|111|Sync failed - calculating offset instead to compensate.  Original: RA: 00:00:00; Dec: 00° 00' 00"; Epoch: JNOW; Original Offset RA: 00:00:00; Dec: 00° 00' 00"; Distance: 00° 00' 00"; Bearing: 00° 00' 00"; Solved: RA: 11:36:35; Dec: 85° 24' 29"; Epoch: JNOW; New Offset: RA: -11:36:35; Dec: -85° 24' 29"; Distance: 94° 34' 04"; Bearing: -00° 28' 10"
2026-02-28T20:27:53.4105|INFO|CenteringSolver.cs|Center|132|Slewing to target after sync. Current Position: RA: -01:00:00; Dec: -01° 00' 00"; Epoch: JNOW; Target coordinates: RA: 06:46:11; Dec: -22° 32' 34"; Epoch: JNOW; Offset RA: -11:36:35; Dec: -85° 24' 29"; Distance: 94° 34' 04"; Bearing: -00° 28' 10"
2026-02-28T20:27:53.4118|WARNING|TelescopeVM.cs|SlewAsyncInternal|938|Mount is not connected to slew
2026-02-28T20:27:53.4130|INFO|CenteringSolver.cs|Center|165|Restoring filter to L after centering
2026-02-28T20:27:53.4456|WARNING|PHD2Client.cs|ReadEventsAsync|189|PHD2Client: Connection closed by server
2026-02-28T20:27:53.4457|INFO|DitherStatisticsVM.cs|OnPHD2ConnectionStatusChanged|737|PHD2 Connection Status: Connection lost
2026-02-28T20:27:53.4457|INFO|PHD2Client.cs|ReadEventsAsync|205|PHD2Client: Stopped reading events
2026-02-28T20:27:53.4723|INFO|AscomDevice.cs|Disconnect|378|Disconnecting from ASCOM.iOptron2017.Telescope iOptron CEM120,70,40,26, GEM, HEM, HAE, HAZ series and SkyHunter Mount
2026-02-28T20:27:53.4864|INFO|DomeVM.cs|Disconnect|355|Disconnected Dome Device
2026-02-28T20:27:53.4901|INFO|FlatDeviceVM.cs|Disconnect|289|Disconnected Flat Device
2026-02-28T20:27:53.5012|INFO|CameraVM.cs|Disconnect|650|Disconnected Camera
2026-02-28T20:27:53.5046|INFO|TelescopeVM.cs|Disconnect|740|Disconnected mount
2026-02-28T20:27:53.5052|INFO|AscomDevice.cs|Disconnect|378|Disconnecting from ASCOM.EFW2.FilterWheel ZWO FilterWheel
2026-02-28T20:27:53.5057|INFO|TelescopeVM.cs|Disconnect|740|Disconnected mount
2026-02-28T20:27:53.5297|INFO|FilterWheelVM.cs|Disconnect|333|Disconnected Filter Wheel
2026-02-28T20:27:53.5384|INFO|AscomDevice.cs|Disconnect|378|Disconnecting from ASCOM.EAF.Focuser ZWO Focuser
2026-02-28T20:27:53.5898|INFO|FocuserVM.cs|Disconnect|441|Disconnected Focuser
2026-02-28T20:27:53.5963|INFO|RotatorVM.cs|Disconnect|447|Disconnected Rotator
2026-02-28T20:27:53.6102|INFO|SwitchVM.cs|Disconnect|309|Disconnected Switch
2026-02-28T20:27:53.6132|INFO|AscomDevice.cs|Disconnect|378|Disconnecting from ASCOM.SkyAlert.ObservingConditions SkyAlert Observing Conditions
2026-02-28T20:27:53.6311|INFO|WeatherDataVM.cs|Disconnect|305|Disconnected Weather Device
2026-02-28T20:27:53.6334|INFO|SafetyMonitorVM.cs|UpdateMonitorValues|95|SafetyMonitorInfo state changed to Unsafe
2026-02-28T20:27:53.6337|INFO|AscomDevice.cs|Disconnect|378|Disconnecting from ASCOM.GenericFile.SafetyMonitor Generic File driver
2026-02-28T20:27:53.6482|INFO|SafetyMonitorVM.cs|Disconnect|221|Disconnected Safety Monitor
2026-02-28T20:27:54.2181|INFO|API.cs|StopWatchers|86|Stopping all event watchers
