----------------------------------------------------------------------
--------------N.I.N.A. - Nighttime Imaging 'N' Astronomy--------------
--------------------------Version 3.2.0.9001--------------------------
-------------------------2026-02-08T11:41:16--------------------------
----------------------------------------------------------------------
---------------------Microsoft Windows 10.0.19045---------------------
-------------------------OS Architecture X64--------------------------
-----------------------Process Architecture X64-----------------------
-----------------------------.NET 8.0.21------------------------------
----------------------------------------------------------------------
--------------------------Processor Count 4---------------------------
--------------------Total Physical Memory 7.84 GB---------------------
----------------------------------------------------------------------
DATE|LEVEL|SOURCE|MEMBER|LINE|MESSAGE
2026-02-08T11:41:16.0432|INFO|App.xaml.cs|OnStartup|170|Launched with command line arguments: --sequencefile C:\Users\nicka\Astro\NINA\NINA_Sequences\TargetScheduler.json --runsequence
2026-02-08T11:41:18.9841|INFO|CameraChooserVM.cs|GetEquipment|69|Found 2 ASI Cameras
2026-02-08T11:41:19.3914|INFO|CameraChooserVM.cs|GetEquipment|84|Found 0 Altair Cameras
2026-02-08T11:41:19.6460|INFO|CameraChooserVM.cs|GetEquipment|96|Found 0 Atik Cameras
2026-02-08T11:41:19.7483|INFO|CameraChooserVM.cs|GetEquipment|110|Found 0 FLI Cameras
2026-02-08T11:41:21.0113|INFO|CameraChooserVM.cs|GetEquipment|130|Found 0 QHYCCD Cameras
2026-02-08T11:41:21.5454|INFO|CameraChooserVM.cs|GetEquipment|158|Found 0 ToupTek Cameras
2026-02-08T11:41:21.8110|INFO|CameraChooserVM.cs|GetEquipment|173|Found 0 Ogma Cameras
2026-02-08T11:41:21.9831|INFO|CameraChooserVM.cs|GetEquipment|188|Found 0 Omegon Cameras
2026-02-08T11:41:22.5754|INFO|CameraChooserVM.cs|GetEquipment|203|Found 0 RisingCam Cameras
2026-02-08T11:41:22.7493|INFO|CameraChooserVM.cs|GetEquipment|218|Found 0 MallinCam Cameras
2026-02-08T11:41:22.8975|INFO|CameraChooserVM.cs|GetEquipment|243|Found 0 SVBony Cameras
2026-02-08T11:41:22.9005|INFO|CameraChooserVM.cs|GetEquipment|259|Found 0 SBIG Cameras
2026-02-08T11:41:28.7054|INFO|ApplicationVM.cs|CheckDiskInfo|100|Available Space on Drive C:\: 125.56 GB
2026-02-08T11:41:28.7120|INFO|ApplicationVM.cs|CheckDiskInfo|102|Drive E:\ is not ready
2026-02-08T11:41:28.7138|INFO|ApplicationVM.cs|CheckDiskInfo|100|Available Space on Drive G:\: 41.49 GB
2026-02-08T11:41:28.7223|INFO|ApplicationVM.cs|CheckDiskInfo|100|Available Space on Drive Z:\: 36.94 GB
2026-02-08T11:41:29.5031|INFO|ApplicationVM.cs|CheckASCOMPlatformVersion|81|ASCOM Platform 6.6.2.4195 installed
2026-02-08T11:41:30.4533|INFO|API.cs|Start|99|Starting Webserver
2026-02-08T11:41:30.4547|INFO|API.cs|APITask|134|starting web server, listening at 172.19.6.111:1888
2026-02-08T11:41:30.6448|INFO|NINALogWatcher.cs|Start|33|watching log file: C:\Users\nicka\AppData\Local\NINA\Logs\20260208-114114-3.2.0.9001.9164-202602.log
2026-02-08T11:41:30.6782|INFO|PluginLoader.cs|LoadPlugin|402|Successfully loaded plugin Advanced API version 2.2.14.3 by Christian Palm
2026-02-08T11:41:31.1304|INFO|PluginLoader.cs|LoadPlugin|402|Successfully loaded plugin Autofocus Report Analysis version 2.0.0.9 by Stefan Berg @isbeorn
2026-02-08T11:41:31.3452|INFO|PluginLoader.cs|LoadPlugin|402|Successfully loaded plugin Connector version 2.1.0.2 by Stefan Berg @isbeorn
2026-02-08T11:41:31.5339|INFO|PluginLoader.cs|LoadPlugin|402|Successfully loaded plugin Device Actions and Commands version 2.2.0.0 by Dale Ghent
2026-02-08T11:41:32.1357|INFO|PluginLoader.cs|LoadPlugin|402|Successfully loaded plugin Discord Alert version 2.2.0.0 by Drew McDermott
2026-02-08T11:41:33.5759|INFO|PluginLoader.cs|LoadPlugin|402|Successfully loaded plugin Discord Notification version 2.0.0.10 by Daniel Ludwig
2026-02-08T11:41:34.5692|INFO|DitherStatisticsVM.cs|CreatePluginIcon|1365|Plugin icon geometry created successfully
2026-02-08T11:41:34.5956|INFO|DitherStatisticsVM.cs|LoadDataTemplates|1334|DitherStatistics DataTemplates loaded successfully
2026-02-08T11:41:34.6001|INFO|DitherStatisticsVM.cs|SaveQualityAssessmentSetting|383|Quality Assessment setting saved to file: True
2026-02-08T11:41:34.6002|INFO|DitherStatisticsVM.cs|LoadQualityAssessmentSetting|360|Quality Assessment setting loaded from file: True
2026-02-08T11:41:34.6008|INFO|DitherStatisticsVM.cs|SubscribeToGuiderEvents|716|Subscribed to NINA guider events
2026-02-08T11:41:34.6043|ERROR|DitherStatisticsVM.cs|GetThemeColor|1319|Failed to get theme color 'PrimaryBrush': The calling thread cannot access this object because a different thread owns it.
2026-02-08T11:41:34.6045|INFO|DitherStatisticsVM.cs|StartThemeColorMonitoring|1211|Initial PrimaryBrush color: R:255 G:255 B:255
2026-02-08T11:41:34.6047|INFO|DitherStatisticsVM.cs|.ctor|92|DitherStatisticsVM initialized successfully with ScottPlot 4.1 (Lazy Loading)!
2026-02-08T11:41:34.6052|INFO|DitherStatisticsVM.cs|StartThemeColorMonitoring|1220|Theme color monitoring timer started on UI thread
2026-02-08T11:41:34.6070|INFO|PluginLoader.cs|LoadPlugin|402|Successfully loaded plugin Dither Statistics version 1.2.0.4 by Thierry Tschanz
2026-02-08T11:41:34.7824|INFO|PluginLoader.cs|LoadPlugin|402|Successfully loaded plugin Filter Offset Calculator version 2.0.0.0 by S. Dimant & Stefan Berg
2026-02-08T11:41:35.0027|INFO|PluginLoader.cs|LoadPlugin|402|Successfully loaded plugin Flexure Correction version 0.8.0.0 by Francesco Meschia
2026-02-08T11:41:35.1085|INFO|DitherStatisticsVM.cs|OnThemeColorTimerTick|1239|Theme color CHANGED! Old: R:255 G:255 B:255 -> New: R:176 G:179 B:185
2026-02-08T11:41:35.2108|INFO|DitherStatisticsVM.cs|PixelShiftPlot|132|PixelShiftPlot created (lazy loading)
2026-02-08T11:41:35.2471|INFO|DitherStatisticsVM.cs|SettleTimePlot|173|SettleTimePlot created (lazy loading)
2026-02-08T11:41:36.6044|INFO|DitherStatisticsVM.cs|ConnectToPHD2|590|Attempting to connect to PHD2...
2026-02-08T11:41:36.6061|INFO|PHD2Client.cs|ConnectAsync|48|PHD2Client: Connecting to PHD2 at 127.0.0.1:4400...
2026-02-08T11:41:37.6723|INFO|PluginLoader.cs|LoadPlugin|402|Successfully loaded plugin Ground Station version 3.0.0.117 by Dale Ghent
2026-02-08T11:41:38.6298|ERROR|PHD2Client.cs|ConnectAsync|69|PHD2Client: Connection failed: No connection could be made because the target machine actively refused it.
2026-02-08T11:41:38.6302|INFO|DitherStatisticsVM.cs|OnPHD2ConnectionStatusChanged|619|PHD2 Connection Status: Connection failed: No connection could be made because the target machine actively refused it.
2026-02-08T11:41:48.6583|INFO|PluginLoader.cs|LoadPlugin|402|Successfully loaded plugin Hocus Focus version 3.0.0.24 by George Hilios (jokogeo)
2026-02-08T11:41:49.6097|INFO|PluginLoader.cs|LoadPlugin|402|Successfully loaded plugin Horizon Creator version 1.1.2.1 by Christian Palm
2026-02-08T11:41:49.8212|INFO|PluginLoader.cs|LoadPlugin|402|Successfully loaded plugin Lightbucket version 2.2.4.0 by Lightbucket
2026-02-08T11:41:50.6977|INFO|PluginLoader.cs|LoadPlugin|402|Successfully loaded plugin Livestack version 1.0.1.7 by Stefan Berg @isbeorn
2026-02-08T11:41:50.9303|INFO|PluginLoader.cs|LoadPlugin|402|Successfully loaded plugin Log Viewer version 1.0.0.2 by Alexander Wrede @astro_alex80
2026-02-08T11:41:51.1271|INFO|PluginLoader.cs|LoadPlugin|402|Successfully loaded plugin Moon Angle version 2.2.0.0 by Dale Ghent
2026-02-08T11:41:51.4331|INFO|PluginLoader.cs|LoadPlugin|402|Successfully loaded plugin Phd2 Tools version 1.0.6.0 by Stefan Berg @isbeorn
2026-02-08T11:41:51.7631|INFO|PluginLoader.cs|LoadPlugin|402|Successfully loaded plugin PixInsight Tools version 1.0.0.3 by Stefan Berg
2026-02-08T11:41:52.5051|INFO|PluginLoader.cs|LoadPlugin|402|Successfully loaded plugin Point3D version 0.2.3.0 by Drew McDermott
2026-02-08T11:41:52.7810|INFO|PluginLoader.cs|LoadPlugin|402|Successfully loaded plugin Scope Control version 2.0.2.1 by Stefan Berg @isbeorn
2026-02-08T11:41:54.5275|WARNING|When.cs|GetRunningItem|143|Can't get running items: SequencerNavigation not initialized yet!
2026-02-08T11:41:54.7986|INFO|PluginLoader.cs|LoadPlugin|402|Successfully loaded plugin Sequencer Powerups version 3.29.0.3 by Marc Blank
2026-02-08T11:41:55.5376|INFO|PluginLoader.cs|LoadPlugin|402|Successfully loaded plugin Session Metadata version 2.6.3.0 by Tom Palmer @tcpalmer
2026-02-08T11:41:55.6668|INFO|PluginLoader.cs|LoadPlugin|402|Successfully loaded plugin Shutdown PC version 2.2.0.0 by Dale Ghent
2026-02-08T11:41:55.9189|INFO|PluginLoader.cs|LoadPlugin|402|Successfully loaded plugin SkyFlats version 1.0.0.4 by Gerald Hitz (@photon)
2026-02-08T11:41:56.3053|INFO|PluginLoader.cs|LoadPlugin|402|Successfully loaded plugin Smart Filters version 1.0.0.3 by Benoit SAINTOT
2026-02-08T11:41:56.7945|INFO|PluginLoader.cs|LoadPlugin|402|Successfully loaded plugin Target Planning version 3.2.1.0 by Tom Palmer @tcpalmer
2026-02-08T11:41:59.5383|WARNING|When.cs|GetRunningItem|143|Can't get running items: SequencerNavigation not initialized yet!
2026-02-08T11:42:00.1958|INFO|PluginLoader.cs|LoadPlugin|402|Successfully loaded plugin Target Scheduler version 5.8.3.2 by Tom Palmer @tcpalmer
2026-02-08T11:42:00.6075|INFO|PluginLoader.cs|LoadPlugin|402|Successfully loaded plugin Three Point Polar Alignment version 2.2.4.3 by Stefan Berg @isbeorn
2026-02-08T11:42:02.0895|INFO|SessionHistoryManager.cs|PurgeHistoryOlderThan|102|purging web session history older than 10 days
2026-02-08T11:42:02.1730|INFO|PluginLoader.cs|LoadPlugin|402|Successfully loaded plugin Web Session History Viewer version 2.2.1.0 by Tom Palmer @tcpalmer
2026-02-08T11:42:02.5545|INFO|PluginFetcher.cs|RequestAll|43|Fetching plugin manifests from https://nighttime-imaging.eu/wp-json/nina/v1/plugins/manifests
2026-02-08T11:42:02.6935|INFO|FilterWheelChooserVM.cs|GetEquipment|167|Found 1 Networked Filter Wheel Filter Wheels
2026-02-08T11:42:02.8054|INFO|RotatorChooserVM.cs|GetEquipment|45|Found 1 Networked Rotator Rotators
2026-02-08T11:42:03.2322|INFO|Sequence2VM.cs|TryLoadSequenceFile|414|Loading sequence file: C:\Users\nicka\Astro\NINA\NINA_Sequences\TargetScheduler.json
2026-02-08T11:42:03.5732|INFO|CameraChooserVM.cs|GetEquipment|279|Found 0 SVBony Cameras
2026-02-08T11:42:03.7095|INFO|CameraChooserVM.cs|GetEquipment|279|Found 0 PlayerOne Cameras
2026-02-08T11:42:03.8014|INFO|CameraChooserVM.cs|GetEquipment|279|Found 0 ASTPAN Cameras
2026-02-08T11:42:03.8034|INFO|CameraChooserVM.cs|GetEquipment|293|Found 4 ASCOM Cameras
2026-02-08T11:42:03.9283|INFO|Sequence2VM.cs|TryLoadSequenceFile|420|Starting sequence from command line options
2026-02-08T11:42:03.9318|INFO|Sequence2VM.cs|StartSequence|543|Advanced Sequence starting
2026-02-08T11:42:04.6963|INFO|PluginFetcher.cs|RequestAll|57|Found 72 valid plugins at https://nighttime-imaging.eu/wp-json/nina/v1/plugins/manifests
2026-02-08T11:42:04.8458|INFO|SequenceItem.cs|Run|208|Starting Category: * Instruction Set *, Container: NINA.Sequencer.Container.SequenceRootContainer, Strategy: SequentialStrategy, Items[CREATED]: 3, Triggers: Category: Ground Station, Item: Failures to Telegram
2026-02-08T11:42:04.8582|INFO|SequenceItem.cs|Run|208|Starting Category: * Instruction Set *, Container: NINA.Sequencer.Container.StartAreaContainer, Strategy: SequentialStrategy, Items[CREATED]: 1
2026-02-08T11:42:04.8590|INFO|SequenceItem.cs|Run|208|Starting Category: * Instruction Set *, Container: NINA.Sequencer.Container.SequentialContainer, Strategy: SequentialStrategy, Items[CREATED]: 10
2026-02-08T11:42:04.8664|INFO|SequenceItem.cs|Run|208|Starting Category: Ground Station, Item: Send to Pushover, Title: Start
2026-02-08T11:42:04.9026|INFO|DomeChooserVM.cs|GetEquipment|67|Found 0 Alpaca Domes
2026-02-08T11:42:04.9047|INFO|FilterWheelChooserVM.cs|GetEquipment|193|Found 0 Alpaca Filter Wheels
2026-02-08T11:42:04.9219|INFO|RotatorChooserVM.cs|GetEquipment|68|Found 0 Alpaca Rotators
2026-02-08T11:42:05.0361|INFO|SwitchChooserVM.cs|GetEquipment|71|Found 0 Alpaca Switch Hubs
2026-02-08T11:42:05.0851|INFO|SafetyMonitorChooserVM.cs|GetEquipment|71|Found 0 Alpaca Safety Monitors
2026-02-08T11:42:05.1527|INFO|TelescopeChooserVM.cs|GetEquipment|69|Found 0 Alpaca Telescopes
2026-02-08T11:42:05.1956|INFO|FlatDeviceChooserVM.cs|GetEquipment|67|Found 0 Alpaca Cover Calibrators
2026-02-08T11:42:05.2435|INFO|SequenceItem.cs|Run|254|Finishing Category: Ground Station, Item: Send to Pushover, Title: Start
2026-02-08T11:42:05.2485|INFO|SequenceItem.cs|Run|208|Starting Category: Utility, Item: WaitForTime, Time: 17:51:45h, Offset: -80
2026-02-08T11:42:05.3001|INFO|DockManagerVM.cs|InitializeAvalonDockLayout|366|Initializing imaging tab layout from C:\Users\nicka\AppData\Local\NINA\Profiles\0173997c-4bfa-48fd-9337-a48b6df99c38.dock.config
2026-02-08T11:42:05.3334|INFO|WeatherDataChooserVM.cs|GetEquipment|69|Found 0 Alpaca Observing Conditions
2026-02-08T11:42:05.8061|INFO|CameraChooserVM.cs|GetEquipment|305|Found 0 Alpaca Cameras
2026-02-08T11:42:05.8123|INFO|CameraChooserVM.cs|GetEquipment|318|Found 0 Canon Cameras
2026-02-08T11:42:06.8914|INFO|FocuserChooserVM.cs|GetEquipment|84|Found 0 Alpaca Focusers
2026-02-08T17:52:05.2506|INFO|SequenceItem.cs|Run|254|Finishing Category: Utility, Item: WaitForTime, Time: 17:52:33h, Offset: -80
2026-02-08T17:52:05.2529|INFO|SequenceItem.cs|Run|208|Starting Category: Ground Station, Item: Send to Telegram
2026-02-08T17:52:06.0675|INFO|SequenceItem.cs|Run|254|Finishing Category: Ground Station, Item: Send to Telegram
2026-02-08T17:52:06.0678|INFO|SequenceItem.cs|Run|208|Starting Category: Ground Station, Item: Send to Pushover, Title: Configure Equipment
2026-02-08T17:52:06.2443|INFO|SequenceItem.cs|Run|254|Finishing Category: Ground Station, Item: Send to Pushover, Title: Configure Equipment
2026-02-08T17:52:06.2453|INFO|SequenceItem.cs|Run|208|Starting Category: Connect, Item: ConnectAllEquipment
2026-02-08T17:52:06.2725|INFO|CameraChooserVM.cs|GetEquipment|69|Found 2 ASI Cameras
2026-02-08T17:52:06.3350|INFO|CameraChooserVM.cs|GetEquipment|84|Found 0 Altair Cameras
2026-02-08T17:52:06.3351|INFO|CameraChooserVM.cs|GetEquipment|96|Found 0 Atik Cameras
2026-02-08T17:52:06.3358|INFO|CameraChooserVM.cs|GetEquipment|110|Found 0 FLI Cameras
2026-02-08T17:52:06.3361|INFO|CameraChooserVM.cs|GetEquipment|130|Found 0 QHYCCD Cameras
2026-02-08T17:52:06.4843|INFO|CameraChooserVM.cs|GetEquipment|158|Found 0 ToupTek Cameras
2026-02-08T17:52:06.4897|INFO|CameraChooserVM.cs|GetEquipment|173|Found 0 Ogma Cameras
2026-02-08T17:52:06.5032|INFO|CameraChooserVM.cs|GetEquipment|188|Found 0 Omegon Cameras
2026-02-08T17:52:06.6548|INFO|CameraChooserVM.cs|GetEquipment|203|Found 0 RisingCam Cameras
2026-02-08T17:52:06.6684|INFO|CameraChooserVM.cs|GetEquipment|218|Found 0 MallinCam Cameras
2026-02-08T17:52:06.6699|INFO|CameraChooserVM.cs|GetEquipment|243|Found 0 SVBony Cameras
2026-02-08T17:52:06.6721|INFO|CameraChooserVM.cs|GetEquipment|259|Found 0 SBIG Cameras
2026-02-08T17:52:06.6727|INFO|CameraChooserVM.cs|GetEquipment|279|Found 0 SVBony Cameras
2026-02-08T17:52:06.6731|INFO|CameraChooserVM.cs|GetEquipment|279|Found 0 PlayerOne Cameras
2026-02-08T17:52:06.6805|INFO|CameraChooserVM.cs|GetEquipment|279|Found 0 ASTPAN Cameras
2026-02-08T17:52:06.6814|INFO|CameraChooserVM.cs|GetEquipment|293|Found 4 ASCOM Cameras
2026-02-08T17:52:08.6836|INFO|CameraChooserVM.cs|GetEquipment|305|Found 0 Alpaca Cameras
2026-02-08T17:52:08.6895|INFO|CameraChooserVM.cs|GetEquipment|318|Found 0 Canon Cameras
2026-02-08T17:52:08.7480|INFO|CameraVM.cs|Disconnect|650|Disconnected Camera
2026-02-08T17:52:09.3330|WARNING|ASICamera.cs|SetControlValue|568|Failed to set ASI Control Value ASI_WB_B with value 50
2026-02-08T17:52:09.3331|WARNING|ASICamera.cs|SetControlValue|568|Failed to set ASI Control Value ASI_WB_R with value 50
2026-02-08T17:52:09.3332|WARNING|ASICamera.cs|SetControlValue|568|Failed to set ASI Control Value ASI_GAMMA with value 50
2026-02-08T17:52:09.3332|WARNING|ASICamera.cs|SetControlValue|568|Failed to set ASI Control Value ASI_HIGH_SPEED_MODE with value 0
2026-02-08T17:52:09.3333|WARNING|ASICamera.cs|SetControlValue|568|Failed to set ASI Control Value ASI_OVERCLOCK with value 0
2026-02-08T17:52:09.3335|WARNING|ASICamera.cs|SetControlValue|568|Failed to set ASI Control Value ASI_PATTERN_ADJUST with value 0
2026-02-08T17:52:09.3343|WARNING|ASICamera.cs|SetControlValue|568|Failed to set ASI Control Value ASI_MONO_BIN with value 0
2026-02-08T17:52:09.3353|INFO|ASICamera.cs|Initialize|664|Camera ID: ASI533MM
2026-02-08T17:52:09.3448|WARNING|ASICamera.cs|SetControlValue|568|Failed to set ASI Control Value ASI_ANTI_DEW_HEATER with value 0
2026-02-08T17:52:09.3795|INFO|CameraVM.cs|ChooseCamera|455|Successfully connected Camera. Id: ZWOptical_ZWO ASI533MM Pro_ASI533MM Name: ZWO ASI533MM Pro DisplayName: ZWO ASI533MM Pro (ASI533MM)Driver Version: 1, 39, 0, 0
2026-02-08T17:52:09.9381|INFO|FilterWheelChooserVM.cs|GetEquipment|167|Found 1 Networked Filter Wheel Filter Wheels
2026-02-08T17:52:11.9405|INFO|FilterWheelChooserVM.cs|GetEquipment|193|Found 0 Alpaca Filter Wheels
2026-02-08T17:52:11.9833|INFO|FilterWheelVM.cs|Disconnect|333|Disconnected Filter Wheel
2026-02-08T17:52:15.5985|INFO|FilterWheelVM.cs|ChooseFW|279|Successfully connected Filter Wheel. Id: ASCOM.EFW2.FilterWheel Name: ZWO FilterWheel DisplayName: ZWO FilterWheel (ASCOM) Driver Version: 6.0
2026-02-08T17:52:19.4493|INFO|FocuserChooserVM.cs|GetEquipment|84|Found 0 Alpaca Focusers
2026-02-08T17:52:19.4785|INFO|FocuserVM.cs|Disconnect|441|Disconnected Focuser
2026-02-08T17:52:20.7535|ERROR|AscomDevice.cs|GetProperty|546|An unexpected exception occurred during GET of Focuser.StepSize: 
ASCOM.DriverException: The method or operation is not implemented.
 ---> System.NotImplementedException: The method or operation is not implemented.
   --- End of inner exception stack trace ---
   at ASCOM.Com.DriverAccess.DynamicAccess.CheckDotNetExceptions(String memberName, Exception e) in J:\ASCOMLibrary\ASCOM.Com\ASCOM.Com.DriverAccess\BaseClass\DynamicAccess.cs:line 278
   at ASCOM.Com.DriverAccess.DynamicAccess.TryGetMember(GetMemberBinder binder, Object& result) in J:\ASCOMLibrary\ASCOM.Com\ASCOM.Com.DriverAccess\BaseClass\DynamicAccess.cs:line 150
   at CallSite.Target(Closure, CallSite, Object)
   at System.Dynamic.UpdateDelegates.UpdateAndExecute1[T0,TRet](CallSite site, T0 arg0)
   at ASCOM.Com.DriverAccess.Focuser.get_StepSize() in J:\ASCOMLibrary\ASCOM.Com\ASCOM.Com.DriverAccess\Focuser.cs:line 159
   at System.RuntimeMethodHandle.InvokeMethod(Object target, Void** arguments, Signature sig, Boolean isConstructor)
   at System.Reflection.MethodBaseInvoker.InvokeWithNoArgs(Object obj, BindingFlags invokeAttr)
2026-02-08T17:52:20.9661|INFO|AscomDevice.cs|GetProperty|485|Retrying to GET Focuser.StepSize - Attempt 2 / 3
2026-02-08T17:52:20.9674|ERROR|AscomDevice.cs|GetProperty|546|An unexpected exception occurred during GET of Focuser.StepSize: 
ASCOM.DriverException: The method or operation is not implemented.
 ---> System.NotImplementedException: The method or operation is not implemented.
   --- End of inner exception stack trace ---
   at ASCOM.Com.DriverAccess.DynamicAccess.CheckDotNetExceptions(String memberName, Exception e) in J:\ASCOMLibrary\ASCOM.Com\ASCOM.Com.DriverAccess\BaseClass\DynamicAccess.cs:line 278
   at ASCOM.Com.DriverAccess.DynamicAccess.TryGetMember(GetMemberBinder binder, Object& result) in J:\ASCOMLibrary\ASCOM.Com\ASCOM.Com.DriverAccess\BaseClass\DynamicAccess.cs:line 150
   at CallSite.Target(Closure, CallSite, Object)
   at ASCOM.Com.DriverAccess.Focuser.get_StepSize() in J:\ASCOMLibrary\ASCOM.Com\ASCOM.Com.DriverAccess\Focuser.cs:line 159
   at InvokeStub_Focuser.get_StepSize(Object, Object, IntPtr*)
   at System.Reflection.MethodBaseInvoker.InvokeWithNoArgs(Object obj, BindingFlags invokeAttr)
2026-02-08T17:52:21.1680|INFO|AscomDevice.cs|GetProperty|485|Retrying to GET Focuser.StepSize - Attempt 3 / 3
2026-02-08T17:52:21.1702|ERROR|AscomDevice.cs|GetProperty|546|An unexpected exception occurred during GET of Focuser.StepSize: 
ASCOM.DriverException: The method or operation is not implemented.
 ---> System.NotImplementedException: The method or operation is not implemented.
   --- End of inner exception stack trace ---
   at ASCOM.Com.DriverAccess.DynamicAccess.CheckDotNetExceptions(String memberName, Exception e) in J:\ASCOMLibrary\ASCOM.Com\ASCOM.Com.DriverAccess\BaseClass\DynamicAccess.cs:line 278
   at ASCOM.Com.DriverAccess.DynamicAccess.TryGetMember(GetMemberBinder binder, Object& result) in J:\ASCOMLibrary\ASCOM.Com\ASCOM.Com.DriverAccess\BaseClass\DynamicAccess.cs:line 150
   at CallSite.Target(Closure, CallSite, Object)
   at ASCOM.Com.DriverAccess.Focuser.get_StepSize() in J:\ASCOMLibrary\ASCOM.Com\ASCOM.Com.DriverAccess\Focuser.cs:line 159
   at InvokeStub_Focuser.get_StepSize(Object, Object, IntPtr*)
   at System.Reflection.MethodBaseInvoker.InvokeWithNoArgs(Object obj, BindingFlags invokeAttr)
2026-02-08T17:52:21.1710|INFO|AscomDevice.cs|GetProperty|556|GET Focuser.StepSize failed - Returning last known value 0
2026-02-08T17:52:21.4026|INFO|FocuserVM.cs|ChooseFocuser|333|Successfully connected Focuser. Id: ASCOM.EAF.Focuser Name: ZWO Focuser DisplayName: ZWO Focuser (ASCOM) Driver Version: 6.0
2026-02-08T17:52:23.4069|INFO|TelescopeChooserVM.cs|GetEquipment|69|Found 0 Alpaca Telescopes
2026-02-08T17:52:23.4704|INFO|TelescopeVM.cs|Disconnect|740|Disconnected mount
2026-02-08T17:52:26.3984|INFO|AscomTelescope.cs|CheckMountTime|845|Mount UTC Time: 2026-02-08 23:52:24Z / System UTC Time: 2026-02-08 23:52:26Z; Difference: 2.386 seconds
2026-02-08T17:52:26.4407|INFO|AscomTelescope.cs|CheckMountTime|852|System time has been synced to the mount
2026-02-08T17:52:26.6956|INFO|TelescopeVM.cs|ChooseTelescope|535|Successfully connected mount. Id: ASCOM.iOptron2017.Telescope Name: iOptron CEM120,70,40,26, GEM, HEM, HAE, HAZ series and SkyHunter Mount DisplayName: iOptron CEM120,70,40,26, GEM, HEM, HAE, HAZ series and SkyHunter Mount (ASCOM) Driver Version: 9.15
2026-02-08T17:52:26.7164|INFO|PHD2Guider.cs|Connect|205|Connecting to PHD2 server at 127.0.0.1:4400
2026-02-08T17:52:33.4158|INFO|PHD2Client.cs|ConnectAsync|62|PHD2Client: Connected successfully!
2026-02-08T17:52:33.4165|INFO|DitherStatisticsVM.cs|OnPHD2ConnectionStatusChanged|616|PHD2 Connection Status: Connected
2026-02-08T17:52:33.4166|INFO|DitherStatisticsVM.cs|ConnectToPHD2|595|Successfully connected to PHD2!
2026-02-08T17:52:33.4187|INFO|PHD2Client.cs|ReadEventsAsync|102|PHD2Client: Started reading events
2026-02-08T17:52:33.4562|INFO|PHD2Client.cs|HandleVersion|256|PHD2Client: Connected to PHD2 version 2.6.14. (Message Protocol v1)
2026-02-08T17:52:33.4570|INFO|PHD2Client.cs|ProcessEvent|173|PHD2: CalibrationComplete
2026-02-08T17:52:33.4576|INFO|PHD2Client.cs|HandleAppState|266|PHD2Client: PHD2 AppState: Stopped
2026-02-08T17:52:34.4662|INFO|WeatherDataChooserVM.cs|GetEquipment|69|Found 0 Alpaca Observing Conditions
2026-02-08T17:52:34.4930|INFO|WeatherDataVM.cs|Disconnect|305|Disconnected Weather Device
2026-02-08T17:52:36.0467|INFO|AscomDevice.cs|GetProperty|527|Property ObservingConditions.SkyQuality GET is not implemented in this driver (SkyAlert Observing Conditions)
2026-02-08T17:52:36.0538|INFO|AscomDevice.cs|GetProperty|527|Property ObservingConditions.StarFWHM GET is not implemented in this driver (SkyAlert Observing Conditions)
2026-02-08T17:52:36.0676|INFO|WeatherDataVM.cs|ChooseWeatherData|150|Successfully connected Weather Device. Id: ASCOM.SkyAlert.ObservingConditions Name: SkyAlert Observing Conditions DisplayName: SkyAlert Observing Conditions (ASCOM) Driver Version: 1.7
2026-02-08T17:52:38.0767|INFO|SafetyMonitorChooserVM.cs|GetEquipment|71|Found 0 Alpaca Safety Monitors
2026-02-08T17:52:38.1065|INFO|SafetyMonitorVM.cs|Disconnect|221|Disconnected Safety Monitor
2026-02-08T17:52:38.5481|INFO|SafetyMonitorVM.cs|Connect|175|Successfully connected Safety Monitor. Id: ASCOM.GenericFile.SafetyMonitor Name: Generic File driver DisplayName: Generic File driver (ASCOM) Driver Version: 6.4
2026-02-08T17:52:38.5485|INFO|SequenceItem.cs|Run|254|Finishing Category: Connect, Item: ConnectAllEquipment
2026-02-08T17:52:38.5494|INFO|SequenceItem.cs|Run|208|Starting Category: Telescope, Item: FindHome
2026-02-08T17:52:38.5561|INFO|PHD2Guider.cs|StopGuiding|704|Phd2 - Stop Guiding skipped, as the app is already in state Stopped
2026-02-08T17:52:38.5580|INFO|TelescopeVM.cs|FindHome|292|Mount ordered to locate home position
2026-02-08T17:52:38.5609|INFO|TelescopeVM.cs|FindHome|336|Mount ordered to home but it is already at home
2026-02-08T17:52:38.5612|INFO|TelescopeVM.cs|FindHome|348|Mount has located its home position
2026-02-08T17:52:38.5622|INFO|SequenceItem.cs|Run|254|Finishing Category: Telescope, Item: FindHome
2026-02-08T17:52:38.5624|INFO|SequenceItem.cs|Run|208|Starting Category: Ground Station, Item: Send to Telegram
2026-02-08T17:52:39.1778|INFO|SequenceItem.cs|Run|254|Finishing Category: Ground Station, Item: Send to Telegram
2026-02-08T17:52:39.1782|INFO|SequenceItem.cs|Run|208|Starting Category: Ground Station, Item: Send to Pushover, Title: Cool
2026-02-08T17:52:39.3373|INFO|SequenceItem.cs|Run|254|Finishing Category: Ground Station, Item: Send to Pushover, Title: Cool
2026-02-08T17:52:39.3392|INFO|SequenceItem.cs|Run|208|Starting Category: Camera, Item: CoolCamera, Temperature: -15, Duration: 60
2026-02-08T17:52:39.3487|INFO|CameraVM.cs|CoolCamera|138|Cooling Camera. Target: -15 Duration: 01:00:00
2026-02-08T17:52:40.5519|INFO|SafetyMonitorVM.cs|UpdateMonitorValues|95|SafetyMonitorInfo state changed to Unsafe
2026-02-08T18:52:48.1018|INFO|SequenceItem.cs|Run|254|Finishing Category: Camera, Item: CoolCamera, Temperature: -15, Duration: 60
2026-02-08T18:52:48.1023|INFO|SequenceItem.cs|Run|208|Starting Category: Utility, Item: WaitForTime, Time: 18:57:33h, Offset: -15
2026-02-08T18:57:33.3698|INFO|SequenceItem.cs|Run|254|Finishing Category: Utility, Item: WaitForTime, Time: 18:57:33h, Offset: -15
2026-02-08T18:57:33.3785|INFO|SequenceItem.cs|Run|254|Finishing Category: * Instruction Set *, Container: NINA.Sequencer.Container.SequentialContainer, Strategy: SequentialStrategy, Items[FINISHED]: 10
2026-02-08T18:57:33.3790|INFO|SequenceItem.cs|Run|254|Finishing Category: * Instruction Set *, Container: NINA.Sequencer.Container.StartAreaContainer, Strategy: SequentialStrategy, Items[FINISHED]: 1
2026-02-08T18:57:33.3799|INFO|SequenceItem.cs|Run|208|Starting Category: * Instruction Set *, Container: NINA.Sequencer.Container.TargetAreaContainer, Strategy: SequentialStrategy, Items[CREATED]: 1
2026-02-08T18:57:33.3838|INFO|SequenceItem.cs|Run|208|Starting Category: * Instruction Set *, Container: NINA.Sequencer.Container.SequentialContainer, Strategy: SequentialStrategy, Items[CREATED]: 10, Conditions: Condition: TimeCondition, Time: 6:30:23h, Condition: TargetSchedulerCondition mode=While Targets Remain Tonight, , Triggers: Trigger: CenterAfterDriftTrigger, DistanceArcMinutes: 1Trigger: WhenUnsafeCategory: Ground Station, Item: Failures to TelegramCategory: Connect, Item: ReconnectOnDownloadFailureTrigger: AutofocusAfterHFRIncreaseTrigger, Amount: 5Trigger: MeridianFlipTriggerCategory: Powerups (Misc), Item: DIYTriggerCategory: Ground Station, Item: Failures to Pushover
2026-02-08T18:57:33.3877|INFO|WhenCommon.cs|SequenceBlockInitialize|204|Initialize; starting watchdog
2026-02-08T18:57:33.3916|INFO|WhenUnsafe.cs|CheckSafe|77|IsSafe is now FALSE; connected = True, IsSafe = False
2026-02-08T18:57:33.3919|INFO|WhenCommon.cs|ShouldTrigger|378|ShouldTrigger TRUE from InterruptWhen, setting TriggerRunner
2026-02-08T18:57:33.3920|INFO|WhenCommon.cs|InterruptWhen|322|Interrupting current Instruction Set
2026-02-08T18:57:33.3946|INFO|WhenCommon.cs|InterruptWhen|332|Canceling sequence...
2026-02-08T18:57:34.3954|INFO|WhenCommon.cs|InterruptWhen|336|Delay 1000
2026-02-08T18:57:35.3957|INFO|WhenCommon.cs|InterruptWhen|336|Delay 1000
2026-02-08T18:57:36.3964|INFO|WhenCommon.cs|InterruptWhen|336|Delay 1000
2026-02-08T18:57:37.3972|INFO|WhenCommon.cs|InterruptWhen|336|Delay 1000
2026-02-08T18:57:38.3982|INFO|WhenCommon.cs|InterruptWhen|336|Delay 1000
2026-02-08T18:57:39.3997|INFO|WhenCommon.cs|InterruptWhen|336|Delay 1000
2026-02-08T18:57:40.4009|INFO|WhenCommon.cs|InterruptWhen|336|Delay 1000
2026-02-08T18:57:41.4015|INFO|WhenCommon.cs|InterruptWhen|336|Delay 1000
2026-02-08T18:57:42.4030|INFO|WhenCommon.cs|InterruptWhen|336|Delay 1000
2026-02-08T18:57:43.4037|INFO|WhenCommon.cs|InterruptWhen|336|Delay 1000
2026-02-08T18:57:44.4041|INFO|WhenCommon.cs|InterruptWhen|336|Delay 1000
2026-02-08T18:57:45.4054|INFO|WhenCommon.cs|InterruptWhen|336|Delay 1000
2026-02-08T18:57:46.4067|INFO|WhenCommon.cs|InterruptWhen|336|Delay 1000
2026-02-08T18:57:47.4066|INFO|WhenCommon.cs|InterruptWhen|336|Delay 1000
2026-02-08T18:57:48.4079|INFO|WhenCommon.cs|InterruptWhen|336|Delay 1000
2026-02-08T18:57:49.4087|INFO|WhenCommon.cs|InterruptWhen|336|Delay 1000
2026-02-08T18:57:50.4095|INFO|WhenCommon.cs|InterruptWhen|336|Delay 1000
2026-02-08T18:57:51.4109|INFO|WhenCommon.cs|InterruptWhen|336|Delay 1000
2026-02-08T18:57:52.4117|INFO|WhenCommon.cs|InterruptWhen|336|Delay 1000
2026-02-08T18:57:53.4126|INFO|WhenCommon.cs|InterruptWhen|336|Delay 1000
2026-02-08T18:57:54.4138|INFO|WhenCommon.cs|InterruptWhen|336|Delay 1000
2026-02-08T18:57:55.4141|INFO|WhenCommon.cs|InterruptWhen|336|Delay 1000
2026-02-08T18:57:56.4154|INFO|WhenCommon.cs|InterruptWhen|336|Delay 1000
2026-02-08T18:57:57.4151|INFO|WhenCommon.cs|InterruptWhen|336|Delay 1000
2026-02-08T18:57:58.4154|INFO|WhenCommon.cs|InterruptWhen|336|Delay 1000
2026-02-08T18:57:59.4162|INFO|WhenCommon.cs|InterruptWhen|336|Delay 1000
2026-02-08T18:58:00.4171|INFO|WhenCommon.cs|InterruptWhen|336|Delay 1000
2026-02-08T18:58:01.4188|INFO|WhenCommon.cs|InterruptWhen|336|Delay 1000
2026-02-08T18:58:01.7890|INFO|WhenCommon.cs|SequenceBlockTeardown|198|Teardown; shutting down watchdog
2026-02-08T18:58:01.7914|INFO|Sequencer.cs|Start|85|Sequence run was cancelled
2026-02-08T18:58:01.8094|INFO|Sequence2VM.cs|StartSequence|548|Advanced Sequence finished
2026-02-08T18:58:02.4331|INFO|WhenCommon.cs|InterruptWhen|339|Sequence no longer running
2026-02-08T18:58:02.4343|WARNING|WhenCommon.cs|CheckSlewing|263|CheckSlewing, WhenUnsafe = True, Connected = True, CanSlew = True, info.Slewing = False
2026-02-08T18:58:02.4356|INFO|Sequence2VM.cs|StartSequence|543|Advanced Sequence starting
2026-02-08T18:58:02.4907|INFO|SequenceItem.cs|Run|208|Starting Category: * Instruction Set *, Container: NINA.Sequencer.Container.SequenceRootContainer, Strategy: SequentialStrategy, Items[CREATED]: 3, Triggers: Category: Ground Station, Item: Failures to Telegram
2026-02-08T18:58:02.4911|INFO|SequenceItem.cs|Run|208|Starting Category: * Instruction Set *, Container: NINA.Sequencer.Container.StartAreaContainer, Strategy: SequentialStrategy, Items[FINISHED]: 1
2026-02-08T18:58:02.4912|INFO|SequenceItem.cs|Run|254|Finishing Category: * Instruction Set *, Container: NINA.Sequencer.Container.StartAreaContainer, Strategy: SequentialStrategy, Items[FINISHED]: 1
2026-02-08T18:58:02.4913|INFO|SequenceItem.cs|Run|208|Starting Category: * Instruction Set *, Container: NINA.Sequencer.Container.TargetAreaContainer, Strategy: SequentialStrategy, Items[CREATED]: 1
2026-02-08T18:58:02.4914|INFO|SequenceItem.cs|Run|208|Starting Category: * Instruction Set *, Container: NINA.Sequencer.Container.SequentialContainer, Strategy: SequentialStrategy, Items[CREATED]: 10, Conditions: Condition: TimeCondition, Time: 6:30:23h, Condition: TargetSchedulerCondition mode=While Targets Remain Tonight, , Triggers: Trigger: CenterAfterDriftTrigger, DistanceArcMinutes: 1Trigger: WhenUnsafeCategory: Ground Station, Item: Failures to TelegramCategory: Connect, Item: ReconnectOnDownloadFailureTrigger: AutofocusAfterHFRIncreaseTrigger, Amount: 5Trigger: MeridianFlipTriggerCategory: Powerups (Misc), Item: DIYTriggerCategory: Ground Station, Item: Failures to Pushover
2026-02-08T18:58:02.4920|INFO|WhenCommon.cs|SequenceBlockInitialize|204|Initialize; starting watchdog
2026-02-08T18:58:02.4937|INFO|WhenCommon.cs|ShouldTrigger|382|ShouldTrigger TRUE, setting TriggerRunner
2026-02-08T18:58:02.4960|INFO|SequenceTrigger.cs|Run|114|Starting Trigger: WhenUnsafe
2026-02-08T18:58:02.5076|INFO|WhenCommon.cs|Execute|395|Execute 0
2026-02-08T18:58:02.5079|INFO|WhenCommon.cs|Execute|409|When: running TriggerRunner, InFlight -> true, Triggered -> false
2026-02-08T18:58:02.5081|WARNING|WhenCommon.cs|CheckSlewing|263|CheckSlewing, WhenUnsafe = True, Connected = True, CanSlew = True, info.Slewing = False
2026-02-08T18:58:02.5083|INFO|SequenceItem.cs|Run|208|Starting Category: , Container: WhenPlugin.When.IfContainer, Strategy: SequentialStrategy, Items[CREATED]: 9
2026-02-08T18:58:02.5151|INFO|MeridianFlipTrigger.cs|ShouldTrigger|197|Meridian Flip - Telescope is at home position. Skip flip evaluation
2026-02-08T18:58:02.5160|INFO|SequenceItem.cs|Run|208|Starting Category: Ground Station, Item: Send to Telegram
2026-02-08T18:58:03.1747|INFO|SequenceItem.cs|Run|254|Finishing Category: Ground Station, Item: Send to Telegram
2026-02-08T18:58:03.1776|INFO|MeridianFlipTrigger.cs|ShouldTrigger|197|Meridian Flip - Telescope is at home position. Skip flip evaluation
2026-02-08T18:58:03.1781|INFO|SequenceItem.cs|Run|208|Starting Category: Ground Station, Item: Send to Pushover, Title: Unsafe
2026-02-08T18:58:03.3461|INFO|SequenceItem.cs|Run|254|Finishing Category: Ground Station, Item: Send to Pushover, Title: Unsafe
2026-02-08T18:58:03.3474|INFO|MeridianFlipTrigger.cs|ShouldTrigger|197|Meridian Flip - Telescope is at home position. Skip flip evaluation
2026-02-08T18:58:03.3476|INFO|SequenceItem.cs|Run|208|Starting Category: Telescope, Item: FindHome
2026-02-08T18:58:03.3558|INFO|PHD2Guider.cs|StopGuiding|704|Phd2 - Stop Guiding skipped, as the app is already in state Stopped
2026-02-08T18:58:03.3561|INFO|TelescopeVM.cs|FindHome|292|Mount ordered to locate home position
2026-02-08T18:58:03.3571|INFO|TelescopeVM.cs|FindHome|336|Mount ordered to home but it is already at home
2026-02-08T18:58:03.3573|INFO|TelescopeVM.cs|FindHome|348|Mount has located its home position
2026-02-08T18:58:03.3576|INFO|SequenceItem.cs|Run|254|Finishing Category: Telescope, Item: FindHome
2026-02-08T18:58:03.3583|INFO|MeridianFlipTrigger.cs|ShouldTrigger|197|Meridian Flip - Telescope is at home position. Skip flip evaluation
2026-02-08T18:58:03.3602|INFO|SequenceItem.cs|Run|208|Starting Category: Guider, Item: StopGuiding
2026-02-08T18:58:03.3905|INFO|PHD2Guider.cs|StopGuiding|704|Phd2 - Stop Guiding skipped, as the app is already in state Stopped
2026-02-08T18:58:03.3907|INFO|SequenceItem.cs|Run|254|Finishing Category: Guider, Item: StopGuiding
2026-02-08T18:58:03.4008|INFO|MeridianFlipTrigger.cs|ShouldTrigger|197|Meridian Flip - Telescope is at home position. Skip flip evaluation
2026-02-08T18:58:03.4016|INFO|SequenceItem.cs|Run|208|Starting Category: Connect, Item: DisconnectEquipment, Selected device: Safety Monitor
2026-02-08T18:58:03.4998|INFO|AscomDevice.cs|Disconnect|378|Disconnecting from ASCOM.GenericFile.SafetyMonitor Generic File driver
2026-02-08T18:58:03.5343|INFO|SafetyMonitorVM.cs|Disconnect|221|Disconnected Safety Monitor
2026-02-08T18:58:03.5346|INFO|SequenceItem.cs|Run|254|Finishing Category: Connect, Item: DisconnectEquipment, Selected device: Safety Monitor
2026-02-08T18:58:03.5353|INFO|MeridianFlipTrigger.cs|ShouldTrigger|197|Meridian Flip - Telescope is at home position. Skip flip evaluation
2026-02-08T18:58:03.5359|INFO|SequenceItem.cs|Run|208|Starting Category: Utility, Item: WaitForTimeSpan, Time: 60s
2026-02-08T18:59:03.5769|INFO|SequenceItem.cs|Run|254|Finishing Category: Utility, Item: WaitForTimeSpan, Time: 60s
2026-02-08T18:59:03.5773|INFO|MeridianFlipTrigger.cs|ShouldTrigger|197|Meridian Flip - Telescope is at home position. Skip flip evaluation
2026-02-08T18:59:03.5779|INFO|SequenceItem.cs|Run|208|Starting Category: Connect, Item: ConnectEquipment, Selected device: Safety Monitor, Selected device id: ASCOM.GenericFile.SafetyMonitor
2026-02-08T18:59:05.5810|INFO|SafetyMonitorChooserVM.cs|GetEquipment|71|Found 0 Alpaca Safety Monitors
2026-02-08T18:59:05.5844|INFO|SafetyMonitorVM.cs|Disconnect|221|Disconnected Safety Monitor
2026-02-08T18:59:05.6555|INFO|SafetyMonitorVM.cs|Connect|175|Successfully connected Safety Monitor. Id: ASCOM.GenericFile.SafetyMonitor Name: Generic File driver DisplayName: Generic File driver (ASCOM) Driver Version: 6.4
2026-02-08T18:59:05.6558|INFO|SequenceItem.cs|Run|254|Finishing Category: Connect, Item: ConnectEquipment, Selected device: Safety Monitor, Selected device id: ASCOM.GenericFile.SafetyMonitor
2026-02-08T18:59:05.6562|INFO|MeridianFlipTrigger.cs|ShouldTrigger|197|Meridian Flip - Telescope is at home position. Skip flip evaluation
2026-02-08T18:59:05.6563|INFO|SequenceItem.cs|Run|208|Starting Category: Utility, Item: WaitForTimeSpan, Time: 60s
2026-02-08T18:59:07.6563|INFO|SafetyMonitorVM.cs|UpdateMonitorValues|95|SafetyMonitorInfo state changed to Unsafe
2026-02-08T19:00:05.6987|INFO|SequenceItem.cs|Run|254|Finishing Category: Utility, Item: WaitForTimeSpan, Time: 60s
2026-02-08T19:00:05.6997|INFO|MeridianFlipTrigger.cs|ShouldTrigger|197|Meridian Flip - Telescope is at home position. Skip flip evaluation
2026-02-08T19:00:05.7004|INFO|SequenceItem.cs|Run|208|Starting Category: Powerups (Safety), Item: OnceSafe
2026-02-09T06:30:23.4818|INFO|TimeCondition.cs|Check|254|TimeCondition finished.
2026-02-09T06:30:23.4822|INFO|TimeCondition.cs|InterruptWhenTimeIsUp|63|Time limit exceeded - Interrupting current Instruction Set
2026-02-09T06:30:23.4880|INFO|WhenCommon.cs|Execute|425|When: Execute done; InFlight -> false, Triggered false
2026-02-09T06:30:23.4889|INFO|MeridianFlipTrigger.cs|ShouldTrigger|197|Meridian Flip - Telescope is at home position. Skip flip evaluation
2026-02-09T06:30:23.4892|INFO|SequenceItem.cs|Run|208|Starting Category: Utility, Item: WaitForTime, Time: 18:57:33h, Offset: -15
2026-02-09T06:30:23.4917|INFO|WhenCommon.cs|SequenceBlockTeardown|198|Teardown; shutting down watchdog
2026-02-09T06:30:23.4922|INFO|SequenceItem.cs|Run|254|Finishing Category: * Instruction Set *, Container: NINA.Sequencer.Container.SequentialContainer, Strategy: SequentialStrategy, Items[CREATED]: 10, Conditions: Condition: TimeCondition, Time: 6:30:23h, Condition: TargetSchedulerCondition mode=While Targets Remain Tonight, , Triggers: Trigger: CenterAfterDriftTrigger, DistanceArcMinutes: 1Trigger: WhenUnsafeCategory: Ground Station, Item: Failures to TelegramCategory: Connect, Item: ReconnectOnDownloadFailureTrigger: AutofocusAfterHFRIncreaseTrigger, Amount: 5Trigger: MeridianFlipTriggerCategory: Powerups (Misc), Item: DIYTriggerCategory: Ground Station, Item: Failures to Pushover
2026-02-09T06:30:23.4924|INFO|SequenceItem.cs|Run|254|Finishing Category: * Instruction Set *, Container: NINA.Sequencer.Container.TargetAreaContainer, Strategy: SequentialStrategy, Items[FINISHED]: 1
2026-02-09T06:30:23.4929|INFO|SequenceItem.cs|Run|208|Starting Category: * Instruction Set *, Container: NINA.Sequencer.Container.EndAreaContainer, Strategy: SequentialStrategy, Items[CREATED]: 7
2026-02-09T06:30:23.4933|INFO|SequenceItem.cs|Run|208|Starting Category: Telescope, Item: FindHome
2026-02-09T06:30:23.4977|INFO|PHD2Guider.cs|StopGuiding|704|Phd2 - Stop Guiding skipped, as the app is already in state Stopped
2026-02-09T06:30:23.4978|INFO|TelescopeVM.cs|FindHome|292|Mount ordered to locate home position
2026-02-09T06:30:23.4983|INFO|TelescopeVM.cs|FindHome|336|Mount ordered to home but it is already at home
2026-02-09T06:30:23.4983|INFO|TelescopeVM.cs|FindHome|348|Mount has located its home position
2026-02-09T06:30:23.4986|INFO|SequenceItem.cs|Run|254|Finishing Category: Telescope, Item: FindHome
2026-02-09T06:30:23.4999|INFO|SequenceItem.cs|Run|208|Starting Category: Camera, Item: WarmCamera, Duration: 30
2026-02-09T06:30:23.5049|INFO|CameraVM.cs|WarmCamera|161|Warming Camera. Duration: 00:30:00
2026-02-09T07:02:28.7126|INFO|CameraVM.cs|WarmCamera|179|Could not reach warming temperature. Most likley due to ambient temperature being lower. Continuing...
2026-02-09T07:02:48.7713|INFO|CameraVM.cs|WarmCamera|186|Turning cooler off
2026-02-09T07:02:48.7730|INFO|SequenceItem.cs|Run|254|Finishing Category: Camera, Item: WarmCamera, Duration: 30
2026-02-09T07:02:48.7732|INFO|SequenceItem.cs|Run|208|Starting Category: Guider, Item: StopGuiding
2026-02-09T07:02:48.7763|INFO|PHD2Guider.cs|StopGuiding|704|Phd2 - Stop Guiding skipped, as the app is already in state Stopped
2026-02-09T07:02:48.7764|INFO|SequenceItem.cs|Run|254|Finishing Category: Guider, Item: StopGuiding
2026-02-09T07:02:48.7772|INFO|SequenceItem.cs|Run|208|Starting Category: Phd2 Tools, Item: ShutdownPhd2Instruction
2026-02-09T07:02:48.7906|INFO|SequenceItem.cs|Run|254|Finishing Category: Phd2 Tools, Item: ShutdownPhd2Instruction
2026-02-09T07:02:48.7913|INFO|SequenceItem.cs|Run|208|Starting Category: Connect, Item: DisconnectAllEquipment
2026-02-09T07:02:48.7971|WARNING|PHD2Client.cs|ReadEventsAsync|110|PHD2Client: Connection closed by server
2026-02-09T07:02:48.7973|INFO|DitherStatisticsVM.cs|OnPHD2ConnectionStatusChanged|619|PHD2 Connection Status: Connection lost
2026-02-09T07:02:48.7973|INFO|PHD2Client.cs|ReadEventsAsync|126|PHD2Client: Stopped reading events
2026-02-09T07:02:48.8650|INFO|CameraVM.cs|Disconnect|650|Disconnected Camera
2026-02-09T07:02:48.8656|INFO|AscomDevice.cs|Disconnect|378|Disconnecting from ASCOM.EFW2.FilterWheel ZWO FilterWheel
2026-02-09T07:02:49.2996|INFO|FilterWheelVM.cs|Disconnect|333|Disconnected Filter Wheel
2026-02-09T07:02:49.5014|INFO|AscomDevice.cs|Disconnect|378|Disconnecting from ASCOM.EAF.Focuser ZWO Focuser
2026-02-09T07:02:49.5461|INFO|FocuserVM.cs|Disconnect|441|Disconnected Focuser
2026-02-09T07:02:49.5467|INFO|DisconnectAllEquipment.cs|Execute|139|Rotator is already disconnected
2026-02-09T07:02:49.5501|INFO|AscomDevice.cs|Disconnect|378|Disconnecting from ASCOM.iOptron2017.Telescope iOptron CEM120,70,40,26, GEM, HEM, HAE, HAZ series and SkyHunter Mount
2026-02-09T07:02:49.5824|INFO|TelescopeVM.cs|Disconnect|740|Disconnected mount
2026-02-09T07:02:49.5827|INFO|DisconnectAllEquipment.cs|Execute|139|Guider is already disconnected
2026-02-09T07:02:49.5827|INFO|DisconnectAllEquipment.cs|Execute|139|Switch is already disconnected
2026-02-09T07:02:49.5828|INFO|DisconnectAllEquipment.cs|Execute|139|Flat Panel is already disconnected
2026-02-09T07:02:49.5846|INFO|AscomDevice.cs|Disconnect|378|Disconnecting from ASCOM.SkyAlert.ObservingConditions SkyAlert Observing Conditions
2026-02-09T07:02:49.5932|INFO|WeatherDataVM.cs|Disconnect|305|Disconnected Weather Device
2026-02-09T07:02:49.5934|INFO|DisconnectAllEquipment.cs|Execute|139|Dome is already disconnected
2026-02-09T07:02:49.5952|INFO|AscomDevice.cs|Disconnect|378|Disconnecting from ASCOM.GenericFile.SafetyMonitor Generic File driver
2026-02-09T07:02:49.5997|INFO|SafetyMonitorVM.cs|Disconnect|221|Disconnected Safety Monitor
2026-02-09T07:02:49.6001|INFO|SequenceItem.cs|Run|254|Finishing Category: Connect, Item: DisconnectAllEquipment
2026-02-09T07:02:49.6081|INFO|SequenceItem.cs|Run|208|Starting Category: Ground Station, Item: Send to Pushover, Title: Disconnected
2026-02-09T07:02:49.7861|INFO|SequenceItem.cs|Run|254|Finishing Category: Ground Station, Item: Send to Pushover, Title: Disconnected
2026-02-09T07:02:49.7864|INFO|SequenceItem.cs|Run|208|Starting Category: Ground Station, Item: Send to Telegram
2026-02-09T07:02:50.4381|INFO|SequenceItem.cs|Run|254|Finishing Category: Ground Station, Item: Send to Telegram
2026-02-09T07:02:50.4385|INFO|SequenceItem.cs|Run|254|Finishing Category: * Instruction Set *, Container: NINA.Sequencer.Container.EndAreaContainer, Strategy: SequentialStrategy, Items[FINISHED]: 7
2026-02-09T07:02:50.4388|INFO|SequenceItem.cs|Run|254|Finishing Category: * Instruction Set *, Container: NINA.Sequencer.Container.SequenceRootContainer, Strategy: SequentialStrategy, Items[FINISHED]: 3, Triggers: Category: Ground Station, Item: Failures to Telegram
2026-02-09T07:02:50.4401|INFO|Sequence2VM.cs|StartSequence|548|Advanced Sequence finished
2026-02-09T07:02:50.4410|INFO|WhenCommon.cs|InterruptWhen|350|Restarting sequence, Triggered -> true
2026-02-09T07:02:53.8061|INFO|PHD2Client.cs|ConnectAsync|48|PHD2Client: Connecting to PHD2 at 127.0.0.1:4400...
2026-02-09T07:02:55.8506|ERROR|PHD2Client.cs|ConnectAsync|69|PHD2Client: Connection failed: No connection could be made because the target machine actively refused it.
2026-02-09T10:20:14.3854|INFO|ApplicationVM.cs|Exit|244|Shutting down application - requested by user
2026-02-09T10:20:14.5140|INFO|ApplicationVM.cs|Closing|289|Application shutting down
2026-02-09T10:20:14.5605|INFO|DomeVM.cs|Disconnect|355|Disconnected Dome Device
2026-02-09T10:20:14.5663|INFO|FlatDeviceVM.cs|Disconnect|289|Disconnected Flat Device
2026-02-09T10:20:14.5770|INFO|CameraVM.cs|Disconnect|650|Disconnected Camera
2026-02-09T10:20:14.5778|INFO|TelescopeVM.cs|Disconnect|740|Disconnected mount
2026-02-09T10:20:14.5796|INFO|FilterWheelVM.cs|Disconnect|333|Disconnected Filter Wheel
2026-02-09T10:20:14.5803|INFO|FocuserVM.cs|Disconnect|441|Disconnected Focuser
2026-02-09T10:20:14.5860|INFO|RotatorVM.cs|Disconnect|447|Disconnected Rotator
2026-02-09T10:20:14.5910|INFO|SwitchVM.cs|Disconnect|309|Disconnected Switch
2026-02-09T10:20:14.5956|INFO|WeatherDataVM.cs|Disconnect|305|Disconnected Weather Device
2026-02-09T10:20:14.5960|INFO|SafetyMonitorVM.cs|Disconnect|221|Disconnected Safety Monitor
2026-02-09T10:20:14.7312|INFO|API.cs|StopWatchers|86|Stopping all event watchers
