----------------------------------------------------------------------
--------------N.I.N.A. - Nighttime Imaging 'N' Astronomy--------------
--------------------------Version 3.2.0.9001--------------------------
-------------------------2026-02-12T10:15:45--------------------------
----------------------------------------------------------------------
---------------------Microsoft Windows 10.0.19045---------------------
-------------------------OS Architecture X64--------------------------
-----------------------Process Architecture X64-----------------------
-----------------------------.NET 8.0.21------------------------------
----------------------------------------------------------------------
--------------------------Processor Count 4---------------------------
--------------------Total Physical Memory 7.84 GB---------------------
----------------------------------------------------------------------
DATE|LEVEL|SOURCE|MEMBER|LINE|MESSAGE
2026-02-12T10:15:45.3078|INFO|App.xaml.cs|OnStartup|170|Launched with command line arguments: --sequencefile C:\Users\nicka\Astro\NINA\NINA_Sequences\TargetScheduler.json --runsequence
2026-02-12T10:15:48.2429|INFO|CameraChooserVM.cs|GetEquipment|69|Found 2 ASI Cameras
2026-02-12T10:15:48.4700|INFO|CameraChooserVM.cs|GetEquipment|84|Found 0 Altair Cameras
2026-02-12T10:15:48.8960|INFO|CameraChooserVM.cs|GetEquipment|96|Found 0 Atik Cameras
2026-02-12T10:15:48.9919|INFO|CameraChooserVM.cs|GetEquipment|110|Found 0 FLI Cameras
2026-02-12T10:15:50.2515|INFO|CameraChooserVM.cs|GetEquipment|130|Found 0 QHYCCD Cameras
2026-02-12T10:15:50.7769|INFO|CameraChooserVM.cs|GetEquipment|158|Found 0 ToupTek Cameras
2026-02-12T10:15:50.9346|INFO|CameraChooserVM.cs|GetEquipment|173|Found 0 Ogma Cameras
2026-02-12T10:15:51.4048|INFO|CameraChooserVM.cs|GetEquipment|188|Found 0 Omegon Cameras
2026-02-12T10:15:51.9763|INFO|CameraChooserVM.cs|GetEquipment|203|Found 0 RisingCam Cameras
2026-02-12T10:15:52.1457|INFO|CameraChooserVM.cs|GetEquipment|218|Found 0 MallinCam Cameras
2026-02-12T10:15:52.2873|INFO|CameraChooserVM.cs|GetEquipment|243|Found 0 SVBony Cameras
2026-02-12T10:15:52.2903|INFO|CameraChooserVM.cs|GetEquipment|259|Found 0 SBIG Cameras
2026-02-12T10:15:57.4287|INFO|API.cs|Start|99|Starting Webserver
2026-02-12T10:15:57.4302|INFO|API.cs|APITask|134|starting web server, listening at 172.19.6.111:1888
2026-02-12T10:15:57.5840|INFO|NINALogWatcher.cs|Start|33|watching log file: C:\Users\nicka\AppData\Local\NINA\Logs\20260212-101544-3.2.0.9001.12048-202602.log
2026-02-12T10:15:57.6010|INFO|PluginLoader.cs|LoadPlugin|402|Successfully loaded plugin Advanced API version 2.2.14.3 by Christian Palm
2026-02-12T10:15:57.7502|INFO|PluginLoader.cs|LoadPlugin|402|Successfully loaded plugin Autofocus Report Analysis version 2.0.0.9 by Stefan Berg @isbeorn
2026-02-12T10:15:57.9379|INFO|PluginLoader.cs|LoadPlugin|402|Successfully loaded plugin Connector version 2.1.0.2 by Stefan Berg @isbeorn
2026-02-12T10:15:58.1100|INFO|PluginLoader.cs|LoadPlugin|402|Successfully loaded plugin Device Actions and Commands version 2.2.0.0 by Dale Ghent
2026-02-12T10:15:58.7065|INFO|PluginLoader.cs|LoadPlugin|402|Successfully loaded plugin Discord Alert version 2.2.0.0 by Drew McDermott
2026-02-12T10:16:00.0825|INFO|PluginLoader.cs|LoadPlugin|402|Successfully loaded plugin Discord Notification version 2.0.0.10 by Daniel Ludwig
2026-02-12T10:16:01.0388|INFO|DitherStatisticsVM.cs|CreatePluginIcon|1365|Plugin icon geometry created successfully
2026-02-12T10:16:01.0678|INFO|DitherStatisticsVM.cs|LoadDataTemplates|1334|DitherStatistics DataTemplates loaded successfully
2026-02-12T10:16:01.0708|INFO|DitherStatisticsVM.cs|SaveQualityAssessmentSetting|383|Quality Assessment setting saved to file: True
2026-02-12T10:16:01.0710|INFO|DitherStatisticsVM.cs|LoadQualityAssessmentSetting|360|Quality Assessment setting loaded from file: True
2026-02-12T10:16:01.0715|INFO|DitherStatisticsVM.cs|SubscribeToGuiderEvents|716|Subscribed to NINA guider events
2026-02-12T10:16:01.0738|INFO|DitherStatisticsVM.cs|StartThemeColorMonitoring|1211|Initial PrimaryBrush color: R:189 G:195 B:199
2026-02-12T10:16:01.0740|INFO|DitherStatisticsVM.cs|.ctor|92|DitherStatisticsVM initialized successfully with ScottPlot 4.1 (Lazy Loading)!
2026-02-12T10:16:01.0745|INFO|PluginLoader.cs|LoadPlugin|402|Successfully loaded plugin Dither Statistics version 1.2.0.4 by Thierry Tschanz
2026-02-12T10:16:01.2351|INFO|PluginLoader.cs|LoadPlugin|402|Successfully loaded plugin Filter Offset Calculator version 2.0.0.0 by S. Dimant & Stefan Berg
2026-02-12T10:16:01.4469|INFO|PluginLoader.cs|LoadPlugin|402|Successfully loaded plugin Flexure Correction version 0.8.0.0 by Francesco Meschia
2026-02-12T10:16:03.0851|INFO|DitherStatisticsVM.cs|ConnectToPHD2|590|Attempting to connect to PHD2...
2026-02-12T10:16:03.0870|INFO|PHD2Client.cs|ConnectAsync|48|PHD2Client: Connecting to PHD2 at 127.0.0.1:4400...
2026-02-12T10:16:03.9398|INFO|PluginLoader.cs|LoadPlugin|402|Successfully loaded plugin Ground Station version 3.0.0.117 by Dale Ghent
2026-02-12T10:16:05.1270|ERROR|PHD2Client.cs|ConnectAsync|69|PHD2Client: Connection failed: No connection could be made because the target machine actively refused it.
2026-02-12T10:16:05.1275|INFO|DitherStatisticsVM.cs|OnPHD2ConnectionStatusChanged|619|PHD2 Connection Status: Connection failed: No connection could be made because the target machine actively refused it.
2026-02-12T10:16:14.7817|INFO|PluginLoader.cs|LoadPlugin|402|Successfully loaded plugin Hocus Focus version 3.0.0.24 by George Hilios (jokogeo)
2026-02-12T10:16:15.6204|INFO|PluginLoader.cs|LoadPlugin|402|Successfully loaded plugin Horizon Creator version 1.1.2.1 by Christian Palm
2026-02-12T10:16:15.8320|INFO|PluginLoader.cs|LoadPlugin|402|Successfully loaded plugin Lightbucket version 2.2.4.0 by Lightbucket
2026-02-12T10:16:16.5905|INFO|PluginLoader.cs|LoadPlugin|402|Successfully loaded plugin Livestack version 1.0.1.7 by Stefan Berg @isbeorn
2026-02-12T10:16:16.7926|INFO|PluginLoader.cs|LoadPlugin|402|Successfully loaded plugin Log Viewer version 1.0.0.2 by Alexander Wrede @astro_alex80
2026-02-12T10:16:16.9775|INFO|PluginLoader.cs|LoadPlugin|402|Successfully loaded plugin Moon Angle version 2.2.0.0 by Dale Ghent
2026-02-12T10:16:17.2791|INFO|PluginLoader.cs|LoadPlugin|402|Successfully loaded plugin Phd2 Tools version 1.0.6.0 by Stefan Berg @isbeorn
2026-02-12T10:16:17.5897|INFO|PluginLoader.cs|LoadPlugin|402|Successfully loaded plugin PixInsight Tools version 1.0.0.3 by Stefan Berg
2026-02-12T10:16:18.3450|INFO|PluginLoader.cs|LoadPlugin|402|Successfully loaded plugin Point3D version 0.2.3.0 by Drew McDermott
2026-02-12T10:16:18.6192|INFO|PluginLoader.cs|LoadPlugin|402|Successfully loaded plugin Scope Control version 2.0.2.1 by Stefan Berg @isbeorn
2026-02-12T10:16:20.5769|WARNING|When.cs|GetRunningItem|143|Can't get running items: SequencerNavigation not initialized yet!
2026-02-12T10:16:20.8099|INFO|PluginLoader.cs|LoadPlugin|402|Successfully loaded plugin Sequencer Powerups version 3.29.0.3 by Marc Blank
2026-02-12T10:16:21.5311|INFO|PluginLoader.cs|LoadPlugin|402|Successfully loaded plugin Session Metadata version 2.6.3.0 by Tom Palmer @tcpalmer
2026-02-12T10:16:21.6640|INFO|PluginLoader.cs|LoadPlugin|402|Successfully loaded plugin Shutdown PC version 2.2.0.0 by Dale Ghent
2026-02-12T10:16:21.9119|INFO|PluginLoader.cs|LoadPlugin|402|Successfully loaded plugin SkyFlats version 1.0.0.4 by Gerald Hitz (@photon)
2026-02-12T10:16:22.3031|INFO|PluginLoader.cs|LoadPlugin|402|Successfully loaded plugin Smart Filters version 1.0.0.3 by Benoit SAINTOT
2026-02-12T10:16:22.7677|INFO|PluginLoader.cs|LoadPlugin|402|Successfully loaded plugin Target Planning version 3.2.1.0 by Tom Palmer @tcpalmer
2026-02-12T10:16:25.6012|WARNING|When.cs|GetRunningItem|143|Can't get running items: SequencerNavigation not initialized yet!
2026-02-12T10:16:26.1473|INFO|PluginLoader.cs|LoadPlugin|402|Successfully loaded plugin Target Scheduler version 5.8.3.2 by Tom Palmer @tcpalmer
2026-02-12T10:16:26.5557|INFO|PluginLoader.cs|LoadPlugin|402|Successfully loaded plugin Three Point Polar Alignment version 2.2.4.3 by Stefan Berg @isbeorn
2026-02-12T10:16:27.9766|INFO|SessionHistoryManager.cs|PurgeHistoryOlderThan|102|purging web session history older than 10 days
2026-02-12T10:16:28.0645|INFO|PluginLoader.cs|LoadPlugin|402|Successfully loaded plugin Web Session History Viewer version 2.2.1.0 by Tom Palmer @tcpalmer
2026-02-12T10:16:28.4464|INFO|PluginFetcher.cs|RequestAll|43|Fetching plugin manifests from https://nighttime-imaging.eu/wp-json/nina/v1/plugins/manifests
2026-02-12T10:16:28.7210|INFO|CameraChooserVM.cs|GetEquipment|279|Found 0 SVBony Cameras
2026-02-12T10:16:28.8533|INFO|CameraChooserVM.cs|GetEquipment|279|Found 0 PlayerOne Cameras
2026-02-12T10:16:28.9542|INFO|CameraChooserVM.cs|GetEquipment|279|Found 0 ASTPAN Cameras
2026-02-12T10:16:29.5283|INFO|CameraChooserVM.cs|GetEquipment|293|Found 4 ASCOM Cameras
2026-02-12T10:16:30.1407|INFO|RotatorChooserVM.cs|GetEquipment|45|Found 1 Networked Rotator Rotators
2026-02-12T10:16:30.1919|INFO|FilterWheelChooserVM.cs|GetEquipment|167|Found 1 Networked Filter Wheel Filter Wheels
2026-02-12T10:16:30.6137|WARNING|When.cs|GetRunningItem|143|Can't get running items: SequencerNavigation not initialized yet!
2026-02-12T10:16:31.5581|INFO|CameraChooserVM.cs|GetEquipment|305|Found 0 Alpaca Cameras
2026-02-12T10:16:31.5581|INFO|DomeChooserVM.cs|GetEquipment|67|Found 0 Alpaca Domes
2026-02-12T10:16:31.5643|INFO|CameraChooserVM.cs|GetEquipment|318|Found 0 Canon Cameras
2026-02-12T10:16:31.7930|INFO|WeatherDataChooserVM.cs|GetEquipment|69|Found 0 Alpaca Observing Conditions
2026-02-12T10:16:31.8409|INFO|SwitchChooserVM.cs|GetEquipment|71|Found 0 Alpaca Switch Hubs
2026-02-12T10:16:31.8409|INFO|TelescopeChooserVM.cs|GetEquipment|69|Found 0 Alpaca Telescopes
2026-02-12T10:16:31.8753|INFO|PluginFetcher.cs|RequestAll|57|Found 72 valid plugins at https://nighttime-imaging.eu/wp-json/nina/v1/plugins/manifests
2026-02-12T10:16:32.0316|INFO|FlatDeviceChooserVM.cs|GetEquipment|67|Found 0 Alpaca Cover Calibrators
2026-02-12T10:16:32.1587|INFO|RotatorChooserVM.cs|GetEquipment|68|Found 0 Alpaca Rotators
2026-02-12T10:16:32.2066|INFO|FilterWheelChooserVM.cs|GetEquipment|193|Found 0 Alpaca Filter Wheels
2026-02-12T10:16:32.3342|INFO|SafetyMonitorChooserVM.cs|GetEquipment|71|Found 0 Alpaca Safety Monitors
2026-02-12T10:16:33.1307|INFO|FocuserChooserVM.cs|GetEquipment|84|Found 0 Alpaca Focusers
2026-02-12T10:16:33.8975|INFO|ApplicationVM.cs|CheckDiskInfo|100|Available Space on Drive C:\: 133.51 GB
2026-02-12T10:16:33.9012|INFO|ApplicationVM.cs|CheckASCOMPlatformVersion|81|ASCOM Platform 6.6.2.4195 installed
2026-02-12T10:16:33.9040|INFO|ApplicationVM.cs|CheckDiskInfo|102|Drive E:\ is not ready
2026-02-12T10:16:33.9056|INFO|ApplicationVM.cs|CheckDiskInfo|100|Available Space on Drive G:\: 41.49 GB
2026-02-12T10:16:33.9242|INFO|ApplicationVM.cs|CheckDiskInfo|100|Available Space on Drive Z:\: 34.87 GB
2026-02-12T10:16:34.4037|INFO|DitherStatisticsVM.cs|StartThemeColorMonitoring|1220|Theme color monitoring timer started on UI thread
2026-02-12T10:16:34.8324|INFO|Sequence2VM.cs|TryLoadSequenceFile|414|Loading sequence file: C:\Users\nicka\Astro\NINA\NINA_Sequences\TargetScheduler.json
2026-02-12T10:16:35.3218|INFO|Sequence2VM.cs|TryLoadSequenceFile|420|Starting sequence from command line options
2026-02-12T10:16:35.3251|INFO|Sequence2VM.cs|StartSequence|543|Advanced Sequence starting
2026-02-12T10:16:35.3886|INFO|SequenceItem.cs|Run|208|Starting Category: * Instruction Set *, Container: NINA.Sequencer.Container.SequenceRootContainer, Strategy: SequentialStrategy, Items[CREATED]: 3, Triggers: Category: Ground Station, Item: Failures to Telegram
2026-02-12T10:16:35.3979|INFO|SequenceItem.cs|Run|208|Starting Category: * Instruction Set *, Container: NINA.Sequencer.Container.StartAreaContainer, Strategy: SequentialStrategy, Items[CREATED]: 1
2026-02-12T10:16:35.3992|INFO|SequenceItem.cs|Run|208|Starting Category: * Instruction Set *, Container: NINA.Sequencer.Container.SequentialContainer, Strategy: SequentialStrategy, Items[CREATED]: 10
2026-02-12T10:16:35.3998|INFO|SequenceItem.cs|Run|208|Starting Category: Ground Station, Item: Send to Pushover, Title: Start
2026-02-12T10:16:35.4020|ERROR|SequenceItem.cs|RunErrorBehavior|195|Instruction Send to Pushover failed after 1 attempt. Error behavior is set to ContinueOnError. Continuing.
2026-02-12T10:16:35.4024|ERROR|SequenceItem.cs|Run|281|Failed validation: Category: Ground Station, Item: Send to Pushover, Title: Start - Pushover app key is missing, Pushover user key is missing
2026-02-12T10:16:35.4157|INFO|SequenceItem.cs|Run|208|Starting Category: Utility, Item: WaitForTime, Time: 17:54:54h, Offset: -80
2026-02-12T10:16:35.4277|INFO|FailuresToTelegramTrigger.cs|WorkerFn|178|Failures to Telegram: Sending Send to Pushover failed after 1 attempts!

Reasons: Pushover app key is missing, Pushover user key is missing

2026-02-12T10:16:36.3067|INFO|DockManagerVM.cs|InitializeAvalonDockLayout|366|Initializing imaging tab layout from C:\Users\nicka\AppData\Local\NINA\Profiles\c229459f-43bd-4a7b-a7b0-9c6471741c77.dock.config
2026-02-12T10:17:02.6914|INFO|CameraChooserVM.cs|GetEquipment|69|Found 2 ASI Cameras
2026-02-12T10:17:02.7617|INFO|CameraChooserVM.cs|GetEquipment|84|Found 0 Altair Cameras
2026-02-12T10:17:02.7619|INFO|CameraChooserVM.cs|GetEquipment|96|Found 0 Atik Cameras
2026-02-12T10:17:02.7626|INFO|CameraChooserVM.cs|GetEquipment|110|Found 0 FLI Cameras
2026-02-12T10:17:02.7627|INFO|CameraChooserVM.cs|GetEquipment|130|Found 0 QHYCCD Cameras
2026-02-12T10:17:02.8011|INFO|NINAWeb.cs|changePluginState|260|Web plugin state change from OFF to OFF
2026-02-12T10:17:02.8012|ERROR|NINAWeb.cs|changePluginState|328|failed to switch Web Plugin state from current: OFF to new: OFF
2026-02-12T10:17:02.9237|INFO|CameraChooserVM.cs|GetEquipment|158|Found 0 ToupTek Cameras
2026-02-12T10:17:02.9288|INFO|CameraChooserVM.cs|GetEquipment|173|Found 0 Ogma Cameras
2026-02-12T10:17:02.9427|INFO|CameraChooserVM.cs|GetEquipment|188|Found 0 Omegon Cameras
2026-02-12T10:17:03.0809|INFO|RotatorChooserVM.cs|GetEquipment|45|Found 1 Networked Rotator Rotators
2026-02-12T10:17:03.1245|INFO|CameraChooserVM.cs|GetEquipment|203|Found 0 RisingCam Cameras
2026-02-12T10:17:03.1431|INFO|CameraChooserVM.cs|GetEquipment|218|Found 0 MallinCam Cameras
2026-02-12T10:17:03.1448|INFO|CameraChooserVM.cs|GetEquipment|243|Found 0 SVBony Cameras
2026-02-12T10:17:03.1474|INFO|CameraChooserVM.cs|GetEquipment|259|Found 0 SBIG Cameras
2026-02-12T10:17:03.1499|INFO|CameraChooserVM.cs|GetEquipment|279|Found 0 SVBony Cameras
2026-02-12T10:17:03.1505|INFO|CameraChooserVM.cs|GetEquipment|279|Found 0 PlayerOne Cameras
2026-02-12T10:17:03.1710|INFO|CameraChooserVM.cs|GetEquipment|279|Found 0 ASTPAN Cameras
2026-02-12T10:17:03.1721|INFO|CameraChooserVM.cs|GetEquipment|293|Found 4 ASCOM Cameras
2026-02-12T10:17:03.1952|INFO|DitherStatisticsVM.cs|OnThemeColorTimerTick|1239|Theme color CHANGED! Old: R:189 G:195 B:199 -> New: R:176 G:179 B:185
2026-02-12T10:17:03.2635|INFO|FilterWheelChooserVM.cs|GetEquipment|167|Found 1 Networked Filter Wheel Filter Wheels
2026-02-12T10:17:03.6318|INFO|DitherStatisticsVM.cs|PixelShiftPlot|132|PixelShiftPlot created (lazy loading)
2026-02-12T10:17:03.6642|INFO|DitherStatisticsVM.cs|SettleTimePlot|173|SettleTimePlot created (lazy loading)
2026-02-12T10:17:05.1268|INFO|WeatherDataChooserVM.cs|GetEquipment|69|Found 0 Alpaca Observing Conditions
2026-02-12T10:17:05.1591|INFO|SwitchChooserVM.cs|GetEquipment|71|Found 0 Alpaca Switch Hubs
2026-02-12T10:17:05.1603|INFO|RotatorChooserVM.cs|GetEquipment|68|Found 0 Alpaca Rotators
2026-02-12T10:17:05.1824|INFO|CameraChooserVM.cs|GetEquipment|305|Found 0 Alpaca Cameras
2026-02-12T10:17:05.1841|INFO|CameraChooserVM.cs|GetEquipment|318|Found 0 Canon Cameras
2026-02-12T10:17:05.2861|INFO|FilterWheelChooserVM.cs|GetEquipment|193|Found 0 Alpaca Filter Wheels
2026-02-12T10:17:05.4074|INFO|DomeChooserVM.cs|GetEquipment|67|Found 0 Alpaca Domes
2026-02-12T10:17:05.4675|INFO|TelescopeChooserVM.cs|GetEquipment|69|Found 0 Alpaca Telescopes
2026-02-12T10:17:05.5764|INFO|FlatDeviceChooserVM.cs|GetEquipment|67|Found 0 Alpaca Cover Calibrators
2026-02-12T10:17:05.6399|INFO|SafetyMonitorChooserVM.cs|GetEquipment|71|Found 0 Alpaca Safety Monitors
2026-02-12T10:17:06.9856|INFO|FocuserChooserVM.cs|GetEquipment|84|Found 0 Alpaca Focusers
2026-02-12T10:17:11.9563|INFO|ApplicationVM.cs|Exit|244|Shutting down application - requested by user
2026-02-12T10:17:12.0165|INFO|ApplicationVM.cs|Closing|289|Application shutting down
2026-02-12T10:17:12.0467|INFO|DomeVM.cs|Disconnect|355|Disconnected Dome Device
2026-02-12T10:17:12.0514|INFO|FlatDeviceVM.cs|Disconnect|289|Disconnected Flat Device
2026-02-12T10:17:12.0635|INFO|CameraVM.cs|Disconnect|650|Disconnected Camera
2026-02-12T10:17:12.0745|INFO|TelescopeVM.cs|Disconnect|740|Disconnected mount
2026-02-12T10:17:12.0775|INFO|FilterWheelVM.cs|Disconnect|333|Disconnected Filter Wheel
2026-02-12T10:17:12.0804|INFO|FocuserVM.cs|Disconnect|441|Disconnected Focuser
2026-02-12T10:17:12.0845|INFO|RotatorVM.cs|Disconnect|447|Disconnected Rotator
2026-02-12T10:17:12.0885|INFO|SwitchVM.cs|Disconnect|309|Disconnected Switch
2026-02-12T10:17:12.0932|INFO|WeatherDataVM.cs|Disconnect|305|Disconnected Weather Device
2026-02-12T10:17:12.0967|INFO|SafetyMonitorVM.cs|Disconnect|221|Disconnected Safety Monitor
2026-02-12T10:17:12.4718|INFO|API.cs|StopWatchers|86|Stopping all event watchers
