----------------------------------------------------------------------
--------------N.I.N.A. - Nighttime Imaging 'N' Astronomy--------------
--------------------------Version 3.2.0.9001--------------------------
-------------------------2026-01-05T10:29:03--------------------------
----------------------------------------------------------------------
---------------------Microsoft Windows 10.0.19045---------------------
-------------------------OS Architecture X64--------------------------
-----------------------Process Architecture X64-----------------------
-----------------------------.NET 8.0.21------------------------------
----------------------------------------------------------------------
--------------------------Processor Count 4---------------------------
--------------------Total Physical Memory 7.84 GB---------------------
----------------------------------------------------------------------
DATE|LEVEL|SOURCE|MEMBER|LINE|MESSAGE
2026-01-05T10:29:03.3691|INFO|App.xaml.cs|OnStartup|170|Launched with command line arguments: --sequencefile C:\Users\nicka\Astro\NINA\NINA_Sequences\TargetScheduler.json --runsequence
2026-01-05T10:29:06.4082|INFO|CameraChooserVM.cs|GetEquipment|69|Found 2 ASI Cameras
2026-01-05T10:29:06.6772|INFO|CameraChooserVM.cs|GetEquipment|84|Found 0 Altair Cameras
2026-01-05T10:29:07.1238|INFO|CameraChooserVM.cs|GetEquipment|96|Found 0 Atik Cameras
2026-01-05T10:29:07.2232|INFO|CameraChooserVM.cs|GetEquipment|110|Found 0 FLI Cameras
2026-01-05T10:29:08.5150|INFO|CameraChooserVM.cs|GetEquipment|130|Found 0 QHYCCD Cameras
2026-01-05T10:29:09.0582|INFO|CameraChooserVM.cs|GetEquipment|158|Found 0 ToupTek Cameras
2026-01-05T10:29:09.2167|INFO|CameraChooserVM.cs|GetEquipment|173|Found 0 Ogma Cameras
2026-01-05T10:29:09.4027|INFO|CameraChooserVM.cs|GetEquipment|188|Found 0 Omegon Cameras
2026-01-05T10:29:10.2260|INFO|CameraChooserVM.cs|GetEquipment|203|Found 0 RisingCam Cameras
2026-01-05T10:29:10.4108|INFO|CameraChooserVM.cs|GetEquipment|218|Found 0 MallinCam Cameras
2026-01-05T10:29:10.5508|INFO|CameraChooserVM.cs|GetEquipment|243|Found 0 SVBony Cameras
2026-01-05T10:29:10.5540|INFO|CameraChooserVM.cs|GetEquipment|259|Found 0 SBIG Cameras
2026-01-05T10:29:15.1864|INFO|API.cs|Start|99|Starting Webserver
2026-01-05T10:29:15.1879|INFO|API.cs|APITask|134|starting web server, listening at 172.19.6.111:1888
2026-01-05T10:29:15.3564|INFO|NINALogWatcher.cs|Start|33|watching log file: C:\Users\nicka\AppData\Local\NINA\Logs\20260105-102902-3.2.0.9001.10496-202601.log
2026-01-05T10:29:15.3744|INFO|PluginLoader.cs|LoadPlugin|402|Successfully loaded plugin Advanced API version 2.2.14.0 by Christian Palm
2026-01-05T10:29:15.5944|INFO|PluginLoader.cs|LoadPlugin|402|Successfully loaded plugin Autofocus Report Analysis version 2.0.0.9 by Stefan Berg @isbeorn
2026-01-05T10:29:15.8312|INFO|PluginLoader.cs|LoadPlugin|402|Successfully loaded plugin Connector version 2.1.0.2 by Stefan Berg @isbeorn
2026-01-05T10:29:16.0292|INFO|PluginLoader.cs|LoadPlugin|402|Successfully loaded plugin Device Actions and Commands version 2.2.0.0 by Dale Ghent
2026-01-05T10:29:16.1816|INFO|ApplicationVM.cs|CheckDiskInfo|100|Available Space on Drive C:\: 128.53 GB
2026-01-05T10:29:16.1881|INFO|ApplicationVM.cs|CheckDiskInfo|102|Drive E:\ is not ready
2026-01-05T10:29:16.1899|INFO|ApplicationVM.cs|CheckDiskInfo|100|Available Space on Drive G:\: 42.02 GB
2026-01-05T10:29:16.2001|INFO|ApplicationVM.cs|CheckDiskInfo|100|Available Space on Drive Z:\: 26.7 GB
2026-01-05T10:29:16.9808|INFO|ApplicationVM.cs|CheckASCOMPlatformVersion|81|ASCOM Platform 6.6.2.4195 installed
2026-01-05T10:29:17.2787|INFO|PluginLoader.cs|LoadPlugin|402|Successfully loaded plugin Discord Alert version 2.2.0.0 by Drew McDermott
2026-01-05T10:29:18.9294|INFO|PluginLoader.cs|LoadPlugin|402|Successfully loaded plugin Discord Notification version 2.0.0.9 by Daniel Ludwig
2026-01-05T10:29:19.8930|INFO|DitherStatisticsVM.cs|CreatePluginIcon|1365|Plugin icon geometry created successfully
2026-01-05T10:29:19.9196|INFO|DitherStatisticsVM.cs|LoadDataTemplates|1334|DitherStatistics DataTemplates loaded successfully
2026-01-05T10:29:19.9285|INFO|DitherStatisticsVM.cs|SaveQualityAssessmentSetting|383|Quality Assessment setting saved to file: True
2026-01-05T10:29:19.9287|INFO|DitherStatisticsVM.cs|LoadQualityAssessmentSetting|360|Quality Assessment setting loaded from file: True
2026-01-05T10:29:19.9292|INFO|DitherStatisticsVM.cs|SubscribeToGuiderEvents|716|Subscribed to NINA guider events
2026-01-05T10:29:19.9327|ERROR|DitherStatisticsVM.cs|GetThemeColor|1319|Failed to get theme color 'PrimaryBrush': The calling thread cannot access this object because a different thread owns it.
2026-01-05T10:29:19.9329|INFO|DitherStatisticsVM.cs|StartThemeColorMonitoring|1211|Initial PrimaryBrush color: R:255 G:255 B:255
2026-01-05T10:29:19.9330|INFO|DitherStatisticsVM.cs|.ctor|92|DitherStatisticsVM initialized successfully with ScottPlot 4.1 (Lazy Loading)!
2026-01-05T10:29:19.9335|INFO|DitherStatisticsVM.cs|StartThemeColorMonitoring|1220|Theme color monitoring timer started on UI thread
2026-01-05T10:29:19.9341|INFO|PluginLoader.cs|LoadPlugin|402|Successfully loaded plugin Dither Statistics version 1.2.0.4 by Thierry Tschanz
2026-01-05T10:29:20.0997|INFO|PluginLoader.cs|LoadPlugin|402|Successfully loaded plugin Filter Offset Calculator version 2.0.0.0 by S. Dimant & Stefan Berg
2026-01-05T10:29:20.3143|INFO|PluginLoader.cs|LoadPlugin|402|Successfully loaded plugin Flexure Correction version 0.8.0.0 by Francesco Meschia
2026-01-05T10:29:20.4438|INFO|DitherStatisticsVM.cs|OnThemeColorTimerTick|1239|Theme color CHANGED! Old: R:255 G:255 B:255 -> New: R:176 G:179 B:185
2026-01-05T10:29:20.5462|INFO|DitherStatisticsVM.cs|PixelShiftPlot|132|PixelShiftPlot created (lazy loading)
2026-01-05T10:29:20.5765|INFO|DitherStatisticsVM.cs|SettleTimePlot|173|SettleTimePlot created (lazy loading)
2026-01-05T10:29:21.9308|INFO|DitherStatisticsVM.cs|ConnectToPHD2|590|Attempting to connect to PHD2...
2026-01-05T10:29:21.9325|INFO|PHD2Client.cs|ConnectAsync|48|PHD2Client: Connecting to PHD2 at 127.0.0.1:4400...
2026-01-05T10:29:22.9115|INFO|PluginLoader.cs|LoadPlugin|402|Successfully loaded plugin Ground Station version 3.0.0.117 by Dale Ghent
2026-01-05T10:29:23.9494|ERROR|PHD2Client.cs|ConnectAsync|69|PHD2Client: Connection failed: No connection could be made because the target machine actively refused it.
2026-01-05T10:29:23.9499|INFO|DitherStatisticsVM.cs|OnPHD2ConnectionStatusChanged|619|PHD2 Connection Status: Connection failed: No connection could be made because the target machine actively refused it.
2026-01-05T10:29:33.8072|INFO|PluginLoader.cs|LoadPlugin|402|Successfully loaded plugin Hocus Focus version 3.0.0.24 by George Hilios (jokogeo)
2026-01-05T10:29:34.6812|INFO|PluginLoader.cs|LoadPlugin|402|Successfully loaded plugin Horizon Creator version 1.1.2.0 by Christian Palm
2026-01-05T10:29:34.8758|INFO|PluginLoader.cs|LoadPlugin|402|Successfully loaded plugin Lightbucket version 2.2.4.0 by Lightbucket
2026-01-05T10:29:35.7215|INFO|PluginLoader.cs|LoadPlugin|402|Successfully loaded plugin Livestack version 1.0.1.7 by Stefan Berg @isbeorn
2026-01-05T10:29:35.9399|INFO|PluginLoader.cs|LoadPlugin|402|Successfully loaded plugin Log Viewer version 1.0.0.2 by Alexander Wrede @astro_alex80
2026-01-05T10:29:36.1459|INFO|PluginLoader.cs|LoadPlugin|402|Successfully loaded plugin Moon Angle version 2.2.0.0 by Dale Ghent
2026-01-05T10:29:36.4566|INFO|PluginLoader.cs|LoadPlugin|402|Successfully loaded plugin Phd2 Tools version 1.0.6.0 by Stefan Berg @isbeorn
2026-01-05T10:29:36.8121|INFO|PluginLoader.cs|LoadPlugin|402|Successfully loaded plugin PixInsight Tools version 1.0.0.3 by Stefan Berg
2026-01-05T10:29:37.6021|INFO|PluginLoader.cs|LoadPlugin|402|Successfully loaded plugin Point3D version 0.2.3.0 by Drew McDermott
2026-01-05T10:29:37.8911|INFO|PluginLoader.cs|LoadPlugin|402|Successfully loaded plugin Scope Control version 2.0.2.1 by Stefan Berg @isbeorn
2026-01-05T10:29:39.5051|WARNING|When.cs|GetRunningItem|143|Can't get running items: SequencerNavigation not initialized yet!
2026-01-05T10:29:39.7639|INFO|PluginLoader.cs|LoadPlugin|402|Successfully loaded plugin Sequencer Powerups version 3.29.0.1 by Marc Blank
2026-01-05T10:29:40.5435|INFO|PluginLoader.cs|LoadPlugin|402|Successfully loaded plugin Session Metadata version 2.6.3.0 by Tom Palmer @tcpalmer
2026-01-05T10:29:40.6953|INFO|PluginLoader.cs|LoadPlugin|402|Successfully loaded plugin Shutdown PC version 2.2.0.0 by Dale Ghent
2026-01-05T10:29:40.9452|INFO|PluginLoader.cs|LoadPlugin|402|Successfully loaded plugin SkyFlats version 1.0.0.4 by Gerald Hitz (@photon)
2026-01-05T10:29:41.3410|INFO|PluginLoader.cs|LoadPlugin|402|Successfully loaded plugin Smart Filters version 1.0.0.3 by Benoit SAINTOT
2026-01-05T10:29:41.8270|INFO|PluginLoader.cs|LoadPlugin|402|Successfully loaded plugin Target Planning version 3.2.1.0 by Tom Palmer @tcpalmer
2026-01-05T10:29:44.5175|WARNING|When.cs|GetRunningItem|143|Can't get running items: SequencerNavigation not initialized yet!
2026-01-05T10:29:45.2857|INFO|PluginLoader.cs|LoadPlugin|402|Successfully loaded plugin Target Scheduler version 5.8.3.0 by Tom Palmer @tcpalmer
2026-01-05T10:29:45.7039|INFO|PluginLoader.cs|LoadPlugin|402|Successfully loaded plugin Three Point Polar Alignment version 2.2.4.2 by Stefan Berg @isbeorn
2026-01-05T10:29:47.1409|INFO|SessionHistoryManager.cs|PurgeHistoryOlderThan|102|purging web session history older than 10 days
2026-01-05T10:29:47.2221|INFO|PluginLoader.cs|LoadPlugin|402|Successfully loaded plugin Web Session History Viewer version 2.2.1.0 by Tom Palmer @tcpalmer
2026-01-05T10:29:47.6022|INFO|PluginFetcher.cs|RequestAll|43|Fetching plugin manifests from https://nighttime-imaging.eu/wp-json/nina/v1/plugins/manifests
2026-01-05T10:29:48.0339|INFO|RotatorChooserVM.cs|GetEquipment|45|Found 1 Networked Rotator Rotators
2026-01-05T10:29:48.0828|INFO|FilterWheelChooserVM.cs|GetEquipment|167|Found 1 Networked Filter Wheel Filter Wheels
2026-01-05T10:29:48.2590|INFO|Sequence2VM.cs|TryLoadSequenceFile|414|Loading sequence file: C:\Users\nicka\Astro\NINA\NINA_Sequences\TargetScheduler.json
2026-01-05T10:29:48.5321|INFO|CameraChooserVM.cs|GetEquipment|279|Found 0 SVBony Cameras
2026-01-05T10:29:48.6644|INFO|CameraChooserVM.cs|GetEquipment|279|Found 0 PlayerOne Cameras
2026-01-05T10:29:48.7610|INFO|CameraChooserVM.cs|GetEquipment|279|Found 0 ASTPAN Cameras
2026-01-05T10:29:48.7630|INFO|CameraChooserVM.cs|GetEquipment|293|Found 4 ASCOM Cameras
2026-01-05T10:29:48.9470|INFO|Sequence2VM.cs|TryLoadSequenceFile|420|Starting sequence from command line options
2026-01-05T10:29:48.9504|INFO|Sequence2VM.cs|StartSequence|543|Advanced Sequence starting
2026-01-05T10:29:50.3705|INFO|WeatherDataChooserVM.cs|GetEquipment|69|Found 0 Alpaca Observing Conditions
2026-01-05T10:29:50.3955|INFO|RotatorChooserVM.cs|GetEquipment|68|Found 0 Alpaca Rotators
2026-01-05T10:29:50.3985|INFO|DomeChooserVM.cs|GetEquipment|67|Found 0 Alpaca Domes
2026-01-05T10:29:50.4265|INFO|TelescopeChooserVM.cs|GetEquipment|69|Found 0 Alpaca Telescopes
2026-01-05T10:29:50.4400|INFO|SwitchChooserVM.cs|GetEquipment|71|Found 0 Alpaca Switch Hubs
2026-01-05T10:29:50.4419|INFO|FlatDeviceChooserVM.cs|GetEquipment|67|Found 0 Alpaca Cover Calibrators
2026-01-05T10:29:50.4815|INFO|FilterWheelChooserVM.cs|GetEquipment|193|Found 0 Alpaca Filter Wheels
2026-01-05T10:29:50.4842|INFO|SafetyMonitorChooserVM.cs|GetEquipment|71|Found 0 Alpaca Safety Monitors
2026-01-05T10:29:50.6206|INFO|DockManagerVM.cs|InitializeAvalonDockLayout|366|Initializing imaging tab layout from C:\Users\nicka\AppData\Local\NINA\Profiles\0173997c-4bfa-48fd-9337-a48b6df99c38.dock.config
2026-01-05T10:29:50.6492|INFO|PluginFetcher.cs|RequestAll|57|Found 68 valid plugins at https://nighttime-imaging.eu/wp-json/nina/v1/plugins/manifests
2026-01-05T10:29:50.7663|INFO|CameraChooserVM.cs|GetEquipment|305|Found 0 Alpaca Cameras
2026-01-05T10:29:50.7739|INFO|CameraChooserVM.cs|GetEquipment|318|Found 0 Canon Cameras
2026-01-05T10:29:50.9568|INFO|SequenceItem.cs|Run|208|Starting Category: * Instruction Set *, Container: NINA.Sequencer.Container.SequenceRootContainer, Strategy: SequentialStrategy, Items[CREATED]: 3, Triggers: Category: Ground Station, Item: Failures to Telegram
2026-01-05T10:29:50.9665|INFO|SequenceItem.cs|Run|208|Starting Category: * Instruction Set *, Container: NINA.Sequencer.Container.StartAreaContainer, Strategy: SequentialStrategy, Items[CREATED]: 1
2026-01-05T10:29:50.9673|INFO|SequenceItem.cs|Run|208|Starting Category: * Instruction Set *, Container: NINA.Sequencer.Container.SequentialContainer, Strategy: SequentialStrategy, Items[CREATED]: 10
2026-01-05T10:29:50.9678|INFO|SequenceItem.cs|Run|208|Starting Category: Ground Station, Item: Send to Pushover, Title: Start
2026-01-05T10:29:51.2100|INFO|SequenceItem.cs|Run|254|Finishing Category: Ground Station, Item: Send to Pushover, Title: Start
2026-01-05T10:29:51.2133|INFO|SequenceItem.cs|Run|208|Starting Category: Utility, Item: WaitForTime, Time: 17:24:34h, Offset: -80
2026-01-05T10:29:51.6477|INFO|FocuserChooserVM.cs|GetEquipment|84|Found 0 Alpaca Focusers
2026-01-05T17:24:57.2635|INFO|SequenceItem.cs|Run|254|Finishing Category: Utility, Item: WaitForTime, Time: 17:25:17h, Offset: -80
2026-01-05T17:24:57.2656|INFO|SequenceItem.cs|Run|208|Starting Category: Ground Station, Item: Send to Telegram
2026-01-05T17:24:58.1041|INFO|SequenceItem.cs|Run|254|Finishing Category: Ground Station, Item: Send to Telegram
2026-01-05T17:24:58.1044|INFO|SequenceItem.cs|Run|208|Starting Category: Ground Station, Item: Send to Pushover, Title: Configure Equipment
2026-01-05T17:24:58.3079|INFO|SequenceItem.cs|Run|254|Finishing Category: Ground Station, Item: Send to Pushover, Title: Configure Equipment
2026-01-05T17:24:58.3087|INFO|SequenceItem.cs|Run|208|Starting Category: Connect, Item: ConnectAllEquipment
2026-01-05T17:24:58.3210|INFO|CameraChooserVM.cs|GetEquipment|69|Found 2 ASI Cameras
2026-01-05T17:24:58.3887|INFO|CameraChooserVM.cs|GetEquipment|84|Found 0 Altair Cameras
2026-01-05T17:24:58.3888|INFO|CameraChooserVM.cs|GetEquipment|96|Found 0 Atik Cameras
2026-01-05T17:24:58.3895|INFO|CameraChooserVM.cs|GetEquipment|110|Found 0 FLI Cameras
2026-01-05T17:24:58.3897|INFO|CameraChooserVM.cs|GetEquipment|130|Found 0 QHYCCD Cameras
2026-01-05T17:24:58.5459|INFO|CameraChooserVM.cs|GetEquipment|158|Found 0 ToupTek Cameras
2026-01-05T17:24:58.5509|INFO|CameraChooserVM.cs|GetEquipment|173|Found 0 Ogma Cameras
2026-01-05T17:24:58.5644|INFO|CameraChooserVM.cs|GetEquipment|188|Found 0 Omegon Cameras
2026-01-05T17:24:58.7207|INFO|CameraChooserVM.cs|GetEquipment|203|Found 0 RisingCam Cameras
2026-01-05T17:24:58.7347|INFO|CameraChooserVM.cs|GetEquipment|218|Found 0 MallinCam Cameras
2026-01-05T17:24:58.7361|INFO|CameraChooserVM.cs|GetEquipment|243|Found 0 SVBony Cameras
2026-01-05T17:24:58.7385|INFO|CameraChooserVM.cs|GetEquipment|259|Found 0 SBIG Cameras
2026-01-05T17:24:58.7391|INFO|CameraChooserVM.cs|GetEquipment|279|Found 0 SVBony Cameras
2026-01-05T17:24:58.7394|INFO|CameraChooserVM.cs|GetEquipment|279|Found 0 PlayerOne Cameras
2026-01-05T17:24:58.7470|INFO|CameraChooserVM.cs|GetEquipment|279|Found 0 ASTPAN Cameras
2026-01-05T17:24:58.7478|INFO|CameraChooserVM.cs|GetEquipment|293|Found 4 ASCOM Cameras
2026-01-05T17:25:00.7492|INFO|CameraChooserVM.cs|GetEquipment|305|Found 0 Alpaca Cameras
2026-01-05T17:25:00.7564|INFO|CameraChooserVM.cs|GetEquipment|318|Found 0 Canon Cameras
2026-01-05T17:25:00.8288|INFO|CameraVM.cs|Disconnect|650|Disconnected Camera
2026-01-05T17:25:01.3966|WARNING|ASICamera.cs|SetControlValue|568|Failed to set ASI Control Value ASI_WB_B with value 50
2026-01-05T17:25:01.3967|WARNING|ASICamera.cs|SetControlValue|568|Failed to set ASI Control Value ASI_WB_R with value 50
2026-01-05T17:25:01.3968|WARNING|ASICamera.cs|SetControlValue|568|Failed to set ASI Control Value ASI_GAMMA with value 50
2026-01-05T17:25:01.3968|WARNING|ASICamera.cs|SetControlValue|568|Failed to set ASI Control Value ASI_HIGH_SPEED_MODE with value 0
2026-01-05T17:25:01.3969|WARNING|ASICamera.cs|SetControlValue|568|Failed to set ASI Control Value ASI_OVERCLOCK with value 0
2026-01-05T17:25:01.3970|WARNING|ASICamera.cs|SetControlValue|568|Failed to set ASI Control Value ASI_PATTERN_ADJUST with value 0
2026-01-05T17:25:01.3978|WARNING|ASICamera.cs|SetControlValue|568|Failed to set ASI Control Value ASI_MONO_BIN with value 0
2026-01-05T17:25:01.3989|INFO|ASICamera.cs|Initialize|664|Camera ID: ASI533MM
2026-01-05T17:25:01.4080|WARNING|ASICamera.cs|SetControlValue|568|Failed to set ASI Control Value ASI_ANTI_DEW_HEATER with value 0
2026-01-05T17:25:01.4532|INFO|CameraVM.cs|ChooseCamera|455|Successfully connected Camera. Id: ZWOptical_ZWO ASI533MM Pro_ASI533MM Name: ZWO ASI533MM Pro DisplayName: ZWO ASI533MM Pro (ASI533MM)Driver Version: 1, 39, 0, 0
2026-01-05T17:25:02.0160|INFO|FilterWheelChooserVM.cs|GetEquipment|167|Found 1 Networked Filter Wheel Filter Wheels
2026-01-05T17:25:04.0187|INFO|FilterWheelChooserVM.cs|GetEquipment|193|Found 0 Alpaca Filter Wheels
2026-01-05T17:25:04.0734|INFO|FilterWheelVM.cs|Disconnect|333|Disconnected Filter Wheel
2026-01-05T17:25:07.6706|INFO|FilterWheelVM.cs|ChooseFW|279|Successfully connected Filter Wheel. Id: ASCOM.EFW2.FilterWheel Name: ZWO FilterWheel DisplayName: ZWO FilterWheel (ASCOM) Driver Version: 6.0
2026-01-05T17:25:11.5228|INFO|FocuserChooserVM.cs|GetEquipment|84|Found 0 Alpaca Focusers
2026-01-05T17:25:11.5439|INFO|FocuserVM.cs|Disconnect|441|Disconnected Focuser
2026-01-05T17:25:12.8045|ERROR|AscomDevice.cs|GetProperty|546|An unexpected exception occurred during GET of Focuser.StepSize: 
ASCOM.DriverException: The method or operation is not implemented.
 ---> System.NotImplementedException: The method or operation is not implemented.
   --- End of inner exception stack trace ---
   at ASCOM.Com.DriverAccess.DynamicAccess.CheckDotNetExceptions(String memberName, Exception e) in J:\ASCOMLibrary\ASCOM.Com\ASCOM.Com.DriverAccess\BaseClass\DynamicAccess.cs:line 278
   at ASCOM.Com.DriverAccess.DynamicAccess.TryGetMember(GetMemberBinder binder, Object& result) in J:\ASCOMLibrary\ASCOM.Com\ASCOM.Com.DriverAccess\BaseClass\DynamicAccess.cs:line 150
   at CallSite.Target(Closure, CallSite, Object)
   at System.Dynamic.UpdateDelegates.UpdateAndExecute1[T0,TRet](CallSite site, T0 arg0)
   at ASCOM.Com.DriverAccess.Focuser.get_StepSize() in J:\ASCOMLibrary\ASCOM.Com\ASCOM.Com.DriverAccess\Focuser.cs:line 159
   at System.RuntimeMethodHandle.InvokeMethod(Object target, Void** arguments, Signature sig, Boolean isConstructor)
   at System.Reflection.MethodBaseInvoker.InvokeWithNoArgs(Object obj, BindingFlags invokeAttr)
2026-01-05T17:25:13.0165|INFO|AscomDevice.cs|GetProperty|485|Retrying to GET Focuser.StepSize - Attempt 2 / 3
2026-01-05T17:25:13.0179|ERROR|AscomDevice.cs|GetProperty|546|An unexpected exception occurred during GET of Focuser.StepSize: 
ASCOM.DriverException: The method or operation is not implemented.
 ---> System.NotImplementedException: The method or operation is not implemented.
   --- End of inner exception stack trace ---
   at ASCOM.Com.DriverAccess.DynamicAccess.CheckDotNetExceptions(String memberName, Exception e) in J:\ASCOMLibrary\ASCOM.Com\ASCOM.Com.DriverAccess\BaseClass\DynamicAccess.cs:line 278
   at ASCOM.Com.DriverAccess.DynamicAccess.TryGetMember(GetMemberBinder binder, Object& result) in J:\ASCOMLibrary\ASCOM.Com\ASCOM.Com.DriverAccess\BaseClass\DynamicAccess.cs:line 150
   at CallSite.Target(Closure, CallSite, Object)
   at ASCOM.Com.DriverAccess.Focuser.get_StepSize() in J:\ASCOMLibrary\ASCOM.Com\ASCOM.Com.DriverAccess\Focuser.cs:line 159
   at InvokeStub_Focuser.get_StepSize(Object, Object, IntPtr*)
   at System.Reflection.MethodBaseInvoker.InvokeWithNoArgs(Object obj, BindingFlags invokeAttr)
2026-01-05T17:25:13.2187|INFO|AscomDevice.cs|GetProperty|485|Retrying to GET Focuser.StepSize - Attempt 3 / 3
2026-01-05T17:25:13.2203|ERROR|AscomDevice.cs|GetProperty|546|An unexpected exception occurred during GET of Focuser.StepSize: 
ASCOM.DriverException: The method or operation is not implemented.
 ---> System.NotImplementedException: The method or operation is not implemented.
   --- End of inner exception stack trace ---
   at ASCOM.Com.DriverAccess.DynamicAccess.CheckDotNetExceptions(String memberName, Exception e) in J:\ASCOMLibrary\ASCOM.Com\ASCOM.Com.DriverAccess\BaseClass\DynamicAccess.cs:line 278
   at ASCOM.Com.DriverAccess.DynamicAccess.TryGetMember(GetMemberBinder binder, Object& result) in J:\ASCOMLibrary\ASCOM.Com\ASCOM.Com.DriverAccess\BaseClass\DynamicAccess.cs:line 150
   at CallSite.Target(Closure, CallSite, Object)
   at ASCOM.Com.DriverAccess.Focuser.get_StepSize() in J:\ASCOMLibrary\ASCOM.Com\ASCOM.Com.DriverAccess\Focuser.cs:line 159
   at InvokeStub_Focuser.get_StepSize(Object, Object, IntPtr*)
   at System.Reflection.MethodBaseInvoker.InvokeWithNoArgs(Object obj, BindingFlags invokeAttr)
2026-01-05T17:25:13.2209|INFO|AscomDevice.cs|GetProperty|556|GET Focuser.StepSize failed - Returning last known value 0
2026-01-05T17:25:13.4599|INFO|FocuserVM.cs|ChooseFocuser|333|Successfully connected Focuser. Id: ASCOM.EAF.Focuser Name: ZWO Focuser DisplayName: ZWO Focuser (ASCOM) Driver Version: 6.0
2026-01-05T17:25:15.4654|INFO|TelescopeChooserVM.cs|GetEquipment|69|Found 0 Alpaca Telescopes
2026-01-05T17:25:15.5258|INFO|TelescopeVM.cs|Disconnect|740|Disconnected mount
2026-01-05T17:25:18.4917|INFO|AscomTelescope.cs|CheckMountTime|845|Mount UTC Time: 2026-01-05 23:25:16Z / System UTC Time: 2026-01-05 23:25:18Z; Difference: 2.354 seconds
2026-01-05T17:25:18.5407|INFO|AscomTelescope.cs|CheckMountTime|852|System time has been synced to the mount
2026-01-05T17:25:18.8360|INFO|TelescopeVM.cs|ChooseTelescope|535|Successfully connected mount. Id: ASCOM.iOptron2017.Telescope Name: iOptron CEM120,70,40,26, GEM, HEM, HAE, HAZ series and SkyHunter Mount DisplayName: iOptron CEM120,70,40,26, GEM, HEM, HAE, HAZ series and SkyHunter Mount (ASCOM) Driver Version: 9.15
2026-01-05T17:25:18.8498|INFO|PHD2Guider.cs|Connect|205|Connecting to PHD2 server at 127.0.0.1:4400
2026-01-05T17:25:24.6006|INFO|PHD2Client.cs|ConnectAsync|62|PHD2Client: Connected successfully!
2026-01-05T17:25:24.6008|INFO|DitherStatisticsVM.cs|OnPHD2ConnectionStatusChanged|616|PHD2 Connection Status: Connected
2026-01-05T17:25:24.6008|INFO|DitherStatisticsVM.cs|ConnectToPHD2|595|Successfully connected to PHD2!
2026-01-05T17:25:24.6022|INFO|PHD2Client.cs|ReadEventsAsync|102|PHD2Client: Started reading events
2026-01-05T17:25:25.1998|INFO|PHD2Client.cs|HandleVersion|256|PHD2Client: Connected to PHD2 version 2.6.13.dev8 (Message Protocol v1)
2026-01-05T17:25:25.2009|INFO|PHD2Client.cs|HandleAppState|266|PHD2Client: PHD2 AppState: Stopped
2026-01-05T17:25:29.5839|INFO|WeatherDataChooserVM.cs|GetEquipment|69|Found 0 Alpaca Observing Conditions
2026-01-05T17:25:29.6086|INFO|WeatherDataVM.cs|Disconnect|305|Disconnected Weather Device
2026-01-05T17:25:31.1441|INFO|AscomDevice.cs|GetProperty|527|Property ObservingConditions.SkyQuality GET is not implemented in this driver (SkyAlert Observing Conditions)
2026-01-05T17:25:31.1511|INFO|AscomDevice.cs|GetProperty|527|Property ObservingConditions.StarFWHM GET is not implemented in this driver (SkyAlert Observing Conditions)
2026-01-05T17:25:31.1647|INFO|WeatherDataVM.cs|ChooseWeatherData|150|Successfully connected Weather Device. Id: ASCOM.SkyAlert.ObservingConditions Name: SkyAlert Observing Conditions DisplayName: SkyAlert Observing Conditions (ASCOM) Driver Version: 1.7
2026-01-05T17:25:33.1667|INFO|SafetyMonitorChooserVM.cs|GetEquipment|71|Found 0 Alpaca Safety Monitors
2026-01-05T17:25:33.1961|INFO|SafetyMonitorVM.cs|Disconnect|221|Disconnected Safety Monitor
2026-01-05T17:25:33.6354|INFO|SafetyMonitorVM.cs|Connect|175|Successfully connected Safety Monitor. Id: ASCOM.GenericFile.SafetyMonitor Name: Generic File driver DisplayName: Generic File driver (ASCOM) Driver Version: 6.4
2026-01-05T17:25:33.6357|INFO|SequenceItem.cs|Run|254|Finishing Category: Connect, Item: ConnectAllEquipment
2026-01-05T17:25:33.6364|INFO|SequenceItem.cs|Run|208|Starting Category: Telescope, Item: FindHome
2026-01-05T17:25:33.6423|INFO|PHD2Guider.cs|StopGuiding|704|Phd2 - Stop Guiding skipped, as the app is already in state Stopped
2026-01-05T17:25:33.6443|INFO|TelescopeVM.cs|FindHome|292|Mount ordered to locate home position
2026-01-05T17:25:33.6474|INFO|TelescopeVM.cs|FindHome|336|Mount ordered to home but it is already at home
2026-01-05T17:25:33.6478|INFO|TelescopeVM.cs|FindHome|348|Mount has located its home position
2026-01-05T17:25:33.6487|INFO|SequenceItem.cs|Run|254|Finishing Category: Telescope, Item: FindHome
2026-01-05T17:25:33.6490|INFO|SequenceItem.cs|Run|208|Starting Category: Ground Station, Item: Send to Telegram
2026-01-05T17:25:34.3085|INFO|SequenceItem.cs|Run|254|Finishing Category: Ground Station, Item: Send to Telegram
2026-01-05T17:25:34.3089|INFO|SequenceItem.cs|Run|208|Starting Category: Ground Station, Item: Send to Pushover, Title: Cool
2026-01-05T17:25:34.4360|INFO|SequenceItem.cs|Run|254|Finishing Category: Ground Station, Item: Send to Pushover, Title: Cool
2026-01-05T17:25:34.4370|INFO|SequenceItem.cs|Run|208|Starting Category: Camera, Item: CoolCamera, Temperature: -15, Duration: 60
2026-01-05T17:25:34.4405|INFO|CameraVM.cs|CoolCamera|138|Cooling Camera. Target: -15 Duration: 01:00:00
2026-01-05T17:25:35.6390|INFO|SafetyMonitorVM.cs|UpdateMonitorValues|95|SafetyMonitorInfo state changed to Unsafe
2026-01-05T18:25:43.4020|INFO|SequenceItem.cs|Run|254|Finishing Category: Camera, Item: CoolCamera, Temperature: -15, Duration: 60
2026-01-05T18:25:43.4027|INFO|SequenceItem.cs|Run|208|Starting Category: Utility, Item: WaitForTime, Time: 18:30:17h, Offset: -15
2026-01-05T18:30:17.3086|INFO|SequenceItem.cs|Run|254|Finishing Category: Utility, Item: WaitForTime, Time: 18:30:17h, Offset: -15
2026-01-05T18:30:17.3128|INFO|SequenceItem.cs|Run|254|Finishing Category: * Instruction Set *, Container: NINA.Sequencer.Container.SequentialContainer, Strategy: SequentialStrategy, Items[FINISHED]: 10
2026-01-05T18:30:17.3132|INFO|SequenceItem.cs|Run|254|Finishing Category: * Instruction Set *, Container: NINA.Sequencer.Container.StartAreaContainer, Strategy: SequentialStrategy, Items[FINISHED]: 1
2026-01-05T18:30:17.3136|INFO|SequenceItem.cs|Run|208|Starting Category: * Instruction Set *, Container: NINA.Sequencer.Container.TargetAreaContainer, Strategy: SequentialStrategy, Items[CREATED]: 1
2026-01-05T18:30:17.3158|INFO|SequenceItem.cs|Run|208|Starting Category: * Instruction Set *, Container: NINA.Sequencer.Container.SequentialContainer, Strategy: SequentialStrategy, Items[CREATED]: 10, Conditions: Condition: TimeCondition, Time: 6:40:58h, Condition: TargetSchedulerCondition mode=While Targets Remain Tonight, , Triggers: Trigger: CenterAfterDriftTrigger, DistanceArcMinutes: 1Trigger: WhenUnsafeCategory: Ground Station, Item: Failures to TelegramCategory: Connect, Item: ReconnectOnDownloadFailureTrigger: AutofocusAfterHFRIncreaseTrigger, Amount: 5Trigger: MeridianFlipTriggerCategory: Powerups (Misc), Item: DIYTriggerCategory: Ground Station, Item: Failures to Pushover
2026-01-05T18:30:17.3330|INFO|WhenUnsafe.cs|CheckSafe|77|IsSafe is now FALSE; connected = True, IsSafe = False
2026-01-05T18:30:17.3333|INFO|WhenCommon.cs|ShouldTrigger|374|ShouldTrigger TRUE from InterruptWhen, setting TriggerRunner
2026-01-05T18:30:17.3334|INFO|WhenCommon.cs|InterruptWhen|318|Interrupting current Instruction Set
2026-01-05T18:30:17.3356|INFO|WhenCommon.cs|InterruptWhen|328|Canceling sequence...
2026-01-05T18:30:18.3360|INFO|WhenCommon.cs|InterruptWhen|332|Delay 1000
2026-01-05T18:30:19.3364|INFO|WhenCommon.cs|InterruptWhen|332|Delay 1000
2026-01-05T18:30:20.3380|INFO|WhenCommon.cs|InterruptWhen|332|Delay 1000
2026-01-05T18:30:21.3390|INFO|WhenCommon.cs|InterruptWhen|332|Delay 1000
2026-01-05T18:30:22.3397|INFO|WhenCommon.cs|InterruptWhen|332|Delay 1000
2026-01-05T18:30:23.3406|INFO|WhenCommon.cs|InterruptWhen|332|Delay 1000
2026-01-05T18:30:24.3417|INFO|WhenCommon.cs|InterruptWhen|332|Delay 1000
2026-01-05T18:30:25.3431|INFO|WhenCommon.cs|InterruptWhen|332|Delay 1000
2026-01-05T18:30:26.3440|INFO|WhenCommon.cs|InterruptWhen|332|Delay 1000
2026-01-05T18:30:27.3448|INFO|WhenCommon.cs|InterruptWhen|332|Delay 1000
2026-01-05T18:30:28.3451|INFO|WhenCommon.cs|InterruptWhen|332|Delay 1000
2026-01-05T18:30:29.3459|INFO|WhenCommon.cs|InterruptWhen|332|Delay 1000
2026-01-05T18:30:30.3467|INFO|WhenCommon.cs|InterruptWhen|332|Delay 1000
2026-01-05T18:30:31.3473|INFO|WhenCommon.cs|InterruptWhen|332|Delay 1000
2026-01-05T18:30:32.3486|INFO|WhenCommon.cs|InterruptWhen|332|Delay 1000
2026-01-05T18:30:33.3491|INFO|WhenCommon.cs|InterruptWhen|332|Delay 1000
2026-01-05T18:30:34.3499|INFO|WhenCommon.cs|InterruptWhen|332|Delay 1000
2026-01-05T18:30:35.3493|INFO|WhenCommon.cs|InterruptWhen|332|Delay 1000
2026-01-05T18:30:36.3504|INFO|WhenCommon.cs|InterruptWhen|332|Delay 1000
2026-01-05T18:30:37.3514|INFO|WhenCommon.cs|InterruptWhen|332|Delay 1000
2026-01-05T18:30:38.3523|INFO|WhenCommon.cs|InterruptWhen|332|Delay 1000
2026-01-05T18:30:39.2653|INFO|Sequencer.cs|Start|85|Sequence run was cancelled
2026-01-05T18:30:39.2838|INFO|Sequence2VM.cs|StartSequence|548|Advanced Sequence finished
2026-01-05T18:30:39.3653|INFO|WhenCommon.cs|InterruptWhen|335|Sequence no longer running
2026-01-05T18:30:39.3671|WARNING|WhenCommon.cs|CheckSlewing|259|CheckSlewing, WhenUnsafe = True, Connected = True, CanSlew = True, info.Slewing = False
2026-01-05T18:30:39.3690|INFO|Sequence2VM.cs|StartSequence|543|Advanced Sequence starting
2026-01-05T18:30:39.4279|INFO|SequenceItem.cs|Run|208|Starting Category: * Instruction Set *, Container: NINA.Sequencer.Container.SequenceRootContainer, Strategy: SequentialStrategy, Items[CREATED]: 3, Triggers: Category: Ground Station, Item: Failures to Telegram
2026-01-05T18:30:39.4377|INFO|SequenceItem.cs|Run|208|Starting Category: * Instruction Set *, Container: NINA.Sequencer.Container.StartAreaContainer, Strategy: SequentialStrategy, Items[FINISHED]: 1
2026-01-05T18:30:39.4380|INFO|SequenceItem.cs|Run|254|Finishing Category: * Instruction Set *, Container: NINA.Sequencer.Container.StartAreaContainer, Strategy: SequentialStrategy, Items[FINISHED]: 1
2026-01-05T18:30:39.4381|INFO|SequenceItem.cs|Run|208|Starting Category: * Instruction Set *, Container: NINA.Sequencer.Container.TargetAreaContainer, Strategy: SequentialStrategy, Items[CREATED]: 1
2026-01-05T18:30:39.4383|INFO|SequenceItem.cs|Run|208|Starting Category: * Instruction Set *, Container: NINA.Sequencer.Container.SequentialContainer, Strategy: SequentialStrategy, Items[CREATED]: 10, Conditions: Condition: TimeCondition, Time: 6:40:58h, Condition: TargetSchedulerCondition mode=While Targets Remain Tonight, , Triggers: Trigger: CenterAfterDriftTrigger, DistanceArcMinutes: 1Trigger: WhenUnsafeCategory: Ground Station, Item: Failures to TelegramCategory: Connect, Item: ReconnectOnDownloadFailureTrigger: AutofocusAfterHFRIncreaseTrigger, Amount: 5Trigger: MeridianFlipTriggerCategory: Powerups (Misc), Item: DIYTriggerCategory: Ground Station, Item: Failures to Pushover
2026-01-05T18:30:39.4404|INFO|WhenCommon.cs|ShouldTrigger|378|ShouldTrigger TRUE, setting TriggerRunner
2026-01-05T18:30:39.4435|INFO|SequenceTrigger.cs|Run|114|Starting Trigger: WhenUnsafe
2026-01-05T18:30:39.4563|INFO|WhenCommon.cs|Execute|391|Execute 0
2026-01-05T18:30:39.4566|INFO|WhenCommon.cs|Execute|405|When: running TriggerRunner, InFlight -> true, Triggered -> false
2026-01-05T18:30:39.4566|WARNING|WhenCommon.cs|CheckSlewing|259|CheckSlewing, WhenUnsafe = True, Connected = True, CanSlew = True, info.Slewing = False
2026-01-05T18:30:39.4568|INFO|SequenceItem.cs|Run|208|Starting Category: , Container: WhenPlugin.When.IfContainer, Strategy: SequentialStrategy, Items[CREATED]: 9
2026-01-05T18:30:39.4633|INFO|MeridianFlipTrigger.cs|ShouldTrigger|197|Meridian Flip - Telescope is at home position. Skip flip evaluation
2026-01-05T18:30:39.4643|INFO|SequenceItem.cs|Run|208|Starting Category: Ground Station, Item: Send to Telegram
2026-01-05T18:30:40.1641|INFO|SequenceItem.cs|Run|254|Finishing Category: Ground Station, Item: Send to Telegram
2026-01-05T18:30:40.1660|INFO|MeridianFlipTrigger.cs|ShouldTrigger|197|Meridian Flip - Telescope is at home position. Skip flip evaluation
2026-01-05T18:30:40.1665|INFO|SequenceItem.cs|Run|208|Starting Category: Ground Station, Item: Send to Pushover, Title: Unsafe
2026-01-05T18:30:40.3273|INFO|SequenceItem.cs|Run|254|Finishing Category: Ground Station, Item: Send to Pushover, Title: Unsafe
2026-01-05T18:30:40.3288|INFO|MeridianFlipTrigger.cs|ShouldTrigger|197|Meridian Flip - Telescope is at home position. Skip flip evaluation
2026-01-05T18:30:40.3290|INFO|SequenceItem.cs|Run|208|Starting Category: Telescope, Item: FindHome
2026-01-05T18:30:40.3353|INFO|PHD2Guider.cs|StopGuiding|704|Phd2 - Stop Guiding skipped, as the app is already in state Stopped
2026-01-05T18:30:40.3356|INFO|TelescopeVM.cs|FindHome|292|Mount ordered to locate home position
2026-01-05T18:30:40.3365|INFO|TelescopeVM.cs|FindHome|336|Mount ordered to home but it is already at home
2026-01-05T18:30:40.3366|INFO|TelescopeVM.cs|FindHome|348|Mount has located its home position
2026-01-05T18:30:40.3369|INFO|SequenceItem.cs|Run|254|Finishing Category: Telescope, Item: FindHome
2026-01-05T18:30:40.3381|INFO|MeridianFlipTrigger.cs|ShouldTrigger|197|Meridian Flip - Telescope is at home position. Skip flip evaluation
2026-01-05T18:30:40.3393|INFO|SequenceItem.cs|Run|208|Starting Category: Guider, Item: StopGuiding
2026-01-05T18:30:40.3468|INFO|PHD2Guider.cs|StopGuiding|704|Phd2 - Stop Guiding skipped, as the app is already in state Stopped
2026-01-05T18:30:40.3470|INFO|SequenceItem.cs|Run|254|Finishing Category: Guider, Item: StopGuiding
2026-01-05T18:30:40.3588|INFO|MeridianFlipTrigger.cs|ShouldTrigger|197|Meridian Flip - Telescope is at home position. Skip flip evaluation
2026-01-05T18:30:40.3598|INFO|SequenceItem.cs|Run|208|Starting Category: Connect, Item: DisconnectEquipment, Selected device: Safety Monitor
2026-01-05T18:30:40.4581|INFO|AscomDevice.cs|Disconnect|378|Disconnecting from ASCOM.GenericFile.SafetyMonitor Generic File driver
2026-01-05T18:30:40.4842|INFO|SafetyMonitorVM.cs|Disconnect|221|Disconnected Safety Monitor
2026-01-05T18:30:40.4846|INFO|SequenceItem.cs|Run|254|Finishing Category: Connect, Item: DisconnectEquipment, Selected device: Safety Monitor
2026-01-05T18:30:40.4851|INFO|MeridianFlipTrigger.cs|ShouldTrigger|197|Meridian Flip - Telescope is at home position. Skip flip evaluation
2026-01-05T18:30:40.4857|INFO|SequenceItem.cs|Run|208|Starting Category: Utility, Item: WaitForTimeSpan, Time: 60s
2026-01-05T18:31:40.5394|INFO|SequenceItem.cs|Run|254|Finishing Category: Utility, Item: WaitForTimeSpan, Time: 60s
2026-01-05T18:31:40.5399|INFO|MeridianFlipTrigger.cs|ShouldTrigger|197|Meridian Flip - Telescope is at home position. Skip flip evaluation
2026-01-05T18:31:40.5406|INFO|SequenceItem.cs|Run|208|Starting Category: Connect, Item: ConnectEquipment, Selected device: Safety Monitor, Selected device id: ASCOM.GenericFile.SafetyMonitor
2026-01-05T18:31:42.5458|INFO|SafetyMonitorChooserVM.cs|GetEquipment|71|Found 0 Alpaca Safety Monitors
2026-01-05T18:31:42.5762|INFO|SafetyMonitorVM.cs|Disconnect|221|Disconnected Safety Monitor
2026-01-05T18:31:42.6469|INFO|SafetyMonitorVM.cs|Connect|175|Successfully connected Safety Monitor. Id: ASCOM.GenericFile.SafetyMonitor Name: Generic File driver DisplayName: Generic File driver (ASCOM) Driver Version: 6.4
2026-01-05T18:31:42.6471|INFO|SequenceItem.cs|Run|254|Finishing Category: Connect, Item: ConnectEquipment, Selected device: Safety Monitor, Selected device id: ASCOM.GenericFile.SafetyMonitor
2026-01-05T18:31:42.6475|INFO|MeridianFlipTrigger.cs|ShouldTrigger|197|Meridian Flip - Telescope is at home position. Skip flip evaluation
2026-01-05T18:31:42.6476|INFO|SequenceItem.cs|Run|208|Starting Category: Utility, Item: WaitForTimeSpan, Time: 60s
2026-01-05T18:31:44.6486|INFO|SafetyMonitorVM.cs|UpdateMonitorValues|95|SafetyMonitorInfo state changed to Unsafe
2026-01-05T18:32:42.7471|INFO|SequenceItem.cs|Run|254|Finishing Category: Utility, Item: WaitForTimeSpan, Time: 60s
2026-01-05T18:32:42.7482|INFO|MeridianFlipTrigger.cs|ShouldTrigger|197|Meridian Flip - Telescope is at home position. Skip flip evaluation
2026-01-05T18:32:42.7491|INFO|SequenceItem.cs|Run|208|Starting Category: Powerups (Safety), Item: OnceSafe
2026-01-05T19:06:43.8922|WARNING|DeviceUpdateTimer.cs|Run|115|Mount value update cycle took longer than the device poll interval (Total: 3.05s > 2s; Poll: 00:00:03.0470537; Update: 00:00:00.0005173)
2026-01-05T19:11:59.8529|WARNING|DeviceUpdateTimer.cs|Run|115|Mount value update cycle took longer than the device poll interval (Total: 5.01s > 2s; Poll: 00:00:05.0085167; Update: 00:00:00.0003954)
2026-01-05T19:17:02.9580|WARNING|DeviceUpdateTimer.cs|Run|115|Mount value update cycle took longer than the device poll interval (Total: 6.01s > 2s; Poll: 00:00:06.0130375; Update: 00:00:00.0004176)
2026-01-05T19:22:06.9041|WARNING|DeviceUpdateTimer.cs|Run|115|Mount value update cycle took longer than the device poll interval (Total: 6.01s > 2s; Poll: 00:00:06.0139602; Update: 00:00:00.0005045)
2026-01-05T19:27:09.9545|WARNING|DeviceUpdateTimer.cs|Run|115|Mount value update cycle took longer than the device poll interval (Total: 6.01s > 2s; Poll: 00:00:06.0083449; Update: 00:00:00.0004816)
2026-01-05T19:32:13.2417|WARNING|DeviceUpdateTimer.cs|Run|115|Mount value update cycle took longer than the device poll interval (Total: 6.01s > 2s; Poll: 00:00:06.0135746; Update: 00:00:00.0003437)
2026-01-05T19:37:13.9143|WARNING|DeviceUpdateTimer.cs|Run|115|Mount value update cycle took longer than the device poll interval (Total: 6.01s > 2s; Poll: 00:00:06.0128749; Update: 00:00:00.0005694)
2026-01-05T19:42:14.6198|WARNING|DeviceUpdateTimer.cs|Run|115|Mount value update cycle took longer than the device poll interval (Total: 6.02s > 2s; Poll: 00:00:06.0173782; Update: 00:00:00.0004956)
2026-01-05T19:47:15.2962|WARNING|DeviceUpdateTimer.cs|Run|115|Mount value update cycle took longer than the device poll interval (Total: 6.01s > 2s; Poll: 00:00:06.0139361; Update: 00:00:00.0004764)
2026-01-05T19:52:19.3436|WARNING|DeviceUpdateTimer.cs|Run|115|Mount value update cycle took longer than the device poll interval (Total: 6.02s > 2s; Poll: 00:00:06.0148100; Update: 00:00:00.0004823)
2026-01-05T19:57:23.3189|WARNING|DeviceUpdateTimer.cs|Run|115|Mount value update cycle took longer than the device poll interval (Total: 6.01s > 2s; Poll: 00:00:06.0114881; Update: 00:00:00.0002989)
2026-01-05T20:02:24.0156|WARNING|DeviceUpdateTimer.cs|Run|115|Mount value update cycle took longer than the device poll interval (Total: 6.01s > 2s; Poll: 00:00:06.0118751; Update: 00:00:00.0003542)
2026-01-05T20:07:24.7612|WARNING|DeviceUpdateTimer.cs|Run|115|Mount value update cycle took longer than the device poll interval (Total: 6.01s > 2s; Poll: 00:00:06.0136637; Update: 00:00:00.0005301)
2026-01-05T20:12:25.4944|WARNING|DeviceUpdateTimer.cs|Run|115|Mount value update cycle took longer than the device poll interval (Total: 6.02s > 2s; Poll: 00:00:06.0148461; Update: 00:00:00.0003997)
2026-01-05T20:17:26.2581|WARNING|DeviceUpdateTimer.cs|Run|115|Mount value update cycle took longer than the device poll interval (Total: 6.02s > 2s; Poll: 00:00:06.0158134; Update: 00:00:00.0004940)
2026-01-05T20:23:53.8946|WARNING|DeviceUpdateTimer.cs|Run|115|Mount value update cycle took longer than the device poll interval (Total: 3.05s > 2s; Poll: 00:00:03.0501217; Update: 00:00:00.0004428)
2026-01-06T06:40:58.1181|INFO|TimeCondition.cs|Check|254|TimeCondition finished.
2026-01-06T06:40:58.1185|INFO|TimeCondition.cs|InterruptWhenTimeIsUp|63|Time limit exceeded - Interrupting current Instruction Set
2026-01-06T06:40:58.1267|INFO|WhenCommon.cs|Execute|421|When: Execute done; InFlight -> false, Triggered false
2026-01-06T06:40:58.1281|INFO|MeridianFlipTrigger.cs|ShouldTrigger|197|Meridian Flip - Telescope is at home position. Skip flip evaluation
2026-01-06T06:40:58.1285|INFO|SequenceItem.cs|Run|208|Starting Category: Utility, Item: WaitForTime, Time: 18:30:17h, Offset: -15
2026-01-06T06:40:58.1324|INFO|SequenceItem.cs|Run|254|Finishing Category: * Instruction Set *, Container: NINA.Sequencer.Container.SequentialContainer, Strategy: SequentialStrategy, Items[CREATED]: 10, Conditions: Condition: TimeCondition, Time: 6:40:58h, Condition: TargetSchedulerCondition mode=While Targets Remain Tonight, , Triggers: Trigger: CenterAfterDriftTrigger, DistanceArcMinutes: 1Trigger: WhenUnsafeCategory: Ground Station, Item: Failures to TelegramCategory: Connect, Item: ReconnectOnDownloadFailureTrigger: AutofocusAfterHFRIncreaseTrigger, Amount: 5Trigger: MeridianFlipTriggerCategory: Powerups (Misc), Item: DIYTriggerCategory: Ground Station, Item: Failures to Pushover
2026-01-06T06:40:58.1328|INFO|SequenceItem.cs|Run|254|Finishing Category: * Instruction Set *, Container: NINA.Sequencer.Container.TargetAreaContainer, Strategy: SequentialStrategy, Items[FINISHED]: 1
2026-01-06T06:40:58.1334|INFO|SequenceItem.cs|Run|208|Starting Category: * Instruction Set *, Container: NINA.Sequencer.Container.EndAreaContainer, Strategy: SequentialStrategy, Items[CREATED]: 7
2026-01-06T06:40:58.1340|INFO|SequenceItem.cs|Run|208|Starting Category: Telescope, Item: FindHome
2026-01-06T06:40:58.1392|INFO|PHD2Guider.cs|StopGuiding|704|Phd2 - Stop Guiding skipped, as the app is already in state Stopped
2026-01-06T06:40:58.1393|INFO|TelescopeVM.cs|FindHome|292|Mount ordered to locate home position
2026-01-06T06:40:58.1397|INFO|TelescopeVM.cs|FindHome|336|Mount ordered to home but it is already at home
2026-01-06T06:40:58.1398|INFO|TelescopeVM.cs|FindHome|348|Mount has located its home position
2026-01-06T06:40:58.1400|INFO|SequenceItem.cs|Run|254|Finishing Category: Telescope, Item: FindHome
2026-01-06T06:40:58.1411|INFO|SequenceItem.cs|Run|208|Starting Category: Camera, Item: WarmCamera, Duration: 30
2026-01-06T06:40:58.1453|INFO|CameraVM.cs|WarmCamera|161|Warming Camera. Duration: 00:30:00
2026-01-06T07:13:03.3265|INFO|CameraVM.cs|WarmCamera|179|Could not reach warming temperature. Most likley due to ambient temperature being lower. Continuing...
2026-01-06T07:13:23.3480|INFO|CameraVM.cs|WarmCamera|186|Turning cooler off
2026-01-06T07:13:23.3496|INFO|SequenceItem.cs|Run|254|Finishing Category: Camera, Item: WarmCamera, Duration: 30
2026-01-06T07:13:23.3498|INFO|SequenceItem.cs|Run|208|Starting Category: Guider, Item: StopGuiding
2026-01-06T07:13:23.3526|INFO|PHD2Guider.cs|StopGuiding|704|Phd2 - Stop Guiding skipped, as the app is already in state Stopped
2026-01-06T07:13:23.3527|INFO|SequenceItem.cs|Run|254|Finishing Category: Guider, Item: StopGuiding
2026-01-06T07:13:23.3535|INFO|SequenceItem.cs|Run|208|Starting Category: Phd2 Tools, Item: ShutdownPhd2Instruction
2026-01-06T07:13:23.3661|INFO|SequenceItem.cs|Run|254|Finishing Category: Phd2 Tools, Item: ShutdownPhd2Instruction
2026-01-06T07:13:23.3669|INFO|SequenceItem.cs|Run|208|Starting Category: Connect, Item: DisconnectAllEquipment
2026-01-06T07:13:23.3723|WARNING|PHD2Client.cs|ReadEventsAsync|110|PHD2Client: Connection closed by server
2026-01-06T07:13:23.3725|INFO|DitherStatisticsVM.cs|OnPHD2ConnectionStatusChanged|619|PHD2 Connection Status: Connection lost
2026-01-06T07:13:23.3725|INFO|PHD2Client.cs|ReadEventsAsync|126|PHD2Client: Stopped reading events
2026-01-06T07:13:23.4381|INFO|CameraVM.cs|Disconnect|650|Disconnected Camera
2026-01-06T07:13:23.4387|INFO|AscomDevice.cs|Disconnect|378|Disconnecting from ASCOM.EFW2.FilterWheel ZWO FilterWheel
2026-01-06T07:13:23.8567|INFO|FilterWheelVM.cs|Disconnect|333|Disconnected Filter Wheel
2026-01-06T07:13:23.8598|INFO|AscomDevice.cs|Disconnect|378|Disconnecting from ASCOM.EAF.Focuser ZWO Focuser
2026-01-06T07:13:23.9118|INFO|FocuserVM.cs|Disconnect|441|Disconnected Focuser
2026-01-06T07:13:23.9123|INFO|DisconnectAllEquipment.cs|Execute|139|Rotator is already disconnected
2026-01-06T07:13:23.9156|INFO|AscomDevice.cs|Disconnect|378|Disconnecting from ASCOM.iOptron2017.Telescope iOptron CEM120,70,40,26, GEM, HEM, HAE, HAZ series and SkyHunter Mount
2026-01-06T07:13:23.9467|INFO|TelescopeVM.cs|Disconnect|740|Disconnected mount
2026-01-06T07:13:23.9471|INFO|DisconnectAllEquipment.cs|Execute|139|Guider is already disconnected
2026-01-06T07:13:23.9472|INFO|DisconnectAllEquipment.cs|Execute|139|Switch is already disconnected
2026-01-06T07:13:23.9472|INFO|DisconnectAllEquipment.cs|Execute|139|Flat Panel is already disconnected
2026-01-06T07:13:23.9498|INFO|AscomDevice.cs|Disconnect|378|Disconnecting from ASCOM.SkyAlert.ObservingConditions SkyAlert Observing Conditions
2026-01-06T07:13:23.9580|INFO|WeatherDataVM.cs|Disconnect|305|Disconnected Weather Device
2026-01-06T07:13:23.9583|INFO|DisconnectAllEquipment.cs|Execute|139|Dome is already disconnected
2026-01-06T07:13:23.9627|INFO|AscomDevice.cs|Disconnect|378|Disconnecting from ASCOM.GenericFile.SafetyMonitor Generic File driver
2026-01-06T07:13:23.9671|INFO|SafetyMonitorVM.cs|Disconnect|221|Disconnected Safety Monitor
2026-01-06T07:13:23.9675|INFO|SequenceItem.cs|Run|254|Finishing Category: Connect, Item: DisconnectAllEquipment
2026-01-06T07:13:23.9677|INFO|SequenceItem.cs|Run|208|Starting Category: Ground Station, Item: Send to Pushover, Title: Disconnected
2026-01-06T07:13:24.1724|INFO|SequenceItem.cs|Run|254|Finishing Category: Ground Station, Item: Send to Pushover, Title: Disconnected
2026-01-06T07:13:24.1729|INFO|SequenceItem.cs|Run|208|Starting Category: Ground Station, Item: Send to Telegram
2026-01-06T07:13:24.9466|INFO|SequenceItem.cs|Run|254|Finishing Category: Ground Station, Item: Send to Telegram
2026-01-06T07:13:24.9471|INFO|SequenceItem.cs|Run|254|Finishing Category: * Instruction Set *, Container: NINA.Sequencer.Container.EndAreaContainer, Strategy: SequentialStrategy, Items[FINISHED]: 7
2026-01-06T07:13:24.9475|INFO|SequenceItem.cs|Run|254|Finishing Category: * Instruction Set *, Container: NINA.Sequencer.Container.SequenceRootContainer, Strategy: SequentialStrategy, Items[FINISHED]: 3, Triggers: Category: Ground Station, Item: Failures to Telegram
2026-01-06T07:13:24.9488|INFO|Sequence2VM.cs|StartSequence|548|Advanced Sequence finished
2026-01-06T07:13:24.9499|INFO|WhenCommon.cs|InterruptWhen|346|Restarting sequence, Triggered -> true
2026-01-06T07:13:28.3853|INFO|PHD2Client.cs|ConnectAsync|48|PHD2Client: Connecting to PHD2 at 127.0.0.1:4400...
2026-01-06T07:13:30.4399|ERROR|PHD2Client.cs|ConnectAsync|69|PHD2Client: Connection failed: No connection could be made because the target machine actively refused it.
2026-01-06T09:54:50.7468|INFO|ApplicationVM.cs|Exit|244|Shutting down application - requested by user
2026-01-06T09:54:50.8694|INFO|ApplicationVM.cs|Closing|289|Application shutting down
2026-01-06T09:54:50.9136|INFO|DomeVM.cs|Disconnect|355|Disconnected Dome Device
2026-01-06T09:54:50.9200|INFO|FlatDeviceVM.cs|Disconnect|289|Disconnected Flat Device
2026-01-06T09:54:50.9314|INFO|CameraVM.cs|Disconnect|650|Disconnected Camera
2026-01-06T09:54:50.9324|INFO|TelescopeVM.cs|Disconnect|740|Disconnected mount
2026-01-06T09:54:50.9352|INFO|FilterWheelVM.cs|Disconnect|333|Disconnected Filter Wheel
2026-01-06T09:54:50.9363|INFO|FocuserVM.cs|Disconnect|441|Disconnected Focuser
2026-01-06T09:54:50.9434|INFO|RotatorVM.cs|Disconnect|447|Disconnected Rotator
2026-01-06T09:54:50.9488|INFO|SwitchVM.cs|Disconnect|309|Disconnected Switch
2026-01-06T09:54:50.9536|INFO|WeatherDataVM.cs|Disconnect|305|Disconnected Weather Device
2026-01-06T09:54:50.9541|INFO|SafetyMonitorVM.cs|Disconnect|221|Disconnected Safety Monitor
2026-01-06T09:54:51.9710|INFO|API.cs|StopWatchers|86|Stopping all event watchers
