----------------------------------------------------------------------
--------------N.I.N.A. - Nighttime Imaging 'N' Astronomy--------------
--------------------------Version 3.2.0.9001--------------------------
-------------------------2026-03-02T11:01:51--------------------------
----------------------------------------------------------------------
---------------------Microsoft Windows 10.0.19045---------------------
-------------------------OS Architecture X64--------------------------
-----------------------Process Architecture X64-----------------------
-----------------------------.NET 8.0.21------------------------------
----------------------------------------------------------------------
--------------------------Processor Count 4---------------------------
--------------------Total Physical Memory 7.84 GB---------------------
----------------------------------------------------------------------
DATE|LEVEL|SOURCE|MEMBER|LINE|MESSAGE
2026-03-02T11:01:51.6490|INFO|App.xaml.cs|OnStartup|170|Launched with command line arguments: --sequencefile C:\Users\nicka\Astro\NINA\NINA_Sequences\TargetScheduler.json --runsequence
2026-03-02T11:01:54.3674|INFO|CameraChooserVM.cs|GetEquipment|69|Found 2 ASI Cameras
2026-03-02T11:01:54.5947|INFO|CameraChooserVM.cs|GetEquipment|84|Found 0 Altair Cameras
2026-03-02T11:01:54.9848|INFO|CameraChooserVM.cs|GetEquipment|96|Found 0 Atik Cameras
2026-03-02T11:01:55.0799|INFO|CameraChooserVM.cs|GetEquipment|110|Found 0 FLI Cameras
2026-03-02T11:01:56.3421|INFO|CameraChooserVM.cs|GetEquipment|130|Found 0 QHYCCD Cameras
2026-03-02T11:01:57.0393|INFO|CameraChooserVM.cs|GetEquipment|158|Found 0 ToupTek Cameras
2026-03-02T11:01:57.1765|INFO|CameraChooserVM.cs|GetEquipment|173|Found 0 Ogma Cameras
2026-03-02T11:01:57.3290|INFO|CameraChooserVM.cs|GetEquipment|188|Found 0 Omegon Cameras
2026-03-02T11:01:57.9822|INFO|CameraChooserVM.cs|GetEquipment|203|Found 0 RisingCam Cameras
2026-03-02T11:01:58.1836|INFO|CameraChooserVM.cs|GetEquipment|218|Found 0 MallinCam Cameras
2026-03-02T11:01:58.3161|INFO|CameraChooserVM.cs|GetEquipment|243|Found 0 SVBony Cameras
2026-03-02T11:01:58.3192|INFO|CameraChooserVM.cs|GetEquipment|259|Found 0 SBIG Cameras
2026-03-02T11:02:01.8144|INFO|API.cs|Start|99|Starting Webserver
2026-03-02T11:02:01.8158|INFO|API.cs|APITask|134|starting web server, listening at 172.19.6.111:1888
2026-03-02T11:02:01.9731|INFO|NINALogWatcher.cs|Start|33|watching log file: C:\Users\nicka\AppData\Local\NINA\Logs\20260302-110150-3.2.0.9001.9420-202603.log
2026-03-02T11:02:01.9907|INFO|PluginLoader.cs|LoadPlugin|402|Successfully loaded plugin Advanced API version 2.2.15.0 by Christian Palm
2026-03-02T11:02:02.1312|INFO|PluginLoader.cs|LoadPlugin|402|Successfully loaded plugin Autofocus Report Analysis version 2.0.0.9 by Stefan Berg @isbeorn
2026-03-02T11:02:02.3047|INFO|PluginLoader.cs|LoadPlugin|402|Successfully loaded plugin Connector version 2.1.0.2 by Stefan Berg @isbeorn
2026-03-02T11:02:02.4774|INFO|PluginLoader.cs|LoadPlugin|402|Successfully loaded plugin Device Actions and Commands version 2.2.0.0 by Dale Ghent
2026-03-02T11:02:03.0512|INFO|PluginLoader.cs|LoadPlugin|402|Successfully loaded plugin Discord Alert version 2.2.0.0 by Drew McDermott
2026-03-02T11:02:04.4299|INFO|PluginLoader.cs|LoadPlugin|402|Successfully loaded plugin Discord Notification version 2.0.0.10 by Daniel Ludwig
2026-03-02T11:02:05.6233|INFO|DitherStatisticsVM.cs|CreatePluginIcon|1483|Plugin icon geometry created successfully
2026-03-02T11:02:05.6495|INFO|DitherStatisticsVM.cs|LoadDataTemplates|1452|DitherStatistics DataTemplates loaded successfully
2026-03-02T11:02:05.6536|INFO|DitherStatisticsVM.cs|SaveQualityAssessmentSetting|387|Quality Assessment setting saved to file: True
2026-03-02T11:02:05.6538|INFO|DitherStatisticsVM.cs|LoadQualityAssessmentSetting|364|Quality Assessment setting loaded from file: True
2026-03-02T11:02:05.6687|INFO|DitherStatisticsVM.cs|SaveDitherOptimizerSetting|490|Dither Optimizer setting saved to file: False
2026-03-02T11:02:05.6689|INFO|DitherStatisticsVM.cs|LoadDitherOptimizerSetting|471|Dither Optimizer setting loaded from file: False
2026-03-02T11:02:05.6695|INFO|DitherStatisticsVM.cs|SubscribeToGuiderEvents|834|Subscribed to NINA guider events
2026-03-02T11:02:05.6753|INFO|DitherStatisticsVM.cs|StartThemeColorMonitoring|1329|Initial PrimaryBrush color: R:176 G:179 B:185
2026-03-02T11:02:05.6755|INFO|DitherStatisticsVM.cs|.ctor|96|DitherStatisticsVM initialized successfully with ScottPlot 4.1 (Lazy Loading)!
2026-03-02T11:02:05.6762|INFO|PluginLoader.cs|LoadPlugin|402|Successfully loaded plugin Dither Statistics version 1.3.0.0 by Thierry Tschanz
2026-03-02T11:02:05.8311|INFO|PluginLoader.cs|LoadPlugin|402|Successfully loaded plugin Filter Offset Calculator version 2.0.0.0 by S. Dimant & Stefan Berg
2026-03-02T11:02:06.0337|INFO|PluginLoader.cs|LoadPlugin|402|Successfully loaded plugin Flexure Correction version 0.8.0.0 by Francesco Meschia
2026-03-02T11:02:07.6899|INFO|DitherStatisticsVM.cs|ConnectToPHD2|708|Attempting to connect to PHD2...
2026-03-02T11:02:07.6917|INFO|PHD2Client.cs|ConnectAsync|102|PHD2Client: Connecting to PHD2 at 127.0.0.1:4400...
2026-03-02T11:02:08.4754|INFO|PluginLoader.cs|LoadPlugin|402|Successfully loaded plugin Ground Station version 3.0.0.117 by Dale Ghent
2026-03-02T11:02:09.7187|ERROR|PHD2Client.cs|ConnectAsync|132|PHD2Client: Connection failed: No connection could be made because the target machine actively refused it.
2026-03-02T11:02:09.7191|INFO|DitherStatisticsVM.cs|OnPHD2ConnectionStatusChanged|737|PHD2 Connection Status: Connection failed: No connection could be made because the target machine actively refused it.
2026-03-02T11:02:19.1855|INFO|PluginLoader.cs|LoadPlugin|402|Successfully loaded plugin Hocus Focus version 3.0.0.24 by George Hilios (jokogeo)
2026-03-02T11:02:19.9963|INFO|PluginLoader.cs|LoadPlugin|402|Successfully loaded plugin Horizon Creator version 1.1.2.1 by Christian Palm
2026-03-02T11:02:20.1992|INFO|PluginLoader.cs|LoadPlugin|402|Successfully loaded plugin Lightbucket version 2.2.4.0 by Lightbucket
2026-03-02T11:02:21.0039|INFO|PluginLoader.cs|LoadPlugin|402|Successfully loaded plugin Livestack version 1.0.1.7 by Stefan Berg @isbeorn
2026-03-02T11:02:21.1988|INFO|PluginLoader.cs|LoadPlugin|402|Successfully loaded plugin Log Viewer version 1.0.0.2 by Alexander Wrede @astro_alex80
2026-03-02T11:02:21.3794|INFO|PluginLoader.cs|LoadPlugin|402|Successfully loaded plugin Moon Angle version 2.2.0.0 by Dale Ghent
2026-03-02T11:02:21.6740|INFO|PluginLoader.cs|LoadPlugin|402|Successfully loaded plugin Phd2 Tools version 1.0.6.0 by Stefan Berg @isbeorn
2026-03-02T11:02:21.9808|INFO|PluginLoader.cs|LoadPlugin|402|Successfully loaded plugin PixInsight Tools version 1.0.0.3 by Stefan Berg
2026-03-02T11:02:22.7122|INFO|PluginLoader.cs|LoadPlugin|402|Successfully loaded plugin Point3D version 0.2.3.0 by Drew McDermott
2026-03-02T11:02:22.9892|INFO|PluginLoader.cs|LoadPlugin|402|Successfully loaded plugin Scope Control version 2.0.2.1 by Stefan Berg @isbeorn
2026-03-02T11:02:25.0537|WARNING|When.cs|GetRunningItem|143|Can't get running items: SequencerNavigation not initialized yet!
2026-03-02T11:02:25.2989|INFO|PluginLoader.cs|LoadPlugin|402|Successfully loaded plugin Sequencer Powerups version 3.29.0.3 by Marc Blank
2026-03-02T11:02:26.0434|INFO|PluginLoader.cs|LoadPlugin|402|Successfully loaded plugin Session Metadata version 2.6.3.0 by Tom Palmer @tcpalmer
2026-03-02T11:02:26.1610|INFO|PluginLoader.cs|LoadPlugin|402|Successfully loaded plugin Shutdown PC version 2.2.0.0 by Dale Ghent
2026-03-02T11:02:26.4140|INFO|PluginLoader.cs|LoadPlugin|402|Successfully loaded plugin SkyFlats version 1.0.0.4 by Gerald Hitz (@photon)
2026-03-02T11:02:26.7953|INFO|PluginLoader.cs|LoadPlugin|402|Successfully loaded plugin Smart Filters version 1.0.0.3 by Benoit SAINTOT
2026-03-02T11:02:27.2600|INFO|PluginLoader.cs|LoadPlugin|402|Successfully loaded plugin Target Planning version 3.2.1.0 by Tom Palmer @tcpalmer
2026-03-02T11:02:30.0753|WARNING|When.cs|GetRunningItem|143|Can't get running items: SequencerNavigation not initialized yet!
2026-03-02T11:02:30.7714|INFO|PluginLoader.cs|LoadPlugin|402|Successfully loaded plugin Target Scheduler version 5.8.3.2 by Tom Palmer @tcpalmer
2026-03-02T11:02:31.1650|INFO|PluginLoader.cs|LoadPlugin|402|Successfully loaded plugin Three Point Polar Alignment version 2.2.4.3 by Stefan Berg @isbeorn
2026-03-02T11:02:32.5839|INFO|SessionHistoryManager.cs|PurgeHistoryOlderThan|102|purging web session history older than 10 days
2026-03-02T11:02:32.6715|INFO|PluginLoader.cs|LoadPlugin|402|Successfully loaded plugin Web Session History Viewer version 2.2.1.0 by Tom Palmer @tcpalmer
2026-03-02T11:02:33.0547|INFO|PluginFetcher.cs|RequestAll|43|Fetching plugin manifests from https://nighttime-imaging.eu/wp-json/nina/v1/plugins/manifests
2026-03-02T11:02:33.3188|INFO|CameraChooserVM.cs|GetEquipment|279|Found 0 SVBony Cameras
2026-03-02T11:02:33.4342|INFO|CameraChooserVM.cs|GetEquipment|279|Found 0 PlayerOne Cameras
2026-03-02T11:02:33.5252|INFO|CameraChooserVM.cs|GetEquipment|279|Found 0 ASTPAN Cameras
2026-03-02T11:02:33.6091|INFO|RotatorChooserVM.cs|GetEquipment|45|Found 1 Networked Rotator Rotators
2026-03-02T11:02:34.3446|INFO|CameraChooserVM.cs|GetEquipment|293|Found 4 ASCOM Cameras
2026-03-02T11:02:34.7958|INFO|FilterWheelChooserVM.cs|GetEquipment|167|Found 1 Networked Filter Wheel Filter Wheels
2026-03-02T11:02:35.1319|WARNING|When.cs|GetRunningItem|143|Can't get running items: SequencerNavigation not initialized yet!
2026-03-02T11:02:36.3660|INFO|RotatorChooserVM.cs|GetEquipment|68|Found 0 Alpaca Rotators
2026-03-02T11:02:36.3660|INFO|CameraChooserVM.cs|GetEquipment|305|Found 0 Alpaca Cameras
2026-03-02T11:02:36.3721|INFO|CameraChooserVM.cs|GetEquipment|318|Found 0 Canon Cameras
2026-03-02T11:02:36.5875|INFO|DomeChooserVM.cs|GetEquipment|67|Found 0 Alpaca Domes
2026-03-02T11:02:36.5893|INFO|WeatherDataChooserVM.cs|GetEquipment|69|Found 0 Alpaca Observing Conditions
2026-03-02T11:02:37.2303|INFO|SwitchChooserVM.cs|GetEquipment|71|Found 0 Alpaca Switch Hubs
2026-03-02T11:02:37.2315|INFO|SafetyMonitorChooserVM.cs|GetEquipment|71|Found 0 Alpaca Safety Monitors
2026-03-02T11:02:37.2337|INFO|TelescopeChooserVM.cs|GetEquipment|69|Found 0 Alpaca Telescopes
2026-03-02T11:02:37.2402|INFO|FilterWheelChooserVM.cs|GetEquipment|193|Found 0 Alpaca Filter Wheels
2026-03-02T11:02:37.2549|INFO|FlatDeviceChooserVM.cs|GetEquipment|67|Found 0 Alpaca Cover Calibrators
2026-03-02T11:02:37.3218|INFO|PluginFetcher.cs|RequestAll|57|Found 74 valid plugins at https://nighttime-imaging.eu/wp-json/nina/v1/plugins/manifests
2026-03-02T11:02:38.5834|INFO|ApplicationVM.cs|CheckDiskInfo|100|Available Space on Drive C:\: 125.09 GB
2026-03-02T11:02:38.5866|INFO|ApplicationVM.cs|CheckASCOMPlatformVersion|81|ASCOM Platform 6.6.2.4195 installed
2026-03-02T11:02:38.5898|INFO|ApplicationVM.cs|CheckDiskInfo|102|Drive E:\ is not ready
2026-03-02T11:02:38.5913|INFO|ApplicationVM.cs|CheckDiskInfo|100|Available Space on Drive G:\: 47.13 GB
2026-03-02T11:02:38.5987|INFO|ApplicationVM.cs|CheckDiskInfo|100|Available Space on Drive Z:\: 27.95 GB
2026-03-02T11:02:39.0912|INFO|DitherStatisticsVM.cs|StartThemeColorMonitoring|1338|Theme color monitoring timer started on UI thread
2026-03-02T11:02:39.1133|INFO|FocuserChooserVM.cs|GetEquipment|84|Found 0 Alpaca Focusers
2026-03-02T11:02:39.4785|INFO|Sequence2VM.cs|TryLoadSequenceFile|414|Loading sequence file: C:\Users\nicka\Astro\NINA\NINA_Sequences\TargetScheduler.json
2026-03-02T11:02:40.0961|INFO|Sequence2VM.cs|TryLoadSequenceFile|420|Starting sequence from command line options
2026-03-02T11:02:40.1001|INFO|Sequence2VM.cs|StartSequence|543|Advanced Sequence starting
2026-03-02T11:02:40.1823|WARNING|When.cs|GetRunningItem|143|Can't get running items: SequencerNavigation not initialized yet!
2026-03-02T11:02:40.7283|INFO|SequenceItem.cs|Run|208|Starting Category: * Instruction Set *, Container: NINA.Sequencer.Container.SequenceRootContainer, Strategy: SequentialStrategy, Items[CREATED]: 3, Triggers: Category: Ground Station, Item: Failures to Telegram
2026-03-02T11:02:40.8665|INFO|SequenceItem.cs|Run|208|Starting Category: * Instruction Set *, Container: NINA.Sequencer.Container.StartAreaContainer, Strategy: SequentialStrategy, Items[CREATED]: 1
2026-03-02T11:02:40.8673|INFO|SequenceItem.cs|Run|208|Starting Category: * Instruction Set *, Container: NINA.Sequencer.Container.SequentialContainer, Strategy: SequentialStrategy, Items[CREATED]: 10
2026-03-02T11:02:40.8681|INFO|SequenceItem.cs|Run|208|Starting Category: Ground Station, Item: Send to Pushover, Title: Start
2026-03-02T11:02:41.1238|INFO|SequenceItem.cs|Run|254|Finishing Category: Ground Station, Item: Send to Pushover, Title: Start
2026-03-02T11:02:41.1281|INFO|SequenceItem.cs|Run|208|Starting Category: Utility, Item: WaitForTime, Time: 18:8:22h, Offset: -80
2026-03-02T11:02:41.3757|INFO|DockManagerVM.cs|InitializeAvalonDockLayout|366|Initializing imaging tab layout from C:\Users\nicka\AppData\Local\NINA\Profiles\0173997c-4bfa-48fd-9337-a48b6df99c38.dock.config
2026-03-02T18:08:44.1526|INFO|SequenceItem.cs|Run|254|Finishing Category: Utility, Item: WaitForTime, Time: 18:9:5h, Offset: -80
2026-03-02T18:08:44.1639|INFO|SequenceItem.cs|Run|208|Starting Category: Ground Station, Item: Send to Telegram
2026-03-02T18:08:44.9795|INFO|SequenceItem.cs|Run|254|Finishing Category: Ground Station, Item: Send to Telegram
2026-03-02T18:08:44.9799|INFO|SequenceItem.cs|Run|208|Starting Category: Ground Station, Item: Send to Pushover, Title: Configure Equipment
2026-03-02T18:08:45.1146|INFO|SequenceItem.cs|Run|254|Finishing Category: Ground Station, Item: Send to Pushover, Title: Configure Equipment
2026-03-02T18:08:45.1161|INFO|SequenceItem.cs|Run|208|Starting Category: Connect, Item: ConnectAllEquipment
2026-03-02T18:08:45.1437|INFO|CameraChooserVM.cs|GetEquipment|69|Found 2 ASI Cameras
2026-03-02T18:08:45.2204|INFO|CameraChooserVM.cs|GetEquipment|84|Found 0 Altair Cameras
2026-03-02T18:08:45.2205|INFO|CameraChooserVM.cs|GetEquipment|96|Found 0 Atik Cameras
2026-03-02T18:08:45.2212|INFO|CameraChooserVM.cs|GetEquipment|110|Found 0 FLI Cameras
2026-03-02T18:08:45.2213|INFO|CameraChooserVM.cs|GetEquipment|130|Found 0 QHYCCD Cameras
2026-03-02T18:08:45.3746|INFO|CameraChooserVM.cs|GetEquipment|158|Found 0 ToupTek Cameras
2026-03-02T18:08:45.3795|INFO|CameraChooserVM.cs|GetEquipment|173|Found 0 Ogma Cameras
2026-03-02T18:08:45.3929|INFO|CameraChooserVM.cs|GetEquipment|188|Found 0 Omegon Cameras
2026-03-02T18:08:45.5471|INFO|CameraChooserVM.cs|GetEquipment|203|Found 0 RisingCam Cameras
2026-03-02T18:08:45.5614|INFO|CameraChooserVM.cs|GetEquipment|218|Found 0 MallinCam Cameras
2026-03-02T18:08:45.5629|INFO|CameraChooserVM.cs|GetEquipment|243|Found 0 SVBony Cameras
2026-03-02T18:08:45.5654|INFO|CameraChooserVM.cs|GetEquipment|259|Found 0 SBIG Cameras
2026-03-02T18:08:45.5660|INFO|CameraChooserVM.cs|GetEquipment|279|Found 0 SVBony Cameras
2026-03-02T18:08:45.5663|INFO|CameraChooserVM.cs|GetEquipment|279|Found 0 PlayerOne Cameras
2026-03-02T18:08:45.5747|INFO|CameraChooserVM.cs|GetEquipment|279|Found 0 ASTPAN Cameras
2026-03-02T18:08:45.5756|INFO|CameraChooserVM.cs|GetEquipment|293|Found 4 ASCOM Cameras
2026-03-02T18:08:47.5765|INFO|CameraChooserVM.cs|GetEquipment|305|Found 0 Alpaca Cameras
2026-03-02T18:08:47.5821|INFO|CameraChooserVM.cs|GetEquipment|318|Found 0 Canon Cameras
2026-03-02T18:08:47.6574|INFO|CameraVM.cs|Disconnect|650|Disconnected Camera
2026-03-02T18:08:48.2296|WARNING|ASICamera.cs|SetControlValue|568|Failed to set ASI Control Value ASI_WB_B with value 50
2026-03-02T18:08:48.2298|WARNING|ASICamera.cs|SetControlValue|568|Failed to set ASI Control Value ASI_WB_R with value 50
2026-03-02T18:08:48.2298|WARNING|ASICamera.cs|SetControlValue|568|Failed to set ASI Control Value ASI_GAMMA with value 50
2026-03-02T18:08:48.2299|WARNING|ASICamera.cs|SetControlValue|568|Failed to set ASI Control Value ASI_HIGH_SPEED_MODE with value 0
2026-03-02T18:08:48.2299|WARNING|ASICamera.cs|SetControlValue|568|Failed to set ASI Control Value ASI_OVERCLOCK with value 0
2026-03-02T18:08:48.2300|WARNING|ASICamera.cs|SetControlValue|568|Failed to set ASI Control Value ASI_PATTERN_ADJUST with value 0
2026-03-02T18:08:48.2308|WARNING|ASICamera.cs|SetControlValue|568|Failed to set ASI Control Value ASI_MONO_BIN with value 0
2026-03-02T18:08:48.2319|INFO|ASICamera.cs|Initialize|664|Camera ID: ASI533MM
2026-03-02T18:08:48.2421|WARNING|ASICamera.cs|SetControlValue|568|Failed to set ASI Control Value ASI_ANTI_DEW_HEATER with value 0
2026-03-02T18:08:48.3057|INFO|CameraVM.cs|ChooseCamera|455|Successfully connected Camera. Id: ZWOptical_ZWO ASI533MM Pro_ASI533MM Name: ZWO ASI533MM Pro DisplayName: ZWO ASI533MM Pro (ASI533MM)Driver Version: 1, 39, 0, 0
2026-03-02T18:08:48.8617|INFO|FilterWheelChooserVM.cs|GetEquipment|167|Found 1 Networked Filter Wheel Filter Wheels
2026-03-02T18:08:50.8646|INFO|FilterWheelChooserVM.cs|GetEquipment|193|Found 0 Alpaca Filter Wheels
2026-03-02T18:08:50.8878|INFO|FilterWheelVM.cs|Disconnect|333|Disconnected Filter Wheel
2026-03-02T18:08:54.2908|INFO|FilterWheelVM.cs|ChooseFW|279|Successfully connected Filter Wheel. Id: ASCOM.EFW2.FilterWheel Name: ZWO FilterWheel DisplayName: ZWO FilterWheel (ASCOM) Driver Version: 6.0
2026-03-02T18:08:58.1459|INFO|FocuserChooserVM.cs|GetEquipment|84|Found 0 Alpaca Focusers
2026-03-02T18:08:58.1680|INFO|FocuserVM.cs|Disconnect|441|Disconnected Focuser
2026-03-02T18:08:59.3908|ERROR|AscomDevice.cs|GetProperty|546|An unexpected exception occurred during GET of Focuser.StepSize: 
ASCOM.DriverException: The method or operation is not implemented.
 ---> System.NotImplementedException: The method or operation is not implemented.
   --- End of inner exception stack trace ---
   at ASCOM.Com.DriverAccess.DynamicAccess.CheckDotNetExceptions(String memberName, Exception e) in J:\ASCOMLibrary\ASCOM.Com\ASCOM.Com.DriverAccess\BaseClass\DynamicAccess.cs:line 278
   at ASCOM.Com.DriverAccess.DynamicAccess.TryGetMember(GetMemberBinder binder, Object& result) in J:\ASCOMLibrary\ASCOM.Com\ASCOM.Com.DriverAccess\BaseClass\DynamicAccess.cs:line 150
   at CallSite.Target(Closure, CallSite, Object)
   at System.Dynamic.UpdateDelegates.UpdateAndExecute1[T0,TRet](CallSite site, T0 arg0)
   at ASCOM.Com.DriverAccess.Focuser.get_StepSize() in J:\ASCOMLibrary\ASCOM.Com\ASCOM.Com.DriverAccess\Focuser.cs:line 159
   at System.RuntimeMethodHandle.InvokeMethod(Object target, Void** arguments, Signature sig, Boolean isConstructor)
   at System.Reflection.MethodBaseInvoker.InvokeWithNoArgs(Object obj, BindingFlags invokeAttr)
2026-03-02T18:08:59.6051|INFO|AscomDevice.cs|GetProperty|485|Retrying to GET Focuser.StepSize - Attempt 2 / 3
2026-03-02T18:08:59.6065|ERROR|AscomDevice.cs|GetProperty|546|An unexpected exception occurred during GET of Focuser.StepSize: 
ASCOM.DriverException: The method or operation is not implemented.
 ---> System.NotImplementedException: The method or operation is not implemented.
   --- End of inner exception stack trace ---
   at ASCOM.Com.DriverAccess.DynamicAccess.CheckDotNetExceptions(String memberName, Exception e) in J:\ASCOMLibrary\ASCOM.Com\ASCOM.Com.DriverAccess\BaseClass\DynamicAccess.cs:line 278
   at ASCOM.Com.DriverAccess.DynamicAccess.TryGetMember(GetMemberBinder binder, Object& result) in J:\ASCOMLibrary\ASCOM.Com\ASCOM.Com.DriverAccess\BaseClass\DynamicAccess.cs:line 150
   at CallSite.Target(Closure, CallSite, Object)
   at ASCOM.Com.DriverAccess.Focuser.get_StepSize() in J:\ASCOMLibrary\ASCOM.Com\ASCOM.Com.DriverAccess\Focuser.cs:line 159
   at InvokeStub_Focuser.get_StepSize(Object, Object, IntPtr*)
   at System.Reflection.MethodBaseInvoker.InvokeWithNoArgs(Object obj, BindingFlags invokeAttr)
2026-03-02T18:08:59.8072|INFO|AscomDevice.cs|GetProperty|485|Retrying to GET Focuser.StepSize - Attempt 3 / 3
2026-03-02T18:08:59.8094|ERROR|AscomDevice.cs|GetProperty|546|An unexpected exception occurred during GET of Focuser.StepSize: 
ASCOM.DriverException: The method or operation is not implemented.
 ---> System.NotImplementedException: The method or operation is not implemented.
   --- End of inner exception stack trace ---
   at ASCOM.Com.DriverAccess.DynamicAccess.CheckDotNetExceptions(String memberName, Exception e) in J:\ASCOMLibrary\ASCOM.Com\ASCOM.Com.DriverAccess\BaseClass\DynamicAccess.cs:line 278
   at ASCOM.Com.DriverAccess.DynamicAccess.TryGetMember(GetMemberBinder binder, Object& result) in J:\ASCOMLibrary\ASCOM.Com\ASCOM.Com.DriverAccess\BaseClass\DynamicAccess.cs:line 150
   at CallSite.Target(Closure, CallSite, Object)
   at ASCOM.Com.DriverAccess.Focuser.get_StepSize() in J:\ASCOMLibrary\ASCOM.Com\ASCOM.Com.DriverAccess\Focuser.cs:line 159
   at InvokeStub_Focuser.get_StepSize(Object, Object, IntPtr*)
   at System.Reflection.MethodBaseInvoker.InvokeWithNoArgs(Object obj, BindingFlags invokeAttr)
2026-03-02T18:08:59.8105|INFO|AscomDevice.cs|GetProperty|556|GET Focuser.StepSize failed - Returning last known value 0
2026-03-02T18:09:00.0580|INFO|FocuserVM.cs|ChooseFocuser|333|Successfully connected Focuser. Id: ASCOM.EAF.Focuser Name: ZWO Focuser DisplayName: ZWO Focuser (ASCOM) Driver Version: 6.0
2026-03-02T18:09:02.0609|INFO|TelescopeChooserVM.cs|GetEquipment|69|Found 0 Alpaca Telescopes
2026-03-02T18:09:02.1390|INFO|TelescopeVM.cs|Disconnect|740|Disconnected mount
2026-03-02T18:09:04.8562|INFO|AscomTelescope.cs|CheckMountTime|845|Mount UTC Time: 2026-03-03 00:09:02Z / System UTC Time: 2026-03-03 00:09:04Z; Difference: 2.693 seconds
2026-03-02T18:09:04.8968|INFO|AscomTelescope.cs|CheckMountTime|852|System time has been synced to the mount
2026-03-02T18:09:05.1475|INFO|TelescopeVM.cs|ChooseTelescope|535|Successfully connected mount. Id: ASCOM.iOptron2017.Telescope Name: iOptron CEM120,70,40,26, GEM, HEM, HAE, HAZ series and SkyHunter Mount DisplayName: iOptron CEM120,70,40,26, GEM, HEM, HAE, HAZ series and SkyHunter Mount (ASCOM) Driver Version: 9.15
2026-03-02T18:09:05.1609|INFO|PHD2Guider.cs|Connect|205|Connecting to PHD2 server at 127.0.0.1:4400
2026-03-02T18:09:12.3901|INFO|WeatherDataChooserVM.cs|GetEquipment|69|Found 0 Alpaca Observing Conditions
2026-03-02T18:09:12.4227|INFO|WeatherDataVM.cs|Disconnect|305|Disconnected Weather Device
2026-03-02T18:09:12.8976|INFO|PHD2Client.cs|ConnectAsync|118|PHD2Client: Connected successfully!
2026-03-02T18:09:12.8977|INFO|DitherStatisticsVM.cs|OnPHD2ConnectionStatusChanged|734|PHD2 Connection Status: Connected
2026-03-02T18:09:12.8978|INFO|DitherStatisticsVM.cs|ConnectToPHD2|713|Successfully connected to PHD2!
2026-03-02T18:09:12.9001|INFO|PHD2Client.cs|ReadEventsAsync|181|PHD2Client: Started reading events
2026-03-02T18:09:12.9295|INFO|PHD2Client.cs|HandleVersion|366|PHD2Client: Connected to PHD2 version 2.6.14. (Message Protocol v1)
2026-03-02T18:09:12.9302|INFO|PHD2Client.cs|ProcessEvent|257|PHD2: CalibrationComplete
2026-03-02T18:09:12.9307|INFO|PHD2Client.cs|HandleAppState|376|PHD2Client: PHD2 AppState: Stopped
2026-03-02T18:09:13.9806|INFO|AscomDevice.cs|GetProperty|527|Property ObservingConditions.SkyQuality GET is not implemented in this driver (SkyAlert Observing Conditions)
2026-03-02T18:09:13.9878|INFO|AscomDevice.cs|GetProperty|527|Property ObservingConditions.StarFWHM GET is not implemented in this driver (SkyAlert Observing Conditions)
2026-03-02T18:09:14.0020|INFO|WeatherDataVM.cs|ChooseWeatherData|150|Successfully connected Weather Device. Id: ASCOM.SkyAlert.ObservingConditions Name: SkyAlert Observing Conditions DisplayName: SkyAlert Observing Conditions (ASCOM) Driver Version: 1.7
2026-03-02T18:09:16.0042|INFO|SafetyMonitorChooserVM.cs|GetEquipment|71|Found 0 Alpaca Safety Monitors
2026-03-02T18:09:16.0127|INFO|SafetyMonitorVM.cs|Disconnect|221|Disconnected Safety Monitor
2026-03-02T18:09:16.4530|INFO|SafetyMonitorVM.cs|Connect|175|Successfully connected Safety Monitor. Id: ASCOM.GenericFile.SafetyMonitor Name: Generic File driver DisplayName: Generic File driver (ASCOM) Driver Version: 6.4
2026-03-02T18:09:16.4533|INFO|SequenceItem.cs|Run|254|Finishing Category: Connect, Item: ConnectAllEquipment
2026-03-02T18:09:16.4539|INFO|SequenceItem.cs|Run|208|Starting Category: Telescope, Item: FindHome
2026-03-02T18:09:16.4598|INFO|PHD2Guider.cs|StopGuiding|704|Phd2 - Stop Guiding skipped, as the app is already in state Stopped
2026-03-02T18:09:16.4617|INFO|TelescopeVM.cs|FindHome|292|Mount ordered to locate home position
2026-03-02T18:09:16.4662|INFO|TelescopeVM.cs|FindHome|336|Mount ordered to home but it is already at home
2026-03-02T18:09:16.4666|INFO|TelescopeVM.cs|FindHome|348|Mount has located its home position
2026-03-02T18:09:16.4674|INFO|SequenceItem.cs|Run|254|Finishing Category: Telescope, Item: FindHome
2026-03-02T18:09:16.4676|INFO|SequenceItem.cs|Run|208|Starting Category: Ground Station, Item: Send to Telegram
2026-03-02T18:09:17.0903|INFO|SequenceItem.cs|Run|254|Finishing Category: Ground Station, Item: Send to Telegram
2026-03-02T18:09:17.0909|INFO|SequenceItem.cs|Run|208|Starting Category: Ground Station, Item: Send to Pushover, Title: Cool
2026-03-02T18:09:17.2524|INFO|SequenceItem.cs|Run|254|Finishing Category: Ground Station, Item: Send to Pushover, Title: Cool
2026-03-02T18:09:17.2534|INFO|SequenceItem.cs|Run|208|Starting Category: Camera, Item: CoolCamera, Temperature: -15, Duration: 30
2026-03-02T18:09:17.2570|INFO|CameraVM.cs|CoolCamera|138|Cooling Camera. Target: -15 Duration: 00:30:00
2026-03-02T18:41:12.1823|WARNING|DeviceUpdateTimer.cs|Run|115|Mount value update cycle took longer than the device poll interval (Total: 3.05s > 2s; Poll: 00:00:03.0488428; Update: 00:00:00.0004539)
2026-03-02T18:42:18.5709|INFO|SequenceItem.cs|Run|254|Finishing Category: Camera, Item: CoolCamera, Temperature: -15, Duration: 30
2026-03-02T18:42:18.5714|INFO|SequenceItem.cs|Run|208|Starting Category: Utility, Item: WaitForTime, Time: 19:14:5h, Offset: -15
2026-03-02T18:46:16.8374|WARNING|DeviceUpdateTimer.cs|Run|115|Mount value update cycle took longer than the device poll interval (Total: 6.01s > 2s; Poll: 00:00:06.0116118; Update: 00:00:00.0002333)
2026-03-02T18:52:06.6611|INFO|CameraVM.cs|CoolCamera|138|Cooling Camera. Target: -5 Duration: 00:30:00
2026-03-02T18:52:09.3450|ERROR|NotifyTaskCompletion.cs|WatchTaskAsync|35
System.Threading.Tasks.TaskCanceledException: A task was canceled.
   at NINA.Core.Utility.CoreUtil.Delay(TimeSpan span, CancellationToken token) in /_/NINA.Core/Utility/CoreUtil.cs:line 131
   at NINA.Core.Utility.CoreUtil.Delay(Int32 milliseconds, CancellationToken token) in /_/NINA.Core/Utility/CoreUtil.cs:line 126
   at NINA.Core.Utility.CoreUtil.Wait(TimeSpan t, Boolean progressCountDown, CancellationToken token, IProgress`1 progress, String status) in /_/NINA.Core/Utility/CoreUtil.cs:line 144
   at NINA.WPF.Base.ViewModel.Equipment.Camera.CameraVM.RegulateTemperature(Double temperature, TimeSpan duration, Boolean cooling, IProgress`1 progress, CancellationToken ct) in /_/NINA.WPF.Base/ViewModel/Equipment/Camera/CameraVM.cs:line 220
   at NINA.WPF.Base.ViewModel.Equipment.Camera.CameraVM.CoolCamera(Double temperature, TimeSpan duration, IProgress`1 progress, CancellationToken ct) in /_/NINA.WPF.Base/ViewModel/Equipment/Camera/CameraVM.cs:line 147
   at NINA.Core.Utility.NotifyTaskCompletion`1.WatchTaskAsync(Task task) in /_/NINA.Core/Utility/NotifyTaskCompletion.cs:line 33
2026-03-02T19:14:07.3785|INFO|SequenceItem.cs|Run|254|Finishing Category: Utility, Item: WaitForTime, Time: 19:14:5h, Offset: -15
2026-03-02T19:14:07.3825|INFO|SequenceItem.cs|Run|254|Finishing Category: * Instruction Set *, Container: NINA.Sequencer.Container.SequentialContainer, Strategy: SequentialStrategy, Items[FINISHED]: 10
2026-03-02T19:14:07.3828|INFO|SequenceItem.cs|Run|254|Finishing Category: * Instruction Set *, Container: NINA.Sequencer.Container.StartAreaContainer, Strategy: SequentialStrategy, Items[FINISHED]: 1
2026-03-02T19:14:07.3831|INFO|SequenceItem.cs|Run|208|Starting Category: * Instruction Set *, Container: NINA.Sequencer.Container.TargetAreaContainer, Strategy: SequentialStrategy, Items[CREATED]: 1
2026-03-02T19:14:07.3846|INFO|SequenceItem.cs|Run|208|Starting Category: * Instruction Set *, Container: NINA.Sequencer.Container.SequentialContainer, Strategy: SequentialStrategy, Items[CREATED]: 10, Conditions: Condition: TimeCondition, Time: 6:9:25h, Condition: TargetSchedulerCondition mode=While Targets Remain Tonight, , Triggers: Trigger: CenterAfterDriftTrigger, DistanceArcMinutes: 1Trigger: WhenUnsafeCategory: Ground Station, Item: Failures to TelegramCategory: Connect, Item: ReconnectOnDownloadFailureTrigger: AutofocusAfterHFRIncreaseTrigger, Amount: 5Trigger: MeridianFlipTriggerCategory: Powerups (Misc), Item: DIYTriggerCategory: Ground Station, Item: Failures to PushoverTrigger: AutofocusAfterTemperatureChangeTrigger, Amount: 1.5°
2026-03-02T19:14:07.3866|INFO|WhenCommon.cs|SequenceBlockInitialize|204|Initialize; starting watchdog
2026-03-02T19:14:37.3851|INFO|MeridianFlipTrigger.cs|ShouldTrigger|197|Meridian Flip - Telescope is at home position. Skip flip evaluation
2026-03-02T19:14:37.3870|INFO|SequenceItem.cs|Run|208|Starting Category: Utility, Item: WaitForTime, Time: 19:14:5h, Offset: -15
2026-03-02T19:14:37.3879|INFO|SequenceItem.cs|Run|254|Finishing Category: Utility, Item: WaitForTime, Time: 19:14:5h, Offset: -15
2026-03-02T19:14:37.4221|INFO|MeridianFlipTrigger.cs|ShouldTrigger|197|Meridian Flip - Telescope is at home position. Skip flip evaluation
2026-03-02T19:14:37.4225|INFO|SequenceItem.cs|Run|208|Starting Category: Ground Station, Item: Send to Telegram
2026-03-02T19:14:38.1877|INFO|SequenceItem.cs|Run|254|Finishing Category: Ground Station, Item: Send to Telegram
2026-03-02T19:14:38.2229|INFO|MeridianFlipTrigger.cs|ShouldTrigger|197|Meridian Flip - Telescope is at home position. Skip flip evaluation
2026-03-02T19:14:38.2233|INFO|SequenceItem.cs|Run|208|Starting Category: Ground Station, Item: Send to Pushover, Title: Focusing
2026-03-02T19:14:38.4195|INFO|SequenceItem.cs|Run|254|Finishing Category: Ground Station, Item: Send to Pushover, Title: Focusing
2026-03-02T19:14:38.4201|INFO|MeridianFlipTrigger.cs|ShouldTrigger|197|Meridian Flip - Telescope is at home position. Skip flip evaluation
2026-03-02T19:14:38.4448|INFO|SequenceItem.cs|Run|208|Starting Category: Telescope, Item: SlewScopeToRaDec, Coordinates: RA: 00:00:00; Dec: 85° 00' 00"; Epoch: J2000
2026-03-02T19:14:38.4705|INFO|PHD2Guider.cs|StopGuiding|704|Phd2 - Stop Guiding skipped, as the app is already in state Stopped
2026-03-02T19:14:38.4778|INFO|TelescopeVM.cs|SlewAsyncInternal|910|Slewing from RA: 10:47:17; Dec: 90° 00' 00"; Epoch: JNOW to RA: 00:01:01; Dec: 85° 08' 53"; Epoch: JNOW - Alt: 32° 16' 36"; Az: 354° 20' 55"
2026-03-02T19:14:41.5046|ERROR|AscomDevice.cs|SetProperty|628|An unexpected exception occurred during SET of Telescope.Tracking: Tracking failed.
2026-03-02T19:14:44.5739|ERROR|AscomTelescope.cs|SlewToCoordinates|579
ASCOM.InvalidOperationException: SlewToTargetAsync failed.
 ---> System.Runtime.InteropServices.COMException (0x8004040B): SlewToTargetAsync failed.
   --- End of inner exception stack trace ---
   at ASCOM.Common.ClientExtensions.CheckOutcome(Task processTask, ILogger logger, String callingMethodName, CancellationToken cancellationToken) in J:\ASCOMLibrary\ASCOM.Common\ClientExtensions.cs:line 1155
   at ASCOM.Common.ClientExtensions.SlewToCoordinatesTaskAsync(ITelescopeV3 device, Double rightAscension, Double declination, CancellationToken cancellationToken, Int32 pollInterval, ILogger logger) in J:\ASCOMLibrary\ASCOM.Common\ClientExtensions.cs:line 947
   at NINA.Equipment.Equipment.MyTelescope.AscomTelescope.SlewToCoordinates(Coordinates coordinates, CancellationToken token) in /_/NINA.Equipment/Equipment/MyTelescope/AscomTelescope.cs:line 565
2026-03-02T19:24:38.4862|ERROR|TelescopeVM.cs|SlewAsyncInternal|943|Mount slew timed out after 10 Minutes
2026-03-02T19:24:38.4865|INFO|SequenceItem.cs|Run|254|Finishing Category: Telescope, Item: SlewScopeToRaDec, Coordinates: RA: 00:00:00; Dec: 85° 00' 00"; Epoch: J2000
2026-03-02T19:24:38.4869|INFO|MeridianFlipTrigger.cs|ShouldTrigger|197|Meridian Flip - Telescope is at home position. Skip flip evaluation
2026-03-02T19:24:38.4877|INFO|SequenceItem.cs|Run|208|Starting Category: Filter Wheel, Item: SwitchFilter, Filter: L
2026-03-02T19:24:38.4956|INFO|FilterWheelVM.cs|ChangeFilter|112|Moving to Filter L at Position 0
2026-03-02T19:24:38.7353|INFO|FocuserVM.cs|MoveFocuserInternal|216|Moving Focuser to position 387236
2026-03-02T19:24:48.1350|INFO|SequenceItem.cs|Run|254|Finishing Category: Filter Wheel, Item: SwitchFilter, Filter: L
2026-03-02T19:24:48.1393|INFO|MeridianFlipTrigger.cs|ShouldTrigger|197|Meridian Flip - Telescope is at home position. Skip flip evaluation
2026-03-02T19:24:48.1405|INFO|SequenceItem.cs|Run|208|Starting Category: Focuser, Item: RunAutofocus
2026-03-02T19:24:48.3186|INFO|FocuserMediator.cs|BroadcastAutoFocusRunStarting|92|Autofocus starting notification received
2026-03-02T19:24:48.3225|INFO|PHD2Guider.cs|StopGuiding|704|Phd2 - Stop Guiding skipped, as the app is already in state Stopped
2026-03-02T19:24:48.4268|INFO|AutoFocusEngine.cs|RunAutoFocus|928|Starting AutoFocus with initial position 387236
2026-03-02T19:24:48.4705|INFO|CameraVM.cs|Capture|742|Starting Exposure - Exposure Time: 3s; Filter: L; Gain: 270; Offset 50; Binning: 1x1;
2026-03-02T19:24:53.1572|INFO|AutoFocusEngine.cs|StartBlindFocusPoints|769|Waiting on initial HFR analysis
2026-03-02T19:24:53.1606|INFO|FocuserVM.cs|MoveFocuserInternal|216|Moving Focuser to position 387372
2026-03-02T19:24:55.5245|INFO|HocusFocusStarDetection.cs|Detect|410|Average HFR: 3.019801749912495, HFR MAD: 0.2578250687559547, Detected Stars 102, Region: 0
2026-03-02T19:24:58.1396|INFO|CameraVM.cs|Capture|742|Starting Exposure - Exposure Time: 3s; Filter: L; Gain: 270; Offset 50; Binning: 1x1;
2026-03-02T19:25:02.7615|INFO|FocuserVM.cs|MoveFocuserInternal|216|Moving Focuser to position 387338
2026-03-02T19:25:04.6361|INFO|HocusFocusStarDetection.cs|Detect|410|Average HFR: 2.927896897394278, HFR MAD: 0.6955358489194698, Detected Stars 81, Region: 0
2026-03-02T19:25:10.1593|INFO|CameraVM.cs|Capture|742|Starting Exposure - Exposure Time: 3s; Filter: L; Gain: 270; Offset 50; Binning: 1x1;
2026-03-02T19:25:14.8254|INFO|FocuserVM.cs|MoveFocuserInternal|216|Moving Focuser to position 387304
2026-03-02T19:25:16.6824|INFO|HocusFocusStarDetection.cs|Detect|410|Average HFR: 2.223326689620901, HFR MAD: 0.30084120193152364, Detected Stars 102, Region: 0
2026-03-02T19:25:22.1377|INFO|CameraVM.cs|Capture|742|Starting Exposure - Exposure Time: 3s; Filter: L; Gain: 270; Offset 50; Binning: 1x1;
2026-03-02T19:25:26.8739|INFO|FocuserVM.cs|MoveFocuserInternal|216|Moving Focuser to position 387270
2026-03-02T19:25:28.7190|INFO|HocusFocusStarDetection.cs|Detect|410|Average HFR: 1.7172689346797256, HFR MAD: 0.09850191057373792, Detected Stars 99, Region: 0
2026-03-02T19:25:36.1287|INFO|CameraVM.cs|Capture|742|Starting Exposure - Exposure Time: 3s; Filter: L; Gain: 270; Offset 50; Binning: 1x1;
2026-03-02T19:25:40.7573|INFO|AutoFocusEngine.cs|StartBlindFocusPoints|797|Waiting on initial focuser move analyses
2026-03-02T19:25:42.2428|INFO|HocusFocusStarDetection.cs|Detect|410|Average HFR: 1.8995427423571187, HFR MAD: 0.15255019972673844, Detected Stars 123, Region: 0
2026-03-02T19:25:42.3717|INFO|FocuserVM.cs|MoveFocuserInternal|216|Moving Focuser to position 387236
2026-03-02T19:25:52.1040|INFO|CameraVM.cs|Capture|742|Starting Exposure - Exposure Time: 3s; Filter: L; Gain: 270; Offset 50; Binning: 1x1;
2026-03-02T19:25:56.7295|INFO|AutoFocusEngine.cs|StartBlindFocusPoints|870|Waiting on next left movement analysis
2026-03-02T19:25:58.2028|INFO|HocusFocusStarDetection.cs|Detect|410|Average HFR: 2.962775153741947, HFR MAD: 0.25758111461565925, Detected Stars 108, Region: 0
2026-03-02T19:25:58.3075|INFO|FocuserVM.cs|MoveFocuserInternal|216|Moving Focuser to position 387202
2026-03-02T19:26:08.1110|INFO|CameraVM.cs|Capture|742|Starting Exposure - Exposure Time: 3s; Filter: L; Gain: 270; Offset 50; Binning: 1x1;
2026-03-02T19:26:12.7311|INFO|AutoFocusEngine.cs|StartBlindFocusPoints|870|Waiting on next left movement analysis
2026-03-02T19:26:14.1878|INFO|HocusFocusStarDetection.cs|Detect|410|Average HFR: 4.20754636395992, HFR MAD: 0.2944556789609427, Detected Stars 78, Region: 0
2026-03-02T19:26:14.2274|INFO|FocuserVM.cs|MoveFocuserInternal|216|Moving Focuser to position 387168
2026-03-02T19:26:24.1221|INFO|CameraVM.cs|Capture|742|Starting Exposure - Exposure Time: 3s; Filter: L; Gain: 270; Offset 50; Binning: 1x1;
2026-03-02T19:26:28.7445|INFO|AutoFocusEngine.cs|StartBlindFocusPoints|870|Waiting on next left movement analysis
2026-03-02T19:26:30.2193|INFO|HocusFocusStarDetection.cs|Detect|410|Average HFR: 5.981201073111609, HFR MAD: 0.21844011331137025, Detected Stars 41, Region: 0
2026-03-02T19:26:30.2644|INFO|AutoFocusEngine.cs|StartBlindFocusPoints|823|Enough left trend points (4) with an established minimum (387304) to queue remaining right focus points up to 387440
2026-03-02T19:26:30.2660|INFO|FocuserVM.cs|MoveFocuserInternal|216|Moving Focuser to position 387406
2026-03-02T19:26:36.1354|INFO|CameraVM.cs|Capture|742|Starting Exposure - Exposure Time: 3s; Filter: L; Gain: 270; Offset 50; Binning: 1x1;
2026-03-02T19:26:40.8654|INFO|FocuserVM.cs|MoveFocuserInternal|216|Moving Focuser to position 387440
2026-03-02T19:26:42.3368|INFO|HocusFocusStarDetection.cs|Detect|410|Average HFR: 3.7688911694951543, HFR MAD: 0.861044620650127, Detected Stars 53, Region: 0
2026-03-02T19:26:44.1029|INFO|CameraVM.cs|Capture|742|Starting Exposure - Exposure Time: 3s; Filter: L; Gain: 270; Offset 50; Binning: 1x1;
2026-03-02T19:26:48.7321|INFO|AutoFocusEngine.cs|StartBlindFocusPoints|896|Waiting on remaining AutoFocus analysis tasks
2026-03-02T19:26:50.2065|INFO|HocusFocusStarDetection.cs|Detect|410|Average HFR: 4.883304582952993, HFR MAD: 1.4816441416881307, Detected Stars 35, Region: 0
2026-03-02T19:26:50.2474|INFO|FocuserVM.cs|MoveFocuserInternal|216|Moving Focuser to position 387293
2026-03-02T19:27:00.1029|INFO|AutoFocusEngine.cs|ValidateCalculatedFocusPosition|1140|Validating HFR at final focus position 387293
2026-03-02T19:27:00.1090|INFO|CameraVM.cs|Capture|742|Starting Exposure - Exposure Time: 3s; Filter: L; Gain: 270; Offset 50; Binning: 1x1;
2026-03-02T19:27:06.2335|INFO|HocusFocusStarDetection.cs|Detect|410|Average HFR: 1.7181574768959842, HFR MAD: 0.09345418605791789, Detected Stars 97, Region: 0
2026-03-02T19:27:06.2394|INFO|HocusFocusVM.cs|AutoFocusEngine_Completed|473|AutoFocus completed with focuser starting at 387236 and ending at 387293
2026-03-02T19:27:06.3227|INFO|FocuserMediator.cs|BroadcastSuccessfulAutoFocusRun|46|Autofocus notification received - Temperature 29.25
2026-03-02T19:27:06.3521|INFO|SequenceItem.cs|Run|254|Finishing Category: Focuser, Item: RunAutofocus
2026-03-02T19:27:06.3526|INFO|MeridianFlipTrigger.cs|ShouldTrigger|197|Meridian Flip - Telescope is at home position. Skip flip evaluation
2026-03-02T19:27:06.3526|INFO|SequenceItem.cs|Run|208|Starting Category: Utility, Item: WaitForTime, Time: 19:29:5h, Offset: 0
2026-03-02T19:29:05.1870|INFO|SequenceItem.cs|Run|254|Finishing Category: Utility, Item: WaitForTime, Time: 19:29:5h, Offset: 0
2026-03-02T19:29:05.1878|INFO|MeridianFlipTrigger.cs|ShouldTrigger|197|Meridian Flip - Telescope is at home position. Skip flip evaluation
2026-03-02T19:29:05.1880|INFO|SequenceItem.cs|Run|208|Starting Category: Ground Station, Item: Send to Telegram
2026-03-02T19:29:05.8480|INFO|SequenceItem.cs|Run|254|Finishing Category: Ground Station, Item: Send to Telegram
2026-03-02T19:29:05.8487|INFO|MeridianFlipTrigger.cs|ShouldTrigger|197|Meridian Flip - Telescope is at home position. Skip flip evaluation
2026-03-02T19:29:05.8488|INFO|SequenceItem.cs|Run|208|Starting Category: Ground Station, Item: Send to Pushover, Title: Focus Done
2026-03-02T19:29:06.0288|INFO|SequenceItem.cs|Run|254|Finishing Category: Ground Station, Item: Send to Pushover, Title: Focus Done
2026-03-02T19:29:06.0295|INFO|MeridianFlipTrigger.cs|ShouldTrigger|197|Meridian Flip - Telescope is at home position. Skip flip evaluation
2026-03-02T19:29:06.0721|INFO|SequenceItem.cs|Run|208|Starting Category: Target Scheduler, Container: NINA.Plugin.TargetScheduler.Sequencer.TargetSchedulerContainer, Strategy: SequentialStrategy, Target:  RA: 00:00:00; Dec: 00° 00' 00"; Epoch: J2000 0
2026-03-02T19:29:06.2774|INFO|Symbol.cs|OnMessageReceived|630|Received message from Target Scheduler re: TargetScheduler-NewTargetStart
2026-03-02T19:29:06.2778|INFO|Symbol.cs|OnMessageReceived|638|TS_TargetName = SH2-308 Panel 1 - NB
2026-03-02T19:29:06.2780|INFO|Symbol.cs|OnMessageReceived|639|Expires at 03/02/2026 20:51:30 -06:00
2026-03-02T19:29:06.3128|INFO|Symbol.cs|OnMessageReceived|630|Received message from Target Scheduler re: TargetScheduler-TargetStart
2026-03-02T19:29:06.3129|INFO|Symbol.cs|OnMessageReceived|638|TS_TargetName = SH2-308 Panel 1 - NB
2026-03-02T19:29:06.3129|INFO|Symbol.cs|OnMessageReceived|639|Expires at 03/02/2026 20:51:30 -06:00
2026-03-02T19:29:06.3156|INFO|MeridianFlipTrigger.cs|ShouldTrigger|197|Meridian Flip - Telescope is at home position. Skip flip evaluation
2026-03-02T19:29:06.3160|INFO|SequenceItem.cs|Run|208|Starting NINA.Plugin.TargetScheduler.Sequencer.PlanSchedulerProgress
2026-03-02T19:29:06.3439|INFO|SequenceItem.cs|Run|254|Finishing NINA.Plugin.TargetScheduler.Sequencer.PlanSchedulerProgress
2026-03-02T19:29:06.3671|INFO|MeridianFlipTrigger.cs|ShouldTrigger|197|Meridian Flip - Telescope is at home position. Skip flip evaluation
2026-03-02T19:29:06.3677|INFO|SequenceItem.cs|Run|208|Starting Category: Scheduler, Item: Center, Coordinates RA: 06:57:40; Dec: -25° 23' 31"; Epoch: J2000
2026-03-02T19:29:06.5152|INFO|PHD2Guider.cs|StopGuiding|704|Phd2 - Stop Guiding skipped, as the app is already in state Stopped
2026-03-02T19:29:06.5217|INFO|TelescopeVM.cs|SlewAsyncInternal|910|Slewing from RA: 10:47:17; Dec: 90° 00' 00"; Epoch: JNOW to RA: 06:58:46; Dec: -25° 25' 49"; Epoch: JNOW - Alt: 29° 36' 40"; Az: 158° 12' 00"
2026-03-02T19:29:09.5486|ERROR|AscomTelescope.cs|SlewToCoordinates|579
ASCOM.InvalidOperationException: SlewToTargetAsync failed.
 ---> System.Runtime.InteropServices.COMException (0x8004040B): SlewToTargetAsync failed.
   --- End of inner exception stack trace ---
   at ASCOM.Common.ClientExtensions.CheckOutcome(Task processTask, ILogger logger, String callingMethodName, CancellationToken cancellationToken) in J:\ASCOMLibrary\ASCOM.Common\ClientExtensions.cs:line 1155
   at ASCOM.Common.ClientExtensions.SlewToCoordinatesTaskAsync(ITelescopeV3 device, Double rightAscension, Double declination, CancellationToken cancellationToken, Int32 pollInterval, ILogger logger) in J:\ASCOMLibrary\ASCOM.Common\ClientExtensions.cs:line 947
   at NINA.Equipment.Equipment.MyTelescope.AscomTelescope.SlewToCoordinates(Coordinates coordinates, CancellationToken token) in /_/NINA.Equipment/Equipment/MyTelescope/AscomTelescope.cs:line 565
2026-03-02T19:37:41.4442|INFO|CameraVM.cs|CoolCamera|138|Cooling Camera. Target: -5 Duration: 00:30:00
2026-03-02T19:38:54.3740|INFO|ApplicationVM.cs|Exit|244|Shutting down application - requested by user
2026-03-02T19:38:54.4349|INFO|ApplicationVM.cs|Closing|289|Application shutting down
2026-03-02T19:38:54.4773|INFO|DomeVM.cs|Disconnect|355|Disconnected Dome Device
2026-03-02T19:38:54.4827|INFO|FlatDeviceVM.cs|Disconnect|289|Disconnected Flat Device
2026-03-02T19:38:54.6200|ERROR|ASICamera.cs|SetControlValue|572|Error occurred during set of ASI Control Value ASI_TARGET_TEMP:
ZWOptical.ASISDK.ASICameraException: Error 'ASI_ERROR_CAMERA_CLOSED' from call to 
ASIGetNumOfControls(cameraId=0)
   at ZWOptical.ASISDK.ASICameraDll.CheckReturn(ASI_ERROR_CODE errorCode, MethodBase callingMethod, Object[] parameters) in /_/NINA.Equipment/SDK/CameraSDKs/ASISDK/ASICameraDll.cs:line 333
   at ZWOptical.ASISDK.ASICameraDll.GetNumOfControls(Int32 cameraId) in /_/NINA.Equipment/SDK/CameraSDKs/ASISDK/ASICameraDll.cs:line 362
   at NINA.Equipment.Equipment.MyCamera.ASICamera.get_Controls() in /_/NINA.Equipment/Equipment/MyCamera/ASICamera.cs:line 80
   at NINA.Equipment.Equipment.MyCamera.ASICamera.GetControl(ASI_CONTROL_TYPE controlType) in /_/NINA.Equipment/Equipment/MyCamera/ASICamera.cs:line 488
   at NINA.Equipment.Equipment.MyCamera.ASICamera.SetControlValue(ASI_CONTROL_TYPE type, Int32 value) in /_/NINA.Equipment/Equipment/MyCamera/ASICamera.cs:line 563
2026-03-02T19:38:54.6456|INFO|CameraVM.cs|Disconnect|650|Disconnected Camera
2026-03-02T19:39:06.5336|ERROR|TelescopeVM.cs|SlewAsyncInternal|943|Mount slew timed out after 10 Minutes
2026-03-02T19:39:06.5809|ERROR|ImagingVM.cs|CaptureImage|265
NINA.Equipment.Exceptions.CameraConnectionLostException: Exception of type 'NINA.Equipment.Exceptions.CameraConnectionLostException' was thrown.
   at NINA.ViewModel.ImagingVM.<>c__DisplayClass38_0.<<CaptureImage>b__0>d.MoveNext() in /_/NINA/ViewModel/ImagingVM.cs:line 216
2026-03-02T19:39:06.5839|INFO|CenteringSolver.cs|Center|165|Restoring filter to L after centering
2026-03-02T19:39:06.5846|ERROR|SequenceItem.cs|Run|263|Category: Scheduler, Item: Center, Coordinates RA: 06:57:40; Dec: -25° 23' 31"; Epoch: J2000 - 
NINA.Equipment.Exceptions.CameraConnectionLostException: Exception of type 'NINA.Equipment.Exceptions.CameraConnectionLostException' was thrown.
   at NINA.ViewModel.ImagingVM.<>c__DisplayClass38_0.<<CaptureImage>b__0>d.MoveNext() in /_/NINA/ViewModel/ImagingVM.cs:line 216
--- End of stack trace from previous location ---
   at NINA.ViewModel.ImagingVM.CaptureAndPrepareImage(CaptureSequence sequence, PrepareImageParameters parameters, CancellationToken token, IProgress`1 progress) in /_/NINA/ViewModel/ImagingVM.cs:line 300
   at NINA.PlateSolving.CaptureSolver.Solve(CaptureSequence seq, CaptureSolverParameter parameter, IProgress`1 solveProgress, IProgress`1 progress, CancellationToken ct) in /_/NINA.Platesolving/CaptureSolver.cs:line 54
   at NINA.PlateSolving.CenteringSolver.Center(CaptureSequence seq, CenterSolveParameter parameter, IProgress`1 solveProgress, IProgress`1 progress, CancellationToken ct) in /_/NINA.Platesolving/CenteringSolver.cs:line 82
   at NINA.PlateSolving.CenteringSolver.Center(CaptureSequence seq, CenterSolveParameter parameter, IProgress`1 solveProgress, IProgress`1 progress, CancellationToken ct) in /_/NINA.Platesolving/CenteringSolver.cs:line 172
   at NINA.Sequencer.SequenceItem.Platesolving.Center.DoCenter(IProgress`1 progress, CancellationToken token) in /_/NINA.Sequencer/SequenceItem/Platesolving/Center.cs:line 182
   at NINA.Sequencer.SequenceItem.Platesolving.Center.Execute(IProgress`1 progress, CancellationToken token) in /_/NINA.Sequencer/SequenceItem/Platesolving/Center.cs:line 191
   at NINA.Sequencer.SequenceItem.SequenceItem.Run(IProgress`1 progress, CancellationToken token) in /_/NINA.Sequencer/SequenceItem/SequenceItem.cs:line 249
2026-03-02T19:39:06.6358|ERROR|SequenceItem.cs|RunErrorBehavior|195|Instruction Center failed after 1 attempt. Error behavior is set to ContinueOnError. Continuing.
2026-03-02T19:39:06.6366|INFO|MeridianFlipTrigger.cs|ShouldTrigger|197|Meridian Flip - Telescope is at home position. Skip flip evaluation
2026-03-02T19:39:06.6367|INFO|SequenceItem.cs|Run|208|Starting NINA.Plugin.TargetScheduler.Sequencer.PlanSchedulerProgress
2026-03-02T19:39:06.6400|INFO|FailuresToTelegramTrigger.cs|WorkerFn|178|Failures to Telegram: Sending Center failed after 1 attempts!

Reasons: Exception of type 'NINA.Equipment.Exceptions.CameraConnectionLostException' was thrown.

2026-03-02T19:39:06.6400|INFO|FailuresToTelegramTrigger.cs|WorkerFn|178|Failures to Telegram: Sending Center failed after 1 attempts!

Reasons: Exception of type 'NINA.Equipment.Exceptions.CameraConnectionLostException' was thrown.

2026-03-02T19:39:06.6403|INFO|FailuresToPushoverTrigger.cs|WorkerFn|186|Failures to Pushover: Sending Failure running Center
