----------------------------------------------------------------------
--------------N.I.N.A. - Nighttime Imaging 'N' Astronomy--------------
--------------------------Version 3.2.0.9001--------------------------
-------------------------2026-02-07T18:10:11--------------------------
----------------------------------------------------------------------
---------------------Microsoft Windows 10.0.19045---------------------
-------------------------OS Architecture X64--------------------------
-----------------------Process Architecture X64-----------------------
-----------------------------.NET 8.0.21------------------------------
----------------------------------------------------------------------
--------------------------Processor Count 4---------------------------
--------------------Total Physical Memory 7.84 GB---------------------
----------------------------------------------------------------------
DATE|LEVEL|SOURCE|MEMBER|LINE|MESSAGE
2026-02-07T18:10:11.4829|INFO|App.xaml.cs|OnStartup|170|Launched with command line arguments: --sequencefile C:\Users\nicka\Astro\NINA\NINA_Sequences\TargetScheduler.json --runsequence
2026-02-07T18:10:14.3936|INFO|CameraChooserVM.cs|GetEquipment|69|Found 2 ASI Cameras
2026-02-07T18:10:14.7694|INFO|CameraChooserVM.cs|GetEquipment|84|Found 0 Altair Cameras
2026-02-07T18:10:15.0252|INFO|CameraChooserVM.cs|GetEquipment|96|Found 0 Atik Cameras
2026-02-07T18:10:15.1252|INFO|CameraChooserVM.cs|GetEquipment|110|Found 0 FLI Cameras
2026-02-07T18:10:16.3967|INFO|CameraChooserVM.cs|GetEquipment|130|Found 0 QHYCCD Cameras
2026-02-07T18:10:17.1510|INFO|CameraChooserVM.cs|GetEquipment|158|Found 0 ToupTek Cameras
2026-02-07T18:10:17.2990|INFO|CameraChooserVM.cs|GetEquipment|173|Found 0 Ogma Cameras
2026-02-07T18:10:17.4721|INFO|CameraChooserVM.cs|GetEquipment|188|Found 0 Omegon Cameras
2026-02-07T18:10:18.0474|INFO|CameraChooserVM.cs|GetEquipment|203|Found 0 RisingCam Cameras
2026-02-07T18:10:18.2160|INFO|CameraChooserVM.cs|GetEquipment|218|Found 0 MallinCam Cameras
2026-02-07T18:10:18.3698|INFO|CameraChooserVM.cs|GetEquipment|243|Found 0 SVBony Cameras
2026-02-07T18:10:18.3731|INFO|CameraChooserVM.cs|GetEquipment|259|Found 0 SBIG Cameras
2026-02-07T18:10:22.2113|INFO|API.cs|Start|99|Starting Webserver
2026-02-07T18:10:22.2126|INFO|API.cs|APITask|134|starting web server, listening at 172.19.6.111:1888
2026-02-07T18:10:22.3911|INFO|NINALogWatcher.cs|Start|33|watching log file: C:\Users\nicka\AppData\Local\NINA\Logs\20260207-181010-3.2.0.9001.1676-202602.log
2026-02-07T18:10:22.4071|INFO|PluginLoader.cs|LoadPlugin|402|Successfully loaded plugin Advanced API version 2.2.14.2 by Christian Palm
2026-02-07T18:10:22.5611|INFO|PluginLoader.cs|LoadPlugin|402|Successfully loaded plugin Autofocus Report Analysis version 2.0.0.9 by Stefan Berg @isbeorn
2026-02-07T18:10:22.7559|INFO|PluginLoader.cs|LoadPlugin|402|Successfully loaded plugin Connector version 2.1.0.2 by Stefan Berg @isbeorn
2026-02-07T18:10:22.9290|INFO|PluginLoader.cs|LoadPlugin|402|Successfully loaded plugin Device Actions and Commands version 2.2.0.0 by Dale Ghent
2026-02-07T18:10:23.5385|INFO|PluginLoader.cs|LoadPlugin|402|Successfully loaded plugin Discord Alert version 2.2.0.0 by Drew McDermott
2026-02-07T18:10:24.9419|INFO|PluginLoader.cs|LoadPlugin|402|Successfully loaded plugin Discord Notification version 2.0.0.10 by Daniel Ludwig
2026-02-07T18:10:25.8791|INFO|DitherStatisticsVM.cs|CreatePluginIcon|1365|Plugin icon geometry created successfully
2026-02-07T18:10:25.9082|INFO|DitherStatisticsVM.cs|LoadDataTemplates|1334|DitherStatistics DataTemplates loaded successfully
2026-02-07T18:10:25.9120|INFO|DitherStatisticsVM.cs|SaveQualityAssessmentSetting|383|Quality Assessment setting saved to file: True
2026-02-07T18:10:25.9122|INFO|DitherStatisticsVM.cs|LoadQualityAssessmentSetting|360|Quality Assessment setting loaded from file: True
2026-02-07T18:10:25.9128|INFO|DitherStatisticsVM.cs|SubscribeToGuiderEvents|716|Subscribed to NINA guider events
2026-02-07T18:10:25.9151|INFO|DitherStatisticsVM.cs|StartThemeColorMonitoring|1211|Initial PrimaryBrush color: R:176 G:179 B:185
2026-02-07T18:10:25.9154|INFO|DitherStatisticsVM.cs|.ctor|92|DitherStatisticsVM initialized successfully with ScottPlot 4.1 (Lazy Loading)!
2026-02-07T18:10:25.9158|INFO|PluginLoader.cs|LoadPlugin|402|Successfully loaded plugin Dither Statistics version 1.2.0.4 by Thierry Tschanz
2026-02-07T18:10:26.0845|INFO|PluginLoader.cs|LoadPlugin|402|Successfully loaded plugin Filter Offset Calculator version 2.0.0.0 by S. Dimant & Stefan Berg
2026-02-07T18:10:26.3039|INFO|PluginLoader.cs|LoadPlugin|402|Successfully loaded plugin Flexure Correction version 0.8.0.0 by Francesco Meschia
2026-02-07T18:10:27.9205|INFO|DitherStatisticsVM.cs|ConnectToPHD2|590|Attempting to connect to PHD2...
2026-02-07T18:10:27.9224|INFO|PHD2Client.cs|ConnectAsync|48|PHD2Client: Connecting to PHD2 at 127.0.0.1:4400...
2026-02-07T18:10:28.8589|INFO|PluginLoader.cs|LoadPlugin|402|Successfully loaded plugin Ground Station version 3.0.0.117 by Dale Ghent
2026-02-07T18:10:29.9488|ERROR|PHD2Client.cs|ConnectAsync|69|PHD2Client: Connection failed: No connection could be made because the target machine actively refused it.
2026-02-07T18:10:29.9492|INFO|DitherStatisticsVM.cs|OnPHD2ConnectionStatusChanged|619|PHD2 Connection Status: Connection failed: No connection could be made because the target machine actively refused it.
2026-02-07T18:10:39.9273|INFO|PluginLoader.cs|LoadPlugin|402|Successfully loaded plugin Hocus Focus version 3.0.0.24 by George Hilios (jokogeo)
2026-02-07T18:10:40.8110|INFO|PluginLoader.cs|LoadPlugin|402|Successfully loaded plugin Horizon Creator version 1.1.2.1 by Christian Palm
2026-02-07T18:10:41.0197|INFO|PluginLoader.cs|LoadPlugin|402|Successfully loaded plugin Lightbucket version 2.2.4.0 by Lightbucket
2026-02-07T18:10:41.7880|INFO|PluginLoader.cs|LoadPlugin|402|Successfully loaded plugin Livestack version 1.0.1.7 by Stefan Berg @isbeorn
2026-02-07T18:10:41.9907|INFO|PluginLoader.cs|LoadPlugin|402|Successfully loaded plugin Log Viewer version 1.0.0.2 by Alexander Wrede @astro_alex80
2026-02-07T18:10:42.1748|INFO|PluginLoader.cs|LoadPlugin|402|Successfully loaded plugin Moon Angle version 2.2.0.0 by Dale Ghent
2026-02-07T18:10:42.4732|INFO|PluginLoader.cs|LoadPlugin|402|Successfully loaded plugin Phd2 Tools version 1.0.6.0 by Stefan Berg @isbeorn
2026-02-07T18:10:42.7907|INFO|PluginLoader.cs|LoadPlugin|402|Successfully loaded plugin PixInsight Tools version 1.0.0.3 by Stefan Berg
2026-02-07T18:10:43.5479|INFO|PluginLoader.cs|LoadPlugin|402|Successfully loaded plugin Point3D version 0.2.3.0 by Drew McDermott
2026-02-07T18:10:43.8408|INFO|PluginLoader.cs|LoadPlugin|402|Successfully loaded plugin Scope Control version 2.0.2.1 by Stefan Berg @isbeorn
2026-02-07T18:10:45.8099|WARNING|When.cs|GetRunningItem|143|Can't get running items: SequencerNavigation not initialized yet!
2026-02-07T18:10:46.0939|INFO|PluginLoader.cs|LoadPlugin|402|Successfully loaded plugin Sequencer Powerups version 3.29.0.3 by Marc Blank
2026-02-07T18:10:46.8320|INFO|PluginLoader.cs|LoadPlugin|402|Successfully loaded plugin Session Metadata version 2.6.3.0 by Tom Palmer @tcpalmer
2026-02-07T18:10:46.9673|INFO|PluginLoader.cs|LoadPlugin|402|Successfully loaded plugin Shutdown PC version 2.2.0.0 by Dale Ghent
2026-02-07T18:10:47.2118|INFO|PluginLoader.cs|LoadPlugin|402|Successfully loaded plugin SkyFlats version 1.0.0.4 by Gerald Hitz (@photon)
2026-02-07T18:10:47.5938|INFO|PluginLoader.cs|LoadPlugin|402|Successfully loaded plugin Smart Filters version 1.0.0.3 by Benoit SAINTOT
2026-02-07T18:10:48.1398|INFO|PluginLoader.cs|LoadPlugin|402|Successfully loaded plugin Target Planning version 3.2.1.0 by Tom Palmer @tcpalmer
2026-02-07T18:10:50.8478|WARNING|When.cs|GetRunningItem|143|Can't get running items: SequencerNavigation not initialized yet!
2026-02-07T18:10:51.6609|INFO|PluginLoader.cs|LoadPlugin|402|Successfully loaded plugin Target Scheduler version 5.8.3.2 by Tom Palmer @tcpalmer
2026-02-07T18:10:52.0677|INFO|PluginLoader.cs|LoadPlugin|402|Successfully loaded plugin Three Point Polar Alignment version 2.2.4.3 by Stefan Berg @isbeorn
2026-02-07T18:10:53.5263|INFO|SessionHistoryManager.cs|PurgeHistoryOlderThan|102|purging web session history older than 10 days
2026-02-07T18:10:53.6153|INFO|PluginLoader.cs|LoadPlugin|402|Successfully loaded plugin Web Session History Viewer version 2.2.1.0 by Tom Palmer @tcpalmer
2026-02-07T18:10:53.9868|INFO|PluginFetcher.cs|RequestAll|43|Fetching plugin manifests from https://nighttime-imaging.eu/wp-json/nina/v1/plugins/manifests
2026-02-07T18:10:54.9422|INFO|RotatorChooserVM.cs|GetEquipment|45|Found 1 Networked Rotator Rotators
2026-02-07T18:10:55.3181|INFO|FilterWheelChooserVM.cs|GetEquipment|167|Found 1 Networked Filter Wheel Filter Wheels
2026-02-07T18:10:55.9408|WARNING|When.cs|GetRunningItem|143|Can't get running items: SequencerNavigation not initialized yet!
2026-02-07T18:10:56.0713|INFO|CameraChooserVM.cs|GetEquipment|279|Found 0 SVBony Cameras
2026-02-07T18:10:56.1905|INFO|CameraChooserVM.cs|GetEquipment|279|Found 0 PlayerOne Cameras
2026-02-07T18:10:56.2920|INFO|CameraChooserVM.cs|GetEquipment|279|Found 0 ASTPAN Cameras
2026-02-07T18:10:56.2945|INFO|CameraChooserVM.cs|GetEquipment|293|Found 4 ASCOM Cameras
2026-02-07T18:10:57.0777|INFO|DomeChooserVM.cs|GetEquipment|67|Found 0 Alpaca Domes
2026-02-07T18:10:57.0778|INFO|RotatorChooserVM.cs|GetEquipment|68|Found 0 Alpaca Rotators
2026-02-07T18:10:57.2803|INFO|PluginFetcher.cs|RequestAll|57|Found 72 valid plugins at https://nighttime-imaging.eu/wp-json/nina/v1/plugins/manifests
2026-02-07T18:10:57.3299|INFO|FilterWheelChooserVM.cs|GetEquipment|193|Found 0 Alpaca Filter Wheels
2026-02-07T18:10:57.3299|INFO|FlatDeviceChooserVM.cs|GetEquipment|67|Found 0 Alpaca Cover Calibrators
2026-02-07T18:10:57.5331|INFO|WeatherDataChooserVM.cs|GetEquipment|69|Found 0 Alpaca Observing Conditions
2026-02-07T18:10:57.5331|INFO|SwitchChooserVM.cs|GetEquipment|71|Found 0 Alpaca Switch Hubs
2026-02-07T18:10:57.5493|INFO|TelescopeChooserVM.cs|GetEquipment|69|Found 0 Alpaca Telescopes
2026-02-07T18:10:57.5805|INFO|SafetyMonitorChooserVM.cs|GetEquipment|71|Found 0 Alpaca Safety Monitors
2026-02-07T18:10:58.2322|INFO|FocuserChooserVM.cs|GetEquipment|84|Found 0 Alpaca Focusers
2026-02-07T18:10:58.2998|INFO|CameraChooserVM.cs|GetEquipment|305|Found 0 Alpaca Cameras
2026-02-07T18:10:58.3059|INFO|CameraChooserVM.cs|GetEquipment|318|Found 0 Canon Cameras
2026-02-07T18:10:59.7138|INFO|ApplicationVM.cs|CheckDiskInfo|100|Available Space on Drive C:\: 125.83 GB
2026-02-07T18:10:59.7176|INFO|ApplicationVM.cs|CheckASCOMPlatformVersion|81|ASCOM Platform 6.6.2.4195 installed
2026-02-07T18:10:59.7201|INFO|ApplicationVM.cs|CheckDiskInfo|102|Drive E:\ is not ready
2026-02-07T18:10:59.7217|INFO|ApplicationVM.cs|CheckDiskInfo|100|Available Space on Drive G:\: 41.49 GB
2026-02-07T18:10:59.7301|INFO|ApplicationVM.cs|CheckDiskInfo|100|Available Space on Drive Z:\: 37.2 GB
2026-02-07T18:11:00.0546|INFO|DitherStatisticsVM.cs|StartThemeColorMonitoring|1220|Theme color monitoring timer started on UI thread
2026-02-07T18:11:00.4888|INFO|Sequence2VM.cs|TryLoadSequenceFile|414|Loading sequence file: C:\Users\nicka\Astro\NINA\NINA_Sequences\TargetScheduler.json
2026-02-07T18:11:00.9445|WARNING|When.cs|GetRunningItem|143|Can't get running items: SequencerNavigation not initialized yet!
2026-02-07T18:11:01.1050|INFO|Sequence2VM.cs|TryLoadSequenceFile|420|Starting sequence from command line options
2026-02-07T18:11:01.1083|INFO|Sequence2VM.cs|StartSequence|543|Advanced Sequence starting
2026-02-07T18:11:01.1998|INFO|SequenceItem.cs|Run|208|Starting Category: * Instruction Set *, Container: NINA.Sequencer.Container.SequenceRootContainer, Strategy: SequentialStrategy, Items[CREATED]: 3, Triggers: Category: Ground Station, Item: Failures to Telegram
2026-02-07T18:11:01.4713|INFO|SequenceItem.cs|Run|208|Starting Category: * Instruction Set *, Container: NINA.Sequencer.Container.StartAreaContainer, Strategy: SequentialStrategy, Items[CREATED]: 1
2026-02-07T18:11:01.5121|INFO|SequenceItem.cs|Run|208|Starting Category: * Instruction Set *, Container: NINA.Sequencer.Container.SequentialContainer, Strategy: SequentialStrategy, Items[CREATED]: 10
2026-02-07T18:11:01.5129|INFO|SequenceItem.cs|Run|208|Starting Category: Ground Station, Item: Send to Pushover, Title: Start
2026-02-07T18:11:01.7554|INFO|SequenceItem.cs|Run|254|Finishing Category: Ground Station, Item: Send to Pushover, Title: Start
2026-02-07T18:11:01.7602|INFO|SequenceItem.cs|Run|208|Starting Category: Utility, Item: WaitForTime, Time: 17:51:45h, Offset: -80
2026-02-07T18:11:01.7654|INFO|SequenceItem.cs|Run|254|Finishing Category: Utility, Item: WaitForTime, Time: 17:51:45h, Offset: -80
2026-02-07T18:11:01.7662|INFO|SequenceItem.cs|Run|208|Starting Category: Ground Station, Item: Send to Telegram
2026-02-07T18:11:02.3974|INFO|DockManagerVM.cs|InitializeAvalonDockLayout|366|Initializing imaging tab layout from C:\Users\nicka\AppData\Local\NINA\Profiles\0173997c-4bfa-48fd-9337-a48b6df99c38.dock.config
2026-02-07T18:11:02.5338|INFO|SequenceItem.cs|Run|254|Finishing Category: Ground Station, Item: Send to Telegram
2026-02-07T18:11:02.5341|INFO|SequenceItem.cs|Run|208|Starting Category: Ground Station, Item: Send to Pushover, Title: Configure Equipment
2026-02-07T18:11:02.6910|INFO|SequenceItem.cs|Run|254|Finishing Category: Ground Station, Item: Send to Pushover, Title: Configure Equipment
2026-02-07T18:11:02.6918|INFO|SequenceItem.cs|Run|208|Starting Category: Connect, Item: ConnectAllEquipment
2026-02-07T18:11:02.7042|INFO|CameraChooserVM.cs|GetEquipment|69|Found 2 ASI Cameras
2026-02-07T18:11:02.7800|INFO|CameraChooserVM.cs|GetEquipment|84|Found 0 Altair Cameras
2026-02-07T18:11:02.7802|INFO|CameraChooserVM.cs|GetEquipment|96|Found 0 Atik Cameras
2026-02-07T18:11:02.7809|INFO|CameraChooserVM.cs|GetEquipment|110|Found 0 FLI Cameras
2026-02-07T18:11:02.7811|INFO|CameraChooserVM.cs|GetEquipment|130|Found 0 QHYCCD Cameras
2026-02-07T18:11:02.9405|INFO|CameraChooserVM.cs|GetEquipment|158|Found 0 ToupTek Cameras
2026-02-07T18:11:02.9455|INFO|CameraChooserVM.cs|GetEquipment|173|Found 0 Ogma Cameras
2026-02-07T18:11:02.9590|INFO|CameraChooserVM.cs|GetEquipment|188|Found 0 Omegon Cameras
2026-02-07T18:11:03.1421|INFO|CameraChooserVM.cs|GetEquipment|203|Found 0 RisingCam Cameras
2026-02-07T18:11:03.1615|INFO|CameraChooserVM.cs|GetEquipment|218|Found 0 MallinCam Cameras
2026-02-07T18:11:03.1639|INFO|CameraChooserVM.cs|GetEquipment|243|Found 0 SVBony Cameras
2026-02-07T18:11:03.1687|INFO|CameraChooserVM.cs|GetEquipment|259|Found 0 SBIG Cameras
2026-02-07T18:11:03.1694|INFO|CameraChooserVM.cs|GetEquipment|279|Found 0 SVBony Cameras
2026-02-07T18:11:03.1699|INFO|CameraChooserVM.cs|GetEquipment|279|Found 0 PlayerOne Cameras
2026-02-07T18:11:03.1878|INFO|CameraChooserVM.cs|GetEquipment|279|Found 0 ASTPAN Cameras
2026-02-07T18:11:03.1887|INFO|CameraChooserVM.cs|GetEquipment|293|Found 4 ASCOM Cameras
2026-02-07T18:11:05.1906|INFO|CameraChooserVM.cs|GetEquipment|305|Found 0 Alpaca Cameras
2026-02-07T18:11:05.1923|INFO|CameraChooserVM.cs|GetEquipment|318|Found 0 Canon Cameras
2026-02-07T18:11:05.2339|INFO|CameraVM.cs|Disconnect|650|Disconnected Camera
2026-02-07T18:11:05.8086|WARNING|ASICamera.cs|SetControlValue|568|Failed to set ASI Control Value ASI_WB_B with value 50
2026-02-07T18:11:05.8087|WARNING|ASICamera.cs|SetControlValue|568|Failed to set ASI Control Value ASI_WB_R with value 50
2026-02-07T18:11:05.8087|WARNING|ASICamera.cs|SetControlValue|568|Failed to set ASI Control Value ASI_GAMMA with value 50
2026-02-07T18:11:05.8088|WARNING|ASICamera.cs|SetControlValue|568|Failed to set ASI Control Value ASI_HIGH_SPEED_MODE with value 0
2026-02-07T18:11:05.8088|WARNING|ASICamera.cs|SetControlValue|568|Failed to set ASI Control Value ASI_OVERCLOCK with value 0
2026-02-07T18:11:05.8088|WARNING|ASICamera.cs|SetControlValue|568|Failed to set ASI Control Value ASI_PATTERN_ADJUST with value 0
2026-02-07T18:11:05.8095|WARNING|ASICamera.cs|SetControlValue|568|Failed to set ASI Control Value ASI_MONO_BIN with value 0
2026-02-07T18:11:05.8105|INFO|ASICamera.cs|Initialize|664|Camera ID: ASI533MM
2026-02-07T18:11:05.8217|WARNING|ASICamera.cs|SetControlValue|568|Failed to set ASI Control Value ASI_ANTI_DEW_HEATER with value 0
2026-02-07T18:11:05.9648|INFO|CameraVM.cs|ChooseCamera|455|Successfully connected Camera. Id: ZWOptical_ZWO ASI533MM Pro_ASI533MM Name: ZWO ASI533MM Pro DisplayName: ZWO ASI533MM Pro (ASI533MM)Driver Version: 1, 39, 0, 0
2026-02-07T18:11:06.5157|INFO|FilterWheelChooserVM.cs|GetEquipment|167|Found 1 Networked Filter Wheel Filter Wheels
2026-02-07T18:11:08.5161|INFO|FilterWheelChooserVM.cs|GetEquipment|193|Found 0 Alpaca Filter Wheels
2026-02-07T18:11:08.5244|INFO|FilterWheelVM.cs|Disconnect|333|Disconnected Filter Wheel
2026-02-07T18:11:12.1845|INFO|FilterWheelVM.cs|ChooseFW|279|Successfully connected Filter Wheel. Id: ASCOM.EFW2.FilterWheel Name: ZWO FilterWheel DisplayName: ZWO FilterWheel (ASCOM) Driver Version: 6.0
2026-02-07T18:11:16.0326|INFO|FocuserChooserVM.cs|GetEquipment|84|Found 0 Alpaca Focusers
2026-02-07T18:11:16.0473|INFO|FocuserVM.cs|Disconnect|441|Disconnected Focuser
2026-02-07T18:11:17.3685|ERROR|AscomDevice.cs|GetProperty|546|An unexpected exception occurred during GET of Focuser.StepSize: 
ASCOM.DriverException: The method or operation is not implemented.
 ---> System.NotImplementedException: The method or operation is not implemented.
   --- End of inner exception stack trace ---
   at ASCOM.Com.DriverAccess.DynamicAccess.CheckDotNetExceptions(String memberName, Exception e) in J:\ASCOMLibrary\ASCOM.Com\ASCOM.Com.DriverAccess\BaseClass\DynamicAccess.cs:line 278
   at ASCOM.Com.DriverAccess.DynamicAccess.TryGetMember(GetMemberBinder binder, Object& result) in J:\ASCOMLibrary\ASCOM.Com\ASCOM.Com.DriverAccess\BaseClass\DynamicAccess.cs:line 150
   at CallSite.Target(Closure, CallSite, Object)
   at System.Dynamic.UpdateDelegates.UpdateAndExecute1[T0,TRet](CallSite site, T0 arg0)
   at ASCOM.Com.DriverAccess.Focuser.get_StepSize() in J:\ASCOMLibrary\ASCOM.Com\ASCOM.Com.DriverAccess\Focuser.cs:line 159
   at System.RuntimeMethodHandle.InvokeMethod(Object target, Void** arguments, Signature sig, Boolean isConstructor)
   at System.Reflection.MethodBaseInvoker.InvokeWithNoArgs(Object obj, BindingFlags invokeAttr)
2026-02-07T18:11:17.5808|INFO|AscomDevice.cs|GetProperty|485|Retrying to GET Focuser.StepSize - Attempt 2 / 3
2026-02-07T18:11:17.5825|ERROR|AscomDevice.cs|GetProperty|546|An unexpected exception occurred during GET of Focuser.StepSize: 
ASCOM.DriverException: The method or operation is not implemented.
 ---> System.NotImplementedException: The method or operation is not implemented.
   --- End of inner exception stack trace ---
   at ASCOM.Com.DriverAccess.DynamicAccess.CheckDotNetExceptions(String memberName, Exception e) in J:\ASCOMLibrary\ASCOM.Com\ASCOM.Com.DriverAccess\BaseClass\DynamicAccess.cs:line 278
   at ASCOM.Com.DriverAccess.DynamicAccess.TryGetMember(GetMemberBinder binder, Object& result) in J:\ASCOMLibrary\ASCOM.Com\ASCOM.Com.DriverAccess\BaseClass\DynamicAccess.cs:line 150
   at CallSite.Target(Closure, CallSite, Object)
   at ASCOM.Com.DriverAccess.Focuser.get_StepSize() in J:\ASCOMLibrary\ASCOM.Com\ASCOM.Com.DriverAccess\Focuser.cs:line 159
   at InvokeStub_Focuser.get_StepSize(Object, Object, IntPtr*)
   at System.Reflection.MethodBaseInvoker.InvokeWithNoArgs(Object obj, BindingFlags invokeAttr)
2026-02-07T18:11:17.7840|INFO|AscomDevice.cs|GetProperty|485|Retrying to GET Focuser.StepSize - Attempt 3 / 3
2026-02-07T18:11:17.7851|ERROR|AscomDevice.cs|GetProperty|546|An unexpected exception occurred during GET of Focuser.StepSize: 
ASCOM.DriverException: The method or operation is not implemented.
 ---> System.NotImplementedException: The method or operation is not implemented.
   --- End of inner exception stack trace ---
   at ASCOM.Com.DriverAccess.DynamicAccess.CheckDotNetExceptions(String memberName, Exception e) in J:\ASCOMLibrary\ASCOM.Com\ASCOM.Com.DriverAccess\BaseClass\DynamicAccess.cs:line 278
   at ASCOM.Com.DriverAccess.DynamicAccess.TryGetMember(GetMemberBinder binder, Object& result) in J:\ASCOMLibrary\ASCOM.Com\ASCOM.Com.DriverAccess\BaseClass\DynamicAccess.cs:line 150
   at CallSite.Target(Closure, CallSite, Object)
   at ASCOM.Com.DriverAccess.Focuser.get_StepSize() in J:\ASCOMLibrary\ASCOM.Com\ASCOM.Com.DriverAccess\Focuser.cs:line 159
   at InvokeStub_Focuser.get_StepSize(Object, Object, IntPtr*)
   at System.Reflection.MethodBaseInvoker.InvokeWithNoArgs(Object obj, BindingFlags invokeAttr)
2026-02-07T18:11:17.7855|INFO|AscomDevice.cs|GetProperty|556|GET Focuser.StepSize failed - Returning last known value 0
2026-02-07T18:11:18.0094|INFO|FocuserVM.cs|ChooseFocuser|333|Successfully connected Focuser. Id: ASCOM.EAF.Focuser Name: ZWO Focuser DisplayName: ZWO Focuser (ASCOM) Driver Version: 6.0
2026-02-07T18:11:20.0130|INFO|TelescopeChooserVM.cs|GetEquipment|69|Found 0 Alpaca Telescopes
2026-02-07T18:11:20.0803|INFO|TelescopeVM.cs|Disconnect|740|Disconnected mount
2026-02-07T18:11:22.8339|INFO|AscomTelescope.cs|CheckMountTime|845|Mount UTC Time: 2026-02-08 00:11:19Z / System UTC Time: 2026-02-08 00:11:22Z; Difference: 2.846 seconds
2026-02-07T18:11:22.8782|INFO|AscomTelescope.cs|CheckMountTime|852|System time has been synced to the mount
2026-02-07T18:11:23.1376|INFO|TelescopeVM.cs|ChooseTelescope|535|Successfully connected mount. Id: ASCOM.iOptron2017.Telescope Name: iOptron CEM120,70,40,26, GEM, HEM, HAE, HAZ series and SkyHunter Mount DisplayName: iOptron CEM120,70,40,26, GEM, HEM, HAE, HAZ series and SkyHunter Mount (ASCOM) Driver Version: 9.15
2026-02-07T18:11:23.1609|INFO|PHD2Guider.cs|Connect|205|Connecting to PHD2 server at 127.0.0.1:4400
2026-02-07T18:11:28.5593|INFO|PHD2Client.cs|ConnectAsync|62|PHD2Client: Connected successfully!
2026-02-07T18:11:28.5595|INFO|DitherStatisticsVM.cs|OnPHD2ConnectionStatusChanged|616|PHD2 Connection Status: Connected
2026-02-07T18:11:28.5595|INFO|DitherStatisticsVM.cs|ConnectToPHD2|595|Successfully connected to PHD2!
2026-02-07T18:11:28.5607|INFO|PHD2Client.cs|ReadEventsAsync|102|PHD2Client: Started reading events
2026-02-07T18:11:28.5887|INFO|PHD2Client.cs|HandleVersion|256|PHD2Client: Connected to PHD2 version 2.6.14. (Message Protocol v1)
2026-02-07T18:11:28.5897|INFO|PHD2Client.cs|HandleAppState|266|PHD2Client: PHD2 AppState: Stopped
2026-02-07T18:11:33.7045|INFO|WeatherDataChooserVM.cs|GetEquipment|69|Found 0 Alpaca Observing Conditions
2026-02-07T18:11:33.7275|INFO|WeatherDataVM.cs|Disconnect|305|Disconnected Weather Device
2026-02-07T18:11:35.3874|INFO|AscomDevice.cs|GetProperty|527|Property ObservingConditions.SkyQuality GET is not implemented in this driver (SkyAlert Observing Conditions)
2026-02-07T18:11:35.3952|INFO|AscomDevice.cs|GetProperty|527|Property ObservingConditions.StarFWHM GET is not implemented in this driver (SkyAlert Observing Conditions)
2026-02-07T18:11:35.4110|INFO|WeatherDataVM.cs|ChooseWeatherData|150|Successfully connected Weather Device. Id: ASCOM.SkyAlert.ObservingConditions Name: SkyAlert Observing Conditions DisplayName: SkyAlert Observing Conditions (ASCOM) Driver Version: 1.7
2026-02-07T18:11:37.4142|INFO|SafetyMonitorChooserVM.cs|GetEquipment|71|Found 0 Alpaca Safety Monitors
2026-02-07T18:11:37.4345|INFO|SafetyMonitorVM.cs|Disconnect|221|Disconnected Safety Monitor
2026-02-07T18:11:37.8844|INFO|SafetyMonitorVM.cs|Connect|175|Successfully connected Safety Monitor. Id: ASCOM.GenericFile.SafetyMonitor Name: Generic File driver DisplayName: Generic File driver (ASCOM) Driver Version: 6.4
2026-02-07T18:11:37.8848|INFO|SequenceItem.cs|Run|254|Finishing Category: Connect, Item: ConnectAllEquipment
2026-02-07T18:11:37.8855|INFO|SequenceItem.cs|Run|208|Starting Category: Telescope, Item: FindHome
2026-02-07T18:11:37.8917|INFO|PHD2Guider.cs|StopGuiding|704|Phd2 - Stop Guiding skipped, as the app is already in state Stopped
2026-02-07T18:11:37.8936|INFO|TelescopeVM.cs|FindHome|292|Mount ordered to locate home position
2026-02-07T18:11:37.8961|INFO|TelescopeVM.cs|FindHome|336|Mount ordered to home but it is already at home
2026-02-07T18:11:37.8964|INFO|TelescopeVM.cs|FindHome|348|Mount has located its home position
2026-02-07T18:11:37.8973|INFO|SequenceItem.cs|Run|254|Finishing Category: Telescope, Item: FindHome
2026-02-07T18:11:37.8976|INFO|SequenceItem.cs|Run|208|Starting Category: Ground Station, Item: Send to Telegram
2026-02-07T18:11:38.5135|INFO|SequenceItem.cs|Run|254|Finishing Category: Ground Station, Item: Send to Telegram
2026-02-07T18:11:38.5139|INFO|SequenceItem.cs|Run|208|Starting Category: Ground Station, Item: Send to Pushover, Title: Cool
2026-02-07T18:11:38.6669|INFO|SequenceItem.cs|Run|254|Finishing Category: Ground Station, Item: Send to Pushover, Title: Cool
2026-02-07T18:11:38.6679|INFO|SequenceItem.cs|Run|208|Starting Category: Camera, Item: CoolCamera, Temperature: -15, Duration: 60
2026-02-07T18:11:38.6713|INFO|CameraVM.cs|CoolCamera|138|Cooling Camera. Target: -15 Duration: 01:00:00
2026-02-07T18:11:39.8896|INFO|SafetyMonitorVM.cs|UpdateMonitorValues|95|SafetyMonitorInfo state changed to Unsafe
2026-02-07T18:17:59.5474|WARNING|DeviceUpdateTimer.cs|Run|115|Mount value update cycle took longer than the device poll interval (Total: 2.39s > 2s; Poll: 00:00:02.3896221; Update: 00:00:00.0002263)
2026-02-07T18:51:56.7156|INFO|PluginInstaller.cs|Install|92|Downloading plugin from https://github.com/christian-photo/ninaAPI/releases/download/2.2.14.3/ninaAPI.zip
2026-02-07T18:51:57.2845|INFO|PluginInstaller.cs|InstallArchive|250|Installing plugin Advanced API - extracting archive to C:\Users\nicka\AppData\Local\NINA\Plugins\3.0.0\Advanced API
2026-02-07T19:11:50.9631|INFO|SequenceItem.cs|Run|254|Finishing Category: Camera, Item: CoolCamera, Temperature: -15, Duration: 60
2026-02-07T19:11:50.9635|INFO|SequenceItem.cs|Run|208|Starting Category: Utility, Item: WaitForTime, Time: 18:56:45h, Offset: -15
2026-02-07T19:11:50.9636|INFO|SequenceItem.cs|Run|254|Finishing Category: Utility, Item: WaitForTime, Time: 18:56:45h, Offset: -15
2026-02-07T19:11:50.9668|INFO|SequenceItem.cs|Run|254|Finishing Category: * Instruction Set *, Container: NINA.Sequencer.Container.SequentialContainer, Strategy: SequentialStrategy, Items[FINISHED]: 10
2026-02-07T19:11:50.9670|INFO|SequenceItem.cs|Run|254|Finishing Category: * Instruction Set *, Container: NINA.Sequencer.Container.StartAreaContainer, Strategy: SequentialStrategy, Items[FINISHED]: 1
2026-02-07T19:11:50.9672|INFO|SequenceItem.cs|Run|208|Starting Category: * Instruction Set *, Container: NINA.Sequencer.Container.TargetAreaContainer, Strategy: SequentialStrategy, Items[CREATED]: 1
2026-02-07T19:11:50.9688|INFO|SequenceItem.cs|Run|208|Starting Category: * Instruction Set *, Container: NINA.Sequencer.Container.SequentialContainer, Strategy: SequentialStrategy, Items[CREATED]: 10, Conditions: Condition: TimeCondition, Time: 6:31:7h, Condition: TargetSchedulerCondition mode=While Targets Remain Tonight, , Triggers: Trigger: CenterAfterDriftTrigger, DistanceArcMinutes: 1Trigger: WhenUnsafeCategory: Ground Station, Item: Failures to TelegramCategory: Connect, Item: ReconnectOnDownloadFailureTrigger: AutofocusAfterHFRIncreaseTrigger, Amount: 5Trigger: MeridianFlipTriggerCategory: Powerups (Misc), Item: DIYTriggerCategory: Ground Station, Item: Failures to Pushover
2026-02-07T19:11:50.9707|INFO|WhenCommon.cs|SequenceBlockInitialize|204|Initialize; starting watchdog
2026-02-07T19:11:50.9737|INFO|WhenUnsafe.cs|CheckSafe|77|IsSafe is now FALSE; connected = True, IsSafe = False
2026-02-07T19:11:50.9741|INFO|WhenCommon.cs|ShouldTrigger|378|ShouldTrigger TRUE from InterruptWhen, setting TriggerRunner
2026-02-07T19:11:50.9742|INFO|WhenCommon.cs|InterruptWhen|322|Interrupting current Instruction Set
2026-02-07T19:11:50.9762|INFO|WhenCommon.cs|InterruptWhen|332|Canceling sequence...
2026-02-07T19:11:51.9905|INFO|WhenCommon.cs|InterruptWhen|336|Delay 1000
2026-02-07T19:11:52.9905|INFO|WhenCommon.cs|InterruptWhen|336|Delay 1000
2026-02-07T19:11:53.9915|INFO|WhenCommon.cs|InterruptWhen|336|Delay 1000
2026-02-07T19:11:54.9914|INFO|WhenCommon.cs|InterruptWhen|336|Delay 1000
2026-02-07T19:11:55.9927|INFO|WhenCommon.cs|InterruptWhen|336|Delay 1000
2026-02-07T19:11:56.9923|INFO|WhenCommon.cs|InterruptWhen|336|Delay 1000
2026-02-07T19:11:57.9935|INFO|WhenCommon.cs|InterruptWhen|336|Delay 1000
2026-02-07T19:11:58.9943|INFO|WhenCommon.cs|InterruptWhen|336|Delay 1000
2026-02-07T19:11:59.9953|INFO|WhenCommon.cs|InterruptWhen|336|Delay 1000
2026-02-07T19:12:00.9970|INFO|WhenCommon.cs|InterruptWhen|336|Delay 1000
2026-02-07T19:12:01.9972|INFO|WhenCommon.cs|InterruptWhen|336|Delay 1000
2026-02-07T19:12:02.9987|INFO|WhenCommon.cs|InterruptWhen|336|Delay 1000
2026-02-07T19:12:03.9989|INFO|WhenCommon.cs|InterruptWhen|336|Delay 1000
2026-02-07T19:12:04.9996|INFO|WhenCommon.cs|InterruptWhen|336|Delay 1000
2026-02-07T19:12:06.0005|INFO|WhenCommon.cs|InterruptWhen|336|Delay 1000
2026-02-07T19:12:07.0011|INFO|WhenCommon.cs|InterruptWhen|336|Delay 1000
2026-02-07T19:12:08.0015|INFO|WhenCommon.cs|InterruptWhen|336|Delay 1000
2026-02-07T19:12:09.0020|INFO|WhenCommon.cs|InterruptWhen|336|Delay 1000
2026-02-07T19:12:10.0023|INFO|WhenCommon.cs|InterruptWhen|336|Delay 1000
2026-02-07T19:12:11.0039|INFO|WhenCommon.cs|InterruptWhen|336|Delay 1000
2026-02-07T19:12:12.0049|INFO|WhenCommon.cs|InterruptWhen|336|Delay 1000
2026-02-07T19:12:13.0048|INFO|WhenCommon.cs|InterruptWhen|336|Delay 1000
2026-02-07T19:12:14.0053|INFO|WhenCommon.cs|InterruptWhen|336|Delay 1000
2026-02-07T19:12:15.0064|INFO|WhenCommon.cs|InterruptWhen|336|Delay 1000
2026-02-07T19:12:16.0080|INFO|WhenCommon.cs|InterruptWhen|336|Delay 1000
2026-02-07T19:12:17.0085|INFO|WhenCommon.cs|InterruptWhen|336|Delay 1000
2026-02-07T19:12:18.0095|INFO|WhenCommon.cs|InterruptWhen|336|Delay 1000
2026-02-07T19:12:19.0105|INFO|WhenCommon.cs|InterruptWhen|336|Delay 1000
2026-02-07T19:12:19.0926|INFO|WhenCommon.cs|SequenceBlockTeardown|198|Teardown; shutting down watchdog
2026-02-07T19:12:19.0956|INFO|Sequencer.cs|Start|85|Sequence run was cancelled
2026-02-07T19:12:19.1132|INFO|Sequence2VM.cs|StartSequence|548|Advanced Sequence finished
2026-02-07T19:12:20.0215|INFO|WhenCommon.cs|InterruptWhen|339|Sequence no longer running
2026-02-07T19:12:20.0228|WARNING|WhenCommon.cs|CheckSlewing|263|CheckSlewing, WhenUnsafe = True, Connected = True, CanSlew = True, info.Slewing = False
2026-02-07T19:12:20.0327|INFO|Sequence2VM.cs|StartSequence|543|Advanced Sequence starting
2026-02-07T19:12:20.0806|INFO|SequenceItem.cs|Run|208|Starting Category: * Instruction Set *, Container: NINA.Sequencer.Container.SequenceRootContainer, Strategy: SequentialStrategy, Items[CREATED]: 3, Triggers: Category: Ground Station, Item: Failures to Telegram
2026-02-07T19:12:20.0809|INFO|SequenceItem.cs|Run|208|Starting Category: * Instruction Set *, Container: NINA.Sequencer.Container.StartAreaContainer, Strategy: SequentialStrategy, Items[FINISHED]: 1
2026-02-07T19:12:20.0810|INFO|SequenceItem.cs|Run|254|Finishing Category: * Instruction Set *, Container: NINA.Sequencer.Container.StartAreaContainer, Strategy: SequentialStrategy, Items[FINISHED]: 1
2026-02-07T19:12:20.0811|INFO|SequenceItem.cs|Run|208|Starting Category: * Instruction Set *, Container: NINA.Sequencer.Container.TargetAreaContainer, Strategy: SequentialStrategy, Items[CREATED]: 1
2026-02-07T19:12:20.0812|INFO|SequenceItem.cs|Run|208|Starting Category: * Instruction Set *, Container: NINA.Sequencer.Container.SequentialContainer, Strategy: SequentialStrategy, Items[CREATED]: 10, Conditions: Condition: TimeCondition, Time: 6:31:7h, Condition: TargetSchedulerCondition mode=While Targets Remain Tonight, , Triggers: Trigger: CenterAfterDriftTrigger, DistanceArcMinutes: 1Trigger: WhenUnsafeCategory: Ground Station, Item: Failures to TelegramCategory: Connect, Item: ReconnectOnDownloadFailureTrigger: AutofocusAfterHFRIncreaseTrigger, Amount: 5Trigger: MeridianFlipTriggerCategory: Powerups (Misc), Item: DIYTriggerCategory: Ground Station, Item: Failures to Pushover
2026-02-07T19:12:20.0815|INFO|WhenCommon.cs|SequenceBlockInitialize|204|Initialize; starting watchdog
2026-02-07T19:12:20.0829|INFO|WhenCommon.cs|ShouldTrigger|382|ShouldTrigger TRUE, setting TriggerRunner
2026-02-07T19:12:20.0858|INFO|SequenceTrigger.cs|Run|114|Starting Trigger: WhenUnsafe
2026-02-07T19:12:20.0967|INFO|WhenCommon.cs|Execute|395|Execute 0
2026-02-07T19:12:20.0969|INFO|WhenCommon.cs|Execute|409|When: running TriggerRunner, InFlight -> true, Triggered -> false
2026-02-07T19:12:20.0970|WARNING|WhenCommon.cs|CheckSlewing|263|CheckSlewing, WhenUnsafe = True, Connected = True, CanSlew = True, info.Slewing = False
2026-02-07T19:12:20.0972|INFO|SequenceItem.cs|Run|208|Starting Category: , Container: WhenPlugin.When.IfContainer, Strategy: SequentialStrategy, Items[CREATED]: 9
2026-02-07T19:12:20.1244|INFO|MeridianFlipTrigger.cs|ShouldTrigger|197|Meridian Flip - Telescope is at home position. Skip flip evaluation
2026-02-07T19:12:20.1256|INFO|SequenceItem.cs|Run|208|Starting Category: Ground Station, Item: Send to Telegram
2026-02-07T19:12:20.7501|INFO|SequenceItem.cs|Run|254|Finishing Category: Ground Station, Item: Send to Telegram
2026-02-07T19:12:20.7527|INFO|MeridianFlipTrigger.cs|ShouldTrigger|197|Meridian Flip - Telescope is at home position. Skip flip evaluation
2026-02-07T19:12:20.7533|INFO|SequenceItem.cs|Run|208|Starting Category: Ground Station, Item: Send to Pushover, Title: Unsafe
2026-02-07T19:12:20.9319|INFO|SequenceItem.cs|Run|254|Finishing Category: Ground Station, Item: Send to Pushover, Title: Unsafe
2026-02-07T19:12:20.9331|INFO|MeridianFlipTrigger.cs|ShouldTrigger|197|Meridian Flip - Telescope is at home position. Skip flip evaluation
2026-02-07T19:12:20.9333|INFO|SequenceItem.cs|Run|208|Starting Category: Telescope, Item: FindHome
2026-02-07T19:12:20.9393|INFO|PHD2Guider.cs|StopGuiding|704|Phd2 - Stop Guiding skipped, as the app is already in state Stopped
2026-02-07T19:12:20.9396|INFO|TelescopeVM.cs|FindHome|292|Mount ordered to locate home position
2026-02-07T19:12:20.9407|INFO|TelescopeVM.cs|FindHome|336|Mount ordered to home but it is already at home
2026-02-07T19:12:20.9408|INFO|TelescopeVM.cs|FindHome|348|Mount has located its home position
2026-02-07T19:12:20.9412|INFO|SequenceItem.cs|Run|254|Finishing Category: Telescope, Item: FindHome
2026-02-07T19:12:20.9419|INFO|MeridianFlipTrigger.cs|ShouldTrigger|197|Meridian Flip - Telescope is at home position. Skip flip evaluation
2026-02-07T19:12:20.9429|INFO|SequenceItem.cs|Run|208|Starting Category: Guider, Item: StopGuiding
2026-02-07T19:12:20.9491|INFO|PHD2Guider.cs|StopGuiding|704|Phd2 - Stop Guiding skipped, as the app is already in state Stopped
2026-02-07T19:12:20.9493|INFO|SequenceItem.cs|Run|254|Finishing Category: Guider, Item: StopGuiding
2026-02-07T19:12:20.9504|INFO|MeridianFlipTrigger.cs|ShouldTrigger|197|Meridian Flip - Telescope is at home position. Skip flip evaluation
2026-02-07T19:12:20.9515|INFO|SequenceItem.cs|Run|208|Starting Category: Connect, Item: DisconnectEquipment, Selected device: Safety Monitor
2026-02-07T19:12:21.0791|INFO|AscomDevice.cs|Disconnect|378|Disconnecting from ASCOM.GenericFile.SafetyMonitor Generic File driver
2026-02-07T19:12:21.1077|INFO|SafetyMonitorVM.cs|Disconnect|221|Disconnected Safety Monitor
2026-02-07T19:12:21.1080|INFO|SequenceItem.cs|Run|254|Finishing Category: Connect, Item: DisconnectEquipment, Selected device: Safety Monitor
2026-02-07T19:12:21.1086|INFO|MeridianFlipTrigger.cs|ShouldTrigger|197|Meridian Flip - Telescope is at home position. Skip flip evaluation
2026-02-07T19:12:21.1091|INFO|SequenceItem.cs|Run|208|Starting Category: Utility, Item: WaitForTimeSpan, Time: 60s
2026-02-07T19:13:21.1884|INFO|SequenceItem.cs|Run|254|Finishing Category: Utility, Item: WaitForTimeSpan, Time: 60s
2026-02-07T19:13:21.1897|INFO|MeridianFlipTrigger.cs|ShouldTrigger|197|Meridian Flip - Telescope is at home position. Skip flip evaluation
2026-02-07T19:13:21.1911|INFO|SequenceItem.cs|Run|208|Starting Category: Connect, Item: ConnectEquipment, Selected device: Safety Monitor, Selected device id: ASCOM.GenericFile.SafetyMonitor
2026-02-07T19:13:23.2015|INFO|SafetyMonitorChooserVM.cs|GetEquipment|71|Found 0 Alpaca Safety Monitors
2026-02-07T19:13:23.2228|INFO|SafetyMonitorVM.cs|Disconnect|221|Disconnected Safety Monitor
2026-02-07T19:13:23.3167|INFO|SafetyMonitorVM.cs|Connect|175|Successfully connected Safety Monitor. Id: ASCOM.GenericFile.SafetyMonitor Name: Generic File driver DisplayName: Generic File driver (ASCOM) Driver Version: 6.4
2026-02-07T19:13:23.3168|INFO|SequenceItem.cs|Run|254|Finishing Category: Connect, Item: ConnectEquipment, Selected device: Safety Monitor, Selected device id: ASCOM.GenericFile.SafetyMonitor
2026-02-07T19:13:23.3171|INFO|MeridianFlipTrigger.cs|ShouldTrigger|197|Meridian Flip - Telescope is at home position. Skip flip evaluation
2026-02-07T19:13:23.3172|INFO|SequenceItem.cs|Run|208|Starting Category: Utility, Item: WaitForTimeSpan, Time: 60s
2026-02-07T19:13:25.3164|INFO|SafetyMonitorVM.cs|UpdateMonitorValues|95|SafetyMonitorInfo state changed to Unsafe
2026-02-07T19:14:23.3807|INFO|SequenceItem.cs|Run|254|Finishing Category: Utility, Item: WaitForTimeSpan, Time: 60s
2026-02-07T19:14:23.3815|INFO|MeridianFlipTrigger.cs|ShouldTrigger|197|Meridian Flip - Telescope is at home position. Skip flip evaluation
2026-02-07T19:14:23.3824|INFO|SequenceItem.cs|Run|208|Starting Category: Powerups (Safety), Item: OnceSafe
2026-02-08T06:31:07.6250|INFO|TimeCondition.cs|Check|254|TimeCondition finished.
2026-02-08T06:31:07.6254|INFO|TimeCondition.cs|InterruptWhenTimeIsUp|63|Time limit exceeded - Interrupting current Instruction Set
2026-02-08T06:31:07.6343|INFO|WhenCommon.cs|Execute|425|When: Execute done; InFlight -> false, Triggered false
2026-02-08T06:31:07.6362|INFO|MeridianFlipTrigger.cs|ShouldTrigger|197|Meridian Flip - Telescope is at home position. Skip flip evaluation
2026-02-08T06:31:07.6367|INFO|SequenceItem.cs|Run|208|Starting Category: Utility, Item: WaitForTime, Time: 18:56:45h, Offset: -15
2026-02-08T06:31:07.6389|INFO|WhenCommon.cs|SequenceBlockTeardown|198|Teardown; shutting down watchdog
2026-02-08T06:31:07.6398|INFO|SequenceItem.cs|Run|254|Finishing Category: * Instruction Set *, Container: NINA.Sequencer.Container.SequentialContainer, Strategy: SequentialStrategy, Items[CREATED]: 10, Conditions: Condition: TimeCondition, Time: 6:31:7h, Condition: TargetSchedulerCondition mode=While Targets Remain Tonight, , Triggers: Trigger: CenterAfterDriftTrigger, DistanceArcMinutes: 1Trigger: WhenUnsafeCategory: Ground Station, Item: Failures to TelegramCategory: Connect, Item: ReconnectOnDownloadFailureTrigger: AutofocusAfterHFRIncreaseTrigger, Amount: 5Trigger: MeridianFlipTriggerCategory: Powerups (Misc), Item: DIYTriggerCategory: Ground Station, Item: Failures to Pushover
2026-02-08T06:31:07.6403|INFO|SequenceItem.cs|Run|254|Finishing Category: * Instruction Set *, Container: NINA.Sequencer.Container.TargetAreaContainer, Strategy: SequentialStrategy, Items[FINISHED]: 1
2026-02-08T06:31:07.6410|INFO|SequenceItem.cs|Run|208|Starting Category: * Instruction Set *, Container: NINA.Sequencer.Container.EndAreaContainer, Strategy: SequentialStrategy, Items[CREATED]: 7
2026-02-08T06:31:07.6417|INFO|SequenceItem.cs|Run|208|Starting Category: Telescope, Item: FindHome
2026-02-08T06:31:07.6492|INFO|PHD2Guider.cs|StopGuiding|704|Phd2 - Stop Guiding skipped, as the app is already in state Stopped
2026-02-08T06:31:07.6493|INFO|TelescopeVM.cs|FindHome|292|Mount ordered to locate home position
2026-02-08T06:31:07.6500|INFO|TelescopeVM.cs|FindHome|336|Mount ordered to home but it is already at home
2026-02-08T06:31:07.6502|INFO|TelescopeVM.cs|FindHome|348|Mount has located its home position
2026-02-08T06:31:07.6507|INFO|SequenceItem.cs|Run|254|Finishing Category: Telescope, Item: FindHome
2026-02-08T06:31:07.6676|INFO|SequenceItem.cs|Run|208|Starting Category: Camera, Item: WarmCamera, Duration: 30
2026-02-08T06:31:07.6832|INFO|CameraVM.cs|WarmCamera|161|Warming Camera. Duration: 00:30:00
2026-02-08T07:03:14.9090|INFO|CameraVM.cs|WarmCamera|179|Could not reach warming temperature. Most likley due to ambient temperature being lower. Continuing...
2026-02-08T07:03:34.9256|INFO|CameraVM.cs|WarmCamera|186|Turning cooler off
2026-02-08T07:03:34.9276|INFO|SequenceItem.cs|Run|254|Finishing Category: Camera, Item: WarmCamera, Duration: 30
2026-02-08T07:03:34.9280|INFO|SequenceItem.cs|Run|208|Starting Category: Guider, Item: StopGuiding
2026-02-08T07:03:34.9337|INFO|PHD2Guider.cs|StopGuiding|704|Phd2 - Stop Guiding skipped, as the app is already in state Stopped
2026-02-08T07:03:34.9339|INFO|SequenceItem.cs|Run|254|Finishing Category: Guider, Item: StopGuiding
2026-02-08T07:03:34.9352|INFO|SequenceItem.cs|Run|208|Starting Category: Phd2 Tools, Item: ShutdownPhd2Instruction
2026-02-08T07:03:34.9660|WARNING|PHD2Client.cs|ReadEventsAsync|110|PHD2Client: Connection closed by server
2026-02-08T07:03:34.9661|INFO|DitherStatisticsVM.cs|OnPHD2ConnectionStatusChanged|619|PHD2 Connection Status: Connection lost
2026-02-08T07:03:34.9661|INFO|PHD2Client.cs|ReadEventsAsync|126|PHD2Client: Stopped reading events
2026-02-08T07:03:34.9735|INFO|SequenceItem.cs|Run|254|Finishing Category: Phd2 Tools, Item: ShutdownPhd2Instruction
2026-02-08T07:03:34.9743|INFO|SequenceItem.cs|Run|208|Starting Category: Connect, Item: DisconnectAllEquipment
2026-02-08T07:03:35.0394|INFO|CameraVM.cs|Disconnect|650|Disconnected Camera
2026-02-08T07:03:35.0402|INFO|AscomDevice.cs|Disconnect|378|Disconnecting from ASCOM.EFW2.FilterWheel ZWO FilterWheel
2026-02-08T07:03:35.4799|INFO|FilterWheelVM.cs|Disconnect|333|Disconnected Filter Wheel
2026-02-08T07:03:35.4948|INFO|AscomDevice.cs|Disconnect|378|Disconnecting from ASCOM.EAF.Focuser ZWO Focuser
2026-02-08T07:03:35.5530|INFO|FocuserVM.cs|Disconnect|441|Disconnected Focuser
2026-02-08T07:03:35.5534|INFO|DisconnectAllEquipment.cs|Execute|139|Rotator is already disconnected
2026-02-08T07:03:35.5777|INFO|AscomDevice.cs|Disconnect|378|Disconnecting from ASCOM.iOptron2017.Telescope iOptron CEM120,70,40,26, GEM, HEM, HAE, HAZ series and SkyHunter Mount
2026-02-08T07:03:35.6192|INFO|TelescopeVM.cs|Disconnect|740|Disconnected mount
2026-02-08T07:03:35.6195|INFO|DisconnectAllEquipment.cs|Execute|139|Guider is already disconnected
2026-02-08T07:03:35.6196|INFO|DisconnectAllEquipment.cs|Execute|139|Switch is already disconnected
2026-02-08T07:03:35.6196|INFO|DisconnectAllEquipment.cs|Execute|139|Flat Panel is already disconnected
2026-02-08T07:03:35.6318|INFO|AscomDevice.cs|Disconnect|378|Disconnecting from ASCOM.SkyAlert.ObservingConditions SkyAlert Observing Conditions
2026-02-08T07:03:35.6401|INFO|WeatherDataVM.cs|Disconnect|305|Disconnected Weather Device
2026-02-08T07:03:35.6404|INFO|DisconnectAllEquipment.cs|Execute|139|Dome is already disconnected
2026-02-08T07:03:35.6527|INFO|AscomDevice.cs|Disconnect|378|Disconnecting from ASCOM.GenericFile.SafetyMonitor Generic File driver
2026-02-08T07:03:35.6572|INFO|SafetyMonitorVM.cs|Disconnect|221|Disconnected Safety Monitor
2026-02-08T07:03:35.6576|INFO|SequenceItem.cs|Run|254|Finishing Category: Connect, Item: DisconnectAllEquipment
2026-02-08T07:03:35.6578|INFO|SequenceItem.cs|Run|208|Starting Category: Ground Station, Item: Send to Pushover, Title: Disconnected
2026-02-08T07:03:35.8572|INFO|SequenceItem.cs|Run|254|Finishing Category: Ground Station, Item: Send to Pushover, Title: Disconnected
2026-02-08T07:03:35.8576|INFO|SequenceItem.cs|Run|208|Starting Category: Ground Station, Item: Send to Telegram
2026-02-08T07:03:36.5852|INFO|SequenceItem.cs|Run|254|Finishing Category: Ground Station, Item: Send to Telegram
2026-02-08T07:03:36.5857|INFO|SequenceItem.cs|Run|254|Finishing Category: * Instruction Set *, Container: NINA.Sequencer.Container.EndAreaContainer, Strategy: SequentialStrategy, Items[FINISHED]: 7
2026-02-08T07:03:36.5860|INFO|SequenceItem.cs|Run|254|Finishing Category: * Instruction Set *, Container: NINA.Sequencer.Container.SequenceRootContainer, Strategy: SequentialStrategy, Items[FINISHED]: 3, Triggers: Category: Ground Station, Item: Failures to Telegram
2026-02-08T07:03:36.5995|INFO|Sequence2VM.cs|StartSequence|548|Advanced Sequence finished
2026-02-08T07:03:36.6006|INFO|WhenCommon.cs|InterruptWhen|350|Restarting sequence, Triggered -> true
2026-02-08T07:03:39.9750|INFO|PHD2Client.cs|ConnectAsync|48|PHD2Client: Connecting to PHD2 at 127.0.0.1:4400...
2026-02-08T07:03:41.9928|ERROR|PHD2Client.cs|ConnectAsync|69|PHD2Client: Connection failed: No connection could be made because the target machine actively refused it.
2026-02-08T11:24:39.0290|INFO|ApplicationVM.cs|Exit|244|Shutting down application - requested by user
2026-02-08T11:24:39.1480|INFO|ApplicationVM.cs|Closing|289|Application shutting down
2026-02-08T11:24:39.1898|INFO|DomeVM.cs|Disconnect|355|Disconnected Dome Device
2026-02-08T11:24:39.1951|INFO|FlatDeviceVM.cs|Disconnect|289|Disconnected Flat Device
2026-02-08T11:24:39.2051|INFO|CameraVM.cs|Disconnect|650|Disconnected Camera
2026-02-08T11:24:39.2058|INFO|TelescopeVM.cs|Disconnect|740|Disconnected mount
2026-02-08T11:24:39.2073|INFO|FilterWheelVM.cs|Disconnect|333|Disconnected Filter Wheel
2026-02-08T11:24:39.2079|INFO|FocuserVM.cs|Disconnect|441|Disconnected Focuser
2026-02-08T11:24:39.2134|INFO|RotatorVM.cs|Disconnect|447|Disconnected Rotator
2026-02-08T11:24:39.2174|INFO|SwitchVM.cs|Disconnect|309|Disconnected Switch
2026-02-08T11:24:39.2391|INFO|WeatherDataVM.cs|Disconnect|305|Disconnected Weather Device
2026-02-08T11:24:39.2396|INFO|SafetyMonitorVM.cs|Disconnect|221|Disconnected Safety Monitor
2026-02-08T11:24:39.3899|INFO|API.cs|StopWatchers|86|Stopping all event watchers
