----------------------------------------------------------------------
--------------N.I.N.A. - Nighttime Imaging 'N' Astronomy--------------
--------------------------Version 3.2.0.9001--------------------------
-------------------------2026-02-14T12:48:01--------------------------
----------------------------------------------------------------------
---------------------Microsoft Windows 10.0.19045---------------------
-------------------------OS Architecture X64--------------------------
-----------------------Process Architecture X64-----------------------
-----------------------------.NET 8.0.21------------------------------
----------------------------------------------------------------------
--------------------------Processor Count 4---------------------------
--------------------Total Physical Memory 7.84 GB---------------------
----------------------------------------------------------------------
DATE|LEVEL|SOURCE|MEMBER|LINE|MESSAGE
2026-02-14T12:48:01.9392|INFO|App.xaml.cs|OnStartup|170|Launched with command line arguments: --sequencefile C:\Users\nicka\Astro\NINA\NINA_Sequences\TargetScheduler.json --runsequence
2026-02-14T12:48:04.8044|INFO|CameraChooserVM.cs|GetEquipment|69|Found 2 ASI Cameras
2026-02-14T12:48:05.1664|INFO|CameraChooserVM.cs|GetEquipment|84|Found 0 Altair Cameras
2026-02-14T12:48:05.4521|INFO|CameraChooserVM.cs|GetEquipment|96|Found 0 Atik Cameras
2026-02-14T12:48:05.5543|INFO|CameraChooserVM.cs|GetEquipment|110|Found 0 FLI Cameras
2026-02-14T12:48:06.8318|INFO|CameraChooserVM.cs|GetEquipment|130|Found 0 QHYCCD Cameras
2026-02-14T12:48:07.3999|INFO|CameraChooserVM.cs|GetEquipment|158|Found 0 ToupTek Cameras
2026-02-14T12:48:07.7222|INFO|CameraChooserVM.cs|GetEquipment|173|Found 0 Ogma Cameras
2026-02-14T12:48:08.0425|INFO|CameraChooserVM.cs|GetEquipment|188|Found 0 Omegon Cameras
2026-02-14T12:48:08.5938|INFO|CameraChooserVM.cs|GetEquipment|203|Found 0 RisingCam Cameras
2026-02-14T12:48:08.7557|INFO|CameraChooserVM.cs|GetEquipment|218|Found 0 MallinCam Cameras
2026-02-14T12:48:08.9027|INFO|CameraChooserVM.cs|GetEquipment|243|Found 0 SVBony Cameras
2026-02-14T12:48:08.9061|INFO|CameraChooserVM.cs|GetEquipment|259|Found 0 SBIG Cameras
2026-02-14T12:48:13.5056|INFO|API.cs|Start|99|Starting Webserver
2026-02-14T12:48:13.5071|INFO|API.cs|APITask|134|starting web server, listening at 172.19.6.111:1888
2026-02-14T12:48:13.7054|INFO|NINALogWatcher.cs|Start|33|watching log file: C:\Users\nicka\AppData\Local\NINA\Logs\20260214-124800-3.2.0.9001.12180-202602.log
2026-02-14T12:48:13.7215|INFO|PluginLoader.cs|LoadPlugin|402|Successfully loaded plugin Advanced API version 2.2.14.4 by Christian Palm
2026-02-14T12:48:13.9132|INFO|PluginLoader.cs|LoadPlugin|402|Successfully loaded plugin Autofocus Report Analysis version 2.0.0.9 by Stefan Berg @isbeorn
2026-02-14T12:48:14.1281|INFO|PluginLoader.cs|LoadPlugin|402|Successfully loaded plugin Connector version 2.1.0.2 by Stefan Berg @isbeorn
2026-02-14T12:48:14.3823|INFO|PluginLoader.cs|LoadPlugin|402|Successfully loaded plugin Device Actions and Commands version 2.2.0.0 by Dale Ghent
2026-02-14T12:48:14.4736|INFO|ApplicationVM.cs|CheckDiskInfo|100|Available Space on Drive C:\: 131.67 GB
2026-02-14T12:48:14.4801|INFO|ApplicationVM.cs|CheckDiskInfo|102|Drive E:\ is not ready
2026-02-14T12:48:14.4817|INFO|ApplicationVM.cs|CheckDiskInfo|100|Available Space on Drive G:\: 41.48 GB
2026-02-14T12:48:14.4902|INFO|ApplicationVM.cs|CheckDiskInfo|100|Available Space on Drive Z:\: 33.71 GB
2026-02-14T12:48:15.4190|INFO|ApplicationVM.cs|CheckASCOMPlatformVersion|81|ASCOM Platform 6.6.2.4195 installed
2026-02-14T12:48:15.4378|INFO|PluginLoader.cs|LoadPlugin|402|Successfully loaded plugin Discord Alert version 2.2.0.0 by Drew McDermott
2026-02-14T12:48:17.0301|INFO|PluginLoader.cs|LoadPlugin|402|Successfully loaded plugin Discord Notification version 2.0.0.10 by Daniel Ludwig
2026-02-14T12:48:18.0581|INFO|DitherStatisticsVM.cs|CreatePluginIcon|1365|Plugin icon geometry created successfully
2026-02-14T12:48:18.0843|INFO|DitherStatisticsVM.cs|LoadDataTemplates|1334|DitherStatistics DataTemplates loaded successfully
2026-02-14T12:48:18.0878|INFO|DitherStatisticsVM.cs|SaveQualityAssessmentSetting|383|Quality Assessment setting saved to file: True
2026-02-14T12:48:18.0880|INFO|DitherStatisticsVM.cs|LoadQualityAssessmentSetting|360|Quality Assessment setting loaded from file: True
2026-02-14T12:48:18.0886|INFO|DitherStatisticsVM.cs|SubscribeToGuiderEvents|716|Subscribed to NINA guider events
2026-02-14T12:48:18.0922|ERROR|DitherStatisticsVM.cs|GetThemeColor|1319|Failed to get theme color 'PrimaryBrush': The calling thread cannot access this object because a different thread owns it.
2026-02-14T12:48:18.0924|INFO|DitherStatisticsVM.cs|StartThemeColorMonitoring|1211|Initial PrimaryBrush color: R:255 G:255 B:255
2026-02-14T12:48:18.0925|INFO|DitherStatisticsVM.cs|.ctor|92|DitherStatisticsVM initialized successfully with ScottPlot 4.1 (Lazy Loading)!
2026-02-14T12:48:18.0929|INFO|DitherStatisticsVM.cs|StartThemeColorMonitoring|1220|Theme color monitoring timer started on UI thread
2026-02-14T12:48:18.0930|INFO|PluginLoader.cs|LoadPlugin|402|Successfully loaded plugin Dither Statistics version 1.2.0.4 by Thierry Tschanz
2026-02-14T12:48:18.2823|INFO|PluginLoader.cs|LoadPlugin|402|Successfully loaded plugin Filter Offset Calculator version 2.0.0.0 by S. Dimant & Stefan Berg
2026-02-14T12:48:18.5045|INFO|PluginLoader.cs|LoadPlugin|402|Successfully loaded plugin Flexure Correction version 0.8.0.0 by Francesco Meschia
2026-02-14T12:48:18.5889|INFO|DitherStatisticsVM.cs|OnThemeColorTimerTick|1239|Theme color CHANGED! Old: R:255 G:255 B:255 -> New: R:176 G:179 B:185
2026-02-14T12:48:18.6948|INFO|DitherStatisticsVM.cs|PixelShiftPlot|132|PixelShiftPlot created (lazy loading)
2026-02-14T12:48:18.7253|INFO|DitherStatisticsVM.cs|SettleTimePlot|173|SettleTimePlot created (lazy loading)
2026-02-14T12:48:20.0917|INFO|DitherStatisticsVM.cs|ConnectToPHD2|590|Attempting to connect to PHD2...
2026-02-14T12:48:20.0933|INFO|PHD2Client.cs|ConnectAsync|48|PHD2Client: Connecting to PHD2 at 127.0.0.1:4400...
2026-02-14T12:48:21.1751|INFO|PluginLoader.cs|LoadPlugin|402|Successfully loaded plugin Ground Station version 3.0.0.117 by Dale Ghent
2026-02-14T12:48:22.1238|ERROR|PHD2Client.cs|ConnectAsync|69|PHD2Client: Connection failed: No connection could be made because the target machine actively refused it.
2026-02-14T12:48:22.1243|INFO|DitherStatisticsVM.cs|OnPHD2ConnectionStatusChanged|619|PHD2 Connection Status: Connection failed: No connection could be made because the target machine actively refused it.
2026-02-14T12:48:32.3637|INFO|PluginLoader.cs|LoadPlugin|402|Successfully loaded plugin Hocus Focus version 3.0.0.24 by George Hilios (jokogeo)
2026-02-14T12:48:33.2474|INFO|PluginLoader.cs|LoadPlugin|402|Successfully loaded plugin Horizon Creator version 1.1.2.1 by Christian Palm
2026-02-14T12:48:33.4547|INFO|PluginLoader.cs|LoadPlugin|402|Successfully loaded plugin Lightbucket version 2.2.4.0 by Lightbucket
2026-02-14T12:48:34.3163|INFO|PluginLoader.cs|LoadPlugin|402|Successfully loaded plugin Livestack version 1.0.1.7 by Stefan Berg @isbeorn
2026-02-14T12:48:34.5284|INFO|PluginLoader.cs|LoadPlugin|402|Successfully loaded plugin Log Viewer version 1.0.0.2 by Alexander Wrede @astro_alex80
2026-02-14T12:48:34.7201|INFO|PluginLoader.cs|LoadPlugin|402|Successfully loaded plugin Moon Angle version 2.2.0.0 by Dale Ghent
2026-02-14T12:48:35.0460|INFO|PluginLoader.cs|LoadPlugin|402|Successfully loaded plugin Phd2 Tools version 1.0.6.0 by Stefan Berg @isbeorn
2026-02-14T12:48:35.3885|INFO|PluginLoader.cs|LoadPlugin|402|Successfully loaded plugin PixInsight Tools version 1.0.0.3 by Stefan Berg
2026-02-14T12:48:36.1297|INFO|PluginLoader.cs|LoadPlugin|402|Successfully loaded plugin Point3D version 0.2.3.0 by Drew McDermott
2026-02-14T12:48:36.4264|INFO|PluginLoader.cs|LoadPlugin|402|Successfully loaded plugin Scope Control version 2.0.2.1 by Stefan Berg @isbeorn
2026-02-14T12:48:38.1029|WARNING|When.cs|GetRunningItem|143|Can't get running items: SequencerNavigation not initialized yet!
2026-02-14T12:48:38.3913|INFO|PluginLoader.cs|LoadPlugin|402|Successfully loaded plugin Sequencer Powerups version 3.29.0.3 by Marc Blank
2026-02-14T12:48:39.1492|INFO|PluginLoader.cs|LoadPlugin|402|Successfully loaded plugin Session Metadata version 2.6.3.0 by Tom Palmer @tcpalmer
2026-02-14T12:48:39.2810|INFO|PluginLoader.cs|LoadPlugin|402|Successfully loaded plugin Shutdown PC version 2.2.0.0 by Dale Ghent
2026-02-14T12:48:39.5418|INFO|PluginLoader.cs|LoadPlugin|402|Successfully loaded plugin SkyFlats version 1.0.0.4 by Gerald Hitz (@photon)
2026-02-14T12:48:39.9374|INFO|PluginLoader.cs|LoadPlugin|402|Successfully loaded plugin Smart Filters version 1.0.0.3 by Benoit SAINTOT
2026-02-14T12:48:40.4305|INFO|PluginLoader.cs|LoadPlugin|402|Successfully loaded plugin Target Planning version 3.2.1.0 by Tom Palmer @tcpalmer
2026-02-14T12:48:43.1140|WARNING|When.cs|GetRunningItem|143|Can't get running items: SequencerNavigation not initialized yet!
2026-02-14T12:48:43.9780|INFO|PluginLoader.cs|LoadPlugin|402|Successfully loaded plugin Target Scheduler version 5.8.3.2 by Tom Palmer @tcpalmer
2026-02-14T12:48:44.3980|INFO|PluginLoader.cs|LoadPlugin|402|Successfully loaded plugin Three Point Polar Alignment version 2.2.4.3 by Stefan Berg @isbeorn
2026-02-14T12:48:45.8518|INFO|SessionHistoryManager.cs|PurgeHistoryOlderThan|102|purging web session history older than 10 days
2026-02-14T12:48:45.9360|INFO|PluginLoader.cs|LoadPlugin|402|Successfully loaded plugin Web Session History Viewer version 2.2.1.0 by Tom Palmer @tcpalmer
2026-02-14T12:48:46.3267|INFO|PluginFetcher.cs|RequestAll|43|Fetching plugin manifests from https://nighttime-imaging.eu/wp-json/nina/v1/plugins/manifests
2026-02-14T12:48:46.5255|INFO|RotatorChooserVM.cs|GetEquipment|45|Found 1 Networked Rotator Rotators
2026-02-14T12:48:46.5967|INFO|CameraChooserVM.cs|GetEquipment|279|Found 0 SVBony Cameras
2026-02-14T12:48:46.6766|INFO|FilterWheelChooserVM.cs|GetEquipment|167|Found 1 Networked Filter Wheel Filter Wheels
2026-02-14T12:48:46.7319|INFO|CameraChooserVM.cs|GetEquipment|279|Found 0 PlayerOne Cameras
2026-02-14T12:48:46.8282|INFO|CameraChooserVM.cs|GetEquipment|279|Found 0 ASTPAN Cameras
2026-02-14T12:48:46.8306|INFO|CameraChooserVM.cs|GetEquipment|293|Found 4 ASCOM Cameras
2026-02-14T12:48:46.9767|INFO|Sequence2VM.cs|TryLoadSequenceFile|414|Loading sequence file: C:\Users\nicka\Astro\NINA\NINA_Sequences\TargetScheduler.json
2026-02-14T12:48:47.6415|INFO|Sequence2VM.cs|TryLoadSequenceFile|420|Starting sequence from command line options
2026-02-14T12:48:47.6450|INFO|Sequence2VM.cs|StartSequence|543|Advanced Sequence starting
2026-02-14T12:48:48.7740|INFO|RotatorChooserVM.cs|GetEquipment|68|Found 0 Alpaca Rotators
2026-02-14T12:48:49.2283|INFO|PluginFetcher.cs|RequestAll|57|Found 72 valid plugins at https://nighttime-imaging.eu/wp-json/nina/v1/plugins/manifests
2026-02-14T12:48:49.3206|INFO|FilterWheelChooserVM.cs|GetEquipment|193|Found 0 Alpaca Filter Wheels
2026-02-14T12:48:49.3232|INFO|TelescopeChooserVM.cs|GetEquipment|69|Found 0 Alpaca Telescopes
2026-02-14T12:48:49.3266|INFO|CameraChooserVM.cs|GetEquipment|305|Found 0 Alpaca Cameras
2026-02-14T12:48:49.3388|INFO|CameraChooserVM.cs|GetEquipment|318|Found 0 Canon Cameras
2026-02-14T12:48:49.3530|INFO|DockManagerVM.cs|InitializeAvalonDockLayout|366|Initializing imaging tab layout from C:\Users\nicka\AppData\Local\NINA\Profiles\0173997c-4bfa-48fd-9337-a48b6df99c38.dock.config
2026-02-14T12:48:49.3540|INFO|DomeChooserVM.cs|GetEquipment|67|Found 0 Alpaca Domes
2026-02-14T12:48:49.3558|INFO|FlatDeviceChooserVM.cs|GetEquipment|67|Found 0 Alpaca Cover Calibrators
2026-02-14T12:48:49.3655|INFO|SwitchChooserVM.cs|GetEquipment|71|Found 0 Alpaca Switch Hubs
2026-02-14T12:48:49.3674|INFO|WeatherDataChooserVM.cs|GetEquipment|69|Found 0 Alpaca Observing Conditions
2026-02-14T12:48:49.3710|INFO|SafetyMonitorChooserVM.cs|GetEquipment|71|Found 0 Alpaca Safety Monitors
2026-02-14T12:48:49.6062|INFO|SequenceItem.cs|Run|208|Starting Category: * Instruction Set *, Container: NINA.Sequencer.Container.SequenceRootContainer, Strategy: SequentialStrategy, Items[CREATED]: 3, Triggers: Category: Ground Station, Item: Failures to Telegram
2026-02-14T12:48:49.6656|INFO|SequenceItem.cs|Run|208|Starting Category: * Instruction Set *, Container: NINA.Sequencer.Container.StartAreaContainer, Strategy: SequentialStrategy, Items[CREATED]: 1
2026-02-14T12:48:49.6662|INFO|SequenceItem.cs|Run|208|Starting Category: * Instruction Set *, Container: NINA.Sequencer.Container.SequentialContainer, Strategy: SequentialStrategy, Items[CREATED]: 10
2026-02-14T12:48:49.6667|INFO|SequenceItem.cs|Run|208|Starting Category: Ground Station, Item: Send to Pushover, Title: Start
2026-02-14T12:48:49.8990|INFO|SequenceItem.cs|Run|254|Finishing Category: Ground Station, Item: Send to Pushover, Title: Start
2026-02-14T12:48:49.9034|INFO|SequenceItem.cs|Run|208|Starting Category: Utility, Item: WaitForTime, Time: 17:57:14h, Offset: -80
2026-02-14T12:48:51.0339|INFO|FocuserChooserVM.cs|GetEquipment|84|Found 0 Alpaca Focusers
2026-02-14T17:57:29.8151|INFO|SequenceItem.cs|Run|254|Finishing Category: Utility, Item: WaitForTime, Time: 17:57:14h, Offset: -80
2026-02-14T17:57:29.8176|INFO|SequenceItem.cs|Run|208|Starting Category: Ground Station, Item: Send to Telegram
2026-02-14T17:57:30.6179|INFO|SequenceItem.cs|Run|254|Finishing Category: Ground Station, Item: Send to Telegram
2026-02-14T17:57:30.6182|INFO|SequenceItem.cs|Run|208|Starting Category: Ground Station, Item: Send to Pushover, Title: Configure Equipment
2026-02-14T17:57:30.7716|INFO|SequenceItem.cs|Run|254|Finishing Category: Ground Station, Item: Send to Pushover, Title: Configure Equipment
2026-02-14T17:57:30.7730|INFO|SequenceItem.cs|Run|208|Starting Category: Connect, Item: ConnectAllEquipment
2026-02-14T17:57:30.8131|INFO|CameraChooserVM.cs|GetEquipment|69|Found 2 ASI Cameras
2026-02-14T17:57:30.8771|INFO|CameraChooserVM.cs|GetEquipment|84|Found 0 Altair Cameras
2026-02-14T17:57:30.8773|INFO|CameraChooserVM.cs|GetEquipment|96|Found 0 Atik Cameras
2026-02-14T17:57:30.8779|INFO|CameraChooserVM.cs|GetEquipment|110|Found 0 FLI Cameras
2026-02-14T17:57:30.8782|INFO|CameraChooserVM.cs|GetEquipment|130|Found 0 QHYCCD Cameras
2026-02-14T17:57:31.0281|INFO|CameraChooserVM.cs|GetEquipment|158|Found 0 ToupTek Cameras
2026-02-14T17:57:31.0331|INFO|CameraChooserVM.cs|GetEquipment|173|Found 0 Ogma Cameras
2026-02-14T17:57:31.0464|INFO|CameraChooserVM.cs|GetEquipment|188|Found 0 Omegon Cameras
2026-02-14T17:57:31.1991|INFO|CameraChooserVM.cs|GetEquipment|203|Found 0 RisingCam Cameras
2026-02-14T17:57:31.2131|INFO|CameraChooserVM.cs|GetEquipment|218|Found 0 MallinCam Cameras
2026-02-14T17:57:31.2147|INFO|CameraChooserVM.cs|GetEquipment|243|Found 0 SVBony Cameras
2026-02-14T17:57:31.2171|INFO|CameraChooserVM.cs|GetEquipment|259|Found 0 SBIG Cameras
2026-02-14T17:57:31.2178|INFO|CameraChooserVM.cs|GetEquipment|279|Found 0 SVBony Cameras
2026-02-14T17:57:31.2182|INFO|CameraChooserVM.cs|GetEquipment|279|Found 0 PlayerOne Cameras
2026-02-14T17:57:31.2258|INFO|CameraChooserVM.cs|GetEquipment|279|Found 0 ASTPAN Cameras
2026-02-14T17:57:31.2266|INFO|CameraChooserVM.cs|GetEquipment|293|Found 4 ASCOM Cameras
2026-02-14T17:57:33.2284|INFO|CameraChooserVM.cs|GetEquipment|305|Found 0 Alpaca Cameras
2026-02-14T17:57:33.2353|INFO|CameraChooserVM.cs|GetEquipment|318|Found 0 Canon Cameras
2026-02-14T17:57:33.3184|INFO|CameraVM.cs|Disconnect|650|Disconnected Camera
2026-02-14T17:57:33.8923|WARNING|ASICamera.cs|SetControlValue|568|Failed to set ASI Control Value ASI_WB_B with value 50
2026-02-14T17:57:33.8925|WARNING|ASICamera.cs|SetControlValue|568|Failed to set ASI Control Value ASI_WB_R with value 50
2026-02-14T17:57:33.8925|WARNING|ASICamera.cs|SetControlValue|568|Failed to set ASI Control Value ASI_GAMMA with value 50
2026-02-14T17:57:33.8926|WARNING|ASICamera.cs|SetControlValue|568|Failed to set ASI Control Value ASI_HIGH_SPEED_MODE with value 0
2026-02-14T17:57:33.8926|WARNING|ASICamera.cs|SetControlValue|568|Failed to set ASI Control Value ASI_OVERCLOCK with value 0
2026-02-14T17:57:33.8928|WARNING|ASICamera.cs|SetControlValue|568|Failed to set ASI Control Value ASI_PATTERN_ADJUST with value 0
2026-02-14T17:57:33.8937|WARNING|ASICamera.cs|SetControlValue|568|Failed to set ASI Control Value ASI_MONO_BIN with value 0
2026-02-14T17:57:33.8948|INFO|ASICamera.cs|Initialize|664|Camera ID: ASI533MM
2026-02-14T17:57:33.9048|WARNING|ASICamera.cs|SetControlValue|568|Failed to set ASI Control Value ASI_ANTI_DEW_HEATER with value 0
2026-02-14T17:57:33.9576|INFO|CameraVM.cs|ChooseCamera|455|Successfully connected Camera. Id: ZWOptical_ZWO ASI533MM Pro_ASI533MM Name: ZWO ASI533MM Pro DisplayName: ZWO ASI533MM Pro (ASI533MM)Driver Version: 1, 39, 0, 0
2026-02-14T17:57:34.5070|INFO|FilterWheelChooserVM.cs|GetEquipment|167|Found 1 Networked Filter Wheel Filter Wheels
2026-02-14T17:57:36.5083|INFO|FilterWheelChooserVM.cs|GetEquipment|193|Found 0 Alpaca Filter Wheels
2026-02-14T17:57:36.5413|INFO|FilterWheelVM.cs|Disconnect|333|Disconnected Filter Wheel
2026-02-14T17:57:39.9840|INFO|FilterWheelVM.cs|ChooseFW|279|Successfully connected Filter Wheel. Id: ASCOM.EFW2.FilterWheel Name: ZWO FilterWheel DisplayName: ZWO FilterWheel (ASCOM) Driver Version: 6.0
2026-02-14T17:57:43.8365|INFO|FocuserChooserVM.cs|GetEquipment|84|Found 0 Alpaca Focusers
2026-02-14T17:57:43.8554|INFO|FocuserVM.cs|Disconnect|441|Disconnected Focuser
2026-02-14T17:57:45.1307|ERROR|AscomDevice.cs|GetProperty|546|An unexpected exception occurred during GET of Focuser.StepSize: 
ASCOM.DriverException: The method or operation is not implemented.
 ---> System.NotImplementedException: The method or operation is not implemented.
   --- End of inner exception stack trace ---
   at ASCOM.Com.DriverAccess.DynamicAccess.CheckDotNetExceptions(String memberName, Exception e) in J:\ASCOMLibrary\ASCOM.Com\ASCOM.Com.DriverAccess\BaseClass\DynamicAccess.cs:line 278
   at ASCOM.Com.DriverAccess.DynamicAccess.TryGetMember(GetMemberBinder binder, Object& result) in J:\ASCOMLibrary\ASCOM.Com\ASCOM.Com.DriverAccess\BaseClass\DynamicAccess.cs:line 150
   at CallSite.Target(Closure, CallSite, Object)
   at System.Dynamic.UpdateDelegates.UpdateAndExecute1[T0,TRet](CallSite site, T0 arg0)
   at ASCOM.Com.DriverAccess.Focuser.get_StepSize() in J:\ASCOMLibrary\ASCOM.Com\ASCOM.Com.DriverAccess\Focuser.cs:line 159
   at System.RuntimeMethodHandle.InvokeMethod(Object target, Void** arguments, Signature sig, Boolean isConstructor)
   at System.Reflection.MethodBaseInvoker.InvokeWithNoArgs(Object obj, BindingFlags invokeAttr)
2026-02-14T17:57:45.3430|INFO|AscomDevice.cs|GetProperty|485|Retrying to GET Focuser.StepSize - Attempt 2 / 3
2026-02-14T17:57:45.3448|ERROR|AscomDevice.cs|GetProperty|546|An unexpected exception occurred during GET of Focuser.StepSize: 
ASCOM.DriverException: The method or operation is not implemented.
 ---> System.NotImplementedException: The method or operation is not implemented.
   --- End of inner exception stack trace ---
   at ASCOM.Com.DriverAccess.DynamicAccess.CheckDotNetExceptions(String memberName, Exception e) in J:\ASCOMLibrary\ASCOM.Com\ASCOM.Com.DriverAccess\BaseClass\DynamicAccess.cs:line 278
   at ASCOM.Com.DriverAccess.DynamicAccess.TryGetMember(GetMemberBinder binder, Object& result) in J:\ASCOMLibrary\ASCOM.Com\ASCOM.Com.DriverAccess\BaseClass\DynamicAccess.cs:line 150
   at CallSite.Target(Closure, CallSite, Object)
   at ASCOM.Com.DriverAccess.Focuser.get_StepSize() in J:\ASCOMLibrary\ASCOM.Com\ASCOM.Com.DriverAccess\Focuser.cs:line 159
   at InvokeStub_Focuser.get_StepSize(Object, Object, IntPtr*)
   at System.Reflection.MethodBaseInvoker.InvokeWithNoArgs(Object obj, BindingFlags invokeAttr)
2026-02-14T17:57:45.5457|INFO|AscomDevice.cs|GetProperty|485|Retrying to GET Focuser.StepSize - Attempt 3 / 3
2026-02-14T17:57:45.5478|ERROR|AscomDevice.cs|GetProperty|546|An unexpected exception occurred during GET of Focuser.StepSize: 
ASCOM.DriverException: The method or operation is not implemented.
 ---> System.NotImplementedException: The method or operation is not implemented.
   --- End of inner exception stack trace ---
   at ASCOM.Com.DriverAccess.DynamicAccess.CheckDotNetExceptions(String memberName, Exception e) in J:\ASCOMLibrary\ASCOM.Com\ASCOM.Com.DriverAccess\BaseClass\DynamicAccess.cs:line 278
   at ASCOM.Com.DriverAccess.DynamicAccess.TryGetMember(GetMemberBinder binder, Object& result) in J:\ASCOMLibrary\ASCOM.Com\ASCOM.Com.DriverAccess\BaseClass\DynamicAccess.cs:line 150
   at CallSite.Target(Closure, CallSite, Object)
   at ASCOM.Com.DriverAccess.Focuser.get_StepSize() in J:\ASCOMLibrary\ASCOM.Com\ASCOM.Com.DriverAccess\Focuser.cs:line 159
   at InvokeStub_Focuser.get_StepSize(Object, Object, IntPtr*)
   at System.Reflection.MethodBaseInvoker.InvokeWithNoArgs(Object obj, BindingFlags invokeAttr)
2026-02-14T17:57:45.5487|INFO|AscomDevice.cs|GetProperty|556|GET Focuser.StepSize failed - Returning last known value 0
2026-02-14T17:57:45.8040|INFO|FocuserVM.cs|ChooseFocuser|333|Successfully connected Focuser. Id: ASCOM.EAF.Focuser Name: ZWO Focuser DisplayName: ZWO Focuser (ASCOM) Driver Version: 6.0
2026-02-14T17:57:47.8068|INFO|TelescopeChooserVM.cs|GetEquipment|69|Found 0 Alpaca Telescopes
2026-02-14T17:57:47.8765|INFO|TelescopeVM.cs|Disconnect|740|Disconnected mount
2026-02-14T17:57:50.5893|INFO|AscomTelescope.cs|CheckMountTime|845|Mount UTC Time: 2026-02-14 23:57:50Z / System UTC Time: 2026-02-14 23:57:50Z; Difference: 0.004 seconds
2026-02-14T17:57:50.6290|INFO|AscomTelescope.cs|CheckMountTime|852|System time has been synced to the mount
2026-02-14T17:57:50.8535|INFO|TelescopeVM.cs|ChooseTelescope|535|Successfully connected mount. Id: ASCOM.iOptron2017.Telescope Name: iOptron CEM120,70,40,26, GEM, HEM, HAE, HAZ series and SkyHunter Mount DisplayName: iOptron CEM120,70,40,26, GEM, HEM, HAE, HAZ series and SkyHunter Mount (ASCOM) Driver Version: 9.15
2026-02-14T17:57:50.8654|INFO|PHD2Guider.cs|Connect|205|Connecting to PHD2 server at 127.0.0.1:4400
2026-02-14T17:57:54.2236|INFO|PHD2Client.cs|ConnectAsync|62|PHD2Client: Connected successfully!
2026-02-14T17:57:54.2238|INFO|DitherStatisticsVM.cs|OnPHD2ConnectionStatusChanged|616|PHD2 Connection Status: Connected
2026-02-14T17:57:54.2238|INFO|DitherStatisticsVM.cs|ConnectToPHD2|595|Successfully connected to PHD2!
2026-02-14T17:57:54.2251|INFO|PHD2Client.cs|ReadEventsAsync|102|PHD2Client: Started reading events
2026-02-14T17:57:55.5635|INFO|PHD2Client.cs|HandleVersion|256|PHD2Client: Connected to PHD2 version 2.6.14. (Message Protocol v1)
2026-02-14T17:57:55.5646|INFO|PHD2Client.cs|HandleAppState|266|PHD2Client: PHD2 AppState: Stopped
2026-02-14T17:57:58.3923|INFO|WeatherDataChooserVM.cs|GetEquipment|69|Found 0 Alpaca Observing Conditions
2026-02-14T17:57:58.4455|INFO|WeatherDataVM.cs|Disconnect|305|Disconnected Weather Device
2026-02-14T17:58:00.0514|INFO|AscomDevice.cs|GetProperty|527|Property ObservingConditions.SkyQuality GET is not implemented in this driver (SkyAlert Observing Conditions)
2026-02-14T17:58:00.0589|INFO|AscomDevice.cs|GetProperty|527|Property ObservingConditions.StarFWHM GET is not implemented in this driver (SkyAlert Observing Conditions)
2026-02-14T17:58:00.0722|INFO|WeatherDataVM.cs|ChooseWeatherData|150|Successfully connected Weather Device. Id: ASCOM.SkyAlert.ObservingConditions Name: SkyAlert Observing Conditions DisplayName: SkyAlert Observing Conditions (ASCOM) Driver Version: 1.7
2026-02-14T17:58:02.0758|INFO|SafetyMonitorChooserVM.cs|GetEquipment|71|Found 0 Alpaca Safety Monitors
2026-02-14T17:58:02.1133|INFO|SafetyMonitorVM.cs|Disconnect|221|Disconnected Safety Monitor
2026-02-14T17:58:02.5660|INFO|SafetyMonitorVM.cs|Connect|175|Successfully connected Safety Monitor. Id: ASCOM.GenericFile.SafetyMonitor Name: Generic File driver DisplayName: Generic File driver (ASCOM) Driver Version: 6.4
2026-02-14T17:58:02.5664|INFO|SequenceItem.cs|Run|254|Finishing Category: Connect, Item: ConnectAllEquipment
2026-02-14T17:58:02.5671|INFO|SequenceItem.cs|Run|208|Starting Category: Telescope, Item: FindHome
2026-02-14T17:58:02.5730|INFO|PHD2Guider.cs|StopGuiding|704|Phd2 - Stop Guiding skipped, as the app is already in state Stopped
2026-02-14T17:58:02.5748|INFO|TelescopeVM.cs|FindHome|292|Mount ordered to locate home position
2026-02-14T17:58:02.5775|INFO|TelescopeVM.cs|FindHome|336|Mount ordered to home but it is already at home
2026-02-14T17:58:02.5778|INFO|TelescopeVM.cs|FindHome|348|Mount has located its home position
2026-02-14T17:58:02.5787|INFO|SequenceItem.cs|Run|254|Finishing Category: Telescope, Item: FindHome
2026-02-14T17:58:02.5789|INFO|SequenceItem.cs|Run|208|Starting Category: Ground Station, Item: Send to Telegram
2026-02-14T17:58:03.2182|INFO|SequenceItem.cs|Run|254|Finishing Category: Ground Station, Item: Send to Telegram
2026-02-14T17:58:03.2188|INFO|SequenceItem.cs|Run|208|Starting Category: Ground Station, Item: Send to Pushover, Title: Cool
2026-02-14T17:58:03.3856|INFO|SequenceItem.cs|Run|254|Finishing Category: Ground Station, Item: Send to Pushover, Title: Cool
2026-02-14T17:58:03.3865|INFO|SequenceItem.cs|Run|208|Starting Category: Camera, Item: CoolCamera, Temperature: -15, Duration: 60
2026-02-14T17:58:03.3902|INFO|CameraVM.cs|CoolCamera|138|Cooling Camera. Target: -15 Duration: 01:00:00
2026-02-14T17:58:04.5713|INFO|SafetyMonitorVM.cs|UpdateMonitorValues|95|SafetyMonitorInfo state changed to Unsafe
2026-02-14T18:58:13.0671|INFO|SequenceItem.cs|Run|254|Finishing Category: Camera, Item: CoolCamera, Temperature: -15, Duration: 60
2026-02-14T18:58:13.0679|INFO|SequenceItem.cs|Run|208|Starting Category: Utility, Item: WaitForTime, Time: 19:2:14h, Offset: -15
2026-02-14T19:02:14.2394|INFO|SequenceItem.cs|Run|254|Finishing Category: Utility, Item: WaitForTime, Time: 19:2:14h, Offset: -15
2026-02-14T19:02:14.2482|INFO|SequenceItem.cs|Run|254|Finishing Category: * Instruction Set *, Container: NINA.Sequencer.Container.SequentialContainer, Strategy: SequentialStrategy, Items[FINISHED]: 10
2026-02-14T19:02:14.2489|INFO|SequenceItem.cs|Run|254|Finishing Category: * Instruction Set *, Container: NINA.Sequencer.Container.StartAreaContainer, Strategy: SequentialStrategy, Items[FINISHED]: 1
2026-02-14T19:02:14.2497|INFO|SequenceItem.cs|Run|208|Starting Category: * Instruction Set *, Container: NINA.Sequencer.Container.TargetAreaContainer, Strategy: SequentialStrategy, Items[CREATED]: 1
2026-02-14T19:02:14.2538|INFO|SequenceItem.cs|Run|208|Starting Category: * Instruction Set *, Container: NINA.Sequencer.Container.SequentialContainer, Strategy: SequentialStrategy, Items[CREATED]: 10, Conditions: Condition: TimeCondition, Time: 6:25:34h, Condition: TargetSchedulerCondition mode=While Targets Remain Tonight, , Triggers: Trigger: CenterAfterDriftTrigger, DistanceArcMinutes: 1Trigger: WhenUnsafeCategory: Ground Station, Item: Failures to TelegramCategory: Connect, Item: ReconnectOnDownloadFailureTrigger: AutofocusAfterHFRIncreaseTrigger, Amount: 5Trigger: MeridianFlipTriggerCategory: Powerups (Misc), Item: DIYTriggerCategory: Ground Station, Item: Failures to Pushover
2026-02-14T19:02:14.2591|INFO|WhenCommon.cs|SequenceBlockInitialize|204|Initialize; starting watchdog
2026-02-14T19:02:14.2679|INFO|WhenUnsafe.cs|CheckSafe|77|IsSafe is now FALSE; connected = True, IsSafe = False
2026-02-14T19:02:14.2681|INFO|WhenCommon.cs|ShouldTrigger|378|ShouldTrigger TRUE from InterruptWhen, setting TriggerRunner
2026-02-14T19:02:14.2683|INFO|WhenCommon.cs|InterruptWhen|322|Interrupting current Instruction Set
2026-02-14T19:02:14.2715|INFO|WhenCommon.cs|InterruptWhen|332|Canceling sequence...
2026-02-14T19:02:15.2733|INFO|WhenCommon.cs|InterruptWhen|336|Delay 1000
2026-02-14T19:02:16.2728|INFO|WhenCommon.cs|InterruptWhen|336|Delay 1000
2026-02-14T19:02:17.2737|INFO|WhenCommon.cs|InterruptWhen|336|Delay 1000
2026-02-14T19:02:18.2740|INFO|WhenCommon.cs|InterruptWhen|336|Delay 1000
2026-02-14T19:02:19.2744|INFO|WhenCommon.cs|InterruptWhen|336|Delay 1000
2026-02-14T19:02:20.2752|INFO|WhenCommon.cs|InterruptWhen|336|Delay 1000
2026-02-14T19:02:21.2761|INFO|WhenCommon.cs|InterruptWhen|336|Delay 1000
2026-02-14T19:02:22.2765|INFO|WhenCommon.cs|InterruptWhen|336|Delay 1000
2026-02-14T19:02:23.2776|INFO|WhenCommon.cs|InterruptWhen|336|Delay 1000
2026-02-14T19:02:24.2784|INFO|WhenCommon.cs|InterruptWhen|336|Delay 1000
2026-02-14T19:02:25.2789|INFO|WhenCommon.cs|InterruptWhen|336|Delay 1000
2026-02-14T19:02:26.2804|INFO|WhenCommon.cs|InterruptWhen|336|Delay 1000
2026-02-14T19:02:27.2814|INFO|WhenCommon.cs|InterruptWhen|336|Delay 1000
2026-02-14T19:02:27.3182|INFO|WhenCommon.cs|SequenceBlockTeardown|198|Teardown; shutting down watchdog
2026-02-14T19:02:27.3264|INFO|Sequencer.cs|Start|85|Sequence run was cancelled
2026-02-14T19:02:27.3452|INFO|Sequence2VM.cs|StartSequence|548|Advanced Sequence finished
2026-02-14T19:02:28.2914|INFO|WhenCommon.cs|InterruptWhen|339|Sequence no longer running
2026-02-14T19:02:28.2924|WARNING|WhenCommon.cs|CheckSlewing|263|CheckSlewing, WhenUnsafe = True, Connected = True, CanSlew = True, info.Slewing = False
2026-02-14T19:02:28.2934|INFO|Sequence2VM.cs|StartSequence|543|Advanced Sequence starting
2026-02-14T19:02:28.3416|INFO|SequenceItem.cs|Run|208|Starting Category: * Instruction Set *, Container: NINA.Sequencer.Container.SequenceRootContainer, Strategy: SequentialStrategy, Items[CREATED]: 3, Triggers: Category: Ground Station, Item: Failures to Telegram
2026-02-14T19:02:28.3506|INFO|SequenceItem.cs|Run|208|Starting Category: * Instruction Set *, Container: NINA.Sequencer.Container.StartAreaContainer, Strategy: SequentialStrategy, Items[FINISHED]: 1
2026-02-14T19:02:28.3508|INFO|SequenceItem.cs|Run|254|Finishing Category: * Instruction Set *, Container: NINA.Sequencer.Container.StartAreaContainer, Strategy: SequentialStrategy, Items[FINISHED]: 1
2026-02-14T19:02:28.3509|INFO|SequenceItem.cs|Run|208|Starting Category: * Instruction Set *, Container: NINA.Sequencer.Container.TargetAreaContainer, Strategy: SequentialStrategy, Items[CREATED]: 1
2026-02-14T19:02:28.3510|INFO|SequenceItem.cs|Run|208|Starting Category: * Instruction Set *, Container: NINA.Sequencer.Container.SequentialContainer, Strategy: SequentialStrategy, Items[CREATED]: 10, Conditions: Condition: TimeCondition, Time: 6:25:34h, Condition: TargetSchedulerCondition mode=While Targets Remain Tonight, , Triggers: Trigger: CenterAfterDriftTrigger, DistanceArcMinutes: 1Trigger: WhenUnsafeCategory: Ground Station, Item: Failures to TelegramCategory: Connect, Item: ReconnectOnDownloadFailureTrigger: AutofocusAfterHFRIncreaseTrigger, Amount: 5Trigger: MeridianFlipTriggerCategory: Powerups (Misc), Item: DIYTriggerCategory: Ground Station, Item: Failures to Pushover
2026-02-14T19:02:28.3515|INFO|WhenCommon.cs|SequenceBlockInitialize|204|Initialize; starting watchdog
2026-02-14T19:02:28.3530|INFO|WhenCommon.cs|ShouldTrigger|382|ShouldTrigger TRUE, setting TriggerRunner
2026-02-14T19:02:28.3550|INFO|SequenceTrigger.cs|Run|114|Starting Trigger: WhenUnsafe
2026-02-14T19:02:28.3650|INFO|WhenCommon.cs|Execute|395|Execute 0
2026-02-14T19:02:28.3652|INFO|WhenCommon.cs|Execute|409|When: running TriggerRunner, InFlight -> true, Triggered -> false
2026-02-14T19:02:28.3653|WARNING|WhenCommon.cs|CheckSlewing|263|CheckSlewing, WhenUnsafe = True, Connected = True, CanSlew = True, info.Slewing = False
2026-02-14T19:02:28.3655|INFO|SequenceItem.cs|Run|208|Starting Category: , Container: WhenPlugin.When.IfContainer, Strategy: SequentialStrategy, Items[CREATED]: 9
2026-02-14T19:02:28.3712|INFO|MeridianFlipTrigger.cs|ShouldTrigger|197|Meridian Flip - Telescope is at home position. Skip flip evaluation
2026-02-14T19:02:28.3721|INFO|SequenceItem.cs|Run|208|Starting Category: Ground Station, Item: Send to Telegram
2026-02-14T19:02:29.1188|INFO|SequenceItem.cs|Run|254|Finishing Category: Ground Station, Item: Send to Telegram
2026-02-14T19:02:29.1219|INFO|MeridianFlipTrigger.cs|ShouldTrigger|197|Meridian Flip - Telescope is at home position. Skip flip evaluation
2026-02-14T19:02:29.1223|INFO|SequenceItem.cs|Run|208|Starting Category: Ground Station, Item: Send to Pushover, Title: Unsafe
2026-02-14T19:02:29.2941|INFO|SequenceItem.cs|Run|254|Finishing Category: Ground Station, Item: Send to Pushover, Title: Unsafe
2026-02-14T19:02:29.2953|INFO|MeridianFlipTrigger.cs|ShouldTrigger|197|Meridian Flip - Telescope is at home position. Skip flip evaluation
2026-02-14T19:02:29.2958|INFO|SequenceItem.cs|Run|208|Starting Category: Telescope, Item: FindHome
2026-02-14T19:02:29.3019|INFO|PHD2Guider.cs|StopGuiding|704|Phd2 - Stop Guiding skipped, as the app is already in state Stopped
2026-02-14T19:02:29.3022|INFO|TelescopeVM.cs|FindHome|292|Mount ordered to locate home position
2026-02-14T19:02:29.3030|INFO|TelescopeVM.cs|FindHome|336|Mount ordered to home but it is already at home
2026-02-14T19:02:29.3031|INFO|TelescopeVM.cs|FindHome|348|Mount has located its home position
2026-02-14T19:02:29.3034|INFO|SequenceItem.cs|Run|254|Finishing Category: Telescope, Item: FindHome
2026-02-14T19:02:29.3041|INFO|MeridianFlipTrigger.cs|ShouldTrigger|197|Meridian Flip - Telescope is at home position. Skip flip evaluation
2026-02-14T19:02:29.3054|INFO|SequenceItem.cs|Run|208|Starting Category: Guider, Item: StopGuiding
2026-02-14T19:02:29.3118|INFO|PHD2Guider.cs|StopGuiding|704|Phd2 - Stop Guiding skipped, as the app is already in state Stopped
2026-02-14T19:02:29.3120|INFO|SequenceItem.cs|Run|254|Finishing Category: Guider, Item: StopGuiding
2026-02-14T19:02:29.3127|INFO|MeridianFlipTrigger.cs|ShouldTrigger|197|Meridian Flip - Telescope is at home position. Skip flip evaluation
2026-02-14T19:02:29.3269|INFO|SequenceItem.cs|Run|208|Starting Category: Connect, Item: DisconnectEquipment, Selected device: Safety Monitor
2026-02-14T19:02:29.4309|INFO|AscomDevice.cs|Disconnect|378|Disconnecting from ASCOM.GenericFile.SafetyMonitor Generic File driver
2026-02-14T19:02:29.4578|INFO|SafetyMonitorVM.cs|Disconnect|221|Disconnected Safety Monitor
2026-02-14T19:02:29.4581|INFO|SequenceItem.cs|Run|254|Finishing Category: Connect, Item: DisconnectEquipment, Selected device: Safety Monitor
2026-02-14T19:02:29.4587|INFO|MeridianFlipTrigger.cs|ShouldTrigger|197|Meridian Flip - Telescope is at home position. Skip flip evaluation
2026-02-14T19:02:29.4593|INFO|SequenceItem.cs|Run|208|Starting Category: Utility, Item: WaitForTimeSpan, Time: 60s
2026-02-14T19:03:29.4870|INFO|SequenceItem.cs|Run|254|Finishing Category: Utility, Item: WaitForTimeSpan, Time: 60s
2026-02-14T19:03:29.4878|INFO|MeridianFlipTrigger.cs|ShouldTrigger|197|Meridian Flip - Telescope is at home position. Skip flip evaluation
2026-02-14T19:03:29.4891|INFO|SequenceItem.cs|Run|208|Starting Category: Connect, Item: ConnectEquipment, Selected device: Safety Monitor, Selected device id: ASCOM.GenericFile.SafetyMonitor
2026-02-14T19:03:31.4991|INFO|SafetyMonitorChooserVM.cs|GetEquipment|71|Found 0 Alpaca Safety Monitors
2026-02-14T19:03:31.5045|INFO|SafetyMonitorVM.cs|Disconnect|221|Disconnected Safety Monitor
2026-02-14T19:03:31.5935|INFO|SafetyMonitorVM.cs|Connect|175|Successfully connected Safety Monitor. Id: ASCOM.GenericFile.SafetyMonitor Name: Generic File driver DisplayName: Generic File driver (ASCOM) Driver Version: 6.4
2026-02-14T19:03:31.5940|INFO|SequenceItem.cs|Run|254|Finishing Category: Connect, Item: ConnectEquipment, Selected device: Safety Monitor, Selected device id: ASCOM.GenericFile.SafetyMonitor
2026-02-14T19:03:31.5944|INFO|MeridianFlipTrigger.cs|ShouldTrigger|197|Meridian Flip - Telescope is at home position. Skip flip evaluation
2026-02-14T19:03:31.5945|INFO|SequenceItem.cs|Run|208|Starting Category: Utility, Item: WaitForTimeSpan, Time: 60s
2026-02-14T19:03:33.5956|INFO|SafetyMonitorVM.cs|UpdateMonitorValues|95|SafetyMonitorInfo state changed to Unsafe
2026-02-14T19:04:31.6378|INFO|SequenceItem.cs|Run|254|Finishing Category: Utility, Item: WaitForTimeSpan, Time: 60s
2026-02-14T19:04:31.6390|INFO|MeridianFlipTrigger.cs|ShouldTrigger|197|Meridian Flip - Telescope is at home position. Skip flip evaluation
2026-02-14T19:04:31.6396|INFO|SequenceItem.cs|Run|208|Starting Category: Powerups (Safety), Item: OnceSafe
2026-02-15T06:25:34.0686|INFO|TimeCondition.cs|Check|254|TimeCondition finished.
2026-02-15T06:25:34.0690|INFO|TimeCondition.cs|InterruptWhenTimeIsUp|63|Time limit exceeded - Interrupting current Instruction Set
2026-02-15T06:25:34.0775|INFO|WhenCommon.cs|Execute|425|When: Execute done; InFlight -> false, Triggered false
2026-02-15T06:25:34.0788|INFO|MeridianFlipTrigger.cs|ShouldTrigger|197|Meridian Flip - Telescope is at home position. Skip flip evaluation
2026-02-15T06:25:34.0793|INFO|SequenceItem.cs|Run|208|Starting Category: Utility, Item: WaitForTime, Time: 19:2:14h, Offset: -15
2026-02-15T06:25:34.0829|INFO|WhenCommon.cs|SequenceBlockTeardown|198|Teardown; shutting down watchdog
2026-02-15T06:25:34.0836|INFO|SequenceItem.cs|Run|254|Finishing Category: * Instruction Set *, Container: NINA.Sequencer.Container.SequentialContainer, Strategy: SequentialStrategy, Items[CREATED]: 10, Conditions: Condition: TimeCondition, Time: 6:25:34h, Condition: TargetSchedulerCondition mode=While Targets Remain Tonight, , Triggers: Trigger: CenterAfterDriftTrigger, DistanceArcMinutes: 1Trigger: WhenUnsafeCategory: Ground Station, Item: Failures to TelegramCategory: Connect, Item: ReconnectOnDownloadFailureTrigger: AutofocusAfterHFRIncreaseTrigger, Amount: 5Trigger: MeridianFlipTriggerCategory: Powerups (Misc), Item: DIYTriggerCategory: Ground Station, Item: Failures to Pushover
2026-02-15T06:25:34.0839|INFO|SequenceItem.cs|Run|254|Finishing Category: * Instruction Set *, Container: NINA.Sequencer.Container.TargetAreaContainer, Strategy: SequentialStrategy, Items[FINISHED]: 1
2026-02-15T06:25:34.0845|INFO|SequenceItem.cs|Run|208|Starting Category: * Instruction Set *, Container: NINA.Sequencer.Container.EndAreaContainer, Strategy: SequentialStrategy, Items[CREATED]: 7
2026-02-15T06:25:34.0850|INFO|SequenceItem.cs|Run|208|Starting Category: Telescope, Item: FindHome
2026-02-15T06:25:34.0914|INFO|PHD2Guider.cs|StopGuiding|704|Phd2 - Stop Guiding skipped, as the app is already in state Stopped
2026-02-15T06:25:34.0915|INFO|TelescopeVM.cs|FindHome|292|Mount ordered to locate home position
2026-02-15T06:25:34.0921|INFO|TelescopeVM.cs|FindHome|336|Mount ordered to home but it is already at home
2026-02-15T06:25:34.0923|INFO|TelescopeVM.cs|FindHome|348|Mount has located its home position
2026-02-15T06:25:34.0927|INFO|SequenceItem.cs|Run|254|Finishing Category: Telescope, Item: FindHome
2026-02-15T06:25:34.0946|INFO|SequenceItem.cs|Run|208|Starting Category: Camera, Item: WarmCamera, Duration: 30
2026-02-15T06:25:34.0997|INFO|CameraVM.cs|WarmCamera|161|Warming Camera. Duration: 00:30:00
2026-02-15T06:57:39.4547|INFO|CameraVM.cs|WarmCamera|179|Could not reach warming temperature. Most likley due to ambient temperature being lower. Continuing...
2026-02-15T06:57:59.5534|INFO|CameraVM.cs|WarmCamera|186|Turning cooler off
2026-02-15T06:57:59.5554|INFO|SequenceItem.cs|Run|254|Finishing Category: Camera, Item: WarmCamera, Duration: 30
2026-02-15T06:57:59.5558|INFO|SequenceItem.cs|Run|208|Starting Category: Guider, Item: StopGuiding
2026-02-15T06:57:59.5622|INFO|PHD2Guider.cs|StopGuiding|704|Phd2 - Stop Guiding skipped, as the app is already in state Stopped
2026-02-15T06:57:59.5625|INFO|SequenceItem.cs|Run|254|Finishing Category: Guider, Item: StopGuiding
2026-02-15T06:57:59.5637|INFO|SequenceItem.cs|Run|208|Starting Category: Phd2 Tools, Item: ShutdownPhd2Instruction
2026-02-15T06:57:59.5952|INFO|SequenceItem.cs|Run|254|Finishing Category: Phd2 Tools, Item: ShutdownPhd2Instruction
2026-02-15T06:57:59.5965|INFO|SequenceItem.cs|Run|208|Starting Category: Connect, Item: DisconnectAllEquipment
2026-02-15T06:57:59.6034|WARNING|PHD2Client.cs|ReadEventsAsync|110|PHD2Client: Connection closed by server
2026-02-15T06:57:59.6036|INFO|DitherStatisticsVM.cs|OnPHD2ConnectionStatusChanged|619|PHD2 Connection Status: Connection lost
2026-02-15T06:57:59.6036|INFO|PHD2Client.cs|ReadEventsAsync|126|PHD2Client: Stopped reading events
2026-02-15T06:57:59.6773|INFO|CameraVM.cs|Disconnect|650|Disconnected Camera
2026-02-15T06:57:59.6779|INFO|AscomDevice.cs|Disconnect|378|Disconnecting from ASCOM.EFW2.FilterWheel ZWO FilterWheel
2026-02-15T06:58:00.1379|INFO|FilterWheelVM.cs|Disconnect|333|Disconnected Filter Wheel
2026-02-15T06:58:00.1419|INFO|AscomDevice.cs|Disconnect|378|Disconnecting from ASCOM.EAF.Focuser ZWO Focuser
2026-02-15T06:58:00.1876|INFO|FocuserVM.cs|Disconnect|441|Disconnected Focuser
2026-02-15T06:58:00.1880|INFO|DisconnectAllEquipment.cs|Execute|139|Rotator is already disconnected
2026-02-15T06:58:00.1990|INFO|AscomDevice.cs|Disconnect|378|Disconnecting from ASCOM.iOptron2017.Telescope iOptron CEM120,70,40,26, GEM, HEM, HAE, HAZ series and SkyHunter Mount
2026-02-15T06:58:00.2207|INFO|TelescopeVM.cs|Disconnect|740|Disconnected mount
2026-02-15T06:58:00.2211|INFO|DisconnectAllEquipment.cs|Execute|139|Guider is already disconnected
2026-02-15T06:58:00.2212|INFO|DisconnectAllEquipment.cs|Execute|139|Switch is already disconnected
2026-02-15T06:58:00.2212|INFO|DisconnectAllEquipment.cs|Execute|139|Flat Panel is already disconnected
2026-02-15T06:58:00.2248|INFO|AscomDevice.cs|Disconnect|378|Disconnecting from ASCOM.SkyAlert.ObservingConditions SkyAlert Observing Conditions
2026-02-15T06:58:00.2338|INFO|WeatherDataVM.cs|Disconnect|305|Disconnected Weather Device
2026-02-15T06:58:00.2342|INFO|DisconnectAllEquipment.cs|Execute|139|Dome is already disconnected
2026-02-15T06:58:00.2361|INFO|AscomDevice.cs|Disconnect|378|Disconnecting from ASCOM.GenericFile.SafetyMonitor Generic File driver
2026-02-15T06:58:00.2408|INFO|SafetyMonitorVM.cs|Disconnect|221|Disconnected Safety Monitor
2026-02-15T06:58:00.2412|INFO|SequenceItem.cs|Run|254|Finishing Category: Connect, Item: DisconnectAllEquipment
2026-02-15T06:58:00.2414|INFO|SequenceItem.cs|Run|208|Starting Category: Ground Station, Item: Send to Pushover, Title: Disconnected
2026-02-15T06:58:00.4443|INFO|SequenceItem.cs|Run|254|Finishing Category: Ground Station, Item: Send to Pushover, Title: Disconnected
2026-02-15T06:58:00.4446|INFO|SequenceItem.cs|Run|208|Starting Category: Ground Station, Item: Send to Telegram
2026-02-15T06:58:01.1794|INFO|SequenceItem.cs|Run|254|Finishing Category: Ground Station, Item: Send to Telegram
2026-02-15T06:58:01.1806|INFO|SequenceItem.cs|Run|254|Finishing Category: * Instruction Set *, Container: NINA.Sequencer.Container.EndAreaContainer, Strategy: SequentialStrategy, Items[FINISHED]: 7
2026-02-15T06:58:01.1812|INFO|SequenceItem.cs|Run|254|Finishing Category: * Instruction Set *, Container: NINA.Sequencer.Container.SequenceRootContainer, Strategy: SequentialStrategy, Items[FINISHED]: 3, Triggers: Category: Ground Station, Item: Failures to Telegram
2026-02-15T06:58:01.1835|INFO|Sequence2VM.cs|StartSequence|548|Advanced Sequence finished
2026-02-15T06:58:01.1855|INFO|WhenCommon.cs|InterruptWhen|350|Restarting sequence, Triggered -> true
2026-02-15T06:58:04.6106|INFO|PHD2Client.cs|ConnectAsync|48|PHD2Client: Connecting to PHD2 at 127.0.0.1:4400...
2026-02-15T06:58:06.6357|ERROR|PHD2Client.cs|ConnectAsync|69|PHD2Client: Connection failed: No connection could be made because the target machine actively refused it.
2026-02-15T10:25:40.8787|INFO|ApplicationVM.cs|Exit|244|Shutting down application - requested by user
2026-02-15T10:25:41.0063|INFO|ApplicationVM.cs|Closing|289|Application shutting down
2026-02-15T10:25:41.0699|INFO|DomeVM.cs|Disconnect|355|Disconnected Dome Device
2026-02-15T10:25:41.0758|INFO|FlatDeviceVM.cs|Disconnect|289|Disconnected Flat Device
2026-02-15T10:25:41.0880|INFO|CameraVM.cs|Disconnect|650|Disconnected Camera
2026-02-15T10:25:41.0889|INFO|TelescopeVM.cs|Disconnect|740|Disconnected mount
2026-02-15T10:25:41.0912|INFO|FilterWheelVM.cs|Disconnect|333|Disconnected Filter Wheel
2026-02-15T10:25:41.0921|INFO|FocuserVM.cs|Disconnect|441|Disconnected Focuser
2026-02-15T10:25:41.0987|INFO|RotatorVM.cs|Disconnect|447|Disconnected Rotator
2026-02-15T10:25:41.1040|INFO|SwitchVM.cs|Disconnect|309|Disconnected Switch
2026-02-15T10:25:41.1087|INFO|WeatherDataVM.cs|Disconnect|305|Disconnected Weather Device
2026-02-15T10:25:41.1091|INFO|SafetyMonitorVM.cs|Disconnect|221|Disconnected Safety Monitor
2026-02-15T10:25:41.5596|INFO|API.cs|StopWatchers|86|Stopping all event watchers
