----------------------------------------------------------------------
--------------N.I.N.A. - Nighttime Imaging 'N' Astronomy--------------
--------------------------Version 3.2.0.9001--------------------------
-------------------------2026-03-06T12:04:18--------------------------
----------------------------------------------------------------------
---------------------Microsoft Windows 10.0.19045---------------------
-------------------------OS Architecture X64--------------------------
-----------------------Process Architecture X64-----------------------
-----------------------------.NET 8.0.21------------------------------
----------------------------------------------------------------------
--------------------------Processor Count 4---------------------------
--------------------Total Physical Memory 7.84 GB---------------------
----------------------------------------------------------------------
DATE|LEVEL|SOURCE|MEMBER|LINE|MESSAGE
2026-03-06T12:04:18.4630|INFO|App.xaml.cs|OnStartup|170|Launched with command line arguments: --sequencefile C:\Users\nicka\Astro\NINA\NINA_Sequences\TargetScheduler.json --runsequence
2026-03-06T12:04:21.2123|INFO|CameraChooserVM.cs|GetEquipment|69|Found 2 ASI Cameras
2026-03-06T12:04:21.4374|INFO|CameraChooserVM.cs|GetEquipment|84|Found 0 Altair Cameras
2026-03-06T12:04:21.7989|INFO|CameraChooserVM.cs|GetEquipment|96|Found 0 Atik Cameras
2026-03-06T12:04:21.8939|INFO|CameraChooserVM.cs|GetEquipment|110|Found 0 FLI Cameras
2026-03-06T12:04:23.1780|INFO|CameraChooserVM.cs|GetEquipment|130|Found 0 QHYCCD Cameras
2026-03-06T12:04:23.6941|INFO|CameraChooserVM.cs|GetEquipment|158|Found 0 ToupTek Cameras
2026-03-06T12:04:24.0176|INFO|CameraChooserVM.cs|GetEquipment|173|Found 0 Ogma Cameras
2026-03-06T12:04:24.3168|INFO|CameraChooserVM.cs|GetEquipment|188|Found 0 Omegon Cameras
2026-03-06T12:04:24.8947|INFO|CameraChooserVM.cs|GetEquipment|203|Found 0 RisingCam Cameras
2026-03-06T12:04:25.0566|INFO|CameraChooserVM.cs|GetEquipment|218|Found 0 MallinCam Cameras
2026-03-06T12:04:25.2034|INFO|CameraChooserVM.cs|GetEquipment|243|Found 0 SVBony Cameras
2026-03-06T12:04:25.2066|INFO|CameraChooserVM.cs|GetEquipment|259|Found 0 SBIG Cameras
2026-03-06T12:04:29.6766|INFO|API.cs|Start|99|Starting Webserver
2026-03-06T12:04:29.6782|INFO|API.cs|APITask|134|starting web server, listening at 172.19.6.111:1888
2026-03-06T12:04:29.8446|INFO|NINALogWatcher.cs|Start|33|watching log file: C:\Users\nicka\AppData\Local\NINA\Logs\20260306-120417-3.2.0.9001.11896-202603.log
2026-03-06T12:04:29.8628|INFO|PluginLoader.cs|LoadPlugin|402|Successfully loaded plugin Advanced API version 2.2.15.0 by Christian Palm
2026-03-06T12:04:30.0208|INFO|PluginLoader.cs|LoadPlugin|402|Successfully loaded plugin Autofocus Report Analysis version 2.0.0.9 by Stefan Berg @isbeorn
2026-03-06T12:04:30.2287|INFO|PluginLoader.cs|LoadPlugin|402|Successfully loaded plugin Connector version 2.1.0.2 by Stefan Berg @isbeorn
2026-03-06T12:04:30.4212|INFO|PluginLoader.cs|LoadPlugin|402|Successfully loaded plugin Device Actions and Commands version 2.2.0.0 by Dale Ghent
2026-03-06T12:04:30.7258|INFO|ApplicationVM.cs|CheckDiskInfo|100|Available Space on Drive C:\: 107.23 GB
2026-03-06T12:04:30.7323|INFO|ApplicationVM.cs|CheckDiskInfo|102|Drive E:\ is not ready
2026-03-06T12:04:30.7339|INFO|ApplicationVM.cs|CheckDiskInfo|100|Available Space on Drive G:\: 47.12 GB
2026-03-06T12:04:30.7451|INFO|ApplicationVM.cs|CheckDiskInfo|100|Available Space on Drive Z:\: 25.47 GB
2026-03-06T12:04:31.6257|INFO|ApplicationVM.cs|CheckASCOMPlatformVersion|81|ASCOM Platform 6.6.2.4195 installed
2026-03-06T12:04:31.6451|INFO|PluginLoader.cs|LoadPlugin|402|Successfully loaded plugin Discord Alert version 2.2.0.0 by Drew McDermott
2026-03-06T12:04:33.3473|INFO|PluginLoader.cs|LoadPlugin|402|Successfully loaded plugin Discord Notification version 2.0.0.10 by Daniel Ludwig
2026-03-06T12:04:34.5535|INFO|DitherStatisticsVM.cs|CreatePluginIcon|1483|Plugin icon geometry created successfully
2026-03-06T12:04:34.5803|INFO|DitherStatisticsVM.cs|LoadDataTemplates|1452|DitherStatistics DataTemplates loaded successfully
2026-03-06T12:04:34.5845|INFO|DitherStatisticsVM.cs|SaveQualityAssessmentSetting|387|Quality Assessment setting saved to file: True
2026-03-06T12:04:34.5847|INFO|DitherStatisticsVM.cs|LoadQualityAssessmentSetting|364|Quality Assessment setting loaded from file: True
2026-03-06T12:04:34.5996|INFO|DitherStatisticsVM.cs|SaveDitherOptimizerSetting|490|Dither Optimizer setting saved to file: False
2026-03-06T12:04:34.5998|INFO|DitherStatisticsVM.cs|LoadDitherOptimizerSetting|471|Dither Optimizer setting loaded from file: False
2026-03-06T12:04:34.6003|INFO|DitherStatisticsVM.cs|SubscribeToGuiderEvents|834|Subscribed to NINA guider events
2026-03-06T12:04:34.6046|ERROR|DitherStatisticsVM.cs|GetThemeColor|1437|Failed to get theme color 'PrimaryBrush': The calling thread cannot access this object because a different thread owns it.
2026-03-06T12:04:34.6048|INFO|DitherStatisticsVM.cs|StartThemeColorMonitoring|1329|Initial PrimaryBrush color: R:255 G:255 B:255
2026-03-06T12:04:34.6049|INFO|DitherStatisticsVM.cs|.ctor|96|DitherStatisticsVM initialized successfully with ScottPlot 4.1 (Lazy Loading)!
2026-03-06T12:04:34.6054|INFO|DitherStatisticsVM.cs|StartThemeColorMonitoring|1338|Theme color monitoring timer started on UI thread
2026-03-06T12:04:34.6060|INFO|PluginLoader.cs|LoadPlugin|402|Successfully loaded plugin Dither Statistics version 1.3.0.0 by Thierry Tschanz
2026-03-06T12:04:34.7745|INFO|PluginLoader.cs|LoadPlugin|402|Successfully loaded plugin Filter Offset Calculator version 2.0.0.0 by S. Dimant & Stefan Berg
2026-03-06T12:04:34.9796|INFO|PluginLoader.cs|LoadPlugin|402|Successfully loaded plugin Flexure Correction version 0.8.0.0 by Francesco Meschia
2026-03-06T12:04:35.1137|INFO|DitherStatisticsVM.cs|OnThemeColorTimerTick|1357|Theme color CHANGED! Old: R:255 G:255 B:255 -> New: R:176 G:179 B:185
2026-03-06T12:04:35.2188|INFO|DitherStatisticsVM.cs|PixelShiftPlot|136|PixelShiftPlot created (lazy loading)
2026-03-06T12:04:35.2491|INFO|DitherStatisticsVM.cs|SettleTimePlot|177|SettleTimePlot created (lazy loading)
2026-03-06T12:04:36.6045|INFO|DitherStatisticsVM.cs|ConnectToPHD2|708|Attempting to connect to PHD2...
2026-03-06T12:04:36.6063|INFO|PHD2Client.cs|ConnectAsync|102|PHD2Client: Connecting to PHD2 at 127.0.0.1:4400...
2026-03-06T12:04:37.5578|INFO|PluginLoader.cs|LoadPlugin|402|Successfully loaded plugin Ground Station version 3.0.0.117 by Dale Ghent
2026-03-06T12:04:38.6408|ERROR|PHD2Client.cs|ConnectAsync|132|PHD2Client: Connection failed: No connection could be made because the target machine actively refused it.
2026-03-06T12:04:38.6413|INFO|DitherStatisticsVM.cs|OnPHD2ConnectionStatusChanged|737|PHD2 Connection Status: Connection failed: No connection could be made because the target machine actively refused it.
2026-03-06T12:04:48.3805|INFO|PluginLoader.cs|LoadPlugin|402|Successfully loaded plugin Hocus Focus version 3.0.0.24 by George Hilios (jokogeo)
2026-03-06T12:04:49.2268|INFO|PluginLoader.cs|LoadPlugin|402|Successfully loaded plugin Horizon Creator version 1.1.2.1 by Christian Palm
2026-03-06T12:04:49.4162|INFO|PluginLoader.cs|LoadPlugin|402|Successfully loaded plugin Lightbucket version 2.2.4.0 by Lightbucket
2026-03-06T12:04:50.2664|INFO|PluginLoader.cs|LoadPlugin|402|Successfully loaded plugin Livestack version 1.0.1.7 by Stefan Berg @isbeorn
2026-03-06T12:04:50.4654|INFO|PluginLoader.cs|LoadPlugin|402|Successfully loaded plugin Log Viewer version 1.0.0.2 by Alexander Wrede @astro_alex80
2026-03-06T12:04:50.6533|INFO|PluginLoader.cs|LoadPlugin|402|Successfully loaded plugin Moon Angle version 2.2.0.0 by Dale Ghent
2026-03-06T12:04:50.9546|INFO|PluginLoader.cs|LoadPlugin|402|Successfully loaded plugin Phd2 Tools version 1.0.6.0 by Stefan Berg @isbeorn
2026-03-06T12:04:51.2720|INFO|PluginLoader.cs|LoadPlugin|402|Successfully loaded plugin PixInsight Tools version 1.0.0.3 by Stefan Berg
2026-03-06T12:04:52.0035|INFO|PluginLoader.cs|LoadPlugin|402|Successfully loaded plugin Point3D version 0.2.3.0 by Drew McDermott
2026-03-06T12:04:52.2801|INFO|PluginLoader.cs|LoadPlugin|402|Successfully loaded plugin Scope Control version 2.0.2.1 by Stefan Berg @isbeorn
2026-03-06T12:04:53.8962|WARNING|When.cs|GetRunningItem|143|Can't get running items: SequencerNavigation not initialized yet!
2026-03-06T12:04:54.1859|INFO|PluginLoader.cs|LoadPlugin|402|Successfully loaded plugin Sequencer Powerups version 3.29.0.3 by Marc Blank
2026-03-06T12:04:54.9074|INFO|PluginLoader.cs|LoadPlugin|402|Successfully loaded plugin Session Metadata version 2.6.3.0 by Tom Palmer @tcpalmer
2026-03-06T12:04:55.0372|INFO|PluginLoader.cs|LoadPlugin|402|Successfully loaded plugin Shutdown PC version 2.2.0.0 by Dale Ghent
2026-03-06T12:04:55.2843|INFO|PluginLoader.cs|LoadPlugin|402|Successfully loaded plugin SkyFlats version 1.0.0.4 by Gerald Hitz (@photon)
2026-03-06T12:04:55.6767|INFO|PluginLoader.cs|LoadPlugin|402|Successfully loaded plugin Smart Filters version 1.0.0.3 by Benoit SAINTOT
2026-03-06T12:04:56.1518|INFO|PluginLoader.cs|LoadPlugin|402|Successfully loaded plugin Target Planning version 3.2.1.0 by Tom Palmer @tcpalmer
2026-03-06T12:04:58.9077|WARNING|When.cs|GetRunningItem|143|Can't get running items: SequencerNavigation not initialized yet!
2026-03-06T12:04:59.6563|INFO|PluginLoader.cs|LoadPlugin|402|Successfully loaded plugin Target Scheduler version 5.8.3.2 by Tom Palmer @tcpalmer
2026-03-06T12:05:00.0640|INFO|PluginLoader.cs|LoadPlugin|402|Successfully loaded plugin Three Point Polar Alignment version 2.2.4.3 by Stefan Berg @isbeorn
2026-03-06T12:05:01.7203|INFO|SessionHistoryManager.cs|PurgeHistoryOlderThan|102|purging web session history older than 10 days
2026-03-06T12:05:01.9858|INFO|PluginLoader.cs|LoadPlugin|402|Successfully loaded plugin Web Session History Viewer version 2.2.1.0 by Tom Palmer @tcpalmer
2026-03-06T12:05:02.6832|INFO|PluginFetcher.cs|RequestAll|43|Fetching plugin manifests from https://nighttime-imaging.eu/wp-json/nina/v1/plugins/manifests
2026-03-06T12:05:02.7959|INFO|RotatorChooserVM.cs|GetEquipment|45|Found 1 Networked Rotator Rotators
2026-03-06T12:05:03.3668|INFO|FilterWheelChooserVM.cs|GetEquipment|167|Found 1 Networked Filter Wheel Filter Wheels
2026-03-06T12:05:03.6768|INFO|Sequence2VM.cs|TryLoadSequenceFile|414|Loading sequence file: C:\Users\nicka\Astro\NINA\NINA_Sequences\TargetScheduler.json
2026-03-06T12:05:03.7579|INFO|CameraChooserVM.cs|GetEquipment|279|Found 0 SVBony Cameras
2026-03-06T12:05:03.9051|INFO|CameraChooserVM.cs|GetEquipment|279|Found 0 PlayerOne Cameras
2026-03-06T12:05:03.9884|INFO|CameraChooserVM.cs|GetEquipment|279|Found 0 ASTPAN Cameras
2026-03-06T12:05:03.9903|INFO|CameraChooserVM.cs|GetEquipment|293|Found 4 ASCOM Cameras
2026-03-06T12:05:04.1082|WARNING|When.cs|GetRunningItem|143|Can't get running items: SequencerNavigation not initialized yet!
2026-03-06T12:05:04.3600|INFO|Sequence2VM.cs|TryLoadSequenceFile|420|Starting sequence from command line options
2026-03-06T12:05:04.3635|INFO|Sequence2VM.cs|StartSequence|543|Advanced Sequence starting
2026-03-06T12:05:05.3574|INFO|WeatherDataChooserVM.cs|GetEquipment|69|Found 0 Alpaca Observing Conditions
2026-03-06T12:05:05.3632|INFO|RotatorChooserVM.cs|GetEquipment|68|Found 0 Alpaca Rotators
2026-03-06T12:05:05.4114|INFO|DomeChooserVM.cs|GetEquipment|67|Found 0 Alpaca Domes
2026-03-06T12:05:05.4293|INFO|SafetyMonitorChooserVM.cs|GetEquipment|71|Found 0 Alpaca Safety Monitors
2026-03-06T12:05:05.4314|INFO|SwitchChooserVM.cs|GetEquipment|71|Found 0 Alpaca Switch Hubs
2026-03-06T12:05:05.4638|INFO|TelescopeChooserVM.cs|GetEquipment|69|Found 0 Alpaca Telescopes
2026-03-06T12:05:05.4657|INFO|FlatDeviceChooserVM.cs|GetEquipment|67|Found 0 Alpaca Cover Calibrators
2026-03-06T12:05:05.4902|INFO|SequenceItem.cs|Run|208|Starting Category: * Instruction Set *, Container: NINA.Sequencer.Container.SequenceRootContainer, Strategy: SequentialStrategy, Items[CREATED]: 3, Triggers: Category: Ground Station, Item: Failures to Telegram
2026-03-06T12:05:05.5022|INFO|SequenceItem.cs|Run|208|Starting Category: * Instruction Set *, Container: NINA.Sequencer.Container.StartAreaContainer, Strategy: SequentialStrategy, Items[CREATED]: 1
2026-03-06T12:05:05.5031|INFO|SequenceItem.cs|Run|208|Starting Category: * Instruction Set *, Container: NINA.Sequencer.Container.SequentialContainer, Strategy: SequentialStrategy, Items[CREATED]: 10
2026-03-06T12:05:05.5035|INFO|FilterWheelChooserVM.cs|GetEquipment|193|Found 0 Alpaca Filter Wheels
2026-03-06T12:05:05.5038|INFO|SequenceItem.cs|Run|208|Starting Category: Ground Station, Item: Send to Pushover, Title: Start
2026-03-06T12:05:05.6161|INFO|DockManagerVM.cs|InitializeAvalonDockLayout|366|Initializing imaging tab layout from C:\Users\nicka\AppData\Local\NINA\Profiles\0173997c-4bfa-48fd-9337-a48b6df99c38.dock.config
2026-03-06T12:05:05.6352|INFO|PluginFetcher.cs|RequestAll|57|Found 74 valid plugins at https://nighttime-imaging.eu/wp-json/nina/v1/plugins/manifests
2026-03-06T12:05:05.7462|INFO|SequenceItem.cs|Run|254|Finishing Category: Ground Station, Item: Send to Pushover, Title: Start
2026-03-06T12:05:05.7501|INFO|SequenceItem.cs|Run|208|Starting Category: Utility, Item: WaitForTime, Time: 18:11:56h, Offset: -80
2026-03-06T12:05:06.0176|INFO|CameraChooserVM.cs|GetEquipment|305|Found 0 Alpaca Cameras
2026-03-06T12:05:06.1173|INFO|CameraChooserVM.cs|GetEquipment|318|Found 0 Canon Cameras
2026-03-06T12:05:07.2159|INFO|FocuserChooserVM.cs|GetEquipment|84|Found 0 Alpaca Focusers
2026-03-06T18:12:17.9801|INFO|SequenceItem.cs|Run|254|Finishing Category: Utility, Item: WaitForTime, Time: 18:11:56h, Offset: -80
2026-03-06T18:12:17.9825|INFO|SequenceItem.cs|Run|208|Starting Category: Ground Station, Item: Send to Telegram
2026-03-06T18:12:18.7879|INFO|SequenceItem.cs|Run|254|Finishing Category: Ground Station, Item: Send to Telegram
2026-03-06T18:12:18.7881|INFO|SequenceItem.cs|Run|208|Starting Category: Ground Station, Item: Send to Pushover, Title: Configure Equipment
2026-03-06T18:12:18.9356|INFO|SequenceItem.cs|Run|254|Finishing Category: Ground Station, Item: Send to Pushover, Title: Configure Equipment
2026-03-06T18:12:18.9368|INFO|SequenceItem.cs|Run|208|Starting Category: Connect, Item: ConnectAllEquipment
2026-03-06T18:12:18.9574|INFO|CameraChooserVM.cs|GetEquipment|69|Found 2 ASI Cameras
2026-03-06T18:12:19.0245|INFO|CameraChooserVM.cs|GetEquipment|84|Found 0 Altair Cameras
2026-03-06T18:12:19.0246|INFO|CameraChooserVM.cs|GetEquipment|96|Found 0 Atik Cameras
2026-03-06T18:12:19.0253|INFO|CameraChooserVM.cs|GetEquipment|110|Found 0 FLI Cameras
2026-03-06T18:12:19.0256|INFO|CameraChooserVM.cs|GetEquipment|130|Found 0 QHYCCD Cameras
2026-03-06T18:12:19.1774|INFO|CameraChooserVM.cs|GetEquipment|158|Found 0 ToupTek Cameras
2026-03-06T18:12:19.1824|INFO|CameraChooserVM.cs|GetEquipment|173|Found 0 Ogma Cameras
2026-03-06T18:12:19.1953|INFO|CameraChooserVM.cs|GetEquipment|188|Found 0 Omegon Cameras
2026-03-06T18:12:19.3453|INFO|CameraChooserVM.cs|GetEquipment|203|Found 0 RisingCam Cameras
2026-03-06T18:12:19.3585|INFO|CameraChooserVM.cs|GetEquipment|218|Found 0 MallinCam Cameras
2026-03-06T18:12:19.3600|INFO|CameraChooserVM.cs|GetEquipment|243|Found 0 SVBony Cameras
2026-03-06T18:12:19.3622|INFO|CameraChooserVM.cs|GetEquipment|259|Found 0 SBIG Cameras
2026-03-06T18:12:19.3627|INFO|CameraChooserVM.cs|GetEquipment|279|Found 0 SVBony Cameras
2026-03-06T18:12:19.3630|INFO|CameraChooserVM.cs|GetEquipment|279|Found 0 PlayerOne Cameras
2026-03-06T18:12:19.3706|INFO|CameraChooserVM.cs|GetEquipment|279|Found 0 ASTPAN Cameras
2026-03-06T18:12:19.3715|INFO|CameraChooserVM.cs|GetEquipment|293|Found 4 ASCOM Cameras
2026-03-06T18:12:21.3801|INFO|CameraChooserVM.cs|GetEquipment|305|Found 0 Alpaca Cameras
2026-03-06T18:12:21.3858|INFO|CameraChooserVM.cs|GetEquipment|318|Found 0 Canon Cameras
2026-03-06T18:12:21.4508|INFO|CameraVM.cs|Disconnect|650|Disconnected Camera
2026-03-06T18:12:22.0209|WARNING|ASICamera.cs|SetControlValue|568|Failed to set ASI Control Value ASI_WB_B with value 50
2026-03-06T18:12:22.0210|WARNING|ASICamera.cs|SetControlValue|568|Failed to set ASI Control Value ASI_WB_R with value 50
2026-03-06T18:12:22.0213|WARNING|ASICamera.cs|SetControlValue|568|Failed to set ASI Control Value ASI_GAMMA with value 50
2026-03-06T18:12:22.0213|WARNING|ASICamera.cs|SetControlValue|568|Failed to set ASI Control Value ASI_HIGH_SPEED_MODE with value 0
2026-03-06T18:12:22.0214|WARNING|ASICamera.cs|SetControlValue|568|Failed to set ASI Control Value ASI_OVERCLOCK with value 0
2026-03-06T18:12:22.0215|WARNING|ASICamera.cs|SetControlValue|568|Failed to set ASI Control Value ASI_PATTERN_ADJUST with value 0
2026-03-06T18:12:22.0224|WARNING|ASICamera.cs|SetControlValue|568|Failed to set ASI Control Value ASI_MONO_BIN with value 0
2026-03-06T18:12:22.0234|INFO|ASICamera.cs|Initialize|664|Camera ID: ASI533MM
2026-03-06T18:12:22.0350|WARNING|ASICamera.cs|SetControlValue|568|Failed to set ASI Control Value ASI_ANTI_DEW_HEATER with value 0
2026-03-06T18:12:22.1045|INFO|CameraVM.cs|ChooseCamera|455|Successfully connected Camera. Id: ZWOptical_ZWO ASI533MM Pro_ASI533MM Name: ZWO ASI533MM Pro DisplayName: ZWO ASI533MM Pro (ASI533MM)Driver Version: 1, 39, 0, 0
2026-03-06T18:12:22.6882|INFO|FilterWheelChooserVM.cs|GetEquipment|167|Found 1 Networked Filter Wheel Filter Wheels
2026-03-06T18:12:24.7022|INFO|FilterWheelChooserVM.cs|GetEquipment|193|Found 0 Alpaca Filter Wheels
2026-03-06T18:12:24.7366|INFO|FilterWheelVM.cs|Disconnect|333|Disconnected Filter Wheel
2026-03-06T18:12:28.2313|INFO|FilterWheelVM.cs|ChooseFW|279|Successfully connected Filter Wheel. Id: ASCOM.EFW2.FilterWheel Name: ZWO FilterWheel DisplayName: ZWO FilterWheel (ASCOM) Driver Version: 6.0
2026-03-06T18:12:32.1643|INFO|FocuserChooserVM.cs|GetEquipment|84|Found 0 Alpaca Focusers
2026-03-06T18:12:32.1723|INFO|FocuserVM.cs|Disconnect|441|Disconnected Focuser
2026-03-06T18:12:33.4006|ERROR|AscomDevice.cs|GetProperty|546|An unexpected exception occurred during GET of Focuser.StepSize: 
ASCOM.DriverException: The method or operation is not implemented.
 ---> System.NotImplementedException: The method or operation is not implemented.
   --- End of inner exception stack trace ---
   at ASCOM.Com.DriverAccess.DynamicAccess.CheckDotNetExceptions(String memberName, Exception e) in J:\ASCOMLibrary\ASCOM.Com\ASCOM.Com.DriverAccess\BaseClass\DynamicAccess.cs:line 278
   at ASCOM.Com.DriverAccess.DynamicAccess.TryGetMember(GetMemberBinder binder, Object& result) in J:\ASCOMLibrary\ASCOM.Com\ASCOM.Com.DriverAccess\BaseClass\DynamicAccess.cs:line 150
   at CallSite.Target(Closure, CallSite, Object)
   at System.Dynamic.UpdateDelegates.UpdateAndExecute1[T0,TRet](CallSite site, T0 arg0)
   at ASCOM.Com.DriverAccess.Focuser.get_StepSize() in J:\ASCOMLibrary\ASCOM.Com\ASCOM.Com.DriverAccess\Focuser.cs:line 159
   at System.RuntimeMethodHandle.InvokeMethod(Object target, Void** arguments, Signature sig, Boolean isConstructor)
   at System.Reflection.MethodBaseInvoker.InvokeWithNoArgs(Object obj, BindingFlags invokeAttr)
2026-03-06T18:12:33.6217|INFO|AscomDevice.cs|GetProperty|485|Retrying to GET Focuser.StepSize - Attempt 2 / 3
2026-03-06T18:12:33.6233|ERROR|AscomDevice.cs|GetProperty|546|An unexpected exception occurred during GET of Focuser.StepSize: 
ASCOM.DriverException: The method or operation is not implemented.
 ---> System.NotImplementedException: The method or operation is not implemented.
   --- End of inner exception stack trace ---
   at ASCOM.Com.DriverAccess.DynamicAccess.CheckDotNetExceptions(String memberName, Exception e) in J:\ASCOMLibrary\ASCOM.Com\ASCOM.Com.DriverAccess\BaseClass\DynamicAccess.cs:line 278
   at ASCOM.Com.DriverAccess.DynamicAccess.TryGetMember(GetMemberBinder binder, Object& result) in J:\ASCOMLibrary\ASCOM.Com\ASCOM.Com.DriverAccess\BaseClass\DynamicAccess.cs:line 150
   at CallSite.Target(Closure, CallSite, Object)
   at ASCOM.Com.DriverAccess.Focuser.get_StepSize() in J:\ASCOMLibrary\ASCOM.Com\ASCOM.Com.DriverAccess\Focuser.cs:line 159
   at InvokeStub_Focuser.get_StepSize(Object, Object, IntPtr*)
   at System.Reflection.MethodBaseInvoker.InvokeWithNoArgs(Object obj, BindingFlags invokeAttr)
2026-03-06T18:12:33.8277|INFO|AscomDevice.cs|GetProperty|485|Retrying to GET Focuser.StepSize - Attempt 3 / 3
2026-03-06T18:12:33.8300|ERROR|AscomDevice.cs|GetProperty|546|An unexpected exception occurred during GET of Focuser.StepSize: 
ASCOM.DriverException: The method or operation is not implemented.
 ---> System.NotImplementedException: The method or operation is not implemented.
   --- End of inner exception stack trace ---
   at ASCOM.Com.DriverAccess.DynamicAccess.CheckDotNetExceptions(String memberName, Exception e) in J:\ASCOMLibrary\ASCOM.Com\ASCOM.Com.DriverAccess\BaseClass\DynamicAccess.cs:line 278
   at ASCOM.Com.DriverAccess.DynamicAccess.TryGetMember(GetMemberBinder binder, Object& result) in J:\ASCOMLibrary\ASCOM.Com\ASCOM.Com.DriverAccess\BaseClass\DynamicAccess.cs:line 150
   at CallSite.Target(Closure, CallSite, Object)
   at ASCOM.Com.DriverAccess.Focuser.get_StepSize() in J:\ASCOMLibrary\ASCOM.Com\ASCOM.Com.DriverAccess\Focuser.cs:line 159
   at InvokeStub_Focuser.get_StepSize(Object, Object, IntPtr*)
   at System.Reflection.MethodBaseInvoker.InvokeWithNoArgs(Object obj, BindingFlags invokeAttr)
2026-03-06T18:12:33.8310|INFO|AscomDevice.cs|GetProperty|556|GET Focuser.StepSize failed - Returning last known value 0
2026-03-06T18:12:34.0834|INFO|FocuserVM.cs|ChooseFocuser|333|Successfully connected Focuser. Id: ASCOM.EAF.Focuser Name: ZWO Focuser DisplayName: ZWO Focuser (ASCOM) Driver Version: 6.0
2026-03-06T18:12:36.0992|INFO|TelescopeChooserVM.cs|GetEquipment|69|Found 0 Alpaca Telescopes
2026-03-06T18:12:36.1466|INFO|TelescopeVM.cs|Disconnect|740|Disconnected mount
2026-03-06T18:12:39.1559|INFO|AscomTelescope.cs|CheckMountTime|845|Mount UTC Time: 2026-03-07 00:12:39Z / System UTC Time: 2026-03-07 00:12:39Z; Difference: 0.004 seconds
2026-03-06T18:12:39.2102|INFO|AscomTelescope.cs|CheckMountTime|852|System time has been synced to the mount
2026-03-06T18:12:39.4653|INFO|TelescopeVM.cs|ChooseTelescope|535|Successfully connected mount. Id: ASCOM.iOptron2017.Telescope Name: iOptron CEM120,70,40,26, GEM, HEM, HAE, HAZ series and SkyHunter Mount DisplayName: iOptron CEM120,70,40,26, GEM, HEM, HAE, HAZ series and SkyHunter Mount (ASCOM) Driver Version: 9.15
2026-03-06T18:12:39.4774|INFO|PHD2Guider.cs|Connect|205|Connecting to PHD2 server at 127.0.0.1:4400
2026-03-06T18:12:41.8584|INFO|PHD2Client.cs|ConnectAsync|118|PHD2Client: Connected successfully!
2026-03-06T18:12:41.8585|INFO|DitherStatisticsVM.cs|OnPHD2ConnectionStatusChanged|734|PHD2 Connection Status: Connected
2026-03-06T18:12:41.8585|INFO|DitherStatisticsVM.cs|ConnectToPHD2|713|Successfully connected to PHD2!
2026-03-06T18:12:41.8604|INFO|PHD2Client.cs|ReadEventsAsync|181|PHD2Client: Started reading events
2026-03-06T18:12:41.9147|INFO|PHD2Client.cs|HandleVersion|366|PHD2Client: Connected to PHD2 version 2.6.14. (Message Protocol v1)
2026-03-06T18:12:41.9157|INFO|PHD2Client.cs|HandleAppState|376|PHD2Client: PHD2 AppState: Stopped
2026-03-06T18:12:42.5809|INFO|PHD2Client.cs|ProcessEvent|268|PHD2: ConfigurationChange
2026-03-06T18:12:43.8161|INFO|PHD2Client.cs|QueryExposureTime|1216|PHD2Client: Exposure time from PHD2 API: 2.000 seconds (2000 ms)
2026-03-06T18:12:43.9854|INFO|PHD2Client.cs|ProcessEvent|268|PHD2: ConfigurationChange
2026-03-06T18:12:44.6711|INFO|PHD2Client.cs|QueryExposureTime|1216|PHD2Client: Exposure time from PHD2 API: 2.000 seconds (2000 ms)
2026-03-06T18:12:46.7126|INFO|WeatherDataChooserVM.cs|GetEquipment|69|Found 0 Alpaca Observing Conditions
2026-03-06T18:12:46.7452|INFO|WeatherDataVM.cs|Disconnect|305|Disconnected Weather Device
2026-03-06T18:12:48.2622|INFO|AscomDevice.cs|GetProperty|527|Property ObservingConditions.SkyQuality GET is not implemented in this driver (SkyAlert Observing Conditions)
2026-03-06T18:12:48.2692|INFO|AscomDevice.cs|GetProperty|527|Property ObservingConditions.StarFWHM GET is not implemented in this driver (SkyAlert Observing Conditions)
2026-03-06T18:12:48.2829|INFO|WeatherDataVM.cs|ChooseWeatherData|150|Successfully connected Weather Device. Id: ASCOM.SkyAlert.ObservingConditions Name: SkyAlert Observing Conditions DisplayName: SkyAlert Observing Conditions (ASCOM) Driver Version: 1.7
2026-03-06T18:12:50.2941|INFO|SafetyMonitorChooserVM.cs|GetEquipment|71|Found 0 Alpaca Safety Monitors
2026-03-06T18:12:50.3294|INFO|SafetyMonitorVM.cs|Disconnect|221|Disconnected Safety Monitor
2026-03-06T18:12:50.7624|INFO|SafetyMonitorVM.cs|Connect|175|Successfully connected Safety Monitor. Id: ASCOM.GenericFile.SafetyMonitor Name: Generic File driver DisplayName: Generic File driver (ASCOM) Driver Version: 6.4
2026-03-06T18:12:50.7628|INFO|SequenceItem.cs|Run|254|Finishing Category: Connect, Item: ConnectAllEquipment
2026-03-06T18:12:50.7634|INFO|SequenceItem.cs|Run|208|Starting Category: Telescope, Item: FindHome
2026-03-06T18:12:50.7700|INFO|PHD2Guider.cs|StopGuiding|704|Phd2 - Stop Guiding skipped, as the app is already in state Stopped
2026-03-06T18:12:50.7720|INFO|TelescopeVM.cs|FindHome|292|Mount ordered to locate home position
2026-03-06T18:12:50.7747|INFO|TelescopeVM.cs|FindHome|336|Mount ordered to home but it is already at home
2026-03-06T18:12:50.7750|INFO|TelescopeVM.cs|FindHome|348|Mount has located its home position
2026-03-06T18:12:50.7761|INFO|SequenceItem.cs|Run|254|Finishing Category: Telescope, Item: FindHome
2026-03-06T18:12:50.7763|INFO|SequenceItem.cs|Run|208|Starting Category: Ground Station, Item: Send to Telegram
2026-03-06T18:12:51.3868|INFO|SequenceItem.cs|Run|254|Finishing Category: Ground Station, Item: Send to Telegram
2026-03-06T18:12:51.3873|INFO|SequenceItem.cs|Run|208|Starting Category: Ground Station, Item: Send to Pushover, Title: Cool
2026-03-06T18:12:51.5649|INFO|SequenceItem.cs|Run|254|Finishing Category: Ground Station, Item: Send to Pushover, Title: Cool
2026-03-06T18:12:51.5658|INFO|SequenceItem.cs|Run|208|Starting Category: Camera, Item: CoolCamera, Temperature: -5, Duration: 30
2026-03-06T18:12:51.5693|INFO|CameraVM.cs|CoolCamera|138|Cooling Camera. Target: -5 Duration: 00:30:00
2026-03-06T18:12:52.7753|INFO|SafetyMonitorVM.cs|UpdateMonitorValues|95|SafetyMonitorInfo state changed to Unsafe
2026-03-06T18:42:57.4204|INFO|SequenceItem.cs|Run|254|Finishing Category: Camera, Item: CoolCamera, Temperature: -5, Duration: 30
2026-03-06T18:42:57.4211|INFO|SequenceItem.cs|Run|208|Starting Category: Utility, Item: WaitForTime, Time: 19:16:56h, Offset: -15
2026-03-06T19:05:02.7770|INFO|SafetyMonitorVM.cs|UpdateMonitorValues|95|SafetyMonitorInfo state changed to Safe
2026-03-06T19:16:58.4481|INFO|SequenceItem.cs|Run|254|Finishing Category: Utility, Item: WaitForTime, Time: 19:16:56h, Offset: -15
2026-03-06T19:16:58.4566|INFO|SequenceItem.cs|Run|254|Finishing Category: * Instruction Set *, Container: NINA.Sequencer.Container.SequentialContainer, Strategy: SequentialStrategy, Items[FINISHED]: 10
2026-03-06T19:16:58.4571|INFO|SequenceItem.cs|Run|254|Finishing Category: * Instruction Set *, Container: NINA.Sequencer.Container.StartAreaContainer, Strategy: SequentialStrategy, Items[FINISHED]: 1
2026-03-06T19:16:58.4579|INFO|SequenceItem.cs|Run|208|Starting Category: * Instruction Set *, Container: NINA.Sequencer.Container.TargetAreaContainer, Strategy: SequentialStrategy, Items[CREATED]: 1
2026-03-06T19:16:58.4620|INFO|SequenceItem.cs|Run|208|Starting Category: * Instruction Set *, Container: NINA.Sequencer.Container.SequentialContainer, Strategy: SequentialStrategy, Items[CREATED]: 10, Conditions: Condition: TimeCondition, Time: 6:4:47h, Condition: TargetSchedulerCondition mode=While Targets Remain Tonight, , Triggers: Trigger: CenterAfterDriftTrigger, DistanceArcMinutes: 1Trigger: WhenUnsafeCategory: Ground Station, Item: Failures to TelegramCategory: Connect, Item: ReconnectOnDownloadFailureTrigger: AutofocusAfterHFRIncreaseTrigger, Amount: 5Trigger: MeridianFlipTriggerCategory: Powerups (Misc), Item: DIYTriggerCategory: Ground Station, Item: Failures to PushoverTrigger: AutofocusAfterTemperatureChangeTrigger, Amount: 1.5°
2026-03-06T19:16:58.4671|INFO|WhenCommon.cs|SequenceBlockInitialize|204|Initialize; starting watchdog
2026-03-06T19:17:25.0703|INFO|MeridianFlipTrigger.cs|ShouldTrigger|197|Meridian Flip - Telescope is at home position. Skip flip evaluation
2026-03-06T19:17:25.0719|INFO|SequenceItem.cs|Run|208|Starting Category: Utility, Item: WaitForTime, Time: 19:16:56h, Offset: -15
2026-03-06T19:17:25.0726|INFO|SequenceItem.cs|Run|254|Finishing Category: Utility, Item: WaitForTime, Time: 19:16:56h, Offset: -15
2026-03-06T19:17:25.0737|INFO|MeridianFlipTrigger.cs|ShouldTrigger|197|Meridian Flip - Telescope is at home position. Skip flip evaluation
2026-03-06T19:17:25.0738|INFO|SequenceItem.cs|Run|208|Starting Category: Ground Station, Item: Send to Telegram
2026-03-06T19:17:25.7445|INFO|SequenceItem.cs|Run|254|Finishing Category: Ground Station, Item: Send to Telegram
2026-03-06T19:17:25.7459|INFO|MeridianFlipTrigger.cs|ShouldTrigger|197|Meridian Flip - Telescope is at home position. Skip flip evaluation
2026-03-06T19:17:25.7460|INFO|SequenceItem.cs|Run|208|Starting Category: Ground Station, Item: Send to Pushover, Title: Focusing
2026-03-06T19:17:25.9095|INFO|SequenceItem.cs|Run|254|Finishing Category: Ground Station, Item: Send to Pushover, Title: Focusing
2026-03-06T19:17:25.9099|INFO|MeridianFlipTrigger.cs|ShouldTrigger|197|Meridian Flip - Telescope is at home position. Skip flip evaluation
2026-03-06T19:17:25.9121|INFO|SequenceItem.cs|Run|208|Starting Category: Telescope, Item: SlewScopeToRaDec, Coordinates: RA: 00:00:00; Dec: 85° 00' 00"; Epoch: J2000
2026-03-06T19:17:25.9165|INFO|PHD2Guider.cs|StopGuiding|704|Phd2 - Stop Guiding skipped, as the app is already in state Stopped
2026-03-06T19:17:25.9245|INFO|TelescopeVM.cs|SlewAsyncInternal|910|Slewing from RA: 11:39:02; Dec: 90° 00' 00"; Epoch: JNOW to RA: 00:01:01; Dec: 85° 08' 52"; Epoch: JNOW - Alt: 31° 53' 08"; Az: 354° 18' 33"
2026-03-06T19:17:35.9003|INFO|SequenceItem.cs|Run|254|Finishing Category: Telescope, Item: SlewScopeToRaDec, Coordinates: RA: 00:00:00; Dec: 85° 00' 00"; Epoch: J2000
2026-03-06T19:17:35.9026|INFO|MeridianFlipTrigger.cs|ShouldTrigger|265|Meridian Flip - There is still time remaining - max remaining time 06:18:49.1085054, next instruction time 0, next instruction Category: Filter Wheel, Item: SwitchFilter, Filter: L - and the telescope reports expected pier side pierEast. Automated Flip is not necessary.
2026-03-06T19:17:35.9030|INFO|SequenceItem.cs|Run|208|Starting Category: Filter Wheel, Item: SwitchFilter, Filter: L
2026-03-06T19:17:35.9112|INFO|SequenceItem.cs|Run|254|Finishing Category: Filter Wheel, Item: SwitchFilter, Filter: L
2026-03-06T19:17:35.9132|INFO|MeridianFlipTrigger.cs|ShouldTrigger|265|Meridian Flip - There is still time remaining - max remaining time 06:18:49.1085054, next instruction time 180, next instruction Category: Focuser, Item: RunAutofocus - and the telescope reports expected pier side pierEast. Automated Flip is not necessary.
2026-03-06T19:17:35.9135|INFO|SequenceItem.cs|Run|208|Starting Category: Focuser, Item: RunAutofocus
2026-03-06T19:17:36.0364|INFO|FocuserMediator.cs|BroadcastAutoFocusRunStarting|92|Autofocus starting notification received
2026-03-06T19:17:36.0401|INFO|PHD2Guider.cs|StopGuiding|704|Phd2 - Stop Guiding skipped, as the app is already in state Stopped
2026-03-06T19:17:36.0553|INFO|AutoFocusEngine.cs|RunAutoFocus|928|Starting AutoFocus with initial position 387314
2026-03-06T19:17:36.0862|INFO|CameraVM.cs|Capture|742|Starting Exposure - Exposure Time: 3s; Filter: L; Gain: 270; Offset 50; Binning: 1x1;
2026-03-06T19:17:40.8577|INFO|AutoFocusEngine.cs|StartBlindFocusPoints|769|Waiting on initial HFR analysis
2026-03-06T19:17:40.8865|INFO|FocuserVM.cs|MoveFocuserInternal|216|Moving Focuser to position 387450
2026-03-06T19:17:42.9783|INFO|HocusFocusStarDetection.cs|Detect|410|Average HFR: 1.689862987408789, HFR MAD: 0.07749211121521982, Detected Stars 35, Region: 0
2026-03-06T19:17:46.1378|INFO|CameraVM.cs|Capture|742|Starting Exposure - Exposure Time: 3s; Filter: L; Gain: 270; Offset 50; Binning: 1x1;
2026-03-06T19:17:50.8579|INFO|FocuserVM.cs|MoveFocuserInternal|216|Moving Focuser to position 387416
2026-03-06T19:17:52.1446|INFO|HocusFocusStarDetection.cs|Detect|410|Average HFR: 3.6176920106015293, HFR MAD: 0.9737590620422609, Detected Stars 12, Region: 0
2026-03-06T19:17:58.1462|INFO|CameraVM.cs|Capture|742|Starting Exposure - Exposure Time: 3s; Filter: L; Gain: 270; Offset 50; Binning: 1x1;
2026-03-06T19:18:02.8522|INFO|FocuserVM.cs|MoveFocuserInternal|216|Moving Focuser to position 387382
2026-03-06T19:18:04.1332|INFO|HocusFocusStarDetection.cs|Detect|410|Average HFR: 3.2377365695319833, HFR MAD: 0.7096272036585671, Detected Stars 24, Region: 0
2026-03-06T19:18:10.1215|INFO|CameraVM.cs|Capture|742|Starting Exposure - Exposure Time: 3s; Filter: L; Gain: 270; Offset 50; Binning: 1x1;
2026-03-06T19:18:14.8318|INFO|FocuserVM.cs|MoveFocuserInternal|216|Moving Focuser to position 387348
2026-03-06T19:18:16.1092|INFO|HocusFocusStarDetection.cs|Detect|410|Average HFR: 2.7771553707148193, HFR MAD: 0.5081362398084335, Detected Stars 38, Region: 0
2026-03-06T19:18:22.1088|INFO|CameraVM.cs|Capture|742|Starting Exposure - Exposure Time: 3s; Filter: L; Gain: 270; Offset 50; Binning: 1x1;
2026-03-06T19:18:26.8077|INFO|AutoFocusEngine.cs|StartBlindFocusPoints|797|Waiting on initial focuser move analyses
2026-03-06T19:18:28.0728|INFO|HocusFocusStarDetection.cs|Detect|410|Average HFR: 2.0857557773096205, HFR MAD: 0.28843119688828045, Detected Stars 48, Region: 0
2026-03-06T19:18:28.1191|INFO|FocuserVM.cs|MoveFocuserInternal|216|Moving Focuser to position 387314
2026-03-06T19:18:36.1180|INFO|CameraVM.cs|Capture|742|Starting Exposure - Exposure Time: 3s; Filter: L; Gain: 270; Offset 50; Binning: 1x1;
2026-03-06T19:18:40.8447|INFO|AutoFocusEngine.cs|StartBlindFocusPoints|870|Waiting on next left movement analysis
2026-03-06T19:18:42.1434|INFO|HocusFocusStarDetection.cs|Detect|410|Average HFR: 1.7145736415532602, HFR MAD: 0.08284066140056567, Detected Stars 49, Region: 0
2026-03-06T19:18:42.1709|INFO|FocuserVM.cs|MoveFocuserInternal|216|Moving Focuser to position 387280
2026-03-06T19:18:50.1580|INFO|CameraVM.cs|Capture|742|Starting Exposure - Exposure Time: 3s; Filter: L; Gain: 270; Offset 50; Binning: 1x1;
2026-03-06T19:18:54.8688|INFO|AutoFocusEngine.cs|StartBlindFocusPoints|870|Waiting on next left movement analysis
2026-03-06T19:18:56.1462|INFO|HocusFocusStarDetection.cs|Detect|410|Average HFR: 1.8513229703907923, HFR MAD: 0.12363322273967459, Detected Stars 68, Region: 0
2026-03-06T19:18:56.1882|INFO|AutoFocusEngine.cs|StartBlindFocusPoints|841|Enough right trend points (4) with an established minimum (387314) to queue remaining left focus points down to 387178
2026-03-06T19:18:56.1898|INFO|FocuserVM.cs|MoveFocuserInternal|216|Moving Focuser to position 387246
2026-03-06T19:19:06.1137|INFO|CameraVM.cs|Capture|742|Starting Exposure - Exposure Time: 3s; Filter: L; Gain: 270; Offset 50; Binning: 1x1;
2026-03-06T19:19:10.8146|INFO|FocuserVM.cs|MoveFocuserInternal|216|Moving Focuser to position 387212
2026-03-06T19:19:12.0836|INFO|HocusFocusStarDetection.cs|Detect|410|Average HFR: 2.8408721602991127, HFR MAD: 0.2235840600652188, Detected Stars 60, Region: 0
2026-03-06T19:19:18.1300|INFO|CameraVM.cs|Capture|742|Starting Exposure - Exposure Time: 3s; Filter: L; Gain: 270; Offset 50; Binning: 1x1;
2026-03-06T19:19:22.7440|INFO|FocuserVM.cs|MoveFocuserInternal|216|Moving Focuser to position 387178
2026-03-06T19:19:24.0215|INFO|HocusFocusStarDetection.cs|Detect|410|Average HFR: 4.1724652184692665, HFR MAD: 0.26579700886390834, Detected Stars 39, Region: 0
2026-03-06T19:19:30.1453|INFO|CameraVM.cs|Capture|742|Starting Exposure - Exposure Time: 3s; Filter: L; Gain: 270; Offset 50; Binning: 1x1;
2026-03-06T19:19:34.7384|INFO|AutoFocusEngine.cs|StartBlindFocusPoints|896|Waiting on remaining AutoFocus analysis tasks
2026-03-06T19:19:36.0135|INFO|HocusFocusStarDetection.cs|Detect|410|Average HFR: 5.874465474393833, HFR MAD: 0.2868548346158759, Detected Stars 22, Region: 0
2026-03-06T19:19:36.0914|INFO|FocuserVM.cs|MoveFocuserInternal|216|Moving Focuser to position 387301
2026-03-06T19:19:40.1384|INFO|AutoFocusEngine.cs|ValidateCalculatedFocusPosition|1140|Validating HFR at final focus position 387301
2026-03-06T19:19:40.1447|INFO|CameraVM.cs|Capture|742|Starting Exposure - Exposure Time: 3s; Filter: L; Gain: 270; Offset 50; Binning: 1x1;
2026-03-06T19:19:46.1171|INFO|HocusFocusStarDetection.cs|Detect|410|Average HFR: 1.7272621621591644, HFR MAD: 0.10154124139798393, Detected Stars 64, Region: 0
2026-03-06T19:19:46.1233|INFO|HocusFocusVM.cs|AutoFocusEngine_Completed|473|AutoFocus completed with focuser starting at 387314 and ending at 387301
2026-03-06T19:19:46.1781|INFO|FocuserMediator.cs|BroadcastSuccessfulAutoFocusRun|46|Autofocus notification received - Temperature 30.239999771118164
2026-03-06T19:19:46.2072|INFO|SequenceItem.cs|Run|254|Finishing Category: Focuser, Item: RunAutofocus
2026-03-06T19:19:46.2076|INFO|MeridianFlipTrigger.cs|ShouldTrigger|265|Meridian Flip - There is still time remaining - max remaining time 06:16:38.7552508, next instruction time 729.7924029, next instruction Category: Utility, Item: WaitForTime, Time: 19:31:56h, Offset: 0 - and the telescope reports expected pier side pierEast. Automated Flip is not necessary.
2026-03-06T19:19:46.2077|INFO|SequenceItem.cs|Run|208|Starting Category: Utility, Item: WaitForTime, Time: 19:31:56h, Offset: 0
2026-03-06T19:31:56.9315|INFO|SequenceItem.cs|Run|254|Finishing Category: Utility, Item: WaitForTime, Time: 19:31:56h, Offset: 0
2026-03-06T19:31:56.9324|INFO|MeridianFlipTrigger.cs|ShouldTrigger|265|Meridian Flip - There is still time remaining - max remaining time 06:04:26.6537023, next instruction time 0, next instruction Category: Ground Station, Item: Send to Telegram - and the telescope reports expected pier side pierEast. Automated Flip is not necessary.
2026-03-06T19:31:56.9325|INFO|SequenceItem.cs|Run|208|Starting Category: Ground Station, Item: Send to Telegram
2026-03-06T19:31:57.5555|INFO|SequenceItem.cs|Run|254|Finishing Category: Ground Station, Item: Send to Telegram
2026-03-06T19:31:57.5562|INFO|MeridianFlipTrigger.cs|ShouldTrigger|265|Meridian Flip - There is still time remaining - max remaining time 06:04:26.6537023, next instruction time 0, next instruction Category: Ground Station, Item: Send to Pushover, Title: Focus Done - and the telescope reports expected pier side pierEast. Automated Flip is not necessary.
2026-03-06T19:31:57.5563|INFO|SequenceItem.cs|Run|208|Starting Category: Ground Station, Item: Send to Pushover, Title: Focus Done
2026-03-06T19:31:57.6994|INFO|SequenceItem.cs|Run|254|Finishing Category: Ground Station, Item: Send to Pushover, Title: Focus Done
2026-03-06T19:31:57.7036|INFO|MeridianFlipTrigger.cs|ShouldTrigger|265|Meridian Flip - There is still time remaining - max remaining time 06:04:24.7359222, next instruction time 0, next instruction Category: Target Scheduler, Container: NINA.Plugin.TargetScheduler.Sequencer.TargetSchedulerContainer, Strategy: SequentialStrategy, Target:  RA: 00:00:00; Dec: 00° 00' 00"; Epoch: J2000 0 - and the telescope reports expected pier side pierEast. Automated Flip is not necessary.
2026-03-06T19:31:57.7039|INFO|SequenceItem.cs|Run|208|Starting Category: Target Scheduler, Container: NINA.Plugin.TargetScheduler.Sequencer.TargetSchedulerContainer, Strategy: SequentialStrategy, Target:  RA: 00:00:00; Dec: 00° 00' 00"; Epoch: J2000 0
2026-03-06T19:31:57.9346|INFO|Symbol.cs|OnMessageReceived|630|Received message from Target Scheduler re: TargetScheduler-NewTargetStart
2026-03-06T19:31:57.9349|INFO|Symbol.cs|OnMessageReceived|638|TS_TargetName = SH2-308 Panel 1 - NB
2026-03-06T19:31:57.9351|INFO|Symbol.cs|OnMessageReceived|639|Expires at 03/06/2026 20:35:44 -06:00
2026-03-06T19:31:57.9570|INFO|Symbol.cs|OnMessageReceived|630|Received message from Target Scheduler re: TargetScheduler-TargetStart
2026-03-06T19:31:57.9571|INFO|Symbol.cs|OnMessageReceived|638|TS_TargetName = SH2-308 Panel 1 - NB
2026-03-06T19:31:57.9571|INFO|Symbol.cs|OnMessageReceived|639|Expires at 03/06/2026 20:35:44 -06:00
2026-03-06T19:31:57.9582|INFO|MeridianFlipTrigger.cs|ShouldTrigger|265|Meridian Flip - There is still time remaining - max remaining time 06:04:24.7359222, next instruction time 0, next instruction NINA.Plugin.TargetScheduler.Sequencer.PlanSchedulerProgress - and the telescope reports expected pier side pierEast. Automated Flip is not necessary.
2026-03-06T19:31:57.9584|INFO|SequenceItem.cs|Run|208|Starting NINA.Plugin.TargetScheduler.Sequencer.PlanSchedulerProgress
2026-03-06T19:31:57.9630|INFO|SequenceItem.cs|Run|254|Finishing NINA.Plugin.TargetScheduler.Sequencer.PlanSchedulerProgress
2026-03-06T19:31:57.9638|INFO|MeridianFlipTrigger.cs|ShouldTrigger|265|Meridian Flip - There is still time remaining - max remaining time 06:04:24.7359222, next instruction time 0, next instruction Category: Scheduler, Item: Center, Coordinates RA: 06:57:40; Dec: -25° 23' 31"; Epoch: J2000 - and the telescope reports expected pier side pierEast. Automated Flip is not necessary.
2026-03-06T19:31:57.9640|INFO|SequenceItem.cs|Run|208|Starting Category: Scheduler, Item: Center, Coordinates RA: 06:57:40; Dec: -25° 23' 31"; Epoch: J2000
2026-03-06T19:31:58.0652|INFO|PHD2Guider.cs|StopGuiding|704|Phd2 - Stop Guiding skipped, as the app is already in state Stopped
2026-03-06T19:31:58.0710|INFO|TelescopeVM.cs|SlewAsyncInternal|910|Slewing from RA: 00:01:01; Dec: 85° 08' 52"; Epoch: JNOW to RA: 06:58:46; Dec: -25° 25' 49"; Epoch: JNOW - Alt: 30° 56' 10"; Az: 162° 49' 29"
2026-03-06T19:32:38.3187|INFO|CameraVM.cs|Capture|742|Starting Exposure - Exposure Time: 2s; Filter: L; Gain: 275; Offset 50; Binning: 1x1;
2026-03-06T19:32:42.6569|INFO|ImageSolver.cs|Solve|41|Platesolving with parameters: FocalLength: 360 PixelSize: 3.76 SearchRadius: 30 BlindFailoverEnabled: True Regions: 5000 DownSampleFactor: 0 MaxObjects: 500 Reference Coordinates RA: 06:57:40 Dec: -25° 23' 31" Epoch: J2000
2026-03-06T19:32:44.0136|INFO|BaseImageData.cs|SaveToDisk|346|Saved image to C:\Users\nicka\AppData\Local\NINA\PlateSolver\nkz2yf0y.q31.fits
2026-03-06T19:32:46.4319|WARNING|DeviceUpdateTimer.cs|Run|115|Mount value update cycle took longer than the device poll interval (Total: 2.94s > 2s; Poll: 00:00:02.9432324; Update: 00:00:00.0003176)
2026-03-06T19:32:50.2383|ERROR|ASTAPSolver.cs|ReadResult|62|ASTAP - Plate solve failed.

Not enough stars.
2026-03-06T19:32:50.2477|INFO|ImageSolver.cs|Solve|41|Platesolving with parameters: FocalLength: 360 PixelSize: 3.76 SearchRadius: 30 BlindFailoverEnabled: True Regions: 5000 DownSampleFactor: 0 MaxObjects: 500 
2026-03-06T19:32:50.6084|INFO|BaseImageData.cs|SaveToDisk|346|Saved image to C:\Users\nicka\AppData\Local\NINA\PlateSolver\bjwe23hr.mz4.fits
2026-03-06T19:32:51.8307|ERROR|ASTAPSolver.cs|ReadResult|62|ASTAP - Plate solve failed.

Not enough stars.
2026-03-06T19:32:51.8338|INFO|ImageSolver.cs|Solve|56|Platesolve failed
2026-03-06T19:32:51.8339|INFO|ImageSolver.cs|Solve|56|Platesolve failed
2026-03-06T19:33:27.1759|INFO|AscomDevice.cs|Disconnect|378|Disconnecting from ASCOM.iOptron2017.Telescope iOptron CEM120,70,40,26, GEM, HEM, HAE, HAZ series and SkyHunter Mount
2026-03-06T19:33:27.2525|INFO|TelescopeVM.cs|Disconnect|740|Disconnected mount
2026-03-06T19:33:29.2216|INFO|TelescopeVM.cs|Disconnect|740|Disconnected mount
2026-03-06T19:33:29.2416|INFO|AscomTelescope.cs|CheckMountTime|845|Mount UTC Time: 2026-03-07 01:33:29Z / System UTC Time: 2026-03-07 01:33:29Z; Difference: 0.14 seconds
2026-03-06T19:33:29.2793|INFO|AscomTelescope.cs|CheckMountTime|852|System time has been synced to the mount
2026-03-06T19:33:29.3815|INFO|TelescopeVM.cs|ChooseTelescope|535|Successfully connected mount. Id: ASCOM.iOptron2017.Telescope Name: iOptron CEM120,70,40,26, GEM, HEM, HAE, HAZ series and SkyHunter Mount DisplayName: iOptron CEM120,70,40,26, GEM, HEM, HAE, HAZ series and SkyHunter Mount (ASCOM) Driver Version: 9.15
2026-03-06T19:33:37.4321|INFO|CenteringSolver.cs|Center|165|Restoring filter to L after centering
2026-03-06T19:33:37.5125|INFO|WhenCommon.cs|SequenceBlockTeardown|198|Teardown; shutting down watchdog
2026-03-06T19:33:37.5263|INFO|Sequencer.cs|Start|85|Sequence run was cancelled
2026-03-06T19:33:37.5371|INFO|Sequence2VM.cs|StartSequence|548|Advanced Sequence finished
2026-03-06T19:33:38.2939|INFO|Sequence2VM.cs|StartSequence|543|Advanced Sequence starting
2026-03-06T19:33:38.3979|INFO|SequenceItem.cs|Run|208|Starting Category: * Instruction Set *, Container: NINA.Sequencer.Container.SequenceRootContainer, Strategy: SequentialStrategy, Items[CREATED]: 3, Triggers: Category: Ground Station, Item: Failures to Telegram
2026-03-06T19:33:38.3982|INFO|SequenceItem.cs|Run|208|Starting Category: * Instruction Set *, Container: NINA.Sequencer.Container.StartAreaContainer, Strategy: SequentialStrategy, Items[FINISHED]: 1
2026-03-06T19:33:38.3983|INFO|SequenceItem.cs|Run|254|Finishing Category: * Instruction Set *, Container: NINA.Sequencer.Container.StartAreaContainer, Strategy: SequentialStrategy, Items[FINISHED]: 1
2026-03-06T19:33:38.3985|INFO|SequenceItem.cs|Run|208|Starting Category: * Instruction Set *, Container: NINA.Sequencer.Container.TargetAreaContainer, Strategy: SequentialStrategy, Items[CREATED]: 1
2026-03-06T19:33:38.3987|INFO|SequenceItem.cs|Run|208|Starting Category: * Instruction Set *, Container: NINA.Sequencer.Container.SequentialContainer, Strategy: SequentialStrategy, Items[FINISHED]: 9, Items[CREATED]: 1, Conditions: Condition: TimeCondition, Time: 6:4:47h, Condition: TargetSchedulerCondition mode=While Targets Remain Tonight, , Triggers: Trigger: CenterAfterDriftTrigger, DistanceArcMinutes: 1Trigger: WhenUnsafeCategory: Ground Station, Item: Failures to TelegramCategory: Connect, Item: ReconnectOnDownloadFailureTrigger: AutofocusAfterHFRIncreaseTrigger, Amount: 5Trigger: MeridianFlipTriggerCategory: Powerups (Misc), Item: DIYTriggerCategory: Ground Station, Item: Failures to PushoverTrigger: AutofocusAfterTemperatureChangeTrigger, Amount: 1.5°
2026-03-06T19:33:38.3989|INFO|WhenCommon.cs|SequenceBlockInitialize|204|Initialize; starting watchdog
2026-03-06T19:33:38.3996|INFO|MeridianFlipTrigger.cs|ShouldTrigger|265|Meridian Flip - There is still time remaining - max remaining time 01:00:30.0289537, next instruction time 0, next instruction Category: Target Scheduler, Container: NINA.Plugin.TargetScheduler.Sequencer.TargetSchedulerContainer, Strategy: SequentialStrategy, Target:  RA: 00:00:00; Dec: 00° 00' 00"; Epoch: J2000 0 - and the telescope reports expected pier side pierWest. Automated Flip is not necessary.
2026-03-06T19:33:38.3998|INFO|SequenceItem.cs|Run|208|Starting Category: Target Scheduler, Container: NINA.Plugin.TargetScheduler.Sequencer.TargetSchedulerContainer, Strategy: SequentialStrategy, Target:  RA: 00:00:00; Dec: 00° 00' 00"; Epoch: J2000 0
2026-03-06T19:33:38.5818|INFO|Symbol.cs|OnMessageReceived|630|Received message from Target Scheduler re: TargetScheduler-NewTargetStart
2026-03-06T19:33:38.5819|INFO|Symbol.cs|OnMessageReceived|638|TS_TargetName = SH2-308 Panel 1 - NB
2026-03-06T19:33:38.5819|INFO|Symbol.cs|OnMessageReceived|639|Expires at 03/06/2026 20:35:44 -06:00
2026-03-06T19:33:38.5919|INFO|Symbol.cs|OnMessageReceived|630|Received message from Target Scheduler re: TargetScheduler-TargetStart
2026-03-06T19:33:38.5919|INFO|Symbol.cs|OnMessageReceived|638|TS_TargetName = SH2-308 Panel 1 - NB
2026-03-06T19:33:38.5919|INFO|Symbol.cs|OnMessageReceived|639|Expires at 03/06/2026 20:35:44 -06:00
2026-03-06T19:33:38.6346|INFO|MeridianFlipTrigger.cs|ShouldTrigger|265|Meridian Flip - There is still time remaining - max remaining time 01:00:30.0289537, next instruction time 0, next instruction NINA.Plugin.TargetScheduler.Sequencer.PlanSchedulerProgress - and the telescope reports expected pier side pierWest. Automated Flip is not necessary.
2026-03-06T19:33:38.6348|INFO|SequenceItem.cs|Run|208|Starting NINA.Plugin.TargetScheduler.Sequencer.PlanSchedulerProgress
2026-03-06T19:33:38.6352|INFO|SequenceItem.cs|Run|254|Finishing NINA.Plugin.TargetScheduler.Sequencer.PlanSchedulerProgress
2026-03-06T19:33:38.6598|INFO|MeridianFlipTrigger.cs|ShouldTrigger|265|Meridian Flip - There is still time remaining - max remaining time 01:00:30.0289537, next instruction time 0, next instruction Category: Scheduler, Item: Center, Coordinates RA: 06:57:40; Dec: -25° 23' 31"; Epoch: J2000 - and the telescope reports expected pier side pierWest. Automated Flip is not necessary.
2026-03-06T19:33:38.6599|INFO|SequenceItem.cs|Run|208|Starting Category: Scheduler, Item: Center, Coordinates RA: 06:57:40; Dec: -25° 23' 31"; Epoch: J2000
2026-03-06T19:33:38.7867|INFO|PHD2Guider.cs|StopGuiding|704|Phd2 - Stop Guiding skipped, as the app is already in state Stopped
2026-03-06T19:33:38.7892|INFO|TelescopeVM.cs|SlewAsyncInternal|910|Slewing from RA: 06:58:46; Dec: -25° 25' 49"; Epoch: JNOW to RA: 06:58:46; Dec: -25° 25' 49"; Epoch: JNOW - Alt: 31° 02' 27"; Az: 163° 15' 04"
2026-03-06T19:33:47.9888|INFO|CameraVM.cs|Capture|742|Starting Exposure - Exposure Time: 2s; Filter: L; Gain: 275; Offset 50; Binning: 1x1;
2026-03-06T19:33:52.4799|INFO|ImageSolver.cs|Solve|41|Platesolving with parameters: FocalLength: 360 PixelSize: 3.76 SearchRadius: 30 BlindFailoverEnabled: True Regions: 5000 DownSampleFactor: 0 MaxObjects: 500 Reference Coordinates RA: 06:57:40 Dec: -25° 23' 31" Epoch: J2000
2026-03-06T19:33:52.8141|INFO|BaseImageData.cs|SaveToDisk|346|Saved image to C:\Users\nicka\AppData\Local\NINA\PlateSolver\fjz04szh.fj5.fits
2026-03-06T19:33:53.7599|ERROR|ASTAPSolver.cs|ReadResult|62|ASTAP - Plate solve failed.

Not enough stars.
2026-03-06T19:33:53.7773|INFO|ImageSolver.cs|Solve|41|Platesolving with parameters: FocalLength: 360 PixelSize: 3.76 SearchRadius: 30 BlindFailoverEnabled: True Regions: 5000 DownSampleFactor: 0 MaxObjects: 500 
2026-03-06T19:33:54.1312|INFO|BaseImageData.cs|SaveToDisk|346|Saved image to C:\Users\nicka\AppData\Local\NINA\PlateSolver\k4hkop55.y5f.fits
2026-03-06T19:33:55.0406|ERROR|ASTAPSolver.cs|ReadResult|62|ASTAP - Plate solve failed.

Not enough stars.
2026-03-06T19:33:55.0473|INFO|ImageSolver.cs|Solve|56|Platesolve failed
2026-03-06T19:33:55.0474|INFO|ImageSolver.cs|Solve|56|Platesolve failed
2026-03-06T19:34:59.8265|INFO|CenteringSolver.cs|Center|165|Restoring filter to L after centering
2026-03-06T19:34:59.8648|INFO|WhenCommon.cs|SequenceBlockTeardown|198|Teardown; shutting down watchdog
2026-03-06T19:34:59.8658|INFO|Sequencer.cs|Start|85|Sequence run was cancelled
2026-03-06T19:34:59.8681|INFO|Sequence2VM.cs|StartSequence|548|Advanced Sequence finished
2026-03-06T19:35:00.2668|INFO|Sequence2VM.cs|StartSequence|543|Advanced Sequence starting
2026-03-06T19:35:00.4350|INFO|SequenceItem.cs|Run|208|Starting Category: * Instruction Set *, Container: NINA.Sequencer.Container.SequenceRootContainer, Strategy: SequentialStrategy, Items[CREATED]: 3, Triggers: Category: Ground Station, Item: Failures to Telegram
2026-03-06T19:35:00.4352|INFO|SequenceItem.cs|Run|208|Starting Category: * Instruction Set *, Container: NINA.Sequencer.Container.StartAreaContainer, Strategy: SequentialStrategy, Items[FINISHED]: 1
2026-03-06T19:35:00.4353|INFO|SequenceItem.cs|Run|254|Finishing Category: * Instruction Set *, Container: NINA.Sequencer.Container.StartAreaContainer, Strategy: SequentialStrategy, Items[FINISHED]: 1
2026-03-06T19:35:00.4354|INFO|SequenceItem.cs|Run|208|Starting Category: * Instruction Set *, Container: NINA.Sequencer.Container.TargetAreaContainer, Strategy: SequentialStrategy, Items[CREATED]: 1
2026-03-06T19:35:00.4355|INFO|SequenceItem.cs|Run|208|Starting Category: * Instruction Set *, Container: NINA.Sequencer.Container.SequentialContainer, Strategy: SequentialStrategy, Items[FINISHED]: 9, Items[CREATED]: 1, Conditions: Condition: TimeCondition, Time: 6:4:47h, Condition: TargetSchedulerCondition mode=While Targets Remain Tonight, , Triggers: Trigger: CenterAfterDriftTrigger, DistanceArcMinutes: 1Trigger: WhenUnsafeCategory: Ground Station, Item: Failures to TelegramCategory: Connect, Item: ReconnectOnDownloadFailureTrigger: AutofocusAfterHFRIncreaseTrigger, Amount: 5Trigger: MeridianFlipTriggerCategory: Powerups (Misc), Item: DIYTriggerCategory: Ground Station, Item: Failures to PushoverTrigger: AutofocusAfterTemperatureChangeTrigger, Amount: 1.5°
2026-03-06T19:35:00.4356|INFO|WhenCommon.cs|SequenceBlockInitialize|204|Initialize; starting watchdog
2026-03-06T19:35:00.4360|INFO|MeridianFlipTrigger.cs|ShouldTrigger|265|Meridian Flip - There is still time remaining - max remaining time 02:17:12.3641841, next instruction time 0, next instruction Category: Target Scheduler, Container: NINA.Plugin.TargetScheduler.Sequencer.TargetSchedulerContainer, Strategy: SequentialStrategy, Target:  RA: 00:00:00; Dec: 00° 00' 00"; Epoch: J2000 0 - and the telescope reports expected pier side pierWest. Automated Flip is not necessary.
2026-03-06T19:35:00.4361|INFO|SequenceItem.cs|Run|208|Starting Category: Target Scheduler, Container: NINA.Plugin.TargetScheduler.Sequencer.TargetSchedulerContainer, Strategy: SequentialStrategy, Target:  RA: 00:00:00; Dec: 00° 00' 00"; Epoch: J2000 0
2026-03-06T19:35:00.6083|INFO|Symbol.cs|OnMessageReceived|630|Received message from Target Scheduler re: TargetScheduler-NewTargetStart
2026-03-06T19:35:00.6084|INFO|Symbol.cs|OnMessageReceived|638|TS_TargetName = SH2-308 Panel 1 - NB
2026-03-06T19:35:00.6084|INFO|Symbol.cs|OnMessageReceived|639|Expires at 03/06/2026 20:35:44 -06:00
2026-03-06T19:35:00.6138|INFO|Symbol.cs|OnMessageReceived|630|Received message from Target Scheduler re: TargetScheduler-TargetStart
2026-03-06T19:35:00.6138|INFO|Symbol.cs|OnMessageReceived|638|TS_TargetName = SH2-308 Panel 1 - NB
2026-03-06T19:35:00.6138|INFO|Symbol.cs|OnMessageReceived|639|Expires at 03/06/2026 20:35:44 -06:00
2026-03-06T19:35:00.6142|INFO|MeridianFlipTrigger.cs|ShouldTrigger|265|Meridian Flip - There is still time remaining - max remaining time 02:17:12.3641841, next instruction time 0, next instruction NINA.Plugin.TargetScheduler.Sequencer.PlanSchedulerProgress - and the telescope reports expected pier side pierWest. Automated Flip is not necessary.
2026-03-06T19:35:00.6143|INFO|SequenceItem.cs|Run|208|Starting NINA.Plugin.TargetScheduler.Sequencer.PlanSchedulerProgress
2026-03-06T19:35:00.6147|INFO|SequenceItem.cs|Run|254|Finishing NINA.Plugin.TargetScheduler.Sequencer.PlanSchedulerProgress
2026-03-06T19:35:00.6149|INFO|MeridianFlipTrigger.cs|ShouldTrigger|265|Meridian Flip - There is still time remaining - max remaining time 02:17:12.3641841, next instruction time 0, next instruction Category: Scheduler, Item: Center, Coordinates RA: 06:57:40; Dec: -25° 23' 31"; Epoch: J2000 - and the telescope reports expected pier side pierWest. Automated Flip is not necessary.
2026-03-06T19:35:00.6150|INFO|SequenceItem.cs|Run|208|Starting Category: Scheduler, Item: Center, Coordinates RA: 06:57:40; Dec: -25° 23' 31"; Epoch: J2000
2026-03-06T19:35:00.7359|INFO|PHD2Guider.cs|StopGuiding|704|Phd2 - Stop Guiding skipped, as the app is already in state Stopped
2026-03-06T19:35:00.7381|WARNING|TelescopeVM.cs|SlewAsyncInternal|887|Slew issued while a prior slew is still in progress! Waiting for the prior slew to complete
2026-03-06T19:35:01.7416|INFO|TelescopeVM.cs|SlewAsyncInternal|910|Slewing from RA: 08:47:32; Dec: 01° 41' 01"; Epoch: JNOW to RA: 06:58:46; Dec: -25° 25' 49"; Epoch: JNOW - Alt: 31° 07' 27"; Az: 163° 35' 55"
2026-03-06T19:35:01.7601|INFO|WhenCommon.cs|SequenceBlockTeardown|198|Teardown; shutting down watchdog
2026-03-06T19:35:01.7614|INFO|Sequencer.cs|Start|85|Sequence run was cancelled
2026-03-06T19:35:01.7651|INFO|Sequence2VM.cs|StartSequence|548|Advanced Sequence finished
2026-03-06T19:35:02.7945|INFO|Sequence2VM.cs|StartSequence|543|Advanced Sequence starting
2026-03-06T19:35:02.9502|INFO|SequenceItem.cs|Run|208|Starting Category: * Instruction Set *, Container: NINA.Sequencer.Container.SequenceRootContainer, Strategy: SequentialStrategy, Items[CREATED]: 3, Triggers: Category: Ground Station, Item: Failures to Telegram
2026-03-06T19:35:02.9504|INFO|SequenceItem.cs|Run|208|Starting Category: * Instruction Set *, Container: NINA.Sequencer.Container.StartAreaContainer, Strategy: SequentialStrategy, Items[FINISHED]: 1
2026-03-06T19:35:02.9505|INFO|SequenceItem.cs|Run|254|Finishing Category: * Instruction Set *, Container: NINA.Sequencer.Container.StartAreaContainer, Strategy: SequentialStrategy, Items[FINISHED]: 1
2026-03-06T19:35:02.9506|INFO|SequenceItem.cs|Run|208|Starting Category: * Instruction Set *, Container: NINA.Sequencer.Container.TargetAreaContainer, Strategy: SequentialStrategy, Items[CREATED]: 1
2026-03-06T19:35:02.9507|INFO|SequenceItem.cs|Run|208|Starting Category: * Instruction Set *, Container: NINA.Sequencer.Container.SequentialContainer, Strategy: SequentialStrategy, Items[FINISHED]: 9, Items[CREATED]: 1, Conditions: Condition: TimeCondition, Time: 6:4:47h, Condition: TargetSchedulerCondition mode=While Targets Remain Tonight, , Triggers: Trigger: CenterAfterDriftTrigger, DistanceArcMinutes: 1Trigger: WhenUnsafeCategory: Ground Station, Item: Failures to TelegramCategory: Connect, Item: ReconnectOnDownloadFailureTrigger: AutofocusAfterHFRIncreaseTrigger, Amount: 5Trigger: MeridianFlipTriggerCategory: Powerups (Misc), Item: DIYTriggerCategory: Ground Station, Item: Failures to PushoverTrigger: AutofocusAfterTemperatureChangeTrigger, Amount: 1.5°
2026-03-06T19:35:02.9508|INFO|WhenCommon.cs|SequenceBlockInitialize|204|Initialize; starting watchdog
2026-03-06T19:35:02.9512|INFO|MeridianFlipTrigger.cs|ShouldTrigger|265|Meridian Flip - There is still time remaining - max remaining time 02:31:36.9895798, next instruction time 0, next instruction Category: Target Scheduler, Container: NINA.Plugin.TargetScheduler.Sequencer.TargetSchedulerContainer, Strategy: SequentialStrategy, Target:  RA: 00:00:00; Dec: 00° 00' 00"; Epoch: J2000 0 - and the telescope reports expected pier side pierWest. Automated Flip is not necessary.
2026-03-06T19:35:02.9513|INFO|SequenceItem.cs|Run|208|Starting Category: Target Scheduler, Container: NINA.Plugin.TargetScheduler.Sequencer.TargetSchedulerContainer, Strategy: SequentialStrategy, Target:  RA: 00:00:00; Dec: 00° 00' 00"; Epoch: J2000 0
2026-03-06T19:35:03.1318|INFO|Symbol.cs|OnMessageReceived|630|Received message from Target Scheduler re: TargetScheduler-NewTargetStart
2026-03-06T19:35:03.1319|INFO|Symbol.cs|OnMessageReceived|638|TS_TargetName = SH2-308 Panel 1 - NB
2026-03-06T19:35:03.1319|INFO|Symbol.cs|OnMessageReceived|639|Expires at 03/06/2026 20:35:44 -06:00
2026-03-06T19:35:03.1379|INFO|Symbol.cs|OnMessageReceived|630|Received message from Target Scheduler re: TargetScheduler-TargetStart
2026-03-06T19:35:03.1380|INFO|Symbol.cs|OnMessageReceived|638|TS_TargetName = SH2-308 Panel 1 - NB
2026-03-06T19:35:03.1380|INFO|Symbol.cs|OnMessageReceived|639|Expires at 03/06/2026 20:35:44 -06:00
2026-03-06T19:35:03.1385|INFO|MeridianFlipTrigger.cs|ShouldTrigger|265|Meridian Flip - There is still time remaining - max remaining time 02:31:36.9895798, next instruction time 0, next instruction NINA.Plugin.TargetScheduler.Sequencer.PlanSchedulerProgress - and the telescope reports expected pier side pierWest. Automated Flip is not necessary.
2026-03-06T19:35:03.1386|INFO|SequenceItem.cs|Run|208|Starting NINA.Plugin.TargetScheduler.Sequencer.PlanSchedulerProgress
2026-03-06T19:35:03.1391|INFO|SequenceItem.cs|Run|254|Finishing NINA.Plugin.TargetScheduler.Sequencer.PlanSchedulerProgress
2026-03-06T19:35:03.1395|INFO|MeridianFlipTrigger.cs|ShouldTrigger|265|Meridian Flip - There is still time remaining - max remaining time 02:31:36.9895798, next instruction time 0, next instruction Category: Scheduler, Item: Center, Coordinates RA: 06:57:40; Dec: -25° 23' 31"; Epoch: J2000 - and the telescope reports expected pier side pierWest. Automated Flip is not necessary.
2026-03-06T19:35:03.1396|INFO|SequenceItem.cs|Run|208|Starting Category: Scheduler, Item: Center, Coordinates RA: 06:57:40; Dec: -25° 23' 31"; Epoch: J2000
2026-03-06T19:35:03.2347|INFO|PHD2Guider.cs|StopGuiding|704|Phd2 - Stop Guiding skipped, as the app is already in state Stopped
2026-03-06T19:35:03.2360|WARNING|TelescopeVM.cs|SlewAsyncInternal|887|Slew issued while a prior slew is still in progress! Waiting for the prior slew to complete
2026-03-06T19:35:04.2370|INFO|TelescopeVM.cs|SlewAsyncInternal|910|Slewing from RA: 09:09:13; Dec: 07° 05' 45"; Epoch: JNOW to RA: 06:58:46; Dec: -25° 25' 49"; Epoch: JNOW - Alt: 31° 07' 36"; Az: 163° 36' 34"
2026-03-06T19:35:04.2660|INFO|WhenCommon.cs|SequenceBlockTeardown|198|Teardown; shutting down watchdog
2026-03-06T19:35:04.2671|INFO|Sequencer.cs|Start|85|Sequence run was cancelled
2026-03-06T19:35:04.2706|INFO|Sequence2VM.cs|StartSequence|548|Advanced Sequence finished
2026-03-06T19:35:20.8252|INFO|Sequence2VM.cs|StartSequence|543|Advanced Sequence starting
2026-03-06T19:35:20.9738|INFO|SequenceItem.cs|Run|208|Starting Category: * Instruction Set *, Container: NINA.Sequencer.Container.SequenceRootContainer, Strategy: SequentialStrategy, Items[CREATED]: 3, Triggers: Category: Ground Station, Item: Failures to Telegram
2026-03-06T19:35:20.9740|INFO|SequenceItem.cs|Run|208|Starting Category: * Instruction Set *, Container: NINA.Sequencer.Container.StartAreaContainer, Strategy: SequentialStrategy, Items[FINISHED]: 1
2026-03-06T19:35:20.9741|INFO|SequenceItem.cs|Run|254|Finishing Category: * Instruction Set *, Container: NINA.Sequencer.Container.StartAreaContainer, Strategy: SequentialStrategy, Items[FINISHED]: 1
2026-03-06T19:35:20.9741|INFO|SequenceItem.cs|Run|208|Starting Category: * Instruction Set *, Container: NINA.Sequencer.Container.TargetAreaContainer, Strategy: SequentialStrategy, Items[CREATED]: 1
2026-03-06T19:35:20.9743|INFO|SequenceItem.cs|Run|208|Starting Category: * Instruction Set *, Container: NINA.Sequencer.Container.SequentialContainer, Strategy: SequentialStrategy, Items[FINISHED]: 9, Items[CREATED]: 1, Conditions: Condition: TimeCondition, Time: 6:4:47h, Condition: TargetSchedulerCondition mode=While Targets Remain Tonight, , Triggers: Trigger: CenterAfterDriftTrigger, DistanceArcMinutes: 1Trigger: WhenUnsafeCategory: Ground Station, Item: Failures to TelegramCategory: Connect, Item: ReconnectOnDownloadFailureTrigger: AutofocusAfterHFRIncreaseTrigger, Amount: 5Trigger: MeridianFlipTriggerCategory: Powerups (Misc), Item: DIYTriggerCategory: Ground Station, Item: Failures to PushoverTrigger: AutofocusAfterTemperatureChangeTrigger, Amount: 1.5°
2026-03-06T19:35:20.9744|INFO|WhenCommon.cs|SequenceBlockInitialize|204|Initialize; starting watchdog
2026-03-06T19:35:20.9748|INFO|MeridianFlipTrigger.cs|ShouldTrigger|265|Meridian Flip - There is still time remaining - max remaining time 00:58:47.6553806, next instruction time 0, next instruction Category: Target Scheduler, Container: NINA.Plugin.TargetScheduler.Sequencer.TargetSchedulerContainer, Strategy: SequentialStrategy, Target:  RA: 00:00:00; Dec: 00° 00' 00"; Epoch: J2000 0 - and the telescope reports expected pier side pierWest. Automated Flip is not necessary.
2026-03-06T19:35:20.9748|INFO|SequenceItem.cs|Run|208|Starting Category: Target Scheduler, Container: NINA.Plugin.TargetScheduler.Sequencer.TargetSchedulerContainer, Strategy: SequentialStrategy, Target:  RA: 00:00:00; Dec: 00° 00' 00"; Epoch: J2000 0
2026-03-06T19:35:21.1409|INFO|Symbol.cs|OnMessageReceived|630|Received message from Target Scheduler re: TargetScheduler-NewTargetStart
2026-03-06T19:35:21.1409|INFO|Symbol.cs|OnMessageReceived|638|TS_TargetName = SH2-308 Panel 1 - NB
2026-03-06T19:35:21.1410|INFO|Symbol.cs|OnMessageReceived|639|Expires at 03/06/2026 20:35:44 -06:00
2026-03-06T19:35:21.1463|INFO|Symbol.cs|OnMessageReceived|630|Received message from Target Scheduler re: TargetScheduler-TargetStart
2026-03-06T19:35:21.1464|INFO|Symbol.cs|OnMessageReceived|638|TS_TargetName = SH2-308 Panel 1 - NB
2026-03-06T19:35:21.1464|INFO|Symbol.cs|OnMessageReceived|639|Expires at 03/06/2026 20:35:44 -06:00
2026-03-06T19:35:21.1468|INFO|MeridianFlipTrigger.cs|ShouldTrigger|265|Meridian Flip - There is still time remaining - max remaining time 00:58:47.6553806, next instruction time 0, next instruction NINA.Plugin.TargetScheduler.Sequencer.PlanSchedulerProgress - and the telescope reports expected pier side pierWest. Automated Flip is not necessary.
2026-03-06T19:35:21.1469|INFO|SequenceItem.cs|Run|208|Starting NINA.Plugin.TargetScheduler.Sequencer.PlanSchedulerProgress
2026-03-06T19:35:21.1475|INFO|SequenceItem.cs|Run|254|Finishing NINA.Plugin.TargetScheduler.Sequencer.PlanSchedulerProgress
2026-03-06T19:35:21.1480|INFO|MeridianFlipTrigger.cs|ShouldTrigger|265|Meridian Flip - There is still time remaining - max remaining time 00:58:47.6553806, next instruction time 0, next instruction Category: Scheduler, Item: Center, Coordinates RA: 06:57:40; Dec: -25° 23' 31"; Epoch: J2000 - and the telescope reports expected pier side pierWest. Automated Flip is not necessary.
2026-03-06T19:35:21.1481|INFO|SequenceItem.cs|Run|208|Starting Category: Scheduler, Item: Center, Coordinates RA: 06:57:40; Dec: -25° 23' 31"; Epoch: J2000
2026-03-06T19:35:21.2859|INFO|PHD2Guider.cs|StopGuiding|704|Phd2 - Stop Guiding skipped, as the app is already in state Stopped
2026-03-06T19:35:21.3029|INFO|TelescopeVM.cs|SlewAsyncInternal|910|Slewing from RA: 06:58:46; Dec: -25° 25' 49"; Epoch: JNOW to RA: 06:58:46; Dec: -25° 25' 49"; Epoch: JNOW - Alt: 31° 08' 41"; Az: 163° 41' 10"
2026-03-06T19:35:29.5178|INFO|CameraVM.cs|Capture|742|Starting Exposure - Exposure Time: 2s; Filter: L; Gain: 275; Offset 50; Binning: 1x1;
2026-03-06T19:35:33.9752|INFO|ImageSolver.cs|Solve|41|Platesolving with parameters: FocalLength: 360 PixelSize: 3.76 SearchRadius: 30 BlindFailoverEnabled: True Regions: 5000 DownSampleFactor: 0 MaxObjects: 500 Reference Coordinates RA: 06:57:40 Dec: -25° 23' 31" Epoch: J2000
2026-03-06T19:35:34.3251|INFO|BaseImageData.cs|SaveToDisk|346|Saved image to C:\Users\nicka\AppData\Local\NINA\PlateSolver\og032k0q.tkk.fits
2026-03-06T19:35:35.2518|ERROR|ASTAPSolver.cs|ReadResult|62|ASTAP - Plate solve failed.


2026-03-06T19:35:35.2581|INFO|ImageSolver.cs|Solve|41|Platesolving with parameters: FocalLength: 360 PixelSize: 3.76 SearchRadius: 30 BlindFailoverEnabled: True Regions: 5000 DownSampleFactor: 0 MaxObjects: 500 
2026-03-06T19:35:35.6279|INFO|BaseImageData.cs|SaveToDisk|346|Saved image to C:\Users\nicka\AppData\Local\NINA\PlateSolver\jgurxfjf.p15.fits
2026-03-06T19:35:36.5489|ERROR|ASTAPSolver.cs|ReadResult|62|ASTAP - Plate solve failed.


2026-03-06T19:35:36.5555|INFO|ImageSolver.cs|Solve|56|Platesolve failed
2026-03-06T19:35:36.5556|INFO|ImageSolver.cs|Solve|56|Platesolve failed
2026-03-06T19:35:52.9693|INFO|CenteringSolver.cs|Center|165|Restoring filter to L after centering
2026-03-06T19:35:52.9756|INFO|WhenCommon.cs|SequenceBlockTeardown|198|Teardown; shutting down watchdog
2026-03-06T19:35:52.9766|INFO|Sequencer.cs|Start|85|Sequence run was cancelled
2026-03-06T19:35:52.9790|INFO|Sequence2VM.cs|StartSequence|548|Advanced Sequence finished
2026-03-06T19:36:06.9841|INFO|CameraVM.cs|Capture|742|Starting Exposure - Exposure Time: 3s; Filter: L; Gain: 100; Offset 50; Binning: 1x1;
2026-03-06T19:36:30.4931|INFO|CameraVM.cs|Capture|742|Starting Exposure - Exposure Time: 10s; Filter: L; Gain: 100; Offset 50; Binning: 1x1;
2026-03-06T19:37:23.7220|INFO|FramingAssistantVM.cs|LoadImage|1088|Loading image from source HIPS2FITS with field of view 7° for coordinates RA: 06:57:40; Dec: -25° 23' 31"; Epoch: J2000
2026-03-06T19:37:47.6053|INFO|FramingAssistantVM.cs|InitializeCommands|278|Centering from framing assistant to RA: 06:57:40; Dec: -25° 23' 31"; Epoch: J2000
2026-03-06T19:37:47.6065|INFO|SequenceItem.cs|Run|208|Starting Category: , Item: Center, Coordinates RA: 06:57:40; Dec: -25° 23' 31"; Epoch: J2000
2026-03-06T19:37:47.7333|INFO|PHD2Guider.cs|StopGuiding|704|Phd2 - Stop Guiding skipped, as the app is already in state Stopped
2026-03-06T19:37:47.7360|INFO|TelescopeVM.cs|SlewAsyncInternal|910|Slewing from RA: 06:58:46; Dec: -25° 25' 49"; Epoch: JNOW to RA: 06:58:46; Dec: -25° 25' 49"; Epoch: JNOW - Alt: 31° 17' 18"; Az: 164° 18' 36"
2026-03-06T19:37:55.9200|INFO|CameraVM.cs|Capture|742|Starting Exposure - Exposure Time: 2s; Filter: L; Gain: 275; Offset 50; Binning: 1x1;
2026-03-06T19:38:00.4436|INFO|ImageSolver.cs|Solve|41|Platesolving with parameters: FocalLength: 360 PixelSize: 3.76 SearchRadius: 30 BlindFailoverEnabled: True Regions: 5000 DownSampleFactor: 0 MaxObjects: 500 Reference Coordinates RA: 06:57:40 Dec: -25° 23' 31" Epoch: J2000
2026-03-06T19:38:00.7777|INFO|BaseImageData.cs|SaveToDisk|346|Saved image to C:\Users\nicka\AppData\Local\NINA\PlateSolver\5xxnzouv.0t3.fits
2026-03-06T19:38:01.7141|ERROR|ASTAPSolver.cs|ReadResult|62|ASTAP - Plate solve failed.

Not enough stars.
2026-03-06T19:38:01.7212|INFO|ImageSolver.cs|Solve|41|Platesolving with parameters: FocalLength: 360 PixelSize: 3.76 SearchRadius: 30 BlindFailoverEnabled: True Regions: 5000 DownSampleFactor: 0 MaxObjects: 500 
2026-03-06T19:38:02.0535|INFO|BaseImageData.cs|SaveToDisk|346|Saved image to C:\Users\nicka\AppData\Local\NINA\PlateSolver\jxkywmp5.51b.fits
2026-03-06T19:38:02.9602|ERROR|ASTAPSolver.cs|ReadResult|62|ASTAP - Plate solve failed.

Not enough stars.
2026-03-06T19:38:02.9670|INFO|ImageSolver.cs|Solve|56|Platesolve failed
2026-03-06T19:38:02.9672|INFO|ImageSolver.cs|Solve|56|Platesolve failed
2026-03-06T19:38:50.3426|INFO|CameraVM.cs|Disconnect|650|Disconnected Camera
2026-03-06T19:38:51.3347|INFO|CameraVM.cs|Disconnect|650|Disconnected Camera
2026-03-06T19:38:51.9525|WARNING|ASICamera.cs|SetControlValue|568|Failed to set ASI Control Value ASI_WB_B with value 50
2026-03-06T19:38:51.9526|WARNING|ASICamera.cs|SetControlValue|568|Failed to set ASI Control Value ASI_WB_R with value 50
2026-03-06T19:38:51.9526|WARNING|ASICamera.cs|SetControlValue|568|Failed to set ASI Control Value ASI_GAMMA with value 50
2026-03-06T19:38:51.9527|WARNING|ASICamera.cs|SetControlValue|568|Failed to set ASI Control Value ASI_HIGH_SPEED_MODE with value 0
2026-03-06T19:38:51.9527|WARNING|ASICamera.cs|SetControlValue|568|Failed to set ASI Control Value ASI_OVERCLOCK with value 0
2026-03-06T19:38:51.9528|WARNING|ASICamera.cs|SetControlValue|568|Failed to set ASI Control Value ASI_PATTERN_ADJUST with value 0
2026-03-06T19:38:51.9528|WARNING|ASICamera.cs|SetControlValue|568|Failed to set ASI Control Value ASI_MONO_BIN with value 0
2026-03-06T19:38:51.9538|INFO|ASICamera.cs|Initialize|664|Camera ID: ASI533MM
2026-03-06T19:38:51.9853|WARNING|ASICamera.cs|SetControlValue|568|Failed to set ASI Control Value ASI_ANTI_DEW_HEATER with value 0
2026-03-06T19:38:51.9867|INFO|CameraVM.cs|ChooseCamera|455|Successfully connected Camera. Id: ZWOptical_ZWO ASI533MM Pro_ASI533MM Name: ZWO ASI533MM Pro DisplayName: ZWO ASI533MM Pro (ASI533MM)Driver Version: 1, 39, 0, 0
2026-03-06T19:39:35.4234|INFO|CameraVM.cs|CoolCamera|138|Cooling Camera. Target: -5 Duration: 00:30:00
2026-03-06T19:40:03.3522|INFO|CameraVM.cs|Capture|742|Starting Exposure - Exposure Time: 2s; Filter: L; Gain: 275; Offset 50; Binning: 1x1;
2026-03-06T19:40:08.0178|INFO|ImageSolver.cs|Solve|41|Platesolving with parameters: FocalLength: 360 PixelSize: 3.76 SearchRadius: 30 BlindFailoverEnabled: True Regions: 5000 DownSampleFactor: 0 MaxObjects: 500 Reference Coordinates RA: 06:57:40 Dec: -25° 23' 31" Epoch: J2000
2026-03-06T19:40:08.3534|INFO|BaseImageData.cs|SaveToDisk|346|Saved image to C:\Users\nicka\AppData\Local\NINA\PlateSolver\c32llsnq.ywy.fits
2026-03-06T19:40:13.5413|ERROR|ASTAPSolver.cs|ReadResult|62|ASTAP - Plate solve failed.


2026-03-06T19:40:13.5497|INFO|ImageSolver.cs|Solve|41|Platesolving with parameters: FocalLength: 360 PixelSize: 3.76 SearchRadius: 30 BlindFailoverEnabled: True Regions: 5000 DownSampleFactor: 0 MaxObjects: 500 
2026-03-06T19:40:13.8850|INFO|BaseImageData.cs|SaveToDisk|346|Saved image to C:\Users\nicka\AppData\Local\NINA\PlateSolver\2h1z21ks.0oo.fits
2026-03-06T19:40:24.1521|INFO|DomeVM.cs|Disconnect|355|Disconnected Dome Device
2026-03-06T19:40:24.1600|INFO|FlatDeviceVM.cs|Disconnect|289|Disconnected Flat Device
2026-03-06T19:40:24.3767|INFO|CameraVM.cs|Disconnect|650|Disconnected Camera
2026-03-06T19:40:24.3815|INFO|AscomDevice.cs|Disconnect|378|Disconnecting from ASCOM.iOptron2017.Telescope iOptron CEM120,70,40,26, GEM, HEM, HAE, HAZ series and SkyHunter Mount
2026-03-06T19:40:24.3962|INFO|TelescopeVM.cs|Disconnect|740|Disconnected mount
2026-03-06T19:40:24.3967|INFO|AscomDevice.cs|Disconnect|378|Disconnecting from ASCOM.EFW2.FilterWheel ZWO FilterWheel
2026-03-06T19:40:24.4115|INFO|FilterWheelVM.cs|Disconnect|333|Disconnected Filter Wheel
2026-03-06T19:40:24.4145|INFO|AscomDevice.cs|Disconnect|378|Disconnecting from ASCOM.EAF.Focuser ZWO Focuser
2026-03-06T19:40:24.4587|INFO|FocuserVM.cs|Disconnect|441|Disconnected Focuser
2026-03-06T19:40:24.5034|INFO|RotatorVM.cs|Disconnect|447|Disconnected Rotator
2026-03-06T19:40:24.5082|INFO|SwitchVM.cs|Disconnect|309|Disconnected Switch
2026-03-06T19:40:24.5109|INFO|AscomDevice.cs|Disconnect|378|Disconnecting from ASCOM.SkyAlert.ObservingConditions SkyAlert Observing Conditions
2026-03-06T19:40:24.5230|INFO|WeatherDataVM.cs|Disconnect|305|Disconnected Weather Device
2026-03-06T19:40:24.5249|INFO|SafetyMonitorVM.cs|UpdateMonitorValues|95|SafetyMonitorInfo state changed to Unsafe
2026-03-06T19:40:24.5252|INFO|AscomDevice.cs|Disconnect|378|Disconnecting from ASCOM.GenericFile.SafetyMonitor Generic File driver
2026-03-06T19:40:24.5330|INFO|SafetyMonitorVM.cs|Disconnect|221|Disconnected Safety Monitor
2026-03-06T19:40:24.5352|ERROR|NotifyTaskCompletion.cs|WatchTaskAsync|35
ZWOptical.ASISDK.ASICameraException: Error 'ASI_ERROR_CAMERA_CLOSED' from call to 
ASIGetNumOfControls(cameraId=0)
   at ZWOptical.ASISDK.ASICameraDll.CheckReturn(ASI_ERROR_CODE errorCode, MethodBase callingMethod, Object[] parameters) in /_/NINA.Equipment/SDK/CameraSDKs/ASISDK/ASICameraDll.cs:line 333
   at ZWOptical.ASISDK.ASICameraDll.GetNumOfControls(Int32 cameraId) in /_/NINA.Equipment/SDK/CameraSDKs/ASISDK/ASICameraDll.cs:line 362
   at NINA.Equipment.Equipment.MyCamera.ASICamera.get_Controls() in /_/NINA.Equipment/Equipment/MyCamera/ASICamera.cs:line 80
   at NINA.Equipment.Equipment.MyCamera.ASICamera.GetControl(ASI_CONTROL_TYPE controlType) in /_/NINA.Equipment/Equipment/MyCamera/ASICamera.cs:line 488
   at NINA.Equipment.Equipment.MyCamera.ASICamera.GetControlValue(ASI_CONTROL_TYPE type) in /_/NINA.Equipment/Equipment/MyCamera/ASICamera.cs:line 542
   at NINA.Equipment.Equipment.MyCamera.ASICamera.get_Temperature() in /_/NINA.Equipment/Equipment/MyCamera/ASICamera.cs:line 179
   at NINA.Equipment.Equipment.MyCamera.PersistSettingsCameraDecorator.get_Temperature() in /_/NINA.Equipment/Equipment/MyCamera/PersistSettingsCameraDecorator.cs:line 118
   at NINA.WPF.Base.ViewModel.Equipment.Camera.CameraVM.RegulateTemperature(Double temperature, TimeSpan duration, Boolean cooling, IProgress`1 progress, CancellationToken ct) in /_/NINA.WPF.Base/ViewModel/Equipment/Camera/CameraVM.cs:line 257
   at NINA.WPF.Base.ViewModel.Equipment.Camera.CameraVM.CoolCamera(Double temperature, TimeSpan duration, IProgress`1 progress, CancellationToken ct) in /_/NINA.WPF.Base/ViewModel/Equipment/Camera/CameraVM.cs:line 147
   at NINA.Core.Utility.NotifyTaskCompletion`1.WatchTaskAsync(Task task) in /_/NINA.Core/Utility/NotifyTaskCompletion.cs:line 33
2026-03-06T19:40:26.4381|INFO|ApplicationVM.cs|Exit|244|Shutting down application - requested by user
2026-03-06T19:40:26.5399|INFO|ApplicationVM.cs|Closing|289|Application shutting down
2026-03-06T19:40:26.5730|INFO|DomeVM.cs|Disconnect|355|Disconnected Dome Device
2026-03-06T19:40:26.5771|INFO|FlatDeviceVM.cs|Disconnect|289|Disconnected Flat Device
2026-03-06T19:40:26.5790|INFO|CameraVM.cs|Disconnect|650|Disconnected Camera
2026-03-06T19:40:26.5798|INFO|TelescopeVM.cs|Disconnect|740|Disconnected mount
2026-03-06T19:40:26.5821|INFO|FilterWheelVM.cs|Disconnect|333|Disconnected Filter Wheel
2026-03-06T19:40:26.5827|INFO|FocuserVM.cs|Disconnect|441|Disconnected Focuser
2026-03-06T19:40:26.5862|INFO|RotatorVM.cs|Disconnect|447|Disconnected Rotator
2026-03-06T19:40:26.5893|INFO|SwitchVM.cs|Disconnect|309|Disconnected Switch
2026-03-06T19:40:26.5937|INFO|WeatherDataVM.cs|Disconnect|305|Disconnected Weather Device
2026-03-06T19:40:26.5955|INFO|SafetyMonitorVM.cs|Disconnect|221|Disconnected Safety Monitor
2026-03-06T19:40:26.9471|INFO|API.cs|StopWatchers|86|Stopping all event watchers
