----------------------------------------------------------------------
--------------N.I.N.A. - Nighttime Imaging 'N' Astronomy--------------
--------------------------Version 3.2.0.9001--------------------------
-------------------------2026-02-24T17:09:17--------------------------
----------------------------------------------------------------------
---------------------Microsoft Windows 10.0.19045---------------------
-------------------------OS Architecture X64--------------------------
-----------------------Process Architecture X64-----------------------
-----------------------------.NET 8.0.21------------------------------
----------------------------------------------------------------------
--------------------------Processor Count 4---------------------------
--------------------Total Physical Memory 7.84 GB---------------------
----------------------------------------------------------------------
DATE|LEVEL|SOURCE|MEMBER|LINE|MESSAGE
2026-02-24T17:09:17.0626|INFO|App.xaml.cs|OnStartup|170|Launched with command line arguments: --sequencefile C:\Users\nicka\Astro\NINA\NINA_Sequences\TargetScheduler.json --runsequence
2026-02-24T17:09:19.9432|INFO|CameraChooserVM.cs|GetEquipment|69|Found 0 ASI Cameras
2026-02-24T17:09:20.1292|INFO|CameraChooserVM.cs|GetEquipment|84|Found 0 Altair Cameras
2026-02-24T17:09:20.5485|INFO|CameraChooserVM.cs|GetEquipment|96|Found 0 Atik Cameras
2026-02-24T17:09:20.6561|INFO|CameraChooserVM.cs|GetEquipment|110|Found 0 FLI Cameras
2026-02-24T17:09:21.9282|INFO|CameraChooserVM.cs|GetEquipment|130|Found 0 QHYCCD Cameras
2026-02-24T17:09:22.5137|INFO|CameraChooserVM.cs|GetEquipment|158|Found 0 ToupTek Cameras
2026-02-24T17:09:22.8962|INFO|CameraChooserVM.cs|GetEquipment|173|Found 0 Ogma Cameras
2026-02-24T17:09:23.0715|INFO|CameraChooserVM.cs|GetEquipment|188|Found 0 Omegon Cameras
2026-02-24T17:09:23.5353|INFO|CameraChooserVM.cs|GetEquipment|203|Found 0 RisingCam Cameras
2026-02-24T17:09:23.7118|INFO|CameraChooserVM.cs|GetEquipment|218|Found 0 MallinCam Cameras
2026-02-24T17:09:23.8623|INFO|CameraChooserVM.cs|GetEquipment|243|Found 0 SVBony Cameras
2026-02-24T17:09:23.8660|INFO|CameraChooserVM.cs|GetEquipment|259|Found 0 SBIG Cameras
2026-02-24T17:09:28.2888|INFO|API.cs|Start|99|Starting Webserver
2026-02-24T17:09:28.2904|INFO|API.cs|APITask|134|starting web server, listening at 172.19.6.111:1888
2026-02-24T17:09:28.4665|INFO|NINALogWatcher.cs|Start|33|watching log file: C:\Users\nicka\AppData\Local\NINA\Logs\20260224-170915-3.2.0.9001.11800-202602.log
2026-02-24T17:09:28.5015|INFO|PluginLoader.cs|LoadPlugin|402|Successfully loaded plugin Advanced API version 2.2.15.0 by Christian Palm
2026-02-24T17:09:28.6659|INFO|PluginLoader.cs|LoadPlugin|402|Successfully loaded plugin Autofocus Report Analysis version 2.0.0.9 by Stefan Berg @isbeorn
2026-02-24T17:09:28.9083|INFO|PluginLoader.cs|LoadPlugin|402|Successfully loaded plugin Connector version 2.1.0.2 by Stefan Berg @isbeorn
2026-02-24T17:09:29.1572|INFO|PluginLoader.cs|LoadPlugin|402|Successfully loaded plugin Device Actions and Commands version 2.2.0.0 by Dale Ghent
2026-02-24T17:09:29.3194|INFO|ApplicationVM.cs|CheckDiskInfo|100|Available Space on Drive C:\: 126.44 GB
2026-02-24T17:09:29.3259|INFO|ApplicationVM.cs|CheckDiskInfo|102|Drive E:\ is not ready
2026-02-24T17:09:29.3279|INFO|ApplicationVM.cs|CheckDiskInfo|100|Available Space on Drive G:\: 61.67 GB
2026-02-24T17:09:29.3349|INFO|ApplicationVM.cs|CheckDiskInfo|100|Available Space on Drive Z:\: 38.4 GB
2026-02-24T17:09:30.1760|INFO|ApplicationVM.cs|CheckASCOMPlatformVersion|81|ASCOM Platform 6.6.2.4195 installed
2026-02-24T17:09:30.5723|INFO|PluginLoader.cs|LoadPlugin|402|Successfully loaded plugin Discord Alert version 2.2.0.0 by Drew McDermott
2026-02-24T17:09:32.1977|INFO|PluginLoader.cs|LoadPlugin|402|Successfully loaded plugin Discord Notification version 2.0.0.10 by Daniel Ludwig
2026-02-24T17:09:33.4253|INFO|DitherStatisticsVM.cs|CreatePluginIcon|1483|Plugin icon geometry created successfully
2026-02-24T17:09:33.4651|INFO|DitherStatisticsVM.cs|LoadDataTemplates|1452|DitherStatistics DataTemplates loaded successfully
2026-02-24T17:09:33.4700|INFO|DitherStatisticsVM.cs|SaveQualityAssessmentSetting|387|Quality Assessment setting saved to file: True
2026-02-24T17:09:33.4702|INFO|DitherStatisticsVM.cs|LoadQualityAssessmentSetting|364|Quality Assessment setting loaded from file: True
2026-02-24T17:09:33.4879|INFO|DitherStatisticsVM.cs|SaveDitherOptimizerSetting|490|Dither Optimizer setting saved to file: False
2026-02-24T17:09:33.4881|INFO|DitherStatisticsVM.cs|LoadDitherOptimizerSetting|471|Dither Optimizer setting loaded from file: False
2026-02-24T17:09:33.4886|INFO|DitherStatisticsVM.cs|SubscribeToGuiderEvents|834|Subscribed to NINA guider events
2026-02-24T17:09:33.4929|ERROR|DitherStatisticsVM.cs|GetThemeColor|1437|Failed to get theme color 'PrimaryBrush': The calling thread cannot access this object because a different thread owns it.
2026-02-24T17:09:33.4932|INFO|DitherStatisticsVM.cs|StartThemeColorMonitoring|1329|Initial PrimaryBrush color: R:255 G:255 B:255
2026-02-24T17:09:33.4933|INFO|DitherStatisticsVM.cs|.ctor|96|DitherStatisticsVM initialized successfully with ScottPlot 4.1 (Lazy Loading)!
2026-02-24T17:09:33.4939|INFO|DitherStatisticsVM.cs|StartThemeColorMonitoring|1338|Theme color monitoring timer started on UI thread
2026-02-24T17:09:33.4950|INFO|PluginLoader.cs|LoadPlugin|402|Successfully loaded plugin Dither Statistics version 1.3.0.0 by Thierry Tschanz
2026-02-24T17:09:33.6710|INFO|PluginLoader.cs|LoadPlugin|402|Successfully loaded plugin Filter Offset Calculator version 2.0.0.0 by S. Dimant & Stefan Berg
2026-02-24T17:09:33.8829|INFO|PluginLoader.cs|LoadPlugin|402|Successfully loaded plugin Flexure Correction version 0.8.0.0 by Francesco Meschia
2026-02-24T17:09:33.9957|INFO|DitherStatisticsVM.cs|OnThemeColorTimerTick|1357|Theme color CHANGED! Old: R:255 G:255 B:255 -> New: R:176 G:179 B:185
2026-02-24T17:09:34.1006|INFO|DitherStatisticsVM.cs|PixelShiftPlot|136|PixelShiftPlot created (lazy loading)
2026-02-24T17:09:34.1306|INFO|DitherStatisticsVM.cs|SettleTimePlot|177|SettleTimePlot created (lazy loading)
2026-02-24T17:09:35.4918|INFO|DitherStatisticsVM.cs|ConnectToPHD2|708|Attempting to connect to PHD2...
2026-02-24T17:09:35.4937|INFO|PHD2Client.cs|ConnectAsync|102|PHD2Client: Connecting to PHD2 at 127.0.0.1:4400...
2026-02-24T17:09:36.5402|INFO|PluginLoader.cs|LoadPlugin|402|Successfully loaded plugin Ground Station version 3.0.0.117 by Dale Ghent
2026-02-24T17:09:37.5415|ERROR|PHD2Client.cs|ConnectAsync|132|PHD2Client: Connection failed: No connection could be made because the target machine actively refused it.
2026-02-24T17:09:37.5421|INFO|DitherStatisticsVM.cs|OnPHD2ConnectionStatusChanged|737|PHD2 Connection Status: Connection failed: No connection could be made because the target machine actively refused it.
2026-02-24T17:09:47.6808|INFO|PluginLoader.cs|LoadPlugin|402|Successfully loaded plugin Hocus Focus version 3.0.0.24 by George Hilios (jokogeo)
2026-02-24T17:09:48.5702|INFO|PluginLoader.cs|LoadPlugin|402|Successfully loaded plugin Horizon Creator version 1.1.2.1 by Christian Palm
2026-02-24T17:09:48.7849|INFO|PluginLoader.cs|LoadPlugin|402|Successfully loaded plugin Lightbucket version 2.2.4.0 by Lightbucket
2026-02-24T17:09:49.6073|INFO|PluginLoader.cs|LoadPlugin|402|Successfully loaded plugin Livestack version 1.0.1.7 by Stefan Berg @isbeorn
2026-02-24T17:09:49.8185|INFO|PluginLoader.cs|LoadPlugin|402|Successfully loaded plugin Log Viewer version 1.0.0.2 by Alexander Wrede @astro_alex80
2026-02-24T17:09:50.0095|INFO|PluginLoader.cs|LoadPlugin|402|Successfully loaded plugin Moon Angle version 2.2.0.0 by Dale Ghent
2026-02-24T17:09:50.3271|INFO|PluginLoader.cs|LoadPlugin|402|Successfully loaded plugin Phd2 Tools version 1.0.6.0 by Stefan Berg @isbeorn
2026-02-24T17:09:50.6653|INFO|PluginLoader.cs|LoadPlugin|402|Successfully loaded plugin PixInsight Tools version 1.0.0.3 by Stefan Berg
2026-02-24T17:09:51.4334|INFO|PluginLoader.cs|LoadPlugin|402|Successfully loaded plugin Point3D version 0.2.3.0 by Drew McDermott
2026-02-24T17:09:51.7181|INFO|PluginLoader.cs|LoadPlugin|402|Successfully loaded plugin Scope Control version 2.0.2.1 by Stefan Berg @isbeorn
2026-02-24T17:09:53.4025|WARNING|When.cs|GetRunningItem|143|Can't get running items: SequencerNavigation not initialized yet!
2026-02-24T17:09:53.6629|INFO|PluginLoader.cs|LoadPlugin|402|Successfully loaded plugin Sequencer Powerups version 3.29.0.3 by Marc Blank
2026-02-24T17:09:54.4286|INFO|PluginLoader.cs|LoadPlugin|402|Successfully loaded plugin Session Metadata version 2.6.3.0 by Tom Palmer @tcpalmer
2026-02-24T17:09:54.5592|INFO|PluginLoader.cs|LoadPlugin|402|Successfully loaded plugin Shutdown PC version 2.2.0.0 by Dale Ghent
2026-02-24T17:09:54.8143|INFO|PluginLoader.cs|LoadPlugin|402|Successfully loaded plugin SkyFlats version 1.0.0.4 by Gerald Hitz (@photon)
2026-02-24T17:09:55.2151|INFO|PluginLoader.cs|LoadPlugin|402|Successfully loaded plugin Smart Filters version 1.0.0.3 by Benoit SAINTOT
2026-02-24T17:09:55.6980|INFO|PluginLoader.cs|LoadPlugin|402|Successfully loaded plugin Target Planning version 3.2.1.0 by Tom Palmer @tcpalmer
2026-02-24T17:09:58.4123|WARNING|When.cs|GetRunningItem|143|Can't get running items: SequencerNavigation not initialized yet!
2026-02-24T17:09:59.4158|INFO|PluginLoader.cs|LoadPlugin|402|Successfully loaded plugin Target Scheduler version 5.8.3.2 by Tom Palmer @tcpalmer
2026-02-24T17:09:59.8913|INFO|PluginLoader.cs|LoadPlugin|402|Successfully loaded plugin Three Point Polar Alignment version 2.2.4.3 by Stefan Berg @isbeorn
2026-02-24T17:10:01.3288|INFO|SessionHistoryManager.cs|PurgeHistoryOlderThan|102|purging web session history older than 10 days
2026-02-24T17:10:01.4112|INFO|PluginLoader.cs|LoadPlugin|402|Successfully loaded plugin Web Session History Viewer version 2.2.1.0 by Tom Palmer @tcpalmer
2026-02-24T17:10:01.7995|INFO|PluginFetcher.cs|RequestAll|43|Fetching plugin manifests from https://nighttime-imaging.eu/wp-json/nina/v1/plugins/manifests
2026-02-24T17:10:02.0691|INFO|RotatorChooserVM.cs|GetEquipment|45|Found 1 Networked Rotator Rotators
2026-02-24T17:10:02.4135|INFO|Sequence2VM.cs|TryLoadSequenceFile|414|Loading sequence file: C:\Users\nicka\Astro\NINA\NINA_Sequences\TargetScheduler.json
2026-02-24T17:10:02.5852|INFO|FilterWheelChooserVM.cs|GetEquipment|167|Found 1 Networked Filter Wheel Filter Wheels
2026-02-24T17:10:02.7176|INFO|CameraChooserVM.cs|GetEquipment|279|Found 0 SVBony Cameras
2026-02-24T17:10:02.8492|INFO|CameraChooserVM.cs|GetEquipment|279|Found 0 PlayerOne Cameras
2026-02-24T17:10:02.9674|INFO|CameraChooserVM.cs|GetEquipment|279|Found 0 ASTPAN Cameras
2026-02-24T17:10:02.9694|INFO|CameraChooserVM.cs|GetEquipment|293|Found 4 ASCOM Cameras
2026-02-24T17:10:03.1519|INFO|Sequence2VM.cs|TryLoadSequenceFile|420|Starting sequence from command line options
2026-02-24T17:10:03.1554|INFO|Sequence2VM.cs|StartSequence|543|Advanced Sequence starting
2026-02-24T17:10:04.5033|INFO|TelescopeChooserVM.cs|GetEquipment|69|Found 0 Alpaca Telescopes
2026-02-24T17:10:04.5172|INFO|FocuserChooserVM.cs|GetEquipment|84|Found 0 Alpaca Focusers
2026-02-24T17:10:04.6271|INFO|SequenceItem.cs|Run|208|Starting Category: * Instruction Set *, Container: NINA.Sequencer.Container.SequenceRootContainer, Strategy: SequentialStrategy, Items[CREATED]: 3, Triggers: Category: Ground Station, Item: Failures to Telegram
2026-02-24T17:10:04.7152|INFO|SafetyMonitorChooserVM.cs|GetEquipment|71|Found 0 Alpaca Safety Monitors
2026-02-24T17:10:04.7320|INFO|WeatherDataChooserVM.cs|GetEquipment|69|Found 0 Alpaca Observing Conditions
2026-02-24T17:10:04.7351|INFO|DomeChooserVM.cs|GetEquipment|67|Found 0 Alpaca Domes
2026-02-24T17:10:04.7443|INFO|RotatorChooserVM.cs|GetEquipment|68|Found 0 Alpaca Rotators
2026-02-24T17:10:04.7467|INFO|FlatDeviceChooserVM.cs|GetEquipment|67|Found 0 Alpaca Cover Calibrators
2026-02-24T17:10:04.7558|INFO|SwitchChooserVM.cs|GetEquipment|71|Found 0 Alpaca Switch Hubs
2026-02-24T17:10:04.7572|INFO|FilterWheelChooserVM.cs|GetEquipment|193|Found 0 Alpaca Filter Wheels
2026-02-24T17:10:04.9000|INFO|DockManagerVM.cs|InitializeAvalonDockLayout|366|Initializing imaging tab layout from C:\Users\nicka\AppData\Local\NINA\Profiles\0173997c-4bfa-48fd-9337-a48b6df99c38.dock.config
2026-02-24T17:10:05.0086|INFO|CameraChooserVM.cs|GetEquipment|305|Found 0 Alpaca Cameras
2026-02-24T17:10:05.0149|INFO|CameraChooserVM.cs|GetEquipment|318|Found 0 Canon Cameras
2026-02-24T17:10:05.0800|INFO|PluginFetcher.cs|RequestAll|57|Found 73 valid plugins at https://nighttime-imaging.eu/wp-json/nina/v1/plugins/manifests
2026-02-24T17:10:05.1834|INFO|SequenceItem.cs|Run|208|Starting Category: * Instruction Set *, Container: NINA.Sequencer.Container.StartAreaContainer, Strategy: SequentialStrategy, Items[CREATED]: 1
2026-02-24T17:10:05.1842|INFO|SequenceItem.cs|Run|208|Starting Category: * Instruction Set *, Container: NINA.Sequencer.Container.SequentialContainer, Strategy: SequentialStrategy, Items[CREATED]: 10
2026-02-24T17:10:05.1848|INFO|SequenceItem.cs|Run|208|Starting Category: Ground Station, Item: Send to Pushover, Title: Start
2026-02-24T17:10:05.3959|INFO|SequenceItem.cs|Run|254|Finishing Category: Ground Station, Item: Send to Pushover, Title: Start
2026-02-24T17:10:05.3993|INFO|SequenceItem.cs|Run|208|Starting Category: Utility, Item: WaitForTime, Time: 18:4:45h, Offset: -80
2026-02-24T18:04:48.5218|INFO|SequenceItem.cs|Run|254|Finishing Category: Utility, Item: WaitForTime, Time: 18:4:45h, Offset: -80
2026-02-24T18:04:48.5241|INFO|SequenceItem.cs|Run|208|Starting Category: Ground Station, Item: Send to Telegram
2026-02-24T18:04:49.3214|INFO|SequenceItem.cs|Run|254|Finishing Category: Ground Station, Item: Send to Telegram
2026-02-24T18:04:49.3217|INFO|SequenceItem.cs|Run|208|Starting Category: Ground Station, Item: Send to Pushover, Title: Configure Equipment
2026-02-24T18:04:49.4556|INFO|SequenceItem.cs|Run|254|Finishing Category: Ground Station, Item: Send to Pushover, Title: Configure Equipment
2026-02-24T18:04:49.4570|INFO|SequenceItem.cs|Run|208|Starting Category: Connect, Item: ConnectAllEquipment
2026-02-24T18:04:49.4725|INFO|CameraChooserVM.cs|GetEquipment|69|Found 0 ASI Cameras
2026-02-24T18:04:49.5208|INFO|CameraChooserVM.cs|GetEquipment|84|Found 0 Altair Cameras
2026-02-24T18:04:49.5210|INFO|CameraChooserVM.cs|GetEquipment|96|Found 0 Atik Cameras
2026-02-24T18:04:49.5220|INFO|CameraChooserVM.cs|GetEquipment|110|Found 0 FLI Cameras
2026-02-24T18:04:49.5224|INFO|CameraChooserVM.cs|GetEquipment|130|Found 0 QHYCCD Cameras
2026-02-24T18:04:49.6843|INFO|CameraChooserVM.cs|GetEquipment|158|Found 0 ToupTek Cameras
2026-02-24T18:04:49.6891|INFO|CameraChooserVM.cs|GetEquipment|173|Found 0 Ogma Cameras
2026-02-24T18:04:49.7030|INFO|CameraChooserVM.cs|GetEquipment|188|Found 0 Omegon Cameras
2026-02-24T18:04:49.8629|INFO|CameraChooserVM.cs|GetEquipment|203|Found 0 RisingCam Cameras
2026-02-24T18:04:49.8771|INFO|CameraChooserVM.cs|GetEquipment|218|Found 0 MallinCam Cameras
2026-02-24T18:04:49.8785|INFO|CameraChooserVM.cs|GetEquipment|243|Found 0 SVBony Cameras
2026-02-24T18:04:49.8811|INFO|CameraChooserVM.cs|GetEquipment|259|Found 0 SBIG Cameras
2026-02-24T18:04:49.8818|INFO|CameraChooserVM.cs|GetEquipment|279|Found 0 SVBony Cameras
2026-02-24T18:04:49.8822|INFO|CameraChooserVM.cs|GetEquipment|279|Found 0 PlayerOne Cameras
2026-02-24T18:04:49.8834|INFO|CameraChooserVM.cs|GetEquipment|279|Found 0 ASTPAN Cameras
2026-02-24T18:04:49.8841|INFO|CameraChooserVM.cs|GetEquipment|293|Found 4 ASCOM Cameras
2026-02-24T18:04:51.8833|INFO|CameraChooserVM.cs|GetEquipment|305|Found 0 Alpaca Cameras
2026-02-24T18:04:51.8968|INFO|CameraChooserVM.cs|GetEquipment|318|Found 0 Canon Cameras
2026-02-24T18:04:51.9572|INFO|CameraVM.cs|Disconnect|650|Disconnected Camera
2026-02-24T18:04:51.9586|INFO|CameraChooserVM.cs|GetEquipment|69|Found 0 ASI Cameras
2026-02-24T18:04:51.9825|INFO|CameraChooserVM.cs|GetEquipment|84|Found 0 Altair Cameras
2026-02-24T18:04:51.9827|INFO|CameraChooserVM.cs|GetEquipment|96|Found 0 Atik Cameras
2026-02-24T18:04:51.9833|INFO|CameraChooserVM.cs|GetEquipment|110|Found 0 FLI Cameras
2026-02-24T18:04:51.9834|INFO|CameraChooserVM.cs|GetEquipment|130|Found 0 QHYCCD Cameras
2026-02-24T18:04:52.1414|INFO|CameraChooserVM.cs|GetEquipment|158|Found 0 ToupTek Cameras
2026-02-24T18:04:52.1461|INFO|CameraChooserVM.cs|GetEquipment|173|Found 0 Ogma Cameras
2026-02-24T18:04:52.1599|INFO|CameraChooserVM.cs|GetEquipment|188|Found 0 Omegon Cameras
2026-02-24T18:04:52.3197|INFO|CameraChooserVM.cs|GetEquipment|203|Found 0 RisingCam Cameras
2026-02-24T18:04:52.3338|INFO|CameraChooserVM.cs|GetEquipment|218|Found 0 MallinCam Cameras
2026-02-24T18:04:52.3351|INFO|CameraChooserVM.cs|GetEquipment|243|Found 0 SVBony Cameras
2026-02-24T18:04:52.3372|INFO|CameraChooserVM.cs|GetEquipment|259|Found 0 SBIG Cameras
2026-02-24T18:04:52.3374|INFO|CameraChooserVM.cs|GetEquipment|279|Found 0 SVBony Cameras
2026-02-24T18:04:52.3376|INFO|CameraChooserVM.cs|GetEquipment|279|Found 0 PlayerOne Cameras
2026-02-24T18:04:52.3387|INFO|CameraChooserVM.cs|GetEquipment|279|Found 0 ASTPAN Cameras
2026-02-24T18:04:52.3394|INFO|CameraChooserVM.cs|GetEquipment|293|Found 4 ASCOM Cameras
2026-02-24T18:04:54.3412|INFO|CameraChooserVM.cs|GetEquipment|305|Found 0 Alpaca Cameras
2026-02-24T18:04:54.3466|INFO|CameraChooserVM.cs|GetEquipment|318|Found 0 Canon Cameras
2026-02-24T18:04:54.3872|ERROR|CameraVM.cs|ChooseCamera|469
System.Exception: Unable to connect to device 'ZWO ASI533MM Pro (ASI533MM)' (ID: ZWOptical_ZWO ASI533MM Pro_ASI533MM). Make sure it's plugged in, turned on, and set up correctly.
   at NINA.Equipment.Equipment.OfflineDevice.Connect(CancellationToken token) in /_/NINA.Equipment/Equipment/OfflineDevice.cs:line 50
   at NINA.Equipment.Equipment.MyCamera.PersistSettingsCameraDecorator.Connect(CancellationToken token) in /_/NINA.Equipment/Equipment/MyCamera/PersistSettingsCameraDecorator.cs:line 311
   at NINA.WPF.Base.ViewModel.Equipment.Camera.CameraVM.ChooseCamera() in /_/NINA.WPF.Base/ViewModel/Equipment/Camera/CameraVM.cs:line 355
2026-02-24T18:04:54.4491|INFO|FilterWheelChooserVM.cs|GetEquipment|167|Found 1 Networked Filter Wheel Filter Wheels
2026-02-24T18:04:56.4506|INFO|FilterWheelChooserVM.cs|GetEquipment|193|Found 0 Alpaca Filter Wheels
2026-02-24T18:04:56.4884|INFO|FilterWheelVM.cs|Disconnect|333|Disconnected Filter Wheel
2026-02-24T18:04:57.8649|ERROR|AscomDevice.cs|Connect|308
ASCOM.DriverAccessCOMException (0x00000000): Communication Failure
 ---> System.Runtime.InteropServices.COMException (0x00000000): Communication Failure
   at ASCOM.Com.DriverAccess.DynamicAccess.CheckDotNetExceptions(String memberName, Exception e) in J:\ASCOMLibrary\ASCOM.Com\ASCOM.Com.DriverAccess\BaseClass\DynamicAccess.cs:line 271
   at ASCOM.Com.DriverAccess.DynamicAccess.TrySetMember(SetMemberBinder binder, Object value) in J:\ASCOMLibrary\ASCOM.Com\ASCOM.Com.DriverAccess\BaseClass\DynamicAccess.cs:line 105
   at CallSite.Target(Closure, CallSite, Object, Boolean)
   at System.Dynamic.UpdateDelegates.UpdateAndExecute2[T0,T1,TRet](CallSite site, T0 arg0, T1 arg1)
   at ASCOM.Com.DriverAccess.ASCOMDevice.set_Connected(Boolean value) in J:\ASCOMLibrary\ASCOM.Com\ASCOM.Com.DriverAccess\BaseClass\ASCOMDevice.cs:line 47
   at NINA.Equipment.Equipment.AscomDevice`1.set_Connected(Boolean value) in /_/NINA.Equipment/Equipment/AscomDevice.cs:line 178
   at NINA.Equipment.Equipment.AscomDevice`1.<Connect>b__58_0() in /_/NINA.Equipment/Equipment/AscomDevice.cs:line 275
2026-02-24T18:04:57.8793|INFO|AscomDevice.cs|Disconnect|378|Disconnecting from ASCOM.EFW2.FilterWheel ZWO FilterWheel (1)
2026-02-24T18:05:00.0090|INFO|FocuserChooserVM.cs|GetEquipment|84|Found 0 Alpaca Focusers
2026-02-24T18:05:00.0782|INFO|FocuserVM.cs|Disconnect|441|Disconnected Focuser
2026-02-24T18:05:01.3786|ERROR|AscomDevice.cs|Connect|308
ASCOM.DriverAccessCOMException (0x00000000): No EAF Connection
 ---> System.Runtime.InteropServices.COMException (0x00000000): No EAF Connection
   at ASCOM.Com.DriverAccess.DynamicAccess.CheckDotNetExceptions(String memberName, Exception e) in J:\ASCOMLibrary\ASCOM.Com\ASCOM.Com.DriverAccess\BaseClass\DynamicAccess.cs:line 271
   at ASCOM.Com.DriverAccess.DynamicAccess.TrySetMember(SetMemberBinder binder, Object value) in J:\ASCOMLibrary\ASCOM.Com\ASCOM.Com.DriverAccess\BaseClass\DynamicAccess.cs:line 105
   at CallSite.Target(Closure, CallSite, Object, Boolean)
   at ASCOM.Com.DriverAccess.ASCOMDevice.set_Connected(Boolean value) in J:\ASCOMLibrary\ASCOM.Com\ASCOM.Com.DriverAccess\BaseClass\ASCOMDevice.cs:line 47
   at ASCOM.Com.DriverAccess.Focuser.set_Connected(Boolean value) in J:\ASCOMLibrary\ASCOM.Com\ASCOM.Com.DriverAccess\Focuser.cs:line 86
   at NINA.Equipment.Equipment.AscomDevice`1.set_Connected(Boolean value) in /_/NINA.Equipment/Equipment/AscomDevice.cs:line 178
   at NINA.Equipment.Equipment.AscomDevice`1.<Connect>b__58_0() in /_/NINA.Equipment/Equipment/AscomDevice.cs:line 275
2026-02-24T18:05:01.3793|INFO|AscomDevice.cs|Disconnect|378|Disconnecting from ASCOM.EAF.Focuser ZWO Focuser (1)
2026-02-24T18:05:03.4314|INFO|TelescopeChooserVM.cs|GetEquipment|69|Found 0 Alpaca Telescopes
2026-02-24T18:05:03.4857|INFO|TelescopeVM.cs|Disconnect|740|Disconnected mount
2026-02-24T18:24:41.2682|INFO|CameraVM.cs|Disconnect|650|Disconnected Camera
2026-02-24T18:24:41.2700|INFO|CameraChooserVM.cs|GetEquipment|69|Found 0 ASI Cameras
2026-02-24T18:24:41.3029|INFO|CameraChooserVM.cs|GetEquipment|84|Found 0 Altair Cameras
2026-02-24T18:24:41.3030|INFO|CameraChooserVM.cs|GetEquipment|96|Found 0 Atik Cameras
2026-02-24T18:24:41.3038|INFO|CameraChooserVM.cs|GetEquipment|110|Found 0 FLI Cameras
2026-02-24T18:24:41.3039|INFO|CameraChooserVM.cs|GetEquipment|130|Found 0 QHYCCD Cameras
2026-02-24T18:24:41.4756|INFO|CameraChooserVM.cs|GetEquipment|158|Found 0 ToupTek Cameras
2026-02-24T18:24:41.4808|INFO|CameraChooserVM.cs|GetEquipment|173|Found 0 Ogma Cameras
2026-02-24T18:24:41.4955|INFO|CameraChooserVM.cs|GetEquipment|188|Found 0 Omegon Cameras
2026-02-24T18:24:41.6656|INFO|CameraChooserVM.cs|GetEquipment|203|Found 0 RisingCam Cameras
2026-02-24T18:24:41.6805|INFO|CameraChooserVM.cs|GetEquipment|218|Found 0 MallinCam Cameras
2026-02-24T18:24:41.6824|INFO|CameraChooserVM.cs|GetEquipment|243|Found 0 SVBony Cameras
2026-02-24T18:24:41.6858|INFO|CameraChooserVM.cs|GetEquipment|259|Found 0 SBIG Cameras
2026-02-24T18:24:41.6861|INFO|CameraChooserVM.cs|GetEquipment|279|Found 0 SVBony Cameras
2026-02-24T18:24:41.6863|INFO|CameraChooserVM.cs|GetEquipment|279|Found 0 PlayerOne Cameras
2026-02-24T18:24:41.6874|INFO|CameraChooserVM.cs|GetEquipment|279|Found 0 ASTPAN Cameras
2026-02-24T18:24:41.6881|INFO|CameraChooserVM.cs|GetEquipment|293|Found 4 ASCOM Cameras
2026-02-24T18:24:43.6896|INFO|CameraChooserVM.cs|GetEquipment|305|Found 0 Alpaca Cameras
2026-02-24T18:24:43.6940|INFO|CameraChooserVM.cs|GetEquipment|318|Found 0 Canon Cameras
2026-02-24T18:24:43.6951|ERROR|CameraVM.cs|ChooseCamera|469
System.Exception: Unable to connect to device 'ZWO ASI533MM Pro (ASI533MM)' (ID: ZWOptical_ZWO ASI533MM Pro_ASI533MM). Make sure it's plugged in, turned on, and set up correctly.
   at NINA.Equipment.Equipment.OfflineDevice.Connect(CancellationToken token) in /_/NINA.Equipment/Equipment/OfflineDevice.cs:line 50
   at NINA.Equipment.Equipment.MyCamera.PersistSettingsCameraDecorator.Connect(CancellationToken token) in /_/NINA.Equipment/Equipment/MyCamera/PersistSettingsCameraDecorator.cs:line 311
   at NINA.WPF.Base.ViewModel.Equipment.Camera.CameraVM.ChooseCamera() in /_/NINA.WPF.Base/ViewModel/Equipment/Camera/CameraVM.cs:line 355
2026-02-24T18:24:43.6995|INFO|FilterWheelVM.cs|Disconnect|333|Disconnected Filter Wheel
2026-02-24T18:24:43.7055|ERROR|AscomDevice.cs|Connect|308
ASCOM.DriverAccessCOMException (0x00000000): Communication Failure
 ---> System.Runtime.InteropServices.COMException (0x00000000): Communication Failure
   at ASCOM.Com.DriverAccess.DynamicAccess.CheckDotNetExceptions(String memberName, Exception e) in J:\ASCOMLibrary\ASCOM.Com\ASCOM.Com.DriverAccess\BaseClass\DynamicAccess.cs:line 271
   at ASCOM.Com.DriverAccess.DynamicAccess.TrySetMember(SetMemberBinder binder, Object value) in J:\ASCOMLibrary\ASCOM.Com\ASCOM.Com.DriverAccess\BaseClass\DynamicAccess.cs:line 105
   at CallSite.Target(Closure, CallSite, Object, Boolean)
   at ASCOM.Com.DriverAccess.ASCOMDevice.set_Connected(Boolean value) in J:\ASCOMLibrary\ASCOM.Com\ASCOM.Com.DriverAccess\BaseClass\ASCOMDevice.cs:line 47
   at NINA.Equipment.Equipment.AscomDevice`1.set_Connected(Boolean value) in /_/NINA.Equipment/Equipment/AscomDevice.cs:line 178
   at NINA.Equipment.Equipment.AscomDevice`1.<Connect>b__58_0() in /_/NINA.Equipment/Equipment/AscomDevice.cs:line 275
2026-02-24T18:24:43.7061|INFO|AscomDevice.cs|Disconnect|378|Disconnecting from ASCOM.EFW2.FilterWheel ZWO FilterWheel (1)
2026-02-24T18:24:58.7664|INFO|ApplicationDeviceConnectionVM.cs|UsbDeviceWatcher_DeviceInserted|232|New USB device detected DeviceId: USB\VID_0403&PID_6015\D30AAMKK, PnpDeviceId: USB\VID_0403&PID_6015\D30AAMKK, Description: USB Serial Converter, Name: USB Serial Converter, Manufacturer: FTDI, Service: FTDIBUS, Status: OK
2026-02-24T18:24:58.7666|INFO|ApplicationDeviceConnectionVM.cs|UsbDeviceWatcher_DeviceInserted|232|New USB device detected DeviceId: USB\VID_2109&PID_2817\6&26B592B5&0&3, PnpDeviceId: USB\VID_2109&PID_2817\6&26B592B5&0&3, Description: Generic USB Hub, Name: Generic USB Hub, Manufacturer: (Standard USB HUBs), Service: USBHUB3, Status: OK
2026-02-24T18:24:59.7047|INFO|ApplicationDeviceConnectionVM.cs|UsbDeviceWatcher_DeviceInserted|232|New USB device detected DeviceId: USB\VID_03C3&PID_1F10\7&2414095C&0&1, PnpDeviceId: USB\VID_03C3&PID_1F10\7&2414095C&0&1, Description: USB Input Device, Name: USB Input Device, Manufacturer: (Standard system devices), Service: HidUsb, Status: OK
2026-02-24T18:24:59.7048|INFO|ApplicationDeviceConnectionVM.cs|UsbDeviceWatcher_DeviceInserted|232|New USB device detected DeviceId: USB\VID_04B4&PID_6572\7&2414095C&0&2, PnpDeviceId: USB\VID_04B4&PID_6572\7&2414095C&0&2, Description: Generic USB Hub, Name: Generic USB Hub, Manufacturer: (Standard USB HUBs), Service: USBHUB3, Status: OK
2026-02-24T18:25:00.3243|INFO|ApplicationDeviceConnectionVM.cs|UsbDeviceWatcher_DeviceInserted|232|New USB device detected DeviceId: USB\VID_2109&PID_8817\0000000000000001, PnpDeviceId: USB\VID_2109&PID_8817\0000000000000001, Description: Billboard Device, Name: USB Billboard Device   , Manufacturer: WinUsb Device, Service: WINUSB, Status: OK
2026-02-24T18:25:00.3244|INFO|ApplicationDeviceConnectionVM.cs|UsbDeviceWatcher_DeviceInserted|232|New USB device detected DeviceId: USB\VID_03C3&PID_533E\8&2CE6183B&0&1, PnpDeviceId: USB\VID_03C3&PID_533E\8&2CE6183B&0&1, Description: ZWO ASI533MM Pro Camera, Name: ZWO ASI533MM Pro Camera, Manufacturer: ZWO, Service: ASICAMUSB3, Status: OK
2026-02-24T18:25:00.3244|INFO|ApplicationDeviceConnectionVM.cs|UsbDeviceWatcher_DeviceInserted|232|New USB device detected DeviceId: USB\VID_03C3&PID_120C\8&2CE6183B&0&2, PnpDeviceId: USB\VID_03C3&PID_120C\8&2CE6183B&0&2, Description: ZWO ASI120MM Mini Camera, Name: ZWO ASI120MM Mini Camera, Manufacturer: ZWO, Service: ASICAMUSB3, Status: OK
2026-02-24T18:25:00.9664|INFO|ApplicationDeviceConnectionVM.cs|UsbDeviceWatcher_DeviceInserted|232|New USB device detected DeviceId: USB\VID_03C3&PID_1F01\8&2CE6183B&0&3, PnpDeviceId: USB\VID_03C3&PID_1F01\8&2CE6183B&0&3, Description: USB Input Device, Name: USB Input Device, Manufacturer: (Standard system devices), Service: HidUsb, Status: OK
2026-02-24T18:26:03.3471|INFO|ApplicationVM.cs|Exit|244|Shutting down application - requested by user
2026-02-24T18:26:03.4191|INFO|ApplicationVM.cs|Closing|289|Application shutting down
2026-02-24T18:26:03.4660|INFO|DomeVM.cs|Disconnect|355|Disconnected Dome Device
2026-02-24T18:26:03.4724|INFO|FlatDeviceVM.cs|Disconnect|289|Disconnected Flat Device
2026-02-24T18:26:03.4830|INFO|CameraVM.cs|Disconnect|650|Disconnected Camera
2026-02-24T18:26:03.4952|INFO|TelescopeVM.cs|Disconnect|740|Disconnected mount
2026-02-24T18:26:03.4978|INFO|FilterWheelVM.cs|Disconnect|333|Disconnected Filter Wheel
2026-02-24T18:26:03.4996|INFO|FocuserVM.cs|Disconnect|441|Disconnected Focuser
2026-02-24T18:26:03.5056|INFO|RotatorVM.cs|Disconnect|447|Disconnected Rotator
2026-02-24T18:26:03.5104|INFO|SwitchVM.cs|Disconnect|309|Disconnected Switch
2026-02-24T18:26:03.5155|INFO|WeatherDataVM.cs|Disconnect|305|Disconnected Weather Device
2026-02-24T18:26:03.5199|INFO|SafetyMonitorVM.cs|Disconnect|221|Disconnected Safety Monitor
2026-02-24T18:26:04.4452|INFO|API.cs|StopWatchers|86|Stopping all event watchers
