----------------------------------------------------------------------
--------------N.I.N.A. - Nighttime Imaging 'N' Astronomy--------------
--------------------------Version 3.2.0.9001--------------------------
-------------------------2026-02-13T17:53:10--------------------------
----------------------------------------------------------------------
---------------------Microsoft Windows 10.0.19045---------------------
-------------------------OS Architecture X64--------------------------
-----------------------Process Architecture X64-----------------------
-----------------------------.NET 8.0.21------------------------------
----------------------------------------------------------------------
--------------------------Processor Count 4---------------------------
--------------------Total Physical Memory 7.84 GB---------------------
----------------------------------------------------------------------
DATE|LEVEL|SOURCE|MEMBER|LINE|MESSAGE
2026-02-13T17:53:10.9522|INFO|App.xaml.cs|OnStartup|170|Launched with command line arguments: --sequencefile C:\Users\nicka\Astro\NINA\NINA_Sequences\TargetScheduler.json --runsequence
2026-02-13T17:53:14.2827|INFO|CameraChooserVM.cs|GetEquipment|69|Found 2 ASI Cameras
2026-02-13T17:53:14.6985|INFO|CameraChooserVM.cs|GetEquipment|84|Found 0 Altair Cameras
2026-02-13T17:53:14.9737|INFO|CameraChooserVM.cs|GetEquipment|96|Found 0 Atik Cameras
2026-02-13T17:53:15.0841|INFO|CameraChooserVM.cs|GetEquipment|110|Found 0 FLI Cameras
2026-02-13T17:53:16.3950|INFO|CameraChooserVM.cs|GetEquipment|130|Found 0 QHYCCD Cameras
2026-02-13T17:53:16.9172|INFO|CameraChooserVM.cs|GetEquipment|158|Found 0 ToupTek Cameras
2026-02-13T17:53:17.0610|INFO|CameraChooserVM.cs|GetEquipment|173|Found 0 Ogma Cameras
2026-02-13T17:53:17.2392|INFO|CameraChooserVM.cs|GetEquipment|188|Found 0 Omegon Cameras
2026-02-13T17:53:17.8643|INFO|CameraChooserVM.cs|GetEquipment|203|Found 0 RisingCam Cameras
2026-02-13T17:53:18.2360|INFO|CameraChooserVM.cs|GetEquipment|218|Found 0 MallinCam Cameras
2026-02-13T17:53:18.3811|INFO|CameraChooserVM.cs|GetEquipment|243|Found 0 SVBony Cameras
2026-02-13T17:53:18.3844|INFO|CameraChooserVM.cs|GetEquipment|259|Found 0 SBIG Cameras
2026-02-13T17:53:24.3961|INFO|API.cs|Start|99|Starting Webserver
2026-02-13T17:53:24.3976|INFO|API.cs|APITask|134|starting web server, listening at 172.19.6.111:1888
2026-02-13T17:53:24.5714|INFO|NINALogWatcher.cs|Start|33|watching log file: C:\Users\nicka\AppData\Local\NINA\Logs\20260213-175309-3.2.0.9001.12040-202602.log
2026-02-13T17:53:24.5895|INFO|PluginLoader.cs|LoadPlugin|402|Successfully loaded plugin Advanced API version 2.2.14.3 by Christian Palm
2026-02-13T17:53:24.7570|INFO|PluginLoader.cs|LoadPlugin|402|Successfully loaded plugin Autofocus Report Analysis version 2.0.0.9 by Stefan Berg @isbeorn
2026-02-13T17:53:24.9730|INFO|PluginLoader.cs|LoadPlugin|402|Successfully loaded plugin Connector version 2.1.0.2 by Stefan Berg @isbeorn
2026-02-13T17:53:25.1568|INFO|PluginLoader.cs|LoadPlugin|402|Successfully loaded plugin Device Actions and Commands version 2.2.0.0 by Dale Ghent
2026-02-13T17:53:25.8754|INFO|PluginLoader.cs|LoadPlugin|402|Successfully loaded plugin Discord Alert version 2.2.0.0 by Drew McDermott
2026-02-13T17:53:27.4270|INFO|PluginLoader.cs|LoadPlugin|402|Successfully loaded plugin Discord Notification version 2.0.0.10 by Daniel Ludwig
2026-02-13T17:53:28.4544|INFO|DitherStatisticsVM.cs|CreatePluginIcon|1365|Plugin icon geometry created successfully
2026-02-13T17:53:28.4912|INFO|DitherStatisticsVM.cs|LoadDataTemplates|1334|DitherStatistics DataTemplates loaded successfully
2026-02-13T17:53:28.4946|INFO|DitherStatisticsVM.cs|SaveQualityAssessmentSetting|383|Quality Assessment setting saved to file: True
2026-02-13T17:53:28.4948|INFO|DitherStatisticsVM.cs|LoadQualityAssessmentSetting|360|Quality Assessment setting loaded from file: True
2026-02-13T17:53:28.4953|INFO|DitherStatisticsVM.cs|SubscribeToGuiderEvents|716|Subscribed to NINA guider events
2026-02-13T17:53:28.4978|INFO|DitherStatisticsVM.cs|StartThemeColorMonitoring|1211|Initial PrimaryBrush color: R:176 G:179 B:185
2026-02-13T17:53:28.4982|INFO|DitherStatisticsVM.cs|.ctor|92|DitherStatisticsVM initialized successfully with ScottPlot 4.1 (Lazy Loading)!
2026-02-13T17:53:28.4987|INFO|PluginLoader.cs|LoadPlugin|402|Successfully loaded plugin Dither Statistics version 1.2.0.4 by Thierry Tschanz
2026-02-13T17:53:28.6798|INFO|PluginLoader.cs|LoadPlugin|402|Successfully loaded plugin Filter Offset Calculator version 2.0.0.0 by S. Dimant & Stefan Berg
2026-02-13T17:53:28.9133|INFO|PluginLoader.cs|LoadPlugin|402|Successfully loaded plugin Flexure Correction version 0.8.0.0 by Francesco Meschia
2026-02-13T17:53:30.5035|INFO|DitherStatisticsVM.cs|ConnectToPHD2|590|Attempting to connect to PHD2...
2026-02-13T17:53:30.5056|INFO|PHD2Client.cs|ConnectAsync|48|PHD2Client: Connecting to PHD2 at 127.0.0.1:4400...
2026-02-13T17:53:31.6979|INFO|PluginLoader.cs|LoadPlugin|402|Successfully loaded plugin Ground Station version 3.0.0.117 by Dale Ghent
2026-02-13T17:53:32.5422|ERROR|PHD2Client.cs|ConnectAsync|69|PHD2Client: Connection failed: No connection could be made because the target machine actively refused it.
2026-02-13T17:53:32.5427|INFO|DitherStatisticsVM.cs|OnPHD2ConnectionStatusChanged|619|PHD2 Connection Status: Connection failed: No connection could be made because the target machine actively refused it.
2026-02-13T17:53:44.0971|INFO|PluginLoader.cs|LoadPlugin|402|Successfully loaded plugin Hocus Focus version 3.0.0.24 by George Hilios (jokogeo)
2026-02-13T17:53:45.0519|INFO|PluginLoader.cs|LoadPlugin|402|Successfully loaded plugin Horizon Creator version 1.1.2.1 by Christian Palm
2026-02-13T17:53:45.2821|INFO|PluginLoader.cs|LoadPlugin|402|Successfully loaded plugin Lightbucket version 2.2.4.0 by Lightbucket
2026-02-13T17:53:46.1426|INFO|PluginLoader.cs|LoadPlugin|402|Successfully loaded plugin Livestack version 1.0.1.7 by Stefan Berg @isbeorn
2026-02-13T17:53:46.3788|INFO|PluginLoader.cs|LoadPlugin|402|Successfully loaded plugin Log Viewer version 1.0.0.2 by Alexander Wrede @astro_alex80
2026-02-13T17:53:46.5835|INFO|PluginLoader.cs|LoadPlugin|402|Successfully loaded plugin Moon Angle version 2.2.0.0 by Dale Ghent
2026-02-13T17:53:46.9173|INFO|PluginLoader.cs|LoadPlugin|402|Successfully loaded plugin Phd2 Tools version 1.0.6.0 by Stefan Berg @isbeorn
2026-02-13T17:53:47.2666|INFO|PluginLoader.cs|LoadPlugin|402|Successfully loaded plugin PixInsight Tools version 1.0.0.3 by Stefan Berg
2026-02-13T17:53:48.0948|INFO|PluginLoader.cs|LoadPlugin|402|Successfully loaded plugin Point3D version 0.2.3.0 by Drew McDermott
2026-02-13T17:53:48.3981|INFO|PluginLoader.cs|LoadPlugin|402|Successfully loaded plugin Scope Control version 2.0.2.1 by Stefan Berg @isbeorn
2026-02-13T17:53:50.6416|WARNING|When.cs|GetRunningItem|143|Can't get running items: SequencerNavigation not initialized yet!
2026-02-13T17:53:50.9309|INFO|PluginLoader.cs|LoadPlugin|402|Successfully loaded plugin Sequencer Powerups version 3.29.0.3 by Marc Blank
2026-02-13T17:53:51.7279|INFO|PluginLoader.cs|LoadPlugin|402|Successfully loaded plugin Session Metadata version 2.6.3.0 by Tom Palmer @tcpalmer
2026-02-13T17:53:51.8702|INFO|PluginLoader.cs|LoadPlugin|402|Successfully loaded plugin Shutdown PC version 2.2.0.0 by Dale Ghent
2026-02-13T17:53:52.1415|INFO|PluginLoader.cs|LoadPlugin|402|Successfully loaded plugin SkyFlats version 1.0.0.4 by Gerald Hitz (@photon)
2026-02-13T17:53:52.5663|INFO|PluginLoader.cs|LoadPlugin|402|Successfully loaded plugin Smart Filters version 1.0.0.3 by Benoit SAINTOT
2026-02-13T17:53:53.0840|INFO|PluginLoader.cs|LoadPlugin|402|Successfully loaded plugin Target Planning version 3.2.1.0 by Tom Palmer @tcpalmer
2026-02-13T17:53:55.6712|WARNING|When.cs|GetRunningItem|143|Can't get running items: SequencerNavigation not initialized yet!
2026-02-13T17:53:57.1094|INFO|PluginLoader.cs|LoadPlugin|402|Successfully loaded plugin Target Scheduler version 5.8.3.2 by Tom Palmer @tcpalmer
2026-02-13T17:53:57.5407|INFO|PluginLoader.cs|LoadPlugin|402|Successfully loaded plugin Three Point Polar Alignment version 2.2.4.3 by Stefan Berg @isbeorn
2026-02-13T17:53:59.0984|INFO|SessionHistoryManager.cs|PurgeHistoryOlderThan|102|purging web session history older than 10 days
2026-02-13T17:53:59.1960|INFO|PluginLoader.cs|LoadPlugin|402|Successfully loaded plugin Web Session History Viewer version 2.2.1.0 by Tom Palmer @tcpalmer
2026-02-13T17:53:59.6180|INFO|PluginFetcher.cs|RequestAll|43|Fetching plugin manifests from https://nighttime-imaging.eu/wp-json/nina/v1/plugins/manifests
2026-02-13T17:54:01.1274|WARNING|When.cs|GetRunningItem|143|Can't get running items: SequencerNavigation not initialized yet!
2026-02-13T17:54:01.2822|INFO|CameraChooserVM.cs|GetEquipment|279|Found 0 SVBony Cameras
2026-02-13T17:54:01.4248|INFO|CameraChooserVM.cs|GetEquipment|279|Found 0 PlayerOne Cameras
2026-02-13T17:54:01.5266|INFO|CameraChooserVM.cs|GetEquipment|279|Found 0 ASTPAN Cameras
2026-02-13T17:54:01.5288|INFO|CameraChooserVM.cs|GetEquipment|293|Found 4 ASCOM Cameras
2026-02-13T17:54:01.6107|INFO|RotatorChooserVM.cs|GetEquipment|45|Found 1 Networked Rotator Rotators
2026-02-13T17:54:01.8186|INFO|FilterWheelChooserVM.cs|GetEquipment|167|Found 1 Networked Filter Wheel Filter Wheels
2026-02-13T17:54:02.8010|INFO|SafetyMonitorChooserVM.cs|GetEquipment|71|Found 0 Alpaca Safety Monitors
2026-02-13T17:54:02.8010|INFO|WeatherDataChooserVM.cs|GetEquipment|69|Found 0 Alpaca Observing Conditions
2026-02-13T17:54:02.8059|INFO|SwitchChooserVM.cs|GetEquipment|71|Found 0 Alpaca Switch Hubs
2026-02-13T17:54:03.1402|INFO|TelescopeChooserVM.cs|GetEquipment|69|Found 0 Alpaca Telescopes
2026-02-13T17:54:03.9248|INFO|FlatDeviceChooserVM.cs|GetEquipment|67|Found 0 Alpaca Cover Calibrators
2026-02-13T17:54:03.9288|INFO|DomeChooserVM.cs|GetEquipment|67|Found 0 Alpaca Domes
2026-02-13T17:54:03.9307|INFO|RotatorChooserVM.cs|GetEquipment|68|Found 0 Alpaca Rotators
2026-02-13T17:54:03.9331|INFO|CameraChooserVM.cs|GetEquipment|305|Found 0 Alpaca Cameras
2026-02-13T17:54:03.9414|INFO|CameraChooserVM.cs|GetEquipment|318|Found 0 Canon Cameras
2026-02-13T17:54:03.9498|INFO|FilterWheelChooserVM.cs|GetEquipment|193|Found 0 Alpaca Filter Wheels
2026-02-13T17:54:04.0862|INFO|PluginFetcher.cs|RequestAll|57|Found 72 valid plugins at https://nighttime-imaging.eu/wp-json/nina/v1/plugins/manifests
2026-02-13T17:54:05.8130|INFO|FocuserChooserVM.cs|GetEquipment|84|Found 0 Alpaca Focusers
2026-02-13T17:54:05.8562|INFO|ApplicationVM.cs|CheckDiskInfo|100|Available Space on Drive C:\: 131.73 GB
2026-02-13T17:54:05.8566|INFO|ApplicationVM.cs|CheckASCOMPlatformVersion|81|ASCOM Platform 6.6.2.4195 installed
2026-02-13T17:54:05.8626|INFO|ApplicationVM.cs|CheckDiskInfo|102|Drive E:\ is not ready
2026-02-13T17:54:05.8642|INFO|ApplicationVM.cs|CheckDiskInfo|100|Available Space on Drive G:\: 41.48 GB
2026-02-13T17:54:05.8734|INFO|ApplicationVM.cs|CheckDiskInfo|100|Available Space on Drive Z:\: 34.19 GB
2026-02-13T17:54:06.1390|WARNING|When.cs|GetRunningItem|143|Can't get running items: SequencerNavigation not initialized yet!
2026-02-13T17:54:06.4911|INFO|DitherStatisticsVM.cs|StartThemeColorMonitoring|1220|Theme color monitoring timer started on UI thread
2026-02-13T17:54:06.9213|INFO|Sequence2VM.cs|TryLoadSequenceFile|414|Loading sequence file: C:\Users\nicka\Astro\NINA\NINA_Sequences\TargetScheduler.json
2026-02-13T17:54:07.5326|INFO|Sequence2VM.cs|TryLoadSequenceFile|420|Starting sequence from command line options
2026-02-13T17:54:07.5361|INFO|Sequence2VM.cs|StartSequence|543|Advanced Sequence starting
2026-02-13T17:54:08.5317|INFO|SequenceItem.cs|Run|208|Starting Category: * Instruction Set *, Container: NINA.Sequencer.Container.SequenceRootContainer, Strategy: SequentialStrategy, Items[CREATED]: 3, Triggers: Category: Ground Station, Item: Failures to Telegram
2026-02-13T17:54:08.5430|INFO|SequenceItem.cs|Run|208|Starting Category: * Instruction Set *, Container: NINA.Sequencer.Container.StartAreaContainer, Strategy: SequentialStrategy, Items[CREATED]: 1
2026-02-13T17:54:08.5438|INFO|SequenceItem.cs|Run|208|Starting Category: * Instruction Set *, Container: NINA.Sequencer.Container.SequentialContainer, Strategy: SequentialStrategy, Items[CREATED]: 10
2026-02-13T17:54:08.5445|INFO|SequenceItem.cs|Run|208|Starting Category: Ground Station, Item: Send to Pushover, Title: Start
2026-02-13T17:54:08.7838|INFO|SequenceItem.cs|Run|254|Finishing Category: Ground Station, Item: Send to Pushover, Title: Start
2026-02-13T17:54:08.7879|INFO|SequenceItem.cs|Run|208|Starting Category: Utility, Item: WaitForTime, Time: 17:56:28h, Offset: -80
2026-02-13T17:54:09.0258|INFO|DockManagerVM.cs|InitializeAvalonDockLayout|366|Initializing imaging tab layout from C:\Users\nicka\AppData\Local\NINA\Profiles\0173997c-4bfa-48fd-9337-a48b6df99c38.dock.config
2026-02-13T17:56:28.1787|INFO|SequenceItem.cs|Run|254|Finishing Category: Utility, Item: WaitForTime, Time: 17:56:28h, Offset: -80
2026-02-13T17:56:28.1807|INFO|SequenceItem.cs|Run|208|Starting Category: Ground Station, Item: Send to Telegram
2026-02-13T17:56:28.9709|INFO|SequenceItem.cs|Run|254|Finishing Category: Ground Station, Item: Send to Telegram
2026-02-13T17:56:28.9712|INFO|SequenceItem.cs|Run|208|Starting Category: Ground Station, Item: Send to Pushover, Title: Configure Equipment
2026-02-13T17:56:29.1207|INFO|SequenceItem.cs|Run|254|Finishing Category: Ground Station, Item: Send to Pushover, Title: Configure Equipment
2026-02-13T17:56:29.1222|INFO|SequenceItem.cs|Run|208|Starting Category: Connect, Item: ConnectAllEquipment
2026-02-13T17:56:29.1492|INFO|CameraChooserVM.cs|GetEquipment|69|Found 2 ASI Cameras
2026-02-13T17:56:29.2251|INFO|CameraChooserVM.cs|GetEquipment|84|Found 0 Altair Cameras
2026-02-13T17:56:29.2252|INFO|CameraChooserVM.cs|GetEquipment|96|Found 0 Atik Cameras
2026-02-13T17:56:29.2259|INFO|CameraChooserVM.cs|GetEquipment|110|Found 0 FLI Cameras
2026-02-13T17:56:29.2262|INFO|CameraChooserVM.cs|GetEquipment|130|Found 0 QHYCCD Cameras
2026-02-13T17:56:29.3854|INFO|CameraChooserVM.cs|GetEquipment|158|Found 0 ToupTek Cameras
2026-02-13T17:56:29.3905|INFO|CameraChooserVM.cs|GetEquipment|173|Found 0 Ogma Cameras
2026-02-13T17:56:29.4041|INFO|CameraChooserVM.cs|GetEquipment|188|Found 0 Omegon Cameras
2026-02-13T17:56:29.5620|INFO|CameraChooserVM.cs|GetEquipment|203|Found 0 RisingCam Cameras
2026-02-13T17:56:29.5771|INFO|CameraChooserVM.cs|GetEquipment|218|Found 0 MallinCam Cameras
2026-02-13T17:56:29.5788|INFO|CameraChooserVM.cs|GetEquipment|243|Found 0 SVBony Cameras
2026-02-13T17:56:29.5811|INFO|CameraChooserVM.cs|GetEquipment|259|Found 0 SBIG Cameras
2026-02-13T17:56:29.5817|INFO|CameraChooserVM.cs|GetEquipment|279|Found 0 SVBony Cameras
2026-02-13T17:56:29.5821|INFO|CameraChooserVM.cs|GetEquipment|279|Found 0 PlayerOne Cameras
2026-02-13T17:56:29.5901|INFO|CameraChooserVM.cs|GetEquipment|279|Found 0 ASTPAN Cameras
2026-02-13T17:56:29.5911|INFO|CameraChooserVM.cs|GetEquipment|293|Found 4 ASCOM Cameras
2026-02-13T17:56:31.5918|INFO|CameraChooserVM.cs|GetEquipment|305|Found 0 Alpaca Cameras
2026-02-13T17:56:31.5977|INFO|CameraChooserVM.cs|GetEquipment|318|Found 0 Canon Cameras
2026-02-13T17:56:31.6757|INFO|CameraVM.cs|Disconnect|650|Disconnected Camera
2026-02-13T17:56:32.2606|WARNING|ASICamera.cs|SetControlValue|568|Failed to set ASI Control Value ASI_WB_B with value 50
2026-02-13T17:56:32.2608|WARNING|ASICamera.cs|SetControlValue|568|Failed to set ASI Control Value ASI_WB_R with value 50
2026-02-13T17:56:32.2609|WARNING|ASICamera.cs|SetControlValue|568|Failed to set ASI Control Value ASI_GAMMA with value 50
2026-02-13T17:56:32.2610|WARNING|ASICamera.cs|SetControlValue|568|Failed to set ASI Control Value ASI_HIGH_SPEED_MODE with value 0
2026-02-13T17:56:32.2611|WARNING|ASICamera.cs|SetControlValue|568|Failed to set ASI Control Value ASI_OVERCLOCK with value 0
2026-02-13T17:56:32.2612|WARNING|ASICamera.cs|SetControlValue|568|Failed to set ASI Control Value ASI_PATTERN_ADJUST with value 0
2026-02-13T17:56:32.2626|WARNING|ASICamera.cs|SetControlValue|568|Failed to set ASI Control Value ASI_MONO_BIN with value 0
2026-02-13T17:56:32.2638|INFO|ASICamera.cs|Initialize|664|Camera ID: ASI533MM
2026-02-13T17:56:32.2756|WARNING|ASICamera.cs|SetControlValue|568|Failed to set ASI Control Value ASI_ANTI_DEW_HEATER with value 0
2026-02-13T17:56:32.3383|INFO|CameraVM.cs|ChooseCamera|455|Successfully connected Camera. Id: ZWOptical_ZWO ASI533MM Pro_ASI533MM Name: ZWO ASI533MM Pro DisplayName: ZWO ASI533MM Pro (ASI533MM)Driver Version: 1, 39, 0, 0
2026-02-13T17:56:32.8947|INFO|FilterWheelChooserVM.cs|GetEquipment|167|Found 1 Networked Filter Wheel Filter Wheels
2026-02-13T17:56:34.8982|INFO|FilterWheelChooserVM.cs|GetEquipment|193|Found 0 Alpaca Filter Wheels
2026-02-13T17:56:34.9344|INFO|FilterWheelVM.cs|Disconnect|333|Disconnected Filter Wheel
2026-02-13T17:56:38.5646|INFO|FilterWheelVM.cs|ChooseFW|279|Successfully connected Filter Wheel. Id: ASCOM.EFW2.FilterWheel Name: ZWO FilterWheel DisplayName: ZWO FilterWheel (ASCOM) Driver Version: 6.0
2026-02-13T17:56:42.4152|INFO|FocuserChooserVM.cs|GetEquipment|84|Found 0 Alpaca Focusers
2026-02-13T17:56:42.4253|INFO|FocuserVM.cs|Disconnect|441|Disconnected Focuser
2026-02-13T17:56:43.7590|ERROR|AscomDevice.cs|GetProperty|546|An unexpected exception occurred during GET of Focuser.StepSize: 
ASCOM.DriverException: The method or operation is not implemented.
 ---> System.NotImplementedException: The method or operation is not implemented.
   --- End of inner exception stack trace ---
   at ASCOM.Com.DriverAccess.DynamicAccess.CheckDotNetExceptions(String memberName, Exception e) in J:\ASCOMLibrary\ASCOM.Com\ASCOM.Com.DriverAccess\BaseClass\DynamicAccess.cs:line 278
   at ASCOM.Com.DriverAccess.DynamicAccess.TryGetMember(GetMemberBinder binder, Object& result) in J:\ASCOMLibrary\ASCOM.Com\ASCOM.Com.DriverAccess\BaseClass\DynamicAccess.cs:line 150
   at CallSite.Target(Closure, CallSite, Object)
   at System.Dynamic.UpdateDelegates.UpdateAndExecute1[T0,TRet](CallSite site, T0 arg0)
   at ASCOM.Com.DriverAccess.Focuser.get_StepSize() in J:\ASCOMLibrary\ASCOM.Com\ASCOM.Com.DriverAccess\Focuser.cs:line 159
   at System.RuntimeMethodHandle.InvokeMethod(Object target, Void** arguments, Signature sig, Boolean isConstructor)
   at System.Reflection.MethodBaseInvoker.InvokeWithNoArgs(Object obj, BindingFlags invokeAttr)
2026-02-13T17:56:43.9728|INFO|AscomDevice.cs|GetProperty|485|Retrying to GET Focuser.StepSize - Attempt 2 / 3
2026-02-13T17:56:43.9742|ERROR|AscomDevice.cs|GetProperty|546|An unexpected exception occurred during GET of Focuser.StepSize: 
ASCOM.DriverException: The method or operation is not implemented.
 ---> System.NotImplementedException: The method or operation is not implemented.
   --- End of inner exception stack trace ---
   at ASCOM.Com.DriverAccess.DynamicAccess.CheckDotNetExceptions(String memberName, Exception e) in J:\ASCOMLibrary\ASCOM.Com\ASCOM.Com.DriverAccess\BaseClass\DynamicAccess.cs:line 278
   at ASCOM.Com.DriverAccess.DynamicAccess.TryGetMember(GetMemberBinder binder, Object& result) in J:\ASCOMLibrary\ASCOM.Com\ASCOM.Com.DriverAccess\BaseClass\DynamicAccess.cs:line 150
   at CallSite.Target(Closure, CallSite, Object)
   at ASCOM.Com.DriverAccess.Focuser.get_StepSize() in J:\ASCOMLibrary\ASCOM.Com\ASCOM.Com.DriverAccess\Focuser.cs:line 159
   at InvokeStub_Focuser.get_StepSize(Object, Object, IntPtr*)
   at System.Reflection.MethodBaseInvoker.InvokeWithNoArgs(Object obj, BindingFlags invokeAttr)
2026-02-13T17:56:44.1748|INFO|AscomDevice.cs|GetProperty|485|Retrying to GET Focuser.StepSize - Attempt 3 / 3
2026-02-13T17:56:44.1774|ERROR|AscomDevice.cs|GetProperty|546|An unexpected exception occurred during GET of Focuser.StepSize: 
ASCOM.DriverException: The method or operation is not implemented.
 ---> System.NotImplementedException: The method or operation is not implemented.
   --- End of inner exception stack trace ---
   at ASCOM.Com.DriverAccess.DynamicAccess.CheckDotNetExceptions(String memberName, Exception e) in J:\ASCOMLibrary\ASCOM.Com\ASCOM.Com.DriverAccess\BaseClass\DynamicAccess.cs:line 278
   at ASCOM.Com.DriverAccess.DynamicAccess.TryGetMember(GetMemberBinder binder, Object& result) in J:\ASCOMLibrary\ASCOM.Com\ASCOM.Com.DriverAccess\BaseClass\DynamicAccess.cs:line 150
   at CallSite.Target(Closure, CallSite, Object)
   at ASCOM.Com.DriverAccess.Focuser.get_StepSize() in J:\ASCOMLibrary\ASCOM.Com\ASCOM.Com.DriverAccess\Focuser.cs:line 159
   at InvokeStub_Focuser.get_StepSize(Object, Object, IntPtr*)
   at System.Reflection.MethodBaseInvoker.InvokeWithNoArgs(Object obj, BindingFlags invokeAttr)
2026-02-13T17:56:44.1788|INFO|AscomDevice.cs|GetProperty|556|GET Focuser.StepSize failed - Returning last known value 0
2026-02-13T17:56:44.4277|INFO|FocuserVM.cs|ChooseFocuser|333|Successfully connected Focuser. Id: ASCOM.EAF.Focuser Name: ZWO Focuser DisplayName: ZWO Focuser (ASCOM) Driver Version: 6.0
2026-02-13T17:56:46.4309|INFO|TelescopeChooserVM.cs|GetEquipment|69|Found 0 Alpaca Telescopes
2026-02-13T17:56:46.4588|INFO|TelescopeVM.cs|Disconnect|740|Disconnected mount
2026-02-13T17:56:49.2870|INFO|AscomTelescope.cs|CheckMountTime|845|Mount UTC Time: 2026-02-13 23:56:45Z / System UTC Time: 2026-02-13 23:56:49Z; Difference: 4.106 seconds
2026-02-13T17:56:49.3387|INFO|AscomTelescope.cs|CheckMountTime|852|System time has been synced to the mount
2026-02-13T17:56:49.6073|INFO|TelescopeVM.cs|ChooseTelescope|535|Successfully connected mount. Id: ASCOM.iOptron2017.Telescope Name: iOptron CEM120,70,40,26, GEM, HEM, HAE, HAZ series and SkyHunter Mount DisplayName: iOptron CEM120,70,40,26, GEM, HEM, HAE, HAZ series and SkyHunter Mount (ASCOM) Driver Version: 9.15
2026-02-13T17:56:49.6418|INFO|PHD2Guider.cs|Connect|205|Connecting to PHD2 server at 127.0.0.1:4400
2026-02-13T17:56:55.5393|INFO|PHD2Client.cs|ConnectAsync|62|PHD2Client: Connected successfully!
2026-02-13T17:56:55.5395|INFO|DitherStatisticsVM.cs|OnPHD2ConnectionStatusChanged|616|PHD2 Connection Status: Connected
2026-02-13T17:56:55.5395|INFO|DitherStatisticsVM.cs|ConnectToPHD2|595|Successfully connected to PHD2!
2026-02-13T17:56:55.5420|INFO|PHD2Client.cs|ReadEventsAsync|102|PHD2Client: Started reading events
2026-02-13T17:56:55.7895|INFO|PHD2Client.cs|HandleVersion|256|PHD2Client: Connected to PHD2 version 2.6.14. (Message Protocol v1)
2026-02-13T17:56:55.7907|INFO|PHD2Client.cs|ProcessEvent|173|PHD2: CalibrationComplete
2026-02-13T17:56:55.7914|INFO|PHD2Client.cs|HandleAppState|266|PHD2Client: PHD2 AppState: Stopped
2026-02-13T17:56:57.7874|INFO|WeatherDataChooserVM.cs|GetEquipment|69|Found 0 Alpaca Observing Conditions
2026-02-13T17:56:57.8117|INFO|WeatherDataVM.cs|Disconnect|305|Disconnected Weather Device
2026-02-13T17:56:59.4967|INFO|AscomDevice.cs|GetProperty|527|Property ObservingConditions.SkyQuality GET is not implemented in this driver (SkyAlert Observing Conditions)
2026-02-13T17:56:59.5037|INFO|AscomDevice.cs|GetProperty|527|Property ObservingConditions.StarFWHM GET is not implemented in this driver (SkyAlert Observing Conditions)
2026-02-13T17:56:59.5173|INFO|WeatherDataVM.cs|ChooseWeatherData|150|Successfully connected Weather Device. Id: ASCOM.SkyAlert.ObservingConditions Name: SkyAlert Observing Conditions DisplayName: SkyAlert Observing Conditions (ASCOM) Driver Version: 1.7
2026-02-13T17:57:01.5185|INFO|SafetyMonitorChooserVM.cs|GetEquipment|71|Found 0 Alpaca Safety Monitors
2026-02-13T17:57:01.5413|INFO|SafetyMonitorVM.cs|Disconnect|221|Disconnected Safety Monitor
2026-02-13T17:57:02.0103|INFO|SafetyMonitorVM.cs|Connect|175|Successfully connected Safety Monitor. Id: ASCOM.GenericFile.SafetyMonitor Name: Generic File driver DisplayName: Generic File driver (ASCOM) Driver Version: 6.4
2026-02-13T17:57:02.0107|INFO|SequenceItem.cs|Run|254|Finishing Category: Connect, Item: ConnectAllEquipment
2026-02-13T17:57:02.0114|INFO|SequenceItem.cs|Run|208|Starting Category: Telescope, Item: FindHome
2026-02-13T17:57:02.0173|INFO|PHD2Guider.cs|StopGuiding|704|Phd2 - Stop Guiding skipped, as the app is already in state Stopped
2026-02-13T17:57:02.0191|INFO|TelescopeVM.cs|FindHome|292|Mount ordered to locate home position
2026-02-13T17:57:02.0226|INFO|TelescopeVM.cs|FindHome|336|Mount ordered to home but it is already at home
2026-02-13T17:57:02.0230|INFO|TelescopeVM.cs|FindHome|348|Mount has located its home position
2026-02-13T17:57:02.0239|INFO|SequenceItem.cs|Run|254|Finishing Category: Telescope, Item: FindHome
2026-02-13T17:57:02.0242|INFO|SequenceItem.cs|Run|208|Starting Category: Ground Station, Item: Send to Telegram
2026-02-13T17:57:02.6460|INFO|SequenceItem.cs|Run|254|Finishing Category: Ground Station, Item: Send to Telegram
2026-02-13T17:57:02.6473|INFO|SequenceItem.cs|Run|208|Starting Category: Ground Station, Item: Send to Pushover, Title: Cool
2026-02-13T17:57:02.8186|INFO|SequenceItem.cs|Run|254|Finishing Category: Ground Station, Item: Send to Pushover, Title: Cool
2026-02-13T17:57:02.8196|INFO|SequenceItem.cs|Run|208|Starting Category: Camera, Item: CoolCamera, Temperature: -15, Duration: 60
2026-02-13T17:57:02.8231|INFO|CameraVM.cs|CoolCamera|138|Cooling Camera. Target: -15 Duration: 01:00:00
2026-02-13T17:57:04.0135|INFO|SafetyMonitorVM.cs|UpdateMonitorValues|95|SafetyMonitorInfo state changed to Unsafe
2026-02-13T18:57:18.4460|INFO|SequenceItem.cs|Run|254|Finishing Category: Camera, Item: CoolCamera, Temperature: -15, Duration: 60
2026-02-13T18:57:18.4466|INFO|SequenceItem.cs|Run|208|Starting Category: Utility, Item: WaitForTime, Time: 19:1:28h, Offset: -15
2026-02-13T19:01:28.3396|INFO|SequenceItem.cs|Run|254|Finishing Category: Utility, Item: WaitForTime, Time: 19:1:28h, Offset: -15
2026-02-13T19:01:28.3490|INFO|SequenceItem.cs|Run|254|Finishing Category: * Instruction Set *, Container: NINA.Sequencer.Container.SequentialContainer, Strategy: SequentialStrategy, Items[FINISHED]: 10
2026-02-13T19:01:28.3496|INFO|SequenceItem.cs|Run|254|Finishing Category: * Instruction Set *, Container: NINA.Sequencer.Container.StartAreaContainer, Strategy: SequentialStrategy, Items[FINISHED]: 1
2026-02-13T19:01:28.3502|INFO|SequenceItem.cs|Run|208|Starting Category: * Instruction Set *, Container: NINA.Sequencer.Container.TargetAreaContainer, Strategy: SequentialStrategy, Items[CREATED]: 1
2026-02-13T19:01:28.3562|INFO|SequenceItem.cs|Run|208|Starting Category: * Instruction Set *, Container: NINA.Sequencer.Container.SequentialContainer, Strategy: SequentialStrategy, Items[CREATED]: 10, Conditions: Condition: TimeCondition, Time: 6:26:25h, Condition: TargetSchedulerCondition mode=While Targets Remain Tonight, , Triggers: Trigger: CenterAfterDriftTrigger, DistanceArcMinutes: 1Trigger: WhenUnsafeCategory: Ground Station, Item: Failures to TelegramCategory: Connect, Item: ReconnectOnDownloadFailureTrigger: AutofocusAfterHFRIncreaseTrigger, Amount: 5Trigger: MeridianFlipTriggerCategory: Powerups (Misc), Item: DIYTriggerCategory: Ground Station, Item: Failures to Pushover
2026-02-13T19:01:28.3613|INFO|WhenCommon.cs|SequenceBlockInitialize|204|Initialize; starting watchdog
2026-02-13T19:01:28.3662|INFO|WhenUnsafe.cs|CheckSafe|77|IsSafe is now FALSE; connected = True, IsSafe = False
2026-02-13T19:01:28.3664|INFO|WhenCommon.cs|ShouldTrigger|378|ShouldTrigger TRUE from InterruptWhen, setting TriggerRunner
2026-02-13T19:01:28.3666|INFO|WhenCommon.cs|InterruptWhen|322|Interrupting current Instruction Set
2026-02-13T19:01:28.3704|INFO|WhenCommon.cs|InterruptWhen|332|Canceling sequence...
2026-02-13T19:01:29.3709|INFO|WhenCommon.cs|InterruptWhen|336|Delay 1000
2026-02-13T19:01:30.3707|INFO|WhenCommon.cs|InterruptWhen|336|Delay 1000
2026-02-13T19:01:31.3708|INFO|WhenCommon.cs|InterruptWhen|336|Delay 1000
2026-02-13T19:01:32.3715|INFO|WhenCommon.cs|InterruptWhen|336|Delay 1000
2026-02-13T19:01:33.3723|INFO|WhenCommon.cs|InterruptWhen|336|Delay 1000
2026-02-13T19:01:34.3727|INFO|WhenCommon.cs|InterruptWhen|336|Delay 1000
2026-02-13T19:01:35.3733|INFO|WhenCommon.cs|InterruptWhen|336|Delay 1000
2026-02-13T19:01:36.3747|INFO|WhenCommon.cs|InterruptWhen|336|Delay 1000
2026-02-13T19:01:37.3753|INFO|WhenCommon.cs|InterruptWhen|336|Delay 1000
2026-02-13T19:01:38.3759|INFO|WhenCommon.cs|InterruptWhen|336|Delay 1000
2026-02-13T19:01:39.3752|INFO|WhenCommon.cs|InterruptWhen|336|Delay 1000
2026-02-13T19:01:40.3770|INFO|WhenCommon.cs|InterruptWhen|336|Delay 1000
2026-02-13T19:01:41.3620|INFO|WhenCommon.cs|SequenceBlockTeardown|198|Teardown; shutting down watchdog
2026-02-13T19:01:41.3648|INFO|Sequencer.cs|Start|85|Sequence run was cancelled
2026-02-13T19:01:41.3769|INFO|WhenCommon.cs|InterruptWhen|336|Delay 1000
2026-02-13T19:01:41.3828|INFO|Sequence2VM.cs|StartSequence|548|Advanced Sequence finished
2026-02-13T19:01:42.3901|INFO|WhenCommon.cs|InterruptWhen|339|Sequence no longer running
2026-02-13T19:01:42.3916|WARNING|WhenCommon.cs|CheckSlewing|263|CheckSlewing, WhenUnsafe = True, Connected = True, CanSlew = True, info.Slewing = False
2026-02-13T19:01:42.3934|INFO|Sequence2VM.cs|StartSequence|543|Advanced Sequence starting
2026-02-13T19:01:42.4475|INFO|SequenceItem.cs|Run|208|Starting Category: * Instruction Set *, Container: NINA.Sequencer.Container.SequenceRootContainer, Strategy: SequentialStrategy, Items[CREATED]: 3, Triggers: Category: Ground Station, Item: Failures to Telegram
2026-02-13T19:01:42.4478|INFO|SequenceItem.cs|Run|208|Starting Category: * Instruction Set *, Container: NINA.Sequencer.Container.StartAreaContainer, Strategy: SequentialStrategy, Items[FINISHED]: 1
2026-02-13T19:01:42.4479|INFO|SequenceItem.cs|Run|254|Finishing Category: * Instruction Set *, Container: NINA.Sequencer.Container.StartAreaContainer, Strategy: SequentialStrategy, Items[FINISHED]: 1
2026-02-13T19:01:42.4480|INFO|SequenceItem.cs|Run|208|Starting Category: * Instruction Set *, Container: NINA.Sequencer.Container.TargetAreaContainer, Strategy: SequentialStrategy, Items[CREATED]: 1
2026-02-13T19:01:42.4482|INFO|SequenceItem.cs|Run|208|Starting Category: * Instruction Set *, Container: NINA.Sequencer.Container.SequentialContainer, Strategy: SequentialStrategy, Items[CREATED]: 10, Conditions: Condition: TimeCondition, Time: 6:26:25h, Condition: TargetSchedulerCondition mode=While Targets Remain Tonight, , Triggers: Trigger: CenterAfterDriftTrigger, DistanceArcMinutes: 1Trigger: WhenUnsafeCategory: Ground Station, Item: Failures to TelegramCategory: Connect, Item: ReconnectOnDownloadFailureTrigger: AutofocusAfterHFRIncreaseTrigger, Amount: 5Trigger: MeridianFlipTriggerCategory: Powerups (Misc), Item: DIYTriggerCategory: Ground Station, Item: Failures to Pushover
2026-02-13T19:01:42.4485|INFO|WhenCommon.cs|SequenceBlockInitialize|204|Initialize; starting watchdog
2026-02-13T19:01:42.4684|INFO|WhenCommon.cs|ShouldTrigger|382|ShouldTrigger TRUE, setting TriggerRunner
2026-02-13T19:01:42.4712|INFO|SequenceTrigger.cs|Run|114|Starting Trigger: WhenUnsafe
2026-02-13T19:01:42.4834|INFO|WhenCommon.cs|Execute|395|Execute 0
2026-02-13T19:01:42.4836|INFO|WhenCommon.cs|Execute|409|When: running TriggerRunner, InFlight -> true, Triggered -> false
2026-02-13T19:01:42.4837|WARNING|WhenCommon.cs|CheckSlewing|263|CheckSlewing, WhenUnsafe = True, Connected = True, CanSlew = True, info.Slewing = False
2026-02-13T19:01:42.4840|INFO|SequenceItem.cs|Run|208|Starting Category: , Container: WhenPlugin.When.IfContainer, Strategy: SequentialStrategy, Items[CREATED]: 9
2026-02-13T19:01:42.4901|INFO|MeridianFlipTrigger.cs|ShouldTrigger|197|Meridian Flip - Telescope is at home position. Skip flip evaluation
2026-02-13T19:01:42.4911|INFO|SequenceItem.cs|Run|208|Starting Category: Ground Station, Item: Send to Telegram
2026-02-13T19:01:43.1552|INFO|SequenceItem.cs|Run|254|Finishing Category: Ground Station, Item: Send to Telegram
2026-02-13T19:01:43.1583|INFO|MeridianFlipTrigger.cs|ShouldTrigger|197|Meridian Flip - Telescope is at home position. Skip flip evaluation
2026-02-13T19:01:43.1589|INFO|SequenceItem.cs|Run|208|Starting Category: Ground Station, Item: Send to Pushover, Title: Unsafe
2026-02-13T19:01:43.3118|INFO|SequenceItem.cs|Run|254|Finishing Category: Ground Station, Item: Send to Pushover, Title: Unsafe
2026-02-13T19:01:43.3129|INFO|MeridianFlipTrigger.cs|ShouldTrigger|197|Meridian Flip - Telescope is at home position. Skip flip evaluation
2026-02-13T19:01:43.3130|INFO|SequenceItem.cs|Run|208|Starting Category: Telescope, Item: FindHome
2026-02-13T19:01:43.3176|INFO|PHD2Guider.cs|StopGuiding|704|Phd2 - Stop Guiding skipped, as the app is already in state Stopped
2026-02-13T19:01:43.3179|INFO|TelescopeVM.cs|FindHome|292|Mount ordered to locate home position
2026-02-13T19:01:43.3185|INFO|TelescopeVM.cs|FindHome|336|Mount ordered to home but it is already at home
2026-02-13T19:01:43.3186|INFO|TelescopeVM.cs|FindHome|348|Mount has located its home position
2026-02-13T19:01:43.3188|INFO|SequenceItem.cs|Run|254|Finishing Category: Telescope, Item: FindHome
2026-02-13T19:01:43.3194|INFO|MeridianFlipTrigger.cs|ShouldTrigger|197|Meridian Flip - Telescope is at home position. Skip flip evaluation
2026-02-13T19:01:43.3202|INFO|SequenceItem.cs|Run|208|Starting Category: Guider, Item: StopGuiding
2026-02-13T19:01:43.3255|INFO|PHD2Guider.cs|StopGuiding|704|Phd2 - Stop Guiding skipped, as the app is already in state Stopped
2026-02-13T19:01:43.3257|INFO|SequenceItem.cs|Run|254|Finishing Category: Guider, Item: StopGuiding
2026-02-13T19:01:43.3264|INFO|MeridianFlipTrigger.cs|ShouldTrigger|197|Meridian Flip - Telescope is at home position. Skip flip evaluation
2026-02-13T19:01:43.3276|INFO|SequenceItem.cs|Run|208|Starting Category: Connect, Item: DisconnectEquipment, Selected device: Safety Monitor
2026-02-13T19:01:43.4547|INFO|AscomDevice.cs|Disconnect|378|Disconnecting from ASCOM.GenericFile.SafetyMonitor Generic File driver
2026-02-13T19:01:43.4827|INFO|SafetyMonitorVM.cs|Disconnect|221|Disconnected Safety Monitor
2026-02-13T19:01:43.4831|INFO|SequenceItem.cs|Run|254|Finishing Category: Connect, Item: DisconnectEquipment, Selected device: Safety Monitor
2026-02-13T19:01:43.4837|INFO|MeridianFlipTrigger.cs|ShouldTrigger|197|Meridian Flip - Telescope is at home position. Skip flip evaluation
2026-02-13T19:01:43.4844|INFO|SequenceItem.cs|Run|208|Starting Category: Utility, Item: WaitForTimeSpan, Time: 60s
2026-02-13T19:02:43.5990|INFO|SequenceItem.cs|Run|254|Finishing Category: Utility, Item: WaitForTimeSpan, Time: 60s
2026-02-13T19:02:43.5999|INFO|MeridianFlipTrigger.cs|ShouldTrigger|197|Meridian Flip - Telescope is at home position. Skip flip evaluation
2026-02-13T19:02:43.6013|INFO|SequenceItem.cs|Run|208|Starting Category: Connect, Item: ConnectEquipment, Selected device: Safety Monitor, Selected device id: ASCOM.GenericFile.SafetyMonitor
2026-02-13T19:02:45.6111|INFO|SafetyMonitorChooserVM.cs|GetEquipment|71|Found 0 Alpaca Safety Monitors
2026-02-13T19:02:45.6449|INFO|SafetyMonitorVM.cs|Disconnect|221|Disconnected Safety Monitor
2026-02-13T19:02:45.7087|INFO|SafetyMonitorVM.cs|Connect|175|Successfully connected Safety Monitor. Id: ASCOM.GenericFile.SafetyMonitor Name: Generic File driver DisplayName: Generic File driver (ASCOM) Driver Version: 6.4
2026-02-13T19:02:45.7091|INFO|SequenceItem.cs|Run|254|Finishing Category: Connect, Item: ConnectEquipment, Selected device: Safety Monitor, Selected device id: ASCOM.GenericFile.SafetyMonitor
2026-02-13T19:02:45.7095|INFO|MeridianFlipTrigger.cs|ShouldTrigger|197|Meridian Flip - Telescope is at home position. Skip flip evaluation
2026-02-13T19:02:45.7096|INFO|SequenceItem.cs|Run|208|Starting Category: Utility, Item: WaitForTimeSpan, Time: 60s
2026-02-13T19:02:47.7110|INFO|SafetyMonitorVM.cs|UpdateMonitorValues|95|SafetyMonitorInfo state changed to Unsafe
2026-02-13T19:03:45.7535|INFO|SequenceItem.cs|Run|254|Finishing Category: Utility, Item: WaitForTimeSpan, Time: 60s
2026-02-13T19:03:45.7546|INFO|MeridianFlipTrigger.cs|ShouldTrigger|197|Meridian Flip - Telescope is at home position. Skip flip evaluation
2026-02-13T19:03:45.7552|INFO|SequenceItem.cs|Run|208|Starting Category: Powerups (Safety), Item: OnceSafe
2026-02-13T19:06:37.3910|WARNING|DeviceUpdateTimer.cs|Run|115|Mount value update cycle took longer than the device poll interval (Total: 3.05s > 2s; Poll: 00:00:03.0515975; Update: 00:00:00.0005275)
2026-02-13T19:11:42.3987|WARNING|DeviceUpdateTimer.cs|Run|115|Mount value update cycle took longer than the device poll interval (Total: 6.02s > 2s; Poll: 00:00:06.0146887; Update: 00:00:00.0004693)
2026-02-13T19:16:44.8448|WARNING|DeviceUpdateTimer.cs|Run|115|Mount value update cycle took longer than the device poll interval (Total: 6.01s > 2s; Poll: 00:00:06.0139888; Update: 00:00:00.0004638)
2026-02-13T19:21:45.5684|WARNING|DeviceUpdateTimer.cs|Run|115|Mount value update cycle took longer than the device poll interval (Total: 6.01s > 2s; Poll: 00:00:06.0124348; Update: 00:00:00.0007063)
2026-02-13T19:26:46.2283|WARNING|DeviceUpdateTimer.cs|Run|115|Mount value update cycle took longer than the device poll interval (Total: 6.01s > 2s; Poll: 00:00:06.0139994; Update: 00:00:00.0003579)
2026-02-13T19:31:46.8348|WARNING|DeviceUpdateTimer.cs|Run|115|Mount value update cycle took longer than the device poll interval (Total: 6.01s > 2s; Poll: 00:00:06.0110364; Update: 00:00:00.0004667)
2026-02-13T19:36:47.4345|WARNING|DeviceUpdateTimer.cs|Run|115|Mount value update cycle took longer than the device poll interval (Total: 6.02s > 2s; Poll: 00:00:06.0163850; Update: 00:00:00.0004225)
2026-02-13T19:41:51.3227|WARNING|DeviceUpdateTimer.cs|Run|115|Mount value update cycle took longer than the device poll interval (Total: 6.01s > 2s; Poll: 00:00:06.0134410; Update: 00:00:00.0005337)
2026-02-13T19:46:52.0086|WARNING|DeviceUpdateTimer.cs|Run|115|Mount value update cycle took longer than the device poll interval (Total: 6.01s > 2s; Poll: 00:00:06.0143207; Update: 00:00:00.0004672)
2026-02-13T19:51:52.7567|WARNING|DeviceUpdateTimer.cs|Run|115|Mount value update cycle took longer than the device poll interval (Total: 6.02s > 2s; Poll: 00:00:06.0174401; Update: 00:00:00.0004728)
2026-02-13T19:56:53.4489|WARNING|DeviceUpdateTimer.cs|Run|115|Mount value update cycle took longer than the device poll interval (Total: 6.01s > 2s; Poll: 00:00:06.0135437; Update: 00:00:00.0006255)
2026-02-14T06:26:25.5317|INFO|TimeCondition.cs|Check|254|TimeCondition finished.
2026-02-14T06:26:25.5319|INFO|TimeCondition.cs|InterruptWhenTimeIsUp|63|Time limit exceeded - Interrupting current Instruction Set
2026-02-14T06:26:25.5353|INFO|WhenCommon.cs|Execute|425|When: Execute done; InFlight -> false, Triggered false
2026-02-14T06:26:25.5358|INFO|MeridianFlipTrigger.cs|ShouldTrigger|197|Meridian Flip - Telescope is at home position. Skip flip evaluation
2026-02-14T06:26:25.5360|INFO|SequenceItem.cs|Run|208|Starting Category: Utility, Item: WaitForTime, Time: 19:1:28h, Offset: -15
2026-02-14T06:26:25.5375|INFO|WhenCommon.cs|SequenceBlockTeardown|198|Teardown; shutting down watchdog
2026-02-14T06:26:25.5378|INFO|SequenceItem.cs|Run|254|Finishing Category: * Instruction Set *, Container: NINA.Sequencer.Container.SequentialContainer, Strategy: SequentialStrategy, Items[CREATED]: 10, Conditions: Condition: TimeCondition, Time: 6:26:25h, Condition: TargetSchedulerCondition mode=While Targets Remain Tonight, , Triggers: Trigger: CenterAfterDriftTrigger, DistanceArcMinutes: 1Trigger: WhenUnsafeCategory: Ground Station, Item: Failures to TelegramCategory: Connect, Item: ReconnectOnDownloadFailureTrigger: AutofocusAfterHFRIncreaseTrigger, Amount: 5Trigger: MeridianFlipTriggerCategory: Powerups (Misc), Item: DIYTriggerCategory: Ground Station, Item: Failures to Pushover
2026-02-14T06:26:25.5379|INFO|SequenceItem.cs|Run|254|Finishing Category: * Instruction Set *, Container: NINA.Sequencer.Container.TargetAreaContainer, Strategy: SequentialStrategy, Items[FINISHED]: 1
2026-02-14T06:26:25.5382|INFO|SequenceItem.cs|Run|208|Starting Category: * Instruction Set *, Container: NINA.Sequencer.Container.EndAreaContainer, Strategy: SequentialStrategy, Items[CREATED]: 7
2026-02-14T06:26:25.5384|INFO|SequenceItem.cs|Run|208|Starting Category: Telescope, Item: FindHome
2026-02-14T06:26:25.5412|INFO|PHD2Guider.cs|StopGuiding|704|Phd2 - Stop Guiding skipped, as the app is already in state Stopped
2026-02-14T06:26:25.5413|INFO|TelescopeVM.cs|FindHome|292|Mount ordered to locate home position
2026-02-14T06:26:25.5416|INFO|TelescopeVM.cs|FindHome|336|Mount ordered to home but it is already at home
2026-02-14T06:26:25.5417|INFO|TelescopeVM.cs|FindHome|348|Mount has located its home position
2026-02-14T06:26:25.5418|INFO|SequenceItem.cs|Run|254|Finishing Category: Telescope, Item: FindHome
2026-02-14T06:26:25.5427|INFO|SequenceItem.cs|Run|208|Starting Category: Camera, Item: WarmCamera, Duration: 30
2026-02-14T06:26:25.5453|INFO|CameraVM.cs|WarmCamera|161|Warming Camera. Duration: 00:30:00
2026-02-14T06:58:33.7515|INFO|CameraVM.cs|WarmCamera|179|Could not reach warming temperature. Most likley due to ambient temperature being lower. Continuing...
2026-02-14T06:58:53.8598|INFO|CameraVM.cs|WarmCamera|186|Turning cooler off
2026-02-14T06:58:53.8619|INFO|SequenceItem.cs|Run|254|Finishing Category: Camera, Item: WarmCamera, Duration: 30
2026-02-14T06:58:53.8622|INFO|SequenceItem.cs|Run|208|Starting Category: Guider, Item: StopGuiding
2026-02-14T06:58:53.8694|INFO|PHD2Guider.cs|StopGuiding|704|Phd2 - Stop Guiding skipped, as the app is already in state Stopped
2026-02-14T06:58:53.8696|INFO|SequenceItem.cs|Run|254|Finishing Category: Guider, Item: StopGuiding
2026-02-14T06:58:53.8708|INFO|SequenceItem.cs|Run|208|Starting Category: Phd2 Tools, Item: ShutdownPhd2Instruction
2026-02-14T06:58:53.8973|INFO|SequenceItem.cs|Run|254|Finishing Category: Phd2 Tools, Item: ShutdownPhd2Instruction
2026-02-14T06:58:53.8982|INFO|SequenceItem.cs|Run|208|Starting Category: Connect, Item: DisconnectAllEquipment
2026-02-14T06:58:53.9053|WARNING|PHD2Client.cs|ReadEventsAsync|110|PHD2Client: Connection closed by server
2026-02-14T06:58:53.9054|INFO|DitherStatisticsVM.cs|OnPHD2ConnectionStatusChanged|619|PHD2 Connection Status: Connection lost
2026-02-14T06:58:53.9054|INFO|PHD2Client.cs|ReadEventsAsync|126|PHD2Client: Stopped reading events
2026-02-14T06:58:53.9724|INFO|CameraVM.cs|Disconnect|650|Disconnected Camera
2026-02-14T06:58:53.9730|INFO|AscomDevice.cs|Disconnect|378|Disconnecting from ASCOM.EFW2.FilterWheel ZWO FilterWheel
2026-02-14T06:58:54.4658|INFO|FilterWheelVM.cs|Disconnect|333|Disconnected Filter Wheel
2026-02-14T06:58:54.4689|INFO|AscomDevice.cs|Disconnect|378|Disconnecting from ASCOM.EAF.Focuser ZWO Focuser
2026-02-14T06:58:54.5175|INFO|FocuserVM.cs|Disconnect|441|Disconnected Focuser
2026-02-14T06:58:54.5179|INFO|DisconnectAllEquipment.cs|Execute|139|Rotator is already disconnected
2026-02-14T06:58:54.5285|INFO|AscomDevice.cs|Disconnect|378|Disconnecting from ASCOM.iOptron2017.Telescope iOptron CEM120,70,40,26, GEM, HEM, HAE, HAZ series and SkyHunter Mount
2026-02-14T06:58:54.5514|INFO|TelescopeVM.cs|Disconnect|740|Disconnected mount
2026-02-14T06:58:54.5520|INFO|DisconnectAllEquipment.cs|Execute|139|Guider is already disconnected
2026-02-14T06:58:54.5521|INFO|DisconnectAllEquipment.cs|Execute|139|Switch is already disconnected
2026-02-14T06:58:54.5521|INFO|DisconnectAllEquipment.cs|Execute|139|Flat Panel is already disconnected
2026-02-14T06:58:54.5552|INFO|AscomDevice.cs|Disconnect|378|Disconnecting from ASCOM.SkyAlert.ObservingConditions SkyAlert Observing Conditions
2026-02-14T06:58:54.5639|INFO|WeatherDataVM.cs|Disconnect|305|Disconnected Weather Device
2026-02-14T06:58:54.5641|INFO|DisconnectAllEquipment.cs|Execute|139|Dome is already disconnected
2026-02-14T06:58:54.5660|INFO|AscomDevice.cs|Disconnect|378|Disconnecting from ASCOM.GenericFile.SafetyMonitor Generic File driver
2026-02-14T06:58:54.5705|INFO|SafetyMonitorVM.cs|Disconnect|221|Disconnected Safety Monitor
2026-02-14T06:58:54.5715|INFO|SequenceItem.cs|Run|254|Finishing Category: Connect, Item: DisconnectAllEquipment
2026-02-14T06:58:54.5718|INFO|SequenceItem.cs|Run|208|Starting Category: Ground Station, Item: Send to Pushover, Title: Disconnected
2026-02-14T06:58:54.7706|INFO|SequenceItem.cs|Run|254|Finishing Category: Ground Station, Item: Send to Pushover, Title: Disconnected
2026-02-14T06:58:54.7710|INFO|SequenceItem.cs|Run|208|Starting Category: Ground Station, Item: Send to Telegram
2026-02-14T06:58:55.5045|INFO|SequenceItem.cs|Run|254|Finishing Category: Ground Station, Item: Send to Telegram
2026-02-14T06:58:55.5049|INFO|SequenceItem.cs|Run|254|Finishing Category: * Instruction Set *, Container: NINA.Sequencer.Container.EndAreaContainer, Strategy: SequentialStrategy, Items[FINISHED]: 7
2026-02-14T06:58:55.5053|INFO|SequenceItem.cs|Run|254|Finishing Category: * Instruction Set *, Container: NINA.Sequencer.Container.SequenceRootContainer, Strategy: SequentialStrategy, Items[FINISHED]: 3, Triggers: Category: Ground Station, Item: Failures to Telegram
2026-02-14T06:58:55.5065|INFO|Sequence2VM.cs|StartSequence|548|Advanced Sequence finished
2026-02-14T06:58:55.5078|INFO|WhenCommon.cs|InterruptWhen|350|Restarting sequence, Triggered -> true
2026-02-14T06:58:58.9158|INFO|PHD2Client.cs|ConnectAsync|48|PHD2Client: Connecting to PHD2 at 127.0.0.1:4400...
2026-02-14T06:59:00.9411|ERROR|PHD2Client.cs|ConnectAsync|69|PHD2Client: Connection failed: No connection could be made because the target machine actively refused it.
2026-02-14T10:31:50.8073|INFO|ApplicationVM.cs|Exit|244|Shutting down application - requested by user
2026-02-14T10:31:50.9568|INFO|ApplicationVM.cs|Closing|289|Application shutting down
2026-02-14T10:31:51.0032|INFO|DomeVM.cs|Disconnect|355|Disconnected Dome Device
2026-02-14T10:31:51.0092|INFO|FlatDeviceVM.cs|Disconnect|289|Disconnected Flat Device
2026-02-14T10:31:51.0217|INFO|CameraVM.cs|Disconnect|650|Disconnected Camera
2026-02-14T10:31:51.0226|INFO|TelescopeVM.cs|Disconnect|740|Disconnected mount
2026-02-14T10:31:51.0250|INFO|FilterWheelVM.cs|Disconnect|333|Disconnected Filter Wheel
2026-02-14T10:31:51.0261|INFO|FocuserVM.cs|Disconnect|441|Disconnected Focuser
2026-02-14T10:31:51.0333|INFO|RotatorVM.cs|Disconnect|447|Disconnected Rotator
2026-02-14T10:31:51.0388|INFO|SwitchVM.cs|Disconnect|309|Disconnected Switch
2026-02-14T10:31:51.0436|INFO|WeatherDataVM.cs|Disconnect|305|Disconnected Weather Device
2026-02-14T10:31:51.0440|INFO|SafetyMonitorVM.cs|Disconnect|221|Disconnected Safety Monitor
2026-02-14T10:31:51.3895|INFO|API.cs|StopWatchers|86|Stopping all event watchers
